[0.025s] Invoking command in '/home/numarine/Documents/GitHub/VRX_NUMarine/build/teleop_cpp_ros2': CMAKE_PREFIX_PATH=${CMAKE_PREFIX_PATH}:/opt/ros/humble /usr/bin/cmake --build /home/numarine/Documents/GitHub/VRX_NUMarine/build/teleop_cpp_ros2 -- -j12 -l12
[0.085s] [100%] Built target usv_teleop
[0.100s] Invoked command in '/home/numarine/Documents/GitHub/VRX_NUMarine/build/teleop_cpp_ros2' returned '0': CMAKE_PREFIX_PATH=${CMAKE_PREFIX_PATH}:/opt/ros/humble /usr/bin/cmake --build /home/numarine/Documents/GitHub/VRX_NUMarine/build/teleop_cpp_ros2 -- -j12 -l12
[0.126s] Invoking command in '/home/numarine/Documents/GitHub/VRX_NUMarine/build/teleop_cpp_ros2': CMAKE_PREFIX_PATH=${CMAKE_PREFIX_PATH}:/opt/ros/humble /usr/bin/cmake --install /home/numarine/Documents/GitHub/VRX_NUMarine/build/teleop_cpp_ros2
[0.134s] -- Install configuration: ""
[0.134s] -- Up-to-date: /home/numarine/Documents/GitHub/VRX_NUMarine/install/lib/teleop_cpp_ros2/usv_teleop
[0.135s] -- Up-to-date: /home/numarine/Documents/GitHub/VRX_NUMarine/install/share/ament_index/resource_index/package_run_dependencies/teleop_cpp_ros2
[0.135s] -- Up-to-date: /home/numarine/Documents/GitHub/VRX_NUMarine/install/share/ament_index/resource_index/parent_prefix_path/teleop_cpp_ros2
[0.135s] -- Up-to-date: /home/numarine/Documents/GitHub/VRX_NUMarine/install/share/teleop_cpp_ros2/environment/ament_prefix_path.sh
[0.138s] -- Up-to-date: /home/numarine/Documents/GitHub/VRX_NUMarine/install/share/teleop_cpp_ros2/environment/ament_prefix_path.dsv
[0.138s] -- Up-to-date: /home/numarine/Documents/GitHub/VRX_NUMarine/install/share/teleop_cpp_ros2/environment/path.sh
[0.139s] -- Up-to-date: /home/numarine/Documents/GitHub/VRX_NUMarine/install/share/teleop_cpp_ros2/environment/path.dsv
[0.139s] -- Up-to-date: /home/numarine/Documents/GitHub/VRX_NUMarine/install/share/teleop_cpp_ros2/local_setup.bash
[0.139s] -- Up-to-date: /home/numarine/Documents/GitHub/VRX_NUMarine/install/share/teleop_cpp_ros2/local_setup.sh
[0.140s] -- Up-to-date: /home/numarine/Documents/GitHub/VRX_NUMarine/install/share/teleop_cpp_ros2/local_setup.zsh
[0.140s] -- Up-to-date: /home/numarine/Documents/GitHub/VRX_NUMarine/install/share/teleop_cpp_ros2/local_setup.dsv
[0.141s] -- Installing: /home/numarine/Documents/GitHub/VRX_NUMarine/install/share/teleop_cpp_ros2/package.dsv
[0.141s] -- Up-to-date: /home/numarine/Documents/GitHub/VRX_NUMarine/install/share/ament_index/resource_index/packages/teleop_cpp_ros2
[0.141s] -- Up-to-date: /home/numarine/Documents/GitHub/VRX_NUMarine/install/share/teleop_cpp_ros2/cmake/teleop_cpp_ros2Config.cmake
[0.141s] -- Up-to-date: /home/numarine/Documents/GitHub/VRX_NUMarine/install/share/teleop_cpp_ros2/cmake/teleop_cpp_ros2Config-version.cmake
[0.141s] -- Up-to-date: /home/numarine/Documents/GitHub/VRX_NUMarine/install/share/teleop_cpp_ros2/package.xml
[0.152s] Invoked command in '/home/numarine/Documents/GitHub/VRX_NUMarine/build/teleop_cpp_ros2' returned '0': CMAKE_PREFIX_PATH=${CMAKE_PREFIX_PATH}:/opt/ros/humble /usr/bin/cmake --install /home/numarine/Documents/GitHub/VRX_NUMarine/build/teleop_cpp_ros2
