[0.032s] Invoking command in '/home/rileychron111/Documents/GitHub/VRX_NUMarine/build/vrx_gz': CMAKE_PREFIX_PATH=${CMAKE_PREFIX_PATH}:/opt/ros/humble PYTHONPATH=/home/rileychron111/Documents/GitHub/VRX_NUMarine/install/lib/python3.10/site-packages:/home/rileychron111/Documents/GitHub/VRX_NUMarine/install/local/lib/python3.10/dist-packages:/opt/ros/humble/lib/python3.10/site-packages:/opt/ros/humble/local/lib/python3.10/dist-packages /usr/bin/cmake --build /home/rileychron111/Documents/GitHub/VRX_NUMarine/build/vrx_gz -- -j12 -l12
[0.125s] [  4%] Built target ScoringPlugin
[0.132s] [  4%] Built target ament_cmake_python_copy_vrx_gz
[0.139s] [  8%] Built target Waves
[0.168s] [ 14%] Built target StationkeepingScoringPlugin
[0.169s] [ 20%] Built target AcousticPerceptionScoringPlugin
[0.178s] [ 27%] Built target WayfindingScoringPlugin
[0.184s] [ 33%] Built target AcousticTrackingScoringPlugin
[0.207s] [ 37%] Built target PerceptionScoringPlugin
[0.212s] [ 41%] Built target PlacardPlugin
[0.214s] [ 45%] Built target PublisherPlugin
[0.228s] [ 50%] Built target ScanDockScoringPlugin
[0.253s] [ 54%] Built target SimpleHydrodynamics
[0.253s] [ 58%] Built target Surface
[0.264s] [ 62%] Built target USVWind
[0.274s] [ 66%] Built target WaveVisual
[0.301s] [ 70%] Built target GymkhanaScoringPlugin
[0.301s] [ 75%] Built target WildlifeScoringPlugin
[0.308s] [ 83%] Built target LightBuoyPlugin
[0.309s] [ 83%] Built target NavigationScoringPlugin
[0.319s] [ 87%] Built target BallShooterPlugin
[0.320s] [ 91%] Built target AcousticPingerPlugin
[0.339s] [100%] Built target PolyhedraBuoyancyDrag
[0.538s] running egg_info
[0.539s] writing vrx_gz.egg-info/PKG-INFO
[0.540s] writing dependency_links to vrx_gz.egg-info/dependency_links.txt
[0.540s] writing top-level names to vrx_gz.egg-info/top_level.txt
[0.545s] reading manifest file 'vrx_gz.egg-info/SOURCES.txt'
[0.546s] writing manifest file 'vrx_gz.egg-info/SOURCES.txt'
[0.596s] [100%] Built target ament_cmake_python_build_vrx_gz_egg
[0.614s] Invoked command in '/home/rileychron111/Documents/GitHub/VRX_NUMarine/build/vrx_gz' returned '0': CMAKE_PREFIX_PATH=${CMAKE_PREFIX_PATH}:/opt/ros/humble PYTHONPATH=/home/rileychron111/Documents/GitHub/VRX_NUMarine/install/lib/python3.10/site-packages:/home/rileychron111/Documents/GitHub/VRX_NUMarine/install/local/lib/python3.10/dist-packages:/opt/ros/humble/lib/python3.10/site-packages:/opt/ros/humble/local/lib/python3.10/dist-packages /usr/bin/cmake --build /home/rileychron111/Documents/GitHub/VRX_NUMarine/build/vrx_gz -- -j12 -l12
[0.763s] Invoking command in '/home/rileychron111/Documents/GitHub/VRX_NUMarine/build/vrx_gz': CMAKE_PREFIX_PATH=${CMAKE_PREFIX_PATH}:/opt/ros/humble PYTHONPATH=/home/rileychron111/Documents/GitHub/VRX_NUMarine/install/lib/python3.10/site-packages:/home/rileychron111/Documents/GitHub/VRX_NUMarine/install/local/lib/python3.10/dist-packages:/opt/ros/humble/lib/python3.10/site-packages:/opt/ros/humble/local/lib/python3.10/dist-packages /usr/bin/cmake --install /home/rileychron111/Documents/GitHub/VRX_NUMarine/build/vrx_gz
[0.775s] -- Install configuration: ""
[0.775s] -- Up-to-date: /home/rileychron111/Documents/GitHub/VRX_NUMarine/install/share/vrx_gz/environment/resource_paths.dsv
[0.777s] -- Up-to-date: /home/rileychron111/Documents/GitHub/VRX_NUMarine/install/share/vrx_gz/environment/resource_paths.sh
[0.777s] -- Up-to-date: /home/rileychron111/Documents/GitHub/VRX_NUMarine/install/lib/libWaves.so
[0.777s] -- Up-to-date: /home/rileychron111/Documents/GitHub/VRX_NUMarine/install/lib/libPolyhedraBuoyancyDrag.so
[0.778s] -- Up-to-date: /home/rileychron111/Documents/GitHub/VRX_NUMarine/install/lib/libScoringPlugin.so
[0.778s] -- Up-to-date: /home/rileychron111/Documents/GitHub/VRX_NUMarine/install/lib/libStationkeepingScoringPlugin.so
[0.778s] -- Up-to-date: /home/rileychron111/Documents/GitHub/VRX_NUMarine/install/lib/libWayfindingScoringPlugin.so
[0.778s] -- Up-to-date: /home/rileychron111/Documents/GitHub/VRX_NUMarine/install/lib/libAcousticPerceptionScoringPlugin.so
[0.778s] -- Up-to-date: /home/rileychron111/Documents/GitHub/VRX_NUMarine/install/lib/libAcousticTrackingScoringPlugin.so
[0.778s] -- Up-to-date: /home/rileychron111/Documents/GitHub/VRX_NUMarine/install/lib/libAcousticPingerPlugin.so
[0.779s] -- Up-to-date: /home/rileychron111/Documents/GitHub/VRX_NUMarine/install/lib/libBallShooterPlugin.so
[0.779s] -- Up-to-date: /home/rileychron111/Documents/GitHub/VRX_NUMarine/install/lib/libLightBuoyPlugin.so
[0.779s] -- Up-to-date: /home/rileychron111/Documents/GitHub/VRX_NUMarine/install/lib/libNavigationScoringPlugin.so
[0.780s] -- Up-to-date: /home/rileychron111/Documents/GitHub/VRX_NUMarine/install/lib/libGymkhanaScoringPlugin.so
[0.780s] -- Up-to-date: /home/rileychron111/Documents/GitHub/VRX_NUMarine/install/lib/libPerceptionScoringPlugin.so
[0.780s] -- Up-to-date: /home/rileychron111/Documents/GitHub/VRX_NUMarine/install/lib/libPlacardPlugin.so
[0.781s] -- Up-to-date: /home/rileychron111/Documents/GitHub/VRX_NUMarine/install/lib/libPublisherPlugin.so
[0.781s] -- Up-to-date: /home/rileychron111/Documents/GitHub/VRX_NUMarine/install/lib/libScanDockScoringPlugin.so
[0.781s] -- Up-to-date: /home/rileychron111/Documents/GitHub/VRX_NUMarine/install/lib/libSimpleHydrodynamics.so
[0.781s] -- Up-to-date: /home/rileychron111/Documents/GitHub/VRX_NUMarine/install/lib/libSurface.so
[0.782s] -- Up-to-date: /home/rileychron111/Documents/GitHub/VRX_NUMarine/install/lib/libUSVWind.so
[0.782s] -- Up-to-date: /home/rileychron111/Documents/GitHub/VRX_NUMarine/install/lib/libWaveVisual.so
[0.782s] -- Up-to-date: /home/rileychron111/Documents/GitHub/VRX_NUMarine/install/lib/libWildlifeScoringPlugin.so
[0.782s] -- Up-to-date: /home/rileychron111/Documents/GitHub/VRX_NUMarine/install/share/vrx_gz/environment/pythonpath.sh
[0.782s] -- Up-to-date: /home/rileychron111/Documents/GitHub/VRX_NUMarine/install/share/vrx_gz/environment/pythonpath.dsv
[0.782s] -- Up-to-date: /home/rileychron111/Documents/GitHub/VRX_NUMarine/install/local/lib/python3.10/dist-packages/vrx_gz-0.0.0-py3.10.egg-info
[0.783s] -- Installing: /home/rileychron111/Documents/GitHub/VRX_NUMarine/install/local/lib/python3.10/dist-packages/vrx_gz-0.0.0-py3.10.egg-info/dependency_links.txt
[0.783s] -- Installing: /home/rileychron111/Documents/GitHub/VRX_NUMarine/install/local/lib/python3.10/dist-packages/vrx_gz-0.0.0-py3.10.egg-info/PKG-INFO
[0.783s] -- Installing: /home/rileychron111/Documents/GitHub/VRX_NUMarine/install/local/lib/python3.10/dist-packages/vrx_gz-0.0.0-py3.10.egg-info/SOURCES.txt
[0.783s] -- Installing: /home/rileychron111/Documents/GitHub/VRX_NUMarine/install/local/lib/python3.10/dist-packages/vrx_gz-0.0.0-py3.10.egg-info/top_level.txt
[0.783s] -- Up-to-date: /home/rileychron111/Documents/GitHub/VRX_NUMarine/install/local/lib/python3.10/dist-packages/vrx_gz
[0.784s] -- Up-to-date: /home/rileychron111/Documents/GitHub/VRX_NUMarine/install/local/lib/python3.10/dist-packages/vrx_gz/bridge.py
[0.784s] -- Up-to-date: /home/rileychron111/Documents/GitHub/VRX_NUMarine/install/local/lib/python3.10/dist-packages/vrx_gz/bridges.py
[0.784s] -- Up-to-date: /home/rileychron111/Documents/GitHub/VRX_NUMarine/install/local/lib/python3.10/dist-packages/vrx_gz/__init__.py
[0.784s] -- Up-to-date: /home/rileychron111/Documents/GitHub/VRX_NUMarine/install/local/lib/python3.10/dist-packages/vrx_gz/launch.py
[0.784s] -- Up-to-date: /home/rileychron111/Documents/GitHub/VRX_NUMarine/install/local/lib/python3.10/dist-packages/vrx_gz/payload_bridges.py
[0.784s] -- Up-to-date: /home/rileychron111/Documents/GitHub/VRX_NUMarine/install/local/lib/python3.10/dist-packages/vrx_gz/model.py
[0.841s] Listing '/home/rileychron111/Documents/GitHub/VRX_NUMarine/install/local/lib/python3.10/dist-packages/vrx_gz'...
[0.849s] -- Up-to-date: /home/rileychron111/Documents/GitHub/VRX_NUMarine/install/share/vrx_gz/config
[0.850s] -- Up-to-date: /home/rileychron111/Documents/GitHub/VRX_NUMarine/install/share/vrx_gz/config/roboboat.yaml
[0.850s] -- Up-to-date: /home/rileychron111/Documents/GitHub/VRX_NUMarine/install/share/vrx_gz/config/wamv.yaml
[0.850s] -- Up-to-date: /home/rileychron111/Documents/GitHub/VRX_NUMarine/install/share/vrx_gz/launch
[0.850s] -- Up-to-date: /home/rileychron111/Documents/GitHub/VRX_NUMarine/install/share/vrx_gz/launch/usv_joy_teleop.py
[0.851s] -- Up-to-date: /home/rileychron111/Documents/GitHub/VRX_NUMarine/install/share/vrx_gz/launch/vrx_environment.launch.py
[0.851s] -- Up-to-date: /home/rileychron111/Documents/GitHub/VRX_NUMarine/install/share/vrx_gz/launch/competition.launch.py
[0.851s] -- Up-to-date: /home/rileychron111/Documents/GitHub/VRX_NUMarine/install/share/vrx_gz/launch/spawn_config.launch.py
[0.851s] -- Up-to-date: /home/rileychron111/Documents/GitHub/VRX_NUMarine/install/share/vrx_gz/launch/spawn.launch.py
[0.851s] -- Up-to-date: /home/rileychron111/Documents/GitHub/VRX_NUMarine/install/share/vrx_gz/models
[0.852s] -- Up-to-date: /home/rileychron111/Documents/GitHub/VRX_NUMarine/install/share/vrx_gz/models/robotx_light_buoy_rgy
[0.852s] -- Up-to-date: /home/rileychron111/Documents/GitHub/VRX_NUMarine/install/share/vrx_gz/models/robotx_light_buoy_rgy/model.sdf
[0.853s] -- Up-to-date: /home/rileychron111/Documents/GitHub/VRX_NUMarine/install/share/vrx_gz/models/robotx_light_buoy_rgy/model.config
[0.853s] -- Up-to-date: /home/rileychron111/Documents/GitHub/VRX_NUMarine/install/share/vrx_gz/models/short_navigation_course_2
[0.853s] -- Up-to-date: /home/rileychron111/Documents/GitHub/VRX_NUMarine/install/share/vrx_gz/models/short_navigation_course_2/model.sdf
[0.853s] -- Up-to-date: /home/rileychron111/Documents/GitHub/VRX_NUMarine/install/share/vrx_gz/models/short_navigation_course_2/model.config
[0.853s] -- Up-to-date: /home/rileychron111/Documents/GitHub/VRX_NUMarine/install/share/vrx_gz/models/foldable_table
[0.853s] -- Up-to-date: /home/rileychron111/Documents/GitHub/VRX_NUMarine/install/share/vrx_gz/models/foldable_table/model.sdf
[0.853s] -- Up-to-date: /home/rileychron111/Documents/GitHub/VRX_NUMarine/install/share/vrx_gz/models/foldable_table/mesh
[0.853s] -- Up-to-date: /home/rileychron111/Documents/GitHub/VRX_NUMarine/install/share/vrx_gz/models/foldable_table/mesh/foldable_table.png
[0.853s] -- Up-to-date: /home/rileychron111/Documents/GitHub/VRX_NUMarine/install/share/vrx_gz/models/foldable_table/mesh/foldable_table.dae
[0.854s] -- Up-to-date: /home/rileychron111/Documents/GitHub/VRX_NUMarine/install/share/vrx_gz/models/foldable_table/model.config
[0.854s] -- Up-to-date: /home/rileychron111/Documents/GitHub/VRX_NUMarine/install/share/vrx_gz/models/foldable_table/thumbnails
[0.855s] -- Up-to-date: /home/rileychron111/Documents/GitHub/VRX_NUMarine/install/share/vrx_gz/models/foldable_table/thumbnails/3.png
[0.855s] -- Up-to-date: /home/rileychron111/Documents/GitHub/VRX_NUMarine/install/share/vrx_gz/models/foldable_table/thumbnails/4.png
[0.855s] -- Up-to-date: /home/rileychron111/Documents/GitHub/VRX_NUMarine/install/share/vrx_gz/models/foldable_table/thumbnails/1.png
[0.855s] -- Up-to-date: /home/rileychron111/Documents/GitHub/VRX_NUMarine/install/share/vrx_gz/models/foldable_table/thumbnails/5.png
[0.855s] -- Up-to-date: /home/rileychron111/Documents/GitHub/VRX_NUMarine/install/share/vrx_gz/models/foldable_table/thumbnails/2.png
[0.855s] -- Up-to-date: /home/rileychron111/Documents/GitHub/VRX_NUMarine/install/share/vrx_gz/models/short_navigation_course_3
[0.855s] -- Up-to-date: /home/rileychron111/Documents/GitHub/VRX_NUMarine/install/share/vrx_gz/models/short_navigation_course_3/model.sdf
[0.855s] -- Up-to-date: /home/rileychron111/Documents/GitHub/VRX_NUMarine/install/share/vrx_gz/models/short_navigation_course_3/model.config
[0.856s] -- Up-to-date: /home/rileychron111/Documents/GitHub/VRX_NUMarine/install/share/vrx_gz/models/robotx_light_buoy_gbr
[0.856s] -- Up-to-date: /home/rileychron111/Documents/GitHub/VRX_NUMarine/install/share/vrx_gz/models/robotx_light_buoy_gbr/model.sdf
[0.856s] -- Up-to-date: /home/rileychron111/Documents/GitHub/VRX_NUMarine/install/share/vrx_gz/models/robotx_light_buoy_gbr/model.config
[0.856s] -- Up-to-date: /home/rileychron111/Documents/GitHub/VRX_NUMarine/install/share/vrx_gz/models/obstacle_course
[0.857s] -- Up-to-date: /home/rileychron111/Documents/GitHub/VRX_NUMarine/install/share/vrx_gz/models/obstacle_course/model.sdf
[0.857s] -- Up-to-date: /home/rileychron111/Documents/GitHub/VRX_NUMarine/install/share/vrx_gz/models/obstacle_course/model.config
[0.857s] -- Up-to-date: /home/rileychron111/Documents/GitHub/VRX_NUMarine/install/share/vrx_gz/models/robotx_light_buoy_bgr
[0.857s] -- Up-to-date: /home/rileychron111/Documents/GitHub/VRX_NUMarine/install/share/vrx_gz/models/robotx_light_buoy_bgr/model.sdf
[0.857s] -- Up-to-date: /home/rileychron111/Documents/GitHub/VRX_NUMarine/install/share/vrx_gz/models/robotx_light_buoy_bgr/model.config
[0.857s] -- Up-to-date: /home/rileychron111/Documents/GitHub/VRX_NUMarine/install/share/vrx_gz/models/platform
[0.858s] -- Up-to-date: /home/rileychron111/Documents/GitHub/VRX_NUMarine/install/share/vrx_gz/models/platform/model.sdf
[0.858s] -- Up-to-date: /home/rileychron111/Documents/GitHub/VRX_NUMarine/install/share/vrx_gz/models/platform/model.config
[0.858s] -- Up-to-date: /home/rileychron111/Documents/GitHub/VRX_NUMarine/install/share/vrx_gz/models/tent
[0.858s] -- Up-to-date: /home/rileychron111/Documents/GitHub/VRX_NUMarine/install/share/vrx_gz/models/tent/model.sdf
[0.858s] -- Up-to-date: /home/rileychron111/Documents/GitHub/VRX_NUMarine/install/share/vrx_gz/models/tent/mesh
[0.858s] -- Up-to-date: /home/rileychron111/Documents/GitHub/VRX_NUMarine/install/share/vrx_gz/models/tent/mesh/tent.png
[0.858s] -- Up-to-date: /home/rileychron111/Documents/GitHub/VRX_NUMarine/install/share/vrx_gz/models/tent/mesh/tent.dae
[0.858s] -- Up-to-date: /home/rileychron111/Documents/GitHub/VRX_NUMarine/install/share/vrx_gz/models/tent/model.config
[0.858s] -- Up-to-date: /home/rileychron111/Documents/GitHub/VRX_NUMarine/install/share/vrx_gz/models/tent/thumbnails
[0.858s] -- Up-to-date: /home/rileychron111/Documents/GitHub/VRX_NUMarine/install/share/vrx_gz/models/tent/thumbnails/3.png
[0.858s] -- Up-to-date: /home/rileychron111/Documents/GitHub/VRX_NUMarine/install/share/vrx_gz/models/tent/thumbnails/4.png
[0.858s] -- Up-to-date: /home/rileychron111/Documents/GitHub/VRX_NUMarine/install/share/vrx_gz/models/tent/thumbnails/1.png
[0.858s] -- Up-to-date: /home/rileychron111/Documents/GitHub/VRX_NUMarine/install/share/vrx_gz/models/tent/thumbnails/5.png
[0.859s] -- Up-to-date: /home/rileychron111/Documents/GitHub/VRX_NUMarine/install/share/vrx_gz/models/tent/thumbnails/2.png
[0.859s] -- Up-to-date: /home/rileychron111/Documents/GitHub/VRX_NUMarine/install/share/vrx_gz/models/short_course_2023_phase3_2
[0.859s] -- Up-to-date: /home/rileychron111/Documents/GitHub/VRX_NUMarine/install/share/vrx_gz/models/short_course_2023_phase3_2/model.sdf
[0.860s] -- Up-to-date: /home/rileychron111/Documents/GitHub/VRX_NUMarine/install/share/vrx_gz/models/short_course_2023_phase3_2/model.config
[0.860s] -- Up-to-date: /home/rileychron111/Documents/GitHub/VRX_NUMarine/install/share/vrx_gz/models/roboboat02
[0.861s] -- Up-to-date: /home/rileychron111/Documents/GitHub/VRX_NUMarine/install/share/vrx_gz/models/roboboat02/model.sdf
[0.861s] -- Up-to-date: /home/rileychron111/Documents/GitHub/VRX_NUMarine/install/share/vrx_gz/models/roboboat02/model.config
[0.861s] -- Up-to-date: /home/rileychron111/Documents/GitHub/VRX_NUMarine/install/share/vrx_gz/models/roboboat02/meshes
[0.861s] -- Up-to-date: /home/rileychron111/Documents/GitHub/VRX_NUMarine/install/share/vrx_gz/models/roboboat02/meshes/roboboat02.dae
[0.861s] -- Up-to-date: /home/rileychron111/Documents/GitHub/VRX_NUMarine/install/share/vrx_gz/models/roboboat02/materials
[0.862s] -- Up-to-date: /home/rileychron111/Documents/GitHub/VRX_NUMarine/install/share/vrx_gz/models/roboboat02/materials/scripts
[0.862s] -- Up-to-date: /home/rileychron111/Documents/GitHub/VRX_NUMarine/install/share/vrx_gz/models/roboboat02/materials/scripts/model.material
[0.864s] -- Up-to-date: /home/rileychron111/Documents/GitHub/VRX_NUMarine/install/share/vrx_gz/models/roboboat02/materials/textures
[0.865s] -- Up-to-date: /home/rileychron111/Documents/GitHub/VRX_NUMarine/install/share/vrx_gz/models/roboboat02/materials/textures/Boat02_Roughness.png
[0.865s] -- Up-to-date: /home/rileychron111/Documents/GitHub/VRX_NUMarine/install/share/vrx_gz/models/roboboat02/materials/textures/Boat02_Metallic.png
[0.865s] -- Up-to-date: /home/rileychron111/Documents/GitHub/VRX_NUMarine/install/share/vrx_gz/models/roboboat02/materials/textures/Boat02_Albedo.png
[0.865s] -- Up-to-date: /home/rileychron111/Documents/GitHub/VRX_NUMarine/install/share/vrx_gz/models/roboboat02/materials/textures/Boat02_Normal.png
[0.865s] -- Up-to-date: /home/rileychron111/Documents/GitHub/VRX_NUMarine/install/share/vrx_gz/models/dock_block_4x4
[0.865s] -- Up-to-date: /home/rileychron111/Documents/GitHub/VRX_NUMarine/install/share/vrx_gz/models/dock_block_4x4/model.sdf
[0.865s] -- Up-to-date: /home/rileychron111/Documents/GitHub/VRX_NUMarine/install/share/vrx_gz/models/dock_block_4x4/mesh
[0.865s] -- Up-to-date: /home/rileychron111/Documents/GitHub/VRX_NUMarine/install/share/vrx_gz/models/dock_block_4x4/mesh/DockCubes_Normal.png
[0.866s] -- Up-to-date: /home/rileychron111/Documents/GitHub/VRX_NUMarine/install/share/vrx_gz/models/dock_block_4x4/mesh/DockCubes_Metalness.png
[0.866s] -- Up-to-date: /home/rileychron111/Documents/GitHub/VRX_NUMarine/install/share/vrx_gz/models/dock_block_4x4/mesh/dock_block_4x4.dae
[0.866s] -- Up-to-date: /home/rileychron111/Documents/GitHub/VRX_NUMarine/install/share/vrx_gz/models/dock_block_4x4/mesh/DockCubes_Albedo.png
[0.866s] -- Up-to-date: /home/rileychron111/Documents/GitHub/VRX_NUMarine/install/share/vrx_gz/models/dock_block_4x4/mesh/DockCubes_Roughness.png
[0.866s] -- Up-to-date: /home/rileychron111/Documents/GitHub/VRX_NUMarine/install/share/vrx_gz/models/dock_block_4x4/model.config
[0.866s] -- Up-to-date: /home/rileychron111/Documents/GitHub/VRX_NUMarine/install/share/vrx_gz/models/robotx_light_buoy_yrg
[0.866s] -- Up-to-date: /home/rileychron111/Documents/GitHub/VRX_NUMarine/install/share/vrx_gz/models/robotx_light_buoy_yrg/model.sdf
[0.868s] -- Up-to-date: /home/rileychron111/Documents/GitHub/VRX_NUMarine/install/share/vrx_gz/models/robotx_light_buoy_yrg/model.config
[0.869s] -- Up-to-date: /home/rileychron111/Documents/GitHub/VRX_NUMarine/install/share/vrx_gz/models/short_navigation_course_0
[0.869s] -- Up-to-date: /home/rileychron111/Documents/GitHub/VRX_NUMarine/install/share/vrx_gz/models/short_navigation_course_0/model.sdf
[0.869s] -- Up-to-date: /home/rileychron111/Documents/GitHub/VRX_NUMarine/install/share/vrx_gz/models/short_navigation_course_0/model.config
[0.870s] -- Up-to-date: /home/rileychron111/Documents/GitHub/VRX_NUMarine/install/share/vrx_gz/models/roboboat01
[0.870s] -- Up-to-date: /home/rileychron111/Documents/GitHub/VRX_NUMarine/install/share/vrx_gz/models/roboboat01/model.sdf
[0.870s] -- Up-to-date: /home/rileychron111/Documents/GitHub/VRX_NUMarine/install/share/vrx_gz/models/roboboat01/model.config
[0.871s] -- Up-to-date: /home/rileychron111/Documents/GitHub/VRX_NUMarine/install/share/vrx_gz/models/roboboat01/meshes
[0.871s] -- Up-to-date: /home/rileychron111/Documents/GitHub/VRX_NUMarine/install/share/vrx_gz/models/roboboat01/meshes/prop.dae
[0.871s] -- Up-to-date: /home/rileychron111/Documents/GitHub/VRX_NUMarine/install/share/vrx_gz/models/roboboat01/meshes/mount.dae
[0.871s] -- Up-to-date: /home/rileychron111/Documents/GitHub/VRX_NUMarine/install/share/vrx_gz/models/roboboat01/meshes/housing.dae
[0.872s] -- Up-to-date: /home/rileychron111/Documents/GitHub/VRX_NUMarine/install/share/vrx_gz/models/roboboat01/meshes/roboboat01.dae
[0.872s] -- Up-to-date: /home/rileychron111/Documents/GitHub/VRX_NUMarine/install/share/vrx_gz/models/roboboat01/materials
[0.873s] -- Up-to-date: /home/rileychron111/Documents/GitHub/VRX_NUMarine/install/share/vrx_gz/models/roboboat01/materials/scripts
[0.874s] -- Up-to-date: /home/rileychron111/Documents/GitHub/VRX_NUMarine/install/share/vrx_gz/models/roboboat01/materials/scripts/model.material
[0.874s] -- Up-to-date: /home/rileychron111/Documents/GitHub/VRX_NUMarine/install/share/vrx_gz/models/roboboat01/materials/textures
[0.874s] -- Up-to-date: /home/rileychron111/Documents/GitHub/VRX_NUMarine/install/share/vrx_gz/models/roboboat01/materials/textures/Boat01_Metallic.png
[0.875s] -- Up-to-date: /home/rileychron111/Documents/GitHub/VRX_NUMarine/install/share/vrx_gz/models/roboboat01/materials/textures/Thruster_Albedo.png
[0.876s] -- Up-to-date: /home/rileychron111/Documents/GitHub/VRX_NUMarine/install/share/vrx_gz/models/roboboat01/materials/textures/Boat01_Albedo.png
[0.876s] -- Up-to-date: /home/rileychron111/Documents/GitHub/VRX_NUMarine/install/share/vrx_gz/models/roboboat01/materials/textures/Boat01_Roughness.png
[0.877s] -- Up-to-date: /home/rileychron111/Documents/GitHub/VRX_NUMarine/install/share/vrx_gz/models/roboboat01/materials/textures/Boat01_Normal.png
[0.877s] -- Up-to-date: /home/rileychron111/Documents/GitHub/VRX_NUMarine/install/share/vrx_gz/models/roboboat01/materials/textures/Thruster_Roughness.png
[0.877s] -- Up-to-date: /home/rileychron111/Documents/GitHub/VRX_NUMarine/install/share/vrx_gz/models/ground_station
[0.877s] -- Up-to-date: /home/rileychron111/Documents/GitHub/VRX_NUMarine/install/share/vrx_gz/models/ground_station/model.sdf
[0.877s] -- Up-to-date: /home/rileychron111/Documents/GitHub/VRX_NUMarine/install/share/vrx_gz/models/ground_station/model.config
[0.877s] -- Up-to-date: /home/rileychron111/Documents/GitHub/VRX_NUMarine/install/share/vrx_gz/models/ground_station/thumbnails
[0.877s] -- Up-to-date: /home/rileychron111/Documents/GitHub/VRX_NUMarine/install/share/vrx_gz/models/ground_station/thumbnails/3.png
[0.877s] -- Up-to-date: /home/rileychron111/Documents/GitHub/VRX_NUMarine/install/share/vrx_gz/models/ground_station/thumbnails/4.png
[0.877s] -- Up-to-date: /home/rileychron111/Documents/GitHub/VRX_NUMarine/install/share/vrx_gz/models/ground_station/thumbnails/1.png
[0.878s] -- Up-to-date: /home/rileychron111/Documents/GitHub/VRX_NUMarine/install/share/vrx_gz/models/ground_station/thumbnails/5.png
[0.878s] -- Up-to-date: /home/rileychron111/Documents/GitHub/VRX_NUMarine/install/share/vrx_gz/models/ground_station/thumbnails/2.png
[0.878s] -- Up-to-date: /home/rileychron111/Documents/GitHub/VRX_NUMarine/install/share/vrx_gz/models/coast_waves
[0.879s] -- Up-to-date: /home/rileychron111/Documents/GitHub/VRX_NUMarine/install/share/vrx_gz/models/coast_waves/model.sdf
[0.879s] -- Up-to-date: /home/rileychron111/Documents/GitHub/VRX_NUMarine/install/share/vrx_gz/models/coast_waves/model.config
[0.879s] -- Up-to-date: /home/rileychron111/Documents/GitHub/VRX_NUMarine/install/share/vrx_gz/models/coast_waves/meshes
[0.879s] -- Up-to-date: /home/rileychron111/Documents/GitHub/VRX_NUMarine/install/share/vrx_gz/models/coast_waves/meshes/waterlow.dae
[0.879s] -- Up-to-date: /home/rileychron111/Documents/GitHub/VRX_NUMarine/install/share/vrx_gz/models/coast_waves/materials
[0.879s] -- Up-to-date: /home/rileychron111/Documents/GitHub/VRX_NUMarine/install/share/vrx_gz/models/coast_waves/materials/textures
[0.879s] -- Up-to-date: /home/rileychron111/Documents/GitHub/VRX_NUMarine/install/share/vrx_gz/models/coast_waves/materials/textures/wave_normals.dds
[0.879s] -- Up-to-date: /home/rileychron111/Documents/GitHub/VRX_NUMarine/install/share/vrx_gz/models/coast_waves/materials/textures/skybox_lowres.dds
[0.882s] -- Up-to-date: /home/rileychron111/Documents/GitHub/VRX_NUMarine/install/share/vrx_gz/models/coast_waves/materials/programs
[0.883s] -- Up-to-date: /home/rileychron111/Documents/GitHub/VRX_NUMarine/install/share/vrx_gz/models/coast_waves/materials/programs/GerstnerWaves_fs_330.glsl
[0.883s] -- Up-to-date: /home/rileychron111/Documents/GitHub/VRX_NUMarine/install/share/vrx_gz/models/coast_waves/materials/programs/GerstnerWaves_vs_330.glsl
[0.883s] -- Up-to-date: /home/rileychron111/Documents/GitHub/VRX_NUMarine/install/share/vrx_gz/models/foldable_chair
[0.883s] -- Up-to-date: /home/rileychron111/Documents/GitHub/VRX_NUMarine/install/share/vrx_gz/models/foldable_chair/model.sdf
[0.883s] -- Up-to-date: /home/rileychron111/Documents/GitHub/VRX_NUMarine/install/share/vrx_gz/models/foldable_chair/mesh
[0.883s] -- Up-to-date: /home/rileychron111/Documents/GitHub/VRX_NUMarine/install/share/vrx_gz/models/foldable_chair/mesh/foldable_chair.dae
[0.883s] -- Up-to-date: /home/rileychron111/Documents/GitHub/VRX_NUMarine/install/share/vrx_gz/models/foldable_chair/mesh/foldable_chair.png
[0.883s] -- Up-to-date: /home/rileychron111/Documents/GitHub/VRX_NUMarine/install/share/vrx_gz/models/foldable_chair/model.config
[0.883s] -- Up-to-date: /home/rileychron111/Documents/GitHub/VRX_NUMarine/install/share/vrx_gz/models/foldable_chair/thumbnails
[0.883s] -- Up-to-date: /home/rileychron111/Documents/GitHub/VRX_NUMarine/install/share/vrx_gz/models/foldable_chair/thumbnails/3.png
[0.884s] -- Up-to-date: /home/rileychron111/Documents/GitHub/VRX_NUMarine/install/share/vrx_gz/models/foldable_chair/thumbnails/4.png
[0.884s] -- Up-to-date: /home/rileychron111/Documents/GitHub/VRX_NUMarine/install/share/vrx_gz/models/foldable_chair/thumbnails/1.png
[0.884s] -- Up-to-date: /home/rileychron111/Documents/GitHub/VRX_NUMarine/install/share/vrx_gz/models/foldable_chair/thumbnails/5.png
[0.884s] -- Up-to-date: /home/rileychron111/Documents/GitHub/VRX_NUMarine/install/share/vrx_gz/models/foldable_chair/thumbnails/2.png
[0.884s] -- Up-to-date: /home/rileychron111/Documents/GitHub/VRX_NUMarine/install/share/vrx_gz/models/robotx_light_buoy_rbg
[0.884s] -- Up-to-date: /home/rileychron111/Documents/GitHub/VRX_NUMarine/install/share/vrx_gz/models/robotx_light_buoy_rbg/model.sdf
[0.884s] -- Up-to-date: /home/rileychron111/Documents/GitHub/VRX_NUMarine/install/share/vrx_gz/models/robotx_light_buoy_rbg/model.config
[0.884s] -- Up-to-date: /home/rileychron111/Documents/GitHub/VRX_NUMarine/install/share/vrx_gz/models/dock_2022_base
[0.885s] -- Up-to-date: /home/rileychron111/Documents/GitHub/VRX_NUMarine/install/share/vrx_gz/models/dock_2022_base/model.sdf
[0.885s] -- Up-to-date: /home/rileychron111/Documents/GitHub/VRX_NUMarine/install/share/vrx_gz/models/dock_2022_base/model.config
[0.885s] -- Up-to-date: /home/rileychron111/Documents/GitHub/VRX_NUMarine/install/share/vrx_gz/models/symbol_triangle
[0.885s] -- Up-to-date: /home/rileychron111/Documents/GitHub/VRX_NUMarine/install/share/vrx_gz/models/symbol_triangle/model.sdf
[0.885s] -- Up-to-date: /home/rileychron111/Documents/GitHub/VRX_NUMarine/install/share/vrx_gz/models/symbol_triangle/mesh
[0.885s] -- Up-to-date: /home/rileychron111/Documents/GitHub/VRX_NUMarine/install/share/vrx_gz/models/symbol_triangle/mesh/triangle.dae
[0.885s] -- Up-to-date: /home/rileychron111/Documents/GitHub/VRX_NUMarine/install/share/vrx_gz/models/symbol_triangle/model.config
[0.885s] -- Up-to-date: /home/rileychron111/Documents/GitHub/VRX_NUMarine/install/share/vrx_gz/models/short_navigation_course_1
[0.885s] -- Up-to-date: /home/rileychron111/Documents/GitHub/VRX_NUMarine/install/share/vrx_gz/models/short_navigation_course_1/model.sdf
[0.885s] -- Up-to-date: /home/rileychron111/Documents/GitHub/VRX_NUMarine/install/share/vrx_gz/models/short_navigation_course_1/model.config
[0.885s] -- Up-to-date: /home/rileychron111/Documents/GitHub/VRX_NUMarine/install/share/vrx_gz/models/placard_2022
[0.885s] -- Up-to-date: /home/rileychron111/Documents/GitHub/VRX_NUMarine/install/share/vrx_gz/models/placard_2022/model.sdf
[0.886s] -- Up-to-date: /home/rileychron111/Documents/GitHub/VRX_NUMarine/install/share/vrx_gz/models/placard_2022/model.config
[0.886s] -- Up-to-date: /home/rileychron111/Documents/GitHub/VRX_NUMarine/install/share/vrx_gz/models/placard_2022/meshes
[0.886s] -- Up-to-date: /home/rileychron111/Documents/GitHub/VRX_NUMarine/install/share/vrx_gz/models/placard_2022/meshes/placard_2022.dae
[0.886s] -- Up-to-date: /home/rileychron111/Documents/GitHub/VRX_NUMarine/install/share/vrx_gz/models/placard_2022/materials
[0.886s] -- Up-to-date: /home/rileychron111/Documents/GitHub/VRX_NUMarine/install/share/vrx_gz/models/placard_2022/materials/textures
[0.886s] -- Up-to-date: /home/rileychron111/Documents/GitHub/VRX_NUMarine/install/share/vrx_gz/models/placard_2022/materials/textures/Placard.png
[0.886s] -- Up-to-date: /home/rileychron111/Documents/GitHub/VRX_NUMarine/install/share/vrx_gz/models/articulated_platform
[0.886s] -- Up-to-date: /home/rileychron111/Documents/GitHub/VRX_NUMarine/install/share/vrx_gz/models/articulated_platform/model.sdf
[0.886s] -- Up-to-date: /home/rileychron111/Documents/GitHub/VRX_NUMarine/install/share/vrx_gz/models/articulated_platform/model.config
[0.886s] -- Up-to-date: /home/rileychron111/Documents/GitHub/VRX_NUMarine/install/share/vrx_gz/models/post
[0.887s] -- Up-to-date: /home/rileychron111/Documents/GitHub/VRX_NUMarine/install/share/vrx_gz/models/post/model.sdf
[0.887s] -- Up-to-date: /home/rileychron111/Documents/GitHub/VRX_NUMarine/install/share/vrx_gz/models/post/model.config
[0.887s] -- Up-to-date: /home/rileychron111/Documents/GitHub/VRX_NUMarine/install/share/vrx_gz/models/post/meshes
[0.887s] -- Up-to-date: /home/rileychron111/Documents/GitHub/VRX_NUMarine/install/share/vrx_gz/models/post/meshes/post.dae
[0.887s] -- Up-to-date: /home/rileychron111/Documents/GitHub/VRX_NUMarine/install/share/vrx_gz/models/post/thumbnails
[0.887s] -- Up-to-date: /home/rileychron111/Documents/GitHub/VRX_NUMarine/install/share/vrx_gz/models/post/thumbnails/3.png
[0.887s] -- Up-to-date: /home/rileychron111/Documents/GitHub/VRX_NUMarine/install/share/vrx_gz/models/post/thumbnails/4.png
[0.887s] -- Up-to-date: /home/rileychron111/Documents/GitHub/VRX_NUMarine/install/share/vrx_gz/models/post/thumbnails/1.png
[0.887s] -- Up-to-date: /home/rileychron111/Documents/GitHub/VRX_NUMarine/install/share/vrx_gz/models/post/thumbnails/5.png
[0.888s] -- Up-to-date: /home/rileychron111/Documents/GitHub/VRX_NUMarine/install/share/vrx_gz/models/post/thumbnails/2.png
[0.888s] -- Up-to-date: /home/rileychron111/Documents/GitHub/VRX_NUMarine/install/share/vrx_gz/models/post/materials
[0.888s] -- Up-to-date: /home/rileychron111/Documents/GitHub/VRX_NUMarine/install/share/vrx_gz/models/post/materials/textures
[0.888s] -- Up-to-date: /home/rileychron111/Documents/GitHub/VRX_NUMarine/install/share/vrx_gz/models/post/materials/textures/post.png
[0.888s] -- Up-to-date: /home/rileychron111/Documents/GitHub/VRX_NUMarine/install/share/vrx_gz/models/mb_marker_buoy_black
[0.888s] -- Up-to-date: /home/rileychron111/Documents/GitHub/VRX_NUMarine/install/share/vrx_gz/models/mb_marker_buoy_black/model.sdf
[0.888s] -- Up-to-date: /home/rileychron111/Documents/GitHub/VRX_NUMarine/install/share/vrx_gz/models/mb_marker_buoy_black/model.config
[0.888s] -- Up-to-date: /home/rileychron111/Documents/GitHub/VRX_NUMarine/install/share/vrx_gz/models/mb_marker_buoy_black/thumbnails
[0.888s] -- Up-to-date: /home/rileychron111/Documents/GitHub/VRX_NUMarine/install/share/vrx_gz/models/mb_marker_buoy_black/thumbnails/3.png
[0.888s] -- Up-to-date: /home/rileychron111/Documents/GitHub/VRX_NUMarine/install/share/vrx_gz/models/mb_marker_buoy_black/thumbnails/4.png
[0.888s] -- Up-to-date: /home/rileychron111/Documents/GitHub/VRX_NUMarine/install/share/vrx_gz/models/mb_marker_buoy_black/thumbnails/1.png
[0.888s] -- Up-to-date: /home/rileychron111/Documents/GitHub/VRX_NUMarine/install/share/vrx_gz/models/mb_marker_buoy_black/thumbnails/5.png
[0.888s] -- Up-to-date: /home/rileychron111/Documents/GitHub/VRX_NUMarine/install/share/vrx_gz/models/mb_marker_buoy_black/thumbnails/2.png
[0.889s] -- Up-to-date: /home/rileychron111/Documents/GitHub/VRX_NUMarine/install/share/vrx_gz/models/mb_round_buoy_black
[0.889s] -- Up-to-date: /home/rileychron111/Documents/GitHub/VRX_NUMarine/install/share/vrx_gz/models/mb_round_buoy_black/model.sdf
[0.889s] -- Up-to-date: /home/rileychron111/Documents/GitHub/VRX_NUMarine/install/share/vrx_gz/models/mb_round_buoy_black/model.config
[0.889s] -- Up-to-date: /home/rileychron111/Documents/GitHub/VRX_NUMarine/install/share/vrx_gz/models/mb_round_buoy_black/thumbnails
[0.889s] -- Up-to-date: /home/rileychron111/Documents/GitHub/VRX_NUMarine/install/share/vrx_gz/models/mb_round_buoy_black/thumbnails/3.png
[0.889s] -- Up-to-date: /home/rileychron111/Documents/GitHub/VRX_NUMarine/install/share/vrx_gz/models/mb_round_buoy_black/thumbnails/4.png
[0.889s] -- Up-to-date: /home/rileychron111/Documents/GitHub/VRX_NUMarine/install/share/vrx_gz/models/mb_round_buoy_black/thumbnails/1.png
[0.889s] -- Up-to-date: /home/rileychron111/Documents/GitHub/VRX_NUMarine/install/share/vrx_gz/models/mb_round_buoy_black/thumbnails/5.png
[0.889s] -- Up-to-date: /home/rileychron111/Documents/GitHub/VRX_NUMarine/install/share/vrx_gz/models/mb_round_buoy_black/thumbnails/2.png
[0.889s] -- Up-to-date: /home/rileychron111/Documents/GitHub/VRX_NUMarine/install/share/vrx_gz/models/mb_marker_buoy_white
[0.890s] -- Up-to-date: /home/rileychron111/Documents/GitHub/VRX_NUMarine/install/share/vrx_gz/models/mb_marker_buoy_white/model.sdf
[0.890s] -- Up-to-date: /home/rileychron111/Documents/GitHub/VRX_NUMarine/install/share/vrx_gz/models/mb_marker_buoy_white/model.config
[0.890s] -- Up-to-date: /home/rileychron111/Documents/GitHub/VRX_NUMarine/install/share/vrx_gz/models/mb_marker_buoy_white/thumbnails
[0.890s] -- Up-to-date: /home/rileychron111/Documents/GitHub/VRX_NUMarine/install/share/vrx_gz/models/mb_marker_buoy_white/thumbnails/3.png
[0.890s] -- Up-to-date: /home/rileychron111/Documents/GitHub/VRX_NUMarine/install/share/vrx_gz/models/mb_marker_buoy_white/thumbnails/4.png
[0.890s] -- Up-to-date: /home/rileychron111/Documents/GitHub/VRX_NUMarine/install/share/vrx_gz/models/mb_marker_buoy_white/thumbnails/1.png
[0.890s] -- Up-to-date: /home/rileychron111/Documents/GitHub/VRX_NUMarine/install/share/vrx_gz/models/mb_marker_buoy_white/thumbnails/5.png
[0.890s] -- Up-to-date: /home/rileychron111/Documents/GitHub/VRX_NUMarine/install/share/vrx_gz/models/mb_marker_buoy_white/thumbnails/2.png
[0.890s] -- Up-to-date: /home/rileychron111/Documents/GitHub/VRX_NUMarine/install/share/vrx_gz/models/entrance_exit
[0.890s] -- Up-to-date: /home/rileychron111/Documents/GitHub/VRX_NUMarine/install/share/vrx_gz/models/entrance_exit/model.sdf
[0.890s] -- Up-to-date: /home/rileychron111/Documents/GitHub/VRX_NUMarine/install/share/vrx_gz/models/entrance_exit/model.config
[0.890s] -- Up-to-date: /home/rileychron111/Documents/GitHub/VRX_NUMarine/install/share/vrx_gz/models/short_navigation_course_4
[0.890s] -- Up-to-date: /home/rileychron111/Documents/GitHub/VRX_NUMarine/install/share/vrx_gz/models/short_navigation_course_4/model.sdf
[0.891s] -- Up-to-date: /home/rileychron111/Documents/GitHub/VRX_NUMarine/install/share/vrx_gz/models/short_navigation_course_4/model.config
[0.891s] -- Up-to-date: /home/rileychron111/Documents/GitHub/VRX_NUMarine/install/share/vrx_gz/models/robotx_light_buoy_ybr
[0.891s] -- Up-to-date: /home/rileychron111/Documents/GitHub/VRX_NUMarine/install/share/vrx_gz/models/robotx_light_buoy_ybr/model.sdf
[0.891s] -- Up-to-date: /home/rileychron111/Documents/GitHub/VRX_NUMarine/install/share/vrx_gz/models/robotx_light_buoy_ybr/model.config
[0.891s] -- Up-to-date: /home/rileychron111/Documents/GitHub/VRX_NUMarine/install/share/vrx_gz/models/sydney_regatta
[0.891s] -- Up-to-date: /home/rileychron111/Documents/GitHub/VRX_NUMarine/install/share/vrx_gz/models/sydney_regatta/model.sdf
[0.891s] -- Up-to-date: /home/rileychron111/Documents/GitHub/VRX_NUMarine/install/share/vrx_gz/models/sydney_regatta/model.config
[0.891s] -- Up-to-date: /home/rileychron111/Documents/GitHub/VRX_NUMarine/install/share/vrx_gz/models/sydney_regatta/meshes
[0.891s] -- Up-to-date: /home/rileychron111/Documents/GitHub/VRX_NUMarine/install/share/vrx_gz/models/sydney_regatta/meshes/sydney_regatta_shore.dae
[0.891s] -- Up-to-date: /home/rileychron111/Documents/GitHub/VRX_NUMarine/install/share/vrx_gz/models/sydney_regatta/meshes/sydney_regatta.dae
[0.891s] -- Up-to-date: /home/rileychron111/Documents/GitHub/VRX_NUMarine/install/share/vrx_gz/models/sydney_regatta/thumbnails
[0.891s] -- Up-to-date: /home/rileychron111/Documents/GitHub/VRX_NUMarine/install/share/vrx_gz/models/sydney_regatta/thumbnails/3.png
[0.891s] -- Up-to-date: /home/rileychron111/Documents/GitHub/VRX_NUMarine/install/share/vrx_gz/models/sydney_regatta/thumbnails/4.png
[0.891s] -- Up-to-date: /home/rileychron111/Documents/GitHub/VRX_NUMarine/install/share/vrx_gz/models/sydney_regatta/thumbnails/1.png
[0.891s] -- Up-to-date: /home/rileychron111/Documents/GitHub/VRX_NUMarine/install/share/vrx_gz/models/sydney_regatta/thumbnails/5.png
[0.891s] -- Up-to-date: /home/rileychron111/Documents/GitHub/VRX_NUMarine/install/share/vrx_gz/models/sydney_regatta/thumbnails/2.png
[0.892s] -- Up-to-date: /home/rileychron111/Documents/GitHub/VRX_NUMarine/install/share/vrx_gz/models/sydney_regatta/materials
[0.892s] -- Up-to-date: /home/rileychron111/Documents/GitHub/VRX_NUMarine/install/share/vrx_gz/models/sydney_regatta/materials/textures
[0.892s] -- Up-to-date: /home/rileychron111/Documents/GitHub/VRX_NUMarine/install/share/vrx_gz/models/sydney_regatta/materials/textures/MetalGalvanized.png
[0.892s] -- Up-to-date: /home/rileychron111/Documents/GitHub/VRX_NUMarine/install/share/vrx_gz/models/sydney_regatta/materials/textures/Terrain.png
[0.892s] -- Up-to-date: /home/rileychron111/Documents/GitHub/VRX_NUMarine/install/share/vrx_gz/models/sydney_regatta/materials/textures/DockDark.png
[0.892s] -- Up-to-date: /home/rileychron111/Documents/GitHub/VRX_NUMarine/install/share/vrx_gz/models/sydney_regatta/materials/textures/Wall_05.png
[0.892s] -- Up-to-date: /home/rileychron111/Documents/GitHub/VRX_NUMarine/install/share/vrx_gz/models/sydney_regatta/materials/textures/RoofCorrugated.png
[0.892s] -- Up-to-date: /home/rileychron111/Documents/GitHub/VRX_NUMarine/install/share/vrx_gz/models/sydney_regatta/materials/textures/Windows_Dark.png
[0.893s] -- Up-to-date: /home/rileychron111/Documents/GitHub/VRX_NUMarine/install/share/vrx_gz/models/sydney_regatta/materials/textures/Dock.png
[0.893s] -- Up-to-date: /home/rileychron111/Documents/GitHub/VRX_NUMarine/install/share/vrx_gz/models/sydney_regatta/materials/textures/TreeDiffuse.png
[0.893s] -- Up-to-date: /home/rileychron111/Documents/GitHub/VRX_NUMarine/install/share/vrx_gz/models/roboboat_cpubox
[0.893s] -- Up-to-date: /home/rileychron111/Documents/GitHub/VRX_NUMarine/install/share/vrx_gz/models/roboboat_cpubox/model.sdf
[0.893s] -- Up-to-date: /home/rileychron111/Documents/GitHub/VRX_NUMarine/install/share/vrx_gz/models/roboboat_cpubox/model.config
[0.893s] -- Up-to-date: /home/rileychron111/Documents/GitHub/VRX_NUMarine/install/share/vrx_gz/models/roboboat_cpubox/meshes
[0.893s] -- Up-to-date: /home/rileychron111/Documents/GitHub/VRX_NUMarine/install/share/vrx_gz/models/roboboat_cpubox/meshes/drybox.dae
[0.894s] -- Up-to-date: /home/rileychron111/Documents/GitHub/VRX_NUMarine/install/share/vrx_gz/models/roboboat_cpubox/materials
[0.894s] -- Up-to-date: /home/rileychron111/Documents/GitHub/VRX_NUMarine/install/share/vrx_gz/models/roboboat_cpubox/materials/textures
[0.894s] -- Up-to-date: /home/rileychron111/Documents/GitHub/VRX_NUMarine/install/share/vrx_gz/models/roboboat_cpubox/materials/textures/DryBox_Albedo.png
[0.895s] -- Up-to-date: /home/rileychron111/Documents/GitHub/VRX_NUMarine/install/share/vrx_gz/models/roboboat_cpubox/materials/textures/DryBox_Roughness.png
[0.895s] -- Up-to-date: /home/rileychron111/Documents/GitHub/VRX_NUMarine/install/share/vrx_gz/models/mb_marker_buoy_red
[0.895s] -- Up-to-date: /home/rileychron111/Documents/GitHub/VRX_NUMarine/install/share/vrx_gz/models/mb_marker_buoy_red/model.sdf
[0.895s] -- Up-to-date: /home/rileychron111/Documents/GitHub/VRX_NUMarine/install/share/vrx_gz/models/mb_marker_buoy_red/model.config
[0.895s] -- Up-to-date: /home/rileychron111/Documents/GitHub/VRX_NUMarine/install/share/vrx_gz/models/mb_marker_buoy_red/meshes
[0.895s] -- Up-to-date: /home/rileychron111/Documents/GitHub/VRX_NUMarine/install/share/vrx_gz/models/mb_marker_buoy_red/meshes/mb_marker_buoy.dae
[0.895s] -- Up-to-date: /home/rileychron111/Documents/GitHub/VRX_NUMarine/install/share/vrx_gz/models/mb_marker_buoy_red/thumbnails
[0.895s] -- Up-to-date: /home/rileychron111/Documents/GitHub/VRX_NUMarine/install/share/vrx_gz/models/mb_marker_buoy_red/thumbnails/3.png
[0.895s] -- Up-to-date: /home/rileychron111/Documents/GitHub/VRX_NUMarine/install/share/vrx_gz/models/mb_marker_buoy_red/thumbnails/4.png
[0.895s] -- Up-to-date: /home/rileychron111/Documents/GitHub/VRX_NUMarine/install/share/vrx_gz/models/mb_marker_buoy_red/thumbnails/1.png
[0.895s] -- Up-to-date: /home/rileychron111/Documents/GitHub/VRX_NUMarine/install/share/vrx_gz/models/mb_marker_buoy_red/thumbnails/5.png
[0.895s] -- Up-to-date: /home/rileychron111/Documents/GitHub/VRX_NUMarine/install/share/vrx_gz/models/mb_marker_buoy_red/thumbnails/2.png
[0.896s] -- Up-to-date: /home/rileychron111/Documents/GitHub/VRX_NUMarine/install/share/vrx_gz/models/mb_marker_buoy_red/materials
[0.896s] -- Up-to-date: /home/rileychron111/Documents/GitHub/VRX_NUMarine/install/share/vrx_gz/models/mb_marker_buoy_red/materials/textures
[0.897s] -- Up-to-date: /home/rileychron111/Documents/GitHub/VRX_NUMarine/install/share/vrx_gz/models/mb_marker_buoy_red/materials/textures/MarkerBuoy_Roughness.png
[0.897s] -- Up-to-date: /home/rileychron111/Documents/GitHub/VRX_NUMarine/install/share/vrx_gz/models/mb_marker_buoy_red/materials/textures/MarkerBuoy_Base_Color.png
[0.897s] -- Up-to-date: /home/rileychron111/Documents/GitHub/VRX_NUMarine/install/share/vrx_gz/models/robotx_light_buoy_bgy
[0.898s] -- Up-to-date: /home/rileychron111/Documents/GitHub/VRX_NUMarine/install/share/vrx_gz/models/robotx_light_buoy_bgy/model.sdf
[0.898s] -- Up-to-date: /home/rileychron111/Documents/GitHub/VRX_NUMarine/install/share/vrx_gz/models/robotx_light_buoy_bgy/model.config
[0.898s] -- Up-to-date: /home/rileychron111/Documents/GitHub/VRX_NUMarine/install/share/vrx_gz/models/short_course_2023_phase3_1
[0.898s] -- Up-to-date: /home/rileychron111/Documents/GitHub/VRX_NUMarine/install/share/vrx_gz/models/short_course_2023_phase3_1/model.sdf
[0.898s] -- Up-to-date: /home/rileychron111/Documents/GitHub/VRX_NUMarine/install/share/vrx_gz/models/short_course_2023_phase3_1/model.config
[0.898s] -- Up-to-date: /home/rileychron111/Documents/GitHub/VRX_NUMarine/install/share/vrx_gz/models/robotx_light_buoy_ygb
[0.898s] -- Up-to-date: /home/rileychron111/Documents/GitHub/VRX_NUMarine/install/share/vrx_gz/models/robotx_light_buoy_ygb/model.sdf
[0.898s] -- Up-to-date: /home/rileychron111/Documents/GitHub/VRX_NUMarine/install/share/vrx_gz/models/robotx_light_buoy_ygb/model.config
[0.898s] -- Up-to-date: /home/rileychron111/Documents/GitHub/VRX_NUMarine/install/share/vrx_gz/models/short_navigation_course_5
[0.898s] -- Up-to-date: /home/rileychron111/Documents/GitHub/VRX_NUMarine/install/share/vrx_gz/models/short_navigation_course_5/model.sdf
[0.898s] -- Up-to-date: /home/rileychron111/Documents/GitHub/VRX_NUMarine/install/share/vrx_gz/models/short_navigation_course_5/model.config
[0.898s] -- Up-to-date: /home/rileychron111/Documents/GitHub/VRX_NUMarine/install/share/vrx_gz/models/robotx_light_buoy_rgb
[0.898s] -- Up-to-date: /home/rileychron111/Documents/GitHub/VRX_NUMarine/install/share/vrx_gz/models/robotx_light_buoy_rgb/model.sdf
[0.898s] -- Up-to-date: /home/rileychron111/Documents/GitHub/VRX_NUMarine/install/share/vrx_gz/models/robotx_light_buoy_rgb/mesh
[0.899s] -- Up-to-date: /home/rileychron111/Documents/GitHub/VRX_NUMarine/install/share/vrx_gz/models/robotx_light_buoy_rgb/mesh/LightTower_Albedo.png
[0.899s] -- Up-to-date: /home/rileychron111/Documents/GitHub/VRX_NUMarine/install/share/vrx_gz/models/robotx_light_buoy_rgb/mesh/LightTower_Roughness.png
[0.899s] -- Up-to-date: /home/rileychron111/Documents/GitHub/VRX_NUMarine/install/share/vrx_gz/models/robotx_light_buoy_rgb/mesh/robotx_light_buoy.dae
[0.899s] -- Up-to-date: /home/rileychron111/Documents/GitHub/VRX_NUMarine/install/share/vrx_gz/models/robotx_light_buoy_rgb/mesh/LightTower_Opacity.png
[0.899s] -- Up-to-date: /home/rileychron111/Documents/GitHub/VRX_NUMarine/install/share/vrx_gz/models/robotx_light_buoy_rgb/mesh/LightTower_Normal.png
[0.899s] -- Up-to-date: /home/rileychron111/Documents/GitHub/VRX_NUMarine/install/share/vrx_gz/models/robotx_light_buoy_rgb/mesh/LightTower_Metalness.png
[0.899s] -- Up-to-date: /home/rileychron111/Documents/GitHub/VRX_NUMarine/install/share/vrx_gz/models/robotx_light_buoy_rgb/model.config
[0.899s] -- Up-to-date: /home/rileychron111/Documents/GitHub/VRX_NUMarine/install/share/vrx_gz/models/euro pallet
[0.899s] -- Up-to-date: /home/rileychron111/Documents/GitHub/VRX_NUMarine/install/share/vrx_gz/models/euro pallet/model.sdf
[0.900s] -- Up-to-date: /home/rileychron111/Documents/GitHub/VRX_NUMarine/install/share/vrx_gz/models/euro pallet/model.config
[0.901s] -- Up-to-date: /home/rileychron111/Documents/GitHub/VRX_NUMarine/install/share/vrx_gz/models/euro pallet/meshes
[0.901s] -- Up-to-date: /home/rileychron111/Documents/GitHub/VRX_NUMarine/install/share/vrx_gz/models/euro pallet/meshes/pallet.dae
[0.901s] -- Up-to-date: /home/rileychron111/Documents/GitHub/VRX_NUMarine/install/share/vrx_gz/models/euro pallet/thumbnails
[0.901s] -- Up-to-date: /home/rileychron111/Documents/GitHub/VRX_NUMarine/install/share/vrx_gz/models/euro pallet/thumbnails/3.png
[0.901s] -- Up-to-date: /home/rileychron111/Documents/GitHub/VRX_NUMarine/install/share/vrx_gz/models/euro pallet/thumbnails/4.png
[0.901s] -- Up-to-date: /home/rileychron111/Documents/GitHub/VRX_NUMarine/install/share/vrx_gz/models/euro pallet/thumbnails/1.png
[0.901s] -- Up-to-date: /home/rileychron111/Documents/GitHub/VRX_NUMarine/install/share/vrx_gz/models/euro pallet/thumbnails/5.png
[0.901s] -- Up-to-date: /home/rileychron111/Documents/GitHub/VRX_NUMarine/install/share/vrx_gz/models/euro pallet/thumbnails/2.png
[0.901s] -- Up-to-date: /home/rileychron111/Documents/GitHub/VRX_NUMarine/install/share/vrx_gz/models/mb_marker_buoy_green
[0.901s] -- Up-to-date: /home/rileychron111/Documents/GitHub/VRX_NUMarine/install/share/vrx_gz/models/mb_marker_buoy_green/model.sdf
[0.901s] -- Up-to-date: /home/rileychron111/Documents/GitHub/VRX_NUMarine/install/share/vrx_gz/models/mb_marker_buoy_green/model.config
[0.901s] -- Up-to-date: /home/rileychron111/Documents/GitHub/VRX_NUMarine/install/share/vrx_gz/models/mb_marker_buoy_green/thumbnails
[0.901s] -- Up-to-date: /home/rileychron111/Documents/GitHub/VRX_NUMarine/install/share/vrx_gz/models/mb_marker_buoy_green/thumbnails/3.png
[0.901s] -- Up-to-date: /home/rileychron111/Documents/GitHub/VRX_NUMarine/install/share/vrx_gz/models/mb_marker_buoy_green/thumbnails/4.png
[0.902s] -- Up-to-date: /home/rileychron111/Documents/GitHub/VRX_NUMarine/install/share/vrx_gz/models/mb_marker_buoy_green/thumbnails/1.png
[0.902s] -- Up-to-date: /home/rileychron111/Documents/GitHub/VRX_NUMarine/install/share/vrx_gz/models/mb_marker_buoy_green/thumbnails/5.png
[0.902s] -- Up-to-date: /home/rileychron111/Documents/GitHub/VRX_NUMarine/install/share/vrx_gz/models/mb_marker_buoy_green/thumbnails/2.png
[0.902s] -- Up-to-date: /home/rileychron111/Documents/GitHub/VRX_NUMarine/install/share/vrx_gz/models/antenna
[0.902s] -- Up-to-date: /home/rileychron111/Documents/GitHub/VRX_NUMarine/install/share/vrx_gz/models/antenna/model.sdf
[0.902s] -- Up-to-date: /home/rileychron111/Documents/GitHub/VRX_NUMarine/install/share/vrx_gz/models/antenna/model.config
[0.902s] -- Up-to-date: /home/rileychron111/Documents/GitHub/VRX_NUMarine/install/share/vrx_gz/models/antenna/meshes
[0.902s] -- Up-to-date: /home/rileychron111/Documents/GitHub/VRX_NUMarine/install/share/vrx_gz/models/antenna/meshes/antenna.png
[0.902s] -- Up-to-date: /home/rileychron111/Documents/GitHub/VRX_NUMarine/install/share/vrx_gz/models/antenna/meshes/antenna.dae
[0.902s] -- Up-to-date: /home/rileychron111/Documents/GitHub/VRX_NUMarine/install/share/vrx_gz/models/antenna/thumbnails
[0.903s] -- Up-to-date: /home/rileychron111/Documents/GitHub/VRX_NUMarine/install/share/vrx_gz/models/antenna/thumbnails/3.png
[0.903s] -- Up-to-date: /home/rileychron111/Documents/GitHub/VRX_NUMarine/install/share/vrx_gz/models/antenna/thumbnails/4.png
[0.903s] -- Up-to-date: /home/rileychron111/Documents/GitHub/VRX_NUMarine/install/share/vrx_gz/models/antenna/thumbnails/1.png
[0.903s] -- Up-to-date: /home/rileychron111/Documents/GitHub/VRX_NUMarine/install/share/vrx_gz/models/antenna/thumbnails/5.png
[0.903s] -- Up-to-date: /home/rileychron111/Documents/GitHub/VRX_NUMarine/install/share/vrx_gz/models/antenna/thumbnails/2.png
[0.903s] -- Up-to-date: /home/rileychron111/Documents/GitHub/VRX_NUMarine/install/share/vrx_gz/models/mb_round_buoy_orange
[0.903s] -- Up-to-date: /home/rileychron111/Documents/GitHub/VRX_NUMarine/install/share/vrx_gz/models/mb_round_buoy_orange/model.sdf
[0.903s] -- Up-to-date: /home/rileychron111/Documents/GitHub/VRX_NUMarine/install/share/vrx_gz/models/mb_round_buoy_orange/model.config
[0.903s] -- Up-to-date: /home/rileychron111/Documents/GitHub/VRX_NUMarine/install/share/vrx_gz/models/mb_round_buoy_orange/meshes
[0.904s] -- Up-to-date: /home/rileychron111/Documents/GitHub/VRX_NUMarine/install/share/vrx_gz/models/mb_round_buoy_orange/meshes/mb_round_buoy.dae
[0.904s] -- Up-to-date: /home/rileychron111/Documents/GitHub/VRX_NUMarine/install/share/vrx_gz/models/mb_round_buoy_orange/thumbnails
[0.904s] -- Up-to-date: /home/rileychron111/Documents/GitHub/VRX_NUMarine/install/share/vrx_gz/models/mb_round_buoy_orange/thumbnails/3.png
[0.904s] -- Up-to-date: /home/rileychron111/Documents/GitHub/VRX_NUMarine/install/share/vrx_gz/models/mb_round_buoy_orange/thumbnails/4.png
[0.904s] -- Up-to-date: /home/rileychron111/Documents/GitHub/VRX_NUMarine/install/share/vrx_gz/models/mb_round_buoy_orange/thumbnails/1.png
[0.904s] -- Up-to-date: /home/rileychron111/Documents/GitHub/VRX_NUMarine/install/share/vrx_gz/models/mb_round_buoy_orange/thumbnails/5.png
[0.904s] -- Up-to-date: /home/rileychron111/Documents/GitHub/VRX_NUMarine/install/share/vrx_gz/models/mb_round_buoy_orange/thumbnails/2.png
[0.904s] -- Up-to-date: /home/rileychron111/Documents/GitHub/VRX_NUMarine/install/share/vrx_gz/models/mb_round_buoy_orange/materials
[0.904s] -- Up-to-date: /home/rileychron111/Documents/GitHub/VRX_NUMarine/install/share/vrx_gz/models/mb_round_buoy_orange/materials/textures
[0.904s] -- Up-to-date: /home/rileychron111/Documents/GitHub/VRX_NUMarine/install/share/vrx_gz/models/mb_round_buoy_orange/materials/textures/RoundBarrierBuoy_Base_Color.png
[0.904s] -- Up-to-date: /home/rileychron111/Documents/GitHub/VRX_NUMarine/install/share/vrx_gz/models/mb_round_buoy_orange/materials/textures/RoundBarrierBuoy_Roughness.png
[0.904s] -- Up-to-date: /home/rileychron111/Documents/GitHub/VRX_NUMarine/install/share/vrx_gz/models/dock_2022
[0.905s] -- Up-to-date: /home/rileychron111/Documents/GitHub/VRX_NUMarine/install/share/vrx_gz/models/dock_2022/model.sdf
[0.905s] -- Up-to-date: /home/rileychron111/Documents/GitHub/VRX_NUMarine/install/share/vrx_gz/models/dock_2022/model.config
[0.905s] -- Up-to-date: /home/rileychron111/Documents/GitHub/VRX_NUMarine/install/share/vrx_gz/worlds
[0.905s] -- Up-to-date: /home/rileychron111/Documents/GitHub/VRX_NUMarine/install/share/vrx_gz/worlds/follow_path_task.sdf
[0.905s] -- Up-to-date: /home/rileychron111/Documents/GitHub/VRX_NUMarine/install/share/vrx_gz/worlds/stationkeeping_task.sdf
[0.905s] -- Up-to-date: /home/rileychron111/Documents/GitHub/VRX_NUMarine/install/share/vrx_gz/worlds/gymkhana_task.sdf
[0.905s] -- Up-to-date: /home/rileychron111/Documents/GitHub/VRX_NUMarine/install/share/vrx_gz/worlds/acoustic_tracking_task.sdf
[0.905s] -- Up-to-date: /home/rileychron111/Documents/GitHub/VRX_NUMarine/install/share/vrx_gz/worlds/perception_task.sdf
[0.905s] -- Up-to-date: /home/rileychron111/Documents/GitHub/VRX_NUMarine/install/share/vrx_gz/worlds/navigation_task.sdf
[0.905s] -- Up-to-date: /home/rileychron111/Documents/GitHub/VRX_NUMarine/install/share/vrx_gz/worlds/nbpark.sdf
[0.905s] -- Up-to-date: /home/rileychron111/Documents/GitHub/VRX_NUMarine/install/share/vrx_gz/worlds/sydney_regatta.sdf
[0.905s] -- Up-to-date: /home/rileychron111/Documents/GitHub/VRX_NUMarine/install/share/vrx_gz/worlds/wayfinding_task.sdf
[0.905s] -- Up-to-date: /home/rileychron111/Documents/GitHub/VRX_NUMarine/install/share/vrx_gz/worlds/wildlife_task.sdf
[0.905s] -- Up-to-date: /home/rileychron111/Documents/GitHub/VRX_NUMarine/install/share/vrx_gz/worlds/scan_dock_deliver_task.sdf
[0.905s] -- Up-to-date: /home/rileychron111/Documents/GitHub/VRX_NUMarine/install/share/vrx_gz/worlds/acoustic_perception_task.sdf
[0.905s] -- Up-to-date: /home/rileychron111/Documents/GitHub/VRX_NUMarine/install/share/vrx_gz/worlds/2023_practice
[0.905s] -- Up-to-date: /home/rileychron111/Documents/GitHub/VRX_NUMarine/install/share/vrx_gz/worlds/2023_practice/practice_2023_follow_path0_task.sdf
[0.905s] -- Up-to-date: /home/rileychron111/Documents/GitHub/VRX_NUMarine/install/share/vrx_gz/worlds/2023_practice/practice_2023_scan_dock_deliver0_task.sdf
[0.906s] -- Up-to-date: /home/rileychron111/Documents/GitHub/VRX_NUMarine/install/share/vrx_gz/worlds/2023_practice/practice_2023_scan_dock_deliver2_task.sdf
[0.906s] -- Up-to-date: /home/rileychron111/Documents/GitHub/VRX_NUMarine/install/share/vrx_gz/worlds/2023_practice/practice_2023_acoustic_tracking1_task.sdf
[0.907s] -- Up-to-date: /home/rileychron111/Documents/GitHub/VRX_NUMarine/install/share/vrx_gz/worlds/2023_practice/practice_2023_acoustic_perception0_task.sdf
[0.907s] -- Up-to-date: /home/rileychron111/Documents/GitHub/VRX_NUMarine/install/share/vrx_gz/worlds/2023_practice/practice_2023_wildlife2_task.sdf
[0.907s] -- Up-to-date: /home/rileychron111/Documents/GitHub/VRX_NUMarine/install/share/vrx_gz/worlds/2023_practice/practice_2023_wildlife1_task.sdf
[0.907s] -- Up-to-date: /home/rileychron111/Documents/GitHub/VRX_NUMarine/install/share/vrx_gz/worlds/2023_practice/practice_2023_acoustic_perception2_task.sdf
[0.907s] -- Up-to-date: /home/rileychron111/Documents/GitHub/VRX_NUMarine/install/share/vrx_gz/worlds/2023_practice/practice_2023_perception0_task.sdf
[0.908s] -- Up-to-date: /home/rileychron111/Documents/GitHub/VRX_NUMarine/install/share/vrx_gz/worlds/2023_practice/practice_2023_scan_dock_deliver1_task.sdf
[0.908s] -- Up-to-date: /home/rileychron111/Documents/GitHub/VRX_NUMarine/install/share/vrx_gz/worlds/2023_practice/practice_2023_wayfinding1_task.sdf
[0.908s] -- Up-to-date: /home/rileychron111/Documents/GitHub/VRX_NUMarine/install/share/vrx_gz/worlds/2023_practice/practice_2023_acoustic_tracking0_task.sdf
[0.909s] -- Up-to-date: /home/rileychron111/Documents/GitHub/VRX_NUMarine/install/share/vrx_gz/worlds/2023_practice/practice_2023_follow_path1_task.sdf
[0.909s] -- Up-to-date: /home/rileychron111/Documents/GitHub/VRX_NUMarine/install/share/vrx_gz/worlds/2023_practice/practice_2023_follow_path2_task.sdf
[0.909s] -- Up-to-date: /home/rileychron111/Documents/GitHub/VRX_NUMarine/install/share/vrx_gz/worlds/2023_practice/practice_2023_acoustic_tracking2_task.sdf
[0.909s] -- Up-to-date: /home/rileychron111/Documents/GitHub/VRX_NUMarine/install/share/vrx_gz/worlds/2023_practice/practice_2023_stationkeeping2_task.sdf
[0.910s] -- Up-to-date: /home/rileychron111/Documents/GitHub/VRX_NUMarine/install/share/vrx_gz/worlds/2023_practice/practice_2023_wayfinding2_task.sdf
[0.910s] -- Up-to-date: /home/rileychron111/Documents/GitHub/VRX_NUMarine/install/share/vrx_gz/worlds/2023_practice/practice_2023_wayfinding0_task.sdf
[0.910s] -- Up-to-date: /home/rileychron111/Documents/GitHub/VRX_NUMarine/install/share/vrx_gz/worlds/2023_practice/practice_2023_wildlife0_task.sdf
[0.910s] -- Up-to-date: /home/rileychron111/Documents/GitHub/VRX_NUMarine/install/share/vrx_gz/worlds/2023_practice/practice_2023_stationkeeping1_task.sdf
[0.911s] -- Up-to-date: /home/rileychron111/Documents/GitHub/VRX_NUMarine/install/share/vrx_gz/worlds/2023_practice/practice_2023_acoustic_perception1_task.sdf
[0.911s] -- Up-to-date: /home/rileychron111/Documents/GitHub/VRX_NUMarine/install/share/vrx_gz/worlds/2023_practice/practice_2023_perception1_task.sdf
[0.911s] -- Up-to-date: /home/rileychron111/Documents/GitHub/VRX_NUMarine/install/share/vrx_gz/worlds/2023_practice/practice_2023_perception2_task.sdf
[0.911s] -- Up-to-date: /home/rileychron111/Documents/GitHub/VRX_NUMarine/install/share/vrx_gz/worlds/2023_practice/practice_2023_stationkeeping0_task.sdf
[0.911s] -- Up-to-date: /home/rileychron111/Documents/GitHub/VRX_NUMarine/install/share/ament_index/resource_index/package_run_dependencies/vrx_gz
[0.911s] -- Up-to-date: /home/rileychron111/Documents/GitHub/VRX_NUMarine/install/share/ament_index/resource_index/parent_prefix_path/vrx_gz
[0.911s] -- Up-to-date: /home/rileychron111/Documents/GitHub/VRX_NUMarine/install/share/vrx_gz/environment/ament_prefix_path.sh
[0.911s] -- Up-to-date: /home/rileychron111/Documents/GitHub/VRX_NUMarine/install/share/vrx_gz/environment/ament_prefix_path.dsv
[0.911s] -- Up-to-date: /home/rileychron111/Documents/GitHub/VRX_NUMarine/install/share/vrx_gz/environment/path.sh
[0.912s] -- Up-to-date: /home/rileychron111/Documents/GitHub/VRX_NUMarine/install/share/vrx_gz/environment/path.dsv
[0.912s] -- Up-to-date: /home/rileychron111/Documents/GitHub/VRX_NUMarine/install/share/vrx_gz/local_setup.bash
[0.913s] -- Up-to-date: /home/rileychron111/Documents/GitHub/VRX_NUMarine/install/share/vrx_gz/local_setup.sh
[0.914s] -- Up-to-date: /home/rileychron111/Documents/GitHub/VRX_NUMarine/install/share/vrx_gz/local_setup.zsh
[0.914s] -- Up-to-date: /home/rileychron111/Documents/GitHub/VRX_NUMarine/install/share/vrx_gz/local_setup.dsv
[0.914s] -- Installing: /home/rileychron111/Documents/GitHub/VRX_NUMarine/install/share/vrx_gz/package.dsv
[0.915s] -- Up-to-date: /home/rileychron111/Documents/GitHub/VRX_NUMarine/install/share/ament_index/resource_index/packages/vrx_gz
[0.915s] -- Up-to-date: /home/rileychron111/Documents/GitHub/VRX_NUMarine/install/share/vrx_gz/cmake/vrx_gzConfig.cmake
[0.915s] -- Up-to-date: /home/rileychron111/Documents/GitHub/VRX_NUMarine/install/share/vrx_gz/cmake/vrx_gzConfig-version.cmake
[0.918s] -- Up-to-date: /home/rileychron111/Documents/GitHub/VRX_NUMarine/install/share/vrx_gz/package.xml
[0.919s] Invoked command in '/home/rileychron111/Documents/GitHub/VRX_NUMarine/build/vrx_gz' returned '0': CMAKE_PREFIX_PATH=${CMAKE_PREFIX_PATH}:/opt/ros/humble PYTHONPATH=/home/rileychron111/Documents/GitHub/VRX_NUMarine/install/lib/python3.10/site-packages:/home/rileychron111/Documents/GitHub/VRX_NUMarine/install/local/lib/python3.10/dist-packages:/opt/ros/humble/lib/python3.10/site-packages:/opt/ros/humble/local/lib/python3.10/dist-packages /usr/bin/cmake --install /home/rileychron111/Documents/GitHub/VRX_NUMarine/build/vrx_gz
