[0.137s] Invoking command in '/home/rileychron111/Documents/GitHub/VRX_NUMarine/build/guidance_cpp': CMAKE_PREFIX_PATH=/opt/ros/humble /usr/bin/cmake /home/rileychron111/Documents/GitHub/VRX_NUMarine/src/vrx/ros_packages/guidance_cpp -DCMAKE_INSTALL_PREFIX=/home/rileychron111/Documents/GitHub/VRX_NUMarine/install
[0.265s] -- Found ament_cmake: 1.3.9 (/opt/ros/humble/share/ament_cmake/cmake)
[0.265s] -- Found rclcpp: 16.0.9 (/opt/ros/humble/share/rclcpp/cmake)
[0.265s] -- Found rosidl_generator_c: 3.1.5 (/opt/ros/humble/share/rosidl_generator_c/cmake)
[0.265s] -- Found rosidl_adapter: 3.1.5 (/opt/ros/humble/share/rosidl_adapter/cmake)
[0.266s] -- Found rosidl_generator_cpp: 3.1.5 (/opt/ros/humble/share/rosidl_generator_cpp/cmake)
[0.266s] -- Using all available rosidl_typesupport_c: rosidl_typesupport_fastrtps_c;rosidl_typesupport_introspection_c
[0.266s] -- Using all available rosidl_typesupport_cpp: rosidl_typesupport_fastrtps_cpp;rosidl_typesupport_introspection_cpp
[0.277s] -- Found rmw_implementation_cmake: 6.1.2 (/opt/ros/humble/share/rmw_implementation_cmake/cmake)
[0.277s] -- Found rmw_fastrtps_cpp: 6.2.6 (/opt/ros/humble/share/rmw_fastrtps_cpp/cmake)
[0.349s] -- Using RMW implementation 'rmw_fastrtps_cpp' as default
[0.479s] [31mCMake Error at CMakeLists.txt:13 (find_package):
[0.480s]   By not providing "Findunsupported.cmake" in CMAKE_MODULE_PATH this project
[0.480s]   has asked CMake to find a package configuration file provided by
[0.480s]   "unsupported", but CMake did not find one.
[0.480s] 
[0.480s]   Could not find a package configuration file provided by "unsupported" with
[0.480s]   any of the following names:
[0.480s] 
[0.480s]     unsupportedConfig.cmake
[0.480s]     unsupported-config.cmake
[0.480s] 
[0.480s]   Add the installation prefix of "unsupported" to CMAKE_PREFIX_PATH or set
[0.480s]   "unsupported_DIR" to a directory containing one of the above files.  If
[0.480s]   "unsupported" provides a separate development package or SDK, be sure it
[0.480s]   has been installed.
[0.480s] 
[0.480s] [0m
[0.480s] -- Configuring incomplete, errors occurred!
[0.480s] See also "/home/rileychron111/Documents/GitHub/VRX_NUMarine/build/guidance_cpp/CMakeFiles/CMakeOutput.log".
[0.484s] Invoked command in '/home/rileychron111/Documents/GitHub/VRX_NUMarine/build/guidance_cpp' returned '1': CMAKE_PREFIX_PATH=/opt/ros/humble /usr/bin/cmake /home/rileychron111/Documents/GitHub/VRX_NUMarine/src/vrx/ros_packages/guidance_cpp -DCMAKE_INSTALL_PREFIX=/home/rileychron111/Documents/GitHub/VRX_NUMarine/install
