[0.029s] Invoking command in '/home/jain/Documents/GitHub/VRX_NUMarine/build/wamv_gazebo': CMAKE_PREFIX_PATH=${CMAKE_PREFIX_PATH}:/opt/ros/humble GZ_SIM_RESOURCE_PATH=/home/jain/Documents/GitHub/VRX_NUMarine/install/share:${GZ_SIM_RESOURCE_PATH} /usr/bin/cmake --build /home/jain/Documents/GitHub/VRX_NUMarine/build/wamv_gazebo -- -j8 -l8
[0.104s] Invoked command in '/home/jain/Documents/GitHub/VRX_NUMarine/build/wamv_gazebo' returned '0': CMAKE_PREFIX_PATH=${CMAKE_PREFIX_PATH}:/opt/ros/humble GZ_SIM_RESOURCE_PATH=/home/jain/Documents/GitHub/VRX_NUMarine/install/share:${GZ_SIM_RESOURCE_PATH} /usr/bin/cmake --build /home/jain/Documents/GitHub/VRX_NUMarine/build/wamv_gazebo -- -j8 -l8
[0.163s] Invoking command in '/home/jain/Documents/GitHub/VRX_NUMarine/build/wamv_gazebo': CMAKE_PREFIX_PATH=${CMAKE_PREFIX_PATH}:/opt/ros/humble GZ_SIM_RESOURCE_PATH=/home/jain/Documents/GitHub/VRX_NUMarine/install/share:${GZ_SIM_RESOURCE_PATH} /usr/bin/cmake --install /home/jain/Documents/GitHub/VRX_NUMarine/build/wamv_gazebo
[0.183s] -- Install configuration: ""
[0.184s] -- Up-to-date: /home/jain/Documents/GitHub/VRX_NUMarine/install/share/wamv_gazebo/models
[0.184s] -- Up-to-date: /home/jain/Documents/GitHub/VRX_NUMarine/install/share/wamv_gazebo/models/gps
[0.184s] -- Up-to-date: /home/jain/Documents/GitHub/VRX_NUMarine/install/share/wamv_gazebo/models/gps/mesh
[0.185s] -- Up-to-date: /home/jain/Documents/GitHub/VRX_NUMarine/install/share/wamv_gazebo/models/gps/mesh/gps.png
[0.185s] -- Up-to-date: /home/jain/Documents/GitHub/VRX_NUMarine/install/share/wamv_gazebo/models/gps/mesh/gps.dae
[0.185s] -- Up-to-date: /home/jain/Documents/GitHub/VRX_NUMarine/install/share/wamv_gazebo/models/gps/model.config
[0.186s] -- Up-to-date: /home/jain/Documents/GitHub/VRX_NUMarine/install/share/wamv_gazebo/urdf
[0.186s] -- Up-to-date: /home/jain/Documents/GitHub/VRX_NUMarine/install/share/wamv_gazebo/urdf/macros.xacro
[0.186s] -- Up-to-date: /home/jain/Documents/GitHub/VRX_NUMarine/install/share/wamv_gazebo/urdf/wamv_gazebo.xacro
[0.186s] -- Up-to-date: /home/jain/Documents/GitHub/VRX_NUMarine/install/share/wamv_gazebo/urdf/wamv_gazebo.urdf.xacro
[0.186s] -- Up-to-date: /home/jain/Documents/GitHub/VRX_NUMarine/install/share/wamv_gazebo/urdf/thruster_layouts
[0.186s] -- Up-to-date: /home/jain/Documents/GitHub/VRX_NUMarine/install/share/wamv_gazebo/urdf/thruster_layouts/wamv_aft_thrusters.xacro
[0.187s] -- Up-to-date: /home/jain/Documents/GitHub/VRX_NUMarine/install/share/wamv_gazebo/urdf/thruster_layouts/wamv_x_thrusters.xacro
[0.187s] -- Up-to-date: /home/jain/Documents/GitHub/VRX_NUMarine/install/share/wamv_gazebo/urdf/thruster_layouts/wamv_t_thrusters.xacro
[0.187s] -- Up-to-date: /home/jain/Documents/GitHub/VRX_NUMarine/install/share/wamv_gazebo/urdf/thruster_layouts/wamv_gazebo_thruster_config.xacro
[0.187s] -- Up-to-date: /home/jain/Documents/GitHub/VRX_NUMarine/install/share/wamv_gazebo/urdf/dynamics
[0.187s] -- Up-to-date: /home/jain/Documents/GitHub/VRX_NUMarine/install/share/wamv_gazebo/urdf/dynamics/wamv_gazebo_dynamics_plugin.xacro
[0.188s] -- Up-to-date: /home/jain/Documents/GitHub/VRX_NUMarine/install/share/wamv_gazebo/urdf/components
[0.188s] -- Up-to-date: /home/jain/Documents/GitHub/VRX_NUMarine/install/share/wamv_gazebo/urdf/components/lidar.xacro
[0.188s] -- Up-to-date: /home/jain/Documents/GitHub/VRX_NUMarine/install/share/wamv_gazebo/urdf/components/ball_shooter.xacro
[0.188s] -- Up-to-date: /home/jain/Documents/GitHub/VRX_NUMarine/install/share/wamv_gazebo/urdf/components/wamv_gps.xacro
[0.188s] -- Up-to-date: /home/jain/Documents/GitHub/VRX_NUMarine/install/share/wamv_gazebo/urdf/components/wamv_3d_lidar.xacro
[0.188s] -- Up-to-date: /home/jain/Documents/GitHub/VRX_NUMarine/install/share/wamv_gazebo/urdf/components/wamv_p3d.xacro
[0.189s] -- Up-to-date: /home/jain/Documents/GitHub/VRX_NUMarine/install/share/wamv_gazebo/urdf/components/wamv_pinger.xacro
[0.189s] -- Up-to-date: /home/jain/Documents/GitHub/VRX_NUMarine/install/share/wamv_gazebo/urdf/components/wamv_planar_lidar.xacro
[0.189s] -- Up-to-date: /home/jain/Documents/GitHub/VRX_NUMarine/install/share/wamv_gazebo/urdf/components/wamv_camera.xacro
[0.189s] -- Up-to-date: /home/jain/Documents/GitHub/VRX_NUMarine/install/share/wamv_gazebo/urdf/components/wamv_imu.xacro
[0.189s] -- Up-to-date: /home/jain/Documents/GitHub/VRX_NUMarine/install/share/ament_index/resource_index/package_run_dependencies/wamv_gazebo
[0.189s] -- Up-to-date: /home/jain/Documents/GitHub/VRX_NUMarine/install/share/ament_index/resource_index/parent_prefix_path/wamv_gazebo
[0.190s] -- Up-to-date: /home/jain/Documents/GitHub/VRX_NUMarine/install/share/wamv_gazebo/environment/ament_prefix_path.sh
[0.190s] -- Up-to-date: /home/jain/Documents/GitHub/VRX_NUMarine/install/share/wamv_gazebo/environment/ament_prefix_path.dsv
[0.190s] -- Up-to-date: /home/jain/Documents/GitHub/VRX_NUMarine/install/share/wamv_gazebo/environment/path.sh
[0.191s] -- Up-to-date: /home/jain/Documents/GitHub/VRX_NUMarine/install/share/wamv_gazebo/environment/path.dsv
[0.191s] -- Up-to-date: /home/jain/Documents/GitHub/VRX_NUMarine/install/share/wamv_gazebo/local_setup.bash
[0.193s] -- Up-to-date: /home/jain/Documents/GitHub/VRX_NUMarine/install/share/wamv_gazebo/local_setup.sh
[0.194s] -- Up-to-date: /home/jain/Documents/GitHub/VRX_NUMarine/install/share/wamv_gazebo/local_setup.zsh
[0.194s] -- Up-to-date: /home/jain/Documents/GitHub/VRX_NUMarine/install/share/wamv_gazebo/local_setup.dsv
[0.194s] -- Installing: /home/jain/Documents/GitHub/VRX_NUMarine/install/share/wamv_gazebo/package.dsv
[0.195s] -- Up-to-date: /home/jain/Documents/GitHub/VRX_NUMarine/install/share/ament_index/resource_index/packages/wamv_gazebo
[0.195s] -- Up-to-date: /home/jain/Documents/GitHub/VRX_NUMarine/install/share/wamv_gazebo/cmake/wamv_gazeboConfig.cmake
[0.195s] -- Up-to-date: /home/jain/Documents/GitHub/VRX_NUMarine/install/share/wamv_gazebo/cmake/wamv_gazeboConfig-version.cmake
[0.197s] -- Up-to-date: /home/jain/Documents/GitHub/VRX_NUMarine/install/share/wamv_gazebo/package.xml
[0.200s] Invoked command in '/home/jain/Documents/GitHub/VRX_NUMarine/build/wamv_gazebo' returned '0': CMAKE_PREFIX_PATH=${CMAKE_PREFIX_PATH}:/opt/ros/humble GZ_SIM_RESOURCE_PATH=/home/jain/Documents/GitHub/VRX_NUMarine/install/share:${GZ_SIM_RESOURCE_PATH} /usr/bin/cmake --install /home/jain/Documents/GitHub/VRX_NUMarine/build/wamv_gazebo
