[0.045s] Invoking command in '/home/jain/Documents/GitHub/VRX_NUMarine/build/my_navigation_pkg': CMAKE_PREFIX_PATH=${CMAKE_PREFIX_PATH}:/opt/ros/humble /usr/bin/cmake --build /home/jain/Documents/GitHub/VRX_NUMarine/build/my_navigation_pkg -- -j8 -l8
[0.172s] [ 33%] Built target gps_to_ned_node
[0.176s] [ 66%] Built target goal_pose_broadcaster
[0.206s] [100%] Built target goal_pose_listener
[0.233s] Invoked command in '/home/jain/Documents/GitHub/VRX_NUMarine/build/my_navigation_pkg' returned '0': CMAKE_PREFIX_PATH=${CMAKE_PREFIX_PATH}:/opt/ros/humble /usr/bin/cmake --build /home/jain/Documents/GitHub/VRX_NUMarine/build/my_navigation_pkg -- -j8 -l8
[0.367s] Invoking command in '/home/jain/Documents/GitHub/VRX_NUMarine/build/my_navigation_pkg': CMAKE_PREFIX_PATH=${CMAKE_PREFIX_PATH}:/opt/ros/humble /usr/bin/cmake --install /home/jain/Documents/GitHub/VRX_NUMarine/build/my_navigation_pkg
[0.387s] -- Install configuration: ""
[0.388s] -- Up-to-date: /home/jain/Documents/GitHub/VRX_NUMarine/install/lib/my_navigation_pkg/gps_to_ned_node
[0.389s] -- Up-to-date: /home/jain/Documents/GitHub/VRX_NUMarine/install/lib/my_navigation_pkg/goal_pose_listener
[0.390s] -- Up-to-date: /home/jain/Documents/GitHub/VRX_NUMarine/install/lib/my_navigation_pkg/goal_pose_broadcaster
[0.390s] -- Up-to-date: /home/jain/Documents/GitHub/VRX_NUMarine/install/include/
[0.390s] -- Up-to-date: /home/jain/Documents/GitHub/VRX_NUMarine/install/include//my_navigation_pkg
[0.392s] -- Up-to-date: /home/jain/Documents/GitHub/VRX_NUMarine/install/share/my_navigation_pkg/launch
[0.392s] -- Up-to-date: /home/jain/Documents/GitHub/VRX_NUMarine/install/share/my_navigation_pkg/launch/slam_launch.py
[0.392s] -- Up-to-date: /home/jain/Documents/GitHub/VRX_NUMarine/install/share/my_navigation_pkg/launch/gps_to_ned_launch.py
[0.398s] -- Up-to-date: /home/jain/Documents/GitHub/VRX_NUMarine/install/share/my_navigation_pkg/config
[0.398s] -- Up-to-date: /home/jain/Documents/GitHub/VRX_NUMarine/install/share/my_navigation_pkg/config/mppi_params.yaml
[0.398s] -- Up-to-date: /home/jain/Documents/GitHub/VRX_NUMarine/install/share/my_navigation_pkg/config/nav2_params.yaml
[0.398s] -- Installing: /home/jain/Documents/GitHub/VRX_NUMarine/install/share/my_navigation_pkg/config/slam_toolbox_params.yaml
[0.399s] -- Up-to-date: /home/jain/Documents/GitHub/VRX_NUMarine/install/share/ament_index/resource_index/package_run_dependencies/my_navigation_pkg
[0.399s] -- Up-to-date: /home/jain/Documents/GitHub/VRX_NUMarine/install/share/ament_index/resource_index/parent_prefix_path/my_navigation_pkg
[0.399s] -- Up-to-date: /home/jain/Documents/GitHub/VRX_NUMarine/install/share/my_navigation_pkg/environment/ament_prefix_path.sh
[0.399s] -- Up-to-date: /home/jain/Documents/GitHub/VRX_NUMarine/install/share/my_navigation_pkg/environment/ament_prefix_path.dsv
[0.399s] -- Up-to-date: /home/jain/Documents/GitHub/VRX_NUMarine/install/share/my_navigation_pkg/environment/path.sh
[0.399s] -- Up-to-date: /home/jain/Documents/GitHub/VRX_NUMarine/install/share/my_navigation_pkg/environment/path.dsv
[0.400s] -- Up-to-date: /home/jain/Documents/GitHub/VRX_NUMarine/install/share/my_navigation_pkg/local_setup.bash
[0.400s] -- Up-to-date: /home/jain/Documents/GitHub/VRX_NUMarine/install/share/my_navigation_pkg/local_setup.sh
[0.400s] -- Up-to-date: /home/jain/Documents/GitHub/VRX_NUMarine/install/share/my_navigation_pkg/local_setup.zsh
[0.400s] -- Up-to-date: /home/jain/Documents/GitHub/VRX_NUMarine/install/share/my_navigation_pkg/local_setup.dsv
[0.400s] -- Installing: /home/jain/Documents/GitHub/VRX_NUMarine/install/share/my_navigation_pkg/package.dsv
[0.400s] -- Up-to-date: /home/jain/Documents/GitHub/VRX_NUMarine/install/share/ament_index/resource_index/packages/my_navigation_pkg
[0.401s] -- Up-to-date: /home/jain/Documents/GitHub/VRX_NUMarine/install/share/my_navigation_pkg/cmake/my_navigation_pkgConfig.cmake
[0.401s] -- Up-to-date: /home/jain/Documents/GitHub/VRX_NUMarine/install/share/my_navigation_pkg/cmake/my_navigation_pkgConfig-version.cmake
[0.402s] -- Up-to-date: /home/jain/Documents/GitHub/VRX_NUMarine/install/share/my_navigation_pkg/package.xml
[0.440s] Invoked command in '/home/jain/Documents/GitHub/VRX_NUMarine/build/my_navigation_pkg' returned '0': CMAKE_PREFIX_PATH=${CMAKE_PREFIX_PATH}:/opt/ros/humble /usr/bin/cmake --install /home/jain/Documents/GitHub/VRX_NUMarine/build/my_navigation_pkg
