[0.005s] Invoking command in '/home/numarine/Documents/GitHub/VRX_NUMarine/build/wamv_description': AMENT_PREFIX_PATH=/home/numarine/Documents/GitHub/VRX_NUMarine/install:${AMENT_PREFIX_PATH} CMAKE_PREFIX_PATH=/home/numarine/Documents/GitHub/VRX_NUMarine/install:/opt/ros/humble GZ_SIM_RESOURCE_PATH=/home/numarine/Documents/GitHub/VRX_NUMarine/install/share/vrx_gazebo/models:/home/numarine/Documents/GitHub/VRX_NUMarine/install/share PYTHONPATH=/home/numarine/Documents/GitHub/VRX_NUMarine/install/local/lib/python3.10/dist-packages:${PYTHONPATH} /usr/bin/cmake /home/numarine/Documents/GitHub/VRX_NUMarine/src/vrx/ros_packages/vrx_urdf/wamv_description -DCMAKE_INSTALL_PREFIX=/home/numarine/Documents/GitHub/VRX_NUMarine/install
[0.051s] -- The C compiler identification is GNU 11.4.0
[0.101s] -- The CXX compiler identification is GNU 11.4.0
[0.106s] -- Detecting C compiler ABI info
[0.163s] -- Detecting C compiler ABI info - done
[0.175s] -- Check for working C compiler: /usr/bin/cc - skipped
[0.175s] -- Detecting C compile features
[0.175s] -- Detecting C compile features - done
[0.179s] -- Detecting CXX compiler ABI info
[0.249s] -- Detecting CXX compiler ABI info - done
[0.261s] -- Check for working CXX compiler: /usr/bin/c++ - skipped
[0.262s] -- Detecting CXX compile features
[0.262s] -- Detecting CXX compile features - done
[0.265s] -- Found ament_cmake: 1.3.9 (/opt/ros/humble/share/ament_cmake/cmake)
[0.394s] -- Found Python3: /usr/bin/python3 (found version "3.10.12") found components: Interpreter 
[0.475s] -- Found xacro: 2.0.8 (/opt/ros/humble/share/xacro/cmake)
[0.476s] -- xacro: determining deps for: urdf/wamv_base.urdf.xacro ...
[0.606s] -- Configuring done
[0.608s] -- Generating done
[0.609s] -- Build files have been written to: /home/numarine/Documents/GitHub/VRX_NUMarine/build/wamv_description
[0.613s] Invoked command in '/home/numarine/Documents/GitHub/VRX_NUMarine/build/wamv_description' returned '0': AMENT_PREFIX_PATH=/home/numarine/Documents/GitHub/VRX_NUMarine/install:${AMENT_PREFIX_PATH} CMAKE_PREFIX_PATH=/home/numarine/Documents/GitHub/VRX_NUMarine/install:/opt/ros/humble GZ_SIM_RESOURCE_PATH=/home/numarine/Documents/GitHub/VRX_NUMarine/install/share/vrx_gazebo/models:/home/numarine/Documents/GitHub/VRX_NUMarine/install/share PYTHONPATH=/home/numarine/Documents/GitHub/VRX_NUMarine/install/local/lib/python3.10/dist-packages:${PYTHONPATH} /usr/bin/cmake /home/numarine/Documents/GitHub/VRX_NUMarine/src/vrx/ros_packages/vrx_urdf/wamv_description -DCMAKE_INSTALL_PREFIX=/home/numarine/Documents/GitHub/VRX_NUMarine/install
[0.614s] Invoking command in '/home/numarine/Documents/GitHub/VRX_NUMarine/build/wamv_description': AMENT_PREFIX_PATH=/home/numarine/Documents/GitHub/VRX_NUMarine/install:${AMENT_PREFIX_PATH} CMAKE_PREFIX_PATH=/home/numarine/Documents/GitHub/VRX_NUMarine/install:/opt/ros/humble GZ_SIM_RESOURCE_PATH=/home/numarine/Documents/GitHub/VRX_NUMarine/install/share/vrx_gazebo/models:/home/numarine/Documents/GitHub/VRX_NUMarine/install/share PYTHONPATH=/home/numarine/Documents/GitHub/VRX_NUMarine/install/local/lib/python3.10/dist-packages:${PYTHONPATH} /usr/bin/cmake --build /home/numarine/Documents/GitHub/VRX_NUMarine/build/wamv_description -- -j12 -l12
[0.653s] [100%] [34m[1mxacro: generating urdf/wamv_base.urdf from urdf/wamv_base.urdf.xacro[0m
[0.742s] [100%] Built target wamv_description__xacro_auto_generate
[0.751s] Invoked command in '/home/numarine/Documents/GitHub/VRX_NUMarine/build/wamv_description' returned '0': AMENT_PREFIX_PATH=/home/numarine/Documents/GitHub/VRX_NUMarine/install:${AMENT_PREFIX_PATH} CMAKE_PREFIX_PATH=/home/numarine/Documents/GitHub/VRX_NUMarine/install:/opt/ros/humble GZ_SIM_RESOURCE_PATH=/home/numarine/Documents/GitHub/VRX_NUMarine/install/share/vrx_gazebo/models:/home/numarine/Documents/GitHub/VRX_NUMarine/install/share PYTHONPATH=/home/numarine/Documents/GitHub/VRX_NUMarine/install/local/lib/python3.10/dist-packages:${PYTHONPATH} /usr/bin/cmake --build /home/numarine/Documents/GitHub/VRX_NUMarine/build/wamv_description -- -j12 -l12
[0.771s] Invoking command in '/home/numarine/Documents/GitHub/VRX_NUMarine/build/wamv_description': AMENT_PREFIX_PATH=/home/numarine/Documents/GitHub/VRX_NUMarine/install:${AMENT_PREFIX_PATH} CMAKE_PREFIX_PATH=/home/numarine/Documents/GitHub/VRX_NUMarine/install:/opt/ros/humble GZ_SIM_RESOURCE_PATH=/home/numarine/Documents/GitHub/VRX_NUMarine/install/share/vrx_gazebo/models:/home/numarine/Documents/GitHub/VRX_NUMarine/install/share PYTHONPATH=/home/numarine/Documents/GitHub/VRX_NUMarine/install/local/lib/python3.10/dist-packages:${PYTHONPATH} /usr/bin/cmake --install /home/numarine/Documents/GitHub/VRX_NUMarine/build/wamv_description
[0.777s] -- Install configuration: ""
[0.778s] -- Installing: /home/numarine/Documents/GitHub/VRX_NUMarine/install/share/wamv_description/environment/resource_paths.dsv
[0.778s] -- Installing: /home/numarine/Documents/GitHub/VRX_NUMarine/install/share/wamv_description/environment/resource_paths.sh
[0.778s] -- Installing: /home/numarine/Documents/GitHub/VRX_NUMarine/install/share/wamv_description/urdf/wamv_base.urdf
[0.778s] -- Installing: /home/numarine/Documents/GitHub/VRX_NUMarine/install/share/wamv_description/models
[0.778s] -- Installing: /home/numarine/Documents/GitHub/VRX_NUMarine/install/share/wamv_description/models/engine
[0.778s] -- Installing: /home/numarine/Documents/GitHub/VRX_NUMarine/install/share/wamv_description/models/engine/model.config
[0.778s] -- Installing: /home/numarine/Documents/GitHub/VRX_NUMarine/install/share/wamv_description/models/engine/mesh
[0.779s] -- Installing: /home/numarine/Documents/GitHub/VRX_NUMarine/install/share/wamv_description/models/engine/mesh/engine.dae
[0.779s] -- Installing: /home/numarine/Documents/GitHub/VRX_NUMarine/install/share/wamv_description/models/WAM-V-Base
[0.779s] -- Installing: /home/numarine/Documents/GitHub/VRX_NUMarine/install/share/wamv_description/models/WAM-V-Base/model.config
[0.779s] -- Installing: /home/numarine/Documents/GitHub/VRX_NUMarine/install/share/wamv_description/models/WAM-V-Base/mesh
[0.779s] -- Installing: /home/numarine/Documents/GitHub/VRX_NUMarine/install/share/wamv_description/models/WAM-V-Base/mesh/WamV.png
[0.780s] -- Installing: /home/numarine/Documents/GitHub/VRX_NUMarine/install/share/wamv_description/models/WAM-V-Base/mesh/WAM-V_Albedo.png
[0.786s] -- Installing: /home/numarine/Documents/GitHub/VRX_NUMarine/install/share/wamv_description/models/WAM-V-Base/mesh/WAM-V_Metalness.png
[0.787s] -- Installing: /home/numarine/Documents/GitHub/VRX_NUMarine/install/share/wamv_description/models/WAM-V-Base/mesh/WAM-V_Roughness.png
[0.789s] -- Installing: /home/numarine/Documents/GitHub/VRX_NUMarine/install/share/wamv_description/models/WAM-V-Base/mesh/WAM-V_Normal.png
[0.794s] -- Installing: /home/numarine/Documents/GitHub/VRX_NUMarine/install/share/wamv_description/models/WAM-V-Base/mesh/WAM-V-Base.dae
[0.795s] -- Installing: /home/numarine/Documents/GitHub/VRX_NUMarine/install/share/wamv_description/models/propeller
[0.795s] -- Installing: /home/numarine/Documents/GitHub/VRX_NUMarine/install/share/wamv_description/models/propeller/model.config
[0.795s] -- Installing: /home/numarine/Documents/GitHub/VRX_NUMarine/install/share/wamv_description/models/propeller/mesh
[0.795s] -- Installing: /home/numarine/Documents/GitHub/VRX_NUMarine/install/share/wamv_description/models/propeller/mesh/propeller.dae
[0.795s] -- Up-to-date: /home/numarine/Documents/GitHub/VRX_NUMarine/install/share/wamv_description/urdf
[0.796s] -- Installing: /home/numarine/Documents/GitHub/VRX_NUMarine/install/share/wamv_description/urdf/battery.xacro
[0.796s] -- Installing: /home/numarine/Documents/GitHub/VRX_NUMarine/install/share/wamv_description/urdf/wamv_base.urdf.xacro
[0.796s] -- Installing: /home/numarine/Documents/GitHub/VRX_NUMarine/install/share/wamv_description/urdf/cpu_cases.xacro
[0.796s] -- Installing: /home/numarine/Documents/GitHub/VRX_NUMarine/install/share/wamv_description/urdf/thrusters
[0.796s] -- Installing: /home/numarine/Documents/GitHub/VRX_NUMarine/install/share/wamv_description/urdf/thrusters/engine.xacro
[0.796s] -- Installing: /home/numarine/Documents/GitHub/VRX_NUMarine/install/share/ament_index/resource_index/package_run_dependencies/wamv_description
[0.796s] -- Installing: /home/numarine/Documents/GitHub/VRX_NUMarine/install/share/ament_index/resource_index/parent_prefix_path/wamv_description
[0.796s] -- Installing: /home/numarine/Documents/GitHub/VRX_NUMarine/install/share/wamv_description/environment/ament_prefix_path.sh
[0.797s] -- Installing: /home/numarine/Documents/GitHub/VRX_NUMarine/install/share/wamv_description/environment/ament_prefix_path.dsv
[0.797s] -- Installing: /home/numarine/Documents/GitHub/VRX_NUMarine/install/share/wamv_description/environment/path.sh
[0.797s] -- Installing: /home/numarine/Documents/GitHub/VRX_NUMarine/install/share/wamv_description/environment/path.dsv
[0.797s] -- Installing: /home/numarine/Documents/GitHub/VRX_NUMarine/install/share/wamv_description/local_setup.bash
[0.797s] -- Installing: /home/numarine/Documents/GitHub/VRX_NUMarine/install/share/wamv_description/local_setup.sh
[0.797s] -- Installing: /home/numarine/Documents/GitHub/VRX_NUMarine/install/share/wamv_description/local_setup.zsh
[0.797s] -- Installing: /home/numarine/Documents/GitHub/VRX_NUMarine/install/share/wamv_description/local_setup.dsv
[0.797s] -- Installing: /home/numarine/Documents/GitHub/VRX_NUMarine/install/share/wamv_description/package.dsv
[0.797s] -- Installing: /home/numarine/Documents/GitHub/VRX_NUMarine/install/share/ament_index/resource_index/packages/wamv_description
[0.798s] -- Installing: /home/numarine/Documents/GitHub/VRX_NUMarine/install/share/wamv_description/cmake/wamv_descriptionConfig.cmake
[0.798s] -- Installing: /home/numarine/Documents/GitHub/VRX_NUMarine/install/share/wamv_description/cmake/wamv_descriptionConfig-version.cmake
[0.798s] -- Installing: /home/numarine/Documents/GitHub/VRX_NUMarine/install/share/wamv_description/package.xml
[0.800s] Invoked command in '/home/numarine/Documents/GitHub/VRX_NUMarine/build/wamv_description' returned '0': AMENT_PREFIX_PATH=/home/numarine/Documents/GitHub/VRX_NUMarine/install:${AMENT_PREFIX_PATH} CMAKE_PREFIX_PATH=/home/numarine/Documents/GitHub/VRX_NUMarine/install:/opt/ros/humble GZ_SIM_RESOURCE_PATH=/home/numarine/Documents/GitHub/VRX_NUMarine/install/share/vrx_gazebo/models:/home/numarine/Documents/GitHub/VRX_NUMarine/install/share PYTHONPATH=/home/numarine/Documents/GitHub/VRX_NUMarine/install/local/lib/python3.10/dist-packages:${PYTHONPATH} /usr/bin/cmake --install /home/numarine/Documents/GitHub/VRX_NUMarine/build/wamv_description
