[0.024s] Invoking command in '/home/jain/Documents/GitHub/VRX_NUMarine/build/vrx_gz': AMENT_PREFIX_PATH=/home/jain/Documents/GitHub/VRX_NUMarine/install:${AMENT_PREFIX_PATH} CMAKE_PREFIX_PATH=/home/jain/Documents/GitHub/VRX_NUMarine/install:/opt/ros/humble LD_LIBRARY_PATH=/home/jain/Documents/GitHub/VRX_NUMarine/install/lib:${LD_LIBRARY_PATH} /usr/bin/cmake --build /home/jain/Documents/GitHub/VRX_NUMarine/build/vrx_gz -- -j8 -l8
[0.104s] [  4%] Built target ScoringPlugin
[0.107s] [  8%] Built target Waves
[0.114s] [  8%] Built target ament_cmake_python_copy_vrx_gz
[0.176s] [ 27%] Built target StationkeepingScoringPlugin
[0.177s] [ 27%] Built target PolyhedraBuoyancyDrag
[0.186s] [ 27%] Built target AcousticPingerPlugin
[0.186s] [ 33%] Built target AcousticTrackingScoringPlugin
[0.186s] [ 39%] Built target WayfindingScoringPlugin
[0.187s] [ 43%] Built target LightBuoyPlugin
[0.191s] [ 47%] Built target BallShooterPlugin
[0.192s] [ 54%] Built target AcousticPerceptionScoringPlugin
[0.233s] [ 58%] Built target NavigationScoringPlugin
[0.237s] [ 62%] Built target Surface
[0.242s] [ 66%] Built target GymkhanaScoringPlugin
[0.245s] [ 70%] Built target PerceptionScoringPlugin
[0.258s] [ 75%] Built target PlacardPlugin
[0.263s] [ 79%] Built target SimpleHydrodynamics
[0.274s] [ 83%] Built target PublisherPlugin
[0.276s] [ 87%] Built target ScanDockScoringPlugin
[0.295s] [ 91%] Built target USVWind
[0.303s] [ 95%] Built target WaveVisual
[0.315s] [100%] Built target WildlifeScoringPlugin
[0.625s] running egg_info
[0.626s] writing vrx_gz.egg-info/PKG-INFO
[0.627s] writing dependency_links to vrx_gz.egg-info/dependency_links.txt
[0.627s] writing top-level names to vrx_gz.egg-info/top_level.txt
[0.629s] reading manifest file 'vrx_gz.egg-info/SOURCES.txt'
[0.630s] writing manifest file 'vrx_gz.egg-info/SOURCES.txt'
[0.672s] [100%] Built target ament_cmake_python_build_vrx_gz_egg
[0.686s] Invoked command in '/home/jain/Documents/GitHub/VRX_NUMarine/build/vrx_gz' returned '0': AMENT_PREFIX_PATH=/home/jain/Documents/GitHub/VRX_NUMarine/install:${AMENT_PREFIX_PATH} CMAKE_PREFIX_PATH=/home/jain/Documents/GitHub/VRX_NUMarine/install:/opt/ros/humble LD_LIBRARY_PATH=/home/jain/Documents/GitHub/VRX_NUMarine/install/lib:${LD_LIBRARY_PATH} /usr/bin/cmake --build /home/jain/Documents/GitHub/VRX_NUMarine/build/vrx_gz -- -j8 -l8
