[0.009s] Invoking command in '/home/numarine/Documents/GitHub/VRX_NUMarine/build/wamv_gazebo': AMENT_PREFIX_PATH=/home/numarine/Documents/GitHub/VRX_NUMarine/install:${AMENT_PREFIX_PATH} CMAKE_PREFIX_PATH=/home/numarine/Documents/GitHub/VRX_NUMarine/install:/opt/ros/humble GZ_SIM_RESOURCE_PATH=/home/numarine/Documents/GitHub/VRX_NUMarine/install/share/wamv_description/models:/home/numarine/Documents/GitHub/VRX_NUMarine/install/share/vrx_gazebo/models:/home/numarine/Documents/GitHub/VRX_NUMarine/install/share PYTHONPATH=/home/numarine/Documents/GitHub/VRX_NUMarine/install/local/lib/python3.10/dist-packages:${PYTHONPATH} /usr/bin/cmake /home/numarine/Documents/GitHub/VRX_NUMarine/src/vrx/ros_packages/vrx_urdf/wamv_gazebo -DCMAKE_INSTALL_PREFIX=/home/numarine/Documents/GitHub/VRX_NUMarine/install
[0.061s] -- The C compiler identification is GNU 11.4.0
[0.115s] -- The CXX compiler identification is GNU 11.4.0
[0.125s] -- Detecting C compiler ABI info
[0.184s] -- Detecting C compiler ABI info - done
[0.198s] -- Check for working C compiler: /usr/bin/cc - skipped
[0.199s] -- Detecting C compile features
[0.199s] -- Detecting C compile features - done
[0.204s] -- Detecting CXX compiler ABI info
[0.272s] -- Detecting CXX compiler ABI info - done
[0.285s] -- Check for working CXX compiler: /usr/bin/c++ - skipped
[0.285s] -- Detecting CXX compile features
[0.286s] -- Detecting CXX compile features - done
[0.289s] -- Found ament_cmake: 1.3.9 (/opt/ros/humble/share/ament_cmake/cmake)
[0.421s] -- Found Python3: /usr/bin/python3 (found version "3.10.12") found components: Interpreter 
[0.504s] -- Found xacro: 2.0.8 (/opt/ros/humble/share/xacro/cmake)
[0.504s] -- Found wamv_description: 1.3.0 (/home/numarine/Documents/GitHub/VRX_NUMarine/install/share/wamv_description/cmake)
[0.561s] -- Configuring done
[0.563s] -- Generating done
[0.564s] -- Build files have been written to: /home/numarine/Documents/GitHub/VRX_NUMarine/build/wamv_gazebo
[0.568s] Invoked command in '/home/numarine/Documents/GitHub/VRX_NUMarine/build/wamv_gazebo' returned '0': AMENT_PREFIX_PATH=/home/numarine/Documents/GitHub/VRX_NUMarine/install:${AMENT_PREFIX_PATH} CMAKE_PREFIX_PATH=/home/numarine/Documents/GitHub/VRX_NUMarine/install:/opt/ros/humble GZ_SIM_RESOURCE_PATH=/home/numarine/Documents/GitHub/VRX_NUMarine/install/share/wamv_description/models:/home/numarine/Documents/GitHub/VRX_NUMarine/install/share/vrx_gazebo/models:/home/numarine/Documents/GitHub/VRX_NUMarine/install/share PYTHONPATH=/home/numarine/Documents/GitHub/VRX_NUMarine/install/local/lib/python3.10/dist-packages:${PYTHONPATH} /usr/bin/cmake /home/numarine/Documents/GitHub/VRX_NUMarine/src/vrx/ros_packages/vrx_urdf/wamv_gazebo -DCMAKE_INSTALL_PREFIX=/home/numarine/Documents/GitHub/VRX_NUMarine/install
[0.570s] Invoking command in '/home/numarine/Documents/GitHub/VRX_NUMarine/build/wamv_gazebo': AMENT_PREFIX_PATH=/home/numarine/Documents/GitHub/VRX_NUMarine/install:${AMENT_PREFIX_PATH} CMAKE_PREFIX_PATH=/home/numarine/Documents/GitHub/VRX_NUMarine/install:/opt/ros/humble GZ_SIM_RESOURCE_PATH=/home/numarine/Documents/GitHub/VRX_NUMarine/install/share/wamv_description/models:/home/numarine/Documents/GitHub/VRX_NUMarine/install/share/vrx_gazebo/models:/home/numarine/Documents/GitHub/VRX_NUMarine/install/share PYTHONPATH=/home/numarine/Documents/GitHub/VRX_NUMarine/install/local/lib/python3.10/dist-packages:${PYTHONPATH} /usr/bin/cmake --build /home/numarine/Documents/GitHub/VRX_NUMarine/build/wamv_gazebo -- -j12 -l12
[0.602s] Invoked command in '/home/numarine/Documents/GitHub/VRX_NUMarine/build/wamv_gazebo' returned '0': AMENT_PREFIX_PATH=/home/numarine/Documents/GitHub/VRX_NUMarine/install:${AMENT_PREFIX_PATH} CMAKE_PREFIX_PATH=/home/numarine/Documents/GitHub/VRX_NUMarine/install:/opt/ros/humble GZ_SIM_RESOURCE_PATH=/home/numarine/Documents/GitHub/VRX_NUMarine/install/share/wamv_description/models:/home/numarine/Documents/GitHub/VRX_NUMarine/install/share/vrx_gazebo/models:/home/numarine/Documents/GitHub/VRX_NUMarine/install/share PYTHONPATH=/home/numarine/Documents/GitHub/VRX_NUMarine/install/local/lib/python3.10/dist-packages:${PYTHONPATH} /usr/bin/cmake --build /home/numarine/Documents/GitHub/VRX_NUMarine/build/wamv_gazebo -- -j12 -l12
[0.622s] Invoking command in '/home/numarine/Documents/GitHub/VRX_NUMarine/build/wamv_gazebo': AMENT_PREFIX_PATH=/home/numarine/Documents/GitHub/VRX_NUMarine/install:${AMENT_PREFIX_PATH} CMAKE_PREFIX_PATH=/home/numarine/Documents/GitHub/VRX_NUMarine/install:/opt/ros/humble GZ_SIM_RESOURCE_PATH=/home/numarine/Documents/GitHub/VRX_NUMarine/install/share/wamv_description/models:/home/numarine/Documents/GitHub/VRX_NUMarine/install/share/vrx_gazebo/models:/home/numarine/Documents/GitHub/VRX_NUMarine/install/share PYTHONPATH=/home/numarine/Documents/GitHub/VRX_NUMarine/install/local/lib/python3.10/dist-packages:${PYTHONPATH} /usr/bin/cmake --install /home/numarine/Documents/GitHub/VRX_NUMarine/build/wamv_gazebo
[0.628s] -- Install configuration: ""
[0.629s] -- Installing: /home/numarine/Documents/GitHub/VRX_NUMarine/install/share/wamv_gazebo/models
[0.629s] -- Installing: /home/numarine/Documents/GitHub/VRX_NUMarine/install/share/wamv_gazebo/models/gps
[0.629s] -- Installing: /home/numarine/Documents/GitHub/VRX_NUMarine/install/share/wamv_gazebo/models/gps/model.config
[0.629s] -- Installing: /home/numarine/Documents/GitHub/VRX_NUMarine/install/share/wamv_gazebo/models/gps/mesh
[0.629s] -- Installing: /home/numarine/Documents/GitHub/VRX_NUMarine/install/share/wamv_gazebo/models/gps/mesh/gps.png
[0.629s] -- Installing: /home/numarine/Documents/GitHub/VRX_NUMarine/install/share/wamv_gazebo/models/gps/mesh/gps.dae
[0.629s] -- Installing: /home/numarine/Documents/GitHub/VRX_NUMarine/install/share/wamv_gazebo/urdf
[0.630s] -- Installing: /home/numarine/Documents/GitHub/VRX_NUMarine/install/share/wamv_gazebo/urdf/dynamics
[0.630s] -- Installing: /home/numarine/Documents/GitHub/VRX_NUMarine/install/share/wamv_gazebo/urdf/dynamics/wamv_gazebo_dynamics_plugin.xacro
[0.630s] -- Installing: /home/numarine/Documents/GitHub/VRX_NUMarine/install/share/wamv_gazebo/urdf/wamv_gazebo.xacro
[0.630s] -- Installing: /home/numarine/Documents/GitHub/VRX_NUMarine/install/share/wamv_gazebo/urdf/thruster_layouts
[0.630s] -- Installing: /home/numarine/Documents/GitHub/VRX_NUMarine/install/share/wamv_gazebo/urdf/thruster_layouts/wamv_x_thrusters.xacro
[0.630s] -- Installing: /home/numarine/Documents/GitHub/VRX_NUMarine/install/share/wamv_gazebo/urdf/thruster_layouts/wamv_gazebo_thruster_config.xacro
[0.630s] -- Installing: /home/numarine/Documents/GitHub/VRX_NUMarine/install/share/wamv_gazebo/urdf/thruster_layouts/wamv_t_thrusters.xacro
[0.631s] -- Installing: /home/numarine/Documents/GitHub/VRX_NUMarine/install/share/wamv_gazebo/urdf/thruster_layouts/wamv_aft_thrusters.xacro
[0.631s] -- Installing: /home/numarine/Documents/GitHub/VRX_NUMarine/install/share/wamv_gazebo/urdf/wamv_gazebo.urdf.xacro
[0.631s] -- Installing: /home/numarine/Documents/GitHub/VRX_NUMarine/install/share/wamv_gazebo/urdf/components
[0.631s] -- Installing: /home/numarine/Documents/GitHub/VRX_NUMarine/install/share/wamv_gazebo/urdf/components/wamv_imu.xacro
[0.631s] -- Installing: /home/numarine/Documents/GitHub/VRX_NUMarine/install/share/wamv_gazebo/urdf/components/lidar.xacro
[0.631s] -- Installing: /home/numarine/Documents/GitHub/VRX_NUMarine/install/share/wamv_gazebo/urdf/components/ball_shooter.xacro
[0.631s] -- Installing: /home/numarine/Documents/GitHub/VRX_NUMarine/install/share/wamv_gazebo/urdf/components/wamv_planar_lidar.xacro
[0.631s] -- Installing: /home/numarine/Documents/GitHub/VRX_NUMarine/install/share/wamv_gazebo/urdf/components/wamv_camera.xacro
[0.632s] -- Installing: /home/numarine/Documents/GitHub/VRX_NUMarine/install/share/wamv_gazebo/urdf/components/wamv_pinger.xacro
[0.632s] -- Installing: /home/numarine/Documents/GitHub/VRX_NUMarine/install/share/wamv_gazebo/urdf/components/wamv_p3d.xacro
[0.632s] -- Installing: /home/numarine/Documents/GitHub/VRX_NUMarine/install/share/wamv_gazebo/urdf/components/wamv_3d_lidar.xacro
[0.632s] -- Installing: /home/numarine/Documents/GitHub/VRX_NUMarine/install/share/wamv_gazebo/urdf/components/wamv_gps.xacro
[0.632s] -- Installing: /home/numarine/Documents/GitHub/VRX_NUMarine/install/share/wamv_gazebo/urdf/macros.xacro
[0.632s] -- Installing: /home/numarine/Documents/GitHub/VRX_NUMarine/install/share/ament_index/resource_index/package_run_dependencies/wamv_gazebo
[0.632s] -- Installing: /home/numarine/Documents/GitHub/VRX_NUMarine/install/share/ament_index/resource_index/parent_prefix_path/wamv_gazebo
[0.632s] -- Installing: /home/numarine/Documents/GitHub/VRX_NUMarine/install/share/wamv_gazebo/environment/ament_prefix_path.sh
[0.633s] -- Installing: /home/numarine/Documents/GitHub/VRX_NUMarine/install/share/wamv_gazebo/environment/ament_prefix_path.dsv
[0.633s] -- Installing: /home/numarine/Documents/GitHub/VRX_NUMarine/install/share/wamv_gazebo/environment/path.sh
[0.633s] -- Installing: /home/numarine/Documents/GitHub/VRX_NUMarine/install/share/wamv_gazebo/environment/path.dsv
[0.633s] -- Installing: /home/numarine/Documents/GitHub/VRX_NUMarine/install/share/wamv_gazebo/local_setup.bash
[0.633s] -- Installing: /home/numarine/Documents/GitHub/VRX_NUMarine/install/share/wamv_gazebo/local_setup.sh
[0.633s] -- Installing: /home/numarine/Documents/GitHub/VRX_NUMarine/install/share/wamv_gazebo/local_setup.zsh
[0.633s] -- Installing: /home/numarine/Documents/GitHub/VRX_NUMarine/install/share/wamv_gazebo/local_setup.dsv
[0.633s] -- Installing: /home/numarine/Documents/GitHub/VRX_NUMarine/install/share/wamv_gazebo/package.dsv
[0.633s] -- Installing: /home/numarine/Documents/GitHub/VRX_NUMarine/install/share/ament_index/resource_index/packages/wamv_gazebo
[0.634s] -- Installing: /home/numarine/Documents/GitHub/VRX_NUMarine/install/share/wamv_gazebo/cmake/wamv_gazeboConfig.cmake
[0.634s] -- Installing: /home/numarine/Documents/GitHub/VRX_NUMarine/install/share/wamv_gazebo/cmake/wamv_gazeboConfig-version.cmake
[0.634s] -- Installing: /home/numarine/Documents/GitHub/VRX_NUMarine/install/share/wamv_gazebo/package.xml
[0.635s] Invoked command in '/home/numarine/Documents/GitHub/VRX_NUMarine/build/wamv_gazebo' returned '0': AMENT_PREFIX_PATH=/home/numarine/Documents/GitHub/VRX_NUMarine/install:${AMENT_PREFIX_PATH} CMAKE_PREFIX_PATH=/home/numarine/Documents/GitHub/VRX_NUMarine/install:/opt/ros/humble GZ_SIM_RESOURCE_PATH=/home/numarine/Documents/GitHub/VRX_NUMarine/install/share/wamv_description/models:/home/numarine/Documents/GitHub/VRX_NUMarine/install/share/vrx_gazebo/models:/home/numarine/Documents/GitHub/VRX_NUMarine/install/share PYTHONPATH=/home/numarine/Documents/GitHub/VRX_NUMarine/install/local/lib/python3.10/dist-packages:${PYTHONPATH} /usr/bin/cmake --install /home/numarine/Documents/GitHub/VRX_NUMarine/build/wamv_gazebo
