[0.008s] Invoking command in '/home/robotx/Documents/GitHub/VRX_NUMarine/build/wamv_gazebo': AMENT_PREFIX_PATH=/home/robotx/Documents/GitHub/VRX_NUMarine/install:${AMENT_PREFIX_PATH} CMAKE_PREFIX_PATH=/home/robotx/Documents/GitHub/VRX_NUMarine/install:/opt/ros/humble GZ_SIM_RESOURCE_PATH=/home/robotx/Documents/GitHub/VRX_NUMarine/install/share/wamv_description/models:/home/robotx/Documents/GitHub/VRX_NUMarine/install/share/vrx_gazebo/models:/home/robotx/Documents/GitHub/VRX_NUMarine/install/share PYTHONPATH=/home/robotx/Documents/GitHub/VRX_NUMarine/install/local/lib/python3.10/dist-packages:${PYTHONPATH} /usr/bin/cmake /home/robotx/Documents/GitHub/VRX_NUMarine/src/vrx/ros_packages/vrx_urdf/wamv_gazebo -DCMAKE_INSTALL_PREFIX=/home/robotx/Documents/GitHub/VRX_NUMarine/install
[0.052s] -- The C compiler identification is GNU 11.4.0
[0.098s] -- The CXX compiler identification is GNU 11.4.0
[0.104s] -- Detecting C compiler ABI info
[0.160s] -- Detecting C compiler ABI info - done
[0.175s] -- Check for working C compiler: /usr/bin/cc - skipped
[0.175s] -- Detecting C compile features
[0.175s] -- Detecting C compile features - done
[0.178s] -- Detecting CXX compiler ABI info
[0.243s] -- Detecting CXX compiler ABI info - done
[0.249s] -- Check for working CXX compiler: /usr/bin/c++ - skipped
[0.249s] -- Detecting CXX compile features
[0.250s] -- Detecting CXX compile features - done
[0.252s] -- Found ament_cmake: 1.3.9 (/opt/ros/humble/share/ament_cmake/cmake)
[0.378s] -- Found Python3: /usr/bin/python3 (found version "3.10.12") found components: Interpreter 
[0.453s] -- Found xacro: 2.0.8 (/opt/ros/humble/share/xacro/cmake)
[0.454s] -- Found wamv_description: 1.3.0 (/home/robotx/Documents/GitHub/VRX_NUMarine/install/share/wamv_description/cmake)
[0.508s] -- Configuring done
[0.510s] -- Generating done
[0.511s] -- Build files have been written to: /home/robotx/Documents/GitHub/VRX_NUMarine/build/wamv_gazebo
[0.515s] Invoked command in '/home/robotx/Documents/GitHub/VRX_NUMarine/build/wamv_gazebo' returned '0': AMENT_PREFIX_PATH=/home/robotx/Documents/GitHub/VRX_NUMarine/install:${AMENT_PREFIX_PATH} CMAKE_PREFIX_PATH=/home/robotx/Documents/GitHub/VRX_NUMarine/install:/opt/ros/humble GZ_SIM_RESOURCE_PATH=/home/robotx/Documents/GitHub/VRX_NUMarine/install/share/wamv_description/models:/home/robotx/Documents/GitHub/VRX_NUMarine/install/share/vrx_gazebo/models:/home/robotx/Documents/GitHub/VRX_NUMarine/install/share PYTHONPATH=/home/robotx/Documents/GitHub/VRX_NUMarine/install/local/lib/python3.10/dist-packages:${PYTHONPATH} /usr/bin/cmake /home/robotx/Documents/GitHub/VRX_NUMarine/src/vrx/ros_packages/vrx_urdf/wamv_gazebo -DCMAKE_INSTALL_PREFIX=/home/robotx/Documents/GitHub/VRX_NUMarine/install
[0.516s] Invoking command in '/home/robotx/Documents/GitHub/VRX_NUMarine/build/wamv_gazebo': AMENT_PREFIX_PATH=/home/robotx/Documents/GitHub/VRX_NUMarine/install:${AMENT_PREFIX_PATH} CMAKE_PREFIX_PATH=/home/robotx/Documents/GitHub/VRX_NUMarine/install:/opt/ros/humble GZ_SIM_RESOURCE_PATH=/home/robotx/Documents/GitHub/VRX_NUMarine/install/share/wamv_description/models:/home/robotx/Documents/GitHub/VRX_NUMarine/install/share/vrx_gazebo/models:/home/robotx/Documents/GitHub/VRX_NUMarine/install/share PYTHONPATH=/home/robotx/Documents/GitHub/VRX_NUMarine/install/local/lib/python3.10/dist-packages:${PYTHONPATH} /usr/bin/cmake --build /home/robotx/Documents/GitHub/VRX_NUMarine/build/wamv_gazebo -- -j12 -l12
[0.547s] Invoked command in '/home/robotx/Documents/GitHub/VRX_NUMarine/build/wamv_gazebo' returned '0': AMENT_PREFIX_PATH=/home/robotx/Documents/GitHub/VRX_NUMarine/install:${AMENT_PREFIX_PATH} CMAKE_PREFIX_PATH=/home/robotx/Documents/GitHub/VRX_NUMarine/install:/opt/ros/humble GZ_SIM_RESOURCE_PATH=/home/robotx/Documents/GitHub/VRX_NUMarine/install/share/wamv_description/models:/home/robotx/Documents/GitHub/VRX_NUMarine/install/share/vrx_gazebo/models:/home/robotx/Documents/GitHub/VRX_NUMarine/install/share PYTHONPATH=/home/robotx/Documents/GitHub/VRX_NUMarine/install/local/lib/python3.10/dist-packages:${PYTHONPATH} /usr/bin/cmake --build /home/robotx/Documents/GitHub/VRX_NUMarine/build/wamv_gazebo -- -j12 -l12
[0.566s] Invoking command in '/home/robotx/Documents/GitHub/VRX_NUMarine/build/wamv_gazebo': AMENT_PREFIX_PATH=/home/robotx/Documents/GitHub/VRX_NUMarine/install:${AMENT_PREFIX_PATH} CMAKE_PREFIX_PATH=/home/robotx/Documents/GitHub/VRX_NUMarine/install:/opt/ros/humble GZ_SIM_RESOURCE_PATH=/home/robotx/Documents/GitHub/VRX_NUMarine/install/share/wamv_description/models:/home/robotx/Documents/GitHub/VRX_NUMarine/install/share/vrx_gazebo/models:/home/robotx/Documents/GitHub/VRX_NUMarine/install/share PYTHONPATH=/home/robotx/Documents/GitHub/VRX_NUMarine/install/local/lib/python3.10/dist-packages:${PYTHONPATH} /usr/bin/cmake --install /home/robotx/Documents/GitHub/VRX_NUMarine/build/wamv_gazebo
[0.573s] -- Install configuration: ""
[0.573s] -- Installing: /home/robotx/Documents/GitHub/VRX_NUMarine/install/share/wamv_gazebo/models
[0.573s] -- Installing: /home/robotx/Documents/GitHub/VRX_NUMarine/install/share/wamv_gazebo/models/gps
[0.573s] -- Installing: /home/robotx/Documents/GitHub/VRX_NUMarine/install/share/wamv_gazebo/models/gps/mesh
[0.574s] -- Installing: /home/robotx/Documents/GitHub/VRX_NUMarine/install/share/wamv_gazebo/models/gps/mesh/gps.png
[0.574s] -- Installing: /home/robotx/Documents/GitHub/VRX_NUMarine/install/share/wamv_gazebo/models/gps/mesh/gps.dae
[0.574s] -- Installing: /home/robotx/Documents/GitHub/VRX_NUMarine/install/share/wamv_gazebo/models/gps/model.config
[0.574s] -- Installing: /home/robotx/Documents/GitHub/VRX_NUMarine/install/share/wamv_gazebo/urdf
[0.574s] -- Installing: /home/robotx/Documents/GitHub/VRX_NUMarine/install/share/wamv_gazebo/urdf/thruster_layouts
[0.574s] -- Installing: /home/robotx/Documents/GitHub/VRX_NUMarine/install/share/wamv_gazebo/urdf/thruster_layouts/wamv_x_thrusters.xacro
[0.574s] -- Installing: /home/robotx/Documents/GitHub/VRX_NUMarine/install/share/wamv_gazebo/urdf/thruster_layouts/wamv_t_thrusters.xacro
[0.575s] -- Installing: /home/robotx/Documents/GitHub/VRX_NUMarine/install/share/wamv_gazebo/urdf/thruster_layouts/wamv_aft_thrusters.xacro
[0.575s] -- Installing: /home/robotx/Documents/GitHub/VRX_NUMarine/install/share/wamv_gazebo/urdf/thruster_layouts/wamv_gazebo_thruster_config.xacro
[0.575s] -- Installing: /home/robotx/Documents/GitHub/VRX_NUMarine/install/share/wamv_gazebo/urdf/dynamics
[0.575s] -- Installing: /home/robotx/Documents/GitHub/VRX_NUMarine/install/share/wamv_gazebo/urdf/dynamics/wamv_gazebo_dynamics_plugin.xacro
[0.575s] -- Installing: /home/robotx/Documents/GitHub/VRX_NUMarine/install/share/wamv_gazebo/urdf/components
[0.575s] -- Installing: /home/robotx/Documents/GitHub/VRX_NUMarine/install/share/wamv_gazebo/urdf/components/wamv_gps.xacro
[0.575s] -- Installing: /home/robotx/Documents/GitHub/VRX_NUMarine/install/share/wamv_gazebo/urdf/components/lidar.xacro
[0.575s] -- Installing: /home/robotx/Documents/GitHub/VRX_NUMarine/install/share/wamv_gazebo/urdf/components/wamv_imu.xacro
[0.576s] -- Installing: /home/robotx/Documents/GitHub/VRX_NUMarine/install/share/wamv_gazebo/urdf/components/wamv_camera.xacro
[0.576s] -- Installing: /home/robotx/Documents/GitHub/VRX_NUMarine/install/share/wamv_gazebo/urdf/components/ball_shooter.xacro
[0.576s] -- Installing: /home/robotx/Documents/GitHub/VRX_NUMarine/install/share/wamv_gazebo/urdf/components/wamv_3d_lidar.xacro
[0.576s] -- Installing: /home/robotx/Documents/GitHub/VRX_NUMarine/install/share/wamv_gazebo/urdf/components/wamv_planar_lidar.xacro
[0.576s] -- Installing: /home/robotx/Documents/GitHub/VRX_NUMarine/install/share/wamv_gazebo/urdf/components/wamv_p3d.xacro
[0.576s] -- Installing: /home/robotx/Documents/GitHub/VRX_NUMarine/install/share/wamv_gazebo/urdf/components/wamv_pinger.xacro
[0.576s] -- Installing: /home/robotx/Documents/GitHub/VRX_NUMarine/install/share/wamv_gazebo/urdf/wamv_gazebo.urdf.xacro
[0.576s] -- Installing: /home/robotx/Documents/GitHub/VRX_NUMarine/install/share/wamv_gazebo/urdf/wamv_gazebo.xacro
[0.576s] -- Installing: /home/robotx/Documents/GitHub/VRX_NUMarine/install/share/wamv_gazebo/urdf/macros.xacro
[0.577s] -- Installing: /home/robotx/Documents/GitHub/VRX_NUMarine/install/share/ament_index/resource_index/package_run_dependencies/wamv_gazebo
[0.577s] -- Installing: /home/robotx/Documents/GitHub/VRX_NUMarine/install/share/ament_index/resource_index/parent_prefix_path/wamv_gazebo
[0.577s] -- Installing: /home/robotx/Documents/GitHub/VRX_NUMarine/install/share/wamv_gazebo/environment/ament_prefix_path.sh
[0.577s] -- Installing: /home/robotx/Documents/GitHub/VRX_NUMarine/install/share/wamv_gazebo/environment/ament_prefix_path.dsv
[0.577s] -- Installing: /home/robotx/Documents/GitHub/VRX_NUMarine/install/share/wamv_gazebo/environment/path.sh
[0.577s] -- Installing: /home/robotx/Documents/GitHub/VRX_NUMarine/install/share/wamv_gazebo/environment/path.dsv
[0.577s] -- Installing: /home/robotx/Documents/GitHub/VRX_NUMarine/install/share/wamv_gazebo/local_setup.bash
[0.577s] -- Installing: /home/robotx/Documents/GitHub/VRX_NUMarine/install/share/wamv_gazebo/local_setup.sh
[0.577s] -- Installing: /home/robotx/Documents/GitHub/VRX_NUMarine/install/share/wamv_gazebo/local_setup.zsh
[0.578s] -- Installing: /home/robotx/Documents/GitHub/VRX_NUMarine/install/share/wamv_gazebo/local_setup.dsv
[0.578s] -- Installing: /home/robotx/Documents/GitHub/VRX_NUMarine/install/share/wamv_gazebo/package.dsv
[0.578s] -- Installing: /home/robotx/Documents/GitHub/VRX_NUMarine/install/share/ament_index/resource_index/packages/wamv_gazebo
[0.578s] -- Installing: /home/robotx/Documents/GitHub/VRX_NUMarine/install/share/wamv_gazebo/cmake/wamv_gazeboConfig.cmake
[0.578s] -- Installing: /home/robotx/Documents/GitHub/VRX_NUMarine/install/share/wamv_gazebo/cmake/wamv_gazeboConfig-version.cmake
[0.578s] -- Installing: /home/robotx/Documents/GitHub/VRX_NUMarine/install/share/wamv_gazebo/package.xml
[0.580s] Invoked command in '/home/robotx/Documents/GitHub/VRX_NUMarine/build/wamv_gazebo' returned '0': AMENT_PREFIX_PATH=/home/robotx/Documents/GitHub/VRX_NUMarine/install:${AMENT_PREFIX_PATH} CMAKE_PREFIX_PATH=/home/robotx/Documents/GitHub/VRX_NUMarine/install:/opt/ros/humble GZ_SIM_RESOURCE_PATH=/home/robotx/Documents/GitHub/VRX_NUMarine/install/share/wamv_description/models:/home/robotx/Documents/GitHub/VRX_NUMarine/install/share/vrx_gazebo/models:/home/robotx/Documents/GitHub/VRX_NUMarine/install/share PYTHONPATH=/home/robotx/Documents/GitHub/VRX_NUMarine/install/local/lib/python3.10/dist-packages:${PYTHONPATH} /usr/bin/cmake --install /home/robotx/Documents/GitHub/VRX_NUMarine/build/wamv_gazebo
