[0.015s] Invoking command in '/home/robotx/Documents/GitHub/VRX_NUMarine/build/imu_heading_pkg': CMAKE_PREFIX_PATH=/opt/ros/humble /usr/bin/cmake /home/robotx/Documents/GitHub/VRX_NUMarine/src/vrx/ros_packages/imu_heading_pkg -DCMAKE_INSTALL_PREFIX=/home/robotx/Documents/GitHub/VRX_NUMarine/install
[0.057s] -- The C compiler identification is GNU 11.4.0
[0.106s] -- The CXX compiler identification is GNU 11.4.0
[0.114s] -- Detecting C compiler ABI info
[0.180s] -- Detecting C compiler ABI info - done
[0.192s] -- Check for working C compiler: /usr/bin/cc - skipped
[0.193s] -- Detecting C compile features
[0.193s] -- Detecting C compile features - done
[0.197s] -- Detecting CXX compiler ABI info
[0.281s] -- Detecting CXX compiler ABI info - done
[0.294s] -- Check for working CXX compiler: /usr/bin/c++ - skipped
[0.295s] -- Detecting CXX compile features
[0.296s] -- Detecting CXX compile features - done
[0.300s] -- Found ament_cmake: 1.3.9 (/opt/ros/humble/share/ament_cmake/cmake)
[0.448s] -- Found Python3: /usr/bin/python3 (found version "3.10.12") found components: Interpreter 
[0.529s] -- Found rclcpp: 16.0.9 (/opt/ros/humble/share/rclcpp/cmake)
[0.566s] -- Found rosidl_generator_c: 3.1.5 (/opt/ros/humble/share/rosidl_generator_c/cmake)
[0.571s] -- Found rosidl_adapter: 3.1.5 (/opt/ros/humble/share/rosidl_adapter/cmake)
[0.578s] -- Found rosidl_generator_cpp: 3.1.5 (/opt/ros/humble/share/rosidl_generator_cpp/cmake)
[0.590s] -- Using all available rosidl_typesupport_c: rosidl_typesupport_fastrtps_c;rosidl_typesupport_introspection_c
[0.609s] -- Using all available rosidl_typesupport_cpp: rosidl_typesupport_fastrtps_cpp;rosidl_typesupport_introspection_cpp
[0.720s] -- Found rmw_implementation_cmake: 6.1.2 (/opt/ros/humble/share/rmw_implementation_cmake/cmake)
[0.720s] -- Found rmw_fastrtps_cpp: 6.2.6 (/opt/ros/humble/share/rmw_fastrtps_cpp/cmake)
[0.761s] -- Found OpenSSL: /usr/lib/x86_64-linux-gnu/libcrypto.so (found version "3.0.2")  
[0.789s] -- Found FastRTPS: /opt/ros/humble/include  
[0.834s] -- Using RMW implementation 'rmw_fastrtps_cpp' as default
[0.842s] -- Looking for pthread.h
[0.900s] -- Looking for pthread.h - found
[0.900s] -- Performing Test CMAKE_HAVE_LIBC_PTHREAD
[0.968s] -- Performing Test CMAKE_HAVE_LIBC_PTHREAD - Success
[0.969s] -- Found Threads: TRUE  
[1.111s] -- Found sensor_msgs: 4.2.4 (/opt/ros/humble/share/sensor_msgs/cmake)
[1.220s] -- Found tf2_ros: 0.25.7 (/opt/ros/humble/share/tf2_ros/cmake)
[1.518s] -- Found tf2_geometry_msgs: 0.25.7 (/opt/ros/humble/share/tf2_geometry_msgs/cmake)
[1.532s] -- Found eigen3_cmake_module: 0.1.1 (/opt/ros/humble/share/eigen3_cmake_module/cmake)
[1.533s] -- Found Eigen3: TRUE (found version "3.4.0") 
[1.533s] -- Ensuring Eigen3 include directory is part of orocos-kdl CMake target
[1.542s] -- Found ament_lint_auto: 0.12.11 (/opt/ros/humble/share/ament_lint_auto/cmake)
[1.607s] -- Added test 'cppcheck' to perform static code analysis on C / C++ code
[1.608s] -- Configured cppcheck include dirs: /home/robotx/Documents/GitHub/VRX_NUMarine/src/vrx/ros_packages/imu_heading_pkg/include
[1.608s] -- Configured cppcheck exclude dirs and/or files: 
[1.608s] -- Added test 'lint_cmake' to check CMake code style
[1.609s] -- Added test 'uncrustify' to check C / C++ code style
[1.609s] -- Configured uncrustify additional arguments: 
[1.609s] -- Added test 'xmllint' to check XML markup files
[1.610s] -- Configuring done
[1.620s] -- Generating done
[1.621s] -- Build files have been written to: /home/robotx/Documents/GitHub/VRX_NUMarine/build/imu_heading_pkg
[1.630s] Invoked command in '/home/robotx/Documents/GitHub/VRX_NUMarine/build/imu_heading_pkg' returned '0': CMAKE_PREFIX_PATH=/opt/ros/humble /usr/bin/cmake /home/robotx/Documents/GitHub/VRX_NUMarine/src/vrx/ros_packages/imu_heading_pkg -DCMAKE_INSTALL_PREFIX=/home/robotx/Documents/GitHub/VRX_NUMarine/install
[1.632s] Invoking command in '/home/robotx/Documents/GitHub/VRX_NUMarine/build/imu_heading_pkg': CMAKE_PREFIX_PATH=/opt/ros/humble /usr/bin/cmake --build /home/robotx/Documents/GitHub/VRX_NUMarine/build/imu_heading_pkg -- -j12 -l12
[1.672s] [ 50%] [32mBuilding CXX object CMakeFiles/imu_heading_node.dir/src/imu_heading_node.cpp.o[0m
[1.923s] In file included from [01m[K/home/robotx/Documents/GitHub/VRX_NUMarine/src/vrx/ros_packages/imu_heading_pkg/src/imu_heading_node.cpp:3[m[K:
[1.923s] [01m[K/opt/ros/humble/include/tf2_geometry_msgs/tf2_geometry_msgs/tf2_geometry_msgs.h:35:2:[m[K [01;35m[Kwarning: [m[K#warning This header is obsolete, please include tf2_geometry_msgs/tf2_geometry_msgs.hpp instead [[01;35m[K]8;;https://gcc.gnu.org/onlinedocs/gcc/Warning-Options.html#index-Wcpp-Wcpp]8;;[m[K]
[1.923s]    35 | #[01;35m[Kwarning[m[K This header is obsolete, please include tf2_geometry_msgs/tf2_geometry_msgs.hpp instead
[1.923s]       |  [01;35m[K^~~~~~~[m[K
[8.332s] [100%] [32m[1mLinking CXX executable imu_heading_node[0m
[8.654s] [100%] Built target imu_heading_node
[8.663s] Invoked command in '/home/robotx/Documents/GitHub/VRX_NUMarine/build/imu_heading_pkg' returned '0': CMAKE_PREFIX_PATH=/opt/ros/humble /usr/bin/cmake --build /home/robotx/Documents/GitHub/VRX_NUMarine/build/imu_heading_pkg -- -j12 -l12
[8.683s] Invoking command in '/home/robotx/Documents/GitHub/VRX_NUMarine/build/imu_heading_pkg': CMAKE_PREFIX_PATH=/opt/ros/humble /usr/bin/cmake --install /home/robotx/Documents/GitHub/VRX_NUMarine/build/imu_heading_pkg
[8.688s] -- Install configuration: ""
[8.688s] -- Installing: /home/robotx/Documents/GitHub/VRX_NUMarine/install/lib/imu_heading_pkg/imu_heading_node
[8.691s] -- Set runtime path of "/home/robotx/Documents/GitHub/VRX_NUMarine/install/lib/imu_heading_pkg/imu_heading_node" to ""
[8.691s] -- Installing: /home/robotx/Documents/GitHub/VRX_NUMarine/install/share/ament_index/resource_index/package_run_dependencies/imu_heading_pkg
[8.692s] -- Installing: /home/robotx/Documents/GitHub/VRX_NUMarine/install/share/ament_index/resource_index/parent_prefix_path/imu_heading_pkg
[8.692s] -- Installing: /home/robotx/Documents/GitHub/VRX_NUMarine/install/share/imu_heading_pkg/environment/ament_prefix_path.sh
[8.692s] -- Installing: /home/robotx/Documents/GitHub/VRX_NUMarine/install/share/imu_heading_pkg/environment/ament_prefix_path.dsv
[8.692s] -- Installing: /home/robotx/Documents/GitHub/VRX_NUMarine/install/share/imu_heading_pkg/environment/path.sh
[8.692s] -- Installing: /home/robotx/Documents/GitHub/VRX_NUMarine/install/share/imu_heading_pkg/environment/path.dsv
[8.692s] -- Installing: /home/robotx/Documents/GitHub/VRX_NUMarine/install/share/imu_heading_pkg/local_setup.bash
[8.693s] -- Installing: /home/robotx/Documents/GitHub/VRX_NUMarine/install/share/imu_heading_pkg/local_setup.sh
[8.693s] -- Installing: /home/robotx/Documents/GitHub/VRX_NUMarine/install/share/imu_heading_pkg/local_setup.zsh
[8.693s] -- Installing: /home/robotx/Documents/GitHub/VRX_NUMarine/install/share/imu_heading_pkg/local_setup.dsv
[8.693s] -- Installing: /home/robotx/Documents/GitHub/VRX_NUMarine/install/share/imu_heading_pkg/package.dsv
[8.693s] -- Installing: /home/robotx/Documents/GitHub/VRX_NUMarine/install/share/ament_index/resource_index/packages/imu_heading_pkg
[8.693s] -- Installing: /home/robotx/Documents/GitHub/VRX_NUMarine/install/share/imu_heading_pkg/cmake/imu_heading_pkgConfig.cmake
[8.693s] -- Installing: /home/robotx/Documents/GitHub/VRX_NUMarine/install/share/imu_heading_pkg/cmake/imu_heading_pkgConfig-version.cmake
[8.693s] -- Installing: /home/robotx/Documents/GitHub/VRX_NUMarine/install/share/imu_heading_pkg/package.xml
[8.695s] Invoked command in '/home/robotx/Documents/GitHub/VRX_NUMarine/build/imu_heading_pkg' returned '0': CMAKE_PREFIX_PATH=/opt/ros/humble /usr/bin/cmake --install /home/robotx/Documents/GitHub/VRX_NUMarine/build/imu_heading_pkg
