[0.021s] Invoking command in '/home/jain/Documents/GitHub/VRX_NUMarine/build/vrx_gz': CMAKE_PREFIX_PATH=${CMAKE_PREFIX_PATH}:/opt/ros/humble /usr/bin/cmake --build /home/jain/Documents/GitHub/VRX_NUMarine/build/vrx_gz -- -j8 -l8
[0.146s] [  4%] Built target Waves
[0.216s] [  4%] Built target ament_cmake_python_copy_vrx_gz
[0.272s] [ 12%] Built target PolyhedraBuoyancyDrag
[0.866s] running egg_info
[0.867s] writing vrx_gz.egg-info/PKG-INFO
[0.867s] writing dependency_links to vrx_gz.egg-info/dependency_links.txt
[0.868s] writing top-level names to vrx_gz.egg-info/top_level.txt
[0.871s] reading manifest file 'vrx_gz.egg-info/SOURCES.txt'
[0.873s] writing manifest file 'vrx_gz.egg-info/SOURCES.txt'
[0.952s] [ 12%] Built target ament_cmake_python_build_vrx_gz_egg
[1.013s] [ 16%] Built target ScoringPlugin
[1.087s] [ 22%] Built target StationkeepingScoringPlugin
[1.138s] [ 27%] Built target NavigationScoringPlugin
[1.191s] [ 31%] Built target GymkhanaScoringPlugin
[1.230s] [ 35%] Built target PerceptionScoringPlugin
[1.279s] [ 39%] Built target PlacardPlugin
[1.327s] [ 43%] Built target PublisherPlugin
[1.377s] [ 47%] Built target ScanDockScoringPlugin
[1.425s] [ 52%] Built target SimpleHydrodynamics
[1.466s] [ 56%] Built target Surface
[1.518s] [ 60%] Built target USVWind
[1.575s] [ 64%] Built target WaveVisual
[1.619s] [ 68%] Built target WildlifeScoringPlugin
[1.662s] [ 72%] Built target LightBuoyPlugin
[1.712s] [ 77%] Built target BallShooterPlugin
[1.761s] [ 81%] Built target AcousticPingerPlugin
[1.821s] [ 87%] Built target AcousticTrackingScoringPlugin
[1.879s] [ 93%] Built target AcousticPerceptionScoringPlugin
[1.926s] [100%] Built target WayfindingScoringPlugin
[1.951s] Invoked command in '/home/jain/Documents/GitHub/VRX_NUMarine/build/vrx_gz' returned '0': CMAKE_PREFIX_PATH=${CMAKE_PREFIX_PATH}:/opt/ros/humble /usr/bin/cmake --build /home/jain/Documents/GitHub/VRX_NUMarine/build/vrx_gz -- -j8 -l8
[2.161s] Invoking command in '/home/jain/Documents/GitHub/VRX_NUMarine/build/vrx_gz': CMAKE_PREFIX_PATH=${CMAKE_PREFIX_PATH}:/opt/ros/humble /usr/bin/cmake --install /home/jain/Documents/GitHub/VRX_NUMarine/build/vrx_gz
[2.174s] -- Install configuration: ""
[2.174s] -- Up-to-date: /home/jain/Documents/GitHub/VRX_NUMarine/install/share/vrx_gz/environment/resource_paths.dsv
[2.175s] -- Up-to-date: /home/jain/Documents/GitHub/VRX_NUMarine/install/share/vrx_gz/environment/resource_paths.sh
[2.175s] -- Up-to-date: /home/jain/Documents/GitHub/VRX_NUMarine/install/lib/libWaves.so
[2.175s] -- Up-to-date: /home/jain/Documents/GitHub/VRX_NUMarine/install/lib/libPolyhedraBuoyancyDrag.so
[2.175s] -- Up-to-date: /home/jain/Documents/GitHub/VRX_NUMarine/install/lib/libScoringPlugin.so
[2.175s] -- Up-to-date: /home/jain/Documents/GitHub/VRX_NUMarine/install/lib/libStationkeepingScoringPlugin.so
[2.176s] -- Up-to-date: /home/jain/Documents/GitHub/VRX_NUMarine/install/lib/libWayfindingScoringPlugin.so
[2.176s] -- Up-to-date: /home/jain/Documents/GitHub/VRX_NUMarine/install/lib/libAcousticPerceptionScoringPlugin.so
[2.177s] -- Up-to-date: /home/jain/Documents/GitHub/VRX_NUMarine/install/lib/libAcousticTrackingScoringPlugin.so
[2.177s] -- Up-to-date: /home/jain/Documents/GitHub/VRX_NUMarine/install/lib/libAcousticPingerPlugin.so
[2.178s] -- Up-to-date: /home/jain/Documents/GitHub/VRX_NUMarine/install/lib/libBallShooterPlugin.so
[2.178s] -- Up-to-date: /home/jain/Documents/GitHub/VRX_NUMarine/install/lib/libLightBuoyPlugin.so
[2.179s] -- Up-to-date: /home/jain/Documents/GitHub/VRX_NUMarine/install/lib/libNavigationScoringPlugin.so
[2.179s] -- Up-to-date: /home/jain/Documents/GitHub/VRX_NUMarine/install/lib/libGymkhanaScoringPlugin.so
[2.180s] -- Up-to-date: /home/jain/Documents/GitHub/VRX_NUMarine/install/lib/libPerceptionScoringPlugin.so
[2.180s] -- Up-to-date: /home/jain/Documents/GitHub/VRX_NUMarine/install/lib/libPlacardPlugin.so
[2.181s] -- Up-to-date: /home/jain/Documents/GitHub/VRX_NUMarine/install/lib/libPublisherPlugin.so
[2.182s] -- Up-to-date: /home/jain/Documents/GitHub/VRX_NUMarine/install/lib/libScanDockScoringPlugin.so
[2.182s] -- Up-to-date: /home/jain/Documents/GitHub/VRX_NUMarine/install/lib/libSimpleHydrodynamics.so
[2.183s] -- Up-to-date: /home/jain/Documents/GitHub/VRX_NUMarine/install/lib/libSurface.so
[2.183s] -- Up-to-date: /home/jain/Documents/GitHub/VRX_NUMarine/install/lib/libUSVWind.so
[2.184s] -- Up-to-date: /home/jain/Documents/GitHub/VRX_NUMarine/install/lib/libWaveVisual.so
[2.184s] -- Up-to-date: /home/jain/Documents/GitHub/VRX_NUMarine/install/lib/libWildlifeScoringPlugin.so
[2.185s] -- Up-to-date: /home/jain/Documents/GitHub/VRX_NUMarine/install/share/vrx_gz/environment/pythonpath.sh
[2.185s] -- Up-to-date: /home/jain/Documents/GitHub/VRX_NUMarine/install/share/vrx_gz/environment/pythonpath.dsv
[2.185s] -- Up-to-date: /home/jain/Documents/GitHub/VRX_NUMarine/install/local/lib/python3.10/dist-packages/vrx_gz-0.0.0-py3.10.egg-info
[2.185s] -- Installing: /home/jain/Documents/GitHub/VRX_NUMarine/install/local/lib/python3.10/dist-packages/vrx_gz-0.0.0-py3.10.egg-info/SOURCES.txt
[2.186s] -- Installing: /home/jain/Documents/GitHub/VRX_NUMarine/install/local/lib/python3.10/dist-packages/vrx_gz-0.0.0-py3.10.egg-info/dependency_links.txt
[2.186s] -- Installing: /home/jain/Documents/GitHub/VRX_NUMarine/install/local/lib/python3.10/dist-packages/vrx_gz-0.0.0-py3.10.egg-info/PKG-INFO
[2.186s] -- Installing: /home/jain/Documents/GitHub/VRX_NUMarine/install/local/lib/python3.10/dist-packages/vrx_gz-0.0.0-py3.10.egg-info/top_level.txt
[2.186s] -- Up-to-date: /home/jain/Documents/GitHub/VRX_NUMarine/install/local/lib/python3.10/dist-packages/vrx_gz
[2.186s] -- Up-to-date: /home/jain/Documents/GitHub/VRX_NUMarine/install/local/lib/python3.10/dist-packages/vrx_gz/__init__.py
[2.187s] -- Up-to-date: /home/jain/Documents/GitHub/VRX_NUMarine/install/local/lib/python3.10/dist-packages/vrx_gz/bridge.py
[2.187s] -- Up-to-date: /home/jain/Documents/GitHub/VRX_NUMarine/install/local/lib/python3.10/dist-packages/vrx_gz/launch.py
[2.187s] -- Up-to-date: /home/jain/Documents/GitHub/VRX_NUMarine/install/local/lib/python3.10/dist-packages/vrx_gz/bridges.py
[2.187s] -- Up-to-date: /home/jain/Documents/GitHub/VRX_NUMarine/install/local/lib/python3.10/dist-packages/vrx_gz/payload_bridges.py
[2.187s] -- Up-to-date: /home/jain/Documents/GitHub/VRX_NUMarine/install/local/lib/python3.10/dist-packages/vrx_gz/model.py
[2.244s] Listing '/home/jain/Documents/GitHub/VRX_NUMarine/install/local/lib/python3.10/dist-packages/vrx_gz'...
[2.255s] -- Up-to-date: /home/jain/Documents/GitHub/VRX_NUMarine/install/share/vrx_gz/config
[2.255s] -- Up-to-date: /home/jain/Documents/GitHub/VRX_NUMarine/install/share/vrx_gz/config/roboboat.yaml
[2.255s] -- Up-to-date: /home/jain/Documents/GitHub/VRX_NUMarine/install/share/vrx_gz/config/wamv.yaml
[2.255s] -- Up-to-date: /home/jain/Documents/GitHub/VRX_NUMarine/install/share/vrx_gz/launch
[2.256s] -- Up-to-date: /home/jain/Documents/GitHub/VRX_NUMarine/install/share/vrx_gz/launch/spawn.launch.py
[2.256s] -- Up-to-date: /home/jain/Documents/GitHub/VRX_NUMarine/install/share/vrx_gz/launch/vrx_environment.launch.py
[2.256s] -- Up-to-date: /home/jain/Documents/GitHub/VRX_NUMarine/install/share/vrx_gz/launch/competition.launch.py
[2.256s] -- Up-to-date: /home/jain/Documents/GitHub/VRX_NUMarine/install/share/vrx_gz/launch/spawn_config.launch.py
[2.256s] -- Up-to-date: /home/jain/Documents/GitHub/VRX_NUMarine/install/share/vrx_gz/launch/usv_joy_teleop.py
[2.256s] -- Up-to-date: /home/jain/Documents/GitHub/VRX_NUMarine/install/share/vrx_gz/models
[2.257s] -- Up-to-date: /home/jain/Documents/GitHub/VRX_NUMarine/install/share/vrx_gz/models/robotx_light_buoy_rgb
[2.257s] -- Up-to-date: /home/jain/Documents/GitHub/VRX_NUMarine/install/share/vrx_gz/models/robotx_light_buoy_rgb/mesh
[2.257s] -- Up-to-date: /home/jain/Documents/GitHub/VRX_NUMarine/install/share/vrx_gz/models/robotx_light_buoy_rgb/mesh/LightTower_Normal.png
[2.257s] -- Up-to-date: /home/jain/Documents/GitHub/VRX_NUMarine/install/share/vrx_gz/models/robotx_light_buoy_rgb/mesh/LightTower_Roughness.png
[2.257s] -- Up-to-date: /home/jain/Documents/GitHub/VRX_NUMarine/install/share/vrx_gz/models/robotx_light_buoy_rgb/mesh/LightTower_Albedo.png
[2.257s] -- Up-to-date: /home/jain/Documents/GitHub/VRX_NUMarine/install/share/vrx_gz/models/robotx_light_buoy_rgb/mesh/LightTower_Metalness.png
[2.258s] -- Up-to-date: /home/jain/Documents/GitHub/VRX_NUMarine/install/share/vrx_gz/models/robotx_light_buoy_rgb/mesh/robotx_light_buoy.dae
[2.258s] -- Up-to-date: /home/jain/Documents/GitHub/VRX_NUMarine/install/share/vrx_gz/models/robotx_light_buoy_rgb/mesh/LightTower_Opacity.png
[2.258s] -- Up-to-date: /home/jain/Documents/GitHub/VRX_NUMarine/install/share/vrx_gz/models/robotx_light_buoy_rgb/model.config
[2.258s] -- Up-to-date: /home/jain/Documents/GitHub/VRX_NUMarine/install/share/vrx_gz/models/robotx_light_buoy_rgb/model.sdf
[2.258s] -- Up-to-date: /home/jain/Documents/GitHub/VRX_NUMarine/install/share/vrx_gz/models/short_navigation_course_4
[2.259s] -- Up-to-date: /home/jain/Documents/GitHub/VRX_NUMarine/install/share/vrx_gz/models/short_navigation_course_4/model.config
[2.259s] -- Up-to-date: /home/jain/Documents/GitHub/VRX_NUMarine/install/share/vrx_gz/models/short_navigation_course_4/model.sdf
[2.259s] -- Up-to-date: /home/jain/Documents/GitHub/VRX_NUMarine/install/share/vrx_gz/models/roboboat_cpubox
[2.259s] -- Up-to-date: /home/jain/Documents/GitHub/VRX_NUMarine/install/share/vrx_gz/models/roboboat_cpubox/materials
[2.259s] -- Up-to-date: /home/jain/Documents/GitHub/VRX_NUMarine/install/share/vrx_gz/models/roboboat_cpubox/materials/textures
[2.259s] -- Up-to-date: /home/jain/Documents/GitHub/VRX_NUMarine/install/share/vrx_gz/models/roboboat_cpubox/materials/textures/DryBox_Albedo.png
[2.259s] -- Up-to-date: /home/jain/Documents/GitHub/VRX_NUMarine/install/share/vrx_gz/models/roboboat_cpubox/materials/textures/DryBox_Roughness.png
[2.260s] -- Up-to-date: /home/jain/Documents/GitHub/VRX_NUMarine/install/share/vrx_gz/models/roboboat_cpubox/model.config
[2.260s] -- Up-to-date: /home/jain/Documents/GitHub/VRX_NUMarine/install/share/vrx_gz/models/roboboat_cpubox/meshes
[2.260s] -- Up-to-date: /home/jain/Documents/GitHub/VRX_NUMarine/install/share/vrx_gz/models/roboboat_cpubox/meshes/drybox.dae
[2.260s] -- Up-to-date: /home/jain/Documents/GitHub/VRX_NUMarine/install/share/vrx_gz/models/roboboat_cpubox/model.sdf
[2.260s] -- Up-to-date: /home/jain/Documents/GitHub/VRX_NUMarine/install/share/vrx_gz/models/short_navigation_course_1
[2.261s] -- Up-to-date: /home/jain/Documents/GitHub/VRX_NUMarine/install/share/vrx_gz/models/short_navigation_course_1/model.config
[2.261s] -- Up-to-date: /home/jain/Documents/GitHub/VRX_NUMarine/install/share/vrx_gz/models/short_navigation_course_1/model.sdf
[2.262s] -- Up-to-date: /home/jain/Documents/GitHub/VRX_NUMarine/install/share/vrx_gz/models/short_course_2023_phase3_2
[2.262s] -- Up-to-date: /home/jain/Documents/GitHub/VRX_NUMarine/install/share/vrx_gz/models/short_course_2023_phase3_2/model.config
[2.263s] -- Up-to-date: /home/jain/Documents/GitHub/VRX_NUMarine/install/share/vrx_gz/models/short_course_2023_phase3_2/model.sdf
[2.263s] -- Up-to-date: /home/jain/Documents/GitHub/VRX_NUMarine/install/share/vrx_gz/models/tent
[2.263s] -- Up-to-date: /home/jain/Documents/GitHub/VRX_NUMarine/install/share/vrx_gz/models/tent/thumbnails
[2.264s] -- Up-to-date: /home/jain/Documents/GitHub/VRX_NUMarine/install/share/vrx_gz/models/tent/thumbnails/1.png
[2.264s] -- Up-to-date: /home/jain/Documents/GitHub/VRX_NUMarine/install/share/vrx_gz/models/tent/thumbnails/2.png
[2.265s] -- Up-to-date: /home/jain/Documents/GitHub/VRX_NUMarine/install/share/vrx_gz/models/tent/thumbnails/3.png
[2.265s] -- Up-to-date: /home/jain/Documents/GitHub/VRX_NUMarine/install/share/vrx_gz/models/tent/thumbnails/4.png
[2.265s] -- Up-to-date: /home/jain/Documents/GitHub/VRX_NUMarine/install/share/vrx_gz/models/tent/thumbnails/5.png
[2.265s] -- Up-to-date: /home/jain/Documents/GitHub/VRX_NUMarine/install/share/vrx_gz/models/tent/mesh
[2.266s] -- Up-to-date: /home/jain/Documents/GitHub/VRX_NUMarine/install/share/vrx_gz/models/tent/mesh/tent.dae
[2.266s] -- Up-to-date: /home/jain/Documents/GitHub/VRX_NUMarine/install/share/vrx_gz/models/tent/mesh/tent.png
[2.266s] -- Up-to-date: /home/jain/Documents/GitHub/VRX_NUMarine/install/share/vrx_gz/models/tent/model.config
[2.267s] -- Up-to-date: /home/jain/Documents/GitHub/VRX_NUMarine/install/share/vrx_gz/models/tent/model.sdf
[2.267s] -- Up-to-date: /home/jain/Documents/GitHub/VRX_NUMarine/install/share/vrx_gz/models/roboboat01
[2.267s] -- Up-to-date: /home/jain/Documents/GitHub/VRX_NUMarine/install/share/vrx_gz/models/roboboat01/materials
[2.268s] -- Up-to-date: /home/jain/Documents/GitHub/VRX_NUMarine/install/share/vrx_gz/models/roboboat01/materials/scripts
[2.268s] -- Up-to-date: /home/jain/Documents/GitHub/VRX_NUMarine/install/share/vrx_gz/models/roboboat01/materials/scripts/model.material
[2.268s] -- Up-to-date: /home/jain/Documents/GitHub/VRX_NUMarine/install/share/vrx_gz/models/roboboat01/materials/textures
[2.268s] -- Up-to-date: /home/jain/Documents/GitHub/VRX_NUMarine/install/share/vrx_gz/models/roboboat01/materials/textures/Boat01_Albedo.png
[2.269s] -- Up-to-date: /home/jain/Documents/GitHub/VRX_NUMarine/install/share/vrx_gz/models/roboboat01/materials/textures/Boat01_Normal.png
[2.269s] -- Up-to-date: /home/jain/Documents/GitHub/VRX_NUMarine/install/share/vrx_gz/models/roboboat01/materials/textures/Thruster_Roughness.png
[2.270s] -- Up-to-date: /home/jain/Documents/GitHub/VRX_NUMarine/install/share/vrx_gz/models/roboboat01/materials/textures/Thruster_Albedo.png
[2.270s] -- Up-to-date: /home/jain/Documents/GitHub/VRX_NUMarine/install/share/vrx_gz/models/roboboat01/materials/textures/Boat01_Metallic.png
[2.271s] -- Up-to-date: /home/jain/Documents/GitHub/VRX_NUMarine/install/share/vrx_gz/models/roboboat01/materials/textures/Boat01_Roughness.png
[2.271s] -- Up-to-date: /home/jain/Documents/GitHub/VRX_NUMarine/install/share/vrx_gz/models/roboboat01/model.config
[2.271s] -- Up-to-date: /home/jain/Documents/GitHub/VRX_NUMarine/install/share/vrx_gz/models/roboboat01/meshes
[2.272s] -- Up-to-date: /home/jain/Documents/GitHub/VRX_NUMarine/install/share/vrx_gz/models/roboboat01/meshes/prop.dae
[2.272s] -- Up-to-date: /home/jain/Documents/GitHub/VRX_NUMarine/install/share/vrx_gz/models/roboboat01/meshes/mount.dae
[2.273s] -- Up-to-date: /home/jain/Documents/GitHub/VRX_NUMarine/install/share/vrx_gz/models/roboboat01/meshes/housing.dae
[2.274s] -- Up-to-date: /home/jain/Documents/GitHub/VRX_NUMarine/install/share/vrx_gz/models/roboboat01/meshes/roboboat01.dae
[2.274s] -- Up-to-date: /home/jain/Documents/GitHub/VRX_NUMarine/install/share/vrx_gz/models/roboboat01/model.sdf
[2.274s] -- Up-to-date: /home/jain/Documents/GitHub/VRX_NUMarine/install/share/vrx_gz/models/mb_round_buoy_black
[2.275s] -- Up-to-date: /home/jain/Documents/GitHub/VRX_NUMarine/install/share/vrx_gz/models/mb_round_buoy_black/thumbnails
[2.275s] -- Up-to-date: /home/jain/Documents/GitHub/VRX_NUMarine/install/share/vrx_gz/models/mb_round_buoy_black/thumbnails/1.png
[2.276s] -- Up-to-date: /home/jain/Documents/GitHub/VRX_NUMarine/install/share/vrx_gz/models/mb_round_buoy_black/thumbnails/2.png
[2.276s] -- Up-to-date: /home/jain/Documents/GitHub/VRX_NUMarine/install/share/vrx_gz/models/mb_round_buoy_black/thumbnails/3.png
[2.277s] -- Up-to-date: /home/jain/Documents/GitHub/VRX_NUMarine/install/share/vrx_gz/models/mb_round_buoy_black/thumbnails/4.png
[2.277s] -- Up-to-date: /home/jain/Documents/GitHub/VRX_NUMarine/install/share/vrx_gz/models/mb_round_buoy_black/thumbnails/5.png
[2.278s] -- Up-to-date: /home/jain/Documents/GitHub/VRX_NUMarine/install/share/vrx_gz/models/mb_round_buoy_black/model.config
[2.278s] -- Up-to-date: /home/jain/Documents/GitHub/VRX_NUMarine/install/share/vrx_gz/models/mb_round_buoy_black/model.sdf
[2.279s] -- Up-to-date: /home/jain/Documents/GitHub/VRX_NUMarine/install/share/vrx_gz/models/platform
[2.279s] -- Up-to-date: /home/jain/Documents/GitHub/VRX_NUMarine/install/share/vrx_gz/models/platform/model.config
[2.279s] -- Up-to-date: /home/jain/Documents/GitHub/VRX_NUMarine/install/share/vrx_gz/models/platform/model.sdf
[2.279s] -- Up-to-date: /home/jain/Documents/GitHub/VRX_NUMarine/install/share/vrx_gz/models/sydney_regatta
[2.279s] -- Up-to-date: /home/jain/Documents/GitHub/VRX_NUMarine/install/share/vrx_gz/models/sydney_regatta/materials
[2.280s] -- Up-to-date: /home/jain/Documents/GitHub/VRX_NUMarine/install/share/vrx_gz/models/sydney_regatta/materials/textures
[2.280s] -- Up-to-date: /home/jain/Documents/GitHub/VRX_NUMarine/install/share/vrx_gz/models/sydney_regatta/materials/textures/RoofCorrugated.png
[2.280s] -- Up-to-date: /home/jain/Documents/GitHub/VRX_NUMarine/install/share/vrx_gz/models/sydney_regatta/materials/textures/Windows_Dark.png
[2.281s] -- Up-to-date: /home/jain/Documents/GitHub/VRX_NUMarine/install/share/vrx_gz/models/sydney_regatta/materials/textures/Dock.png
[2.281s] -- Up-to-date: /home/jain/Documents/GitHub/VRX_NUMarine/install/share/vrx_gz/models/sydney_regatta/materials/textures/Terrain.png
[2.281s] -- Up-to-date: /home/jain/Documents/GitHub/VRX_NUMarine/install/share/vrx_gz/models/sydney_regatta/materials/textures/MetalGalvanized.png
[2.281s] -- Up-to-date: /home/jain/Documents/GitHub/VRX_NUMarine/install/share/vrx_gz/models/sydney_regatta/materials/textures/Wall_05.png
[2.281s] -- Up-to-date: /home/jain/Documents/GitHub/VRX_NUMarine/install/share/vrx_gz/models/sydney_regatta/materials/textures/DockDark.png
[2.281s] -- Up-to-date: /home/jain/Documents/GitHub/VRX_NUMarine/install/share/vrx_gz/models/sydney_regatta/materials/textures/TreeDiffuse.png
[2.282s] -- Up-to-date: /home/jain/Documents/GitHub/VRX_NUMarine/install/share/vrx_gz/models/sydney_regatta/thumbnails
[2.282s] -- Up-to-date: /home/jain/Documents/GitHub/VRX_NUMarine/install/share/vrx_gz/models/sydney_regatta/thumbnails/1.png
[2.282s] -- Up-to-date: /home/jain/Documents/GitHub/VRX_NUMarine/install/share/vrx_gz/models/sydney_regatta/thumbnails/2.png
[2.282s] -- Up-to-date: /home/jain/Documents/GitHub/VRX_NUMarine/install/share/vrx_gz/models/sydney_regatta/thumbnails/3.png
[2.283s] -- Up-to-date: /home/jain/Documents/GitHub/VRX_NUMarine/install/share/vrx_gz/models/sydney_regatta/thumbnails/4.png
[2.283s] -- Up-to-date: /home/jain/Documents/GitHub/VRX_NUMarine/install/share/vrx_gz/models/sydney_regatta/thumbnails/5.png
[2.283s] -- Up-to-date: /home/jain/Documents/GitHub/VRX_NUMarine/install/share/vrx_gz/models/sydney_regatta/model.config
[2.283s] -- Up-to-date: /home/jain/Documents/GitHub/VRX_NUMarine/install/share/vrx_gz/models/sydney_regatta/meshes
[2.283s] -- Up-to-date: /home/jain/Documents/GitHub/VRX_NUMarine/install/share/vrx_gz/models/sydney_regatta/meshes/sydney_regatta.dae
[2.283s] -- Up-to-date: /home/jain/Documents/GitHub/VRX_NUMarine/install/share/vrx_gz/models/sydney_regatta/meshes/sydney_regatta_shore.dae
[2.283s] -- Up-to-date: /home/jain/Documents/GitHub/VRX_NUMarine/install/share/vrx_gz/models/sydney_regatta/model.sdf
[2.283s] -- Up-to-date: /home/jain/Documents/GitHub/VRX_NUMarine/install/share/vrx_gz/models/antenna
[2.283s] -- Up-to-date: /home/jain/Documents/GitHub/VRX_NUMarine/install/share/vrx_gz/models/antenna/thumbnails
[2.284s] -- Up-to-date: /home/jain/Documents/GitHub/VRX_NUMarine/install/share/vrx_gz/models/antenna/thumbnails/1.png
[2.284s] -- Up-to-date: /home/jain/Documents/GitHub/VRX_NUMarine/install/share/vrx_gz/models/antenna/thumbnails/2.png
[2.284s] -- Up-to-date: /home/jain/Documents/GitHub/VRX_NUMarine/install/share/vrx_gz/models/antenna/thumbnails/3.png
[2.284s] -- Up-to-date: /home/jain/Documents/GitHub/VRX_NUMarine/install/share/vrx_gz/models/antenna/thumbnails/4.png
[2.287s] -- Up-to-date: /home/jain/Documents/GitHub/VRX_NUMarine/install/share/vrx_gz/models/antenna/thumbnails/5.png
[2.288s] -- Up-to-date: /home/jain/Documents/GitHub/VRX_NUMarine/install/share/vrx_gz/models/antenna/model.config
[2.290s] -- Up-to-date: /home/jain/Documents/GitHub/VRX_NUMarine/install/share/vrx_gz/models/antenna/meshes
[2.291s] -- Up-to-date: /home/jain/Documents/GitHub/VRX_NUMarine/install/share/vrx_gz/models/antenna/meshes/antenna.png
[2.292s] -- Up-to-date: /home/jain/Documents/GitHub/VRX_NUMarine/install/share/vrx_gz/models/antenna/meshes/antenna.dae
[2.293s] -- Up-to-date: /home/jain/Documents/GitHub/VRX_NUMarine/install/share/vrx_gz/models/antenna/model.sdf
[2.293s] -- Up-to-date: /home/jain/Documents/GitHub/VRX_NUMarine/install/share/vrx_gz/models/mb_marker_buoy_red
[2.293s] -- Up-to-date: /home/jain/Documents/GitHub/VRX_NUMarine/install/share/vrx_gz/models/mb_marker_buoy_red/materials
[2.293s] -- Up-to-date: /home/jain/Documents/GitHub/VRX_NUMarine/install/share/vrx_gz/models/mb_marker_buoy_red/materials/textures
[2.294s] -- Up-to-date: /home/jain/Documents/GitHub/VRX_NUMarine/install/share/vrx_gz/models/mb_marker_buoy_red/materials/textures/MarkerBuoy_Roughness.png
[2.294s] -- Up-to-date: /home/jain/Documents/GitHub/VRX_NUMarine/install/share/vrx_gz/models/mb_marker_buoy_red/materials/textures/MarkerBuoy_Base_Color.png
[2.294s] -- Up-to-date: /home/jain/Documents/GitHub/VRX_NUMarine/install/share/vrx_gz/models/mb_marker_buoy_red/thumbnails
[2.294s] -- Up-to-date: /home/jain/Documents/GitHub/VRX_NUMarine/install/share/vrx_gz/models/mb_marker_buoy_red/thumbnails/1.png
[2.294s] -- Up-to-date: /home/jain/Documents/GitHub/VRX_NUMarine/install/share/vrx_gz/models/mb_marker_buoy_red/thumbnails/2.png
[2.294s] -- Up-to-date: /home/jain/Documents/GitHub/VRX_NUMarine/install/share/vrx_gz/models/mb_marker_buoy_red/thumbnails/3.png
[2.295s] -- Up-to-date: /home/jain/Documents/GitHub/VRX_NUMarine/install/share/vrx_gz/models/mb_marker_buoy_red/thumbnails/4.png
[2.296s] -- Up-to-date: /home/jain/Documents/GitHub/VRX_NUMarine/install/share/vrx_gz/models/mb_marker_buoy_red/thumbnails/5.png
[2.296s] -- Up-to-date: /home/jain/Documents/GitHub/VRX_NUMarine/install/share/vrx_gz/models/mb_marker_buoy_red/model.config
[2.299s] -- Up-to-date: /home/jain/Documents/GitHub/VRX_NUMarine/install/share/vrx_gz/models/mb_marker_buoy_red/meshes
[2.299s] -- Up-to-date: /home/jain/Documents/GitHub/VRX_NUMarine/install/share/vrx_gz/models/mb_marker_buoy_red/meshes/mb_marker_buoy.dae
[2.299s] -- Up-to-date: /home/jain/Documents/GitHub/VRX_NUMarine/install/share/vrx_gz/models/mb_marker_buoy_red/model.sdf
[2.300s] -- Up-to-date: /home/jain/Documents/GitHub/VRX_NUMarine/install/share/vrx_gz/models/dock_2022_base
[2.301s] -- Up-to-date: /home/jain/Documents/GitHub/VRX_NUMarine/install/share/vrx_gz/models/dock_2022_base/model.config
[2.302s] -- Up-to-date: /home/jain/Documents/GitHub/VRX_NUMarine/install/share/vrx_gz/models/dock_2022_base/model.sdf
[2.302s] -- Up-to-date: /home/jain/Documents/GitHub/VRX_NUMarine/install/share/vrx_gz/models/mb_marker_buoy_black
[2.303s] -- Up-to-date: /home/jain/Documents/GitHub/VRX_NUMarine/install/share/vrx_gz/models/mb_marker_buoy_black/thumbnails
[2.303s] -- Up-to-date: /home/jain/Documents/GitHub/VRX_NUMarine/install/share/vrx_gz/models/mb_marker_buoy_black/thumbnails/1.png
[2.303s] -- Up-to-date: /home/jain/Documents/GitHub/VRX_NUMarine/install/share/vrx_gz/models/mb_marker_buoy_black/thumbnails/2.png
[2.303s] -- Up-to-date: /home/jain/Documents/GitHub/VRX_NUMarine/install/share/vrx_gz/models/mb_marker_buoy_black/thumbnails/3.png
[2.304s] -- Up-to-date: /home/jain/Documents/GitHub/VRX_NUMarine/install/share/vrx_gz/models/mb_marker_buoy_black/thumbnails/4.png
[2.304s] -- Up-to-date: /home/jain/Documents/GitHub/VRX_NUMarine/install/share/vrx_gz/models/mb_marker_buoy_black/thumbnails/5.png
[2.305s] -- Up-to-date: /home/jain/Documents/GitHub/VRX_NUMarine/install/share/vrx_gz/models/mb_marker_buoy_black/model.config
[2.305s] -- Up-to-date: /home/jain/Documents/GitHub/VRX_NUMarine/install/share/vrx_gz/models/mb_marker_buoy_black/model.sdf
[2.305s] -- Up-to-date: /home/jain/Documents/GitHub/VRX_NUMarine/install/share/vrx_gz/models/robotx_light_buoy_rbg
[2.305s] -- Up-to-date: /home/jain/Documents/GitHub/VRX_NUMarine/install/share/vrx_gz/models/robotx_light_buoy_rbg/model.config
[2.305s] -- Up-to-date: /home/jain/Documents/GitHub/VRX_NUMarine/install/share/vrx_gz/models/robotx_light_buoy_rbg/model.sdf
[2.305s] -- Up-to-date: /home/jain/Documents/GitHub/VRX_NUMarine/install/share/vrx_gz/models/roboboat02
[2.306s] -- Up-to-date: /home/jain/Documents/GitHub/VRX_NUMarine/install/share/vrx_gz/models/roboboat02/materials
[2.307s] -- Up-to-date: /home/jain/Documents/GitHub/VRX_NUMarine/install/share/vrx_gz/models/roboboat02/materials/scripts
[2.309s] -- Up-to-date: /home/jain/Documents/GitHub/VRX_NUMarine/install/share/vrx_gz/models/roboboat02/materials/scripts/model.material
[2.309s] -- Up-to-date: /home/jain/Documents/GitHub/VRX_NUMarine/install/share/vrx_gz/models/roboboat02/materials/textures
[2.310s] -- Up-to-date: /home/jain/Documents/GitHub/VRX_NUMarine/install/share/vrx_gz/models/roboboat02/materials/textures/Boat02_Albedo.png
[2.310s] -- Up-to-date: /home/jain/Documents/GitHub/VRX_NUMarine/install/share/vrx_gz/models/roboboat02/materials/textures/Boat02_Roughness.png
[2.311s] -- Up-to-date: /home/jain/Documents/GitHub/VRX_NUMarine/install/share/vrx_gz/models/roboboat02/materials/textures/Boat02_Normal.png
[2.312s] -- Up-to-date: /home/jain/Documents/GitHub/VRX_NUMarine/install/share/vrx_gz/models/roboboat02/materials/textures/Boat02_Metallic.png
[2.312s] -- Up-to-date: /home/jain/Documents/GitHub/VRX_NUMarine/install/share/vrx_gz/models/roboboat02/model.config
[2.312s] -- Up-to-date: /home/jain/Documents/GitHub/VRX_NUMarine/install/share/vrx_gz/models/roboboat02/meshes
[2.312s] -- Up-to-date: /home/jain/Documents/GitHub/VRX_NUMarine/install/share/vrx_gz/models/roboboat02/meshes/roboboat02.dae
[2.313s] -- Up-to-date: /home/jain/Documents/GitHub/VRX_NUMarine/install/share/vrx_gz/models/roboboat02/model.sdf
[2.313s] -- Up-to-date: /home/jain/Documents/GitHub/VRX_NUMarine/install/share/vrx_gz/models/entrance_exit
[2.313s] -- Up-to-date: /home/jain/Documents/GitHub/VRX_NUMarine/install/share/vrx_gz/models/entrance_exit/model.config
[2.314s] -- Up-to-date: /home/jain/Documents/GitHub/VRX_NUMarine/install/share/vrx_gz/models/entrance_exit/model.sdf
[2.314s] -- Up-to-date: /home/jain/Documents/GitHub/VRX_NUMarine/install/share/vrx_gz/models/short_course_2023_phase3_1
[2.315s] -- Up-to-date: /home/jain/Documents/GitHub/VRX_NUMarine/install/share/vrx_gz/models/short_course_2023_phase3_1/model.config
[2.315s] -- Up-to-date: /home/jain/Documents/GitHub/VRX_NUMarine/install/share/vrx_gz/models/short_course_2023_phase3_1/model.sdf
[2.315s] -- Up-to-date: /home/jain/Documents/GitHub/VRX_NUMarine/install/share/vrx_gz/models/robotx_light_buoy_ybr
[2.315s] -- Up-to-date: /home/jain/Documents/GitHub/VRX_NUMarine/install/share/vrx_gz/models/robotx_light_buoy_ybr/model.config
[2.315s] -- Up-to-date: /home/jain/Documents/GitHub/VRX_NUMarine/install/share/vrx_gz/models/robotx_light_buoy_ybr/model.sdf
[2.316s] -- Up-to-date: /home/jain/Documents/GitHub/VRX_NUMarine/install/share/vrx_gz/models/robotx_light_buoy_ygb
[2.316s] -- Up-to-date: /home/jain/Documents/GitHub/VRX_NUMarine/install/share/vrx_gz/models/robotx_light_buoy_ygb/model.config
[2.316s] -- Up-to-date: /home/jain/Documents/GitHub/VRX_NUMarine/install/share/vrx_gz/models/robotx_light_buoy_ygb/model.sdf
[2.316s] -- Up-to-date: /home/jain/Documents/GitHub/VRX_NUMarine/install/share/vrx_gz/models/mb_marker_buoy_green
[2.317s] -- Up-to-date: /home/jain/Documents/GitHub/VRX_NUMarine/install/share/vrx_gz/models/mb_marker_buoy_green/thumbnails
[2.317s] -- Up-to-date: /home/jain/Documents/GitHub/VRX_NUMarine/install/share/vrx_gz/models/mb_marker_buoy_green/thumbnails/1.png
[2.318s] -- Up-to-date: /home/jain/Documents/GitHub/VRX_NUMarine/install/share/vrx_gz/models/mb_marker_buoy_green/thumbnails/2.png
[2.318s] -- Up-to-date: /home/jain/Documents/GitHub/VRX_NUMarine/install/share/vrx_gz/models/mb_marker_buoy_green/thumbnails/3.png
[2.318s] -- Up-to-date: /home/jain/Documents/GitHub/VRX_NUMarine/install/share/vrx_gz/models/mb_marker_buoy_green/thumbnails/4.png
[2.318s] -- Up-to-date: /home/jain/Documents/GitHub/VRX_NUMarine/install/share/vrx_gz/models/mb_marker_buoy_green/thumbnails/5.png
[2.319s] -- Up-to-date: /home/jain/Documents/GitHub/VRX_NUMarine/install/share/vrx_gz/models/mb_marker_buoy_green/model.config
[2.319s] -- Up-to-date: /home/jain/Documents/GitHub/VRX_NUMarine/install/share/vrx_gz/models/mb_marker_buoy_green/model.sdf
[2.319s] -- Up-to-date: /home/jain/Documents/GitHub/VRX_NUMarine/install/share/vrx_gz/models/robotx_light_buoy_bgr
[2.319s] -- Up-to-date: /home/jain/Documents/GitHub/VRX_NUMarine/install/share/vrx_gz/models/robotx_light_buoy_bgr/model.config
[2.319s] -- Up-to-date: /home/jain/Documents/GitHub/VRX_NUMarine/install/share/vrx_gz/models/robotx_light_buoy_bgr/model.sdf
[2.320s] -- Up-to-date: /home/jain/Documents/GitHub/VRX_NUMarine/install/share/vrx_gz/models/mb_marker_buoy_white
[2.320s] -- Up-to-date: /home/jain/Documents/GitHub/VRX_NUMarine/install/share/vrx_gz/models/mb_marker_buoy_white/thumbnails
[2.320s] -- Up-to-date: /home/jain/Documents/GitHub/VRX_NUMarine/install/share/vrx_gz/models/mb_marker_buoy_white/thumbnails/1.png
[2.320s] -- Up-to-date: /home/jain/Documents/GitHub/VRX_NUMarine/install/share/vrx_gz/models/mb_marker_buoy_white/thumbnails/2.png
[2.320s] -- Up-to-date: /home/jain/Documents/GitHub/VRX_NUMarine/install/share/vrx_gz/models/mb_marker_buoy_white/thumbnails/3.png
[2.320s] -- Up-to-date: /home/jain/Documents/GitHub/VRX_NUMarine/install/share/vrx_gz/models/mb_marker_buoy_white/thumbnails/4.png
[2.321s] -- Up-to-date: /home/jain/Documents/GitHub/VRX_NUMarine/install/share/vrx_gz/models/mb_marker_buoy_white/thumbnails/5.png
[2.321s] -- Up-to-date: /home/jain/Documents/GitHub/VRX_NUMarine/install/share/vrx_gz/models/mb_marker_buoy_white/model.config
[2.321s] -- Up-to-date: /home/jain/Documents/GitHub/VRX_NUMarine/install/share/vrx_gz/models/mb_marker_buoy_white/model.sdf
[2.321s] -- Up-to-date: /home/jain/Documents/GitHub/VRX_NUMarine/install/share/vrx_gz/models/short_navigation_course_2
[2.321s] -- Up-to-date: /home/jain/Documents/GitHub/VRX_NUMarine/install/share/vrx_gz/models/short_navigation_course_2/model.config
[2.321s] -- Up-to-date: /home/jain/Documents/GitHub/VRX_NUMarine/install/share/vrx_gz/models/short_navigation_course_2/model.sdf
[2.322s] -- Up-to-date: /home/jain/Documents/GitHub/VRX_NUMarine/install/share/vrx_gz/models/foldable_chair
[2.322s] -- Up-to-date: /home/jain/Documents/GitHub/VRX_NUMarine/install/share/vrx_gz/models/foldable_chair/thumbnails
[2.322s] -- Up-to-date: /home/jain/Documents/GitHub/VRX_NUMarine/install/share/vrx_gz/models/foldable_chair/thumbnails/1.png
[2.322s] -- Up-to-date: /home/jain/Documents/GitHub/VRX_NUMarine/install/share/vrx_gz/models/foldable_chair/thumbnails/2.png
[2.322s] -- Up-to-date: /home/jain/Documents/GitHub/VRX_NUMarine/install/share/vrx_gz/models/foldable_chair/thumbnails/3.png
[2.322s] -- Up-to-date: /home/jain/Documents/GitHub/VRX_NUMarine/install/share/vrx_gz/models/foldable_chair/thumbnails/4.png
[2.322s] -- Up-to-date: /home/jain/Documents/GitHub/VRX_NUMarine/install/share/vrx_gz/models/foldable_chair/thumbnails/5.png
[2.323s] -- Up-to-date: /home/jain/Documents/GitHub/VRX_NUMarine/install/share/vrx_gz/models/foldable_chair/mesh
[2.323s] -- Up-to-date: /home/jain/Documents/GitHub/VRX_NUMarine/install/share/vrx_gz/models/foldable_chair/mesh/foldable_chair.png
[2.323s] -- Up-to-date: /home/jain/Documents/GitHub/VRX_NUMarine/install/share/vrx_gz/models/foldable_chair/mesh/foldable_chair.dae
[2.323s] -- Up-to-date: /home/jain/Documents/GitHub/VRX_NUMarine/install/share/vrx_gz/models/foldable_chair/model.config
[2.323s] -- Up-to-date: /home/jain/Documents/GitHub/VRX_NUMarine/install/share/vrx_gz/models/foldable_chair/model.sdf
[2.323s] -- Up-to-date: /home/jain/Documents/GitHub/VRX_NUMarine/install/share/vrx_gz/models/robotx_light_buoy_yrg
[2.324s] -- Up-to-date: /home/jain/Documents/GitHub/VRX_NUMarine/install/share/vrx_gz/models/robotx_light_buoy_yrg/model.config
[2.324s] -- Up-to-date: /home/jain/Documents/GitHub/VRX_NUMarine/install/share/vrx_gz/models/robotx_light_buoy_yrg/model.sdf
[2.325s] -- Up-to-date: /home/jain/Documents/GitHub/VRX_NUMarine/install/share/vrx_gz/models/short_navigation_course_5
[2.326s] -- Up-to-date: /home/jain/Documents/GitHub/VRX_NUMarine/install/share/vrx_gz/models/short_navigation_course_5/model.config
[2.326s] -- Up-to-date: /home/jain/Documents/GitHub/VRX_NUMarine/install/share/vrx_gz/models/short_navigation_course_5/model.sdf
[2.326s] -- Up-to-date: /home/jain/Documents/GitHub/VRX_NUMarine/install/share/vrx_gz/models/euro pallet
[2.327s] -- Up-to-date: /home/jain/Documents/GitHub/VRX_NUMarine/install/share/vrx_gz/models/euro pallet/thumbnails
[2.327s] -- Up-to-date: /home/jain/Documents/GitHub/VRX_NUMarine/install/share/vrx_gz/models/euro pallet/thumbnails/1.png
[2.327s] -- Up-to-date: /home/jain/Documents/GitHub/VRX_NUMarine/install/share/vrx_gz/models/euro pallet/thumbnails/2.png
[2.327s] -- Up-to-date: /home/jain/Documents/GitHub/VRX_NUMarine/install/share/vrx_gz/models/euro pallet/thumbnails/3.png
[2.327s] -- Up-to-date: /home/jain/Documents/GitHub/VRX_NUMarine/install/share/vrx_gz/models/euro pallet/thumbnails/4.png
[2.327s] -- Up-to-date: /home/jain/Documents/GitHub/VRX_NUMarine/install/share/vrx_gz/models/euro pallet/thumbnails/5.png
[2.327s] -- Up-to-date: /home/jain/Documents/GitHub/VRX_NUMarine/install/share/vrx_gz/models/euro pallet/model.config
[2.327s] -- Up-to-date: /home/jain/Documents/GitHub/VRX_NUMarine/install/share/vrx_gz/models/euro pallet/meshes
[2.328s] -- Up-to-date: /home/jain/Documents/GitHub/VRX_NUMarine/install/share/vrx_gz/models/euro pallet/meshes/pallet.dae
[2.328s] -- Up-to-date: /home/jain/Documents/GitHub/VRX_NUMarine/install/share/vrx_gz/models/euro pallet/model.sdf
[2.328s] -- Up-to-date: /home/jain/Documents/GitHub/VRX_NUMarine/install/share/vrx_gz/models/symbol_triangle
[2.328s] -- Up-to-date: /home/jain/Documents/GitHub/VRX_NUMarine/install/share/vrx_gz/models/symbol_triangle/mesh
[2.328s] -- Up-to-date: /home/jain/Documents/GitHub/VRX_NUMarine/install/share/vrx_gz/models/symbol_triangle/mesh/triangle.dae
[2.328s] -- Up-to-date: /home/jain/Documents/GitHub/VRX_NUMarine/install/share/vrx_gz/models/symbol_triangle/model.config
[2.328s] -- Up-to-date: /home/jain/Documents/GitHub/VRX_NUMarine/install/share/vrx_gz/models/symbol_triangle/model.sdf
[2.328s] -- Up-to-date: /home/jain/Documents/GitHub/VRX_NUMarine/install/share/vrx_gz/models/robotx_light_buoy_bgy
[2.329s] -- Up-to-date: /home/jain/Documents/GitHub/VRX_NUMarine/install/share/vrx_gz/models/robotx_light_buoy_bgy/model.config
[2.329s] -- Up-to-date: /home/jain/Documents/GitHub/VRX_NUMarine/install/share/vrx_gz/models/robotx_light_buoy_bgy/model.sdf
[2.329s] -- Up-to-date: /home/jain/Documents/GitHub/VRX_NUMarine/install/share/vrx_gz/models/articulated_platform
[2.329s] -- Up-to-date: /home/jain/Documents/GitHub/VRX_NUMarine/install/share/vrx_gz/models/articulated_platform/model.config
[2.329s] -- Up-to-date: /home/jain/Documents/GitHub/VRX_NUMarine/install/share/vrx_gz/models/articulated_platform/model.sdf
[2.345s] -- Up-to-date: /home/jain/Documents/GitHub/VRX_NUMarine/install/share/vrx_gz/models/placard_2022
[2.347s] -- Up-to-date: /home/jain/Documents/GitHub/VRX_NUMarine/install/share/vrx_gz/models/placard_2022/materials
[2.347s] -- Up-to-date: /home/jain/Documents/GitHub/VRX_NUMarine/install/share/vrx_gz/models/placard_2022/materials/textures
[2.347s] -- Up-to-date: /home/jain/Documents/GitHub/VRX_NUMarine/install/share/vrx_gz/models/placard_2022/materials/textures/Placard.png
[2.347s] -- Up-to-date: /home/jain/Documents/GitHub/VRX_NUMarine/install/share/vrx_gz/models/placard_2022/model.config
[2.347s] -- Up-to-date: /home/jain/Documents/GitHub/VRX_NUMarine/install/share/vrx_gz/models/placard_2022/meshes
[2.348s] -- Up-to-date: /home/jain/Documents/GitHub/VRX_NUMarine/install/share/vrx_gz/models/placard_2022/meshes/placard_2022.dae
[2.348s] -- Up-to-date: /home/jain/Documents/GitHub/VRX_NUMarine/install/share/vrx_gz/models/placard_2022/model.sdf
[2.348s] -- Up-to-date: /home/jain/Documents/GitHub/VRX_NUMarine/install/share/vrx_gz/models/short_navigation_course_3
[2.348s] -- Up-to-date: /home/jain/Documents/GitHub/VRX_NUMarine/install/share/vrx_gz/models/short_navigation_course_3/model.config
[2.348s] -- Up-to-date: /home/jain/Documents/GitHub/VRX_NUMarine/install/share/vrx_gz/models/short_navigation_course_3/model.sdf
[2.348s] -- Up-to-date: /home/jain/Documents/GitHub/VRX_NUMarine/install/share/vrx_gz/models/mb_round_buoy_orange
[2.349s] -- Up-to-date: /home/jain/Documents/GitHub/VRX_NUMarine/install/share/vrx_gz/models/mb_round_buoy_orange/materials
[2.349s] -- Up-to-date: /home/jain/Documents/GitHub/VRX_NUMarine/install/share/vrx_gz/models/mb_round_buoy_orange/materials/textures
[2.349s] -- Up-to-date: /home/jain/Documents/GitHub/VRX_NUMarine/install/share/vrx_gz/models/mb_round_buoy_orange/materials/textures/RoundBarrierBuoy_Base_Color.png
[2.349s] -- Up-to-date: /home/jain/Documents/GitHub/VRX_NUMarine/install/share/vrx_gz/models/mb_round_buoy_orange/materials/textures/RoundBarrierBuoy_Roughness.png
[2.349s] -- Up-to-date: /home/jain/Documents/GitHub/VRX_NUMarine/install/share/vrx_gz/models/mb_round_buoy_orange/thumbnails
[2.349s] -- Up-to-date: /home/jain/Documents/GitHub/VRX_NUMarine/install/share/vrx_gz/models/mb_round_buoy_orange/thumbnails/1.png
[2.350s] -- Up-to-date: /home/jain/Documents/GitHub/VRX_NUMarine/install/share/vrx_gz/models/mb_round_buoy_orange/thumbnails/2.png
[2.350s] -- Up-to-date: /home/jain/Documents/GitHub/VRX_NUMarine/install/share/vrx_gz/models/mb_round_buoy_orange/thumbnails/3.png
[2.350s] -- Up-to-date: /home/jain/Documents/GitHub/VRX_NUMarine/install/share/vrx_gz/models/mb_round_buoy_orange/thumbnails/4.png
[2.350s] -- Up-to-date: /home/jain/Documents/GitHub/VRX_NUMarine/install/share/vrx_gz/models/mb_round_buoy_orange/thumbnails/5.png
[2.350s] -- Up-to-date: /home/jain/Documents/GitHub/VRX_NUMarine/install/share/vrx_gz/models/mb_round_buoy_orange/model.config
[2.350s] -- Up-to-date: /home/jain/Documents/GitHub/VRX_NUMarine/install/share/vrx_gz/models/mb_round_buoy_orange/meshes
[2.351s] -- Up-to-date: /home/jain/Documents/GitHub/VRX_NUMarine/install/share/vrx_gz/models/mb_round_buoy_orange/meshes/mb_round_buoy.dae
[2.351s] -- Up-to-date: /home/jain/Documents/GitHub/VRX_NUMarine/install/share/vrx_gz/models/mb_round_buoy_orange/model.sdf
[2.352s] -- Up-to-date: /home/jain/Documents/GitHub/VRX_NUMarine/install/share/vrx_gz/models/robotx_light_buoy_gbr
[2.352s] -- Up-to-date: /home/jain/Documents/GitHub/VRX_NUMarine/install/share/vrx_gz/models/robotx_light_buoy_gbr/model.config
[2.352s] -- Up-to-date: /home/jain/Documents/GitHub/VRX_NUMarine/install/share/vrx_gz/models/robotx_light_buoy_gbr/model.sdf
[2.352s] -- Up-to-date: /home/jain/Documents/GitHub/VRX_NUMarine/install/share/vrx_gz/models/ground_station
[2.352s] -- Up-to-date: /home/jain/Documents/GitHub/VRX_NUMarine/install/share/vrx_gz/models/ground_station/thumbnails
[2.353s] -- Up-to-date: /home/jain/Documents/GitHub/VRX_NUMarine/install/share/vrx_gz/models/ground_station/thumbnails/1.png
[2.354s] -- Up-to-date: /home/jain/Documents/GitHub/VRX_NUMarine/install/share/vrx_gz/models/ground_station/thumbnails/2.png
[2.354s] -- Up-to-date: /home/jain/Documents/GitHub/VRX_NUMarine/install/share/vrx_gz/models/ground_station/thumbnails/3.png
[2.356s] -- Up-to-date: /home/jain/Documents/GitHub/VRX_NUMarine/install/share/vrx_gz/models/ground_station/thumbnails/4.png
[2.356s] -- Up-to-date: /home/jain/Documents/GitHub/VRX_NUMarine/install/share/vrx_gz/models/ground_station/thumbnails/5.png
[2.356s] -- Up-to-date: /home/jain/Documents/GitHub/VRX_NUMarine/install/share/vrx_gz/models/ground_station/model.config
[2.356s] -- Up-to-date: /home/jain/Documents/GitHub/VRX_NUMarine/install/share/vrx_gz/models/ground_station/model.sdf
[2.357s] -- Up-to-date: /home/jain/Documents/GitHub/VRX_NUMarine/install/share/vrx_gz/models/robotx_light_buoy_rgy
[2.358s] -- Up-to-date: /home/jain/Documents/GitHub/VRX_NUMarine/install/share/vrx_gz/models/robotx_light_buoy_rgy/model.config
[2.358s] -- Up-to-date: /home/jain/Documents/GitHub/VRX_NUMarine/install/share/vrx_gz/models/robotx_light_buoy_rgy/model.sdf
[2.358s] -- Up-to-date: /home/jain/Documents/GitHub/VRX_NUMarine/install/share/vrx_gz/models/short_navigation_course_0
[2.358s] -- Up-to-date: /home/jain/Documents/GitHub/VRX_NUMarine/install/share/vrx_gz/models/short_navigation_course_0/model.config
[2.358s] -- Up-to-date: /home/jain/Documents/GitHub/VRX_NUMarine/install/share/vrx_gz/models/short_navigation_course_0/model.sdf
[2.358s] -- Up-to-date: /home/jain/Documents/GitHub/VRX_NUMarine/install/share/vrx_gz/models/coast_waves
[2.359s] -- Up-to-date: /home/jain/Documents/GitHub/VRX_NUMarine/install/share/vrx_gz/models/coast_waves/materials
[2.359s] -- Up-to-date: /home/jain/Documents/GitHub/VRX_NUMarine/install/share/vrx_gz/models/coast_waves/materials/programs
[2.359s] -- Up-to-date: /home/jain/Documents/GitHub/VRX_NUMarine/install/share/vrx_gz/models/coast_waves/materials/programs/GerstnerWaves_vs_330.glsl
[2.359s] -- Up-to-date: /home/jain/Documents/GitHub/VRX_NUMarine/install/share/vrx_gz/models/coast_waves/materials/programs/GerstnerWaves_fs_330.glsl
[2.359s] -- Up-to-date: /home/jain/Documents/GitHub/VRX_NUMarine/install/share/vrx_gz/models/coast_waves/materials/textures
[2.360s] -- Up-to-date: /home/jain/Documents/GitHub/VRX_NUMarine/install/share/vrx_gz/models/coast_waves/materials/textures/skybox_lowres.dds
[2.360s] -- Up-to-date: /home/jain/Documents/GitHub/VRX_NUMarine/install/share/vrx_gz/models/coast_waves/materials/textures/wave_normals.dds
[2.360s] -- Up-to-date: /home/jain/Documents/GitHub/VRX_NUMarine/install/share/vrx_gz/models/coast_waves/model.config
[2.361s] -- Up-to-date: /home/jain/Documents/GitHub/VRX_NUMarine/install/share/vrx_gz/models/coast_waves/meshes
[2.361s] -- Up-to-date: /home/jain/Documents/GitHub/VRX_NUMarine/install/share/vrx_gz/models/coast_waves/meshes/waterlow.dae
[2.361s] -- Up-to-date: /home/jain/Documents/GitHub/VRX_NUMarine/install/share/vrx_gz/models/coast_waves/model.sdf
[2.361s] -- Up-to-date: /home/jain/Documents/GitHub/VRX_NUMarine/install/share/vrx_gz/models/foldable_table
[2.361s] -- Up-to-date: /home/jain/Documents/GitHub/VRX_NUMarine/install/share/vrx_gz/models/foldable_table/thumbnails
[2.361s] -- Up-to-date: /home/jain/Documents/GitHub/VRX_NUMarine/install/share/vrx_gz/models/foldable_table/thumbnails/1.png
[2.362s] -- Up-to-date: /home/jain/Documents/GitHub/VRX_NUMarine/install/share/vrx_gz/models/foldable_table/thumbnails/2.png
[2.362s] -- Up-to-date: /home/jain/Documents/GitHub/VRX_NUMarine/install/share/vrx_gz/models/foldable_table/thumbnails/3.png
[2.362s] -- Up-to-date: /home/jain/Documents/GitHub/VRX_NUMarine/install/share/vrx_gz/models/foldable_table/thumbnails/4.png
[2.362s] -- Up-to-date: /home/jain/Documents/GitHub/VRX_NUMarine/install/share/vrx_gz/models/foldable_table/thumbnails/5.png
[2.362s] -- Up-to-date: /home/jain/Documents/GitHub/VRX_NUMarine/install/share/vrx_gz/models/foldable_table/mesh
[2.362s] -- Up-to-date: /home/jain/Documents/GitHub/VRX_NUMarine/install/share/vrx_gz/models/foldable_table/mesh/foldable_table.dae
[2.363s] -- Up-to-date: /home/jain/Documents/GitHub/VRX_NUMarine/install/share/vrx_gz/models/foldable_table/mesh/foldable_table.png
[2.363s] -- Up-to-date: /home/jain/Documents/GitHub/VRX_NUMarine/install/share/vrx_gz/models/foldable_table/model.config
[2.363s] -- Up-to-date: /home/jain/Documents/GitHub/VRX_NUMarine/install/share/vrx_gz/models/foldable_table/model.sdf
[2.364s] -- Up-to-date: /home/jain/Documents/GitHub/VRX_NUMarine/install/share/vrx_gz/models/dock_2022
[2.364s] -- Up-to-date: /home/jain/Documents/GitHub/VRX_NUMarine/install/share/vrx_gz/models/dock_2022/model.config
[2.365s] -- Up-to-date: /home/jain/Documents/GitHub/VRX_NUMarine/install/share/vrx_gz/models/dock_2022/model.sdf
[2.365s] -- Up-to-date: /home/jain/Documents/GitHub/VRX_NUMarine/install/share/vrx_gz/models/obstacle_course
[2.365s] -- Up-to-date: /home/jain/Documents/GitHub/VRX_NUMarine/install/share/vrx_gz/models/obstacle_course/model.config
[2.365s] -- Up-to-date: /home/jain/Documents/GitHub/VRX_NUMarine/install/share/vrx_gz/models/obstacle_course/model.sdf
[2.365s] -- Up-to-date: /home/jain/Documents/GitHub/VRX_NUMarine/install/share/vrx_gz/models/post
[2.366s] -- Up-to-date: /home/jain/Documents/GitHub/VRX_NUMarine/install/share/vrx_gz/models/post/materials
[2.366s] -- Up-to-date: /home/jain/Documents/GitHub/VRX_NUMarine/install/share/vrx_gz/models/post/materials/textures
[2.366s] -- Up-to-date: /home/jain/Documents/GitHub/VRX_NUMarine/install/share/vrx_gz/models/post/materials/textures/post.png
[2.366s] -- Up-to-date: /home/jain/Documents/GitHub/VRX_NUMarine/install/share/vrx_gz/models/post/thumbnails
[2.366s] -- Up-to-date: /home/jain/Documents/GitHub/VRX_NUMarine/install/share/vrx_gz/models/post/thumbnails/1.png
[2.367s] -- Up-to-date: /home/jain/Documents/GitHub/VRX_NUMarine/install/share/vrx_gz/models/post/thumbnails/2.png
[2.367s] -- Up-to-date: /home/jain/Documents/GitHub/VRX_NUMarine/install/share/vrx_gz/models/post/thumbnails/3.png
[2.368s] -- Up-to-date: /home/jain/Documents/GitHub/VRX_NUMarine/install/share/vrx_gz/models/post/thumbnails/4.png
[2.368s] -- Up-to-date: /home/jain/Documents/GitHub/VRX_NUMarine/install/share/vrx_gz/models/post/thumbnails/5.png
[2.368s] -- Up-to-date: /home/jain/Documents/GitHub/VRX_NUMarine/install/share/vrx_gz/models/post/model.config
[2.368s] -- Up-to-date: /home/jain/Documents/GitHub/VRX_NUMarine/install/share/vrx_gz/models/post/meshes
[2.368s] -- Up-to-date: /home/jain/Documents/GitHub/VRX_NUMarine/install/share/vrx_gz/models/post/meshes/post.dae
[2.369s] -- Up-to-date: /home/jain/Documents/GitHub/VRX_NUMarine/install/share/vrx_gz/models/post/model.sdf
[2.369s] -- Up-to-date: /home/jain/Documents/GitHub/VRX_NUMarine/install/share/vrx_gz/models/dock_block_4x4
[2.369s] -- Up-to-date: /home/jain/Documents/GitHub/VRX_NUMarine/install/share/vrx_gz/models/dock_block_4x4/mesh
[2.370s] -- Up-to-date: /home/jain/Documents/GitHub/VRX_NUMarine/install/share/vrx_gz/models/dock_block_4x4/mesh/DockCubes_Roughness.png
[2.370s] -- Up-to-date: /home/jain/Documents/GitHub/VRX_NUMarine/install/share/vrx_gz/models/dock_block_4x4/mesh/DockCubes_Normal.png
[2.370s] -- Up-to-date: /home/jain/Documents/GitHub/VRX_NUMarine/install/share/vrx_gz/models/dock_block_4x4/mesh/dock_block_4x4.dae
[2.370s] -- Up-to-date: /home/jain/Documents/GitHub/VRX_NUMarine/install/share/vrx_gz/models/dock_block_4x4/mesh/DockCubes_Metalness.png
[2.370s] -- Up-to-date: /home/jain/Documents/GitHub/VRX_NUMarine/install/share/vrx_gz/models/dock_block_4x4/mesh/DockCubes_Albedo.png
[2.370s] -- Up-to-date: /home/jain/Documents/GitHub/VRX_NUMarine/install/share/vrx_gz/models/dock_block_4x4/model.config
[2.370s] -- Up-to-date: /home/jain/Documents/GitHub/VRX_NUMarine/install/share/vrx_gz/models/dock_block_4x4/model.sdf
[2.371s] -- Up-to-date: /home/jain/Documents/GitHub/VRX_NUMarine/install/share/vrx_gz/worlds
[2.371s] -- Up-to-date: /home/jain/Documents/GitHub/VRX_NUMarine/install/share/vrx_gz/worlds/wildlife_task.sdf
[2.371s] -- Up-to-date: /home/jain/Documents/GitHub/VRX_NUMarine/install/share/vrx_gz/worlds/sydney_regatta.sdf
[2.371s] -- Up-to-date: /home/jain/Documents/GitHub/VRX_NUMarine/install/share/vrx_gz/worlds/gymkhana_task.sdf
[2.371s] -- Up-to-date: /home/jain/Documents/GitHub/VRX_NUMarine/install/share/vrx_gz/worlds/navigation_task.sdf
[2.371s] -- Up-to-date: /home/jain/Documents/GitHub/VRX_NUMarine/install/share/vrx_gz/worlds/acoustic_tracking_task.sdf
[2.371s] -- Up-to-date: /home/jain/Documents/GitHub/VRX_NUMarine/install/share/vrx_gz/worlds/2023_practice
[2.372s] -- Up-to-date: /home/jain/Documents/GitHub/VRX_NUMarine/install/share/vrx_gz/worlds/2023_practice/practice_2023_scan_dock_deliver1_task.sdf
[2.372s] -- Up-to-date: /home/jain/Documents/GitHub/VRX_NUMarine/install/share/vrx_gz/worlds/2023_practice/practice_2023_wayfinding1_task.sdf
[2.372s] -- Up-to-date: /home/jain/Documents/GitHub/VRX_NUMarine/install/share/vrx_gz/worlds/2023_practice/practice_2023_follow_path2_task.sdf
[2.372s] -- Up-to-date: /home/jain/Documents/GitHub/VRX_NUMarine/install/share/vrx_gz/worlds/2023_practice/practice_2023_acoustic_tracking0_task.sdf
[2.372s] -- Up-to-date: /home/jain/Documents/GitHub/VRX_NUMarine/install/share/vrx_gz/worlds/2023_practice/practice_2023_stationkeeping1_task.sdf
[2.373s] -- Up-to-date: /home/jain/Documents/GitHub/VRX_NUMarine/install/share/vrx_gz/worlds/2023_practice/practice_2023_wayfinding0_task.sdf
[2.375s] -- Up-to-date: /home/jain/Documents/GitHub/VRX_NUMarine/install/share/vrx_gz/worlds/2023_practice/practice_2023_perception2_task.sdf
[2.376s] -- Up-to-date: /home/jain/Documents/GitHub/VRX_NUMarine/install/share/vrx_gz/worlds/2023_practice/practice_2023_wildlife2_task.sdf
[2.376s] -- Up-to-date: /home/jain/Documents/GitHub/VRX_NUMarine/install/share/vrx_gz/worlds/2023_practice/practice_2023_acoustic_perception2_task.sdf
[2.376s] -- Up-to-date: /home/jain/Documents/GitHub/VRX_NUMarine/install/share/vrx_gz/worlds/2023_practice/practice_2023_acoustic_tracking1_task.sdf
[2.376s] -- Up-to-date: /home/jain/Documents/GitHub/VRX_NUMarine/install/share/vrx_gz/worlds/2023_practice/practice_2023_perception1_task.sdf
[2.377s] -- Up-to-date: /home/jain/Documents/GitHub/VRX_NUMarine/install/share/vrx_gz/worlds/2023_practice/practice_2023_stationkeeping0_task.sdf
[2.377s] -- Up-to-date: /home/jain/Documents/GitHub/VRX_NUMarine/install/share/vrx_gz/worlds/2023_practice/practice_2023_scan_dock_deliver0_task.sdf
[2.377s] -- Up-to-date: /home/jain/Documents/GitHub/VRX_NUMarine/install/share/vrx_gz/worlds/2023_practice/practice_2023_perception0_task.sdf
[2.377s] -- Up-to-date: /home/jain/Documents/GitHub/VRX_NUMarine/install/share/vrx_gz/worlds/2023_practice/practice_2023_acoustic_tracking2_task.sdf
[2.377s] -- Up-to-date: /home/jain/Documents/GitHub/VRX_NUMarine/install/share/vrx_gz/worlds/2023_practice/practice_2023_wayfinding2_task.sdf
[2.377s] -- Up-to-date: /home/jain/Documents/GitHub/VRX_NUMarine/install/share/vrx_gz/worlds/2023_practice/practice_2023_scan_dock_deliver2_task.sdf
[2.378s] -- Up-to-date: /home/jain/Documents/GitHub/VRX_NUMarine/install/share/vrx_gz/worlds/2023_practice/practice_2023_follow_path0_task.sdf
[2.378s] -- Up-to-date: /home/jain/Documents/GitHub/VRX_NUMarine/install/share/vrx_gz/worlds/2023_practice/practice_2023_acoustic_perception1_task.sdf
[2.378s] -- Up-to-date: /home/jain/Documents/GitHub/VRX_NUMarine/install/share/vrx_gz/worlds/2023_practice/practice_2023_acoustic_perception0_task.sdf
[2.378s] -- Up-to-date: /home/jain/Documents/GitHub/VRX_NUMarine/install/share/vrx_gz/worlds/2023_practice/practice_2023_follow_path1_task.sdf
[2.378s] -- Up-to-date: /home/jain/Documents/GitHub/VRX_NUMarine/install/share/vrx_gz/worlds/2023_practice/practice_2023_wildlife0_task.sdf
[2.378s] -- Up-to-date: /home/jain/Documents/GitHub/VRX_NUMarine/install/share/vrx_gz/worlds/2023_practice/practice_2023_stationkeeping2_task.sdf
[2.378s] -- Up-to-date: /home/jain/Documents/GitHub/VRX_NUMarine/install/share/vrx_gz/worlds/2023_practice/practice_2023_wildlife1_task.sdf
[2.379s] -- Up-to-date: /home/jain/Documents/GitHub/VRX_NUMarine/install/share/vrx_gz/worlds/follow_path_task.sdf
[2.379s] -- Up-to-date: /home/jain/Documents/GitHub/VRX_NUMarine/install/share/vrx_gz/worlds/scan_dock_deliver_task.sdf
[2.379s] -- Up-to-date: /home/jain/Documents/GitHub/VRX_NUMarine/install/share/vrx_gz/worlds/perception_task.sdf
[2.379s] -- Up-to-date: /home/jain/Documents/GitHub/VRX_NUMarine/install/share/vrx_gz/worlds/stationkeeping_task.sdf
[2.379s] -- Up-to-date: /home/jain/Documents/GitHub/VRX_NUMarine/install/share/vrx_gz/worlds/nbpark.sdf
[2.379s] -- Up-to-date: /home/jain/Documents/GitHub/VRX_NUMarine/install/share/vrx_gz/worlds/acoustic_perception_task.sdf
[2.380s] -- Up-to-date: /home/jain/Documents/GitHub/VRX_NUMarine/install/share/vrx_gz/worlds/wayfinding_task.sdf
[2.380s] -- Up-to-date: /home/jain/Documents/GitHub/VRX_NUMarine/install/share/ament_index/resource_index/package_run_dependencies/vrx_gz
[2.380s] -- Up-to-date: /home/jain/Documents/GitHub/VRX_NUMarine/install/share/ament_index/resource_index/parent_prefix_path/vrx_gz
[2.380s] -- Up-to-date: /home/jain/Documents/GitHub/VRX_NUMarine/install/share/vrx_gz/environment/ament_prefix_path.sh
[2.380s] -- Up-to-date: /home/jain/Documents/GitHub/VRX_NUMarine/install/share/vrx_gz/environment/ament_prefix_path.dsv
[2.380s] -- Up-to-date: /home/jain/Documents/GitHub/VRX_NUMarine/install/share/vrx_gz/environment/path.sh
[2.382s] -- Up-to-date: /home/jain/Documents/GitHub/VRX_NUMarine/install/share/vrx_gz/environment/path.dsv
[2.382s] -- Up-to-date: /home/jain/Documents/GitHub/VRX_NUMarine/install/share/vrx_gz/local_setup.bash
[2.383s] -- Up-to-date: /home/jain/Documents/GitHub/VRX_NUMarine/install/share/vrx_gz/local_setup.sh
[2.383s] -- Up-to-date: /home/jain/Documents/GitHub/VRX_NUMarine/install/share/vrx_gz/local_setup.zsh
[2.383s] -- Up-to-date: /home/jain/Documents/GitHub/VRX_NUMarine/install/share/vrx_gz/local_setup.dsv
[2.383s] -- Installing: /home/jain/Documents/GitHub/VRX_NUMarine/install/share/vrx_gz/package.dsv
[2.383s] -- Up-to-date: /home/jain/Documents/GitHub/VRX_NUMarine/install/share/ament_index/resource_index/packages/vrx_gz
[2.384s] -- Up-to-date: /home/jain/Documents/GitHub/VRX_NUMarine/install/share/vrx_gz/cmake/vrx_gzConfig.cmake
[2.384s] -- Up-to-date: /home/jain/Documents/GitHub/VRX_NUMarine/install/share/vrx_gz/cmake/vrx_gzConfig-version.cmake
[2.384s] -- Up-to-date: /home/jain/Documents/GitHub/VRX_NUMarine/install/share/vrx_gz/package.xml
[2.385s] Invoked command in '/home/jain/Documents/GitHub/VRX_NUMarine/build/vrx_gz' returned '0': CMAKE_PREFIX_PATH=${CMAKE_PREFIX_PATH}:/opt/ros/humble /usr/bin/cmake --install /home/jain/Documents/GitHub/VRX_NUMarine/build/vrx_gz
