[0.012s] Invoking command in '/home/robotx/Documents/GitHub/VRX_NUMarine/build/vrx_ros': CMAKE_PREFIX_PATH=/opt/ros/humble /usr/bin/cmake /home/robotx/Documents/GitHub/VRX_NUMarine/src/vrx/ros_packages/vrx_ros -DCMAKE_INSTALL_PREFIX=/home/robotx/Documents/GitHub/VRX_NUMarine/install
[0.059s] -- The C compiler identification is GNU 11.4.0
[0.106s] -- The CXX compiler identification is GNU 11.4.0
[0.112s] -- Detecting C compiler ABI info
[0.170s] -- Detecting C compiler ABI info - done
[0.179s] -- Check for working C compiler: /usr/bin/cc - skipped
[0.180s] -- Detecting C compile features
[0.180s] -- Detecting C compile features - done
[0.182s] -- Detecting CXX compiler ABI info
[0.248s] -- Detecting CXX compiler ABI info - done
[0.257s] -- Check for working CXX compiler: /usr/bin/c++ - skipped
[0.257s] -- Detecting CXX compile features
[0.258s] -- Detecting CXX compile features - done
[0.260s] -- Found ament_cmake: 1.3.9 (/opt/ros/humble/share/ament_cmake/cmake)
[0.389s] -- Found Python3: /usr/bin/python3 (found version "3.10.12") found components: Interpreter 
[0.461s] -- Found geometry_msgs: 4.2.4 (/opt/ros/humble/share/geometry_msgs/cmake)
[0.493s] -- Found rosidl_generator_c: 3.1.5 (/opt/ros/humble/share/rosidl_generator_c/cmake)
[0.497s] -- Found rosidl_adapter: 3.1.5 (/opt/ros/humble/share/rosidl_adapter/cmake)
[0.504s] -- Found rosidl_generator_cpp: 3.1.5 (/opt/ros/humble/share/rosidl_generator_cpp/cmake)
[0.516s] -- Using all available rosidl_typesupport_c: rosidl_typesupport_fastrtps_c;rosidl_typesupport_introspection_c
[0.533s] -- Using all available rosidl_typesupport_cpp: rosidl_typesupport_fastrtps_cpp;rosidl_typesupport_introspection_cpp
[0.639s] -- Looking for gz-msgs9 -- found version 9.5.0
[0.644s] -- Searching for dependencies of gz-msgs9
[0.782s] -- Found Protobuf: /usr/lib/x86_64-linux-gnu/libprotobuf.so (found version "3.12.4") 
[0.784s] -- Looking for gz-math7 -- found version 7.5.0
[0.784s] -- Searching for dependencies of gz-math7
[0.786s] -- Looking for gz-utils2 -- found version 2.2.0
[0.787s] -- Searching for dependencies of gz-utils2
[0.791s] -- Checking for module 'tinyxml2'
[0.801s] --   Found tinyxml2, version 9.0.0
[0.828s] -- Looking for gz-transport12 -- found version 12.2.1
[0.829s] -- Searching for dependencies of gz-transport12
[0.856s] -- Config-file not installed for ZeroMQ -- checking for pkg-config
[0.860s] -- Checking for module 'libzmq >= 4'
[0.870s] --   Found libzmq , version 4.3.4
[0.899s] -- Found ZeroMQ: TRUE (Required is at least version "4") 
[0.903s] -- Checking for module 'uuid'
[0.912s] --   Found uuid, version 2.37.2
[0.938s] -- Found UUID: TRUE  
[0.939s] -- Looking for gz-utils2 -- found version 2.2.0
[0.939s] -- Searching for dependencies of gz-utils2
[0.939s] -- Searching for <gz-utils2> component [cli]
[0.941s] -- Looking for gz-utils2-cli -- found version 2.2.0
[0.941s] -- Searching for dependencies of gz-utils2-cli
[0.942s] -- Looking for gz-msgs9 -- found version 9.5.0
[0.944s] -- Found rclcpp: 16.0.9 (/opt/ros/humble/share/rclcpp/cmake)
[0.997s] -- Found rmw_implementation_cmake: 6.1.2 (/opt/ros/humble/share/rmw_implementation_cmake/cmake)
[0.999s] -- Found rmw_fastrtps_cpp: 6.2.6 (/opt/ros/humble/share/rmw_fastrtps_cpp/cmake)
[1.092s] -- Found OpenSSL: /usr/lib/x86_64-linux-gnu/libcrypto.so (found version "3.0.2")  
[1.119s] -- Found FastRTPS: /opt/ros/humble/include  
[1.165s] -- Using RMW implementation 'rmw_fastrtps_cpp' as default
[1.174s] -- Found Threads: TRUE  
[1.296s] -- Found ros_gz_interfaces: 0.244.11 (/opt/ros/humble/share/ros_gz_interfaces/cmake)
[1.396s] -- Found sensor_msgs: 4.2.4 (/opt/ros/humble/share/sensor_msgs/cmake)
[1.473s] -- Found tf2: 0.25.7 (/opt/ros/humble/share/tf2/cmake)
[1.485s] -- Found tf2_msgs: 0.25.7 (/opt/ros/humble/share/tf2_msgs/cmake)
[1.616s] -- Found tf2_ros: 0.25.7 (/opt/ros/humble/share/tf2_ros/cmake)
[1.802s] -- Configuring done
[1.815s] -- Generating done
[1.817s] -- Build files have been written to: /home/robotx/Documents/GitHub/VRX_NUMarine/build/vrx_ros
[1.827s] Invoked command in '/home/robotx/Documents/GitHub/VRX_NUMarine/build/vrx_ros' returned '0': CMAKE_PREFIX_PATH=/opt/ros/humble /usr/bin/cmake /home/robotx/Documents/GitHub/VRX_NUMarine/src/vrx/ros_packages/vrx_ros -DCMAKE_INSTALL_PREFIX=/home/robotx/Documents/GitHub/VRX_NUMarine/install
[1.828s] Invoking command in '/home/robotx/Documents/GitHub/VRX_NUMarine/build/vrx_ros': CMAKE_PREFIX_PATH=/opt/ros/humble /usr/bin/cmake --build /home/robotx/Documents/GitHub/VRX_NUMarine/build/vrx_ros -- -j12 -l12
[1.870s] [ 50%] [32mBuilding CXX object CMakeFiles/pose_tf_broadcaster.dir/src/pose_tf_broadcaster.cc.o[0m
[1.870s] [ 50%] [32mBuilding CXX object CMakeFiles/optical_frame_publisher.dir/src/optical_frame_publisher.cc.o[0m
[8.655s] [ 75%] [32m[1mLinking CXX executable pose_tf_broadcaster[0m
[8.985s] [ 75%] Built target pose_tf_broadcaster
[11.216s] [100%] [32m[1mLinking CXX executable optical_frame_publisher[0m
[11.664s] [100%] Built target optical_frame_publisher
[11.673s] Invoked command in '/home/robotx/Documents/GitHub/VRX_NUMarine/build/vrx_ros' returned '0': CMAKE_PREFIX_PATH=/opt/ros/humble /usr/bin/cmake --build /home/robotx/Documents/GitHub/VRX_NUMarine/build/vrx_ros -- -j12 -l12
[11.695s] Invoking command in '/home/robotx/Documents/GitHub/VRX_NUMarine/build/vrx_ros': CMAKE_PREFIX_PATH=/opt/ros/humble /usr/bin/cmake --install /home/robotx/Documents/GitHub/VRX_NUMarine/build/vrx_ros
[11.701s] -- Install configuration: ""
[11.701s] -- Installing: /home/robotx/Documents/GitHub/VRX_NUMarine/install/lib/vrx_ros/optical_frame_publisher
[11.706s] -- Set runtime path of "/home/robotx/Documents/GitHub/VRX_NUMarine/install/lib/vrx_ros/optical_frame_publisher" to ""
[11.707s] -- Installing: /home/robotx/Documents/GitHub/VRX_NUMarine/install/lib/vrx_ros/pose_tf_broadcaster
[11.710s] -- Set runtime path of "/home/robotx/Documents/GitHub/VRX_NUMarine/install/lib/vrx_ros/pose_tf_broadcaster" to ""
[11.710s] -- Installing: /home/robotx/Documents/GitHub/VRX_NUMarine/install/share/vrx_ros/launch
[11.710s] -- Installing: /home/robotx/Documents/GitHub/VRX_NUMarine/install/share/vrx_ros/launch/monitor_sim.py
[11.710s] -- Installing: /home/robotx/Documents/GitHub/VRX_NUMarine/install/share/ament_index/resource_index/package_run_dependencies/vrx_ros
[11.710s] -- Installing: /home/robotx/Documents/GitHub/VRX_NUMarine/install/share/ament_index/resource_index/parent_prefix_path/vrx_ros
[11.710s] -- Installing: /home/robotx/Documents/GitHub/VRX_NUMarine/install/share/vrx_ros/environment/ament_prefix_path.sh
[11.711s] -- Installing: /home/robotx/Documents/GitHub/VRX_NUMarine/install/share/vrx_ros/environment/ament_prefix_path.dsv
[11.711s] -- Installing: /home/robotx/Documents/GitHub/VRX_NUMarine/install/share/vrx_ros/environment/path.sh
[11.711s] -- Installing: /home/robotx/Documents/GitHub/VRX_NUMarine/install/share/vrx_ros/environment/path.dsv
[11.711s] -- Installing: /home/robotx/Documents/GitHub/VRX_NUMarine/install/share/vrx_ros/local_setup.bash
[11.711s] -- Installing: /home/robotx/Documents/GitHub/VRX_NUMarine/install/share/vrx_ros/local_setup.sh
[11.711s] -- Installing: /home/robotx/Documents/GitHub/VRX_NUMarine/install/share/vrx_ros/local_setup.zsh
[11.711s] -- Installing: /home/robotx/Documents/GitHub/VRX_NUMarine/install/share/vrx_ros/local_setup.dsv
[11.711s] -- Installing: /home/robotx/Documents/GitHub/VRX_NUMarine/install/share/vrx_ros/package.dsv
[11.712s] -- Installing: /home/robotx/Documents/GitHub/VRX_NUMarine/install/share/ament_index/resource_index/packages/vrx_ros
[11.712s] -- Installing: /home/robotx/Documents/GitHub/VRX_NUMarine/install/share/vrx_ros/cmake/vrx_rosConfig.cmake
[11.712s] -- Installing: /home/robotx/Documents/GitHub/VRX_NUMarine/install/share/vrx_ros/cmake/vrx_rosConfig-version.cmake
[11.712s] -- Installing: /home/robotx/Documents/GitHub/VRX_NUMarine/install/share/vrx_ros/package.xml
[11.714s] Invoked command in '/home/robotx/Documents/GitHub/VRX_NUMarine/build/vrx_ros' returned '0': CMAKE_PREFIX_PATH=/opt/ros/humble /usr/bin/cmake --install /home/robotx/Documents/GitHub/VRX_NUMarine/build/vrx_ros
