[0.004s] Invoking command in '/home/rileychron111/Documents/GitHub/VRX_NUMarine/build/wamv_description': AMENT_PREFIX_PATH=/home/rileychron111/Documents/GitHub/VRX_NUMarine/install:${AMENT_PREFIX_PATH} CMAKE_PREFIX_PATH=/home/rileychron111/Documents/GitHub/VRX_NUMarine/install:/opt/ros/humble GZ_SIM_RESOURCE_PATH=/home/rileychron111/Documents/GitHub/VRX_NUMarine/install/share/vrx_gazebo/models:/home/rileychron111/Documents/GitHub/VRX_NUMarine/install/share LD_LIBRARY_PATH=/home/rileychron111/Documents/GitHub/VRX_NUMarine/install/lib:${LD_LIBRARY_PATH} PYTHONPATH=/home/rileychron111/Documents/GitHub/VRX_NUMarine/install/local/lib/python3.10/dist-packages:${PYTHONPATH} /usr/bin/cmake /home/rileychron111/Documents/GitHub/VRX_NUMarine/src/vrx/ros_packages/vrx_urdf/wamv_description -DCMAKE_INSTALL_PREFIX=/home/rileychron111/Documents/GitHub/VRX_NUMarine/install
[0.034s] -- The C compiler identification is GNU 11.4.0
[0.064s] -- The CXX compiler identification is GNU 11.4.0
[0.069s] -- Detecting C compiler ABI info
[0.107s] -- Detecting C compiler ABI info - done
[0.112s] -- Check for working C compiler: /usr/bin/cc - skipped
[0.112s] -- Detecting C compile features
[0.112s] -- Detecting C compile features - done
[0.115s] -- Detecting CXX compiler ABI info
[0.156s] -- Detecting CXX compiler ABI info - done
[0.161s] -- Check for working CXX compiler: /usr/bin/c++ - skipped
[0.161s] -- Detecting CXX compile features
[0.161s] -- Detecting CXX compile features - done
[0.163s] -- Found ament_cmake: 1.3.9 (/opt/ros/humble/share/ament_cmake/cmake)
[0.247s] -- Found Python3: /usr/bin/python3 (found version "3.10.12") found components: Interpreter 
[0.300s] -- Found xacro: 2.0.8 (/opt/ros/humble/share/xacro/cmake)
[0.300s] -- xacro: determining deps for: urdf/wamv_base.urdf.xacro ...
[0.390s] -- Configuring done
[0.392s] -- Generating done
[0.392s] -- Build files have been written to: /home/rileychron111/Documents/GitHub/VRX_NUMarine/build/wamv_description
[0.395s] Invoked command in '/home/rileychron111/Documents/GitHub/VRX_NUMarine/build/wamv_description' returned '0': AMENT_PREFIX_PATH=/home/rileychron111/Documents/GitHub/VRX_NUMarine/install:${AMENT_PREFIX_PATH} CMAKE_PREFIX_PATH=/home/rileychron111/Documents/GitHub/VRX_NUMarine/install:/opt/ros/humble GZ_SIM_RESOURCE_PATH=/home/rileychron111/Documents/GitHub/VRX_NUMarine/install/share/vrx_gazebo/models:/home/rileychron111/Documents/GitHub/VRX_NUMarine/install/share LD_LIBRARY_PATH=/home/rileychron111/Documents/GitHub/VRX_NUMarine/install/lib:${LD_LIBRARY_PATH} PYTHONPATH=/home/rileychron111/Documents/GitHub/VRX_NUMarine/install/local/lib/python3.10/dist-packages:${PYTHONPATH} /usr/bin/cmake /home/rileychron111/Documents/GitHub/VRX_NUMarine/src/vrx/ros_packages/vrx_urdf/wamv_description -DCMAKE_INSTALL_PREFIX=/home/rileychron111/Documents/GitHub/VRX_NUMarine/install
[0.396s] Invoking command in '/home/rileychron111/Documents/GitHub/VRX_NUMarine/build/wamv_description': AMENT_PREFIX_PATH=/home/rileychron111/Documents/GitHub/VRX_NUMarine/install:${AMENT_PREFIX_PATH} CMAKE_PREFIX_PATH=/home/rileychron111/Documents/GitHub/VRX_NUMarine/install:/opt/ros/humble GZ_SIM_RESOURCE_PATH=/home/rileychron111/Documents/GitHub/VRX_NUMarine/install/share/vrx_gazebo/models:/home/rileychron111/Documents/GitHub/VRX_NUMarine/install/share LD_LIBRARY_PATH=/home/rileychron111/Documents/GitHub/VRX_NUMarine/install/lib:${LD_LIBRARY_PATH} PYTHONPATH=/home/rileychron111/Documents/GitHub/VRX_NUMarine/install/local/lib/python3.10/dist-packages:${PYTHONPATH} /usr/bin/cmake --build /home/rileychron111/Documents/GitHub/VRX_NUMarine/build/wamv_description -- -j12 -l12
[0.421s] [100%] [34m[1mxacro: generating urdf/wamv_base.urdf from urdf/wamv_base.urdf.xacro[0m
[0.481s] [100%] Built target wamv_description__xacro_auto_generate
[0.488s] Invoked command in '/home/rileychron111/Documents/GitHub/VRX_NUMarine/build/wamv_description' returned '0': AMENT_PREFIX_PATH=/home/rileychron111/Documents/GitHub/VRX_NUMarine/install:${AMENT_PREFIX_PATH} CMAKE_PREFIX_PATH=/home/rileychron111/Documents/GitHub/VRX_NUMarine/install:/opt/ros/humble GZ_SIM_RESOURCE_PATH=/home/rileychron111/Documents/GitHub/VRX_NUMarine/install/share/vrx_gazebo/models:/home/rileychron111/Documents/GitHub/VRX_NUMarine/install/share LD_LIBRARY_PATH=/home/rileychron111/Documents/GitHub/VRX_NUMarine/install/lib:${LD_LIBRARY_PATH} PYTHONPATH=/home/rileychron111/Documents/GitHub/VRX_NUMarine/install/local/lib/python3.10/dist-packages:${PYTHONPATH} /usr/bin/cmake --build /home/rileychron111/Documents/GitHub/VRX_NUMarine/build/wamv_description -- -j12 -l12
[0.499s] Invoking command in '/home/rileychron111/Documents/GitHub/VRX_NUMarine/build/wamv_description': AMENT_PREFIX_PATH=/home/rileychron111/Documents/GitHub/VRX_NUMarine/install:${AMENT_PREFIX_PATH} CMAKE_PREFIX_PATH=/home/rileychron111/Documents/GitHub/VRX_NUMarine/install:/opt/ros/humble GZ_SIM_RESOURCE_PATH=/home/rileychron111/Documents/GitHub/VRX_NUMarine/install/share/vrx_gazebo/models:/home/rileychron111/Documents/GitHub/VRX_NUMarine/install/share LD_LIBRARY_PATH=/home/rileychron111/Documents/GitHub/VRX_NUMarine/install/lib:${LD_LIBRARY_PATH} PYTHONPATH=/home/rileychron111/Documents/GitHub/VRX_NUMarine/install/local/lib/python3.10/dist-packages:${PYTHONPATH} /usr/bin/cmake --install /home/rileychron111/Documents/GitHub/VRX_NUMarine/build/wamv_description
[0.503s] -- Install configuration: ""
[0.504s] -- Installing: /home/rileychron111/Documents/GitHub/VRX_NUMarine/install/share/wamv_description/environment/resource_paths.dsv
[0.504s] -- Up-to-date: /home/rileychron111/Documents/GitHub/VRX_NUMarine/install/share/wamv_description/environment/resource_paths.sh
[0.504s] -- Installing: /home/rileychron111/Documents/GitHub/VRX_NUMarine/install/share/wamv_description/urdf/wamv_base.urdf
[0.504s] -- Up-to-date: /home/rileychron111/Documents/GitHub/VRX_NUMarine/install/share/wamv_description/models
[0.504s] -- Up-to-date: /home/rileychron111/Documents/GitHub/VRX_NUMarine/install/share/wamv_description/models/propeller
[0.504s] -- Up-to-date: /home/rileychron111/Documents/GitHub/VRX_NUMarine/install/share/wamv_description/models/propeller/mesh
[0.504s] -- Up-to-date: /home/rileychron111/Documents/GitHub/VRX_NUMarine/install/share/wamv_description/models/propeller/mesh/propeller.dae
[0.504s] -- Up-to-date: /home/rileychron111/Documents/GitHub/VRX_NUMarine/install/share/wamv_description/models/propeller/model.config
[0.504s] -- Up-to-date: /home/rileychron111/Documents/GitHub/VRX_NUMarine/install/share/wamv_description/models/engine
[0.504s] -- Up-to-date: /home/rileychron111/Documents/GitHub/VRX_NUMarine/install/share/wamv_description/models/engine/mesh
[0.504s] -- Up-to-date: /home/rileychron111/Documents/GitHub/VRX_NUMarine/install/share/wamv_description/models/engine/mesh/engine.dae
[0.504s] -- Up-to-date: /home/rileychron111/Documents/GitHub/VRX_NUMarine/install/share/wamv_description/models/engine/model.config
[0.505s] -- Up-to-date: /home/rileychron111/Documents/GitHub/VRX_NUMarine/install/share/wamv_description/models/WAM-V-Base
[0.505s] -- Up-to-date: /home/rileychron111/Documents/GitHub/VRX_NUMarine/install/share/wamv_description/models/WAM-V-Base/mesh
[0.505s] -- Up-to-date: /home/rileychron111/Documents/GitHub/VRX_NUMarine/install/share/wamv_description/models/WAM-V-Base/mesh/WAM-V_Metalness.png
[0.505s] -- Up-to-date: /home/rileychron111/Documents/GitHub/VRX_NUMarine/install/share/wamv_description/models/WAM-V-Base/mesh/WAM-V-Base.dae
[0.505s] -- Up-to-date: /home/rileychron111/Documents/GitHub/VRX_NUMarine/install/share/wamv_description/models/WAM-V-Base/mesh/WAM-V_Albedo.png
[0.505s] -- Up-to-date: /home/rileychron111/Documents/GitHub/VRX_NUMarine/install/share/wamv_description/models/WAM-V-Base/mesh/WAM-V_Normal.png
[0.505s] -- Up-to-date: /home/rileychron111/Documents/GitHub/VRX_NUMarine/install/share/wamv_description/models/WAM-V-Base/mesh/WamV.png
[0.505s] -- Up-to-date: /home/rileychron111/Documents/GitHub/VRX_NUMarine/install/share/wamv_description/models/WAM-V-Base/mesh/WAM-V_Roughness.png
[0.505s] -- Up-to-date: /home/rileychron111/Documents/GitHub/VRX_NUMarine/install/share/wamv_description/models/WAM-V-Base/model.config
[0.505s] -- Up-to-date: /home/rileychron111/Documents/GitHub/VRX_NUMarine/install/share/wamv_description/urdf
[0.506s] -- Up-to-date: /home/rileychron111/Documents/GitHub/VRX_NUMarine/install/share/wamv_description/urdf/battery.xacro
[0.506s] -- Up-to-date: /home/rileychron111/Documents/GitHub/VRX_NUMarine/install/share/wamv_description/urdf/thrusters
[0.506s] -- Up-to-date: /home/rileychron111/Documents/GitHub/VRX_NUMarine/install/share/wamv_description/urdf/thrusters/engine.xacro
[0.506s] -- Up-to-date: /home/rileychron111/Documents/GitHub/VRX_NUMarine/install/share/wamv_description/urdf/wamv_base.urdf.xacro
[0.506s] -- Up-to-date: /home/rileychron111/Documents/GitHub/VRX_NUMarine/install/share/wamv_description/urdf/cpu_cases.xacro
[0.506s] -- Installing: /home/rileychron111/Documents/GitHub/VRX_NUMarine/install/share/ament_index/resource_index/package_run_dependencies/wamv_description
[0.506s] -- Installing: /home/rileychron111/Documents/GitHub/VRX_NUMarine/install/share/ament_index/resource_index/parent_prefix_path/wamv_description
[0.507s] -- Installing: /home/rileychron111/Documents/GitHub/VRX_NUMarine/install/share/wamv_description/environment/ament_prefix_path.sh
[0.507s] -- Installing: /home/rileychron111/Documents/GitHub/VRX_NUMarine/install/share/wamv_description/environment/ament_prefix_path.dsv
[0.507s] -- Installing: /home/rileychron111/Documents/GitHub/VRX_NUMarine/install/share/wamv_description/environment/path.sh
[0.507s] -- Installing: /home/rileychron111/Documents/GitHub/VRX_NUMarine/install/share/wamv_description/environment/path.dsv
[0.507s] -- Installing: /home/rileychron111/Documents/GitHub/VRX_NUMarine/install/share/wamv_description/local_setup.bash
[0.507s] -- Installing: /home/rileychron111/Documents/GitHub/VRX_NUMarine/install/share/wamv_description/local_setup.sh
[0.507s] -- Installing: /home/rileychron111/Documents/GitHub/VRX_NUMarine/install/share/wamv_description/local_setup.zsh
[0.507s] -- Installing: /home/rileychron111/Documents/GitHub/VRX_NUMarine/install/share/wamv_description/local_setup.dsv
[0.507s] -- Installing: /home/rileychron111/Documents/GitHub/VRX_NUMarine/install/share/wamv_description/package.dsv
[0.508s] -- Installing: /home/rileychron111/Documents/GitHub/VRX_NUMarine/install/share/ament_index/resource_index/packages/wamv_description
[0.508s] -- Installing: /home/rileychron111/Documents/GitHub/VRX_NUMarine/install/share/wamv_description/cmake/wamv_descriptionConfig.cmake
[0.508s] -- Installing: /home/rileychron111/Documents/GitHub/VRX_NUMarine/install/share/wamv_description/cmake/wamv_descriptionConfig-version.cmake
[0.508s] -- Up-to-date: /home/rileychron111/Documents/GitHub/VRX_NUMarine/install/share/wamv_description/package.xml
[0.508s] Invoked command in '/home/rileychron111/Documents/GitHub/VRX_NUMarine/build/wamv_description' returned '0': AMENT_PREFIX_PATH=/home/rileychron111/Documents/GitHub/VRX_NUMarine/install:${AMENT_PREFIX_PATH} CMAKE_PREFIX_PATH=/home/rileychron111/Documents/GitHub/VRX_NUMarine/install:/opt/ros/humble GZ_SIM_RESOURCE_PATH=/home/rileychron111/Documents/GitHub/VRX_NUMarine/install/share/vrx_gazebo/models:/home/rileychron111/Documents/GitHub/VRX_NUMarine/install/share LD_LIBRARY_PATH=/home/rileychron111/Documents/GitHub/VRX_NUMarine/install/lib:${LD_LIBRARY_PATH} PYTHONPATH=/home/rileychron111/Documents/GitHub/VRX_NUMarine/install/local/lib/python3.10/dist-packages:${PYTHONPATH} /usr/bin/cmake --install /home/rileychron111/Documents/GitHub/VRX_NUMarine/build/wamv_description
