[0.023s] Invoking command in '/home/jain/Documents/GitHub/VRX_NUMarine/build/teleop_cpp_ros2': CMAKE_PREFIX_PATH=/opt/ros/humble /usr/bin/cmake /home/jain/Documents/GitHub/VRX_NUMarine/src/vrx/ros_packages/teleop_cpp_ros2 -DCMAKE_INSTALL_PREFIX=/home/jain/Documents/GitHub/VRX_NUMarine/install
[0.089s] -- The C compiler identification is GNU 11.4.0
[0.166s] -- The CXX compiler identification is GNU 11.4.0
[0.178s] -- Detecting C compiler ABI info
[0.269s] -- Detecting C compiler ABI info - done
[0.285s] -- Check for working C compiler: /usr/bin/cc - skipped
[0.285s] -- Detecting C compile features
[0.286s] -- Detecting C compile features - done
[0.291s] -- Detecting CXX compiler ABI info
[0.394s] -- Detecting CXX compiler ABI info - done
[0.410s] -- Check for working CXX compiler: /usr/bin/c++ - skipped
[0.410s] -- Detecting CXX compile features
[0.411s] -- Detecting CXX compile features - done
[0.414s] -- Found ament_cmake: 1.3.9 (/opt/ros/humble/share/ament_cmake/cmake)
[0.598s] -- Found Python3: /usr/bin/python3 (found version "3.10.12") found components: Interpreter 
[0.695s] -- Found rclcpp: 16.0.9 (/opt/ros/humble/share/rclcpp/cmake)
[0.752s] -- Found rosidl_generator_c: 3.1.5 (/opt/ros/humble/share/rosidl_generator_c/cmake)
[0.758s] -- Found rosidl_adapter: 3.1.5 (/opt/ros/humble/share/rosidl_adapter/cmake)
[0.768s] -- Found rosidl_generator_cpp: 3.1.5 (/opt/ros/humble/share/rosidl_generator_cpp/cmake)
[0.785s] -- Using all available rosidl_typesupport_c: rosidl_typesupport_fastrtps_c;rosidl_typesupport_introspection_c
[0.809s] -- Using all available rosidl_typesupport_cpp: rosidl_typesupport_fastrtps_cpp;rosidl_typesupport_introspection_cpp
[0.906s] -- Found rmw_implementation_cmake: 6.1.2 (/opt/ros/humble/share/rmw_implementation_cmake/cmake)
[0.909s] -- Found rmw_fastrtps_cpp: 6.2.6 (/opt/ros/humble/share/rmw_fastrtps_cpp/cmake)
[1.016s] -- Found OpenSSL: /usr/lib/x86_64-linux-gnu/libcrypto.so (found version "3.0.2")  
[1.060s] -- Found FastRTPS: /opt/ros/humble/include  
[1.125s] -- Using RMW implementation 'rmw_fastrtps_cpp' as default
[1.136s] -- Looking for pthread.h
[1.209s] -- Looking for pthread.h - found
[1.210s] -- Performing Test CMAKE_HAVE_LIBC_PTHREAD
[1.286s] -- Performing Test CMAKE_HAVE_LIBC_PTHREAD - Success
[1.288s] -- Found Threads: TRUE  
[1.508s] -- Found geometry_msgs: 4.2.4 (/opt/ros/humble/share/geometry_msgs/cmake)
[1.569s] -- Found sensor_msgs: 4.2.4 (/opt/ros/humble/share/sensor_msgs/cmake)
[1.684s] -- Found ament_lint_auto: 0.12.11 (/opt/ros/humble/share/ament_lint_auto/cmake)
[1.769s] -- Added test 'copyright' to check source files copyright and LICENSE
[1.770s] -- Added test 'cppcheck' to perform static code analysis on C / C++ code
[1.770s] -- Configured cppcheck include dirs: /home/jain/Documents/GitHub/VRX_NUMarine/src/vrx/ros_packages/teleop_cpp_ros2/include
[1.770s] -- Configured cppcheck exclude dirs and/or files: 
[1.771s] -- Added test 'cpplint' to check C / C++ code against the Google style
[1.771s] -- Configured cpplint exclude dirs and/or files: 
[1.771s] -- Added test 'lint_cmake' to check CMake code style
[1.772s] -- Added test 'uncrustify' to check C / C++ code style
[1.772s] -- Configured uncrustify additional arguments: 
[1.773s] -- Added test 'xmllint' to check XML markup files
[1.774s] -- Configuring done
[1.783s] -- Generating done
[1.785s] -- Build files have been written to: /home/jain/Documents/GitHub/VRX_NUMarine/build/teleop_cpp_ros2
