[0.009s] Invoking command in '/home/rileychron111/Documents/GitHub/VRX_NUMarine/build/vrx_ros': CMAKE_PREFIX_PATH=/opt/ros/humble /usr/bin/cmake /home/rileychron111/Documents/GitHub/VRX_NUMarine/src/vrx/ros_packages/vrx_ros -DCMAKE_INSTALL_PREFIX=/home/rileychron111/Documents/GitHub/VRX_NUMarine/install
[0.036s] -- The C compiler identification is GNU 11.4.0
[0.067s] -- The CXX compiler identification is GNU 11.4.0
[0.071s] -- Detecting C compiler ABI info
[0.108s] -- Detecting C compiler ABI info - done
[0.113s] -- Check for working C compiler: /usr/bin/cc - skipped
[0.113s] -- Detecting C compile features
[0.113s] -- Detecting C compile features - done
[0.115s] -- Detecting CXX compiler ABI info
[0.157s] -- Detecting CXX compiler ABI info - done
[0.161s] -- Check for working CXX compiler: /usr/bin/c++ - skipped
[0.161s] -- Detecting CXX compile features
[0.161s] -- Detecting CXX compile features - done
[0.162s] -- Found ament_cmake: 1.3.9 (/opt/ros/humble/share/ament_cmake/cmake)
[0.247s] -- Found Python3: /usr/bin/python3 (found version "3.10.12") found components: Interpreter 
[0.293s] -- Found geometry_msgs: 4.2.4 (/opt/ros/humble/share/geometry_msgs/cmake)
[0.311s] -- Found rosidl_generator_c: 3.1.5 (/opt/ros/humble/share/rosidl_generator_c/cmake)
[0.313s] -- Found rosidl_adapter: 3.1.5 (/opt/ros/humble/share/rosidl_adapter/cmake)
[0.317s] -- Found rosidl_generator_cpp: 3.1.5 (/opt/ros/humble/share/rosidl_generator_cpp/cmake)
[0.325s] -- Using all available rosidl_typesupport_c: rosidl_typesupport_fastrtps_c;rosidl_typesupport_introspection_c
[0.334s] -- Using all available rosidl_typesupport_cpp: rosidl_typesupport_fastrtps_cpp;rosidl_typesupport_introspection_cpp
[0.401s] -- Looking for gz-msgs9 -- found version 9.5.0
[0.405s] -- Searching for dependencies of gz-msgs9
[0.495s] -- Found Protobuf: /usr/lib/x86_64-linux-gnu/libprotobuf.so (found version "3.12.4") 
[0.496s] -- Looking for gz-math7 -- found version 7.5.0
[0.496s] -- Searching for dependencies of gz-math7
[0.497s] -- Looking for gz-utils2 -- found version 2.2.0
[0.497s] -- Searching for dependencies of gz-utils2
[0.500s] -- Checking for module 'tinyxml2'
[0.507s] --   Found tinyxml2, version 9.0.0
[0.525s] -- Looking for gz-transport12 -- found version 12.2.1
[0.526s] -- Searching for dependencies of gz-transport12
[0.543s] -- Config-file not installed for ZeroMQ -- checking for pkg-config
[0.546s] -- Checking for module 'libzmq >= 4'
[0.554s] --   Found libzmq , version 4.3.4
[0.572s] -- Found ZeroMQ: TRUE (Required is at least version "4") 
[0.575s] -- Checking for module 'uuid'
[0.581s] --   Found uuid, version 2.37.2
[0.597s] -- Found UUID: TRUE  
[0.597s] -- Looking for gz-utils2 -- found version 2.2.0
[0.598s] -- Searching for dependencies of gz-utils2
[0.598s] -- Searching for <gz-utils2> component [cli]
[0.599s] -- Looking for gz-utils2-cli -- found version 2.2.0
[0.599s] -- Searching for dependencies of gz-utils2-cli
[0.600s] -- Looking for gz-msgs9 -- found version 9.5.0
[0.601s] -- Found rclcpp: 16.0.9 (/opt/ros/humble/share/rclcpp/cmake)
[0.633s] -- Found rmw_implementation_cmake: 6.1.2 (/opt/ros/humble/share/rmw_implementation_cmake/cmake)
[0.635s] -- Found rmw_fastrtps_cpp: 6.2.6 (/opt/ros/humble/share/rmw_fastrtps_cpp/cmake)
[0.691s] -- Found OpenSSL: /usr/lib/x86_64-linux-gnu/libcrypto.so (found version "3.0.2")  
[0.711s] -- Found FastRTPS: /opt/ros/humble/include  
[0.739s] -- Using RMW implementation 'rmw_fastrtps_cpp' as default
[0.744s] -- Found Threads: TRUE  
[0.817s] -- Found ros_gz_interfaces: 0.244.11 (/opt/ros/humble/share/ros_gz_interfaces/cmake)
[0.877s] -- Found sensor_msgs: 4.2.4 (/opt/ros/humble/share/sensor_msgs/cmake)
[0.925s] -- Found tf2: 0.25.7 (/opt/ros/humble/share/tf2/cmake)
[0.933s] -- Found tf2_msgs: 0.25.7 (/opt/ros/humble/share/tf2_msgs/cmake)
[1.016s] -- Found tf2_ros: 0.25.7 (/opt/ros/humble/share/tf2_ros/cmake)
[1.136s] -- Configuring done
[1.144s] -- Generating done
[1.145s] -- Build files have been written to: /home/rileychron111/Documents/GitHub/VRX_NUMarine/build/vrx_ros
[1.153s] Invoked command in '/home/rileychron111/Documents/GitHub/VRX_NUMarine/build/vrx_ros' returned '0': CMAKE_PREFIX_PATH=/opt/ros/humble /usr/bin/cmake /home/rileychron111/Documents/GitHub/VRX_NUMarine/src/vrx/ros_packages/vrx_ros -DCMAKE_INSTALL_PREFIX=/home/rileychron111/Documents/GitHub/VRX_NUMarine/install
[1.154s] Invoking command in '/home/rileychron111/Documents/GitHub/VRX_NUMarine/build/vrx_ros': CMAKE_PREFIX_PATH=/opt/ros/humble /usr/bin/cmake --build /home/rileychron111/Documents/GitHub/VRX_NUMarine/build/vrx_ros -- -j12 -l12
[1.182s] [ 25%] [32mBuilding CXX object CMakeFiles/pose_tf_broadcaster.dir/src/pose_tf_broadcaster.cc.o[0m
[1.182s] [ 50%] [32mBuilding CXX object CMakeFiles/optical_frame_publisher.dir/src/optical_frame_publisher.cc.o[0m
[5.769s] [ 75%] [32m[1mLinking CXX executable pose_tf_broadcaster[0m
[6.008s] [ 75%] Built target pose_tf_broadcaster
[7.557s] [100%] [32m[1mLinking CXX executable optical_frame_publisher[0m
[7.892s] [100%] Built target optical_frame_publisher
[7.898s] Invoked command in '/home/rileychron111/Documents/GitHub/VRX_NUMarine/build/vrx_ros' returned '0': CMAKE_PREFIX_PATH=/opt/ros/humble /usr/bin/cmake --build /home/rileychron111/Documents/GitHub/VRX_NUMarine/build/vrx_ros -- -j12 -l12
[7.912s] Invoking command in '/home/rileychron111/Documents/GitHub/VRX_NUMarine/build/vrx_ros': CMAKE_PREFIX_PATH=/opt/ros/humble /usr/bin/cmake --install /home/rileychron111/Documents/GitHub/VRX_NUMarine/build/vrx_ros
[7.916s] -- Install configuration: ""
[7.916s] -- Installing: /home/rileychron111/Documents/GitHub/VRX_NUMarine/install/lib/vrx_ros/optical_frame_publisher
[7.919s] -- Set runtime path of "/home/rileychron111/Documents/GitHub/VRX_NUMarine/install/lib/vrx_ros/optical_frame_publisher" to ""
[7.919s] -- Installing: /home/rileychron111/Documents/GitHub/VRX_NUMarine/install/lib/vrx_ros/pose_tf_broadcaster
[7.921s] -- Set runtime path of "/home/rileychron111/Documents/GitHub/VRX_NUMarine/install/lib/vrx_ros/pose_tf_broadcaster" to ""
[7.921s] -- Up-to-date: /home/rileychron111/Documents/GitHub/VRX_NUMarine/install/share/vrx_ros/launch
[7.921s] -- Up-to-date: /home/rileychron111/Documents/GitHub/VRX_NUMarine/install/share/vrx_ros/launch/monitor_sim.py
[7.921s] -- Installing: /home/rileychron111/Documents/GitHub/VRX_NUMarine/install/share/ament_index/resource_index/package_run_dependencies/vrx_ros
[7.921s] -- Installing: /home/rileychron111/Documents/GitHub/VRX_NUMarine/install/share/ament_index/resource_index/parent_prefix_path/vrx_ros
[7.921s] -- Installing: /home/rileychron111/Documents/GitHub/VRX_NUMarine/install/share/vrx_ros/environment/ament_prefix_path.sh
[7.921s] -- Installing: /home/rileychron111/Documents/GitHub/VRX_NUMarine/install/share/vrx_ros/environment/ament_prefix_path.dsv
[7.921s] -- Installing: /home/rileychron111/Documents/GitHub/VRX_NUMarine/install/share/vrx_ros/environment/path.sh
[7.921s] -- Installing: /home/rileychron111/Documents/GitHub/VRX_NUMarine/install/share/vrx_ros/environment/path.dsv
[7.921s] -- Installing: /home/rileychron111/Documents/GitHub/VRX_NUMarine/install/share/vrx_ros/local_setup.bash
[7.921s] -- Installing: /home/rileychron111/Documents/GitHub/VRX_NUMarine/install/share/vrx_ros/local_setup.sh
[7.921s] -- Installing: /home/rileychron111/Documents/GitHub/VRX_NUMarine/install/share/vrx_ros/local_setup.zsh
[7.921s] -- Installing: /home/rileychron111/Documents/GitHub/VRX_NUMarine/install/share/vrx_ros/local_setup.dsv
[7.921s] -- Installing: /home/rileychron111/Documents/GitHub/VRX_NUMarine/install/share/vrx_ros/package.dsv
[7.921s] -- Installing: /home/rileychron111/Documents/GitHub/VRX_NUMarine/install/share/ament_index/resource_index/packages/vrx_ros
[7.921s] -- Installing: /home/rileychron111/Documents/GitHub/VRX_NUMarine/install/share/vrx_ros/cmake/vrx_rosConfig.cmake
[7.921s] -- Installing: /home/rileychron111/Documents/GitHub/VRX_NUMarine/install/share/vrx_ros/cmake/vrx_rosConfig-version.cmake
[7.921s] -- Up-to-date: /home/rileychron111/Documents/GitHub/VRX_NUMarine/install/share/vrx_ros/package.xml
[7.923s] Invoked command in '/home/rileychron111/Documents/GitHub/VRX_NUMarine/build/vrx_ros' returned '0': CMAKE_PREFIX_PATH=/opt/ros/humble /usr/bin/cmake --install /home/rileychron111/Documents/GitHub/VRX_NUMarine/build/vrx_ros
