[0.007s] Invoking command in '/home/rileychron111/Documents/GitHub/VRX_NUMarine/build/wamv_gazebo': AMENT_PREFIX_PATH=/home/rileychron111/Documents/GitHub/VRX_NUMarine/install:${AMENT_PREFIX_PATH} CMAKE_PREFIX_PATH=/home/rileychron111/Documents/GitHub/VRX_NUMarine/install:/opt/ros/humble GZ_SIM_RESOURCE_PATH=/home/rileychron111/Documents/GitHub/VRX_NUMarine/install/share/wamv_description/models:/home/rileychron111/Documents/GitHub/VRX_NUMarine/install/share/vrx_gazebo/models:/home/rileychron111/Documents/GitHub/VRX_NUMarine/install/share LD_LIBRARY_PATH=/home/rileychron111/Documents/GitHub/VRX_NUMarine/install/lib:${LD_LIBRARY_PATH} PYTHONPATH=/home/rileychron111/Documents/GitHub/VRX_NUMarine/install/local/lib/python3.10/dist-packages:${PYTHONPATH} /usr/bin/cmake /home/rileychron111/Documents/GitHub/VRX_NUMarine/src/vrx/ros_packages/vrx_urdf/wamv_gazebo -DCMAKE_INSTALL_PREFIX=/home/rileychron111/Documents/GitHub/VRX_NUMarine/install
[0.042s] -- The C compiler identification is GNU 11.4.0
[0.087s] -- The CXX compiler identification is GNU 11.4.0
[0.093s] -- Detecting C compiler ABI info
[0.148s] -- Detecting C compiler ABI info - done
[0.152s] -- Check for working C compiler: /usr/bin/cc - skipped
[0.152s] -- Detecting C compile features
[0.152s] -- Detecting C compile features - done
[0.154s] -- Detecting CXX compiler ABI info
[0.199s] -- Detecting CXX compiler ABI info - done
[0.204s] -- Check for working CXX compiler: /usr/bin/c++ - skipped
[0.204s] -- Detecting CXX compile features
[0.204s] -- Detecting CXX compile features - done
[0.206s] -- Found ament_cmake: 1.3.9 (/opt/ros/humble/share/ament_cmake/cmake)
[0.294s] -- Found Python3: /usr/bin/python3 (found version "3.10.12") found components: Interpreter 
[0.343s] -- Found xacro: 2.0.8 (/opt/ros/humble/share/xacro/cmake)
[0.344s] -- Found wamv_description: 1.3.0 (/home/rileychron111/Documents/GitHub/VRX_NUMarine/install/share/wamv_description/cmake)
[0.382s] -- Configuring done
[0.383s] -- Generating done
[0.383s] -- Build files have been written to: /home/rileychron111/Documents/GitHub/VRX_NUMarine/build/wamv_gazebo
[0.386s] Invoked command in '/home/rileychron111/Documents/GitHub/VRX_NUMarine/build/wamv_gazebo' returned '0': AMENT_PREFIX_PATH=/home/rileychron111/Documents/GitHub/VRX_NUMarine/install:${AMENT_PREFIX_PATH} CMAKE_PREFIX_PATH=/home/rileychron111/Documents/GitHub/VRX_NUMarine/install:/opt/ros/humble GZ_SIM_RESOURCE_PATH=/home/rileychron111/Documents/GitHub/VRX_NUMarine/install/share/wamv_description/models:/home/rileychron111/Documents/GitHub/VRX_NUMarine/install/share/vrx_gazebo/models:/home/rileychron111/Documents/GitHub/VRX_NUMarine/install/share LD_LIBRARY_PATH=/home/rileychron111/Documents/GitHub/VRX_NUMarine/install/lib:${LD_LIBRARY_PATH} PYTHONPATH=/home/rileychron111/Documents/GitHub/VRX_NUMarine/install/local/lib/python3.10/dist-packages:${PYTHONPATH} /usr/bin/cmake /home/rileychron111/Documents/GitHub/VRX_NUMarine/src/vrx/ros_packages/vrx_urdf/wamv_gazebo -DCMAKE_INSTALL_PREFIX=/home/rileychron111/Documents/GitHub/VRX_NUMarine/install
[0.387s] Invoking command in '/home/rileychron111/Documents/GitHub/VRX_NUMarine/build/wamv_gazebo': AMENT_PREFIX_PATH=/home/rileychron111/Documents/GitHub/VRX_NUMarine/install:${AMENT_PREFIX_PATH} CMAKE_PREFIX_PATH=/home/rileychron111/Documents/GitHub/VRX_NUMarine/install:/opt/ros/humble GZ_SIM_RESOURCE_PATH=/home/rileychron111/Documents/GitHub/VRX_NUMarine/install/share/wamv_description/models:/home/rileychron111/Documents/GitHub/VRX_NUMarine/install/share/vrx_gazebo/models:/home/rileychron111/Documents/GitHub/VRX_NUMarine/install/share LD_LIBRARY_PATH=/home/rileychron111/Documents/GitHub/VRX_NUMarine/install/lib:${LD_LIBRARY_PATH} PYTHONPATH=/home/rileychron111/Documents/GitHub/VRX_NUMarine/install/local/lib/python3.10/dist-packages:${PYTHONPATH} /usr/bin/cmake --build /home/rileychron111/Documents/GitHub/VRX_NUMarine/build/wamv_gazebo -- -j12 -l12
[0.408s] Invoked command in '/home/rileychron111/Documents/GitHub/VRX_NUMarine/build/wamv_gazebo' returned '0': AMENT_PREFIX_PATH=/home/rileychron111/Documents/GitHub/VRX_NUMarine/install:${AMENT_PREFIX_PATH} CMAKE_PREFIX_PATH=/home/rileychron111/Documents/GitHub/VRX_NUMarine/install:/opt/ros/humble GZ_SIM_RESOURCE_PATH=/home/rileychron111/Documents/GitHub/VRX_NUMarine/install/share/wamv_description/models:/home/rileychron111/Documents/GitHub/VRX_NUMarine/install/share/vrx_gazebo/models:/home/rileychron111/Documents/GitHub/VRX_NUMarine/install/share LD_LIBRARY_PATH=/home/rileychron111/Documents/GitHub/VRX_NUMarine/install/lib:${LD_LIBRARY_PATH} PYTHONPATH=/home/rileychron111/Documents/GitHub/VRX_NUMarine/install/local/lib/python3.10/dist-packages:${PYTHONPATH} /usr/bin/cmake --build /home/rileychron111/Documents/GitHub/VRX_NUMarine/build/wamv_gazebo -- -j12 -l12
[0.420s] Invoking command in '/home/rileychron111/Documents/GitHub/VRX_NUMarine/build/wamv_gazebo': AMENT_PREFIX_PATH=/home/rileychron111/Documents/GitHub/VRX_NUMarine/install:${AMENT_PREFIX_PATH} CMAKE_PREFIX_PATH=/home/rileychron111/Documents/GitHub/VRX_NUMarine/install:/opt/ros/humble GZ_SIM_RESOURCE_PATH=/home/rileychron111/Documents/GitHub/VRX_NUMarine/install/share/wamv_description/models:/home/rileychron111/Documents/GitHub/VRX_NUMarine/install/share/vrx_gazebo/models:/home/rileychron111/Documents/GitHub/VRX_NUMarine/install/share LD_LIBRARY_PATH=/home/rileychron111/Documents/GitHub/VRX_NUMarine/install/lib:${LD_LIBRARY_PATH} PYTHONPATH=/home/rileychron111/Documents/GitHub/VRX_NUMarine/install/local/lib/python3.10/dist-packages:${PYTHONPATH} /usr/bin/cmake --install /home/rileychron111/Documents/GitHub/VRX_NUMarine/build/wamv_gazebo
[0.425s] -- Install configuration: ""
[0.425s] -- Up-to-date: /home/rileychron111/Documents/GitHub/VRX_NUMarine/install/share/wamv_gazebo/models
[0.425s] -- Up-to-date: /home/rileychron111/Documents/GitHub/VRX_NUMarine/install/share/wamv_gazebo/models/gps
[0.425s] -- Up-to-date: /home/rileychron111/Documents/GitHub/VRX_NUMarine/install/share/wamv_gazebo/models/gps/mesh
[0.425s] -- Up-to-date: /home/rileychron111/Documents/GitHub/VRX_NUMarine/install/share/wamv_gazebo/models/gps/mesh/gps.dae
[0.425s] -- Up-to-date: /home/rileychron111/Documents/GitHub/VRX_NUMarine/install/share/wamv_gazebo/models/gps/mesh/gps.png
[0.425s] -- Up-to-date: /home/rileychron111/Documents/GitHub/VRX_NUMarine/install/share/wamv_gazebo/models/gps/model.config
[0.425s] -- Up-to-date: /home/rileychron111/Documents/GitHub/VRX_NUMarine/install/share/wamv_gazebo/urdf
[0.425s] -- Up-to-date: /home/rileychron111/Documents/GitHub/VRX_NUMarine/install/share/wamv_gazebo/urdf/thruster_layouts
[0.425s] -- Up-to-date: /home/rileychron111/Documents/GitHub/VRX_NUMarine/install/share/wamv_gazebo/urdf/thruster_layouts/wamv_gazebo_thruster_config.xacro
[0.426s] -- Up-to-date: /home/rileychron111/Documents/GitHub/VRX_NUMarine/install/share/wamv_gazebo/urdf/thruster_layouts/wamv_t_thrusters.xacro
[0.426s] -- Up-to-date: /home/rileychron111/Documents/GitHub/VRX_NUMarine/install/share/wamv_gazebo/urdf/thruster_layouts/wamv_aft_thrusters.xacro
[0.426s] -- Up-to-date: /home/rileychron111/Documents/GitHub/VRX_NUMarine/install/share/wamv_gazebo/urdf/thruster_layouts/wamv_x_thrusters.xacro
[0.426s] -- Up-to-date: /home/rileychron111/Documents/GitHub/VRX_NUMarine/install/share/wamv_gazebo/urdf/dynamics
[0.426s] -- Up-to-date: /home/rileychron111/Documents/GitHub/VRX_NUMarine/install/share/wamv_gazebo/urdf/dynamics/wamv_gazebo_dynamics_plugin.xacro
[0.426s] -- Up-to-date: /home/rileychron111/Documents/GitHub/VRX_NUMarine/install/share/wamv_gazebo/urdf/macros.xacro
[0.426s] -- Up-to-date: /home/rileychron111/Documents/GitHub/VRX_NUMarine/install/share/wamv_gazebo/urdf/wamv_gazebo.urdf.xacro
[0.426s] -- Up-to-date: /home/rileychron111/Documents/GitHub/VRX_NUMarine/install/share/wamv_gazebo/urdf/wamv_gazebo.xacro
[0.426s] -- Up-to-date: /home/rileychron111/Documents/GitHub/VRX_NUMarine/install/share/wamv_gazebo/urdf/components
[0.426s] -- Up-to-date: /home/rileychron111/Documents/GitHub/VRX_NUMarine/install/share/wamv_gazebo/urdf/components/wamv_gps.xacro
[0.426s] -- Up-to-date: /home/rileychron111/Documents/GitHub/VRX_NUMarine/install/share/wamv_gazebo/urdf/components/wamv_planar_lidar.xacro
[0.426s] -- Up-to-date: /home/rileychron111/Documents/GitHub/VRX_NUMarine/install/share/wamv_gazebo/urdf/components/wamv_3d_lidar.xacro
[0.427s] -- Up-to-date: /home/rileychron111/Documents/GitHub/VRX_NUMarine/install/share/wamv_gazebo/urdf/components/wamv_camera.xacro
[0.427s] -- Up-to-date: /home/rileychron111/Documents/GitHub/VRX_NUMarine/install/share/wamv_gazebo/urdf/components/lidar.xacro
[0.427s] -- Up-to-date: /home/rileychron111/Documents/GitHub/VRX_NUMarine/install/share/wamv_gazebo/urdf/components/wamv_imu.xacro
[0.427s] -- Up-to-date: /home/rileychron111/Documents/GitHub/VRX_NUMarine/install/share/wamv_gazebo/urdf/components/ball_shooter.xacro
[0.428s] -- Up-to-date: /home/rileychron111/Documents/GitHub/VRX_NUMarine/install/share/wamv_gazebo/urdf/components/wamv_pinger.xacro
[0.428s] -- Up-to-date: /home/rileychron111/Documents/GitHub/VRX_NUMarine/install/share/wamv_gazebo/urdf/components/wamv_p3d.xacro
[0.428s] -- Installing: /home/rileychron111/Documents/GitHub/VRX_NUMarine/install/share/ament_index/resource_index/package_run_dependencies/wamv_gazebo
[0.428s] -- Installing: /home/rileychron111/Documents/GitHub/VRX_NUMarine/install/share/ament_index/resource_index/parent_prefix_path/wamv_gazebo
[0.428s] -- Installing: /home/rileychron111/Documents/GitHub/VRX_NUMarine/install/share/wamv_gazebo/environment/ament_prefix_path.sh
[0.428s] -- Installing: /home/rileychron111/Documents/GitHub/VRX_NUMarine/install/share/wamv_gazebo/environment/ament_prefix_path.dsv
[0.428s] -- Installing: /home/rileychron111/Documents/GitHub/VRX_NUMarine/install/share/wamv_gazebo/environment/path.sh
[0.428s] -- Installing: /home/rileychron111/Documents/GitHub/VRX_NUMarine/install/share/wamv_gazebo/environment/path.dsv
[0.428s] -- Installing: /home/rileychron111/Documents/GitHub/VRX_NUMarine/install/share/wamv_gazebo/local_setup.bash
[0.428s] -- Installing: /home/rileychron111/Documents/GitHub/VRX_NUMarine/install/share/wamv_gazebo/local_setup.sh
[0.428s] -- Installing: /home/rileychron111/Documents/GitHub/VRX_NUMarine/install/share/wamv_gazebo/local_setup.zsh
[0.428s] -- Installing: /home/rileychron111/Documents/GitHub/VRX_NUMarine/install/share/wamv_gazebo/local_setup.dsv
[0.428s] -- Installing: /home/rileychron111/Documents/GitHub/VRX_NUMarine/install/share/wamv_gazebo/package.dsv
[0.429s] -- Installing: /home/rileychron111/Documents/GitHub/VRX_NUMarine/install/share/ament_index/resource_index/packages/wamv_gazebo
[0.429s] -- Installing: /home/rileychron111/Documents/GitHub/VRX_NUMarine/install/share/wamv_gazebo/cmake/wamv_gazeboConfig.cmake
[0.429s] -- Installing: /home/rileychron111/Documents/GitHub/VRX_NUMarine/install/share/wamv_gazebo/cmake/wamv_gazeboConfig-version.cmake
[0.429s] -- Up-to-date: /home/rileychron111/Documents/GitHub/VRX_NUMarine/install/share/wamv_gazebo/package.xml
[0.429s] Invoked command in '/home/rileychron111/Documents/GitHub/VRX_NUMarine/build/wamv_gazebo' returned '0': AMENT_PREFIX_PATH=/home/rileychron111/Documents/GitHub/VRX_NUMarine/install:${AMENT_PREFIX_PATH} CMAKE_PREFIX_PATH=/home/rileychron111/Documents/GitHub/VRX_NUMarine/install:/opt/ros/humble GZ_SIM_RESOURCE_PATH=/home/rileychron111/Documents/GitHub/VRX_NUMarine/install/share/wamv_description/models:/home/rileychron111/Documents/GitHub/VRX_NUMarine/install/share/vrx_gazebo/models:/home/rileychron111/Documents/GitHub/VRX_NUMarine/install/share LD_LIBRARY_PATH=/home/rileychron111/Documents/GitHub/VRX_NUMarine/install/lib:${LD_LIBRARY_PATH} PYTHONPATH=/home/rileychron111/Documents/GitHub/VRX_NUMarine/install/local/lib/python3.10/dist-packages:${PYTHONPATH} /usr/bin/cmake --install /home/rileychron111/Documents/GitHub/VRX_NUMarine/build/wamv_gazebo
