[0.307s] Invoking command in '/home/rileychron111/Documents/GitHub/VRX_NUMarine/build/teleop_cpp_ros2': CMAKE_PREFIX_PATH=${CMAKE_PREFIX_PATH}:/opt/ros/humble /usr/bin/cmake /home/rileychron111/Documents/GitHub/VRX_NUMarine/src/vrx/ros_packages/teleop_cpp_ros2 -DCMAKE_INSTALL_PREFIX=/home/rileychron111/Documents/GitHub/VRX_NUMarine/install
[0.348s] -- The C compiler identification is GNU 11.4.0
[0.378s] -- The CXX compiler identification is GNU 11.4.0
[0.382s] -- Detecting C compiler ABI info
[0.419s] -- Detecting C compiler ABI info - done
[0.426s] -- Check for working C compiler: /usr/bin/cc - skipped
[0.427s] -- Detecting C compile features
[0.427s] -- Detecting C compile features - done
[0.430s] -- Detecting CXX compiler ABI info
[0.487s] -- Detecting CXX compiler ABI info - done
[0.493s] -- Check for working CXX compiler: /usr/bin/c++ - skipped
[0.493s] -- Detecting CXX compile features
[0.494s] -- Detecting CXX compile features - done
[0.495s] -- Found ament_cmake: 1.3.9 (/opt/ros/humble/share/ament_cmake/cmake)
[0.608s] -- Found Python3: /usr/bin/python3 (found version "3.10.12") found components: Interpreter 
[0.657s] -- Found rclcpp: 16.0.9 (/opt/ros/humble/share/rclcpp/cmake)
[0.681s] -- Found rosidl_generator_c: 3.1.5 (/opt/ros/humble/share/rosidl_generator_c/cmake)
[0.684s] -- Found rosidl_adapter: 3.1.5 (/opt/ros/humble/share/rosidl_adapter/cmake)
[0.689s] -- Found rosidl_generator_cpp: 3.1.5 (/opt/ros/humble/share/rosidl_generator_cpp/cmake)
[0.701s] -- Using all available rosidl_typesupport_c: rosidl_typesupport_fastrtps_c;rosidl_typesupport_introspection_c
[0.712s] -- Using all available rosidl_typesupport_cpp: rosidl_typesupport_fastrtps_cpp;rosidl_typesupport_introspection_cpp
[0.750s] -- Found rmw_implementation_cmake: 6.1.2 (/opt/ros/humble/share/rmw_implementation_cmake/cmake)
[0.752s] -- Found rmw_fastrtps_cpp: 6.2.6 (/opt/ros/humble/share/rmw_fastrtps_cpp/cmake)
[0.804s] -- Found OpenSSL: /usr/lib/x86_64-linux-gnu/libcrypto.so (found version "3.0.2")  
[0.820s] -- Found FastRTPS: /opt/ros/humble/include  
[0.847s] -- Using RMW implementation 'rmw_fastrtps_cpp' as default
[0.852s] -- Looking for pthread.h
[0.889s] -- Looking for pthread.h - found
[0.889s] -- Performing Test CMAKE_HAVE_LIBC_PTHREAD
[0.930s] -- Performing Test CMAKE_HAVE_LIBC_PTHREAD - Success
[0.931s] -- Found Threads: TRUE  
[1.020s] -- Found geometry_msgs: 4.2.4 (/opt/ros/humble/share/geometry_msgs/cmake)
[1.045s] -- Found sensor_msgs: 4.2.4 (/opt/ros/humble/share/sensor_msgs/cmake)
[1.095s] -- Found ament_lint_auto: 0.12.11 (/opt/ros/humble/share/ament_lint_auto/cmake)
[1.152s] -- Added test 'copyright' to check source files copyright and LICENSE
[1.153s] -- Added test 'cppcheck' to perform static code analysis on C / C++ code
[1.153s] -- Configured cppcheck include dirs: /home/rileychron111/Documents/GitHub/VRX_NUMarine/src/vrx/ros_packages/teleop_cpp_ros2/include
[1.153s] -- Configured cppcheck exclude dirs and/or files: 
[1.154s] -- Added test 'cpplint' to check C / C++ code against the Google style
[1.154s] -- Configured cpplint exclude dirs and/or files: 
[1.155s] -- Added test 'lint_cmake' to check CMake code style
[1.156s] -- Added test 'uncrustify' to check C / C++ code style
[1.156s] -- Configured uncrustify additional arguments: 
[1.156s] -- Added test 'xmllint' to check XML markup files
[1.157s] -- Configuring done
[1.162s] -- Generating done
[1.163s] -- Build files have been written to: /home/rileychron111/Documents/GitHub/VRX_NUMarine/build/teleop_cpp_ros2
