[0.022s] Invoking command in '/home/jain/Documents/GitHub/VRX_NUMarine/build/vrx_ros': CMAKE_PREFIX_PATH=/opt/ros/humble /usr/bin/cmake /home/jain/Documents/GitHub/VRX_NUMarine/src/vrx/ros_packages/vrx_ros -DCMAKE_INSTALL_PREFIX=/home/jain/Documents/GitHub/VRX_NUMarine/install
[0.083s] -- The C compiler identification is GNU 11.4.0
[0.158s] -- The CXX compiler identification is GNU 11.4.0
[0.171s] -- Detecting C compiler ABI info
[0.250s] -- Detecting C compiler ABI info - done
[0.260s] -- Check for working C compiler: /usr/bin/cc - skipped
[0.260s] -- Detecting C compile features
[0.261s] -- Detecting C compile features - done
[0.264s] -- Detecting CXX compiler ABI info
[0.357s] -- Detecting CXX compiler ABI info - done
[0.367s] -- Check for working CXX compiler: /usr/bin/c++ - skipped
[0.367s] -- Detecting CXX compile features
[0.368s] -- Detecting CXX compile features - done
[0.370s] -- Found ament_cmake: 1.3.9 (/opt/ros/humble/share/ament_cmake/cmake)
[0.569s] -- Found Python3: /usr/bin/python3 (found version "3.10.12") found components: Interpreter 
[0.670s] -- Found geometry_msgs: 4.2.4 (/opt/ros/humble/share/geometry_msgs/cmake)
[0.722s] -- Found rosidl_generator_c: 3.1.5 (/opt/ros/humble/share/rosidl_generator_c/cmake)
[0.730s] -- Found rosidl_adapter: 3.1.5 (/opt/ros/humble/share/rosidl_adapter/cmake)
[0.745s] -- Found rosidl_generator_cpp: 3.1.5 (/opt/ros/humble/share/rosidl_generator_cpp/cmake)
[0.773s] -- Using all available rosidl_typesupport_c: rosidl_typesupport_fastrtps_c;rosidl_typesupport_introspection_c
[0.813s] -- Using all available rosidl_typesupport_cpp: rosidl_typesupport_fastrtps_cpp;rosidl_typesupport_introspection_cpp
[1.002s] -- Looking for gz-msgs9 -- found version 9.5.0
[1.010s] -- Searching for dependencies of gz-msgs9
[1.180s] -- Found Protobuf: /usr/lib/x86_64-linux-gnu/libprotobuf.so (found version "3.12.4") 
[1.182s] -- Looking for gz-math7 -- found version 7.5.0
[1.183s] -- Searching for dependencies of gz-math7
[1.184s] -- Looking for gz-utils2 -- found version 2.2.0
[1.185s] -- Searching for dependencies of gz-utils2
[1.191s] -- Checking for module 'tinyxml2'
[1.204s] --   Found tinyxml2, version 9.0.0
[1.241s] -- Looking for gz-transport12 -- found version 12.2.1
[1.241s] -- Searching for dependencies of gz-transport12
[1.272s] -- Config-file not installed for ZeroMQ -- checking for pkg-config
[1.277s] -- Checking for module 'libzmq >= 4'
[1.291s] --   Found libzmq , version 4.3.4
[1.328s] -- Found ZeroMQ: TRUE (Required is at least version "4") 
[1.334s] -- Checking for module 'uuid'
[1.346s] --   Found uuid, version 2.37.2
[1.379s] -- Found UUID: TRUE  
[1.380s] -- Looking for gz-utils2 -- found version 2.2.0
[1.380s] -- Searching for dependencies of gz-utils2
[1.381s] -- Searching for <gz-utils2> component [cli]
[1.384s] -- Looking for gz-utils2-cli -- found version 2.2.0
[1.384s] -- Searching for dependencies of gz-utils2-cli
[1.386s] -- Looking for gz-msgs9 -- found version 9.5.0
[1.389s] -- Found rclcpp: 16.0.9 (/opt/ros/humble/share/rclcpp/cmake)
[1.465s] -- Found rmw_implementation_cmake: 6.1.2 (/opt/ros/humble/share/rmw_implementation_cmake/cmake)
[1.468s] -- Found rmw_fastrtps_cpp: 6.2.6 (/opt/ros/humble/share/rmw_fastrtps_cpp/cmake)
[1.572s] -- Found OpenSSL: /usr/lib/x86_64-linux-gnu/libcrypto.so (found version "3.0.2")  
[1.600s] -- Found FastRTPS: /opt/ros/humble/include  
[1.654s] -- Using RMW implementation 'rmw_fastrtps_cpp' as default
[1.664s] -- Found Threads: TRUE  
[1.832s] -- Found ros_gz_interfaces: 0.244.11 (/opt/ros/humble/share/ros_gz_interfaces/cmake)
[1.972s] -- Found sensor_msgs: 4.2.4 (/opt/ros/humble/share/sensor_msgs/cmake)
[2.080s] -- Found tf2: 0.25.7 (/opt/ros/humble/share/tf2/cmake)
[2.096s] -- Found tf2_msgs: 0.25.7 (/opt/ros/humble/share/tf2_msgs/cmake)
[2.287s] -- Found tf2_ros: 0.25.7 (/opt/ros/humble/share/tf2_ros/cmake)
[2.543s] -- Configuring done
[2.558s] -- Generating done
[2.560s] -- Build files have been written to: /home/jain/Documents/GitHub/VRX_NUMarine/build/vrx_ros
