[0.014s] Invoking command in '/home/robotx/Documents/GitHub/VRX_NUMarine/build/vrx_gazebo': CMAKE_PREFIX_PATH=/opt/ros/humble /usr/bin/cmake /home/robotx/Documents/GitHub/VRX_NUMarine/src/vrx/ros_packages/vrx_urdf/vrx_gazebo -DCMAKE_INSTALL_PREFIX=/home/robotx/Documents/GitHub/VRX_NUMarine/install
[0.060s] -- The C compiler identification is GNU 11.4.0
[0.110s] -- The CXX compiler identification is GNU 11.4.0
[0.116s] -- Detecting C compiler ABI info
[0.174s] -- Detecting C compiler ABI info - done
[0.183s] -- Check for working C compiler: /usr/bin/cc - skipped
[0.183s] -- Detecting C compile features
[0.184s] -- Detecting C compile features - done
[0.186s] -- Detecting CXX compiler ABI info
[0.252s] -- Detecting CXX compiler ABI info - done
[0.258s] -- Check for working CXX compiler: /usr/bin/c++ - skipped
[0.259s] -- Detecting CXX compile features
[0.259s] -- Detecting CXX compile features - done
[0.262s] -- Found ament_cmake: 1.3.9 (/opt/ros/humble/share/ament_cmake/cmake)
[0.387s] -- Found Python3: /usr/bin/python3 (found version "3.10.12") found components: Interpreter 
[0.576s] -- Configuring done
[0.579s] -- Generating done
[0.580s] -- Build files have been written to: /home/robotx/Documents/GitHub/VRX_NUMarine/build/vrx_gazebo
[0.583s] Invoked command in '/home/robotx/Documents/GitHub/VRX_NUMarine/build/vrx_gazebo' returned '0': CMAKE_PREFIX_PATH=/opt/ros/humble /usr/bin/cmake /home/robotx/Documents/GitHub/VRX_NUMarine/src/vrx/ros_packages/vrx_urdf/vrx_gazebo -DCMAKE_INSTALL_PREFIX=/home/robotx/Documents/GitHub/VRX_NUMarine/install
[0.585s] Invoking command in '/home/robotx/Documents/GitHub/VRX_NUMarine/build/vrx_gazebo': CMAKE_PREFIX_PATH=/opt/ros/humble /usr/bin/cmake --build /home/robotx/Documents/GitHub/VRX_NUMarine/build/vrx_gazebo -- -j12 -l12
[0.628s] Built target ament_cmake_python_copy_vrx_gazebo
[0.844s] running egg_info
[0.844s] creating vrx_gazebo.egg-info
[0.844s] writing vrx_gazebo.egg-info/PKG-INFO
[0.844s] writing dependency_links to vrx_gazebo.egg-info/dependency_links.txt
[0.845s] writing top-level names to vrx_gazebo.egg-info/top_level.txt
[0.845s] writing manifest file 'vrx_gazebo.egg-info/SOURCES.txt'
[0.847s] reading manifest file 'vrx_gazebo.egg-info/SOURCES.txt'
[0.847s] writing manifest file 'vrx_gazebo.egg-info/SOURCES.txt'
[0.868s] Built target ament_cmake_python_build_vrx_gazebo_egg
[0.877s] Invoked command in '/home/robotx/Documents/GitHub/VRX_NUMarine/build/vrx_gazebo' returned '0': CMAKE_PREFIX_PATH=/opt/ros/humble /usr/bin/cmake --build /home/robotx/Documents/GitHub/VRX_NUMarine/build/vrx_gazebo -- -j12 -l12
[0.902s] Invoking command in '/home/robotx/Documents/GitHub/VRX_NUMarine/build/vrx_gazebo': CMAKE_PREFIX_PATH=/opt/ros/humble /usr/bin/cmake --install /home/robotx/Documents/GitHub/VRX_NUMarine/build/vrx_gazebo
[0.909s] -- Install configuration: ""
[0.909s] -- Installing: /home/robotx/Documents/GitHub/VRX_NUMarine/install/share/vrx_gazebo/environment/resource_paths.dsv
[0.909s] -- Installing: /home/robotx/Documents/GitHub/VRX_NUMarine/install/share/vrx_gazebo/environment/resource_paths.sh
[0.910s] -- Installing: /home/robotx/Documents/GitHub/VRX_NUMarine/install/share/vrx_gazebo/models
[0.910s] -- Installing: /home/robotx/Documents/GitHub/VRX_NUMarine/install/share/vrx_gazebo/models/3d_lidar
[0.910s] -- Installing: /home/robotx/Documents/GitHub/VRX_NUMarine/install/share/vrx_gazebo/models/3d_lidar/mesh
[0.910s] -- Installing: /home/robotx/Documents/GitHub/VRX_NUMarine/install/share/vrx_gazebo/models/3d_lidar/mesh/3d_lidar.dae
[0.910s] -- Installing: /home/robotx/Documents/GitHub/VRX_NUMarine/install/share/vrx_gazebo/models/3d_lidar/mesh/3d_Lidar_Metalness.png
[0.910s] -- Installing: /home/robotx/Documents/GitHub/VRX_NUMarine/install/share/vrx_gazebo/models/3d_lidar/mesh/3d_Lidar_Albedo.png
[0.911s] -- Installing: /home/robotx/Documents/GitHub/VRX_NUMarine/install/share/vrx_gazebo/models/3d_lidar/mesh/3d_Lidar_Roughness.png
[0.911s] -- Installing: /home/robotx/Documents/GitHub/VRX_NUMarine/install/share/vrx_gazebo/models/3d_lidar/mesh/3d_Lidar_Normal.png
[0.911s] -- Installing: /home/robotx/Documents/GitHub/VRX_NUMarine/install/share/vrx_gazebo/models/3d_lidar/mesh/3d_lidar.png
[0.912s] -- Installing: /home/robotx/Documents/GitHub/VRX_NUMarine/install/share/vrx_gazebo/models/3d_lidar/model.config
[0.912s] -- Installing: /home/robotx/Documents/GitHub/VRX_NUMarine/install/share/vrx_gazebo/models/3d_lidar/model.sdf
[0.912s] -- Installing: /home/robotx/Documents/GitHub/VRX_NUMarine/install/share/vrx_gazebo/models/ball_shooter
[0.912s] -- Installing: /home/robotx/Documents/GitHub/VRX_NUMarine/install/share/vrx_gazebo/models/ball_shooter/materials
[0.912s] -- Installing: /home/robotx/Documents/GitHub/VRX_NUMarine/install/share/vrx_gazebo/models/ball_shooter/materials/Textures
[0.912s] -- Installing: /home/robotx/Documents/GitHub/VRX_NUMarine/install/share/vrx_gazebo/models/ball_shooter/materials/Textures/Launcher_Normal.png
[0.913s] -- Installing: /home/robotx/Documents/GitHub/VRX_NUMarine/install/share/vrx_gazebo/models/ball_shooter/materials/Textures/Launcher_Roughness.png
[0.913s] -- Installing: /home/robotx/Documents/GitHub/VRX_NUMarine/install/share/vrx_gazebo/models/ball_shooter/materials/Textures/Launcher_Albedo.png
[0.914s] -- Installing: /home/robotx/Documents/GitHub/VRX_NUMarine/install/share/vrx_gazebo/models/ball_shooter/materials/Textures/Launcher_Metalness.png
[0.914s] -- Installing: /home/robotx/Documents/GitHub/VRX_NUMarine/install/share/vrx_gazebo/models/ball_shooter/model.config
[0.914s] -- Installing: /home/robotx/Documents/GitHub/VRX_NUMarine/install/share/vrx_gazebo/models/ball_shooter/model.sdf
[0.914s] -- Installing: /home/robotx/Documents/GitHub/VRX_NUMarine/install/share/vrx_gazebo/models/ball_shooter/meshes
[0.915s] -- Installing: /home/robotx/Documents/GitHub/VRX_NUMarine/install/share/vrx_gazebo/models/ball_shooter/meshes/ball_shooter_base.dae
[0.915s] -- Installing: /home/robotx/Documents/GitHub/VRX_NUMarine/install/share/vrx_gazebo/models/ball_shooter/meshes/ball_shooter_launcher.dae
[0.915s] -- Installing: /home/robotx/Documents/GitHub/VRX_NUMarine/install/share/vrx_gazebo/models/ball_shooter/meshes/Glass_BaseColor.png
[0.915s] -- Installing: /home/robotx/Documents/GitHub/VRX_NUMarine/install/share/vrx_gazebo/models/ball_shooter/meshes/Launcher_BaseColor.png
[0.916s] -- Installing: /home/robotx/Documents/GitHub/VRX_NUMarine/install/share/vrx_gazebo/models/ball_shooter/meshes/Launcher_Albedo.png
[0.917s] -- Installing: /home/robotx/Documents/GitHub/VRX_NUMarine/install/share/vrx_gazebo/models/sensor_post
[0.917s] -- Installing: /home/robotx/Documents/GitHub/VRX_NUMarine/install/share/vrx_gazebo/models/sensor_post/mesh
[0.918s] -- Installing: /home/robotx/Documents/GitHub/VRX_NUMarine/install/share/vrx_gazebo/models/sensor_post/mesh/sensor_post.png
[0.918s] -- Installing: /home/robotx/Documents/GitHub/VRX_NUMarine/install/share/vrx_gazebo/models/sensor_post/mesh/sensor_post_arm.dae
[0.918s] -- Installing: /home/robotx/Documents/GitHub/VRX_NUMarine/install/share/vrx_gazebo/models/sensor_post/mesh/sensor_post.dae
[0.918s] -- Installing: /home/robotx/Documents/GitHub/VRX_NUMarine/install/share/vrx_gazebo/models/sensor_post/model.config
[0.918s] -- Installing: /home/robotx/Documents/GitHub/VRX_NUMarine/install/share/vrx_gazebo/models/sensor_post/model.sdf
[0.918s] -- Installing: /home/robotx/Documents/GitHub/VRX_NUMarine/install/share/vrx_gazebo/models/cpu_cases
[0.918s] -- Installing: /home/robotx/Documents/GitHub/VRX_NUMarine/install/share/vrx_gazebo/models/cpu_cases/mesh
[0.918s] -- Installing: /home/robotx/Documents/GitHub/VRX_NUMarine/install/share/vrx_gazebo/models/cpu_cases/mesh/cpu_cases.dae
[0.919s] -- Installing: /home/robotx/Documents/GitHub/VRX_NUMarine/install/share/vrx_gazebo/models/cpu_cases/mesh/cpu_cases.png
[0.924s] -- Installing: /home/robotx/Documents/GitHub/VRX_NUMarine/install/share/vrx_gazebo/models/cpu_cases/mesh/cpu_cases_Roughness.png
[0.926s] -- Installing: /home/robotx/Documents/GitHub/VRX_NUMarine/install/share/vrx_gazebo/models/cpu_cases/mesh/cpu_cases_Albedo.png
[0.930s] -- Installing: /home/robotx/Documents/GitHub/VRX_NUMarine/install/share/vrx_gazebo/models/cpu_cases/mesh/cpu_cases_Normal.png
[0.934s] -- Installing: /home/robotx/Documents/GitHub/VRX_NUMarine/install/share/vrx_gazebo/models/cpu_cases/mesh/cpu_cases_Metalness.png
[0.934s] -- Installing: /home/robotx/Documents/GitHub/VRX_NUMarine/install/share/vrx_gazebo/models/cpu_cases/model.config
[0.935s] -- Installing: /home/robotx/Documents/GitHub/VRX_NUMarine/install/share/vrx_gazebo/models/cpu_cases/model.sdf
[0.935s] -- Installing: /home/robotx/Documents/GitHub/VRX_NUMarine/install/share/vrx_gazebo/models/mono_camera
[0.935s] -- Installing: /home/robotx/Documents/GitHub/VRX_NUMarine/install/share/vrx_gazebo/models/mono_camera/mesh
[0.935s] -- Installing: /home/robotx/Documents/GitHub/VRX_NUMarine/install/share/vrx_gazebo/models/mono_camera/mesh/mono_camera.dae
[0.935s] -- Installing: /home/robotx/Documents/GitHub/VRX_NUMarine/install/share/vrx_gazebo/models/mono_camera/mesh/mono_camera_Metalness.png
[0.935s] -- Installing: /home/robotx/Documents/GitHub/VRX_NUMarine/install/share/vrx_gazebo/models/mono_camera/mesh/mono_camera_Albedo.png
[0.935s] -- Installing: /home/robotx/Documents/GitHub/VRX_NUMarine/install/share/vrx_gazebo/models/mono_camera/mesh/mono_camera_Normal.png
[0.935s] -- Installing: /home/robotx/Documents/GitHub/VRX_NUMarine/install/share/vrx_gazebo/models/mono_camera/mesh/mono_camera_Roughness.png
[0.936s] -- Installing: /home/robotx/Documents/GitHub/VRX_NUMarine/install/share/vrx_gazebo/models/mono_camera/mesh/mono_camera.png
[0.936s] -- Installing: /home/robotx/Documents/GitHub/VRX_NUMarine/install/share/vrx_gazebo/models/mono_camera/model.config
[0.936s] -- Installing: /home/robotx/Documents/GitHub/VRX_NUMarine/install/share/vrx_gazebo/models/mono_camera/model.sdf
[0.936s] -- Installing: /home/robotx/Documents/GitHub/VRX_NUMarine/install/share/vrx_gazebo/models/battery
[0.936s] -- Installing: /home/robotx/Documents/GitHub/VRX_NUMarine/install/share/vrx_gazebo/models/battery/mesh
[0.937s] -- Installing: /home/robotx/Documents/GitHub/VRX_NUMarine/install/share/vrx_gazebo/models/battery/mesh/battery_Normal.png
[0.941s] -- Installing: /home/robotx/Documents/GitHub/VRX_NUMarine/install/share/vrx_gazebo/models/battery/mesh/battery.png
[0.946s] -- Installing: /home/robotx/Documents/GitHub/VRX_NUMarine/install/share/vrx_gazebo/models/battery/mesh/battery_Roughness.png
[0.948s] -- Installing: /home/robotx/Documents/GitHub/VRX_NUMarine/install/share/vrx_gazebo/models/battery/mesh/battery_Albedo.png
[0.951s] -- Installing: /home/robotx/Documents/GitHub/VRX_NUMarine/install/share/vrx_gazebo/models/battery/mesh/battery.dae
[0.952s] -- Installing: /home/robotx/Documents/GitHub/VRX_NUMarine/install/share/vrx_gazebo/models/battery/mesh/battery_Metalness.png
[0.952s] -- Installing: /home/robotx/Documents/GitHub/VRX_NUMarine/install/share/vrx_gazebo/models/battery/model.config
[0.952s] -- Installing: /home/robotx/Documents/GitHub/VRX_NUMarine/install/share/vrx_gazebo/models/battery/model.sdf
[0.952s] -- Installing: /home/robotx/Documents/GitHub/VRX_NUMarine/install/share/vrx_gazebo/models/blue_projectile
[0.952s] -- Installing: /home/robotx/Documents/GitHub/VRX_NUMarine/install/share/vrx_gazebo/models/blue_projectile/model.config
[0.952s] -- Installing: /home/robotx/Documents/GitHub/VRX_NUMarine/install/share/vrx_gazebo/models/blue_projectile/model.sdf
[0.952s] -- Installing: /home/robotx/Documents/GitHub/VRX_NUMarine/install/share/vrx_gazebo/launch
[0.952s] -- Installing: /home/robotx/Documents/GitHub/VRX_NUMarine/install/share/vrx_gazebo/launch/generate_wamv.launch.py
[0.952s] -- Installing: /home/robotx/Documents/GitHub/VRX_NUMarine/install/share/vrx_gazebo/launch/rviz.launch.py
[0.953s] -- Installing: /home/robotx/Documents/GitHub/VRX_NUMarine/install/share/vrx_gazebo/config
[0.953s] -- Installing: /home/robotx/Documents/GitHub/VRX_NUMarine/install/share/vrx_gazebo/config/rviz_vrx_final.rviz
[0.953s] -- Installing: /home/robotx/Documents/GitHub/VRX_NUMarine/install/share/vrx_gazebo/config/rviz_vrx_rsp.rviz
[0.953s] -- Installing: /home/robotx/Documents/GitHub/VRX_NUMarine/install/share/vrx_gazebo/config/wamv_config
[0.953s] -- Installing: /home/robotx/Documents/GitHub/VRX_NUMarine/install/share/vrx_gazebo/config/wamv_config/example_thruster_config.yaml
[0.953s] -- Installing: /home/robotx/Documents/GitHub/VRX_NUMarine/install/share/vrx_gazebo/config/wamv_config/example_component_config.yaml
[0.953s] -- Installing: /home/robotx/Documents/GitHub/VRX_NUMarine/install/share/vrx_gazebo/config/wamv_config/component_compliance
[0.953s] -- Installing: /home/robotx/Documents/GitHub/VRX_NUMarine/install/share/vrx_gazebo/config/wamv_config/component_compliance/bounding_boxes.yaml
[0.953s] -- Installing: /home/robotx/Documents/GitHub/VRX_NUMarine/install/share/vrx_gazebo/config/wamv_config/component_compliance/numeric.yaml
[0.953s] -- Installing: /home/robotx/Documents/GitHub/VRX_NUMarine/install/share/vrx_gazebo/config/wamv_config/thruster_compliance
[0.954s] -- Installing: /home/robotx/Documents/GitHub/VRX_NUMarine/install/share/vrx_gazebo/config/wamv_config/thruster_compliance/bounding_boxes.yaml
[0.954s] -- Installing: /home/robotx/Documents/GitHub/VRX_NUMarine/install/share/vrx_gazebo/config/wamv_config/thruster_compliance/numeric.yaml
[0.954s] -- Installing: /home/robotx/Documents/GitHub/VRX_NUMarine/install/lib/vrx_gazebo/generate_wamv.py
[0.954s] -- Installing: /home/robotx/Documents/GitHub/VRX_NUMarine/install/share/vrx_gazebo/environment/pythonpath.sh
[0.954s] -- Installing: /home/robotx/Documents/GitHub/VRX_NUMarine/install/share/vrx_gazebo/environment/pythonpath.dsv
[0.954s] -- Installing: /home/robotx/Documents/GitHub/VRX_NUMarine/install/local/lib/python3.10/dist-packages/vrx_gazebo-1.3.0-py3.10.egg-info
[0.954s] -- Installing: /home/robotx/Documents/GitHub/VRX_NUMarine/install/local/lib/python3.10/dist-packages/vrx_gazebo-1.3.0-py3.10.egg-info/SOURCES.txt
[0.954s] -- Installing: /home/robotx/Documents/GitHub/VRX_NUMarine/install/local/lib/python3.10/dist-packages/vrx_gazebo-1.3.0-py3.10.egg-info/dependency_links.txt
[0.955s] -- Installing: /home/robotx/Documents/GitHub/VRX_NUMarine/install/local/lib/python3.10/dist-packages/vrx_gazebo-1.3.0-py3.10.egg-info/PKG-INFO
[0.955s] -- Installing: /home/robotx/Documents/GitHub/VRX_NUMarine/install/local/lib/python3.10/dist-packages/vrx_gazebo-1.3.0-py3.10.egg-info/top_level.txt
[0.955s] -- Installing: /home/robotx/Documents/GitHub/VRX_NUMarine/install/local/lib/python3.10/dist-packages/vrx_gazebo
[0.955s] -- Installing: /home/robotx/Documents/GitHub/VRX_NUMarine/install/local/lib/python3.10/dist-packages/vrx_gazebo/compliance.py
[0.955s] -- Installing: /home/robotx/Documents/GitHub/VRX_NUMarine/install/local/lib/python3.10/dist-packages/vrx_gazebo/__init__.py
[0.955s] -- Installing: /home/robotx/Documents/GitHub/VRX_NUMarine/install/local/lib/python3.10/dist-packages/vrx_gazebo/configure_wamv.py
[0.955s] -- Installing: /home/robotx/Documents/GitHub/VRX_NUMarine/install/local/lib/python3.10/dist-packages/vrx_gazebo/utils.py
[0.983s] Listing '/home/robotx/Documents/GitHub/VRX_NUMarine/install/local/lib/python3.10/dist-packages/vrx_gazebo'...
[0.983s] Compiling '/home/robotx/Documents/GitHub/VRX_NUMarine/install/local/lib/python3.10/dist-packages/vrx_gazebo/__init__.py'...
[0.983s] Compiling '/home/robotx/Documents/GitHub/VRX_NUMarine/install/local/lib/python3.10/dist-packages/vrx_gazebo/compliance.py'...
[0.983s] Compiling '/home/robotx/Documents/GitHub/VRX_NUMarine/install/local/lib/python3.10/dist-packages/vrx_gazebo/configure_wamv.py'...
[0.983s] Compiling '/home/robotx/Documents/GitHub/VRX_NUMarine/install/local/lib/python3.10/dist-packages/vrx_gazebo/utils.py'...
[0.987s] -- Installing: /home/robotx/Documents/GitHub/VRX_NUMarine/install/share/ament_index/resource_index/package_run_dependencies/vrx_gazebo
[0.987s] -- Installing: /home/robotx/Documents/GitHub/VRX_NUMarine/install/share/ament_index/resource_index/parent_prefix_path/vrx_gazebo
[0.987s] -- Installing: /home/robotx/Documents/GitHub/VRX_NUMarine/install/share/vrx_gazebo/environment/ament_prefix_path.sh
[0.987s] -- Installing: /home/robotx/Documents/GitHub/VRX_NUMarine/install/share/vrx_gazebo/environment/ament_prefix_path.dsv
[0.987s] -- Installing: /home/robotx/Documents/GitHub/VRX_NUMarine/install/share/vrx_gazebo/environment/path.sh
[0.987s] -- Installing: /home/robotx/Documents/GitHub/VRX_NUMarine/install/share/vrx_gazebo/environment/path.dsv
[0.987s] -- Installing: /home/robotx/Documents/GitHub/VRX_NUMarine/install/share/vrx_gazebo/local_setup.bash
[0.987s] -- Installing: /home/robotx/Documents/GitHub/VRX_NUMarine/install/share/vrx_gazebo/local_setup.sh
[0.987s] -- Installing: /home/robotx/Documents/GitHub/VRX_NUMarine/install/share/vrx_gazebo/local_setup.zsh
[0.987s] -- Installing: /home/robotx/Documents/GitHub/VRX_NUMarine/install/share/vrx_gazebo/local_setup.dsv
[0.988s] -- Installing: /home/robotx/Documents/GitHub/VRX_NUMarine/install/share/vrx_gazebo/package.dsv
[0.988s] -- Installing: /home/robotx/Documents/GitHub/VRX_NUMarine/install/share/ament_index/resource_index/packages/vrx_gazebo
[0.988s] -- Installing: /home/robotx/Documents/GitHub/VRX_NUMarine/install/share/vrx_gazebo/cmake/vrx_gazeboConfig.cmake
[0.988s] -- Installing: /home/robotx/Documents/GitHub/VRX_NUMarine/install/share/vrx_gazebo/cmake/vrx_gazeboConfig-version.cmake
[0.988s] -- Installing: /home/robotx/Documents/GitHub/VRX_NUMarine/install/share/vrx_gazebo/package.xml
[0.990s] Invoked command in '/home/robotx/Documents/GitHub/VRX_NUMarine/build/vrx_gazebo' returned '0': CMAKE_PREFIX_PATH=/opt/ros/humble /usr/bin/cmake --install /home/robotx/Documents/GitHub/VRX_NUMarine/build/vrx_gazebo
