[0.049s] Invoking command in '/home/jain/Documents/GitHub/VRX_NUMarine/build/my_navigation_pkg': CMAKE_PREFIX_PATH=${CMAKE_PREFIX_PATH}:/opt/ros/humble /usr/bin/cmake --build /home/jain/Documents/GitHub/VRX_NUMarine/build/my_navigation_pkg -- -j8 -l8
[0.128s] -- Found ament_cmake: 1.3.9 (/opt/ros/humble/share/ament_cmake/cmake)
[0.442s] -- Found rclcpp: 16.0.9 (/opt/ros/humble/share/rclcpp/cmake)
[0.522s] -- Found rosidl_generator_c: 3.1.5 (/opt/ros/humble/share/rosidl_generator_c/cmake)
[0.529s] -- Found rosidl_adapter: 3.1.5 (/opt/ros/humble/share/rosidl_adapter/cmake)
[0.547s] -- Found rosidl_generator_cpp: 3.1.5 (/opt/ros/humble/share/rosidl_generator_cpp/cmake)
[0.573s] -- Using all available rosidl_typesupport_c: rosidl_typesupport_fastrtps_c;rosidl_typesupport_introspection_c
[0.617s] -- Using all available rosidl_typesupport_cpp: rosidl_typesupport_fastrtps_cpp;rosidl_typesupport_introspection_cpp
[0.764s] -- Found rmw_implementation_cmake: 6.1.2 (/opt/ros/humble/share/rmw_implementation_cmake/cmake)
[0.767s] -- Found rmw_fastrtps_cpp: 6.2.6 (/opt/ros/humble/share/rmw_fastrtps_cpp/cmake)
[1.048s] -- Using RMW implementation 'rmw_fastrtps_cpp' as default
[1.443s] -- Found sensor_msgs: 4.2.4 (/opt/ros/humble/share/sensor_msgs/cmake)
[1.720s] -- Found nav2_core: 1.1.15 (/opt/ros/humble/share/nav2_core/cmake)
[3.426s] -- Ensuring Eigen3 include directory is part of orocos-kdl CMake target
[6.163s] -- Found nav2_mppi_controller: 1.1.15 (/opt/ros/humble/share/nav2_mppi_controller/cmake)
[9.536s] -- Reading /usr/local/lib/cmake/GeographicLib/geographiclib-config.cmake
[9.536s] -- GeographicLib configuration, version 2.3
[9.538s] --   ${GeographicLib_LIBRARIES} set to shared library
[9.557s] -- Found ament_lint_auto: 0.12.11 (/opt/ros/humble/share/ament_lint_auto/cmake)
[9.683s] -- Added test 'cppcheck' to perform static code analysis on C / C++ code
[9.685s] -- Configured cppcheck include dirs: /home/jain/Documents/GitHub/VRX_NUMarine/src/vrx/ros_packages/my_navigation_pkg/include;/home/jain/Documents/GitHub/VRX_NUMarine/src/vrx/ros_packages/my_navigation_pkg/config
[9.686s] -- Configured cppcheck exclude dirs and/or files: 
[9.687s] -- Added test 'flake8' to check Python code syntax and style conventions
[9.688s] -- Added test 'lint_cmake' to check CMake code style
[9.689s] -- Added test 'pep257' to check Python code against some of the docstring style conventions in PEP 257
[9.691s] -- Added test 'uncrustify' to check C / C++ code style
[9.691s] -- Configured uncrustify additional arguments: 
[9.692s] -- Added test 'xmllint' to check XML markup files
[9.693s] -- Configuring done
[9.750s] -- Generating done
[9.756s] -- Build files have been written to: /home/jain/Documents/GitHub/VRX_NUMarine/build/my_navigation_pkg
[9.809s] [35m[1mConsolidate compiler generated dependencies of target gps_to_ned_node[0m
[9.842s] [ 20%] Built target gps_to_ned_node
[9.874s] [ 30%] [32mBuilding CXX object CMakeFiles/goal_pose_controller.dir/src/goal_pose_controller.cpp.o[0m
[15.353s] [01m[K/home/jain/Documents/GitHub/VRX_NUMarine/src/vrx/ros_packages/my_navigation_pkg/src/goal_pose_controller.cpp:[m[K In member function ‘[01m[Kvoid GoalPoseController::control_loop()[m[K’:
[15.353s] [01m[K/home/jain/Documents/GitHub/VRX_NUMarine/src/vrx/ros_packages/my_navigation_pkg/src/goal_pose_controller.cpp:51:29:[m[K [01;31m[Kerror: [m[K‘[01m[KgetYaw[m[K’ is not a member of ‘[01m[Ktf2[m[K’
[15.353s]    51 |     double yaw_error = tf2::[01;31m[KgetYaw[m[K(relative_transform.getRotation());
[15.354s]       |                             [01;31m[K^~~~~~[m[K
[17.179s] gmake[2]: *** [CMakeFiles/goal_pose_controller.dir/build.make:76: CMakeFiles/goal_pose_controller.dir/src/goal_pose_controller.cpp.o] Error 1
[17.179s] gmake[1]: *** [CMakeFiles/Makefile2:249: CMakeFiles/goal_pose_controller.dir/all] Error 2
[17.179s] gmake: *** [Makefile:146: all] Error 2
[17.183s] Invoked command in '/home/jain/Documents/GitHub/VRX_NUMarine/build/my_navigation_pkg' returned '2': CMAKE_PREFIX_PATH=${CMAKE_PREFIX_PATH}:/opt/ros/humble /usr/bin/cmake --build /home/jain/Documents/GitHub/VRX_NUMarine/build/my_navigation_pkg -- -j8 -l8
