[1.094s] Invoking command in '/home/rileychron111/Documents/GitHub/VRX_NUMarine/src/vrx/ros_packages/mpc': PYTHONPATH=/home/rileychron111/Documents/GitHub/VRX_NUMarine/build/mpc/prefix_override:/home/rileychron111/Documents/GitHub/VRX_NUMarine/install/lib/python3.10/site-packages:${PYTHONPATH} /usr/bin/python3 -W ignore:setup.py install is deprecated setup.py egg_info --egg-base ../../../../build/mpc build --build-base /home/rileychron111/Documents/GitHub/VRX_NUMarine/build/mpc/build install --record /home/rileychron111/Documents/GitHub/VRX_NUMarine/build/mpc/install.log --single-version-externally-managed install_data
[1.477s] running egg_info
[1.478s] writing ../../../../build/mpc/mpc.egg-info/PKG-INFO
[1.478s] writing dependency_links to ../../../../build/mpc/mpc.egg-info/dependency_links.txt
[1.478s] writing entry points to ../../../../build/mpc/mpc.egg-info/entry_points.txt
[1.479s] writing requirements to ../../../../build/mpc/mpc.egg-info/requires.txt
[1.479s] writing top-level names to ../../../../build/mpc/mpc.egg-info/top_level.txt
[1.484s] reading manifest file '../../../../build/mpc/mpc.egg-info/SOURCES.txt'
[1.486s] writing manifest file '../../../../build/mpc/mpc.egg-info/SOURCES.txt'
[1.486s] running build
[1.486s] running build_py
[1.487s] running install
[1.487s] running install_lib
[1.490s] running install_data
[1.490s] copying package.xml -> /home/rileychron111/Documents/GitHub/VRX_NUMarine/install/share/mpc
[1.490s] running install_egg_info
[1.494s] removing '/home/rileychron111/Documents/GitHub/VRX_NUMarine/install/lib/python3.10/site-packages/mpc-0.0.0-py3.10.egg-info' (and everything under it)
[1.495s] Copying ../../../../build/mpc/mpc.egg-info to /home/rileychron111/Documents/GitHub/VRX_NUMarine/install/lib/python3.10/site-packages/mpc-0.0.0-py3.10.egg-info
[1.497s] running install_scripts
[1.581s] Installing control_node script to /home/rileychron111/Documents/GitHub/VRX_NUMarine/install/lib/mpc
[1.582s] writing list of installed files to '/home/rileychron111/Documents/GitHub/VRX_NUMarine/build/mpc/install.log'
[1.597s] Invoked command in '/home/rileychron111/Documents/GitHub/VRX_NUMarine/src/vrx/ros_packages/mpc' returned '0': PYTHONPATH=/home/rileychron111/Documents/GitHub/VRX_NUMarine/build/mpc/prefix_override:/home/rileychron111/Documents/GitHub/VRX_NUMarine/install/lib/python3.10/site-packages:${PYTHONPATH} /usr/bin/python3 -W ignore:setup.py install is deprecated setup.py egg_info --egg-base ../../../../build/mpc build --build-base /home/rileychron111/Documents/GitHub/VRX_NUMarine/build/mpc/build install --record /home/rileychron111/Documents/GitHub/VRX_NUMarine/build/mpc/install.log --single-version-externally-managed install_data
