[0.285s] Invoking command in '/home/rileychron111/Documents/GitHub/VRX_NUMarine/src/vrx/ros_packages/guidance': PYTHONPATH=/home/rileychron111/Documents/GitHub/VRX_NUMarine/build/guidance/prefix_override:/home/rileychron111/Documents/GitHub/VRX_NUMarine/install/lib/python3.10/site-packages:${PYTHONPATH} /usr/bin/python3 -W ignore:setup.py install is deprecated setup.py egg_info --egg-base ../../../../build/guidance build --build-base /home/rileychron111/Documents/GitHub/VRX_NUMarine/build/guidance/build install --record /home/rileychron111/Documents/GitHub/VRX_NUMarine/build/guidance/install.log --single-version-externally-managed install_data
[0.393s] running egg_info
[0.393s] creating ../../../../build/guidance/guidance.egg-info
[0.393s] writing ../../../../build/guidance/guidance.egg-info/PKG-INFO
[0.393s] writing dependency_links to ../../../../build/guidance/guidance.egg-info/dependency_links.txt
[0.393s] writing entry points to ../../../../build/guidance/guidance.egg-info/entry_points.txt
[0.393s] writing requirements to ../../../../build/guidance/guidance.egg-info/requires.txt
[0.393s] writing top-level names to ../../../../build/guidance/guidance.egg-info/top_level.txt
[0.393s] writing manifest file '../../../../build/guidance/guidance.egg-info/SOURCES.txt'
[0.394s] reading manifest file '../../../../build/guidance/guidance.egg-info/SOURCES.txt'
[0.395s] writing manifest file '../../../../build/guidance/guidance.egg-info/SOURCES.txt'
[0.395s] running build
[0.395s] running build_py
[0.395s] creating /home/rileychron111/Documents/GitHub/VRX_NUMarine/build/guidance/build
[0.395s] creating /home/rileychron111/Documents/GitHub/VRX_NUMarine/build/guidance/build/lib
[0.395s] creating /home/rileychron111/Documents/GitHub/VRX_NUMarine/build/guidance/build/lib/guidance
[0.395s] copying guidance/__init__.py -> /home/rileychron111/Documents/GitHub/VRX_NUMarine/build/guidance/build/lib/guidance
[0.395s] copying guidance/guidance_service.py -> /home/rileychron111/Documents/GitHub/VRX_NUMarine/build/guidance/build/lib/guidance
[0.395s] running install
[0.395s] running install_lib
[0.395s] creating /home/rileychron111/Documents/GitHub/VRX_NUMarine/install/lib/python3.10/site-packages/guidance
[0.395s] copying /home/rileychron111/Documents/GitHub/VRX_NUMarine/build/guidance/build/lib/guidance/__init__.py -> /home/rileychron111/Documents/GitHub/VRX_NUMarine/install/lib/python3.10/site-packages/guidance
[0.395s] copying /home/rileychron111/Documents/GitHub/VRX_NUMarine/build/guidance/build/lib/guidance/guidance_service.py -> /home/rileychron111/Documents/GitHub/VRX_NUMarine/install/lib/python3.10/site-packages/guidance
[0.396s] byte-compiling /home/rileychron111/Documents/GitHub/VRX_NUMarine/install/lib/python3.10/site-packages/guidance/__init__.py to __init__.cpython-310.pyc
[0.396s] byte-compiling /home/rileychron111/Documents/GitHub/VRX_NUMarine/install/lib/python3.10/site-packages/guidance/guidance_service.py to guidance_service.cpython-310.pyc
[0.396s] running install_data
[0.396s] creating /home/rileychron111/Documents/GitHub/VRX_NUMarine/install/share/ament_index
[0.396s] creating /home/rileychron111/Documents/GitHub/VRX_NUMarine/install/share/ament_index/resource_index
[0.396s] creating /home/rileychron111/Documents/GitHub/VRX_NUMarine/install/share/ament_index/resource_index/packages
[0.396s] copying resource/guidance -> /home/rileychron111/Documents/GitHub/VRX_NUMarine/install/share/ament_index/resource_index/packages
[0.396s] copying package.xml -> /home/rileychron111/Documents/GitHub/VRX_NUMarine/install/share/guidance
[0.396s] creating /home/rileychron111/Documents/GitHub/VRX_NUMarine/install/share/guidance/srv
[0.396s] copying srv/Trajectory.srv -> /home/rileychron111/Documents/GitHub/VRX_NUMarine/install/share/guidance/srv
[0.396s] running install_egg_info
[0.397s] Copying ../../../../build/guidance/guidance.egg-info to /home/rileychron111/Documents/GitHub/VRX_NUMarine/install/lib/python3.10/site-packages/guidance-0.0.0-py3.10.egg-info
[0.397s] running install_scripts
[0.409s] Installing guidance_service script to /home/rileychron111/Documents/GitHub/VRX_NUMarine/install/lib/guidance
[0.409s] writing list of installed files to '/home/rileychron111/Documents/GitHub/VRX_NUMarine/build/guidance/install.log'
[0.421s] Invoked command in '/home/rileychron111/Documents/GitHub/VRX_NUMarine/src/vrx/ros_packages/guidance' returned '0': PYTHONPATH=/home/rileychron111/Documents/GitHub/VRX_NUMarine/build/guidance/prefix_override:/home/rileychron111/Documents/GitHub/VRX_NUMarine/install/lib/python3.10/site-packages:${PYTHONPATH} /usr/bin/python3 -W ignore:setup.py install is deprecated setup.py egg_info --egg-base ../../../../build/guidance build --build-base /home/rileychron111/Documents/GitHub/VRX_NUMarine/build/guidance/build install --record /home/rileychron111/Documents/GitHub/VRX_NUMarine/build/guidance/install.log --single-version-externally-managed install_data
