[0.012s] Invoking command in '/home/jain/Documents/GitHub/VRX_NUMarine/build/wamv_description': AMENT_PREFIX_PATH=/home/jain/Documents/GitHub/VRX_NUMarine/install:${AMENT_PREFIX_PATH} CMAKE_PREFIX_PATH=/home/jain/Documents/GitHub/VRX_NUMarine/install:/opt/ros/humble GZ_SIM_RESOURCE_PATH=/home/jain/Documents/GitHub/VRX_NUMarine/install/share/vrx_gazebo/models:/home/jain/Documents/GitHub/VRX_NUMarine/install/share LD_LIBRARY_PATH=/home/jain/Documents/GitHub/VRX_NUMarine/install/lib:${LD_LIBRARY_PATH} PYTHONPATH=/home/jain/Documents/GitHub/VRX_NUMarine/install/local/lib/python3.10/dist-packages:${PYTHONPATH} /usr/bin/cmake /home/jain/Documents/GitHub/VRX_NUMarine/src/vrx/ros_packages/vrx_urdf/wamv_description -DCMAKE_INSTALL_PREFIX=/home/jain/Documents/GitHub/VRX_NUMarine/install
[0.069s] -- The C compiler identification is GNU 11.4.0
[0.133s] -- The CXX compiler identification is GNU 11.4.0
[0.142s] -- Detecting C compiler ABI info
[0.214s] -- Detecting C compiler ABI info - done
[0.224s] -- Check for working C compiler: /usr/bin/cc - skipped
[0.224s] -- Detecting C compile features
[0.225s] -- Detecting C compile features - done
[0.228s] -- Detecting CXX compiler ABI info
[0.320s] -- Detecting CXX compiler ABI info - done
[0.337s] -- Check for working CXX compiler: /usr/bin/c++ - skipped
[0.337s] -- Detecting CXX compile features
[0.338s] -- Detecting CXX compile features - done
[0.343s] -- Found ament_cmake: 1.3.9 (/opt/ros/humble/share/ament_cmake/cmake)
[0.543s] -- Found Python3: /usr/bin/python3 (found version "3.10.12") found components: Interpreter 
[0.697s] -- Found xacro: 2.0.8 (/opt/ros/humble/share/xacro/cmake)
[0.698s] -- xacro: determining deps for: urdf/wamv_base.urdf.xacro ...
[0.997s] -- Configuring done
[1.003s] -- Generating done
[1.005s] -- Build files have been written to: /home/jain/Documents/GitHub/VRX_NUMarine/build/wamv_description
[1.012s] Invoked command in '/home/jain/Documents/GitHub/VRX_NUMarine/build/wamv_description' returned '0': AMENT_PREFIX_PATH=/home/jain/Documents/GitHub/VRX_NUMarine/install:${AMENT_PREFIX_PATH} CMAKE_PREFIX_PATH=/home/jain/Documents/GitHub/VRX_NUMarine/install:/opt/ros/humble GZ_SIM_RESOURCE_PATH=/home/jain/Documents/GitHub/VRX_NUMarine/install/share/vrx_gazebo/models:/home/jain/Documents/GitHub/VRX_NUMarine/install/share LD_LIBRARY_PATH=/home/jain/Documents/GitHub/VRX_NUMarine/install/lib:${LD_LIBRARY_PATH} PYTHONPATH=/home/jain/Documents/GitHub/VRX_NUMarine/install/local/lib/python3.10/dist-packages:${PYTHONPATH} /usr/bin/cmake /home/jain/Documents/GitHub/VRX_NUMarine/src/vrx/ros_packages/vrx_urdf/wamv_description -DCMAKE_INSTALL_PREFIX=/home/jain/Documents/GitHub/VRX_NUMarine/install
[1.014s] Invoking command in '/home/jain/Documents/GitHub/VRX_NUMarine/build/wamv_description': AMENT_PREFIX_PATH=/home/jain/Documents/GitHub/VRX_NUMarine/install:${AMENT_PREFIX_PATH} CMAKE_PREFIX_PATH=/home/jain/Documents/GitHub/VRX_NUMarine/install:/opt/ros/humble GZ_SIM_RESOURCE_PATH=/home/jain/Documents/GitHub/VRX_NUMarine/install/share/vrx_gazebo/models:/home/jain/Documents/GitHub/VRX_NUMarine/install/share LD_LIBRARY_PATH=/home/jain/Documents/GitHub/VRX_NUMarine/install/lib:${LD_LIBRARY_PATH} PYTHONPATH=/home/jain/Documents/GitHub/VRX_NUMarine/install/local/lib/python3.10/dist-packages:${PYTHONPATH} /usr/bin/cmake --build /home/jain/Documents/GitHub/VRX_NUMarine/build/wamv_description -- -j8 -l8
[1.077s] [100%] [34m[1mxacro: generating urdf/wamv_base.urdf from urdf/wamv_base.urdf.xacro[0m
[1.247s] [100%] Built target wamv_description__xacro_auto_generate
[1.262s] Invoked command in '/home/jain/Documents/GitHub/VRX_NUMarine/build/wamv_description' returned '0': AMENT_PREFIX_PATH=/home/jain/Documents/GitHub/VRX_NUMarine/install:${AMENT_PREFIX_PATH} CMAKE_PREFIX_PATH=/home/jain/Documents/GitHub/VRX_NUMarine/install:/opt/ros/humble GZ_SIM_RESOURCE_PATH=/home/jain/Documents/GitHub/VRX_NUMarine/install/share/vrx_gazebo/models:/home/jain/Documents/GitHub/VRX_NUMarine/install/share LD_LIBRARY_PATH=/home/jain/Documents/GitHub/VRX_NUMarine/install/lib:${LD_LIBRARY_PATH} PYTHONPATH=/home/jain/Documents/GitHub/VRX_NUMarine/install/local/lib/python3.10/dist-packages:${PYTHONPATH} /usr/bin/cmake --build /home/jain/Documents/GitHub/VRX_NUMarine/build/wamv_description -- -j8 -l8
[1.297s] Invoking command in '/home/jain/Documents/GitHub/VRX_NUMarine/build/wamv_description': AMENT_PREFIX_PATH=/home/jain/Documents/GitHub/VRX_NUMarine/install:${AMENT_PREFIX_PATH} CMAKE_PREFIX_PATH=/home/jain/Documents/GitHub/VRX_NUMarine/install:/opt/ros/humble GZ_SIM_RESOURCE_PATH=/home/jain/Documents/GitHub/VRX_NUMarine/install/share/vrx_gazebo/models:/home/jain/Documents/GitHub/VRX_NUMarine/install/share LD_LIBRARY_PATH=/home/jain/Documents/GitHub/VRX_NUMarine/install/lib:${LD_LIBRARY_PATH} PYTHONPATH=/home/jain/Documents/GitHub/VRX_NUMarine/install/local/lib/python3.10/dist-packages:${PYTHONPATH} /usr/bin/cmake --install /home/jain/Documents/GitHub/VRX_NUMarine/build/wamv_description
[1.310s] -- Install configuration: ""
[1.310s] -- Installing: /home/jain/Documents/GitHub/VRX_NUMarine/install/share/wamv_description/environment/resource_paths.dsv
[1.311s] -- Up-to-date: /home/jain/Documents/GitHub/VRX_NUMarine/install/share/wamv_description/environment/resource_paths.sh
[1.311s] -- Installing: /home/jain/Documents/GitHub/VRX_NUMarine/install/share/wamv_description/urdf/wamv_base.urdf
[1.311s] -- Up-to-date: /home/jain/Documents/GitHub/VRX_NUMarine/install/share/wamv_description/models
[1.312s] -- Up-to-date: /home/jain/Documents/GitHub/VRX_NUMarine/install/share/wamv_description/models/propeller
[1.312s] -- Up-to-date: /home/jain/Documents/GitHub/VRX_NUMarine/install/share/wamv_description/models/propeller/mesh
[1.312s] -- Up-to-date: /home/jain/Documents/GitHub/VRX_NUMarine/install/share/wamv_description/models/propeller/mesh/propeller.dae
[1.312s] -- Up-to-date: /home/jain/Documents/GitHub/VRX_NUMarine/install/share/wamv_description/models/propeller/model.config
[1.312s] -- Up-to-date: /home/jain/Documents/GitHub/VRX_NUMarine/install/share/wamv_description/models/WAM-V-Base
[1.312s] -- Up-to-date: /home/jain/Documents/GitHub/VRX_NUMarine/install/share/wamv_description/models/WAM-V-Base/mesh
[1.313s] -- Up-to-date: /home/jain/Documents/GitHub/VRX_NUMarine/install/share/wamv_description/models/WAM-V-Base/mesh/WAM-V_Roughness.png
[1.313s] -- Up-to-date: /home/jain/Documents/GitHub/VRX_NUMarine/install/share/wamv_description/models/WAM-V-Base/mesh/WAM-V-Base.dae
[1.313s] -- Up-to-date: /home/jain/Documents/GitHub/VRX_NUMarine/install/share/wamv_description/models/WAM-V-Base/mesh/WAM-V_Albedo.png
[1.314s] -- Up-to-date: /home/jain/Documents/GitHub/VRX_NUMarine/install/share/wamv_description/models/WAM-V-Base/mesh/WamV.png
[1.314s] -- Up-to-date: /home/jain/Documents/GitHub/VRX_NUMarine/install/share/wamv_description/models/WAM-V-Base/mesh/WAM-V_Normal.png
[1.314s] -- Up-to-date: /home/jain/Documents/GitHub/VRX_NUMarine/install/share/wamv_description/models/WAM-V-Base/mesh/WAM-V_Metalness.png
[1.314s] -- Up-to-date: /home/jain/Documents/GitHub/VRX_NUMarine/install/share/wamv_description/models/WAM-V-Base/model.config
[1.314s] -- Up-to-date: /home/jain/Documents/GitHub/VRX_NUMarine/install/share/wamv_description/models/engine
[1.315s] -- Up-to-date: /home/jain/Documents/GitHub/VRX_NUMarine/install/share/wamv_description/models/engine/mesh
[1.315s] -- Up-to-date: /home/jain/Documents/GitHub/VRX_NUMarine/install/share/wamv_description/models/engine/mesh/engine.dae
[1.315s] -- Up-to-date: /home/jain/Documents/GitHub/VRX_NUMarine/install/share/wamv_description/models/engine/model.config
[1.315s] -- Up-to-date: /home/jain/Documents/GitHub/VRX_NUMarine/install/share/wamv_description/urdf
[1.315s] -- Up-to-date: /home/jain/Documents/GitHub/VRX_NUMarine/install/share/wamv_description/urdf/wamv_base.urdf.xacro
[1.315s] -- Up-to-date: /home/jain/Documents/GitHub/VRX_NUMarine/install/share/wamv_description/urdf/cpu_cases.xacro
[1.316s] -- Up-to-date: /home/jain/Documents/GitHub/VRX_NUMarine/install/share/wamv_description/urdf/thrusters
[1.316s] -- Up-to-date: /home/jain/Documents/GitHub/VRX_NUMarine/install/share/wamv_description/urdf/thrusters/engine.xacro
[1.316s] -- Up-to-date: /home/jain/Documents/GitHub/VRX_NUMarine/install/share/wamv_description/urdf/battery.xacro
[1.316s] -- Installing: /home/jain/Documents/GitHub/VRX_NUMarine/install/share/ament_index/resource_index/package_run_dependencies/wamv_description
[1.316s] -- Installing: /home/jain/Documents/GitHub/VRX_NUMarine/install/share/ament_index/resource_index/parent_prefix_path/wamv_description
[1.316s] -- Up-to-date: /home/jain/Documents/GitHub/VRX_NUMarine/install/share/wamv_description/environment/ament_prefix_path.sh
[1.317s] -- Installing: /home/jain/Documents/GitHub/VRX_NUMarine/install/share/wamv_description/environment/ament_prefix_path.dsv
[1.317s] -- Up-to-date: /home/jain/Documents/GitHub/VRX_NUMarine/install/share/wamv_description/environment/path.sh
[1.317s] -- Installing: /home/jain/Documents/GitHub/VRX_NUMarine/install/share/wamv_description/environment/path.dsv
[1.317s] -- Installing: /home/jain/Documents/GitHub/VRX_NUMarine/install/share/wamv_description/local_setup.bash
[1.317s] -- Installing: /home/jain/Documents/GitHub/VRX_NUMarine/install/share/wamv_description/local_setup.sh
[1.317s] -- Installing: /home/jain/Documents/GitHub/VRX_NUMarine/install/share/wamv_description/local_setup.zsh
[1.318s] -- Installing: /home/jain/Documents/GitHub/VRX_NUMarine/install/share/wamv_description/local_setup.dsv
[1.323s] -- Installing: /home/jain/Documents/GitHub/VRX_NUMarine/install/share/wamv_description/package.dsv
[1.323s] -- Installing: /home/jain/Documents/GitHub/VRX_NUMarine/install/share/ament_index/resource_index/packages/wamv_description
[1.324s] -- Installing: /home/jain/Documents/GitHub/VRX_NUMarine/install/share/wamv_description/cmake/wamv_descriptionConfig.cmake
[1.324s] -- Installing: /home/jain/Documents/GitHub/VRX_NUMarine/install/share/wamv_description/cmake/wamv_descriptionConfig-version.cmake
[1.325s] -- Up-to-date: /home/jain/Documents/GitHub/VRX_NUMarine/install/share/wamv_description/package.xml
[1.325s] Invoked command in '/home/jain/Documents/GitHub/VRX_NUMarine/build/wamv_description' returned '0': AMENT_PREFIX_PATH=/home/jain/Documents/GitHub/VRX_NUMarine/install:${AMENT_PREFIX_PATH} CMAKE_PREFIX_PATH=/home/jain/Documents/GitHub/VRX_NUMarine/install:/opt/ros/humble GZ_SIM_RESOURCE_PATH=/home/jain/Documents/GitHub/VRX_NUMarine/install/share/vrx_gazebo/models:/home/jain/Documents/GitHub/VRX_NUMarine/install/share LD_LIBRARY_PATH=/home/jain/Documents/GitHub/VRX_NUMarine/install/lib:${LD_LIBRARY_PATH} PYTHONPATH=/home/jain/Documents/GitHub/VRX_NUMarine/install/local/lib/python3.10/dist-packages:${PYTHONPATH} /usr/bin/cmake --install /home/jain/Documents/GitHub/VRX_NUMarine/build/wamv_description
