[35m[1mConsolidate compiler generated dependencies of target imu_heading_node[0m
[100%] Built target imu_heading_node
-- Install configuration: ""
-- Installing: /home/rileychron111/Documents/GitHub/VRX_NUMarine/install/lib/imu_heading_pkg/imu_heading_node
-- Set runtime path of "/home/rileychron111/Documents/GitHub/VRX_NUMarine/install/lib/imu_heading_pkg/imu_heading_node" to ""
-- Installing: /home/rileychron111/Documents/GitHub/VRX_NUMarine/install/share/ament_index/resource_index/package_run_dependencies/imu_heading_pkg
-- Installing: /home/rileychron111/Documents/GitHub/VRX_NUMarine/install/share/ament_index/resource_index/parent_prefix_path/imu_heading_pkg
-- Installing: /home/rileychron111/Documents/GitHub/VRX_NUMarine/install/share/imu_heading_pkg/environment/ament_prefix_path.sh
-- Installing: /home/rileychron111/Documents/GitHub/VRX_NUMarine/install/share/imu_heading_pkg/environment/ament_prefix_path.dsv
-- Installing: /home/rileychron111/Documents/GitHub/VRX_NUMarine/install/share/imu_heading_pkg/environment/path.sh
-- Installing: /home/rileychron111/Documents/GitHub/VRX_NUMarine/install/share/imu_heading_pkg/environment/path.dsv
-- Installing: /home/rileychron111/Documents/GitHub/VRX_NUMarine/install/share/imu_heading_pkg/local_setup.bash
-- Installing: /home/rileychron111/Documents/GitHub/VRX_NUMarine/install/share/imu_heading_pkg/local_setup.sh
-- Installing: /home/rileychron111/Documents/GitHub/VRX_NUMarine/install/share/imu_heading_pkg/local_setup.zsh
-- Installing: /home/rileychron111/Documents/GitHub/VRX_NUMarine/install/share/imu_heading_pkg/local_setup.dsv
-- Installing: /home/rileychron111/Documents/GitHub/VRX_NUMarine/install/share/imu_heading_pkg/package.dsv
-- Installing: /home/rileychron111/Documents/GitHub/VRX_NUMarine/install/share/ament_index/resource_index/packages/imu_heading_pkg
-- Installing: /home/rileychron111/Documents/GitHub/VRX_NUMarine/install/share/imu_heading_pkg/cmake/imu_heading_pkgConfig.cmake
-- Installing: /home/rileychron111/Documents/GitHub/VRX_NUMarine/install/share/imu_heading_pkg/cmake/imu_heading_pkgConfig-version.cmake
-- Installing: /home/rileychron111/Documents/GitHub/VRX_NUMarine/install/share/imu_heading_pkg/package.xml
