[0.055s] Invoking command in '/home/jain/Documents/GitHub/VRX_NUMarine/build/my_navigation_pkg': CMAKE_PREFIX_PATH=${CMAKE_PREFIX_PATH}:/opt/ros/humble /usr/bin/cmake --build /home/jain/Documents/GitHub/VRX_NUMarine/build/my_navigation_pkg -- -j8 -l8
[0.211s] [ 33%] Built target gps_to_ned_node
[0.246s] [35m[1mConsolidate compiler generated dependencies of target goal_pose_listener[0m
[0.286s] [ 66%] Built target goal_pose_listener
[0.362s] [100%] Built target pid_controller_node
[0.413s] Invoked command in '/home/jain/Documents/GitHub/VRX_NUMarine/build/my_navigation_pkg' returned '0': CMAKE_PREFIX_PATH=${CMAKE_PREFIX_PATH}:/opt/ros/humble /usr/bin/cmake --build /home/jain/Documents/GitHub/VRX_NUMarine/build/my_navigation_pkg -- -j8 -l8
[0.511s] Invoking command in '/home/jain/Documents/GitHub/VRX_NUMarine/build/my_navigation_pkg': CMAKE_PREFIX_PATH=${CMAKE_PREFIX_PATH}:/opt/ros/humble /usr/bin/cmake --install /home/jain/Documents/GitHub/VRX_NUMarine/build/my_navigation_pkg
[0.528s] -- Install configuration: ""
[0.528s] -- Up-to-date: /home/jain/Documents/GitHub/VRX_NUMarine/install/lib/my_navigation_pkg/gps_to_ned_node
[0.529s] -- Up-to-date: /home/jain/Documents/GitHub/VRX_NUMarine/install/lib/my_navigation_pkg/pid_controller_node
[0.529s] -- Up-to-date: /home/jain/Documents/GitHub/VRX_NUMarine/install/lib/my_navigation_pkg/goal_pose_listener
[0.530s] -- Up-to-date: /home/jain/Documents/GitHub/VRX_NUMarine/install/include/
[0.530s] -- Up-to-date: /home/jain/Documents/GitHub/VRX_NUMarine/install/include//my_navigation_pkg
[0.530s] -- Up-to-date: /home/jain/Documents/GitHub/VRX_NUMarine/install/share/my_navigation_pkg/launch
[0.530s] -- Up-to-date: /home/jain/Documents/GitHub/VRX_NUMarine/install/share/my_navigation_pkg/launch/navigation_launch.py
[0.531s] -- Up-to-date: /home/jain/Documents/GitHub/VRX_NUMarine/install/share/my_navigation_pkg/launch/pid_controller_launch.py
[0.531s] -- Up-to-date: /home/jain/Documents/GitHub/VRX_NUMarine/install/share/my_navigation_pkg/launch/gps_to_ned_launch.py
[0.531s] -- Up-to-date: /home/jain/Documents/GitHub/VRX_NUMarine/install/share/my_navigation_pkg/config
[0.532s] -- Up-to-date: /home/jain/Documents/GitHub/VRX_NUMarine/install/share/my_navigation_pkg/config/mppi_params.yaml
[0.532s] -- Up-to-date: /home/jain/Documents/GitHub/VRX_NUMarine/install/share/my_navigation_pkg/config/nav2_params.yaml
[0.532s] -- Up-to-date: /home/jain/Documents/GitHub/VRX_NUMarine/install/share/ament_index/resource_index/package_run_dependencies/my_navigation_pkg
[0.532s] -- Up-to-date: /home/jain/Documents/GitHub/VRX_NUMarine/install/share/ament_index/resource_index/parent_prefix_path/my_navigation_pkg
[0.532s] -- Up-to-date: /home/jain/Documents/GitHub/VRX_NUMarine/install/share/my_navigation_pkg/environment/ament_prefix_path.sh
[0.532s] -- Up-to-date: /home/jain/Documents/GitHub/VRX_NUMarine/install/share/my_navigation_pkg/environment/ament_prefix_path.dsv
[0.533s] -- Up-to-date: /home/jain/Documents/GitHub/VRX_NUMarine/install/share/my_navigation_pkg/environment/path.sh
[0.533s] -- Up-to-date: /home/jain/Documents/GitHub/VRX_NUMarine/install/share/my_navigation_pkg/environment/path.dsv
[0.533s] -- Up-to-date: /home/jain/Documents/GitHub/VRX_NUMarine/install/share/my_navigation_pkg/local_setup.bash
[0.533s] -- Up-to-date: /home/jain/Documents/GitHub/VRX_NUMarine/install/share/my_navigation_pkg/local_setup.sh
[0.533s] -- Up-to-date: /home/jain/Documents/GitHub/VRX_NUMarine/install/share/my_navigation_pkg/local_setup.zsh
[0.534s] -- Up-to-date: /home/jain/Documents/GitHub/VRX_NUMarine/install/share/my_navigation_pkg/local_setup.dsv
[0.534s] -- Installing: /home/jain/Documents/GitHub/VRX_NUMarine/install/share/my_navigation_pkg/package.dsv
[0.534s] -- Up-to-date: /home/jain/Documents/GitHub/VRX_NUMarine/install/share/ament_index/resource_index/packages/my_navigation_pkg
[0.534s] -- Up-to-date: /home/jain/Documents/GitHub/VRX_NUMarine/install/share/my_navigation_pkg/cmake/my_navigation_pkgConfig.cmake
[0.534s] -- Up-to-date: /home/jain/Documents/GitHub/VRX_NUMarine/install/share/my_navigation_pkg/cmake/my_navigation_pkgConfig-version.cmake
[0.534s] -- Up-to-date: /home/jain/Documents/GitHub/VRX_NUMarine/install/share/my_navigation_pkg/package.xml
[0.537s] Invoked command in '/home/jain/Documents/GitHub/VRX_NUMarine/build/my_navigation_pkg' returned '0': CMAKE_PREFIX_PATH=${CMAKE_PREFIX_PATH}:/opt/ros/humble /usr/bin/cmake --install /home/jain/Documents/GitHub/VRX_NUMarine/build/my_navigation_pkg
