[0.045s] Invoking command in '/home/jain/Documents/GitHub/VRX_NUMarine/build/vrx_gazebo': CMAKE_PREFIX_PATH=${CMAKE_PREFIX_PATH}:/opt/ros/humble /usr/bin/cmake --build /home/jain/Documents/GitHub/VRX_NUMarine/build/vrx_gazebo -- -j8 -l8
[0.185s] Built target ament_cmake_python_copy_vrx_gazebo
[0.797s] running egg_info
[0.798s] writing vrx_gazebo.egg-info/PKG-INFO
[0.799s] writing dependency_links to vrx_gazebo.egg-info/dependency_links.txt
[0.799s] writing top-level names to vrx_gazebo.egg-info/top_level.txt
[0.805s] reading manifest file 'vrx_gazebo.egg-info/SOURCES.txt'
[0.807s] writing manifest file 'vrx_gazebo.egg-info/SOURCES.txt'
[0.877s] Built target ament_cmake_python_build_vrx_gazebo_egg
[0.905s] Invoked command in '/home/jain/Documents/GitHub/VRX_NUMarine/build/vrx_gazebo' returned '0': CMAKE_PREFIX_PATH=${CMAKE_PREFIX_PATH}:/opt/ros/humble /usr/bin/cmake --build /home/jain/Documents/GitHub/VRX_NUMarine/build/vrx_gazebo -- -j8 -l8
[1.026s] Invoking command in '/home/jain/Documents/GitHub/VRX_NUMarine/build/vrx_gazebo': CMAKE_PREFIX_PATH=${CMAKE_PREFIX_PATH}:/opt/ros/humble /usr/bin/cmake --install /home/jain/Documents/GitHub/VRX_NUMarine/build/vrx_gazebo
[1.039s] -- Install configuration: ""
[1.040s] -- Up-to-date: /home/jain/Documents/GitHub/VRX_NUMarine/install/share/vrx_gazebo/environment/resource_paths.dsv
[1.040s] -- Up-to-date: /home/jain/Documents/GitHub/VRX_NUMarine/install/share/vrx_gazebo/environment/resource_paths.sh
[1.040s] -- Up-to-date: /home/jain/Documents/GitHub/VRX_NUMarine/install/share/vrx_gazebo/models
[1.040s] -- Up-to-date: /home/jain/Documents/GitHub/VRX_NUMarine/install/share/vrx_gazebo/models/ball_shooter
[1.041s] -- Up-to-date: /home/jain/Documents/GitHub/VRX_NUMarine/install/share/vrx_gazebo/models/ball_shooter/materials
[1.041s] -- Up-to-date: /home/jain/Documents/GitHub/VRX_NUMarine/install/share/vrx_gazebo/models/ball_shooter/materials/Textures
[1.041s] -- Up-to-date: /home/jain/Documents/GitHub/VRX_NUMarine/install/share/vrx_gazebo/models/ball_shooter/materials/Textures/Launcher_Albedo.png
[1.041s] -- Up-to-date: /home/jain/Documents/GitHub/VRX_NUMarine/install/share/vrx_gazebo/models/ball_shooter/materials/Textures/Launcher_Metalness.png
[1.041s] -- Up-to-date: /home/jain/Documents/GitHub/VRX_NUMarine/install/share/vrx_gazebo/models/ball_shooter/materials/Textures/Launcher_Roughness.png
[1.041s] -- Up-to-date: /home/jain/Documents/GitHub/VRX_NUMarine/install/share/vrx_gazebo/models/ball_shooter/materials/Textures/Launcher_Normal.png
[1.042s] -- Up-to-date: /home/jain/Documents/GitHub/VRX_NUMarine/install/share/vrx_gazebo/models/ball_shooter/model.config
[1.044s] -- Up-to-date: /home/jain/Documents/GitHub/VRX_NUMarine/install/share/vrx_gazebo/models/ball_shooter/meshes
[1.044s] -- Up-to-date: /home/jain/Documents/GitHub/VRX_NUMarine/install/share/vrx_gazebo/models/ball_shooter/meshes/ball_shooter_base.dae
[1.045s] -- Up-to-date: /home/jain/Documents/GitHub/VRX_NUMarine/install/share/vrx_gazebo/models/ball_shooter/meshes/Launcher_Albedo.png
[1.047s] -- Up-to-date: /home/jain/Documents/GitHub/VRX_NUMarine/install/share/vrx_gazebo/models/ball_shooter/meshes/Glass_BaseColor.png
[1.047s] -- Up-to-date: /home/jain/Documents/GitHub/VRX_NUMarine/install/share/vrx_gazebo/models/ball_shooter/meshes/Launcher_BaseColor.png
[1.047s] -- Up-to-date: /home/jain/Documents/GitHub/VRX_NUMarine/install/share/vrx_gazebo/models/ball_shooter/meshes/ball_shooter_launcher.dae
[1.047s] -- Up-to-date: /home/jain/Documents/GitHub/VRX_NUMarine/install/share/vrx_gazebo/models/ball_shooter/model.sdf
[1.047s] -- Up-to-date: /home/jain/Documents/GitHub/VRX_NUMarine/install/share/vrx_gazebo/models/3d_lidar
[1.048s] -- Up-to-date: /home/jain/Documents/GitHub/VRX_NUMarine/install/share/vrx_gazebo/models/3d_lidar/mesh
[1.048s] -- Up-to-date: /home/jain/Documents/GitHub/VRX_NUMarine/install/share/vrx_gazebo/models/3d_lidar/mesh/3d_Lidar_Albedo.png
[1.048s] -- Up-to-date: /home/jain/Documents/GitHub/VRX_NUMarine/install/share/vrx_gazebo/models/3d_lidar/mesh/3d_lidar.dae
[1.048s] -- Up-to-date: /home/jain/Documents/GitHub/VRX_NUMarine/install/share/vrx_gazebo/models/3d_lidar/mesh/3d_Lidar_Metalness.png
[1.048s] -- Up-to-date: /home/jain/Documents/GitHub/VRX_NUMarine/install/share/vrx_gazebo/models/3d_lidar/mesh/3d_Lidar_Normal.png
[1.048s] -- Up-to-date: /home/jain/Documents/GitHub/VRX_NUMarine/install/share/vrx_gazebo/models/3d_lidar/mesh/3d_lidar.png
[1.050s] -- Up-to-date: /home/jain/Documents/GitHub/VRX_NUMarine/install/share/vrx_gazebo/models/3d_lidar/mesh/3d_Lidar_Roughness.png
[1.050s] -- Up-to-date: /home/jain/Documents/GitHub/VRX_NUMarine/install/share/vrx_gazebo/models/3d_lidar/model.config
[1.051s] -- Up-to-date: /home/jain/Documents/GitHub/VRX_NUMarine/install/share/vrx_gazebo/models/3d_lidar/model.sdf
[1.051s] -- Up-to-date: /home/jain/Documents/GitHub/VRX_NUMarine/install/share/vrx_gazebo/models/sensor_post
[1.051s] -- Up-to-date: /home/jain/Documents/GitHub/VRX_NUMarine/install/share/vrx_gazebo/models/sensor_post/mesh
[1.051s] -- Up-to-date: /home/jain/Documents/GitHub/VRX_NUMarine/install/share/vrx_gazebo/models/sensor_post/mesh/sensor_post_arm.dae
[1.051s] -- Up-to-date: /home/jain/Documents/GitHub/VRX_NUMarine/install/share/vrx_gazebo/models/sensor_post/mesh/sensor_post.png
[1.051s] -- Up-to-date: /home/jain/Documents/GitHub/VRX_NUMarine/install/share/vrx_gazebo/models/sensor_post/mesh/sensor_post.dae
[1.052s] -- Up-to-date: /home/jain/Documents/GitHub/VRX_NUMarine/install/share/vrx_gazebo/models/sensor_post/model.config
[1.052s] -- Up-to-date: /home/jain/Documents/GitHub/VRX_NUMarine/install/share/vrx_gazebo/models/sensor_post/model.sdf
[1.052s] -- Up-to-date: /home/jain/Documents/GitHub/VRX_NUMarine/install/share/vrx_gazebo/models/blue_projectile
[1.052s] -- Up-to-date: /home/jain/Documents/GitHub/VRX_NUMarine/install/share/vrx_gazebo/models/blue_projectile/model.config
[1.052s] -- Up-to-date: /home/jain/Documents/GitHub/VRX_NUMarine/install/share/vrx_gazebo/models/blue_projectile/model.sdf
[1.052s] -- Up-to-date: /home/jain/Documents/GitHub/VRX_NUMarine/install/share/vrx_gazebo/models/cpu_cases
[1.053s] -- Up-to-date: /home/jain/Documents/GitHub/VRX_NUMarine/install/share/vrx_gazebo/models/cpu_cases/mesh
[1.053s] -- Up-to-date: /home/jain/Documents/GitHub/VRX_NUMarine/install/share/vrx_gazebo/models/cpu_cases/mesh/cpu_cases_Albedo.png
[1.053s] -- Up-to-date: /home/jain/Documents/GitHub/VRX_NUMarine/install/share/vrx_gazebo/models/cpu_cases/mesh/cpu_cases.dae
[1.053s] -- Up-to-date: /home/jain/Documents/GitHub/VRX_NUMarine/install/share/vrx_gazebo/models/cpu_cases/mesh/cpu_cases_Metalness.png
[1.053s] -- Up-to-date: /home/jain/Documents/GitHub/VRX_NUMarine/install/share/vrx_gazebo/models/cpu_cases/mesh/cpu_cases.png
[1.053s] -- Up-to-date: /home/jain/Documents/GitHub/VRX_NUMarine/install/share/vrx_gazebo/models/cpu_cases/mesh/cpu_cases_Roughness.png
[1.054s] -- Up-to-date: /home/jain/Documents/GitHub/VRX_NUMarine/install/share/vrx_gazebo/models/cpu_cases/mesh/cpu_cases_Normal.png
[1.054s] -- Up-to-date: /home/jain/Documents/GitHub/VRX_NUMarine/install/share/vrx_gazebo/models/cpu_cases/model.config
[1.054s] -- Up-to-date: /home/jain/Documents/GitHub/VRX_NUMarine/install/share/vrx_gazebo/models/cpu_cases/model.sdf
[1.054s] -- Up-to-date: /home/jain/Documents/GitHub/VRX_NUMarine/install/share/vrx_gazebo/models/mono_camera
[1.062s] -- Up-to-date: /home/jain/Documents/GitHub/VRX_NUMarine/install/share/vrx_gazebo/models/mono_camera/mesh
[1.063s] -- Up-to-date: /home/jain/Documents/GitHub/VRX_NUMarine/install/share/vrx_gazebo/models/mono_camera/mesh/mono_camera.png
[1.063s] -- Up-to-date: /home/jain/Documents/GitHub/VRX_NUMarine/install/share/vrx_gazebo/models/mono_camera/mesh/mono_camera.dae
[1.063s] -- Up-to-date: /home/jain/Documents/GitHub/VRX_NUMarine/install/share/vrx_gazebo/models/mono_camera/mesh/mono_camera_Roughness.png
[1.063s] -- Up-to-date: /home/jain/Documents/GitHub/VRX_NUMarine/install/share/vrx_gazebo/models/mono_camera/mesh/mono_camera_Normal.png
[1.063s] -- Up-to-date: /home/jain/Documents/GitHub/VRX_NUMarine/install/share/vrx_gazebo/models/mono_camera/mesh/mono_camera_Albedo.png
[1.063s] -- Up-to-date: /home/jain/Documents/GitHub/VRX_NUMarine/install/share/vrx_gazebo/models/mono_camera/mesh/mono_camera_Metalness.png
[1.064s] -- Up-to-date: /home/jain/Documents/GitHub/VRX_NUMarine/install/share/vrx_gazebo/models/mono_camera/model.config
[1.064s] -- Up-to-date: /home/jain/Documents/GitHub/VRX_NUMarine/install/share/vrx_gazebo/models/mono_camera/model.sdf
[1.064s] -- Up-to-date: /home/jain/Documents/GitHub/VRX_NUMarine/install/share/vrx_gazebo/models/battery
[1.064s] -- Up-to-date: /home/jain/Documents/GitHub/VRX_NUMarine/install/share/vrx_gazebo/models/battery/mesh
[1.064s] -- Up-to-date: /home/jain/Documents/GitHub/VRX_NUMarine/install/share/vrx_gazebo/models/battery/mesh/battery.dae
[1.064s] -- Up-to-date: /home/jain/Documents/GitHub/VRX_NUMarine/install/share/vrx_gazebo/models/battery/mesh/battery_Roughness.png
[1.065s] -- Up-to-date: /home/jain/Documents/GitHub/VRX_NUMarine/install/share/vrx_gazebo/models/battery/mesh/battery_Normal.png
[1.065s] -- Up-to-date: /home/jain/Documents/GitHub/VRX_NUMarine/install/share/vrx_gazebo/models/battery/mesh/battery_Metalness.png
[1.065s] -- Up-to-date: /home/jain/Documents/GitHub/VRX_NUMarine/install/share/vrx_gazebo/models/battery/mesh/battery_Albedo.png
[1.065s] -- Up-to-date: /home/jain/Documents/GitHub/VRX_NUMarine/install/share/vrx_gazebo/models/battery/mesh/battery.png
[1.065s] -- Up-to-date: /home/jain/Documents/GitHub/VRX_NUMarine/install/share/vrx_gazebo/models/battery/model.config
[1.066s] -- Up-to-date: /home/jain/Documents/GitHub/VRX_NUMarine/install/share/vrx_gazebo/models/battery/model.sdf
[1.066s] -- Up-to-date: /home/jain/Documents/GitHub/VRX_NUMarine/install/share/vrx_gazebo/launch
[1.066s] -- Up-to-date: /home/jain/Documents/GitHub/VRX_NUMarine/install/share/vrx_gazebo/launch/generate_wamv.launch.py
[1.066s] -- Up-to-date: /home/jain/Documents/GitHub/VRX_NUMarine/install/share/vrx_gazebo/launch/rviz.launch.py
[1.066s] -- Up-to-date: /home/jain/Documents/GitHub/VRX_NUMarine/install/share/vrx_gazebo/config
[1.066s] -- Up-to-date: /home/jain/Documents/GitHub/VRX_NUMarine/install/share/vrx_gazebo/config/rviz_vrx_rsp.rviz
[1.067s] -- Up-to-date: /home/jain/Documents/GitHub/VRX_NUMarine/install/share/vrx_gazebo/config/wamv_config
[1.067s] -- Up-to-date: /home/jain/Documents/GitHub/VRX_NUMarine/install/share/vrx_gazebo/config/wamv_config/example_thruster_config.yaml
[1.067s] -- Up-to-date: /home/jain/Documents/GitHub/VRX_NUMarine/install/share/vrx_gazebo/config/wamv_config/example_component_config.yaml
[1.067s] -- Up-to-date: /home/jain/Documents/GitHub/VRX_NUMarine/install/share/vrx_gazebo/config/wamv_config/thruster_compliance
[1.072s] -- Up-to-date: /home/jain/Documents/GitHub/VRX_NUMarine/install/share/vrx_gazebo/config/wamv_config/thruster_compliance/bounding_boxes.yaml
[1.073s] -- Up-to-date: /home/jain/Documents/GitHub/VRX_NUMarine/install/share/vrx_gazebo/config/wamv_config/thruster_compliance/numeric.yaml
[1.073s] -- Up-to-date: /home/jain/Documents/GitHub/VRX_NUMarine/install/share/vrx_gazebo/config/wamv_config/component_compliance
[1.073s] -- Up-to-date: /home/jain/Documents/GitHub/VRX_NUMarine/install/share/vrx_gazebo/config/wamv_config/component_compliance/bounding_boxes.yaml
[1.073s] -- Up-to-date: /home/jain/Documents/GitHub/VRX_NUMarine/install/share/vrx_gazebo/config/wamv_config/component_compliance/numeric.yaml
[1.073s] -- Up-to-date: /home/jain/Documents/GitHub/VRX_NUMarine/install/share/vrx_gazebo/config/rviz_vrx_final.rviz
[1.074s] -- Up-to-date: /home/jain/Documents/GitHub/VRX_NUMarine/install/lib/vrx_gazebo/generate_wamv.py
[1.075s] -- Up-to-date: /home/jain/Documents/GitHub/VRX_NUMarine/install/share/vrx_gazebo/environment/pythonpath.sh
[1.075s] -- Up-to-date: /home/jain/Documents/GitHub/VRX_NUMarine/install/share/vrx_gazebo/environment/pythonpath.dsv
[1.075s] -- Up-to-date: /home/jain/Documents/GitHub/VRX_NUMarine/install/local/lib/python3.10/dist-packages/vrx_gazebo-1.3.0-py3.10.egg-info
[1.075s] -- Installing: /home/jain/Documents/GitHub/VRX_NUMarine/install/local/lib/python3.10/dist-packages/vrx_gazebo-1.3.0-py3.10.egg-info/SOURCES.txt
[1.077s] -- Installing: /home/jain/Documents/GitHub/VRX_NUMarine/install/local/lib/python3.10/dist-packages/vrx_gazebo-1.3.0-py3.10.egg-info/dependency_links.txt
[1.077s] -- Installing: /home/jain/Documents/GitHub/VRX_NUMarine/install/local/lib/python3.10/dist-packages/vrx_gazebo-1.3.0-py3.10.egg-info/PKG-INFO
[1.078s] -- Installing: /home/jain/Documents/GitHub/VRX_NUMarine/install/local/lib/python3.10/dist-packages/vrx_gazebo-1.3.0-py3.10.egg-info/top_level.txt
[1.078s] -- Up-to-date: /home/jain/Documents/GitHub/VRX_NUMarine/install/local/lib/python3.10/dist-packages/vrx_gazebo
[1.078s] -- Up-to-date: /home/jain/Documents/GitHub/VRX_NUMarine/install/local/lib/python3.10/dist-packages/vrx_gazebo/__init__.py
[1.078s] -- Up-to-date: /home/jain/Documents/GitHub/VRX_NUMarine/install/local/lib/python3.10/dist-packages/vrx_gazebo/compliance.py
[1.078s] -- Up-to-date: /home/jain/Documents/GitHub/VRX_NUMarine/install/local/lib/python3.10/dist-packages/vrx_gazebo/configure_wamv.py
[1.078s] -- Up-to-date: /home/jain/Documents/GitHub/VRX_NUMarine/install/local/lib/python3.10/dist-packages/vrx_gazebo/utils.py
[1.133s] Listing '/home/jain/Documents/GitHub/VRX_NUMarine/install/local/lib/python3.10/dist-packages/vrx_gazebo'...
[1.145s] -- Up-to-date: /home/jain/Documents/GitHub/VRX_NUMarine/install/share/ament_index/resource_index/package_run_dependencies/vrx_gazebo
[1.145s] -- Up-to-date: /home/jain/Documents/GitHub/VRX_NUMarine/install/share/ament_index/resource_index/parent_prefix_path/vrx_gazebo
[1.146s] -- Up-to-date: /home/jain/Documents/GitHub/VRX_NUMarine/install/share/vrx_gazebo/environment/ament_prefix_path.sh
[1.147s] -- Up-to-date: /home/jain/Documents/GitHub/VRX_NUMarine/install/share/vrx_gazebo/environment/ament_prefix_path.dsv
[1.147s] -- Up-to-date: /home/jain/Documents/GitHub/VRX_NUMarine/install/share/vrx_gazebo/environment/path.sh
[1.147s] -- Up-to-date: /home/jain/Documents/GitHub/VRX_NUMarine/install/share/vrx_gazebo/environment/path.dsv
[1.149s] -- Up-to-date: /home/jain/Documents/GitHub/VRX_NUMarine/install/share/vrx_gazebo/local_setup.bash
[1.149s] -- Up-to-date: /home/jain/Documents/GitHub/VRX_NUMarine/install/share/vrx_gazebo/local_setup.sh
[1.150s] -- Up-to-date: /home/jain/Documents/GitHub/VRX_NUMarine/install/share/vrx_gazebo/local_setup.zsh
[1.150s] -- Up-to-date: /home/jain/Documents/GitHub/VRX_NUMarine/install/share/vrx_gazebo/local_setup.dsv
[1.150s] -- Installing: /home/jain/Documents/GitHub/VRX_NUMarine/install/share/vrx_gazebo/package.dsv
[1.153s] -- Up-to-date: /home/jain/Documents/GitHub/VRX_NUMarine/install/share/ament_index/resource_index/packages/vrx_gazebo
[1.153s] -- Up-to-date: /home/jain/Documents/GitHub/VRX_NUMarine/install/share/vrx_gazebo/cmake/vrx_gazeboConfig.cmake
[1.153s] -- Up-to-date: /home/jain/Documents/GitHub/VRX_NUMarine/install/share/vrx_gazebo/cmake/vrx_gazeboConfig-version.cmake
[1.153s] -- Up-to-date: /home/jain/Documents/GitHub/VRX_NUMarine/install/share/vrx_gazebo/package.xml
[1.159s] Invoked command in '/home/jain/Documents/GitHub/VRX_NUMarine/build/vrx_gazebo' returned '0': CMAKE_PREFIX_PATH=${CMAKE_PREFIX_PATH}:/opt/ros/humble /usr/bin/cmake --install /home/jain/Documents/GitHub/VRX_NUMarine/build/vrx_gazebo
