[35m[1mConsolidate compiler generated dependencies of target velocity_to_pwm_node[0m
[ 50%] [32mBuilding CXX object CMakeFiles/velocity_to_pwm_node.dir/src/velocity_to_pwm_node.cpp.o[0m
[100%] [32m[1mLinking CXX executable velocity_to_pwm_node[0m
[100%] Built target velocity_to_pwm_node
-- Install configuration: ""
-- Installing: /home/numarine/Documents/GitHub/VRX_NUMarine/install/lib/my_velocity_to_pwm/velocity_to_pwm_node
-- Set runtime path of "/home/numarine/Documents/GitHub/VRX_NUMarine/install/lib/my_velocity_to_pwm/velocity_to_pwm_node" to ""
-- Up-to-date: /home/numarine/Documents/GitHub/VRX_NUMarine/install/share/ament_index/resource_index/package_run_dependencies/my_velocity_to_pwm
-- Up-to-date: /home/numarine/Documents/GitHub/VRX_NUMarine/install/share/ament_index/resource_index/parent_prefix_path/my_velocity_to_pwm
-- Up-to-date: /home/numarine/Documents/GitHub/VRX_NUMarine/install/share/my_velocity_to_pwm/environment/ament_prefix_path.sh
-- Up-to-date: /home/numarine/Documents/GitHub/VRX_NUMarine/install/share/my_velocity_to_pwm/environment/ament_prefix_path.dsv
-- Up-to-date: /home/numarine/Documents/GitHub/VRX_NUMarine/install/share/my_velocity_to_pwm/environment/path.sh
-- Up-to-date: /home/numarine/Documents/GitHub/VRX_NUMarine/install/share/my_velocity_to_pwm/environment/path.dsv
-- Up-to-date: /home/numarine/Documents/GitHub/VRX_NUMarine/install/share/my_velocity_to_pwm/local_setup.bash
-- Up-to-date: /home/numarine/Documents/GitHub/VRX_NUMarine/install/share/my_velocity_to_pwm/local_setup.sh
-- Up-to-date: /home/numarine/Documents/GitHub/VRX_NUMarine/install/share/my_velocity_to_pwm/local_setup.zsh
-- Up-to-date: /home/numarine/Documents/GitHub/VRX_NUMarine/install/share/my_velocity_to_pwm/local_setup.dsv
-- Installing: /home/numarine/Documents/GitHub/VRX_NUMarine/install/share/my_velocity_to_pwm/package.dsv
-- Up-to-date: /home/numarine/Documents/GitHub/VRX_NUMarine/install/share/ament_index/resource_index/packages/my_velocity_to_pwm
-- Up-to-date: /home/numarine/Documents/GitHub/VRX_NUMarine/install/share/my_velocity_to_pwm/cmake/my_velocity_to_pwmConfig.cmake
-- Up-to-date: /home/numarine/Documents/GitHub/VRX_NUMarine/install/share/my_velocity_to_pwm/cmake/my_velocity_to_pwmConfig-version.cmake
-- Up-to-date: /home/numarine/Documents/GitHub/VRX_NUMarine/install/share/my_velocity_to_pwm/package.xml
