[0.056s] Invoking command in '/home/numarine/Documents/GitHub/VRX_NUMarine/build/my_velocity_to_pwm': CMAKE_PREFIX_PATH=${CMAKE_PREFIX_PATH}:/opt/ros/humble /usr/bin/cmake --build /home/numarine/Documents/GitHub/VRX_NUMarine/build/my_velocity_to_pwm -- -j12 -l12
[0.139s] [35m[1mConsolidate compiler generated dependencies of target velocity_to_pwm_node[0m
[0.180s] [ 50%] [32mBuilding CXX object CMakeFiles/velocity_to_pwm_node.dir/src/velocity_to_pwm_node.cpp.o[0m
[16.246s] [100%] [32m[1mLinking CXX executable velocity_to_pwm_node[0m
[17.126s] [100%] Built target velocity_to_pwm_node
[17.143s] Invoked command in '/home/numarine/Documents/GitHub/VRX_NUMarine/build/my_velocity_to_pwm' returned '0': CMAKE_PREFIX_PATH=${CMAKE_PREFIX_PATH}:/opt/ros/humble /usr/bin/cmake --build /home/numarine/Documents/GitHub/VRX_NUMarine/build/my_velocity_to_pwm -- -j12 -l12
[17.183s] Invoking command in '/home/numarine/Documents/GitHub/VRX_NUMarine/build/my_velocity_to_pwm': CMAKE_PREFIX_PATH=${CMAKE_PREFIX_PATH}:/opt/ros/humble /usr/bin/cmake --install /home/numarine/Documents/GitHub/VRX_NUMarine/build/my_velocity_to_pwm
[17.194s] -- Install configuration: ""
[17.194s] -- Installing: /home/numarine/Documents/GitHub/VRX_NUMarine/install/lib/my_velocity_to_pwm/velocity_to_pwm_node
[17.202s] -- Set runtime path of "/home/numarine/Documents/GitHub/VRX_NUMarine/install/lib/my_velocity_to_pwm/velocity_to_pwm_node" to ""
[17.202s] -- Up-to-date: /home/numarine/Documents/GitHub/VRX_NUMarine/install/share/ament_index/resource_index/package_run_dependencies/my_velocity_to_pwm
[17.203s] -- Up-to-date: /home/numarine/Documents/GitHub/VRX_NUMarine/install/share/ament_index/resource_index/parent_prefix_path/my_velocity_to_pwm
[17.203s] -- Up-to-date: /home/numarine/Documents/GitHub/VRX_NUMarine/install/share/my_velocity_to_pwm/environment/ament_prefix_path.sh
[17.203s] -- Up-to-date: /home/numarine/Documents/GitHub/VRX_NUMarine/install/share/my_velocity_to_pwm/environment/ament_prefix_path.dsv
[17.203s] -- Up-to-date: /home/numarine/Documents/GitHub/VRX_NUMarine/install/share/my_velocity_to_pwm/environment/path.sh
[17.203s] -- Up-to-date: /home/numarine/Documents/GitHub/VRX_NUMarine/install/share/my_velocity_to_pwm/environment/path.dsv
[17.203s] -- Up-to-date: /home/numarine/Documents/GitHub/VRX_NUMarine/install/share/my_velocity_to_pwm/local_setup.bash
[17.203s] -- Up-to-date: /home/numarine/Documents/GitHub/VRX_NUMarine/install/share/my_velocity_to_pwm/local_setup.sh
[17.203s] -- Up-to-date: /home/numarine/Documents/GitHub/VRX_NUMarine/install/share/my_velocity_to_pwm/local_setup.zsh
[17.203s] -- Up-to-date: /home/numarine/Documents/GitHub/VRX_NUMarine/install/share/my_velocity_to_pwm/local_setup.dsv
[17.204s] -- Installing: /home/numarine/Documents/GitHub/VRX_NUMarine/install/share/my_velocity_to_pwm/package.dsv
[17.204s] -- Up-to-date: /home/numarine/Documents/GitHub/VRX_NUMarine/install/share/ament_index/resource_index/packages/my_velocity_to_pwm
[17.204s] -- Up-to-date: /home/numarine/Documents/GitHub/VRX_NUMarine/install/share/my_velocity_to_pwm/cmake/my_velocity_to_pwmConfig.cmake
[17.204s] -- Up-to-date: /home/numarine/Documents/GitHub/VRX_NUMarine/install/share/my_velocity_to_pwm/cmake/my_velocity_to_pwmConfig-version.cmake
[17.204s] -- Up-to-date: /home/numarine/Documents/GitHub/VRX_NUMarine/install/share/my_velocity_to_pwm/package.xml
[17.207s] Invoked command in '/home/numarine/Documents/GitHub/VRX_NUMarine/build/my_velocity_to_pwm' returned '0': CMAKE_PREFIX_PATH=${CMAKE_PREFIX_PATH}:/opt/ros/humble /usr/bin/cmake --install /home/numarine/Documents/GitHub/VRX_NUMarine/build/my_velocity_to_pwm
