[0.056s] Invoking command in '/home/jain/Documents/GitHub/VRX_NUMarine/build/vrx_gz': CMAKE_PREFIX_PATH=${CMAKE_PREFIX_PATH}:/opt/ros/humble /usr/bin/cmake --build /home/jain/Documents/GitHub/VRX_NUMarine/build/vrx_gz -- -j8 -l8
[0.173s] [  4%] Built target Waves
[0.174s] [  8%] Built target ScoringPlugin
[0.193s] [  8%] Built target ament_cmake_python_copy_vrx_gz
[0.263s] [ 16%] Built target PolyhedraBuoyancyDrag
[0.265s] [ 22%] Built target StationkeepingScoringPlugin
[0.280s] [ 27%] Built target AcousticPingerPlugin
[0.291s] [ 33%] Built target AcousticPerceptionScoringPlugin
[0.299s] [ 37%] Built target BallShooterPlugin
[0.300s] [ 43%] Built target AcousticTrackingScoringPlugin
[0.303s] [ 50%] Built target WayfindingScoringPlugin
[0.338s] [ 54%] Built target LightBuoyPlugin
[0.355s] [ 58%] Built target NavigationScoringPlugin
[0.371s] [ 62%] Built target PerceptionScoringPlugin
[0.387s] [ 66%] Built target GymkhanaScoringPlugin
[0.408s] [ 70%] Built target PublisherPlugin
[0.414s] [ 75%] Built target PlacardPlugin
[0.434s] [ 79%] Built target SimpleHydrodynamics
[0.436s] [ 87%] Built target Surface
[0.436s] [ 87%] Built target ScanDockScoringPlugin
[0.458s] [ 91%] Built target WaveVisual
[0.458s] [ 95%] Built target USVWind
[0.483s] [100%] Built target WildlifeScoringPlugin
[0.928s] running egg_info
[0.929s] writing vrx_gz.egg-info/PKG-INFO
[0.929s] writing dependency_links to vrx_gz.egg-info/dependency_links.txt
[0.930s] writing top-level names to vrx_gz.egg-info/top_level.txt
[0.936s] reading manifest file 'vrx_gz.egg-info/SOURCES.txt'
[0.937s] writing manifest file 'vrx_gz.egg-info/SOURCES.txt'
[1.008s] [100%] Built target ament_cmake_python_build_vrx_gz_egg
[1.036s] Invoked command in '/home/jain/Documents/GitHub/VRX_NUMarine/build/vrx_gz' returned '0': CMAKE_PREFIX_PATH=${CMAKE_PREFIX_PATH}:/opt/ros/humble /usr/bin/cmake --build /home/jain/Documents/GitHub/VRX_NUMarine/build/vrx_gz -- -j8 -l8
[1.184s] Invoking command in '/home/jain/Documents/GitHub/VRX_NUMarine/build/vrx_gz': CMAKE_PREFIX_PATH=${CMAKE_PREFIX_PATH}:/opt/ros/humble /usr/bin/cmake --install /home/jain/Documents/GitHub/VRX_NUMarine/build/vrx_gz
[1.197s] -- Install configuration: ""
[1.197s] -- Up-to-date: /home/jain/Documents/GitHub/VRX_NUMarine/install/share/vrx_gz/environment/resource_paths.dsv
[1.197s] -- Up-to-date: /home/jain/Documents/GitHub/VRX_NUMarine/install/share/vrx_gz/environment/resource_paths.sh
[1.197s] -- Up-to-date: /home/jain/Documents/GitHub/VRX_NUMarine/install/lib/libWaves.so
[1.197s] -- Up-to-date: /home/jain/Documents/GitHub/VRX_NUMarine/install/lib/libPolyhedraBuoyancyDrag.so
[1.198s] -- Up-to-date: /home/jain/Documents/GitHub/VRX_NUMarine/install/lib/libScoringPlugin.so
[1.198s] -- Up-to-date: /home/jain/Documents/GitHub/VRX_NUMarine/install/lib/libStationkeepingScoringPlugin.so
[1.199s] -- Up-to-date: /home/jain/Documents/GitHub/VRX_NUMarine/install/lib/libWayfindingScoringPlugin.so
[1.200s] -- Up-to-date: /home/jain/Documents/GitHub/VRX_NUMarine/install/lib/libAcousticPerceptionScoringPlugin.so
[1.200s] -- Up-to-date: /home/jain/Documents/GitHub/VRX_NUMarine/install/lib/libAcousticTrackingScoringPlugin.so
[1.201s] -- Up-to-date: /home/jain/Documents/GitHub/VRX_NUMarine/install/lib/libAcousticPingerPlugin.so
[1.202s] -- Up-to-date: /home/jain/Documents/GitHub/VRX_NUMarine/install/lib/libBallShooterPlugin.so
[1.202s] -- Up-to-date: /home/jain/Documents/GitHub/VRX_NUMarine/install/lib/libLightBuoyPlugin.so
[1.202s] -- Up-to-date: /home/jain/Documents/GitHub/VRX_NUMarine/install/lib/libNavigationScoringPlugin.so
[1.203s] -- Up-to-date: /home/jain/Documents/GitHub/VRX_NUMarine/install/lib/libGymkhanaScoringPlugin.so
[1.203s] -- Up-to-date: /home/jain/Documents/GitHub/VRX_NUMarine/install/lib/libPerceptionScoringPlugin.so
[1.204s] -- Up-to-date: /home/jain/Documents/GitHub/VRX_NUMarine/install/lib/libPlacardPlugin.so
[1.205s] -- Up-to-date: /home/jain/Documents/GitHub/VRX_NUMarine/install/lib/libPublisherPlugin.so
[1.205s] -- Up-to-date: /home/jain/Documents/GitHub/VRX_NUMarine/install/lib/libScanDockScoringPlugin.so
[1.205s] -- Up-to-date: /home/jain/Documents/GitHub/VRX_NUMarine/install/lib/libSimpleHydrodynamics.so
[1.206s] -- Up-to-date: /home/jain/Documents/GitHub/VRX_NUMarine/install/lib/libSurface.so
[1.206s] -- Up-to-date: /home/jain/Documents/GitHub/VRX_NUMarine/install/lib/libUSVWind.so
[1.208s] -- Up-to-date: /home/jain/Documents/GitHub/VRX_NUMarine/install/lib/libWaveVisual.so
[1.208s] -- Up-to-date: /home/jain/Documents/GitHub/VRX_NUMarine/install/lib/libWildlifeScoringPlugin.so
[1.208s] -- Up-to-date: /home/jain/Documents/GitHub/VRX_NUMarine/install/share/vrx_gz/environment/pythonpath.sh
[1.208s] -- Up-to-date: /home/jain/Documents/GitHub/VRX_NUMarine/install/share/vrx_gz/environment/pythonpath.dsv
[1.209s] -- Up-to-date: /home/jain/Documents/GitHub/VRX_NUMarine/install/local/lib/python3.10/dist-packages/vrx_gz-0.0.0-py3.10.egg-info
[1.209s] -- Installing: /home/jain/Documents/GitHub/VRX_NUMarine/install/local/lib/python3.10/dist-packages/vrx_gz-0.0.0-py3.10.egg-info/SOURCES.txt
[1.209s] -- Installing: /home/jain/Documents/GitHub/VRX_NUMarine/install/local/lib/python3.10/dist-packages/vrx_gz-0.0.0-py3.10.egg-info/dependency_links.txt
[1.209s] -- Installing: /home/jain/Documents/GitHub/VRX_NUMarine/install/local/lib/python3.10/dist-packages/vrx_gz-0.0.0-py3.10.egg-info/PKG-INFO
[1.209s] -- Installing: /home/jain/Documents/GitHub/VRX_NUMarine/install/local/lib/python3.10/dist-packages/vrx_gz-0.0.0-py3.10.egg-info/top_level.txt
[1.209s] -- Up-to-date: /home/jain/Documents/GitHub/VRX_NUMarine/install/local/lib/python3.10/dist-packages/vrx_gz
[1.209s] -- Up-to-date: /home/jain/Documents/GitHub/VRX_NUMarine/install/local/lib/python3.10/dist-packages/vrx_gz/__init__.py
[1.210s] -- Up-to-date: /home/jain/Documents/GitHub/VRX_NUMarine/install/local/lib/python3.10/dist-packages/vrx_gz/bridge.py
[1.210s] -- Up-to-date: /home/jain/Documents/GitHub/VRX_NUMarine/install/local/lib/python3.10/dist-packages/vrx_gz/launch.py
[1.210s] -- Up-to-date: /home/jain/Documents/GitHub/VRX_NUMarine/install/local/lib/python3.10/dist-packages/vrx_gz/bridges.py
[1.210s] -- Up-to-date: /home/jain/Documents/GitHub/VRX_NUMarine/install/local/lib/python3.10/dist-packages/vrx_gz/payload_bridges.py
[1.210s] -- Up-to-date: /home/jain/Documents/GitHub/VRX_NUMarine/install/local/lib/python3.10/dist-packages/vrx_gz/model.py
[1.266s] Listing '/home/jain/Documents/GitHub/VRX_NUMarine/install/local/lib/python3.10/dist-packages/vrx_gz'...
[1.278s] -- Up-to-date: /home/jain/Documents/GitHub/VRX_NUMarine/install/share/vrx_gz/config
[1.278s] -- Up-to-date: /home/jain/Documents/GitHub/VRX_NUMarine/install/share/vrx_gz/config/roboboat.yaml
[1.278s] -- Up-to-date: /home/jain/Documents/GitHub/VRX_NUMarine/install/share/vrx_gz/config/wamv.yaml
[1.279s] -- Up-to-date: /home/jain/Documents/GitHub/VRX_NUMarine/install/share/vrx_gz/launch
[1.279s] -- Up-to-date: /home/jain/Documents/GitHub/VRX_NUMarine/install/share/vrx_gz/launch/spawn.launch.py
[1.279s] -- Up-to-date: /home/jain/Documents/GitHub/VRX_NUMarine/install/share/vrx_gz/launch/vrx_environment.launch.py
[1.279s] -- Up-to-date: /home/jain/Documents/GitHub/VRX_NUMarine/install/share/vrx_gz/launch/competition.launch.py
[1.280s] -- Up-to-date: /home/jain/Documents/GitHub/VRX_NUMarine/install/share/vrx_gz/launch/spawn_config.launch.py
[1.280s] -- Up-to-date: /home/jain/Documents/GitHub/VRX_NUMarine/install/share/vrx_gz/launch/usv_joy_teleop.py
[1.280s] -- Up-to-date: /home/jain/Documents/GitHub/VRX_NUMarine/install/share/vrx_gz/models
[1.280s] -- Up-to-date: /home/jain/Documents/GitHub/VRX_NUMarine/install/share/vrx_gz/models/robotx_light_buoy_rgb
[1.280s] -- Up-to-date: /home/jain/Documents/GitHub/VRX_NUMarine/install/share/vrx_gz/models/robotx_light_buoy_rgb/mesh
[1.281s] -- Up-to-date: /home/jain/Documents/GitHub/VRX_NUMarine/install/share/vrx_gz/models/robotx_light_buoy_rgb/mesh/LightTower_Normal.png
[1.281s] -- Up-to-date: /home/jain/Documents/GitHub/VRX_NUMarine/install/share/vrx_gz/models/robotx_light_buoy_rgb/mesh/LightTower_Roughness.png
[1.281s] -- Up-to-date: /home/jain/Documents/GitHub/VRX_NUMarine/install/share/vrx_gz/models/robotx_light_buoy_rgb/mesh/LightTower_Albedo.png
[1.281s] -- Up-to-date: /home/jain/Documents/GitHub/VRX_NUMarine/install/share/vrx_gz/models/robotx_light_buoy_rgb/mesh/LightTower_Metalness.png
[1.281s] -- Up-to-date: /home/jain/Documents/GitHub/VRX_NUMarine/install/share/vrx_gz/models/robotx_light_buoy_rgb/mesh/robotx_light_buoy.dae
[1.281s] -- Up-to-date: /home/jain/Documents/GitHub/VRX_NUMarine/install/share/vrx_gz/models/robotx_light_buoy_rgb/mesh/LightTower_Opacity.png
[1.282s] -- Up-to-date: /home/jain/Documents/GitHub/VRX_NUMarine/install/share/vrx_gz/models/robotx_light_buoy_rgb/model.config
[1.282s] -- Up-to-date: /home/jain/Documents/GitHub/VRX_NUMarine/install/share/vrx_gz/models/robotx_light_buoy_rgb/model.sdf
[1.282s] -- Up-to-date: /home/jain/Documents/GitHub/VRX_NUMarine/install/share/vrx_gz/models/short_navigation_course_4
[1.282s] -- Up-to-date: /home/jain/Documents/GitHub/VRX_NUMarine/install/share/vrx_gz/models/short_navigation_course_4/model.config
[1.282s] -- Up-to-date: /home/jain/Documents/GitHub/VRX_NUMarine/install/share/vrx_gz/models/short_navigation_course_4/model.sdf
[1.282s] -- Up-to-date: /home/jain/Documents/GitHub/VRX_NUMarine/install/share/vrx_gz/models/roboboat_cpubox
[1.283s] -- Up-to-date: /home/jain/Documents/GitHub/VRX_NUMarine/install/share/vrx_gz/models/roboboat_cpubox/materials
[1.283s] -- Up-to-date: /home/jain/Documents/GitHub/VRX_NUMarine/install/share/vrx_gz/models/roboboat_cpubox/materials/textures
[1.283s] -- Up-to-date: /home/jain/Documents/GitHub/VRX_NUMarine/install/share/vrx_gz/models/roboboat_cpubox/materials/textures/DryBox_Albedo.png
[1.283s] -- Up-to-date: /home/jain/Documents/GitHub/VRX_NUMarine/install/share/vrx_gz/models/roboboat_cpubox/materials/textures/DryBox_Roughness.png
[1.283s] -- Up-to-date: /home/jain/Documents/GitHub/VRX_NUMarine/install/share/vrx_gz/models/roboboat_cpubox/model.config
[1.284s] -- Up-to-date: /home/jain/Documents/GitHub/VRX_NUMarine/install/share/vrx_gz/models/roboboat_cpubox/meshes
[1.284s] -- Up-to-date: /home/jain/Documents/GitHub/VRX_NUMarine/install/share/vrx_gz/models/roboboat_cpubox/meshes/drybox.dae
[1.284s] -- Up-to-date: /home/jain/Documents/GitHub/VRX_NUMarine/install/share/vrx_gz/models/roboboat_cpubox/model.sdf
[1.285s] -- Up-to-date: /home/jain/Documents/GitHub/VRX_NUMarine/install/share/vrx_gz/models/short_navigation_course_1
[1.285s] -- Up-to-date: /home/jain/Documents/GitHub/VRX_NUMarine/install/share/vrx_gz/models/short_navigation_course_1/model.config
[1.285s] -- Up-to-date: /home/jain/Documents/GitHub/VRX_NUMarine/install/share/vrx_gz/models/short_navigation_course_1/model.sdf
[1.286s] -- Up-to-date: /home/jain/Documents/GitHub/VRX_NUMarine/install/share/vrx_gz/models/short_course_2023_phase3_2
[1.286s] -- Up-to-date: /home/jain/Documents/GitHub/VRX_NUMarine/install/share/vrx_gz/models/short_course_2023_phase3_2/model.config
[1.286s] -- Up-to-date: /home/jain/Documents/GitHub/VRX_NUMarine/install/share/vrx_gz/models/short_course_2023_phase3_2/model.sdf
[1.287s] -- Up-to-date: /home/jain/Documents/GitHub/VRX_NUMarine/install/share/vrx_gz/models/tent
[1.287s] -- Up-to-date: /home/jain/Documents/GitHub/VRX_NUMarine/install/share/vrx_gz/models/tent/thumbnails
[1.288s] -- Up-to-date: /home/jain/Documents/GitHub/VRX_NUMarine/install/share/vrx_gz/models/tent/thumbnails/1.png
[1.288s] -- Up-to-date: /home/jain/Documents/GitHub/VRX_NUMarine/install/share/vrx_gz/models/tent/thumbnails/2.png
[1.288s] -- Up-to-date: /home/jain/Documents/GitHub/VRX_NUMarine/install/share/vrx_gz/models/tent/thumbnails/3.png
[1.289s] -- Up-to-date: /home/jain/Documents/GitHub/VRX_NUMarine/install/share/vrx_gz/models/tent/thumbnails/4.png
[1.289s] -- Up-to-date: /home/jain/Documents/GitHub/VRX_NUMarine/install/share/vrx_gz/models/tent/thumbnails/5.png
[1.289s] -- Up-to-date: /home/jain/Documents/GitHub/VRX_NUMarine/install/share/vrx_gz/models/tent/mesh
[1.289s] -- Up-to-date: /home/jain/Documents/GitHub/VRX_NUMarine/install/share/vrx_gz/models/tent/mesh/tent.dae
[1.290s] -- Up-to-date: /home/jain/Documents/GitHub/VRX_NUMarine/install/share/vrx_gz/models/tent/mesh/tent.png
[1.290s] -- Up-to-date: /home/jain/Documents/GitHub/VRX_NUMarine/install/share/vrx_gz/models/tent/model.config
[1.290s] -- Up-to-date: /home/jain/Documents/GitHub/VRX_NUMarine/install/share/vrx_gz/models/tent/model.sdf
[1.291s] -- Up-to-date: /home/jain/Documents/GitHub/VRX_NUMarine/install/share/vrx_gz/models/roboboat01
[1.291s] -- Up-to-date: /home/jain/Documents/GitHub/VRX_NUMarine/install/share/vrx_gz/models/roboboat01/materials
[1.291s] -- Up-to-date: /home/jain/Documents/GitHub/VRX_NUMarine/install/share/vrx_gz/models/roboboat01/materials/scripts
[1.292s] -- Up-to-date: /home/jain/Documents/GitHub/VRX_NUMarine/install/share/vrx_gz/models/roboboat01/materials/scripts/model.material
[1.292s] -- Up-to-date: /home/jain/Documents/GitHub/VRX_NUMarine/install/share/vrx_gz/models/roboboat01/materials/textures
[1.292s] -- Up-to-date: /home/jain/Documents/GitHub/VRX_NUMarine/install/share/vrx_gz/models/roboboat01/materials/textures/Boat01_Albedo.png
[1.292s] -- Up-to-date: /home/jain/Documents/GitHub/VRX_NUMarine/install/share/vrx_gz/models/roboboat01/materials/textures/Boat01_Normal.png
[1.293s] -- Up-to-date: /home/jain/Documents/GitHub/VRX_NUMarine/install/share/vrx_gz/models/roboboat01/materials/textures/Thruster_Roughness.png
[1.293s] -- Up-to-date: /home/jain/Documents/GitHub/VRX_NUMarine/install/share/vrx_gz/models/roboboat01/materials/textures/Thruster_Albedo.png
[1.293s] -- Up-to-date: /home/jain/Documents/GitHub/VRX_NUMarine/install/share/vrx_gz/models/roboboat01/materials/textures/Boat01_Metallic.png
[1.293s] -- Up-to-date: /home/jain/Documents/GitHub/VRX_NUMarine/install/share/vrx_gz/models/roboboat01/materials/textures/Boat01_Roughness.png
[1.294s] -- Up-to-date: /home/jain/Documents/GitHub/VRX_NUMarine/install/share/vrx_gz/models/roboboat01/model.config
[1.294s] -- Up-to-date: /home/jain/Documents/GitHub/VRX_NUMarine/install/share/vrx_gz/models/roboboat01/meshes
[1.294s] -- Up-to-date: /home/jain/Documents/GitHub/VRX_NUMarine/install/share/vrx_gz/models/roboboat01/meshes/prop.dae
[1.294s] -- Up-to-date: /home/jain/Documents/GitHub/VRX_NUMarine/install/share/vrx_gz/models/roboboat01/meshes/mount.dae
[1.294s] -- Up-to-date: /home/jain/Documents/GitHub/VRX_NUMarine/install/share/vrx_gz/models/roboboat01/meshes/housing.dae
[1.295s] -- Up-to-date: /home/jain/Documents/GitHub/VRX_NUMarine/install/share/vrx_gz/models/roboboat01/meshes/roboboat01.dae
[1.295s] -- Up-to-date: /home/jain/Documents/GitHub/VRX_NUMarine/install/share/vrx_gz/models/roboboat01/model.sdf
[1.295s] -- Up-to-date: /home/jain/Documents/GitHub/VRX_NUMarine/install/share/vrx_gz/models/mb_round_buoy_black
[1.295s] -- Up-to-date: /home/jain/Documents/GitHub/VRX_NUMarine/install/share/vrx_gz/models/mb_round_buoy_black/thumbnails
[1.296s] -- Up-to-date: /home/jain/Documents/GitHub/VRX_NUMarine/install/share/vrx_gz/models/mb_round_buoy_black/thumbnails/1.png
[1.296s] -- Up-to-date: /home/jain/Documents/GitHub/VRX_NUMarine/install/share/vrx_gz/models/mb_round_buoy_black/thumbnails/2.png
[1.296s] -- Up-to-date: /home/jain/Documents/GitHub/VRX_NUMarine/install/share/vrx_gz/models/mb_round_buoy_black/thumbnails/3.png
[1.296s] -- Up-to-date: /home/jain/Documents/GitHub/VRX_NUMarine/install/share/vrx_gz/models/mb_round_buoy_black/thumbnails/4.png
[1.296s] -- Up-to-date: /home/jain/Documents/GitHub/VRX_NUMarine/install/share/vrx_gz/models/mb_round_buoy_black/thumbnails/5.png
[1.297s] -- Up-to-date: /home/jain/Documents/GitHub/VRX_NUMarine/install/share/vrx_gz/models/mb_round_buoy_black/model.config
[1.297s] -- Up-to-date: /home/jain/Documents/GitHub/VRX_NUMarine/install/share/vrx_gz/models/mb_round_buoy_black/model.sdf
[1.297s] -- Up-to-date: /home/jain/Documents/GitHub/VRX_NUMarine/install/share/vrx_gz/models/platform
[1.297s] -- Up-to-date: /home/jain/Documents/GitHub/VRX_NUMarine/install/share/vrx_gz/models/platform/model.config
[1.297s] -- Up-to-date: /home/jain/Documents/GitHub/VRX_NUMarine/install/share/vrx_gz/models/platform/model.sdf
[1.298s] -- Up-to-date: /home/jain/Documents/GitHub/VRX_NUMarine/install/share/vrx_gz/models/sydney_regatta
[1.298s] -- Up-to-date: /home/jain/Documents/GitHub/VRX_NUMarine/install/share/vrx_gz/models/sydney_regatta/materials
[1.298s] -- Up-to-date: /home/jain/Documents/GitHub/VRX_NUMarine/install/share/vrx_gz/models/sydney_regatta/materials/textures
[1.298s] -- Up-to-date: /home/jain/Documents/GitHub/VRX_NUMarine/install/share/vrx_gz/models/sydney_regatta/materials/textures/RoofCorrugated.png
[1.298s] -- Up-to-date: /home/jain/Documents/GitHub/VRX_NUMarine/install/share/vrx_gz/models/sydney_regatta/materials/textures/Windows_Dark.png
[1.298s] -- Up-to-date: /home/jain/Documents/GitHub/VRX_NUMarine/install/share/vrx_gz/models/sydney_regatta/materials/textures/Dock.png
[1.298s] -- Up-to-date: /home/jain/Documents/GitHub/VRX_NUMarine/install/share/vrx_gz/models/sydney_regatta/materials/textures/Terrain.png
[1.299s] -- Up-to-date: /home/jain/Documents/GitHub/VRX_NUMarine/install/share/vrx_gz/models/sydney_regatta/materials/textures/MetalGalvanized.png
[1.299s] -- Up-to-date: /home/jain/Documents/GitHub/VRX_NUMarine/install/share/vrx_gz/models/sydney_regatta/materials/textures/Wall_05.png
[1.299s] -- Up-to-date: /home/jain/Documents/GitHub/VRX_NUMarine/install/share/vrx_gz/models/sydney_regatta/materials/textures/DockDark.png
[1.299s] -- Up-to-date: /home/jain/Documents/GitHub/VRX_NUMarine/install/share/vrx_gz/models/sydney_regatta/materials/textures/TreeDiffuse.png
[1.299s] -- Up-to-date: /home/jain/Documents/GitHub/VRX_NUMarine/install/share/vrx_gz/models/sydney_regatta/thumbnails
[1.299s] -- Up-to-date: /home/jain/Documents/GitHub/VRX_NUMarine/install/share/vrx_gz/models/sydney_regatta/thumbnails/1.png
[1.299s] -- Up-to-date: /home/jain/Documents/GitHub/VRX_NUMarine/install/share/vrx_gz/models/sydney_regatta/thumbnails/2.png
[1.300s] -- Up-to-date: /home/jain/Documents/GitHub/VRX_NUMarine/install/share/vrx_gz/models/sydney_regatta/thumbnails/3.png
[1.300s] -- Up-to-date: /home/jain/Documents/GitHub/VRX_NUMarine/install/share/vrx_gz/models/sydney_regatta/thumbnails/4.png
[1.300s] -- Up-to-date: /home/jain/Documents/GitHub/VRX_NUMarine/install/share/vrx_gz/models/sydney_regatta/thumbnails/5.png
[1.300s] -- Up-to-date: /home/jain/Documents/GitHub/VRX_NUMarine/install/share/vrx_gz/models/sydney_regatta/model.config
[1.301s] -- Up-to-date: /home/jain/Documents/GitHub/VRX_NUMarine/install/share/vrx_gz/models/sydney_regatta/meshes
[1.301s] -- Up-to-date: /home/jain/Documents/GitHub/VRX_NUMarine/install/share/vrx_gz/models/sydney_regatta/meshes/sydney_regatta.dae
[1.302s] -- Up-to-date: /home/jain/Documents/GitHub/VRX_NUMarine/install/share/vrx_gz/models/sydney_regatta/meshes/sydney_regatta_shore.dae
[1.302s] -- Up-to-date: /home/jain/Documents/GitHub/VRX_NUMarine/install/share/vrx_gz/models/sydney_regatta/model.sdf
[1.302s] -- Up-to-date: /home/jain/Documents/GitHub/VRX_NUMarine/install/share/vrx_gz/models/antenna
[1.302s] -- Up-to-date: /home/jain/Documents/GitHub/VRX_NUMarine/install/share/vrx_gz/models/antenna/thumbnails
[1.302s] -- Up-to-date: /home/jain/Documents/GitHub/VRX_NUMarine/install/share/vrx_gz/models/antenna/thumbnails/1.png
[1.302s] -- Up-to-date: /home/jain/Documents/GitHub/VRX_NUMarine/install/share/vrx_gz/models/antenna/thumbnails/2.png
[1.303s] -- Up-to-date: /home/jain/Documents/GitHub/VRX_NUMarine/install/share/vrx_gz/models/antenna/thumbnails/3.png
[1.303s] -- Up-to-date: /home/jain/Documents/GitHub/VRX_NUMarine/install/share/vrx_gz/models/antenna/thumbnails/4.png
[1.303s] -- Up-to-date: /home/jain/Documents/GitHub/VRX_NUMarine/install/share/vrx_gz/models/antenna/thumbnails/5.png
[1.303s] -- Up-to-date: /home/jain/Documents/GitHub/VRX_NUMarine/install/share/vrx_gz/models/antenna/model.config
[1.303s] -- Up-to-date: /home/jain/Documents/GitHub/VRX_NUMarine/install/share/vrx_gz/models/antenna/meshes
[1.303s] -- Up-to-date: /home/jain/Documents/GitHub/VRX_NUMarine/install/share/vrx_gz/models/antenna/meshes/antenna.png
[1.304s] -- Up-to-date: /home/jain/Documents/GitHub/VRX_NUMarine/install/share/vrx_gz/models/antenna/meshes/antenna.dae
[1.304s] -- Up-to-date: /home/jain/Documents/GitHub/VRX_NUMarine/install/share/vrx_gz/models/antenna/model.sdf
[1.304s] -- Up-to-date: /home/jain/Documents/GitHub/VRX_NUMarine/install/share/vrx_gz/models/mb_marker_buoy_red
[1.304s] -- Up-to-date: /home/jain/Documents/GitHub/VRX_NUMarine/install/share/vrx_gz/models/mb_marker_buoy_red/materials
[1.304s] -- Up-to-date: /home/jain/Documents/GitHub/VRX_NUMarine/install/share/vrx_gz/models/mb_marker_buoy_red/materials/textures
[1.304s] -- Up-to-date: /home/jain/Documents/GitHub/VRX_NUMarine/install/share/vrx_gz/models/mb_marker_buoy_red/materials/textures/MarkerBuoy_Roughness.png
[1.305s] -- Up-to-date: /home/jain/Documents/GitHub/VRX_NUMarine/install/share/vrx_gz/models/mb_marker_buoy_red/materials/textures/MarkerBuoy_Base_Color.png
[1.305s] -- Up-to-date: /home/jain/Documents/GitHub/VRX_NUMarine/install/share/vrx_gz/models/mb_marker_buoy_red/thumbnails
[1.305s] -- Up-to-date: /home/jain/Documents/GitHub/VRX_NUMarine/install/share/vrx_gz/models/mb_marker_buoy_red/thumbnails/1.png
[1.306s] -- Up-to-date: /home/jain/Documents/GitHub/VRX_NUMarine/install/share/vrx_gz/models/mb_marker_buoy_red/thumbnails/2.png
[1.306s] -- Up-to-date: /home/jain/Documents/GitHub/VRX_NUMarine/install/share/vrx_gz/models/mb_marker_buoy_red/thumbnails/3.png
[1.307s] -- Up-to-date: /home/jain/Documents/GitHub/VRX_NUMarine/install/share/vrx_gz/models/mb_marker_buoy_red/thumbnails/4.png
[1.307s] -- Up-to-date: /home/jain/Documents/GitHub/VRX_NUMarine/install/share/vrx_gz/models/mb_marker_buoy_red/thumbnails/5.png
[1.307s] -- Up-to-date: /home/jain/Documents/GitHub/VRX_NUMarine/install/share/vrx_gz/models/mb_marker_buoy_red/model.config
[1.307s] -- Up-to-date: /home/jain/Documents/GitHub/VRX_NUMarine/install/share/vrx_gz/models/mb_marker_buoy_red/meshes
[1.308s] -- Up-to-date: /home/jain/Documents/GitHub/VRX_NUMarine/install/share/vrx_gz/models/mb_marker_buoy_red/meshes/mb_marker_buoy.dae
[1.308s] -- Up-to-date: /home/jain/Documents/GitHub/VRX_NUMarine/install/share/vrx_gz/models/mb_marker_buoy_red/model.sdf
[1.309s] -- Up-to-date: /home/jain/Documents/GitHub/VRX_NUMarine/install/share/vrx_gz/models/dock_2022_base
[1.309s] -- Up-to-date: /home/jain/Documents/GitHub/VRX_NUMarine/install/share/vrx_gz/models/dock_2022_base/model.config
[1.309s] -- Up-to-date: /home/jain/Documents/GitHub/VRX_NUMarine/install/share/vrx_gz/models/dock_2022_base/model.sdf
[1.309s] -- Up-to-date: /home/jain/Documents/GitHub/VRX_NUMarine/install/share/vrx_gz/models/mb_marker_buoy_black
[1.309s] -- Up-to-date: /home/jain/Documents/GitHub/VRX_NUMarine/install/share/vrx_gz/models/mb_marker_buoy_black/thumbnails
[1.309s] -- Up-to-date: /home/jain/Documents/GitHub/VRX_NUMarine/install/share/vrx_gz/models/mb_marker_buoy_black/thumbnails/1.png
[1.310s] -- Up-to-date: /home/jain/Documents/GitHub/VRX_NUMarine/install/share/vrx_gz/models/mb_marker_buoy_black/thumbnails/2.png
[1.310s] -- Up-to-date: /home/jain/Documents/GitHub/VRX_NUMarine/install/share/vrx_gz/models/mb_marker_buoy_black/thumbnails/3.png
[1.310s] -- Up-to-date: /home/jain/Documents/GitHub/VRX_NUMarine/install/share/vrx_gz/models/mb_marker_buoy_black/thumbnails/4.png
[1.310s] -- Up-to-date: /home/jain/Documents/GitHub/VRX_NUMarine/install/share/vrx_gz/models/mb_marker_buoy_black/thumbnails/5.png
[1.311s] -- Up-to-date: /home/jain/Documents/GitHub/VRX_NUMarine/install/share/vrx_gz/models/mb_marker_buoy_black/model.config
[1.311s] -- Up-to-date: /home/jain/Documents/GitHub/VRX_NUMarine/install/share/vrx_gz/models/mb_marker_buoy_black/model.sdf
[1.311s] -- Up-to-date: /home/jain/Documents/GitHub/VRX_NUMarine/install/share/vrx_gz/models/robotx_light_buoy_rbg
[1.311s] -- Up-to-date: /home/jain/Documents/GitHub/VRX_NUMarine/install/share/vrx_gz/models/robotx_light_buoy_rbg/model.config
[1.313s] -- Up-to-date: /home/jain/Documents/GitHub/VRX_NUMarine/install/share/vrx_gz/models/robotx_light_buoy_rbg/model.sdf
[1.313s] -- Up-to-date: /home/jain/Documents/GitHub/VRX_NUMarine/install/share/vrx_gz/models/roboboat02
[1.313s] -- Up-to-date: /home/jain/Documents/GitHub/VRX_NUMarine/install/share/vrx_gz/models/roboboat02/materials
[1.315s] -- Up-to-date: /home/jain/Documents/GitHub/VRX_NUMarine/install/share/vrx_gz/models/roboboat02/materials/scripts
[1.315s] -- Up-to-date: /home/jain/Documents/GitHub/VRX_NUMarine/install/share/vrx_gz/models/roboboat02/materials/scripts/model.material
[1.315s] -- Up-to-date: /home/jain/Documents/GitHub/VRX_NUMarine/install/share/vrx_gz/models/roboboat02/materials/textures
[1.315s] -- Up-to-date: /home/jain/Documents/GitHub/VRX_NUMarine/install/share/vrx_gz/models/roboboat02/materials/textures/Boat02_Albedo.png
[1.316s] -- Up-to-date: /home/jain/Documents/GitHub/VRX_NUMarine/install/share/vrx_gz/models/roboboat02/materials/textures/Boat02_Roughness.png
[1.316s] -- Up-to-date: /home/jain/Documents/GitHub/VRX_NUMarine/install/share/vrx_gz/models/roboboat02/materials/textures/Boat02_Normal.png
[1.316s] -- Up-to-date: /home/jain/Documents/GitHub/VRX_NUMarine/install/share/vrx_gz/models/roboboat02/materials/textures/Boat02_Metallic.png
[1.316s] -- Up-to-date: /home/jain/Documents/GitHub/VRX_NUMarine/install/share/vrx_gz/models/roboboat02/model.config
[1.316s] -- Up-to-date: /home/jain/Documents/GitHub/VRX_NUMarine/install/share/vrx_gz/models/roboboat02/meshes
[1.317s] -- Up-to-date: /home/jain/Documents/GitHub/VRX_NUMarine/install/share/vrx_gz/models/roboboat02/meshes/roboboat02.dae
[1.317s] -- Up-to-date: /home/jain/Documents/GitHub/VRX_NUMarine/install/share/vrx_gz/models/roboboat02/model.sdf
[1.317s] -- Up-to-date: /home/jain/Documents/GitHub/VRX_NUMarine/install/share/vrx_gz/models/entrance_exit
[1.317s] -- Up-to-date: /home/jain/Documents/GitHub/VRX_NUMarine/install/share/vrx_gz/models/entrance_exit/model.config
[1.317s] -- Up-to-date: /home/jain/Documents/GitHub/VRX_NUMarine/install/share/vrx_gz/models/entrance_exit/model.sdf
[1.318s] -- Up-to-date: /home/jain/Documents/GitHub/VRX_NUMarine/install/share/vrx_gz/models/short_course_2023_phase3_1
[1.318s] -- Up-to-date: /home/jain/Documents/GitHub/VRX_NUMarine/install/share/vrx_gz/models/short_course_2023_phase3_1/model.config
[1.319s] -- Up-to-date: /home/jain/Documents/GitHub/VRX_NUMarine/install/share/vrx_gz/models/short_course_2023_phase3_1/model.sdf
[1.319s] -- Up-to-date: /home/jain/Documents/GitHub/VRX_NUMarine/install/share/vrx_gz/models/robotx_light_buoy_ybr
[1.320s] -- Up-to-date: /home/jain/Documents/GitHub/VRX_NUMarine/install/share/vrx_gz/models/robotx_light_buoy_ybr/model.config
[1.321s] -- Up-to-date: /home/jain/Documents/GitHub/VRX_NUMarine/install/share/vrx_gz/models/robotx_light_buoy_ybr/model.sdf
[1.321s] -- Up-to-date: /home/jain/Documents/GitHub/VRX_NUMarine/install/share/vrx_gz/models/robotx_light_buoy_ygb
[1.322s] -- Up-to-date: /home/jain/Documents/GitHub/VRX_NUMarine/install/share/vrx_gz/models/robotx_light_buoy_ygb/model.config
[1.322s] -- Up-to-date: /home/jain/Documents/GitHub/VRX_NUMarine/install/share/vrx_gz/models/robotx_light_buoy_ygb/model.sdf
[1.322s] -- Up-to-date: /home/jain/Documents/GitHub/VRX_NUMarine/install/share/vrx_gz/models/mb_marker_buoy_green
[1.323s] -- Up-to-date: /home/jain/Documents/GitHub/VRX_NUMarine/install/share/vrx_gz/models/mb_marker_buoy_green/thumbnails
[1.323s] -- Up-to-date: /home/jain/Documents/GitHub/VRX_NUMarine/install/share/vrx_gz/models/mb_marker_buoy_green/thumbnails/1.png
[1.324s] -- Up-to-date: /home/jain/Documents/GitHub/VRX_NUMarine/install/share/vrx_gz/models/mb_marker_buoy_green/thumbnails/2.png
[1.324s] -- Up-to-date: /home/jain/Documents/GitHub/VRX_NUMarine/install/share/vrx_gz/models/mb_marker_buoy_green/thumbnails/3.png
[1.324s] -- Up-to-date: /home/jain/Documents/GitHub/VRX_NUMarine/install/share/vrx_gz/models/mb_marker_buoy_green/thumbnails/4.png
[1.325s] -- Up-to-date: /home/jain/Documents/GitHub/VRX_NUMarine/install/share/vrx_gz/models/mb_marker_buoy_green/thumbnails/5.png
[1.325s] -- Up-to-date: /home/jain/Documents/GitHub/VRX_NUMarine/install/share/vrx_gz/models/mb_marker_buoy_green/model.config
[1.325s] -- Up-to-date: /home/jain/Documents/GitHub/VRX_NUMarine/install/share/vrx_gz/models/mb_marker_buoy_green/model.sdf
[1.326s] -- Up-to-date: /home/jain/Documents/GitHub/VRX_NUMarine/install/share/vrx_gz/models/robotx_light_buoy_bgr
[1.326s] -- Up-to-date: /home/jain/Documents/GitHub/VRX_NUMarine/install/share/vrx_gz/models/robotx_light_buoy_bgr/model.config
[1.326s] -- Up-to-date: /home/jain/Documents/GitHub/VRX_NUMarine/install/share/vrx_gz/models/robotx_light_buoy_bgr/model.sdf
[1.326s] -- Up-to-date: /home/jain/Documents/GitHub/VRX_NUMarine/install/share/vrx_gz/models/mb_marker_buoy_white
[1.327s] -- Up-to-date: /home/jain/Documents/GitHub/VRX_NUMarine/install/share/vrx_gz/models/mb_marker_buoy_white/thumbnails
[1.327s] -- Up-to-date: /home/jain/Documents/GitHub/VRX_NUMarine/install/share/vrx_gz/models/mb_marker_buoy_white/thumbnails/1.png
[1.327s] -- Up-to-date: /home/jain/Documents/GitHub/VRX_NUMarine/install/share/vrx_gz/models/mb_marker_buoy_white/thumbnails/2.png
[1.327s] -- Up-to-date: /home/jain/Documents/GitHub/VRX_NUMarine/install/share/vrx_gz/models/mb_marker_buoy_white/thumbnails/3.png
[1.328s] -- Up-to-date: /home/jain/Documents/GitHub/VRX_NUMarine/install/share/vrx_gz/models/mb_marker_buoy_white/thumbnails/4.png
[1.328s] -- Up-to-date: /home/jain/Documents/GitHub/VRX_NUMarine/install/share/vrx_gz/models/mb_marker_buoy_white/thumbnails/5.png
[1.328s] -- Up-to-date: /home/jain/Documents/GitHub/VRX_NUMarine/install/share/vrx_gz/models/mb_marker_buoy_white/model.config
[1.329s] -- Up-to-date: /home/jain/Documents/GitHub/VRX_NUMarine/install/share/vrx_gz/models/mb_marker_buoy_white/model.sdf
[1.329s] -- Up-to-date: /home/jain/Documents/GitHub/VRX_NUMarine/install/share/vrx_gz/models/short_navigation_course_2
[1.329s] -- Up-to-date: /home/jain/Documents/GitHub/VRX_NUMarine/install/share/vrx_gz/models/short_navigation_course_2/model.config
[1.329s] -- Up-to-date: /home/jain/Documents/GitHub/VRX_NUMarine/install/share/vrx_gz/models/short_navigation_course_2/model.sdf
[1.329s] -- Up-to-date: /home/jain/Documents/GitHub/VRX_NUMarine/install/share/vrx_gz/models/foldable_chair
[1.329s] -- Up-to-date: /home/jain/Documents/GitHub/VRX_NUMarine/install/share/vrx_gz/models/foldable_chair/thumbnails
[1.330s] -- Up-to-date: /home/jain/Documents/GitHub/VRX_NUMarine/install/share/vrx_gz/models/foldable_chair/thumbnails/1.png
[1.330s] -- Up-to-date: /home/jain/Documents/GitHub/VRX_NUMarine/install/share/vrx_gz/models/foldable_chair/thumbnails/2.png
[1.330s] -- Up-to-date: /home/jain/Documents/GitHub/VRX_NUMarine/install/share/vrx_gz/models/foldable_chair/thumbnails/3.png
[1.330s] -- Up-to-date: /home/jain/Documents/GitHub/VRX_NUMarine/install/share/vrx_gz/models/foldable_chair/thumbnails/4.png
[1.330s] -- Up-to-date: /home/jain/Documents/GitHub/VRX_NUMarine/install/share/vrx_gz/models/foldable_chair/thumbnails/5.png
[1.331s] -- Up-to-date: /home/jain/Documents/GitHub/VRX_NUMarine/install/share/vrx_gz/models/foldable_chair/mesh
[1.331s] -- Up-to-date: /home/jain/Documents/GitHub/VRX_NUMarine/install/share/vrx_gz/models/foldable_chair/mesh/foldable_chair.png
[1.331s] -- Up-to-date: /home/jain/Documents/GitHub/VRX_NUMarine/install/share/vrx_gz/models/foldable_chair/mesh/foldable_chair.dae
[1.331s] -- Up-to-date: /home/jain/Documents/GitHub/VRX_NUMarine/install/share/vrx_gz/models/foldable_chair/model.config
[1.331s] -- Up-to-date: /home/jain/Documents/GitHub/VRX_NUMarine/install/share/vrx_gz/models/foldable_chair/model.sdf
[1.332s] -- Up-to-date: /home/jain/Documents/GitHub/VRX_NUMarine/install/share/vrx_gz/models/robotx_light_buoy_yrg
[1.334s] -- Up-to-date: /home/jain/Documents/GitHub/VRX_NUMarine/install/share/vrx_gz/models/robotx_light_buoy_yrg/model.config
[1.334s] -- Up-to-date: /home/jain/Documents/GitHub/VRX_NUMarine/install/share/vrx_gz/models/robotx_light_buoy_yrg/model.sdf
[1.334s] -- Up-to-date: /home/jain/Documents/GitHub/VRX_NUMarine/install/share/vrx_gz/models/short_navigation_course_5
[1.334s] -- Up-to-date: /home/jain/Documents/GitHub/VRX_NUMarine/install/share/vrx_gz/models/short_navigation_course_5/model.config
[1.334s] -- Up-to-date: /home/jain/Documents/GitHub/VRX_NUMarine/install/share/vrx_gz/models/short_navigation_course_5/model.sdf
[1.335s] -- Up-to-date: /home/jain/Documents/GitHub/VRX_NUMarine/install/share/vrx_gz/models/euro pallet
[1.336s] -- Up-to-date: /home/jain/Documents/GitHub/VRX_NUMarine/install/share/vrx_gz/models/euro pallet/thumbnails
[1.336s] -- Up-to-date: /home/jain/Documents/GitHub/VRX_NUMarine/install/share/vrx_gz/models/euro pallet/thumbnails/1.png
[1.336s] -- Up-to-date: /home/jain/Documents/GitHub/VRX_NUMarine/install/share/vrx_gz/models/euro pallet/thumbnails/2.png
[1.336s] -- Up-to-date: /home/jain/Documents/GitHub/VRX_NUMarine/install/share/vrx_gz/models/euro pallet/thumbnails/3.png
[1.337s] -- Up-to-date: /home/jain/Documents/GitHub/VRX_NUMarine/install/share/vrx_gz/models/euro pallet/thumbnails/4.png
[1.337s] -- Up-to-date: /home/jain/Documents/GitHub/VRX_NUMarine/install/share/vrx_gz/models/euro pallet/thumbnails/5.png
[1.337s] -- Up-to-date: /home/jain/Documents/GitHub/VRX_NUMarine/install/share/vrx_gz/models/euro pallet/model.config
[1.337s] -- Up-to-date: /home/jain/Documents/GitHub/VRX_NUMarine/install/share/vrx_gz/models/euro pallet/meshes
[1.337s] -- Up-to-date: /home/jain/Documents/GitHub/VRX_NUMarine/install/share/vrx_gz/models/euro pallet/meshes/pallet.dae
[1.337s] -- Up-to-date: /home/jain/Documents/GitHub/VRX_NUMarine/install/share/vrx_gz/models/euro pallet/model.sdf
[1.338s] -- Up-to-date: /home/jain/Documents/GitHub/VRX_NUMarine/install/share/vrx_gz/models/symbol_triangle
[1.338s] -- Up-to-date: /home/jain/Documents/GitHub/VRX_NUMarine/install/share/vrx_gz/models/symbol_triangle/mesh
[1.338s] -- Up-to-date: /home/jain/Documents/GitHub/VRX_NUMarine/install/share/vrx_gz/models/symbol_triangle/mesh/triangle.dae
[1.338s] -- Up-to-date: /home/jain/Documents/GitHub/VRX_NUMarine/install/share/vrx_gz/models/symbol_triangle/model.config
[1.338s] -- Up-to-date: /home/jain/Documents/GitHub/VRX_NUMarine/install/share/vrx_gz/models/symbol_triangle/model.sdf
[1.338s] -- Up-to-date: /home/jain/Documents/GitHub/VRX_NUMarine/install/share/vrx_gz/models/robotx_light_buoy_bgy
[1.339s] -- Up-to-date: /home/jain/Documents/GitHub/VRX_NUMarine/install/share/vrx_gz/models/robotx_light_buoy_bgy/model.config
[1.339s] -- Up-to-date: /home/jain/Documents/GitHub/VRX_NUMarine/install/share/vrx_gz/models/robotx_light_buoy_bgy/model.sdf
[1.339s] -- Up-to-date: /home/jain/Documents/GitHub/VRX_NUMarine/install/share/vrx_gz/models/articulated_platform
[1.339s] -- Up-to-date: /home/jain/Documents/GitHub/VRX_NUMarine/install/share/vrx_gz/models/articulated_platform/model.config
[1.339s] -- Up-to-date: /home/jain/Documents/GitHub/VRX_NUMarine/install/share/vrx_gz/models/articulated_platform/model.sdf
[1.339s] -- Up-to-date: /home/jain/Documents/GitHub/VRX_NUMarine/install/share/vrx_gz/models/placard_2022
[1.340s] -- Up-to-date: /home/jain/Documents/GitHub/VRX_NUMarine/install/share/vrx_gz/models/placard_2022/materials
[1.340s] -- Up-to-date: /home/jain/Documents/GitHub/VRX_NUMarine/install/share/vrx_gz/models/placard_2022/materials/textures
[1.340s] -- Up-to-date: /home/jain/Documents/GitHub/VRX_NUMarine/install/share/vrx_gz/models/placard_2022/materials/textures/Placard.png
[1.340s] -- Up-to-date: /home/jain/Documents/GitHub/VRX_NUMarine/install/share/vrx_gz/models/placard_2022/model.config
[1.340s] -- Up-to-date: /home/jain/Documents/GitHub/VRX_NUMarine/install/share/vrx_gz/models/placard_2022/meshes
[1.340s] -- Up-to-date: /home/jain/Documents/GitHub/VRX_NUMarine/install/share/vrx_gz/models/placard_2022/meshes/placard_2022.dae
[1.341s] -- Up-to-date: /home/jain/Documents/GitHub/VRX_NUMarine/install/share/vrx_gz/models/placard_2022/model.sdf
[1.341s] -- Up-to-date: /home/jain/Documents/GitHub/VRX_NUMarine/install/share/vrx_gz/models/short_navigation_course_3
[1.341s] -- Up-to-date: /home/jain/Documents/GitHub/VRX_NUMarine/install/share/vrx_gz/models/short_navigation_course_3/model.config
[1.341s] -- Up-to-date: /home/jain/Documents/GitHub/VRX_NUMarine/install/share/vrx_gz/models/short_navigation_course_3/model.sdf
[1.341s] -- Up-to-date: /home/jain/Documents/GitHub/VRX_NUMarine/install/share/vrx_gz/models/mb_round_buoy_orange
[1.341s] -- Up-to-date: /home/jain/Documents/GitHub/VRX_NUMarine/install/share/vrx_gz/models/mb_round_buoy_orange/materials
[1.342s] -- Up-to-date: /home/jain/Documents/GitHub/VRX_NUMarine/install/share/vrx_gz/models/mb_round_buoy_orange/materials/textures
[1.342s] -- Up-to-date: /home/jain/Documents/GitHub/VRX_NUMarine/install/share/vrx_gz/models/mb_round_buoy_orange/materials/textures/RoundBarrierBuoy_Base_Color.png
[1.342s] -- Up-to-date: /home/jain/Documents/GitHub/VRX_NUMarine/install/share/vrx_gz/models/mb_round_buoy_orange/materials/textures/RoundBarrierBuoy_Roughness.png
[1.342s] -- Up-to-date: /home/jain/Documents/GitHub/VRX_NUMarine/install/share/vrx_gz/models/mb_round_buoy_orange/thumbnails
[1.342s] -- Up-to-date: /home/jain/Documents/GitHub/VRX_NUMarine/install/share/vrx_gz/models/mb_round_buoy_orange/thumbnails/1.png
[1.342s] -- Up-to-date: /home/jain/Documents/GitHub/VRX_NUMarine/install/share/vrx_gz/models/mb_round_buoy_orange/thumbnails/2.png
[1.342s] -- Up-to-date: /home/jain/Documents/GitHub/VRX_NUMarine/install/share/vrx_gz/models/mb_round_buoy_orange/thumbnails/3.png
[1.343s] -- Up-to-date: /home/jain/Documents/GitHub/VRX_NUMarine/install/share/vrx_gz/models/mb_round_buoy_orange/thumbnails/4.png
[1.343s] -- Up-to-date: /home/jain/Documents/GitHub/VRX_NUMarine/install/share/vrx_gz/models/mb_round_buoy_orange/thumbnails/5.png
[1.343s] -- Up-to-date: /home/jain/Documents/GitHub/VRX_NUMarine/install/share/vrx_gz/models/mb_round_buoy_orange/model.config
[1.343s] -- Up-to-date: /home/jain/Documents/GitHub/VRX_NUMarine/install/share/vrx_gz/models/mb_round_buoy_orange/meshes
[1.343s] -- Up-to-date: /home/jain/Documents/GitHub/VRX_NUMarine/install/share/vrx_gz/models/mb_round_buoy_orange/meshes/mb_round_buoy.dae
[1.343s] -- Up-to-date: /home/jain/Documents/GitHub/VRX_NUMarine/install/share/vrx_gz/models/mb_round_buoy_orange/model.sdf
[1.343s] -- Up-to-date: /home/jain/Documents/GitHub/VRX_NUMarine/install/share/vrx_gz/models/robotx_light_buoy_gbr
[1.343s] -- Up-to-date: /home/jain/Documents/GitHub/VRX_NUMarine/install/share/vrx_gz/models/robotx_light_buoy_gbr/model.config
[1.344s] -- Up-to-date: /home/jain/Documents/GitHub/VRX_NUMarine/install/share/vrx_gz/models/robotx_light_buoy_gbr/model.sdf
[1.344s] -- Up-to-date: /home/jain/Documents/GitHub/VRX_NUMarine/install/share/vrx_gz/models/ground_station
[1.344s] -- Up-to-date: /home/jain/Documents/GitHub/VRX_NUMarine/install/share/vrx_gz/models/ground_station/thumbnails
[1.344s] -- Up-to-date: /home/jain/Documents/GitHub/VRX_NUMarine/install/share/vrx_gz/models/ground_station/thumbnails/1.png
[1.344s] -- Up-to-date: /home/jain/Documents/GitHub/VRX_NUMarine/install/share/vrx_gz/models/ground_station/thumbnails/2.png
[1.344s] -- Up-to-date: /home/jain/Documents/GitHub/VRX_NUMarine/install/share/vrx_gz/models/ground_station/thumbnails/3.png
[1.344s] -- Up-to-date: /home/jain/Documents/GitHub/VRX_NUMarine/install/share/vrx_gz/models/ground_station/thumbnails/4.png
[1.345s] -- Up-to-date: /home/jain/Documents/GitHub/VRX_NUMarine/install/share/vrx_gz/models/ground_station/thumbnails/5.png
[1.345s] -- Up-to-date: /home/jain/Documents/GitHub/VRX_NUMarine/install/share/vrx_gz/models/ground_station/model.config
[1.345s] -- Up-to-date: /home/jain/Documents/GitHub/VRX_NUMarine/install/share/vrx_gz/models/ground_station/model.sdf
[1.345s] -- Up-to-date: /home/jain/Documents/GitHub/VRX_NUMarine/install/share/vrx_gz/models/robotx_light_buoy_rgy
[1.345s] -- Up-to-date: /home/jain/Documents/GitHub/VRX_NUMarine/install/share/vrx_gz/models/robotx_light_buoy_rgy/model.config
[1.345s] -- Up-to-date: /home/jain/Documents/GitHub/VRX_NUMarine/install/share/vrx_gz/models/robotx_light_buoy_rgy/model.sdf
[1.345s] -- Up-to-date: /home/jain/Documents/GitHub/VRX_NUMarine/install/share/vrx_gz/models/short_navigation_course_0
[1.346s] -- Up-to-date: /home/jain/Documents/GitHub/VRX_NUMarine/install/share/vrx_gz/models/short_navigation_course_0/model.config
[1.346s] -- Up-to-date: /home/jain/Documents/GitHub/VRX_NUMarine/install/share/vrx_gz/models/short_navigation_course_0/model.sdf
[1.347s] -- Up-to-date: /home/jain/Documents/GitHub/VRX_NUMarine/install/share/vrx_gz/models/coast_waves
[1.347s] -- Up-to-date: /home/jain/Documents/GitHub/VRX_NUMarine/install/share/vrx_gz/models/coast_waves/materials
[1.347s] -- Up-to-date: /home/jain/Documents/GitHub/VRX_NUMarine/install/share/vrx_gz/models/coast_waves/materials/programs
[1.347s] -- Up-to-date: /home/jain/Documents/GitHub/VRX_NUMarine/install/share/vrx_gz/models/coast_waves/materials/programs/GerstnerWaves_vs_330.glsl
[1.347s] -- Up-to-date: /home/jain/Documents/GitHub/VRX_NUMarine/install/share/vrx_gz/models/coast_waves/materials/programs/GerstnerWaves_fs_330.glsl
[1.348s] -- Up-to-date: /home/jain/Documents/GitHub/VRX_NUMarine/install/share/vrx_gz/models/coast_waves/materials/textures
[1.348s] -- Up-to-date: /home/jain/Documents/GitHub/VRX_NUMarine/install/share/vrx_gz/models/coast_waves/materials/textures/skybox_lowres.dds
[1.348s] -- Up-to-date: /home/jain/Documents/GitHub/VRX_NUMarine/install/share/vrx_gz/models/coast_waves/materials/textures/wave_normals.dds
[1.348s] -- Up-to-date: /home/jain/Documents/GitHub/VRX_NUMarine/install/share/vrx_gz/models/coast_waves/model.config
[1.348s] -- Up-to-date: /home/jain/Documents/GitHub/VRX_NUMarine/install/share/vrx_gz/models/coast_waves/meshes
[1.348s] -- Up-to-date: /home/jain/Documents/GitHub/VRX_NUMarine/install/share/vrx_gz/models/coast_waves/meshes/waterlow.dae
[1.349s] -- Up-to-date: /home/jain/Documents/GitHub/VRX_NUMarine/install/share/vrx_gz/models/coast_waves/model.sdf
[1.349s] -- Up-to-date: /home/jain/Documents/GitHub/VRX_NUMarine/install/share/vrx_gz/models/foldable_table
[1.349s] -- Up-to-date: /home/jain/Documents/GitHub/VRX_NUMarine/install/share/vrx_gz/models/foldable_table/thumbnails
[1.349s] -- Up-to-date: /home/jain/Documents/GitHub/VRX_NUMarine/install/share/vrx_gz/models/foldable_table/thumbnails/1.png
[1.349s] -- Up-to-date: /home/jain/Documents/GitHub/VRX_NUMarine/install/share/vrx_gz/models/foldable_table/thumbnails/2.png
[1.349s] -- Up-to-date: /home/jain/Documents/GitHub/VRX_NUMarine/install/share/vrx_gz/models/foldable_table/thumbnails/3.png
[1.349s] -- Up-to-date: /home/jain/Documents/GitHub/VRX_NUMarine/install/share/vrx_gz/models/foldable_table/thumbnails/4.png
[1.350s] -- Up-to-date: /home/jain/Documents/GitHub/VRX_NUMarine/install/share/vrx_gz/models/foldable_table/thumbnails/5.png
[1.350s] -- Up-to-date: /home/jain/Documents/GitHub/VRX_NUMarine/install/share/vrx_gz/models/foldable_table/mesh
[1.350s] -- Up-to-date: /home/jain/Documents/GitHub/VRX_NUMarine/install/share/vrx_gz/models/foldable_table/mesh/foldable_table.dae
[1.350s] -- Up-to-date: /home/jain/Documents/GitHub/VRX_NUMarine/install/share/vrx_gz/models/foldable_table/mesh/foldable_table.png
[1.350s] -- Up-to-date: /home/jain/Documents/GitHub/VRX_NUMarine/install/share/vrx_gz/models/foldable_table/model.config
[1.351s] -- Up-to-date: /home/jain/Documents/GitHub/VRX_NUMarine/install/share/vrx_gz/models/foldable_table/model.sdf
[1.351s] -- Up-to-date: /home/jain/Documents/GitHub/VRX_NUMarine/install/share/vrx_gz/models/dock_2022
[1.351s] -- Up-to-date: /home/jain/Documents/GitHub/VRX_NUMarine/install/share/vrx_gz/models/dock_2022/model.config
[1.351s] -- Up-to-date: /home/jain/Documents/GitHub/VRX_NUMarine/install/share/vrx_gz/models/dock_2022/model.sdf
[1.351s] -- Up-to-date: /home/jain/Documents/GitHub/VRX_NUMarine/install/share/vrx_gz/models/obstacle_course
[1.351s] -- Up-to-date: /home/jain/Documents/GitHub/VRX_NUMarine/install/share/vrx_gz/models/obstacle_course/model.config
[1.352s] -- Up-to-date: /home/jain/Documents/GitHub/VRX_NUMarine/install/share/vrx_gz/models/obstacle_course/model.sdf
[1.352s] -- Up-to-date: /home/jain/Documents/GitHub/VRX_NUMarine/install/share/vrx_gz/models/post
[1.352s] -- Up-to-date: /home/jain/Documents/GitHub/VRX_NUMarine/install/share/vrx_gz/models/post/materials
[1.352s] -- Up-to-date: /home/jain/Documents/GitHub/VRX_NUMarine/install/share/vrx_gz/models/post/materials/textures
[1.352s] -- Up-to-date: /home/jain/Documents/GitHub/VRX_NUMarine/install/share/vrx_gz/models/post/materials/textures/post.png
[1.352s] -- Up-to-date: /home/jain/Documents/GitHub/VRX_NUMarine/install/share/vrx_gz/models/post/thumbnails
[1.352s] -- Up-to-date: /home/jain/Documents/GitHub/VRX_NUMarine/install/share/vrx_gz/models/post/thumbnails/1.png
[1.353s] -- Up-to-date: /home/jain/Documents/GitHub/VRX_NUMarine/install/share/vrx_gz/models/post/thumbnails/2.png
[1.353s] -- Up-to-date: /home/jain/Documents/GitHub/VRX_NUMarine/install/share/vrx_gz/models/post/thumbnails/3.png
[1.353s] -- Up-to-date: /home/jain/Documents/GitHub/VRX_NUMarine/install/share/vrx_gz/models/post/thumbnails/4.png
[1.353s] -- Up-to-date: /home/jain/Documents/GitHub/VRX_NUMarine/install/share/vrx_gz/models/post/thumbnails/5.png
[1.353s] -- Up-to-date: /home/jain/Documents/GitHub/VRX_NUMarine/install/share/vrx_gz/models/post/model.config
[1.354s] -- Up-to-date: /home/jain/Documents/GitHub/VRX_NUMarine/install/share/vrx_gz/models/post/meshes
[1.354s] -- Up-to-date: /home/jain/Documents/GitHub/VRX_NUMarine/install/share/vrx_gz/models/post/meshes/post.dae
[1.354s] -- Up-to-date: /home/jain/Documents/GitHub/VRX_NUMarine/install/share/vrx_gz/models/post/model.sdf
[1.354s] -- Up-to-date: /home/jain/Documents/GitHub/VRX_NUMarine/install/share/vrx_gz/models/dock_block_4x4
[1.354s] -- Up-to-date: /home/jain/Documents/GitHub/VRX_NUMarine/install/share/vrx_gz/models/dock_block_4x4/mesh
[1.354s] -- Up-to-date: /home/jain/Documents/GitHub/VRX_NUMarine/install/share/vrx_gz/models/dock_block_4x4/mesh/DockCubes_Roughness.png
[1.354s] -- Up-to-date: /home/jain/Documents/GitHub/VRX_NUMarine/install/share/vrx_gz/models/dock_block_4x4/mesh/DockCubes_Normal.png
[1.355s] -- Up-to-date: /home/jain/Documents/GitHub/VRX_NUMarine/install/share/vrx_gz/models/dock_block_4x4/mesh/dock_block_4x4.dae
[1.355s] -- Up-to-date: /home/jain/Documents/GitHub/VRX_NUMarine/install/share/vrx_gz/models/dock_block_4x4/mesh/DockCubes_Metalness.png
[1.355s] -- Up-to-date: /home/jain/Documents/GitHub/VRX_NUMarine/install/share/vrx_gz/models/dock_block_4x4/mesh/DockCubes_Albedo.png
[1.355s] -- Up-to-date: /home/jain/Documents/GitHub/VRX_NUMarine/install/share/vrx_gz/models/dock_block_4x4/model.config
[1.355s] -- Up-to-date: /home/jain/Documents/GitHub/VRX_NUMarine/install/share/vrx_gz/models/dock_block_4x4/model.sdf
[1.355s] -- Up-to-date: /home/jain/Documents/GitHub/VRX_NUMarine/install/share/vrx_gz/worlds
[1.356s] -- Up-to-date: /home/jain/Documents/GitHub/VRX_NUMarine/install/share/vrx_gz/worlds/wildlife_task.sdf
[1.356s] -- Up-to-date: /home/jain/Documents/GitHub/VRX_NUMarine/install/share/vrx_gz/worlds/sydney_regatta.sdf
[1.356s] -- Up-to-date: /home/jain/Documents/GitHub/VRX_NUMarine/install/share/vrx_gz/worlds/gymkhana_task.sdf
[1.356s] -- Up-to-date: /home/jain/Documents/GitHub/VRX_NUMarine/install/share/vrx_gz/worlds/navigation_task.sdf
[1.356s] -- Up-to-date: /home/jain/Documents/GitHub/VRX_NUMarine/install/share/vrx_gz/worlds/acoustic_tracking_task.sdf
[1.357s] -- Up-to-date: /home/jain/Documents/GitHub/VRX_NUMarine/install/share/vrx_gz/worlds/2023_practice
[1.357s] -- Up-to-date: /home/jain/Documents/GitHub/VRX_NUMarine/install/share/vrx_gz/worlds/2023_practice/practice_2023_scan_dock_deliver1_task.sdf
[1.357s] -- Up-to-date: /home/jain/Documents/GitHub/VRX_NUMarine/install/share/vrx_gz/worlds/2023_practice/practice_2023_wayfinding1_task.sdf
[1.357s] -- Up-to-date: /home/jain/Documents/GitHub/VRX_NUMarine/install/share/vrx_gz/worlds/2023_practice/practice_2023_follow_path2_task.sdf
[1.357s] -- Up-to-date: /home/jain/Documents/GitHub/VRX_NUMarine/install/share/vrx_gz/worlds/2023_practice/practice_2023_acoustic_tracking0_task.sdf
[1.358s] -- Up-to-date: /home/jain/Documents/GitHub/VRX_NUMarine/install/share/vrx_gz/worlds/2023_practice/practice_2023_stationkeeping1_task.sdf
[1.358s] -- Up-to-date: /home/jain/Documents/GitHub/VRX_NUMarine/install/share/vrx_gz/worlds/2023_practice/practice_2023_wayfinding0_task.sdf
[1.358s] -- Up-to-date: /home/jain/Documents/GitHub/VRX_NUMarine/install/share/vrx_gz/worlds/2023_practice/practice_2023_perception2_task.sdf
[1.358s] -- Up-to-date: /home/jain/Documents/GitHub/VRX_NUMarine/install/share/vrx_gz/worlds/2023_practice/practice_2023_wildlife2_task.sdf
[1.358s] -- Up-to-date: /home/jain/Documents/GitHub/VRX_NUMarine/install/share/vrx_gz/worlds/2023_practice/practice_2023_acoustic_perception2_task.sdf
[1.359s] -- Up-to-date: /home/jain/Documents/GitHub/VRX_NUMarine/install/share/vrx_gz/worlds/2023_practice/practice_2023_acoustic_tracking1_task.sdf
[1.359s] -- Up-to-date: /home/jain/Documents/GitHub/VRX_NUMarine/install/share/vrx_gz/worlds/2023_practice/practice_2023_perception1_task.sdf
[1.359s] -- Up-to-date: /home/jain/Documents/GitHub/VRX_NUMarine/install/share/vrx_gz/worlds/2023_practice/practice_2023_stationkeeping0_task.sdf
[1.359s] -- Up-to-date: /home/jain/Documents/GitHub/VRX_NUMarine/install/share/vrx_gz/worlds/2023_practice/practice_2023_scan_dock_deliver0_task.sdf
[1.360s] -- Up-to-date: /home/jain/Documents/GitHub/VRX_NUMarine/install/share/vrx_gz/worlds/2023_practice/practice_2023_perception0_task.sdf
[1.360s] -- Up-to-date: /home/jain/Documents/GitHub/VRX_NUMarine/install/share/vrx_gz/worlds/2023_practice/practice_2023_acoustic_tracking2_task.sdf
[1.360s] -- Up-to-date: /home/jain/Documents/GitHub/VRX_NUMarine/install/share/vrx_gz/worlds/2023_practice/practice_2023_wayfinding2_task.sdf
[1.360s] -- Up-to-date: /home/jain/Documents/GitHub/VRX_NUMarine/install/share/vrx_gz/worlds/2023_practice/practice_2023_scan_dock_deliver2_task.sdf
[1.360s] -- Up-to-date: /home/jain/Documents/GitHub/VRX_NUMarine/install/share/vrx_gz/worlds/2023_practice/practice_2023_follow_path0_task.sdf
[1.361s] -- Up-to-date: /home/jain/Documents/GitHub/VRX_NUMarine/install/share/vrx_gz/worlds/2023_practice/practice_2023_acoustic_perception1_task.sdf
[1.361s] -- Up-to-date: /home/jain/Documents/GitHub/VRX_NUMarine/install/share/vrx_gz/worlds/2023_practice/practice_2023_acoustic_perception0_task.sdf
[1.361s] -- Up-to-date: /home/jain/Documents/GitHub/VRX_NUMarine/install/share/vrx_gz/worlds/2023_practice/practice_2023_follow_path1_task.sdf
[1.361s] -- Up-to-date: /home/jain/Documents/GitHub/VRX_NUMarine/install/share/vrx_gz/worlds/2023_practice/practice_2023_wildlife0_task.sdf
[1.361s] -- Up-to-date: /home/jain/Documents/GitHub/VRX_NUMarine/install/share/vrx_gz/worlds/2023_practice/practice_2023_stationkeeping2_task.sdf
[1.361s] -- Up-to-date: /home/jain/Documents/GitHub/VRX_NUMarine/install/share/vrx_gz/worlds/2023_practice/practice_2023_wildlife1_task.sdf
[1.361s] -- Up-to-date: /home/jain/Documents/GitHub/VRX_NUMarine/install/share/vrx_gz/worlds/follow_path_task.sdf
[1.361s] -- Up-to-date: /home/jain/Documents/GitHub/VRX_NUMarine/install/share/vrx_gz/worlds/scan_dock_deliver_task.sdf
[1.362s] -- Up-to-date: /home/jain/Documents/GitHub/VRX_NUMarine/install/share/vrx_gz/worlds/perception_task.sdf
[1.362s] -- Up-to-date: /home/jain/Documents/GitHub/VRX_NUMarine/install/share/vrx_gz/worlds/stationkeeping_task.sdf
[1.362s] -- Up-to-date: /home/jain/Documents/GitHub/VRX_NUMarine/install/share/vrx_gz/worlds/nbpark.sdf
[1.362s] -- Up-to-date: /home/jain/Documents/GitHub/VRX_NUMarine/install/share/vrx_gz/worlds/acoustic_perception_task.sdf
[1.362s] -- Up-to-date: /home/jain/Documents/GitHub/VRX_NUMarine/install/share/vrx_gz/worlds/wayfinding_task.sdf
[1.362s] -- Up-to-date: /home/jain/Documents/GitHub/VRX_NUMarine/install/share/ament_index/resource_index/package_run_dependencies/vrx_gz
[1.362s] -- Up-to-date: /home/jain/Documents/GitHub/VRX_NUMarine/install/share/ament_index/resource_index/parent_prefix_path/vrx_gz
[1.363s] -- Up-to-date: /home/jain/Documents/GitHub/VRX_NUMarine/install/share/vrx_gz/environment/ament_prefix_path.sh
[1.363s] -- Up-to-date: /home/jain/Documents/GitHub/VRX_NUMarine/install/share/vrx_gz/environment/ament_prefix_path.dsv
[1.363s] -- Up-to-date: /home/jain/Documents/GitHub/VRX_NUMarine/install/share/vrx_gz/environment/path.sh
[1.363s] -- Up-to-date: /home/jain/Documents/GitHub/VRX_NUMarine/install/share/vrx_gz/environment/path.dsv
[1.363s] -- Up-to-date: /home/jain/Documents/GitHub/VRX_NUMarine/install/share/vrx_gz/local_setup.bash
[1.363s] -- Up-to-date: /home/jain/Documents/GitHub/VRX_NUMarine/install/share/vrx_gz/local_setup.sh
[1.363s] -- Up-to-date: /home/jain/Documents/GitHub/VRX_NUMarine/install/share/vrx_gz/local_setup.zsh
[1.363s] -- Up-to-date: /home/jain/Documents/GitHub/VRX_NUMarine/install/share/vrx_gz/local_setup.dsv
[1.363s] -- Installing: /home/jain/Documents/GitHub/VRX_NUMarine/install/share/vrx_gz/package.dsv
[1.364s] -- Up-to-date: /home/jain/Documents/GitHub/VRX_NUMarine/install/share/ament_index/resource_index/packages/vrx_gz
[1.364s] -- Up-to-date: /home/jain/Documents/GitHub/VRX_NUMarine/install/share/vrx_gz/cmake/vrx_gzConfig.cmake
[1.364s] -- Up-to-date: /home/jain/Documents/GitHub/VRX_NUMarine/install/share/vrx_gz/cmake/vrx_gzConfig-version.cmake
[1.364s] -- Up-to-date: /home/jain/Documents/GitHub/VRX_NUMarine/install/share/vrx_gz/package.xml
[1.364s] Invoked command in '/home/jain/Documents/GitHub/VRX_NUMarine/build/vrx_gz' returned '0': CMAKE_PREFIX_PATH=${CMAKE_PREFIX_PATH}:/opt/ros/humble /usr/bin/cmake --install /home/jain/Documents/GitHub/VRX_NUMarine/build/vrx_gz
