[0.008s] Invoking command in '/home/rileychron111/Documents/GitHub/VRX_NUMarine/build/teleop_cpp_ros2': CMAKE_PREFIX_PATH=/opt/ros/humble /usr/bin/cmake /home/rileychron111/Documents/GitHub/VRX_NUMarine/src/vrx/ros_packages/teleop_cpp_ros2 -DCMAKE_INSTALL_PREFIX=/home/rileychron111/Documents/GitHub/VRX_NUMarine/install
[0.035s] -- The C compiler identification is GNU 11.4.0
[0.064s] -- The CXX compiler identification is GNU 11.4.0
[0.068s] -- Detecting C compiler ABI info
[0.105s] -- Detecting C compiler ABI info - done
[0.109s] -- Check for working C compiler: /usr/bin/cc - skipped
[0.109s] -- Detecting C compile features
[0.109s] -- Detecting C compile features - done
[0.110s] -- Detecting CXX compiler ABI info
[0.154s] -- Detecting CXX compiler ABI info - done
[0.161s] -- Check for working CXX compiler: /usr/bin/c++ - skipped
[0.161s] -- Detecting CXX compile features
[0.162s] -- Detecting CXX compile features - done
[0.163s] -- Found ament_cmake: 1.3.9 (/opt/ros/humble/share/ament_cmake/cmake)
[0.246s] -- Found Python3: /usr/bin/python3 (found version "3.10.12") found components: Interpreter 
[0.291s] -- Found rclcpp: 16.0.9 (/opt/ros/humble/share/rclcpp/cmake)
[0.314s] -- Found rosidl_generator_c: 3.1.5 (/opt/ros/humble/share/rosidl_generator_c/cmake)
[0.317s] -- Found rosidl_adapter: 3.1.5 (/opt/ros/humble/share/rosidl_adapter/cmake)
[0.321s] -- Found rosidl_generator_cpp: 3.1.5 (/opt/ros/humble/share/rosidl_generator_cpp/cmake)
[0.328s] -- Using all available rosidl_typesupport_c: rosidl_typesupport_fastrtps_c;rosidl_typesupport_introspection_c
[0.338s] -- Using all available rosidl_typesupport_cpp: rosidl_typesupport_fastrtps_cpp;rosidl_typesupport_introspection_cpp
[0.375s] -- Found rmw_implementation_cmake: 6.1.2 (/opt/ros/humble/share/rmw_implementation_cmake/cmake)
[0.376s] -- Found rmw_fastrtps_cpp: 6.2.6 (/opt/ros/humble/share/rmw_fastrtps_cpp/cmake)
[0.426s] -- Found OpenSSL: /usr/lib/x86_64-linux-gnu/libcrypto.so (found version "3.0.2")  
[0.442s] -- Found FastRTPS: /opt/ros/humble/include  
[0.469s] -- Using RMW implementation 'rmw_fastrtps_cpp' as default
[0.474s] -- Looking for pthread.h
[0.511s] -- Looking for pthread.h - found
[0.511s] -- Performing Test CMAKE_HAVE_LIBC_PTHREAD
[0.551s] -- Performing Test CMAKE_HAVE_LIBC_PTHREAD - Success
[0.552s] -- Found Threads: TRUE  
[0.640s] -- Found geometry_msgs: 4.2.4 (/opt/ros/humble/share/geometry_msgs/cmake)
[0.665s] -- Found sensor_msgs: 4.2.4 (/opt/ros/humble/share/sensor_msgs/cmake)
[0.714s] -- Found ament_lint_auto: 0.12.11 (/opt/ros/humble/share/ament_lint_auto/cmake)
[0.757s] -- Added test 'copyright' to check source files copyright and LICENSE
[0.758s] -- Added test 'cppcheck' to perform static code analysis on C / C++ code
[0.758s] -- Configured cppcheck include dirs: /home/rileychron111/Documents/GitHub/VRX_NUMarine/src/vrx/ros_packages/teleop_cpp_ros2/include
[0.758s] -- Configured cppcheck exclude dirs and/or files: 
[0.758s] -- Added test 'cpplint' to check C / C++ code against the Google style
[0.758s] -- Configured cpplint exclude dirs and/or files: 
[0.758s] -- Added test 'lint_cmake' to check CMake code style
[0.759s] -- Added test 'uncrustify' to check C / C++ code style
[0.759s] -- Configured uncrustify additional arguments: 
[0.759s] -- Added test 'xmllint' to check XML markup files
[0.759s] -- Configuring done
[0.764s] -- Generating done
[0.764s] -- Build files have been written to: /home/rileychron111/Documents/GitHub/VRX_NUMarine/build/teleop_cpp_ros2
[0.770s] Invoked command in '/home/rileychron111/Documents/GitHub/VRX_NUMarine/build/teleop_cpp_ros2' returned '0': CMAKE_PREFIX_PATH=/opt/ros/humble /usr/bin/cmake /home/rileychron111/Documents/GitHub/VRX_NUMarine/src/vrx/ros_packages/teleop_cpp_ros2 -DCMAKE_INSTALL_PREFIX=/home/rileychron111/Documents/GitHub/VRX_NUMarine/install
[0.771s] Invoking command in '/home/rileychron111/Documents/GitHub/VRX_NUMarine/build/teleop_cpp_ros2': CMAKE_PREFIX_PATH=/opt/ros/humble /usr/bin/cmake --build /home/rileychron111/Documents/GitHub/VRX_NUMarine/build/teleop_cpp_ros2 -- -j12 -l12
[0.796s] [ 50%] [32mBuilding CXX object CMakeFiles/usv_teleop.dir/src/usv_teleop.cpp.o[0m
[3.271s] [100%] [32m[1mLinking CXX executable usv_teleop[0m
[3.372s] [100%] Built target usv_teleop
[3.383s] Invoked command in '/home/rileychron111/Documents/GitHub/VRX_NUMarine/build/teleop_cpp_ros2' returned '0': CMAKE_PREFIX_PATH=/opt/ros/humble /usr/bin/cmake --build /home/rileychron111/Documents/GitHub/VRX_NUMarine/build/teleop_cpp_ros2 -- -j12 -l12
[3.397s] Invoking command in '/home/rileychron111/Documents/GitHub/VRX_NUMarine/build/teleop_cpp_ros2': CMAKE_PREFIX_PATH=/opt/ros/humble /usr/bin/cmake --install /home/rileychron111/Documents/GitHub/VRX_NUMarine/build/teleop_cpp_ros2
[3.401s] -- Install configuration: ""
[3.402s] -- Installing: /home/rileychron111/Documents/GitHub/VRX_NUMarine/install/lib/teleop_cpp_ros2/usv_teleop
[3.402s] -- Set runtime path of "/home/rileychron111/Documents/GitHub/VRX_NUMarine/install/lib/teleop_cpp_ros2/usv_teleop" to ""
[3.402s] -- Installing: /home/rileychron111/Documents/GitHub/VRX_NUMarine/install/share/ament_index/resource_index/package_run_dependencies/teleop_cpp_ros2
[3.403s] -- Installing: /home/rileychron111/Documents/GitHub/VRX_NUMarine/install/share/ament_index/resource_index/parent_prefix_path/teleop_cpp_ros2
[3.403s] -- Installing: /home/rileychron111/Documents/GitHub/VRX_NUMarine/install/share/teleop_cpp_ros2/environment/ament_prefix_path.sh
[3.403s] -- Installing: /home/rileychron111/Documents/GitHub/VRX_NUMarine/install/share/teleop_cpp_ros2/environment/ament_prefix_path.dsv
[3.403s] -- Installing: /home/rileychron111/Documents/GitHub/VRX_NUMarine/install/share/teleop_cpp_ros2/environment/path.sh
[3.403s] -- Installing: /home/rileychron111/Documents/GitHub/VRX_NUMarine/install/share/teleop_cpp_ros2/environment/path.dsv
[3.403s] -- Installing: /home/rileychron111/Documents/GitHub/VRX_NUMarine/install/share/teleop_cpp_ros2/local_setup.bash
[3.403s] -- Installing: /home/rileychron111/Documents/GitHub/VRX_NUMarine/install/share/teleop_cpp_ros2/local_setup.sh
[3.403s] -- Installing: /home/rileychron111/Documents/GitHub/VRX_NUMarine/install/share/teleop_cpp_ros2/local_setup.zsh
[3.403s] -- Installing: /home/rileychron111/Documents/GitHub/VRX_NUMarine/install/share/teleop_cpp_ros2/local_setup.dsv
[3.403s] -- Installing: /home/rileychron111/Documents/GitHub/VRX_NUMarine/install/share/teleop_cpp_ros2/package.dsv
[3.403s] -- Installing: /home/rileychron111/Documents/GitHub/VRX_NUMarine/install/share/ament_index/resource_index/packages/teleop_cpp_ros2
[3.403s] -- Installing: /home/rileychron111/Documents/GitHub/VRX_NUMarine/install/share/teleop_cpp_ros2/cmake/teleop_cpp_ros2Config.cmake
[3.403s] -- Installing: /home/rileychron111/Documents/GitHub/VRX_NUMarine/install/share/teleop_cpp_ros2/cmake/teleop_cpp_ros2Config-version.cmake
[3.403s] -- Up-to-date: /home/rileychron111/Documents/GitHub/VRX_NUMarine/install/share/teleop_cpp_ros2/package.xml
[3.404s] Invoked command in '/home/rileychron111/Documents/GitHub/VRX_NUMarine/build/teleop_cpp_ros2' returned '0': CMAKE_PREFIX_PATH=/opt/ros/humble /usr/bin/cmake --install /home/rileychron111/Documents/GitHub/VRX_NUMarine/build/teleop_cpp_ros2
