[0.020s] Invoking command in '/home/rileychron111/Documents/GitHub/VRX_NUMarine/build/wamv_gazebo': CMAKE_PREFIX_PATH=${CMAKE_PREFIX_PATH}:/opt/ros/humble GZ_SIM_RESOURCE_PATH=/home/rileychron111/Documents/GitHub/VRX_NUMarine/install/share:${GZ_SIM_RESOURCE_PATH} PYTHONPATH=/home/rileychron111/Documents/GitHub/VRX_NUMarine/install/lib/python3.10/site-packages:/home/rileychron111/Documents/GitHub/VRX_NUMarine/install/local/lib/python3.10/dist-packages:/opt/ros/humble/lib/python3.10/site-packages:/opt/ros/humble/local/lib/python3.10/dist-packages /usr/bin/cmake --build /home/rileychron111/Documents/GitHub/VRX_NUMarine/build/wamv_gazebo -- -j12 -l12
[0.078s] Invoked command in '/home/rileychron111/Documents/GitHub/VRX_NUMarine/build/wamv_gazebo' returned '0': CMAKE_PREFIX_PATH=${CMAKE_PREFIX_PATH}:/opt/ros/humble GZ_SIM_RESOURCE_PATH=/home/rileychron111/Documents/GitHub/VRX_NUMarine/install/share:${GZ_SIM_RESOURCE_PATH} PYTHONPATH=/home/rileychron111/Documents/GitHub/VRX_NUMarine/install/lib/python3.10/site-packages:/home/rileychron111/Documents/GitHub/VRX_NUMarine/install/local/lib/python3.10/dist-packages:/opt/ros/humble/lib/python3.10/site-packages:/opt/ros/humble/local/lib/python3.10/dist-packages /usr/bin/cmake --build /home/rileychron111/Documents/GitHub/VRX_NUMarine/build/wamv_gazebo -- -j12 -l12
[0.115s] Invoking command in '/home/rileychron111/Documents/GitHub/VRX_NUMarine/build/wamv_gazebo': CMAKE_PREFIX_PATH=${CMAKE_PREFIX_PATH}:/opt/ros/humble GZ_SIM_RESOURCE_PATH=/home/rileychron111/Documents/GitHub/VRX_NUMarine/install/share:${GZ_SIM_RESOURCE_PATH} PYTHONPATH=/home/rileychron111/Documents/GitHub/VRX_NUMarine/install/lib/python3.10/site-packages:/home/rileychron111/Documents/GitHub/VRX_NUMarine/install/local/lib/python3.10/dist-packages:/opt/ros/humble/lib/python3.10/site-packages:/opt/ros/humble/local/lib/python3.10/dist-packages /usr/bin/cmake --install /home/rileychron111/Documents/GitHub/VRX_NUMarine/build/wamv_gazebo
[0.126s] -- Install configuration: ""
[0.127s] -- Up-to-date: /home/rileychron111/Documents/GitHub/VRX_NUMarine/install/share/wamv_gazebo/models
[0.127s] -- Up-to-date: /home/rileychron111/Documents/GitHub/VRX_NUMarine/install/share/wamv_gazebo/models/gps
[0.127s] -- Up-to-date: /home/rileychron111/Documents/GitHub/VRX_NUMarine/install/share/wamv_gazebo/models/gps/mesh
[0.127s] -- Up-to-date: /home/rileychron111/Documents/GitHub/VRX_NUMarine/install/share/wamv_gazebo/models/gps/mesh/gps.dae
[0.128s] -- Up-to-date: /home/rileychron111/Documents/GitHub/VRX_NUMarine/install/share/wamv_gazebo/models/gps/mesh/gps.png
[0.128s] -- Up-to-date: /home/rileychron111/Documents/GitHub/VRX_NUMarine/install/share/wamv_gazebo/models/gps/model.config
[0.128s] -- Up-to-date: /home/rileychron111/Documents/GitHub/VRX_NUMarine/install/share/wamv_gazebo/urdf
[0.129s] -- Up-to-date: /home/rileychron111/Documents/GitHub/VRX_NUMarine/install/share/wamv_gazebo/urdf/thruster_layouts
[0.129s] -- Up-to-date: /home/rileychron111/Documents/GitHub/VRX_NUMarine/install/share/wamv_gazebo/urdf/thruster_layouts/wamv_gazebo_thruster_config.xacro
[0.129s] -- Up-to-date: /home/rileychron111/Documents/GitHub/VRX_NUMarine/install/share/wamv_gazebo/urdf/thruster_layouts/wamv_t_thrusters.xacro
[0.129s] -- Up-to-date: /home/rileychron111/Documents/GitHub/VRX_NUMarine/install/share/wamv_gazebo/urdf/thruster_layouts/wamv_aft_thrusters.xacro
[0.130s] -- Up-to-date: /home/rileychron111/Documents/GitHub/VRX_NUMarine/install/share/wamv_gazebo/urdf/thruster_layouts/wamv_x_thrusters.xacro
[0.131s] -- Up-to-date: /home/rileychron111/Documents/GitHub/VRX_NUMarine/install/share/wamv_gazebo/urdf/dynamics
[0.133s] -- Up-to-date: /home/rileychron111/Documents/GitHub/VRX_NUMarine/install/share/wamv_gazebo/urdf/dynamics/wamv_gazebo_dynamics_plugin.xacro
[0.133s] -- Up-to-date: /home/rileychron111/Documents/GitHub/VRX_NUMarine/install/share/wamv_gazebo/urdf/macros.xacro
[0.133s] -- Up-to-date: /home/rileychron111/Documents/GitHub/VRX_NUMarine/install/share/wamv_gazebo/urdf/wamv_gazebo.urdf.xacro
[0.133s] -- Up-to-date: /home/rileychron111/Documents/GitHub/VRX_NUMarine/install/share/wamv_gazebo/urdf/wamv_gazebo.xacro
[0.134s] -- Up-to-date: /home/rileychron111/Documents/GitHub/VRX_NUMarine/install/share/wamv_gazebo/urdf/components
[0.134s] -- Up-to-date: /home/rileychron111/Documents/GitHub/VRX_NUMarine/install/share/wamv_gazebo/urdf/components/wamv_gps.xacro
[0.134s] -- Up-to-date: /home/rileychron111/Documents/GitHub/VRX_NUMarine/install/share/wamv_gazebo/urdf/components/wamv_planar_lidar.xacro
[0.134s] -- Up-to-date: /home/rileychron111/Documents/GitHub/VRX_NUMarine/install/share/wamv_gazebo/urdf/components/wamv_3d_lidar.xacro
[0.134s] -- Up-to-date: /home/rileychron111/Documents/GitHub/VRX_NUMarine/install/share/wamv_gazebo/urdf/components/wamv_camera.xacro
[0.134s] -- Up-to-date: /home/rileychron111/Documents/GitHub/VRX_NUMarine/install/share/wamv_gazebo/urdf/components/lidar.xacro
[0.134s] -- Up-to-date: /home/rileychron111/Documents/GitHub/VRX_NUMarine/install/share/wamv_gazebo/urdf/components/wamv_imu.xacro
[0.134s] -- Up-to-date: /home/rileychron111/Documents/GitHub/VRX_NUMarine/install/share/wamv_gazebo/urdf/components/ball_shooter.xacro
[0.135s] -- Up-to-date: /home/rileychron111/Documents/GitHub/VRX_NUMarine/install/share/wamv_gazebo/urdf/components/wamv_pinger.xacro
[0.135s] -- Up-to-date: /home/rileychron111/Documents/GitHub/VRX_NUMarine/install/share/wamv_gazebo/urdf/components/wamv_p3d.xacro
[0.135s] -- Up-to-date: /home/rileychron111/Documents/GitHub/VRX_NUMarine/install/share/ament_index/resource_index/package_run_dependencies/wamv_gazebo
[0.135s] -- Up-to-date: /home/rileychron111/Documents/GitHub/VRX_NUMarine/install/share/ament_index/resource_index/parent_prefix_path/wamv_gazebo
[0.135s] -- Up-to-date: /home/rileychron111/Documents/GitHub/VRX_NUMarine/install/share/wamv_gazebo/environment/ament_prefix_path.sh
[0.135s] -- Up-to-date: /home/rileychron111/Documents/GitHub/VRX_NUMarine/install/share/wamv_gazebo/environment/ament_prefix_path.dsv
[0.135s] -- Up-to-date: /home/rileychron111/Documents/GitHub/VRX_NUMarine/install/share/wamv_gazebo/environment/path.sh
[0.135s] -- Up-to-date: /home/rileychron111/Documents/GitHub/VRX_NUMarine/install/share/wamv_gazebo/environment/path.dsv
[0.135s] -- Up-to-date: /home/rileychron111/Documents/GitHub/VRX_NUMarine/install/share/wamv_gazebo/local_setup.bash
[0.135s] -- Up-to-date: /home/rileychron111/Documents/GitHub/VRX_NUMarine/install/share/wamv_gazebo/local_setup.sh
[0.135s] -- Up-to-date: /home/rileychron111/Documents/GitHub/VRX_NUMarine/install/share/wamv_gazebo/local_setup.zsh
[0.135s] -- Up-to-date: /home/rileychron111/Documents/GitHub/VRX_NUMarine/install/share/wamv_gazebo/local_setup.dsv
[0.135s] -- Installing: /home/rileychron111/Documents/GitHub/VRX_NUMarine/install/share/wamv_gazebo/package.dsv
[0.136s] -- Up-to-date: /home/rileychron111/Documents/GitHub/VRX_NUMarine/install/share/ament_index/resource_index/packages/wamv_gazebo
[0.136s] -- Up-to-date: /home/rileychron111/Documents/GitHub/VRX_NUMarine/install/share/wamv_gazebo/cmake/wamv_gazeboConfig.cmake
[0.136s] -- Up-to-date: /home/rileychron111/Documents/GitHub/VRX_NUMarine/install/share/wamv_gazebo/cmake/wamv_gazeboConfig-version.cmake
[0.136s] -- Up-to-date: /home/rileychron111/Documents/GitHub/VRX_NUMarine/install/share/wamv_gazebo/package.xml
[0.136s] Invoked command in '/home/rileychron111/Documents/GitHub/VRX_NUMarine/build/wamv_gazebo' returned '0': CMAKE_PREFIX_PATH=${CMAKE_PREFIX_PATH}:/opt/ros/humble GZ_SIM_RESOURCE_PATH=/home/rileychron111/Documents/GitHub/VRX_NUMarine/install/share:${GZ_SIM_RESOURCE_PATH} PYTHONPATH=/home/rileychron111/Documents/GitHub/VRX_NUMarine/install/lib/python3.10/site-packages:/home/rileychron111/Documents/GitHub/VRX_NUMarine/install/local/lib/python3.10/dist-packages:/opt/ros/humble/lib/python3.10/site-packages:/opt/ros/humble/local/lib/python3.10/dist-packages /usr/bin/cmake --install /home/rileychron111/Documents/GitHub/VRX_NUMarine/build/wamv_gazebo
