[0.019s] Invoking command in '/home/rileychron111/Documents/GitHub/VRX_NUMarine/build/vrx_gz': AMENT_PREFIX_PATH=/home/rileychron111/Documents/GitHub/VRX_NUMarine/install:${AMENT_PREFIX_PATH} CMAKE_PREFIX_PATH=/home/rileychron111/Documents/GitHub/VRX_NUMarine/install:/opt/ros/humble PYTHONPATH=/home/rileychron111/Documents/GitHub/VRX_NUMarine/install/lib/python3.10/site-packages:${PYTHONPATH} /usr/bin/cmake --build /home/rileychron111/Documents/GitHub/VRX_NUMarine/build/vrx_gz -- -j12 -l12
[0.042s] [35m[1mConsolidate compiler generated dependencies of target ScoringPlugin[0m
[0.042s] [35m[1mConsolidate compiler generated dependencies of target Waves[0m
[0.049s] [  4%] Built target ScoringPlugin
[0.052s] [  4%] Built target ament_cmake_python_copy_vrx_gz
[0.053s] [  8%] Built target Waves
[0.057s] [35m[1mConsolidate compiler generated dependencies of target WayfindingScoringPlugin[0m
[0.057s] [35m[1mConsolidate compiler generated dependencies of target AcousticTrackingScoringPlugin[0m
[0.058s] [35m[1mConsolidate compiler generated dependencies of target AcousticPerceptionScoringPlugin[0m
[0.058s] [35m[1mConsolidate compiler generated dependencies of target StationkeepingScoringPlugin[0m
[0.061s] [35m[1mConsolidate compiler generated dependencies of target AcousticPingerPlugin[0m
[0.062s] [35m[1mConsolidate compiler generated dependencies of target BallShooterPlugin[0m
[0.065s] [35m[1mConsolidate compiler generated dependencies of target PolyhedraBuoyancyDrag[0m
[0.067s] [35m[1mConsolidate compiler generated dependencies of target GymkhanaScoringPlugin[0m
[0.071s] [35m[1mConsolidate compiler generated dependencies of target LightBuoyPlugin[0m
[0.071s] [35m[1mConsolidate compiler generated dependencies of target PerceptionScoringPlugin[0m
[0.073s] [35m[1mConsolidate compiler generated dependencies of target NavigationScoringPlugin[0m
[0.087s] [ 14%] Built target AcousticPerceptionScoringPlugin
[0.087s] [ 20%] Built target AcousticTrackingScoringPlugin
[0.090s] [ 27%] Built target StationkeepingScoringPlugin
[0.091s] [ 33%] Built target WayfindingScoringPlugin
[0.091s] [ 37%] Built target AcousticPingerPlugin
[0.092s] [ 41%] Built target LightBuoyPlugin
[0.092s] [ 50%] Built target PolyhedraBuoyancyDrag
[0.095s] [ 54%] Built target NavigationScoringPlugin
[0.095s] [ 58%] Built target BallShooterPlugin
[0.099s] [ 62%] Built target GymkhanaScoringPlugin
[0.102s] [ 66%] Built target PerceptionScoringPlugin
[0.103s] [35m[1mConsolidate compiler generated dependencies of target PlacardPlugin[0m
[0.104s] [35m[1mConsolidate compiler generated dependencies of target SimpleHydrodynamics[0m
[0.104s] [35m[1mConsolidate compiler generated dependencies of target ScanDockScoringPlugin[0m
[0.105s] [35m[1mConsolidate compiler generated dependencies of target Surface[0m
[0.105s] [35m[1mConsolidate compiler generated dependencies of target PublisherPlugin[0m
[0.110s] [35m[1mConsolidate compiler generated dependencies of target WaveVisual[0m
[0.114s] [35m[1mConsolidate compiler generated dependencies of target USVWind[0m
[0.117s] [35m[1mConsolidate compiler generated dependencies of target WildlifeScoringPlugin[0m
[0.120s] [ 75%] Built target Surface
[0.120s] [ 75%] Built target PlacardPlugin
[0.121s] [ 79%] Built target PublisherPlugin
[0.125s] [ 83%] Built target ScanDockScoringPlugin
[0.127s] [ 87%] Built target WaveVisual
[0.127s] [ 91%] Built target SimpleHydrodynamics
[0.131s] [ 97%] Built target USVWind
[0.132s] [100%] Built target WildlifeScoringPlugin
[0.206s] running egg_info
[0.207s] writing vrx_gz.egg-info/PKG-INFO
[0.207s] writing dependency_links to vrx_gz.egg-info/dependency_links.txt
[0.207s] writing top-level names to vrx_gz.egg-info/top_level.txt
[0.208s] reading manifest file 'vrx_gz.egg-info/SOURCES.txt'
[0.208s] writing manifest file 'vrx_gz.egg-info/SOURCES.txt'
[0.224s] [100%] Built target ament_cmake_python_build_vrx_gz_egg
