[0.023s] Invoking command in '/home/jain/Documents/GitHub/VRX_NUMarine/build/teb_msgs': CMAKE_PREFIX_PATH=/opt/ros/humble /usr/bin/cmake /home/jain/Documents/GitHub/VRX_NUMarine/src/vrx/ros_packages/teb_local_planner/teb_msgs -DCMAKE_INSTALL_PREFIX=/home/jain/Documents/GitHub/VRX_NUMarine/install
[0.081s] -- The C compiler identification is GNU 11.4.0
[0.157s] -- The CXX compiler identification is GNU 11.4.0
[0.170s] -- Detecting C compiler ABI info
[0.261s] -- Detecting C compiler ABI info - done
[0.279s] -- Check for working C compiler: /usr/bin/cc - skipped
[0.279s] -- Detecting C compile features
[0.280s] -- Detecting C compile features - done
[0.286s] -- Detecting CXX compiler ABI info
[0.393s] -- Detecting CXX compiler ABI info - done
[0.403s] -- Check for working CXX compiler: /usr/bin/c++ - skipped
[0.403s] -- Detecting CXX compile features
[0.404s] -- Detecting CXX compile features - done
[0.408s] -- Found ament_cmake: 1.3.9 (/opt/ros/humble/share/ament_cmake/cmake)
[0.640s] -- Found Python3: /usr/bin/python3 (found version "3.10.12") found components: Interpreter 
[0.795s] -- Found builtin_interfaces: 1.2.1 (/opt/ros/humble/share/builtin_interfaces/cmake)
[0.856s] -- Found rosidl_generator_c: 3.1.5 (/opt/ros/humble/share/rosidl_generator_c/cmake)
[0.866s] -- Found rosidl_adapter: 3.1.5 (/opt/ros/humble/share/rosidl_adapter/cmake)
[0.884s] -- Found rosidl_generator_cpp: 3.1.5 (/opt/ros/humble/share/rosidl_generator_cpp/cmake)
[0.915s] -- Using all available rosidl_typesupport_c: rosidl_typesupport_fastrtps_c;rosidl_typesupport_introspection_c
[0.959s] -- Using all available rosidl_typesupport_cpp: rosidl_typesupport_fastrtps_cpp;rosidl_typesupport_introspection_cpp
[1.015s] [31mCMake Error at CMakeLists.txt:16 (find_package):
[1.015s]   By not providing "Findcostmap_converter_msgs.cmake" in CMAKE_MODULE_PATH
[1.015s]   this project has asked CMake to find a package configuration file provided
[1.015s]   by "costmap_converter_msgs", but CMake did not find one.
[1.016s] 
[1.016s]   Could not find a package configuration file provided by
[1.016s]   "costmap_converter_msgs" with any of the following names:
[1.016s] 
[1.016s]     costmap_converter_msgsConfig.cmake
[1.016s]     costmap_converter_msgs-config.cmake
[1.017s] 
[1.017s]   Add the installation prefix of "costmap_converter_msgs" to
[1.017s]   CMAKE_PREFIX_PATH or set "costmap_converter_msgs_DIR" to a directory
[1.017s]   containing one of the above files.  If "costmap_converter_msgs" provides a
[1.017s]   separate development package or SDK, be sure it has been installed.
[1.017s] 
[1.018s] [0m
[1.018s] -- Configuring incomplete, errors occurred!
[1.018s] See also "/home/jain/Documents/GitHub/VRX_NUMarine/build/teb_msgs/CMakeFiles/CMakeOutput.log".
[1.026s] Invoked command in '/home/jain/Documents/GitHub/VRX_NUMarine/build/teb_msgs' returned '1': CMAKE_PREFIX_PATH=/opt/ros/humble /usr/bin/cmake /home/jain/Documents/GitHub/VRX_NUMarine/src/vrx/ros_packages/teb_local_planner/teb_msgs -DCMAKE_INSTALL_PREFIX=/home/jain/Documents/GitHub/VRX_NUMarine/install
