[35m[1mConsolidate compiler generated dependencies of target gps_to_ned_node[0m
[35m[1mConsolidate compiler generated dependencies of target goal_pose_broadcaster[0m
[35m[1mConsolidate compiler generated dependencies of target goal_pose_listener[0m
[ 33%] Built target goal_pose_broadcaster
[ 66%] Built target gps_to_ned_node
[100%] Built target goal_pose_listener
-- Install configuration: ""
-- Up-to-date: /home/jain/Documents/GitHub/VRX_NUMarine/install/lib/my_navigation_pkg/gps_to_ned_node
-- Up-to-date: /home/jain/Documents/GitHub/VRX_NUMarine/install/lib/my_navigation_pkg/goal_pose_listener
-- Up-to-date: /home/jain/Documents/GitHub/VRX_NUMarine/install/lib/my_navigation_pkg/goal_pose_broadcaster
-- Up-to-date: /home/jain/Documents/GitHub/VRX_NUMarine/install/include/
-- Up-to-date: /home/jain/Documents/GitHub/VRX_NUMarine/install/include//my_navigation_pkg
-- Up-to-date: /home/jain/Documents/GitHub/VRX_NUMarine/install/share/my_navigation_pkg/launch
-- Up-to-date: /home/jain/Documents/GitHub/VRX_NUMarine/install/share/my_navigation_pkg/launch/gps_to_ned_launch.py
-- Up-to-date: /home/jain/Documents/GitHub/VRX_NUMarine/install/share/my_navigation_pkg/config
-- Up-to-date: /home/jain/Documents/GitHub/VRX_NUMarine/install/share/my_navigation_pkg/config/mppi_params.yaml
-- Up-to-date: /home/jain/Documents/GitHub/VRX_NUMarine/install/share/my_navigation_pkg/config/nav2_params.yaml
-- Up-to-date: /home/jain/Documents/GitHub/VRX_NUMarine/install/share/ament_index/resource_index/package_run_dependencies/my_navigation_pkg
-- Up-to-date: /home/jain/Documents/GitHub/VRX_NUMarine/install/share/ament_index/resource_index/parent_prefix_path/my_navigation_pkg
-- Up-to-date: /home/jain/Documents/GitHub/VRX_NUMarine/install/share/my_navigation_pkg/environment/ament_prefix_path.sh
-- Up-to-date: /home/jain/Documents/GitHub/VRX_NUMarine/install/share/my_navigation_pkg/environment/ament_prefix_path.dsv
-- Up-to-date: /home/jain/Documents/GitHub/VRX_NUMarine/install/share/my_navigation_pkg/environment/path.sh
-- Up-to-date: /home/jain/Documents/GitHub/VRX_NUMarine/install/share/my_navigation_pkg/environment/path.dsv
-- Up-to-date: /home/jain/Documents/GitHub/VRX_NUMarine/install/share/my_navigation_pkg/local_setup.bash
-- Up-to-date: /home/jain/Documents/GitHub/VRX_NUMarine/install/share/my_navigation_pkg/local_setup.sh
-- Up-to-date: /home/jain/Documents/GitHub/VRX_NUMarine/install/share/my_navigation_pkg/local_setup.zsh
-- Up-to-date: /home/jain/Documents/GitHub/VRX_NUMarine/install/share/my_navigation_pkg/local_setup.dsv
-- Installing: /home/jain/Documents/GitHub/VRX_NUMarine/install/share/my_navigation_pkg/package.dsv
-- Up-to-date: /home/jain/Documents/GitHub/VRX_NUMarine/install/share/ament_index/resource_index/packages/my_navigation_pkg
-- Up-to-date: /home/jain/Documents/GitHub/VRX_NUMarine/install/share/my_navigation_pkg/cmake/my_navigation_pkgConfig.cmake
-- Up-to-date: /home/jain/Documents/GitHub/VRX_NUMarine/install/share/my_navigation_pkg/cmake/my_navigation_pkgConfig-version.cmake
-- Up-to-date: /home/jain/Documents/GitHub/VRX_NUMarine/install/share/my_navigation_pkg/package.xml
