[0.058s] Invoking command in '/home/jain/Documents/GitHub/VRX_NUMarine/build/my_navigation_pkg': CMAKE_PREFIX_PATH=${CMAKE_PREFIX_PATH}:/opt/ros/humble /usr/bin/cmake --build /home/jain/Documents/GitHub/VRX_NUMarine/build/my_navigation_pkg -- -j8 -l8
[0.288s] [ 33%] Built target gps_to_ned_node
[0.312s] [ 66%] Built target goal_pose_listener
[0.322s] [100%] Built target goal_pose_broadcaster
[0.375s] Invoked command in '/home/jain/Documents/GitHub/VRX_NUMarine/build/my_navigation_pkg' returned '0': CMAKE_PREFIX_PATH=${CMAKE_PREFIX_PATH}:/opt/ros/humble /usr/bin/cmake --build /home/jain/Documents/GitHub/VRX_NUMarine/build/my_navigation_pkg -- -j8 -l8
[0.472s] Invoking command in '/home/jain/Documents/GitHub/VRX_NUMarine/build/my_navigation_pkg': CMAKE_PREFIX_PATH=${CMAKE_PREFIX_PATH}:/opt/ros/humble /usr/bin/cmake --install /home/jain/Documents/GitHub/VRX_NUMarine/build/my_navigation_pkg
[0.496s] -- Install configuration: ""
[0.503s] -- Up-to-date: /home/jain/Documents/GitHub/VRX_NUMarine/install/lib/my_navigation_pkg/gps_to_ned_node
[0.504s] -- Up-to-date: /home/jain/Documents/GitHub/VRX_NUMarine/install/lib/my_navigation_pkg/goal_pose_listener
[0.504s] -- Up-to-date: /home/jain/Documents/GitHub/VRX_NUMarine/install/lib/my_navigation_pkg/goal_pose_broadcaster
[0.521s] -- Up-to-date: /home/jain/Documents/GitHub/VRX_NUMarine/install/include/
[0.522s] -- Up-to-date: /home/jain/Documents/GitHub/VRX_NUMarine/install/include//my_navigation_pkg
[0.522s] -- Up-to-date: /home/jain/Documents/GitHub/VRX_NUMarine/install/share/my_navigation_pkg/launch
[0.522s] -- Up-to-date: /home/jain/Documents/GitHub/VRX_NUMarine/install/share/my_navigation_pkg/launch/slam_launch.py
[0.522s] -- Up-to-date: /home/jain/Documents/GitHub/VRX_NUMarine/install/share/my_navigation_pkg/launch/gps_to_ned_launch.py
[0.522s] -- Up-to-date: /home/jain/Documents/GitHub/VRX_NUMarine/install/share/my_navigation_pkg/config
[0.522s] -- Up-to-date: /home/jain/Documents/GitHub/VRX_NUMarine/install/share/my_navigation_pkg/config/mppi_params.yaml
[0.522s] -- Up-to-date: /home/jain/Documents/GitHub/VRX_NUMarine/install/share/my_navigation_pkg/config/nav2_params.yaml
[0.523s] -- Up-to-date: /home/jain/Documents/GitHub/VRX_NUMarine/install/share/my_navigation_pkg/config/slam_toolbox_params.yaml
[0.523s] -- Up-to-date: /home/jain/Documents/GitHub/VRX_NUMarine/install/share/ament_index/resource_index/package_run_dependencies/my_navigation_pkg
[0.523s] -- Up-to-date: /home/jain/Documents/GitHub/VRX_NUMarine/install/share/ament_index/resource_index/parent_prefix_path/my_navigation_pkg
[0.523s] -- Up-to-date: /home/jain/Documents/GitHub/VRX_NUMarine/install/share/my_navigation_pkg/environment/ament_prefix_path.sh
[0.524s] -- Up-to-date: /home/jain/Documents/GitHub/VRX_NUMarine/install/share/my_navigation_pkg/environment/ament_prefix_path.dsv
[0.524s] -- Up-to-date: /home/jain/Documents/GitHub/VRX_NUMarine/install/share/my_navigation_pkg/environment/path.sh
[0.524s] -- Up-to-date: /home/jain/Documents/GitHub/VRX_NUMarine/install/share/my_navigation_pkg/environment/path.dsv
[0.524s] -- Up-to-date: /home/jain/Documents/GitHub/VRX_NUMarine/install/share/my_navigation_pkg/local_setup.bash
[0.527s] -- Up-to-date: /home/jain/Documents/GitHub/VRX_NUMarine/install/share/my_navigation_pkg/local_setup.sh
[0.528s] -- Up-to-date: /home/jain/Documents/GitHub/VRX_NUMarine/install/share/my_navigation_pkg/local_setup.zsh
[0.528s] -- Up-to-date: /home/jain/Documents/GitHub/VRX_NUMarine/install/share/my_navigation_pkg/local_setup.dsv
[0.528s] -- Installing: /home/jain/Documents/GitHub/VRX_NUMarine/install/share/my_navigation_pkg/package.dsv
[0.528s] -- Up-to-date: /home/jain/Documents/GitHub/VRX_NUMarine/install/share/ament_index/resource_index/packages/my_navigation_pkg
[0.529s] -- Up-to-date: /home/jain/Documents/GitHub/VRX_NUMarine/install/share/my_navigation_pkg/cmake/my_navigation_pkgConfig.cmake
[0.529s] -- Up-to-date: /home/jain/Documents/GitHub/VRX_NUMarine/install/share/my_navigation_pkg/cmake/my_navigation_pkgConfig-version.cmake
[0.532s] -- Up-to-date: /home/jain/Documents/GitHub/VRX_NUMarine/install/share/my_navigation_pkg/package.xml
[0.600s] Invoked command in '/home/jain/Documents/GitHub/VRX_NUMarine/build/my_navigation_pkg' returned '0': CMAKE_PREFIX_PATH=${CMAKE_PREFIX_PATH}:/opt/ros/humble /usr/bin/cmake --install /home/jain/Documents/GitHub/VRX_NUMarine/build/my_navigation_pkg
