[0.019s] Invoking command in '/home/numarine/Documents/GitHub/VRX_NUMarine/build/my_velocity_to_pwm': CMAKE_PREFIX_PATH=/opt/ros/humble /usr/bin/cmake /home/numarine/Documents/GitHub/VRX_NUMarine/src/vrx/ros_packages/my_velocity_to_pwm -DCMAKE_INSTALL_PREFIX=/home/numarine/Documents/GitHub/VRX_NUMarine/install
[0.058s] -- The C compiler identification is GNU 11.4.0
[0.106s] -- The CXX compiler identification is GNU 11.4.0
[0.112s] -- Detecting C compiler ABI info
[0.169s] -- Detecting C compiler ABI info - done
[0.179s] -- Check for working C compiler: /usr/bin/cc - skipped
[0.179s] -- Detecting C compile features
[0.180s] -- Detecting C compile features - done
[0.184s] -- Detecting CXX compiler ABI info
[0.252s] -- Detecting CXX compiler ABI info - done
[0.259s] -- Check for working CXX compiler: /usr/bin/c++ - skipped
[0.259s] -- Detecting CXX compile features
[0.259s] -- Detecting CXX compile features - done
[0.261s] -- Found ament_cmake: 1.3.9 (/opt/ros/humble/share/ament_cmake/cmake)
[0.390s] -- Found Python3: /usr/bin/python3 (found version "3.10.12") found components: Interpreter 
[0.469s] -- Found rclcpp: 16.0.9 (/opt/ros/humble/share/rclcpp/cmake)
[0.505s] -- Found rosidl_generator_c: 3.1.5 (/opt/ros/humble/share/rosidl_generator_c/cmake)
[0.509s] -- Found rosidl_adapter: 3.1.5 (/opt/ros/humble/share/rosidl_adapter/cmake)
[0.517s] -- Found rosidl_generator_cpp: 3.1.5 (/opt/ros/humble/share/rosidl_generator_cpp/cmake)
[0.529s] -- Using all available rosidl_typesupport_c: rosidl_typesupport_fastrtps_c;rosidl_typesupport_introspection_c
[0.546s] -- Using all available rosidl_typesupport_cpp: rosidl_typesupport_fastrtps_cpp;rosidl_typesupport_introspection_cpp
[0.605s] -- Found rmw_implementation_cmake: 6.1.2 (/opt/ros/humble/share/rmw_implementation_cmake/cmake)
[0.607s] -- Found rmw_fastrtps_cpp: 6.2.6 (/opt/ros/humble/share/rmw_fastrtps_cpp/cmake)
[0.688s] -- Found OpenSSL: /usr/lib/x86_64-linux-gnu/libcrypto.so (found version "3.0.2")  
[0.717s] -- Found FastRTPS: /opt/ros/humble/include  
[0.787s] -- Using RMW implementation 'rmw_fastrtps_cpp' as default
[0.799s] -- Looking for pthread.h
[0.859s] -- Looking for pthread.h - found
[0.859s] -- Performing Test CMAKE_HAVE_LIBC_PTHREAD
[0.920s] -- Performing Test CMAKE_HAVE_LIBC_PTHREAD - Success
[0.922s] -- Found Threads: TRUE  
[1.178s] -- Found geometry_msgs: 4.2.4 (/opt/ros/humble/share/geometry_msgs/cmake)
[1.251s] -- Found ament_lint_auto: 0.12.11 (/opt/ros/humble/share/ament_lint_auto/cmake)
[1.322s] -- Added test 'cppcheck' to perform static code analysis on C / C++ code
[1.323s] -- Configured cppcheck include dirs: 
[1.323s] -- Configured cppcheck exclude dirs and/or files: 
[1.323s] -- Added test 'lint_cmake' to check CMake code style
[1.324s] -- Added test 'uncrustify' to check C / C++ code style
[1.325s] -- Configured uncrustify additional arguments: 
[1.325s] -- Added test 'xmllint' to check XML markup files
[1.326s] -- Configuring done
[1.339s] -- Generating done
[1.341s] -- Build files have been written to: /home/numarine/Documents/GitHub/VRX_NUMarine/build/my_velocity_to_pwm
[1.351s] Invoked command in '/home/numarine/Documents/GitHub/VRX_NUMarine/build/my_velocity_to_pwm' returned '0': CMAKE_PREFIX_PATH=/opt/ros/humble /usr/bin/cmake /home/numarine/Documents/GitHub/VRX_NUMarine/src/vrx/ros_packages/my_velocity_to_pwm -DCMAKE_INSTALL_PREFIX=/home/numarine/Documents/GitHub/VRX_NUMarine/install
[1.352s] Invoking command in '/home/numarine/Documents/GitHub/VRX_NUMarine/build/my_velocity_to_pwm': CMAKE_PREFIX_PATH=/opt/ros/humble /usr/bin/cmake --build /home/numarine/Documents/GitHub/VRX_NUMarine/build/my_velocity_to_pwm -- -j12 -l12
[1.392s] [ 50%] [32mBuilding CXX object CMakeFiles/velocity_to_pwm_node.dir/src/velocity_to_pwm_node.cpp.o[0m
[8.434s] [100%] [32m[1mLinking CXX executable velocity_to_pwm_node[0m
[8.758s] [100%] Built target velocity_to_pwm_node
[8.768s] Invoked command in '/home/numarine/Documents/GitHub/VRX_NUMarine/build/my_velocity_to_pwm' returned '0': CMAKE_PREFIX_PATH=/opt/ros/humble /usr/bin/cmake --build /home/numarine/Documents/GitHub/VRX_NUMarine/build/my_velocity_to_pwm -- -j12 -l12
[8.790s] Invoking command in '/home/numarine/Documents/GitHub/VRX_NUMarine/build/my_velocity_to_pwm': CMAKE_PREFIX_PATH=/opt/ros/humble /usr/bin/cmake --install /home/numarine/Documents/GitHub/VRX_NUMarine/build/my_velocity_to_pwm
[8.797s] -- Install configuration: ""
[8.797s] -- Installing: /home/numarine/Documents/GitHub/VRX_NUMarine/install/lib/my_velocity_to_pwm/velocity_to_pwm_node
[8.800s] -- Set runtime path of "/home/numarine/Documents/GitHub/VRX_NUMarine/install/lib/my_velocity_to_pwm/velocity_to_pwm_node" to ""
[8.800s] -- Installing: /home/numarine/Documents/GitHub/VRX_NUMarine/install/share/ament_index/resource_index/package_run_dependencies/my_velocity_to_pwm
[8.800s] -- Installing: /home/numarine/Documents/GitHub/VRX_NUMarine/install/share/ament_index/resource_index/parent_prefix_path/my_velocity_to_pwm
[8.800s] -- Installing: /home/numarine/Documents/GitHub/VRX_NUMarine/install/share/my_velocity_to_pwm/environment/ament_prefix_path.sh
[8.801s] -- Installing: /home/numarine/Documents/GitHub/VRX_NUMarine/install/share/my_velocity_to_pwm/environment/ament_prefix_path.dsv
[8.801s] -- Installing: /home/numarine/Documents/GitHub/VRX_NUMarine/install/share/my_velocity_to_pwm/environment/path.sh
[8.801s] -- Installing: /home/numarine/Documents/GitHub/VRX_NUMarine/install/share/my_velocity_to_pwm/environment/path.dsv
[8.801s] -- Installing: /home/numarine/Documents/GitHub/VRX_NUMarine/install/share/my_velocity_to_pwm/local_setup.bash
[8.801s] -- Installing: /home/numarine/Documents/GitHub/VRX_NUMarine/install/share/my_velocity_to_pwm/local_setup.sh
[8.801s] -- Installing: /home/numarine/Documents/GitHub/VRX_NUMarine/install/share/my_velocity_to_pwm/local_setup.zsh
[8.801s] -- Installing: /home/numarine/Documents/GitHub/VRX_NUMarine/install/share/my_velocity_to_pwm/local_setup.dsv
[8.801s] -- Installing: /home/numarine/Documents/GitHub/VRX_NUMarine/install/share/my_velocity_to_pwm/package.dsv
[8.802s] -- Installing: /home/numarine/Documents/GitHub/VRX_NUMarine/install/share/ament_index/resource_index/packages/my_velocity_to_pwm
[8.802s] -- Installing: /home/numarine/Documents/GitHub/VRX_NUMarine/install/share/my_velocity_to_pwm/cmake/my_velocity_to_pwmConfig.cmake
[8.802s] -- Installing: /home/numarine/Documents/GitHub/VRX_NUMarine/install/share/my_velocity_to_pwm/cmake/my_velocity_to_pwmConfig-version.cmake
[8.802s] -- Installing: /home/numarine/Documents/GitHub/VRX_NUMarine/install/share/my_velocity_to_pwm/package.xml
[8.804s] Invoked command in '/home/numarine/Documents/GitHub/VRX_NUMarine/build/my_velocity_to_pwm' returned '0': CMAKE_PREFIX_PATH=/opt/ros/humble /usr/bin/cmake --install /home/numarine/Documents/GitHub/VRX_NUMarine/build/my_velocity_to_pwm
