[0.052s] Invoking command in '/home/jain/Documents/GitHub/VRX_NUMarine/build/vrx_ros': CMAKE_PREFIX_PATH=${CMAKE_PREFIX_PATH}:/opt/ros/humble /usr/bin/cmake --build /home/jain/Documents/GitHub/VRX_NUMarine/build/vrx_ros -- -j8 -l8
[0.211s] [ 50%] Built target optical_frame_publisher
[0.228s] [100%] Built target pose_tf_broadcaster
[0.250s] Invoked command in '/home/jain/Documents/GitHub/VRX_NUMarine/build/vrx_ros' returned '0': CMAKE_PREFIX_PATH=${CMAKE_PREFIX_PATH}:/opt/ros/humble /usr/bin/cmake --build /home/jain/Documents/GitHub/VRX_NUMarine/build/vrx_ros -- -j8 -l8
[0.386s] Invoking command in '/home/jain/Documents/GitHub/VRX_NUMarine/build/vrx_ros': CMAKE_PREFIX_PATH=${CMAKE_PREFIX_PATH}:/opt/ros/humble /usr/bin/cmake --install /home/jain/Documents/GitHub/VRX_NUMarine/build/vrx_ros
[0.405s] -- Install configuration: ""
[0.405s] -- Up-to-date: /home/jain/Documents/GitHub/VRX_NUMarine/install/lib/vrx_ros/optical_frame_publisher
[0.407s] -- Up-to-date: /home/jain/Documents/GitHub/VRX_NUMarine/install/lib/vrx_ros/pose_tf_broadcaster
[0.407s] -- Up-to-date: /home/jain/Documents/GitHub/VRX_NUMarine/install/share/vrx_ros/launch
[0.408s] -- Up-to-date: /home/jain/Documents/GitHub/VRX_NUMarine/install/share/vrx_ros/launch/monitor_sim.py
[0.408s] -- Up-to-date: /home/jain/Documents/GitHub/VRX_NUMarine/install/share/ament_index/resource_index/package_run_dependencies/vrx_ros
[0.408s] -- Up-to-date: /home/jain/Documents/GitHub/VRX_NUMarine/install/share/ament_index/resource_index/parent_prefix_path/vrx_ros
[0.409s] -- Up-to-date: /home/jain/Documents/GitHub/VRX_NUMarine/install/share/vrx_ros/environment/ament_prefix_path.sh
[0.410s] -- Up-to-date: /home/jain/Documents/GitHub/VRX_NUMarine/install/share/vrx_ros/environment/ament_prefix_path.dsv
[0.411s] -- Up-to-date: /home/jain/Documents/GitHub/VRX_NUMarine/install/share/vrx_ros/environment/path.sh
[0.411s] -- Up-to-date: /home/jain/Documents/GitHub/VRX_NUMarine/install/share/vrx_ros/environment/path.dsv
[0.411s] -- Up-to-date: /home/jain/Documents/GitHub/VRX_NUMarine/install/share/vrx_ros/local_setup.bash
[0.411s] -- Up-to-date: /home/jain/Documents/GitHub/VRX_NUMarine/install/share/vrx_ros/local_setup.sh
[0.411s] -- Up-to-date: /home/jain/Documents/GitHub/VRX_NUMarine/install/share/vrx_ros/local_setup.zsh
[0.411s] -- Up-to-date: /home/jain/Documents/GitHub/VRX_NUMarine/install/share/vrx_ros/local_setup.dsv
[0.412s] -- Installing: /home/jain/Documents/GitHub/VRX_NUMarine/install/share/vrx_ros/package.dsv
[0.412s] -- Up-to-date: /home/jain/Documents/GitHub/VRX_NUMarine/install/share/ament_index/resource_index/packages/vrx_ros
[0.415s] -- Up-to-date: /home/jain/Documents/GitHub/VRX_NUMarine/install/share/vrx_ros/cmake/vrx_rosConfig.cmake
[0.415s] -- Up-to-date: /home/jain/Documents/GitHub/VRX_NUMarine/install/share/vrx_ros/cmake/vrx_rosConfig-version.cmake
[0.415s] -- Up-to-date: /home/jain/Documents/GitHub/VRX_NUMarine/install/share/vrx_ros/package.xml
[0.445s] Invoked command in '/home/jain/Documents/GitHub/VRX_NUMarine/build/vrx_ros' returned '0': CMAKE_PREFIX_PATH=${CMAKE_PREFIX_PATH}:/opt/ros/humble /usr/bin/cmake --install /home/jain/Documents/GitHub/VRX_NUMarine/build/vrx_ros
