[0.007s] Invoking command in '/home/robotx/Documents/GitHub/VRX_NUMarine/build/vrx_gz': AMENT_PREFIX_PATH=/home/robotx/Documents/GitHub/VRX_NUMarine/install:${AMENT_PREFIX_PATH} CMAKE_PREFIX_PATH=/home/robotx/Documents/GitHub/VRX_NUMarine/install:/opt/ros/humble LD_LIBRARY_PATH=/home/robotx/Documents/GitHub/VRX_NUMarine/install/lib:${LD_LIBRARY_PATH} /usr/bin/cmake --build /home/robotx/Documents/GitHub/VRX_NUMarine/build/vrx_gz -- -j12 -l12
[0.043s] [35m[1mConsolidate compiler generated dependencies of target ScoringPlugin[0m
[0.043s] [35m[1mConsolidate compiler generated dependencies of target Waves[0m
[0.059s] [  4%] Built target ScoringPlugin
[0.059s] [  4%] Built target ament_cmake_python_copy_vrx_gz
[0.059s] [  8%] Built target Waves
[0.069s] [35m[1mConsolidate compiler generated dependencies of target WayfindingScoringPlugin[0m
[0.069s] [35m[1mConsolidate compiler generated dependencies of target AcousticPerceptionScoringPlugin[0m
[0.069s] [35m[1mConsolidate compiler generated dependencies of target AcousticTrackingScoringPlugin[0m
[0.071s] [35m[1mConsolidate compiler generated dependencies of target StationkeepingScoringPlugin[0m
[0.092s] [ 14%] Built target AcousticTrackingScoringPlugin
[0.093s] [ 20%] Built target AcousticPerceptionScoringPlugin
[0.100s] [ 27%] Built target WayfindingScoringPlugin
[0.100s] [ 33%] Built target StationkeepingScoringPlugin
[0.112s] [35m[1mConsolidate compiler generated dependencies of target LightBuoyPlugin[0m
[0.113s] [35m[1mConsolidate compiler generated dependencies of target AcousticPingerPlugin[0m
[0.113s] [35m[1mConsolidate compiler generated dependencies of target PolyhedraBuoyancyDrag[0m
[0.113s] [35m[1mConsolidate compiler generated dependencies of target GymkhanaScoringPlugin[0m
[0.113s] [35m[1mConsolidate compiler generated dependencies of target NavigationScoringPlugin[0m
[0.113s] [35m[1mConsolidate compiler generated dependencies of target BallShooterPlugin[0m
[0.113s] [35m[1mConsolidate compiler generated dependencies of target PlacardPlugin[0m
[0.113s] [35m[1mConsolidate compiler generated dependencies of target PerceptionScoringPlugin[0m
[0.114s] [35m[1mConsolidate compiler generated dependencies of target PublisherPlugin[0m
[0.128s] [35m[1mConsolidate compiler generated dependencies of target ScanDockScoringPlugin[0m
[0.131s] [35m[1mConsolidate compiler generated dependencies of target SimpleHydrodynamics[0m
[0.133s] [ 37%] Built target AcousticPingerPlugin
[0.134s] [ 41%] Built target GymkhanaScoringPlugin
[0.135s] [ 45%] Built target PlacardPlugin
[0.136s] [ 50%] Built target NavigationScoringPlugin
[0.137s] [ 54%] Built target PerceptionScoringPlugin
[0.138s] [ 62%] Built target PolyhedraBuoyancyDrag
[0.143s] [ 66%] Built target PublisherPlugin
[0.146s] [ 70%] Built target BallShooterPlugin
[0.147s] [ 75%] Built target LightBuoyPlugin
[0.148s] [35m[1mConsolidate compiler generated dependencies of target USVWind[0m
[0.150s] [35m[1mConsolidate compiler generated dependencies of target Surface[0m
[0.150s] [35m[1mConsolidate compiler generated dependencies of target WaveVisual[0m
[0.151s] [35m[1mConsolidate compiler generated dependencies of target WildlifeScoringPlugin[0m
[0.154s] [ 79%] Built target SimpleHydrodynamics
[0.160s] [ 83%] Built target ScanDockScoringPlugin
[0.169s] [ 87%] Built target Surface
[0.173s] [ 91%] Built target WildlifeScoringPlugin
[0.177s] [ 95%] Built target USVWind
[0.179s] [100%] Built target WaveVisual
[0.337s] running egg_info
[0.338s] writing vrx_gz.egg-info/PKG-INFO
[0.338s] writing dependency_links to vrx_gz.egg-info/dependency_links.txt
[0.338s] writing top-level names to vrx_gz.egg-info/top_level.txt
[0.340s] reading manifest file 'vrx_gz.egg-info/SOURCES.txt'
[0.341s] writing manifest file 'vrx_gz.egg-info/SOURCES.txt'
[0.362s] [100%] Built target ament_cmake_python_build_vrx_gz_egg
[0.372s] Invoked command in '/home/robotx/Documents/GitHub/VRX_NUMarine/build/vrx_gz' returned '0': AMENT_PREFIX_PATH=/home/robotx/Documents/GitHub/VRX_NUMarine/install:${AMENT_PREFIX_PATH} CMAKE_PREFIX_PATH=/home/robotx/Documents/GitHub/VRX_NUMarine/install:/opt/ros/humble LD_LIBRARY_PATH=/home/robotx/Documents/GitHub/VRX_NUMarine/install/lib:${LD_LIBRARY_PATH} /usr/bin/cmake --build /home/robotx/Documents/GitHub/VRX_NUMarine/build/vrx_gz -- -j12 -l12
[0.453s] Invoking command in '/home/robotx/Documents/GitHub/VRX_NUMarine/build/vrx_gz': AMENT_PREFIX_PATH=/home/robotx/Documents/GitHub/VRX_NUMarine/install:${AMENT_PREFIX_PATH} CMAKE_PREFIX_PATH=/home/robotx/Documents/GitHub/VRX_NUMarine/install:/opt/ros/humble LD_LIBRARY_PATH=/home/robotx/Documents/GitHub/VRX_NUMarine/install/lib:${LD_LIBRARY_PATH} /usr/bin/cmake --install /home/robotx/Documents/GitHub/VRX_NUMarine/build/vrx_gz
[0.459s] -- Install configuration: ""
[0.459s] -- Up-to-date: /home/robotx/Documents/GitHub/VRX_NUMarine/install/share/vrx_gz/environment/resource_paths.dsv
[0.459s] -- Up-to-date: /home/robotx/Documents/GitHub/VRX_NUMarine/install/share/vrx_gz/environment/resource_paths.sh
[0.459s] -- Up-to-date: /home/robotx/Documents/GitHub/VRX_NUMarine/install/lib/libWaves.so
[0.460s] -- Up-to-date: /home/robotx/Documents/GitHub/VRX_NUMarine/install/lib/libPolyhedraBuoyancyDrag.so
[0.460s] -- Up-to-date: /home/robotx/Documents/GitHub/VRX_NUMarine/install/lib/libScoringPlugin.so
[0.460s] -- Up-to-date: /home/robotx/Documents/GitHub/VRX_NUMarine/install/lib/libStationkeepingScoringPlugin.so
[0.460s] -- Up-to-date: /home/robotx/Documents/GitHub/VRX_NUMarine/install/lib/libWayfindingScoringPlugin.so
[0.461s] -- Up-to-date: /home/robotx/Documents/GitHub/VRX_NUMarine/install/lib/libAcousticPerceptionScoringPlugin.so
[0.461s] -- Up-to-date: /home/robotx/Documents/GitHub/VRX_NUMarine/install/lib/libAcousticTrackingScoringPlugin.so
[0.461s] -- Up-to-date: /home/robotx/Documents/GitHub/VRX_NUMarine/install/lib/libAcousticPingerPlugin.so
[0.462s] -- Up-to-date: /home/robotx/Documents/GitHub/VRX_NUMarine/install/lib/libBallShooterPlugin.so
[0.462s] -- Up-to-date: /home/robotx/Documents/GitHub/VRX_NUMarine/install/lib/libLightBuoyPlugin.so
[0.462s] -- Up-to-date: /home/robotx/Documents/GitHub/VRX_NUMarine/install/lib/libNavigationScoringPlugin.so
[0.462s] -- Up-to-date: /home/robotx/Documents/GitHub/VRX_NUMarine/install/lib/libGymkhanaScoringPlugin.so
[0.463s] -- Up-to-date: /home/robotx/Documents/GitHub/VRX_NUMarine/install/lib/libPerceptionScoringPlugin.so
[0.463s] -- Up-to-date: /home/robotx/Documents/GitHub/VRX_NUMarine/install/lib/libPlacardPlugin.so
[0.463s] -- Up-to-date: /home/robotx/Documents/GitHub/VRX_NUMarine/install/lib/libPublisherPlugin.so
[0.464s] -- Up-to-date: /home/robotx/Documents/GitHub/VRX_NUMarine/install/lib/libScanDockScoringPlugin.so
[0.464s] -- Up-to-date: /home/robotx/Documents/GitHub/VRX_NUMarine/install/lib/libSimpleHydrodynamics.so
[0.464s] -- Up-to-date: /home/robotx/Documents/GitHub/VRX_NUMarine/install/lib/libSurface.so
[0.464s] -- Up-to-date: /home/robotx/Documents/GitHub/VRX_NUMarine/install/lib/libUSVWind.so
[0.465s] -- Up-to-date: /home/robotx/Documents/GitHub/VRX_NUMarine/install/lib/libWaveVisual.so
[0.465s] -- Up-to-date: /home/robotx/Documents/GitHub/VRX_NUMarine/install/lib/libWildlifeScoringPlugin.so
[0.465s] -- Up-to-date: /home/robotx/Documents/GitHub/VRX_NUMarine/install/share/vrx_gz/environment/pythonpath.sh
[0.465s] -- Up-to-date: /home/robotx/Documents/GitHub/VRX_NUMarine/install/share/vrx_gz/environment/pythonpath.dsv
[0.465s] -- Up-to-date: /home/robotx/Documents/GitHub/VRX_NUMarine/install/local/lib/python3.10/dist-packages/vrx_gz-0.0.0-py3.10.egg-info
[0.466s] -- Installing: /home/robotx/Documents/GitHub/VRX_NUMarine/install/local/lib/python3.10/dist-packages/vrx_gz-0.0.0-py3.10.egg-info/SOURCES.txt
[0.466s] -- Installing: /home/robotx/Documents/GitHub/VRX_NUMarine/install/local/lib/python3.10/dist-packages/vrx_gz-0.0.0-py3.10.egg-info/dependency_links.txt
[0.466s] -- Installing: /home/robotx/Documents/GitHub/VRX_NUMarine/install/local/lib/python3.10/dist-packages/vrx_gz-0.0.0-py3.10.egg-info/PKG-INFO
[0.466s] -- Installing: /home/robotx/Documents/GitHub/VRX_NUMarine/install/local/lib/python3.10/dist-packages/vrx_gz-0.0.0-py3.10.egg-info/top_level.txt
[0.466s] -- Up-to-date: /home/robotx/Documents/GitHub/VRX_NUMarine/install/local/lib/python3.10/dist-packages/vrx_gz
[0.466s] -- Up-to-date: /home/robotx/Documents/GitHub/VRX_NUMarine/install/local/lib/python3.10/dist-packages/vrx_gz/payload_bridges.py
[0.466s] -- Up-to-date: /home/robotx/Documents/GitHub/VRX_NUMarine/install/local/lib/python3.10/dist-packages/vrx_gz/__init__.py
[0.466s] -- Up-to-date: /home/robotx/Documents/GitHub/VRX_NUMarine/install/local/lib/python3.10/dist-packages/vrx_gz/model.py
[0.466s] -- Up-to-date: /home/robotx/Documents/GitHub/VRX_NUMarine/install/local/lib/python3.10/dist-packages/vrx_gz/bridges.py
[0.466s] -- Up-to-date: /home/robotx/Documents/GitHub/VRX_NUMarine/install/local/lib/python3.10/dist-packages/vrx_gz/launch.py
[0.466s] -- Up-to-date: /home/robotx/Documents/GitHub/VRX_NUMarine/install/local/lib/python3.10/dist-packages/vrx_gz/bridge.py
[0.490s] Listing '/home/robotx/Documents/GitHub/VRX_NUMarine/install/local/lib/python3.10/dist-packages/vrx_gz'...
[0.494s] -- Up-to-date: /home/robotx/Documents/GitHub/VRX_NUMarine/install/share/vrx_gz/config
[0.494s] -- Up-to-date: /home/robotx/Documents/GitHub/VRX_NUMarine/install/share/vrx_gz/config/roboboat.yaml
[0.494s] -- Up-to-date: /home/robotx/Documents/GitHub/VRX_NUMarine/install/share/vrx_gz/config/wamv.yaml
[0.494s] -- Up-to-date: /home/robotx/Documents/GitHub/VRX_NUMarine/install/share/vrx_gz/launch
[0.495s] -- Up-to-date: /home/robotx/Documents/GitHub/VRX_NUMarine/install/share/vrx_gz/launch/vrx_environment.launch.py
[0.495s] -- Up-to-date: /home/robotx/Documents/GitHub/VRX_NUMarine/install/share/vrx_gz/launch/usv_joy_teleop.py
[0.495s] -- Up-to-date: /home/robotx/Documents/GitHub/VRX_NUMarine/install/share/vrx_gz/launch/spawn_config.launch.py
[0.495s] -- Up-to-date: /home/robotx/Documents/GitHub/VRX_NUMarine/install/share/vrx_gz/launch/spawn.launch.py
[0.496s] -- Up-to-date: /home/robotx/Documents/GitHub/VRX_NUMarine/install/share/vrx_gz/launch/competition.launch.py
[0.496s] -- Up-to-date: /home/robotx/Documents/GitHub/VRX_NUMarine/install/share/vrx_gz/models
[0.496s] -- Up-to-date: /home/robotx/Documents/GitHub/VRX_NUMarine/install/share/vrx_gz/models/foldable_table
[0.496s] -- Up-to-date: /home/robotx/Documents/GitHub/VRX_NUMarine/install/share/vrx_gz/models/foldable_table/mesh
[0.496s] -- Up-to-date: /home/robotx/Documents/GitHub/VRX_NUMarine/install/share/vrx_gz/models/foldable_table/mesh/foldable_table.dae
[0.497s] -- Up-to-date: /home/robotx/Documents/GitHub/VRX_NUMarine/install/share/vrx_gz/models/foldable_table/mesh/foldable_table.png
[0.497s] -- Up-to-date: /home/robotx/Documents/GitHub/VRX_NUMarine/install/share/vrx_gz/models/foldable_table/thumbnails
[0.497s] -- Up-to-date: /home/robotx/Documents/GitHub/VRX_NUMarine/install/share/vrx_gz/models/foldable_table/thumbnails/2.png
[0.497s] -- Up-to-date: /home/robotx/Documents/GitHub/VRX_NUMarine/install/share/vrx_gz/models/foldable_table/thumbnails/4.png
[0.497s] -- Up-to-date: /home/robotx/Documents/GitHub/VRX_NUMarine/install/share/vrx_gz/models/foldable_table/thumbnails/1.png
[0.498s] -- Up-to-date: /home/robotx/Documents/GitHub/VRX_NUMarine/install/share/vrx_gz/models/foldable_table/thumbnails/3.png
[0.498s] -- Up-to-date: /home/robotx/Documents/GitHub/VRX_NUMarine/install/share/vrx_gz/models/foldable_table/thumbnails/5.png
[0.498s] -- Up-to-date: /home/robotx/Documents/GitHub/VRX_NUMarine/install/share/vrx_gz/models/foldable_table/model.config
[0.499s] -- Up-to-date: /home/robotx/Documents/GitHub/VRX_NUMarine/install/share/vrx_gz/models/foldable_table/model.sdf
[0.500s] -- Up-to-date: /home/robotx/Documents/GitHub/VRX_NUMarine/install/share/vrx_gz/models/robotx_light_buoy_ybr
[0.500s] -- Up-to-date: /home/robotx/Documents/GitHub/VRX_NUMarine/install/share/vrx_gz/models/robotx_light_buoy_ybr/model.config
[0.500s] -- Up-to-date: /home/robotx/Documents/GitHub/VRX_NUMarine/install/share/vrx_gz/models/robotx_light_buoy_ybr/model.sdf
[0.500s] -- Up-to-date: /home/robotx/Documents/GitHub/VRX_NUMarine/install/share/vrx_gz/models/mb_marker_buoy_red
[0.500s] -- Up-to-date: /home/robotx/Documents/GitHub/VRX_NUMarine/install/share/vrx_gz/models/mb_marker_buoy_red/thumbnails
[0.500s] -- Up-to-date: /home/robotx/Documents/GitHub/VRX_NUMarine/install/share/vrx_gz/models/mb_marker_buoy_red/thumbnails/2.png
[0.500s] -- Up-to-date: /home/robotx/Documents/GitHub/VRX_NUMarine/install/share/vrx_gz/models/mb_marker_buoy_red/thumbnails/4.png
[0.501s] -- Up-to-date: /home/robotx/Documents/GitHub/VRX_NUMarine/install/share/vrx_gz/models/mb_marker_buoy_red/thumbnails/1.png
[0.501s] -- Up-to-date: /home/robotx/Documents/GitHub/VRX_NUMarine/install/share/vrx_gz/models/mb_marker_buoy_red/thumbnails/3.png
[0.501s] -- Up-to-date: /home/robotx/Documents/GitHub/VRX_NUMarine/install/share/vrx_gz/models/mb_marker_buoy_red/thumbnails/5.png
[0.501s] -- Up-to-date: /home/robotx/Documents/GitHub/VRX_NUMarine/install/share/vrx_gz/models/mb_marker_buoy_red/materials
[0.501s] -- Up-to-date: /home/robotx/Documents/GitHub/VRX_NUMarine/install/share/vrx_gz/models/mb_marker_buoy_red/materials/textures
[0.501s] -- Up-to-date: /home/robotx/Documents/GitHub/VRX_NUMarine/install/share/vrx_gz/models/mb_marker_buoy_red/materials/textures/MarkerBuoy_Roughness.png
[0.501s] -- Up-to-date: /home/robotx/Documents/GitHub/VRX_NUMarine/install/share/vrx_gz/models/mb_marker_buoy_red/materials/textures/MarkerBuoy_Base_Color.png
[0.501s] -- Up-to-date: /home/robotx/Documents/GitHub/VRX_NUMarine/install/share/vrx_gz/models/mb_marker_buoy_red/model.config
[0.502s] -- Up-to-date: /home/robotx/Documents/GitHub/VRX_NUMarine/install/share/vrx_gz/models/mb_marker_buoy_red/model.sdf
[0.502s] -- Up-to-date: /home/robotx/Documents/GitHub/VRX_NUMarine/install/share/vrx_gz/models/mb_marker_buoy_red/meshes
[0.502s] -- Up-to-date: /home/robotx/Documents/GitHub/VRX_NUMarine/install/share/vrx_gz/models/mb_marker_buoy_red/meshes/mb_marker_buoy.dae
[0.502s] -- Up-to-date: /home/robotx/Documents/GitHub/VRX_NUMarine/install/share/vrx_gz/models/tent
[0.502s] -- Up-to-date: /home/robotx/Documents/GitHub/VRX_NUMarine/install/share/vrx_gz/models/tent/mesh
[0.503s] -- Up-to-date: /home/robotx/Documents/GitHub/VRX_NUMarine/install/share/vrx_gz/models/tent/mesh/tent.png
[0.503s] -- Up-to-date: /home/robotx/Documents/GitHub/VRX_NUMarine/install/share/vrx_gz/models/tent/mesh/tent.dae
[0.503s] -- Up-to-date: /home/robotx/Documents/GitHub/VRX_NUMarine/install/share/vrx_gz/models/tent/thumbnails
[0.503s] -- Up-to-date: /home/robotx/Documents/GitHub/VRX_NUMarine/install/share/vrx_gz/models/tent/thumbnails/2.png
[0.503s] -- Up-to-date: /home/robotx/Documents/GitHub/VRX_NUMarine/install/share/vrx_gz/models/tent/thumbnails/4.png
[0.503s] -- Up-to-date: /home/robotx/Documents/GitHub/VRX_NUMarine/install/share/vrx_gz/models/tent/thumbnails/1.png
[0.503s] -- Up-to-date: /home/robotx/Documents/GitHub/VRX_NUMarine/install/share/vrx_gz/models/tent/thumbnails/3.png
[0.503s] -- Up-to-date: /home/robotx/Documents/GitHub/VRX_NUMarine/install/share/vrx_gz/models/tent/thumbnails/5.png
[0.503s] -- Up-to-date: /home/robotx/Documents/GitHub/VRX_NUMarine/install/share/vrx_gz/models/tent/model.config
[0.504s] -- Up-to-date: /home/robotx/Documents/GitHub/VRX_NUMarine/install/share/vrx_gz/models/tent/model.sdf
[0.504s] -- Up-to-date: /home/robotx/Documents/GitHub/VRX_NUMarine/install/share/vrx_gz/models/mb_marker_buoy_black
[0.504s] -- Up-to-date: /home/robotx/Documents/GitHub/VRX_NUMarine/install/share/vrx_gz/models/mb_marker_buoy_black/thumbnails
[0.504s] -- Up-to-date: /home/robotx/Documents/GitHub/VRX_NUMarine/install/share/vrx_gz/models/mb_marker_buoy_black/thumbnails/2.png
[0.504s] -- Up-to-date: /home/robotx/Documents/GitHub/VRX_NUMarine/install/share/vrx_gz/models/mb_marker_buoy_black/thumbnails/4.png
[0.504s] -- Up-to-date: /home/robotx/Documents/GitHub/VRX_NUMarine/install/share/vrx_gz/models/mb_marker_buoy_black/thumbnails/1.png
[0.504s] -- Up-to-date: /home/robotx/Documents/GitHub/VRX_NUMarine/install/share/vrx_gz/models/mb_marker_buoy_black/thumbnails/3.png
[0.506s] -- Up-to-date: /home/robotx/Documents/GitHub/VRX_NUMarine/install/share/vrx_gz/models/mb_marker_buoy_black/thumbnails/5.png
[0.506s] -- Up-to-date: /home/robotx/Documents/GitHub/VRX_NUMarine/install/share/vrx_gz/models/mb_marker_buoy_black/model.config
[0.506s] -- Up-to-date: /home/robotx/Documents/GitHub/VRX_NUMarine/install/share/vrx_gz/models/mb_marker_buoy_black/model.sdf
[0.506s] -- Up-to-date: /home/robotx/Documents/GitHub/VRX_NUMarine/install/share/vrx_gz/models/robotx_light_buoy_rbg
[0.506s] -- Up-to-date: /home/robotx/Documents/GitHub/VRX_NUMarine/install/share/vrx_gz/models/robotx_light_buoy_rbg/model.config
[0.507s] -- Up-to-date: /home/robotx/Documents/GitHub/VRX_NUMarine/install/share/vrx_gz/models/robotx_light_buoy_rbg/model.sdf
[0.507s] -- Up-to-date: /home/robotx/Documents/GitHub/VRX_NUMarine/install/share/vrx_gz/models/mb_round_buoy_black
[0.508s] -- Up-to-date: /home/robotx/Documents/GitHub/VRX_NUMarine/install/share/vrx_gz/models/mb_round_buoy_black/thumbnails
[0.508s] -- Up-to-date: /home/robotx/Documents/GitHub/VRX_NUMarine/install/share/vrx_gz/models/mb_round_buoy_black/thumbnails/2.png
[0.508s] -- Up-to-date: /home/robotx/Documents/GitHub/VRX_NUMarine/install/share/vrx_gz/models/mb_round_buoy_black/thumbnails/4.png
[0.508s] -- Up-to-date: /home/robotx/Documents/GitHub/VRX_NUMarine/install/share/vrx_gz/models/mb_round_buoy_black/thumbnails/1.png
[0.508s] -- Up-to-date: /home/robotx/Documents/GitHub/VRX_NUMarine/install/share/vrx_gz/models/mb_round_buoy_black/thumbnails/3.png
[0.509s] -- Up-to-date: /home/robotx/Documents/GitHub/VRX_NUMarine/install/share/vrx_gz/models/mb_round_buoy_black/thumbnails/5.png
[0.509s] -- Up-to-date: /home/robotx/Documents/GitHub/VRX_NUMarine/install/share/vrx_gz/models/mb_round_buoy_black/model.config
[0.509s] -- Up-to-date: /home/robotx/Documents/GitHub/VRX_NUMarine/install/share/vrx_gz/models/mb_round_buoy_black/model.sdf
[0.509s] -- Up-to-date: /home/robotx/Documents/GitHub/VRX_NUMarine/install/share/vrx_gz/models/robotx_light_buoy_rgb
[0.509s] -- Up-to-date: /home/robotx/Documents/GitHub/VRX_NUMarine/install/share/vrx_gz/models/robotx_light_buoy_rgb/mesh
[0.510s] -- Up-to-date: /home/robotx/Documents/GitHub/VRX_NUMarine/install/share/vrx_gz/models/robotx_light_buoy_rgb/mesh/LightTower_Opacity.png
[0.510s] -- Up-to-date: /home/robotx/Documents/GitHub/VRX_NUMarine/install/share/vrx_gz/models/robotx_light_buoy_rgb/mesh/LightTower_Normal.png
[0.510s] -- Up-to-date: /home/robotx/Documents/GitHub/VRX_NUMarine/install/share/vrx_gz/models/robotx_light_buoy_rgb/mesh/LightTower_Metalness.png
[0.510s] -- Up-to-date: /home/robotx/Documents/GitHub/VRX_NUMarine/install/share/vrx_gz/models/robotx_light_buoy_rgb/mesh/LightTower_Roughness.png
[0.510s] -- Up-to-date: /home/robotx/Documents/GitHub/VRX_NUMarine/install/share/vrx_gz/models/robotx_light_buoy_rgb/mesh/robotx_light_buoy.dae
[0.510s] -- Up-to-date: /home/robotx/Documents/GitHub/VRX_NUMarine/install/share/vrx_gz/models/robotx_light_buoy_rgb/mesh/LightTower_Albedo.png
[0.510s] -- Up-to-date: /home/robotx/Documents/GitHub/VRX_NUMarine/install/share/vrx_gz/models/robotx_light_buoy_rgb/model.config
[0.510s] -- Up-to-date: /home/robotx/Documents/GitHub/VRX_NUMarine/install/share/vrx_gz/models/robotx_light_buoy_rgb/model.sdf
[0.511s] -- Up-to-date: /home/robotx/Documents/GitHub/VRX_NUMarine/install/share/vrx_gz/models/short_navigation_course_0
[0.511s] -- Up-to-date: /home/robotx/Documents/GitHub/VRX_NUMarine/install/share/vrx_gz/models/short_navigation_course_0/model.config
[0.511s] -- Up-to-date: /home/robotx/Documents/GitHub/VRX_NUMarine/install/share/vrx_gz/models/short_navigation_course_0/model.sdf
[0.512s] -- Up-to-date: /home/robotx/Documents/GitHub/VRX_NUMarine/install/share/vrx_gz/models/mb_round_buoy_orange
[0.512s] -- Up-to-date: /home/robotx/Documents/GitHub/VRX_NUMarine/install/share/vrx_gz/models/mb_round_buoy_orange/thumbnails
[0.512s] -- Up-to-date: /home/robotx/Documents/GitHub/VRX_NUMarine/install/share/vrx_gz/models/mb_round_buoy_orange/thumbnails/2.png
[0.512s] -- Up-to-date: /home/robotx/Documents/GitHub/VRX_NUMarine/install/share/vrx_gz/models/mb_round_buoy_orange/thumbnails/4.png
[0.512s] -- Up-to-date: /home/robotx/Documents/GitHub/VRX_NUMarine/install/share/vrx_gz/models/mb_round_buoy_orange/thumbnails/1.png
[0.512s] -- Up-to-date: /home/robotx/Documents/GitHub/VRX_NUMarine/install/share/vrx_gz/models/mb_round_buoy_orange/thumbnails/3.png
[0.513s] -- Up-to-date: /home/robotx/Documents/GitHub/VRX_NUMarine/install/share/vrx_gz/models/mb_round_buoy_orange/thumbnails/5.png
[0.513s] -- Up-to-date: /home/robotx/Documents/GitHub/VRX_NUMarine/install/share/vrx_gz/models/mb_round_buoy_orange/materials
[0.513s] -- Up-to-date: /home/robotx/Documents/GitHub/VRX_NUMarine/install/share/vrx_gz/models/mb_round_buoy_orange/materials/textures
[0.513s] -- Up-to-date: /home/robotx/Documents/GitHub/VRX_NUMarine/install/share/vrx_gz/models/mb_round_buoy_orange/materials/textures/RoundBarrierBuoy_Roughness.png
[0.513s] -- Up-to-date: /home/robotx/Documents/GitHub/VRX_NUMarine/install/share/vrx_gz/models/mb_round_buoy_orange/materials/textures/RoundBarrierBuoy_Base_Color.png
[0.513s] -- Up-to-date: /home/robotx/Documents/GitHub/VRX_NUMarine/install/share/vrx_gz/models/mb_round_buoy_orange/model.config
[0.514s] -- Up-to-date: /home/robotx/Documents/GitHub/VRX_NUMarine/install/share/vrx_gz/models/mb_round_buoy_orange/model.sdf
[0.514s] -- Up-to-date: /home/robotx/Documents/GitHub/VRX_NUMarine/install/share/vrx_gz/models/mb_round_buoy_orange/meshes
[0.514s] -- Up-to-date: /home/robotx/Documents/GitHub/VRX_NUMarine/install/share/vrx_gz/models/mb_round_buoy_orange/meshes/mb_round_buoy.dae
[0.514s] -- Up-to-date: /home/robotx/Documents/GitHub/VRX_NUMarine/install/share/vrx_gz/models/placard_2022
[0.514s] -- Up-to-date: /home/robotx/Documents/GitHub/VRX_NUMarine/install/share/vrx_gz/models/placard_2022/materials
[0.514s] -- Up-to-date: /home/robotx/Documents/GitHub/VRX_NUMarine/install/share/vrx_gz/models/placard_2022/materials/textures
[0.515s] -- Up-to-date: /home/robotx/Documents/GitHub/VRX_NUMarine/install/share/vrx_gz/models/placard_2022/materials/textures/Placard.png
[0.515s] -- Up-to-date: /home/robotx/Documents/GitHub/VRX_NUMarine/install/share/vrx_gz/models/placard_2022/model.config
[0.515s] -- Up-to-date: /home/robotx/Documents/GitHub/VRX_NUMarine/install/share/vrx_gz/models/placard_2022/model.sdf
[0.515s] -- Up-to-date: /home/robotx/Documents/GitHub/VRX_NUMarine/install/share/vrx_gz/models/placard_2022/meshes
[0.515s] -- Up-to-date: /home/robotx/Documents/GitHub/VRX_NUMarine/install/share/vrx_gz/models/placard_2022/meshes/placard_2022.dae
[0.515s] -- Up-to-date: /home/robotx/Documents/GitHub/VRX_NUMarine/install/share/vrx_gz/models/short_course_2023_phase3_2
[0.515s] -- Up-to-date: /home/robotx/Documents/GitHub/VRX_NUMarine/install/share/vrx_gz/models/short_course_2023_phase3_2/model.config
[0.515s] -- Up-to-date: /home/robotx/Documents/GitHub/VRX_NUMarine/install/share/vrx_gz/models/short_course_2023_phase3_2/model.sdf
[0.515s] -- Up-to-date: /home/robotx/Documents/GitHub/VRX_NUMarine/install/share/vrx_gz/models/euro pallet
[0.516s] -- Up-to-date: /home/robotx/Documents/GitHub/VRX_NUMarine/install/share/vrx_gz/models/euro pallet/thumbnails
[0.516s] -- Up-to-date: /home/robotx/Documents/GitHub/VRX_NUMarine/install/share/vrx_gz/models/euro pallet/thumbnails/2.png
[0.516s] -- Up-to-date: /home/robotx/Documents/GitHub/VRX_NUMarine/install/share/vrx_gz/models/euro pallet/thumbnails/4.png
[0.516s] -- Up-to-date: /home/robotx/Documents/GitHub/VRX_NUMarine/install/share/vrx_gz/models/euro pallet/thumbnails/1.png
[0.516s] -- Up-to-date: /home/robotx/Documents/GitHub/VRX_NUMarine/install/share/vrx_gz/models/euro pallet/thumbnails/3.png
[0.517s] -- Up-to-date: /home/robotx/Documents/GitHub/VRX_NUMarine/install/share/vrx_gz/models/euro pallet/thumbnails/5.png
[0.517s] -- Up-to-date: /home/robotx/Documents/GitHub/VRX_NUMarine/install/share/vrx_gz/models/euro pallet/model.config
[0.517s] -- Up-to-date: /home/robotx/Documents/GitHub/VRX_NUMarine/install/share/vrx_gz/models/euro pallet/model.sdf
[0.517s] -- Up-to-date: /home/robotx/Documents/GitHub/VRX_NUMarine/install/share/vrx_gz/models/euro pallet/meshes
[0.517s] -- Up-to-date: /home/robotx/Documents/GitHub/VRX_NUMarine/install/share/vrx_gz/models/euro pallet/meshes/pallet.dae
[0.517s] -- Up-to-date: /home/robotx/Documents/GitHub/VRX_NUMarine/install/share/vrx_gz/models/robotx_light_buoy_bgy
[0.518s] -- Up-to-date: /home/robotx/Documents/GitHub/VRX_NUMarine/install/share/vrx_gz/models/robotx_light_buoy_bgy/model.config
[0.518s] -- Up-to-date: /home/robotx/Documents/GitHub/VRX_NUMarine/install/share/vrx_gz/models/robotx_light_buoy_bgy/model.sdf
[0.518s] -- Up-to-date: /home/robotx/Documents/GitHub/VRX_NUMarine/install/share/vrx_gz/models/antenna
[0.518s] -- Up-to-date: /home/robotx/Documents/GitHub/VRX_NUMarine/install/share/vrx_gz/models/antenna/thumbnails
[0.518s] -- Up-to-date: /home/robotx/Documents/GitHub/VRX_NUMarine/install/share/vrx_gz/models/antenna/thumbnails/2.png
[0.518s] -- Up-to-date: /home/robotx/Documents/GitHub/VRX_NUMarine/install/share/vrx_gz/models/antenna/thumbnails/4.png
[0.518s] -- Up-to-date: /home/robotx/Documents/GitHub/VRX_NUMarine/install/share/vrx_gz/models/antenna/thumbnails/1.png
[0.519s] -- Up-to-date: /home/robotx/Documents/GitHub/VRX_NUMarine/install/share/vrx_gz/models/antenna/thumbnails/3.png
[0.519s] -- Up-to-date: /home/robotx/Documents/GitHub/VRX_NUMarine/install/share/vrx_gz/models/antenna/thumbnails/5.png
[0.519s] -- Up-to-date: /home/robotx/Documents/GitHub/VRX_NUMarine/install/share/vrx_gz/models/antenna/model.config
[0.519s] -- Up-to-date: /home/robotx/Documents/GitHub/VRX_NUMarine/install/share/vrx_gz/models/antenna/model.sdf
[0.519s] -- Up-to-date: /home/robotx/Documents/GitHub/VRX_NUMarine/install/share/vrx_gz/models/antenna/meshes
[0.519s] -- Up-to-date: /home/robotx/Documents/GitHub/VRX_NUMarine/install/share/vrx_gz/models/antenna/meshes/antenna.dae
[0.520s] -- Up-to-date: /home/robotx/Documents/GitHub/VRX_NUMarine/install/share/vrx_gz/models/antenna/meshes/antenna.png
[0.520s] -- Up-to-date: /home/robotx/Documents/GitHub/VRX_NUMarine/install/share/vrx_gz/models/post
[0.520s] -- Up-to-date: /home/robotx/Documents/GitHub/VRX_NUMarine/install/share/vrx_gz/models/post/thumbnails
[0.520s] -- Up-to-date: /home/robotx/Documents/GitHub/VRX_NUMarine/install/share/vrx_gz/models/post/thumbnails/2.png
[0.520s] -- Up-to-date: /home/robotx/Documents/GitHub/VRX_NUMarine/install/share/vrx_gz/models/post/thumbnails/4.png
[0.521s] -- Up-to-date: /home/robotx/Documents/GitHub/VRX_NUMarine/install/share/vrx_gz/models/post/thumbnails/1.png
[0.521s] -- Up-to-date: /home/robotx/Documents/GitHub/VRX_NUMarine/install/share/vrx_gz/models/post/thumbnails/3.png
[0.521s] -- Up-to-date: /home/robotx/Documents/GitHub/VRX_NUMarine/install/share/vrx_gz/models/post/thumbnails/5.png
[0.521s] -- Up-to-date: /home/robotx/Documents/GitHub/VRX_NUMarine/install/share/vrx_gz/models/post/materials
[0.521s] -- Up-to-date: /home/robotx/Documents/GitHub/VRX_NUMarine/install/share/vrx_gz/models/post/materials/textures
[0.521s] -- Up-to-date: /home/robotx/Documents/GitHub/VRX_NUMarine/install/share/vrx_gz/models/post/materials/textures/post.png
[0.521s] -- Up-to-date: /home/robotx/Documents/GitHub/VRX_NUMarine/install/share/vrx_gz/models/post/model.config
[0.522s] -- Up-to-date: /home/robotx/Documents/GitHub/VRX_NUMarine/install/share/vrx_gz/models/post/model.sdf
[0.522s] -- Up-to-date: /home/robotx/Documents/GitHub/VRX_NUMarine/install/share/vrx_gz/models/post/meshes
[0.523s] -- Up-to-date: /home/robotx/Documents/GitHub/VRX_NUMarine/install/share/vrx_gz/models/post/meshes/post.dae
[0.523s] -- Up-to-date: /home/robotx/Documents/GitHub/VRX_NUMarine/install/share/vrx_gz/models/short_course_2023_phase3_1
[0.523s] -- Up-to-date: /home/robotx/Documents/GitHub/VRX_NUMarine/install/share/vrx_gz/models/short_course_2023_phase3_1/model.config
[0.523s] -- Up-to-date: /home/robotx/Documents/GitHub/VRX_NUMarine/install/share/vrx_gz/models/short_course_2023_phase3_1/model.sdf
[0.523s] -- Up-to-date: /home/robotx/Documents/GitHub/VRX_NUMarine/install/share/vrx_gz/models/foldable_chair
[0.523s] -- Up-to-date: /home/robotx/Documents/GitHub/VRX_NUMarine/install/share/vrx_gz/models/foldable_chair/mesh
[0.524s] -- Up-to-date: /home/robotx/Documents/GitHub/VRX_NUMarine/install/share/vrx_gz/models/foldable_chair/mesh/foldable_chair.png
[0.524s] -- Up-to-date: /home/robotx/Documents/GitHub/VRX_NUMarine/install/share/vrx_gz/models/foldable_chair/mesh/foldable_chair.dae
[0.524s] -- Up-to-date: /home/robotx/Documents/GitHub/VRX_NUMarine/install/share/vrx_gz/models/foldable_chair/thumbnails
[0.524s] -- Up-to-date: /home/robotx/Documents/GitHub/VRX_NUMarine/install/share/vrx_gz/models/foldable_chair/thumbnails/2.png
[0.524s] -- Up-to-date: /home/robotx/Documents/GitHub/VRX_NUMarine/install/share/vrx_gz/models/foldable_chair/thumbnails/4.png
[0.524s] -- Up-to-date: /home/robotx/Documents/GitHub/VRX_NUMarine/install/share/vrx_gz/models/foldable_chair/thumbnails/1.png
[0.525s] -- Up-to-date: /home/robotx/Documents/GitHub/VRX_NUMarine/install/share/vrx_gz/models/foldable_chair/thumbnails/3.png
[0.525s] -- Up-to-date: /home/robotx/Documents/GitHub/VRX_NUMarine/install/share/vrx_gz/models/foldable_chair/thumbnails/5.png
[0.525s] -- Up-to-date: /home/robotx/Documents/GitHub/VRX_NUMarine/install/share/vrx_gz/models/foldable_chair/model.config
[0.525s] -- Up-to-date: /home/robotx/Documents/GitHub/VRX_NUMarine/install/share/vrx_gz/models/foldable_chair/model.sdf
[0.525s] -- Up-to-date: /home/robotx/Documents/GitHub/VRX_NUMarine/install/share/vrx_gz/models/short_navigation_course_4
[0.525s] -- Up-to-date: /home/robotx/Documents/GitHub/VRX_NUMarine/install/share/vrx_gz/models/short_navigation_course_4/model.config
[0.526s] -- Up-to-date: /home/robotx/Documents/GitHub/VRX_NUMarine/install/share/vrx_gz/models/short_navigation_course_4/model.sdf
[0.526s] -- Up-to-date: /home/robotx/Documents/GitHub/VRX_NUMarine/install/share/vrx_gz/models/articulated_platform
[0.526s] -- Up-to-date: /home/robotx/Documents/GitHub/VRX_NUMarine/install/share/vrx_gz/models/articulated_platform/model.config
[0.526s] -- Up-to-date: /home/robotx/Documents/GitHub/VRX_NUMarine/install/share/vrx_gz/models/articulated_platform/model.sdf
[0.526s] -- Up-to-date: /home/robotx/Documents/GitHub/VRX_NUMarine/install/share/vrx_gz/models/robotx_light_buoy_yrg
[0.526s] -- Up-to-date: /home/robotx/Documents/GitHub/VRX_NUMarine/install/share/vrx_gz/models/robotx_light_buoy_yrg/model.config
[0.526s] -- Up-to-date: /home/robotx/Documents/GitHub/VRX_NUMarine/install/share/vrx_gz/models/robotx_light_buoy_yrg/model.sdf
[0.527s] -- Up-to-date: /home/robotx/Documents/GitHub/VRX_NUMarine/install/share/vrx_gz/models/dock_block_4x4
[0.527s] -- Up-to-date: /home/robotx/Documents/GitHub/VRX_NUMarine/install/share/vrx_gz/models/dock_block_4x4/mesh
[0.527s] -- Up-to-date: /home/robotx/Documents/GitHub/VRX_NUMarine/install/share/vrx_gz/models/dock_block_4x4/mesh/DockCubes_Roughness.png
[0.527s] -- Up-to-date: /home/robotx/Documents/GitHub/VRX_NUMarine/install/share/vrx_gz/models/dock_block_4x4/mesh/DockCubes_Metalness.png
[0.527s] -- Up-to-date: /home/robotx/Documents/GitHub/VRX_NUMarine/install/share/vrx_gz/models/dock_block_4x4/mesh/DockCubes_Albedo.png
[0.527s] -- Up-to-date: /home/robotx/Documents/GitHub/VRX_NUMarine/install/share/vrx_gz/models/dock_block_4x4/mesh/DockCubes_Normal.png
[0.528s] -- Up-to-date: /home/robotx/Documents/GitHub/VRX_NUMarine/install/share/vrx_gz/models/dock_block_4x4/mesh/dock_block_4x4.dae
[0.528s] -- Up-to-date: /home/robotx/Documents/GitHub/VRX_NUMarine/install/share/vrx_gz/models/dock_block_4x4/model.config
[0.528s] -- Up-to-date: /home/robotx/Documents/GitHub/VRX_NUMarine/install/share/vrx_gz/models/dock_block_4x4/model.sdf
[0.529s] -- Up-to-date: /home/robotx/Documents/GitHub/VRX_NUMarine/install/share/vrx_gz/models/short_navigation_course_2
[0.529s] -- Up-to-date: /home/robotx/Documents/GitHub/VRX_NUMarine/install/share/vrx_gz/models/short_navigation_course_2/model.config
[0.529s] -- Up-to-date: /home/robotx/Documents/GitHub/VRX_NUMarine/install/share/vrx_gz/models/short_navigation_course_2/model.sdf
[0.529s] -- Up-to-date: /home/robotx/Documents/GitHub/VRX_NUMarine/install/share/vrx_gz/models/roboboat01
[0.529s] -- Up-to-date: /home/robotx/Documents/GitHub/VRX_NUMarine/install/share/vrx_gz/models/roboboat01/materials
[0.529s] -- Up-to-date: /home/robotx/Documents/GitHub/VRX_NUMarine/install/share/vrx_gz/models/roboboat01/materials/scripts
[0.529s] -- Up-to-date: /home/robotx/Documents/GitHub/VRX_NUMarine/install/share/vrx_gz/models/roboboat01/materials/scripts/model.material
[0.529s] -- Up-to-date: /home/robotx/Documents/GitHub/VRX_NUMarine/install/share/vrx_gz/models/roboboat01/materials/textures
[0.530s] -- Up-to-date: /home/robotx/Documents/GitHub/VRX_NUMarine/install/share/vrx_gz/models/roboboat01/materials/textures/Boat01_Metallic.png
[0.530s] -- Up-to-date: /home/robotx/Documents/GitHub/VRX_NUMarine/install/share/vrx_gz/models/roboboat01/materials/textures/Boat01_Roughness.png
[0.530s] -- Up-to-date: /home/robotx/Documents/GitHub/VRX_NUMarine/install/share/vrx_gz/models/roboboat01/materials/textures/Thruster_Roughness.png
[0.530s] -- Up-to-date: /home/robotx/Documents/GitHub/VRX_NUMarine/install/share/vrx_gz/models/roboboat01/materials/textures/Boat01_Normal.png
[0.530s] -- Up-to-date: /home/robotx/Documents/GitHub/VRX_NUMarine/install/share/vrx_gz/models/roboboat01/materials/textures/Thruster_Albedo.png
[0.530s] -- Up-to-date: /home/robotx/Documents/GitHub/VRX_NUMarine/install/share/vrx_gz/models/roboboat01/materials/textures/Boat01_Albedo.png
[0.530s] -- Up-to-date: /home/robotx/Documents/GitHub/VRX_NUMarine/install/share/vrx_gz/models/roboboat01/model.config
[0.530s] -- Up-to-date: /home/robotx/Documents/GitHub/VRX_NUMarine/install/share/vrx_gz/models/roboboat01/model.sdf
[0.531s] -- Up-to-date: /home/robotx/Documents/GitHub/VRX_NUMarine/install/share/vrx_gz/models/roboboat01/meshes
[0.531s] -- Up-to-date: /home/robotx/Documents/GitHub/VRX_NUMarine/install/share/vrx_gz/models/roboboat01/meshes/roboboat01.dae
[0.531s] -- Up-to-date: /home/robotx/Documents/GitHub/VRX_NUMarine/install/share/vrx_gz/models/roboboat01/meshes/prop.dae
[0.531s] -- Up-to-date: /home/robotx/Documents/GitHub/VRX_NUMarine/install/share/vrx_gz/models/roboboat01/meshes/housing.dae
[0.531s] -- Up-to-date: /home/robotx/Documents/GitHub/VRX_NUMarine/install/share/vrx_gz/models/roboboat01/meshes/mount.dae
[0.531s] -- Up-to-date: /home/robotx/Documents/GitHub/VRX_NUMarine/install/share/vrx_gz/models/short_navigation_course_1
[0.531s] -- Up-to-date: /home/robotx/Documents/GitHub/VRX_NUMarine/install/share/vrx_gz/models/short_navigation_course_1/model.config
[0.531s] -- Up-to-date: /home/robotx/Documents/GitHub/VRX_NUMarine/install/share/vrx_gz/models/short_navigation_course_1/model.sdf
[0.531s] -- Up-to-date: /home/robotx/Documents/GitHub/VRX_NUMarine/install/share/vrx_gz/models/roboboat_cpubox
[0.531s] -- Up-to-date: /home/robotx/Documents/GitHub/VRX_NUMarine/install/share/vrx_gz/models/roboboat_cpubox/materials
[0.531s] -- Up-to-date: /home/robotx/Documents/GitHub/VRX_NUMarine/install/share/vrx_gz/models/roboboat_cpubox/materials/textures
[0.531s] -- Up-to-date: /home/robotx/Documents/GitHub/VRX_NUMarine/install/share/vrx_gz/models/roboboat_cpubox/materials/textures/DryBox_Roughness.png
[0.532s] -- Up-to-date: /home/robotx/Documents/GitHub/VRX_NUMarine/install/share/vrx_gz/models/roboboat_cpubox/materials/textures/DryBox_Albedo.png
[0.532s] -- Up-to-date: /home/robotx/Documents/GitHub/VRX_NUMarine/install/share/vrx_gz/models/roboboat_cpubox/model.config
[0.532s] -- Up-to-date: /home/robotx/Documents/GitHub/VRX_NUMarine/install/share/vrx_gz/models/roboboat_cpubox/model.sdf
[0.532s] -- Up-to-date: /home/robotx/Documents/GitHub/VRX_NUMarine/install/share/vrx_gz/models/roboboat_cpubox/meshes
[0.532s] -- Up-to-date: /home/robotx/Documents/GitHub/VRX_NUMarine/install/share/vrx_gz/models/roboboat_cpubox/meshes/drybox.dae
[0.532s] -- Up-to-date: /home/robotx/Documents/GitHub/VRX_NUMarine/install/share/vrx_gz/models/symbol_triangle
[0.532s] -- Up-to-date: /home/robotx/Documents/GitHub/VRX_NUMarine/install/share/vrx_gz/models/symbol_triangle/mesh
[0.532s] -- Up-to-date: /home/robotx/Documents/GitHub/VRX_NUMarine/install/share/vrx_gz/models/symbol_triangle/mesh/triangle.dae
[0.532s] -- Up-to-date: /home/robotx/Documents/GitHub/VRX_NUMarine/install/share/vrx_gz/models/symbol_triangle/model.config
[0.532s] -- Up-to-date: /home/robotx/Documents/GitHub/VRX_NUMarine/install/share/vrx_gz/models/symbol_triangle/model.sdf
[0.532s] -- Up-to-date: /home/robotx/Documents/GitHub/VRX_NUMarine/install/share/vrx_gz/models/robotx_light_buoy_gbr
[0.532s] -- Up-to-date: /home/robotx/Documents/GitHub/VRX_NUMarine/install/share/vrx_gz/models/robotx_light_buoy_gbr/model.config
[0.532s] -- Up-to-date: /home/robotx/Documents/GitHub/VRX_NUMarine/install/share/vrx_gz/models/robotx_light_buoy_gbr/model.sdf
[0.533s] -- Up-to-date: /home/robotx/Documents/GitHub/VRX_NUMarine/install/share/vrx_gz/models/sydney_regatta
[0.533s] -- Up-to-date: /home/robotx/Documents/GitHub/VRX_NUMarine/install/share/vrx_gz/models/sydney_regatta/thumbnails
[0.533s] -- Up-to-date: /home/robotx/Documents/GitHub/VRX_NUMarine/install/share/vrx_gz/models/sydney_regatta/thumbnails/2.png
[0.533s] -- Up-to-date: /home/robotx/Documents/GitHub/VRX_NUMarine/install/share/vrx_gz/models/sydney_regatta/thumbnails/4.png
[0.533s] -- Up-to-date: /home/robotx/Documents/GitHub/VRX_NUMarine/install/share/vrx_gz/models/sydney_regatta/thumbnails/1.png
[0.533s] -- Up-to-date: /home/robotx/Documents/GitHub/VRX_NUMarine/install/share/vrx_gz/models/sydney_regatta/thumbnails/3.png
[0.533s] -- Up-to-date: /home/robotx/Documents/GitHub/VRX_NUMarine/install/share/vrx_gz/models/sydney_regatta/thumbnails/5.png
[0.533s] -- Up-to-date: /home/robotx/Documents/GitHub/VRX_NUMarine/install/share/vrx_gz/models/sydney_regatta/materials
[0.533s] -- Up-to-date: /home/robotx/Documents/GitHub/VRX_NUMarine/install/share/vrx_gz/models/sydney_regatta/materials/textures
[0.533s] -- Up-to-date: /home/robotx/Documents/GitHub/VRX_NUMarine/install/share/vrx_gz/models/sydney_regatta/materials/textures/Windows_Dark.png
[0.533s] -- Up-to-date: /home/robotx/Documents/GitHub/VRX_NUMarine/install/share/vrx_gz/models/sydney_regatta/materials/textures/Wall_05.png
[0.533s] -- Up-to-date: /home/robotx/Documents/GitHub/VRX_NUMarine/install/share/vrx_gz/models/sydney_regatta/materials/textures/DockDark.png
[0.533s] -- Up-to-date: /home/robotx/Documents/GitHub/VRX_NUMarine/install/share/vrx_gz/models/sydney_regatta/materials/textures/TreeDiffuse.png
[0.534s] -- Up-to-date: /home/robotx/Documents/GitHub/VRX_NUMarine/install/share/vrx_gz/models/sydney_regatta/materials/textures/Dock.png
[0.534s] -- Up-to-date: /home/robotx/Documents/GitHub/VRX_NUMarine/install/share/vrx_gz/models/sydney_regatta/materials/textures/MetalGalvanized.png
[0.534s] -- Up-to-date: /home/robotx/Documents/GitHub/VRX_NUMarine/install/share/vrx_gz/models/sydney_regatta/materials/textures/RoofCorrugated.png
[0.534s] -- Up-to-date: /home/robotx/Documents/GitHub/VRX_NUMarine/install/share/vrx_gz/models/sydney_regatta/materials/textures/Terrain.png
[0.534s] -- Up-to-date: /home/robotx/Documents/GitHub/VRX_NUMarine/install/share/vrx_gz/models/sydney_regatta/model.config
[0.534s] -- Up-to-date: /home/robotx/Documents/GitHub/VRX_NUMarine/install/share/vrx_gz/models/sydney_regatta/model.sdf
[0.534s] -- Up-to-date: /home/robotx/Documents/GitHub/VRX_NUMarine/install/share/vrx_gz/models/sydney_regatta/meshes
[0.534s] -- Up-to-date: /home/robotx/Documents/GitHub/VRX_NUMarine/install/share/vrx_gz/models/sydney_regatta/meshes/sydney_regatta_shore.dae
[0.534s] -- Up-to-date: /home/robotx/Documents/GitHub/VRX_NUMarine/install/share/vrx_gz/models/sydney_regatta/meshes/sydney_regatta.dae
[0.534s] -- Up-to-date: /home/robotx/Documents/GitHub/VRX_NUMarine/install/share/vrx_gz/models/obstacle_course
[0.534s] -- Up-to-date: /home/robotx/Documents/GitHub/VRX_NUMarine/install/share/vrx_gz/models/obstacle_course/model.config
[0.534s] -- Up-to-date: /home/robotx/Documents/GitHub/VRX_NUMarine/install/share/vrx_gz/models/obstacle_course/model.sdf
[0.535s] -- Up-to-date: /home/robotx/Documents/GitHub/VRX_NUMarine/install/share/vrx_gz/models/coast_waves
[0.535s] -- Up-to-date: /home/robotx/Documents/GitHub/VRX_NUMarine/install/share/vrx_gz/models/coast_waves/materials
[0.535s] -- Up-to-date: /home/robotx/Documents/GitHub/VRX_NUMarine/install/share/vrx_gz/models/coast_waves/materials/programs
[0.535s] -- Up-to-date: /home/robotx/Documents/GitHub/VRX_NUMarine/install/share/vrx_gz/models/coast_waves/materials/programs/GerstnerWaves_vs_330.glsl
[0.535s] -- Up-to-date: /home/robotx/Documents/GitHub/VRX_NUMarine/install/share/vrx_gz/models/coast_waves/materials/programs/GerstnerWaves_fs_330.glsl
[0.535s] -- Up-to-date: /home/robotx/Documents/GitHub/VRX_NUMarine/install/share/vrx_gz/models/coast_waves/materials/textures
[0.535s] -- Up-to-date: /home/robotx/Documents/GitHub/VRX_NUMarine/install/share/vrx_gz/models/coast_waves/materials/textures/wave_normals.dds
[0.535s] -- Up-to-date: /home/robotx/Documents/GitHub/VRX_NUMarine/install/share/vrx_gz/models/coast_waves/materials/textures/skybox_lowres.dds
[0.535s] -- Up-to-date: /home/robotx/Documents/GitHub/VRX_NUMarine/install/share/vrx_gz/models/coast_waves/model.config
[0.535s] -- Up-to-date: /home/robotx/Documents/GitHub/VRX_NUMarine/install/share/vrx_gz/models/coast_waves/model.sdf
[0.535s] -- Up-to-date: /home/robotx/Documents/GitHub/VRX_NUMarine/install/share/vrx_gz/models/coast_waves/meshes
[0.535s] -- Up-to-date: /home/robotx/Documents/GitHub/VRX_NUMarine/install/share/vrx_gz/models/coast_waves/meshes/waterlow.dae
[0.535s] -- Up-to-date: /home/robotx/Documents/GitHub/VRX_NUMarine/install/share/vrx_gz/models/robotx_light_buoy_ygb
[0.536s] -- Up-to-date: /home/robotx/Documents/GitHub/VRX_NUMarine/install/share/vrx_gz/models/robotx_light_buoy_ygb/model.config
[0.536s] -- Up-to-date: /home/robotx/Documents/GitHub/VRX_NUMarine/install/share/vrx_gz/models/robotx_light_buoy_ygb/model.sdf
[0.536s] -- Up-to-date: /home/robotx/Documents/GitHub/VRX_NUMarine/install/share/vrx_gz/models/dock_2022
[0.536s] -- Up-to-date: /home/robotx/Documents/GitHub/VRX_NUMarine/install/share/vrx_gz/models/dock_2022/model.config
[0.536s] -- Up-to-date: /home/robotx/Documents/GitHub/VRX_NUMarine/install/share/vrx_gz/models/dock_2022/model.sdf
[0.536s] -- Up-to-date: /home/robotx/Documents/GitHub/VRX_NUMarine/install/share/vrx_gz/models/short_navigation_course_3
[0.536s] -- Up-to-date: /home/robotx/Documents/GitHub/VRX_NUMarine/install/share/vrx_gz/models/short_navigation_course_3/model.config
[0.536s] -- Up-to-date: /home/robotx/Documents/GitHub/VRX_NUMarine/install/share/vrx_gz/models/short_navigation_course_3/model.sdf
[0.536s] -- Up-to-date: /home/robotx/Documents/GitHub/VRX_NUMarine/install/share/vrx_gz/models/ground_station
[0.536s] -- Up-to-date: /home/robotx/Documents/GitHub/VRX_NUMarine/install/share/vrx_gz/models/ground_station/thumbnails
[0.536s] -- Up-to-date: /home/robotx/Documents/GitHub/VRX_NUMarine/install/share/vrx_gz/models/ground_station/thumbnails/2.png
[0.536s] -- Up-to-date: /home/robotx/Documents/GitHub/VRX_NUMarine/install/share/vrx_gz/models/ground_station/thumbnails/4.png
[0.536s] -- Up-to-date: /home/robotx/Documents/GitHub/VRX_NUMarine/install/share/vrx_gz/models/ground_station/thumbnails/1.png
[0.537s] -- Up-to-date: /home/robotx/Documents/GitHub/VRX_NUMarine/install/share/vrx_gz/models/ground_station/thumbnails/3.png
[0.537s] -- Up-to-date: /home/robotx/Documents/GitHub/VRX_NUMarine/install/share/vrx_gz/models/ground_station/thumbnails/5.png
[0.537s] -- Up-to-date: /home/robotx/Documents/GitHub/VRX_NUMarine/install/share/vrx_gz/models/ground_station/model.config
[0.537s] -- Up-to-date: /home/robotx/Documents/GitHub/VRX_NUMarine/install/share/vrx_gz/models/ground_station/model.sdf
[0.537s] -- Up-to-date: /home/robotx/Documents/GitHub/VRX_NUMarine/install/share/vrx_gz/models/robotx_light_buoy_rgy
[0.537s] -- Up-to-date: /home/robotx/Documents/GitHub/VRX_NUMarine/install/share/vrx_gz/models/robotx_light_buoy_rgy/model.config
[0.537s] -- Up-to-date: /home/robotx/Documents/GitHub/VRX_NUMarine/install/share/vrx_gz/models/robotx_light_buoy_rgy/model.sdf
[0.537s] -- Up-to-date: /home/robotx/Documents/GitHub/VRX_NUMarine/install/share/vrx_gz/models/short_navigation_course_5
[0.537s] -- Up-to-date: /home/robotx/Documents/GitHub/VRX_NUMarine/install/share/vrx_gz/models/short_navigation_course_5/model.config
[0.537s] -- Up-to-date: /home/robotx/Documents/GitHub/VRX_NUMarine/install/share/vrx_gz/models/short_navigation_course_5/model.sdf
[0.537s] -- Up-to-date: /home/robotx/Documents/GitHub/VRX_NUMarine/install/share/vrx_gz/models/roboboat02
[0.537s] -- Up-to-date: /home/robotx/Documents/GitHub/VRX_NUMarine/install/share/vrx_gz/models/roboboat02/materials
[0.538s] -- Up-to-date: /home/robotx/Documents/GitHub/VRX_NUMarine/install/share/vrx_gz/models/roboboat02/materials/scripts
[0.538s] -- Up-to-date: /home/robotx/Documents/GitHub/VRX_NUMarine/install/share/vrx_gz/models/roboboat02/materials/scripts/model.material
[0.538s] -- Up-to-date: /home/robotx/Documents/GitHub/VRX_NUMarine/install/share/vrx_gz/models/roboboat02/materials/textures
[0.538s] -- Up-to-date: /home/robotx/Documents/GitHub/VRX_NUMarine/install/share/vrx_gz/models/roboboat02/materials/textures/Boat02_Albedo.png
[0.538s] -- Up-to-date: /home/robotx/Documents/GitHub/VRX_NUMarine/install/share/vrx_gz/models/roboboat02/materials/textures/Boat02_Roughness.png
[0.538s] -- Up-to-date: /home/robotx/Documents/GitHub/VRX_NUMarine/install/share/vrx_gz/models/roboboat02/materials/textures/Boat02_Normal.png
[0.538s] -- Up-to-date: /home/robotx/Documents/GitHub/VRX_NUMarine/install/share/vrx_gz/models/roboboat02/materials/textures/Boat02_Metallic.png
[0.538s] -- Up-to-date: /home/robotx/Documents/GitHub/VRX_NUMarine/install/share/vrx_gz/models/roboboat02/model.config
[0.538s] -- Up-to-date: /home/robotx/Documents/GitHub/VRX_NUMarine/install/share/vrx_gz/models/roboboat02/model.sdf
[0.538s] -- Up-to-date: /home/robotx/Documents/GitHub/VRX_NUMarine/install/share/vrx_gz/models/roboboat02/meshes
[0.539s] -- Up-to-date: /home/robotx/Documents/GitHub/VRX_NUMarine/install/share/vrx_gz/models/roboboat02/meshes/roboboat02.dae
[0.539s] -- Up-to-date: /home/robotx/Documents/GitHub/VRX_NUMarine/install/share/vrx_gz/models/robotx_light_buoy_bgr
[0.539s] -- Up-to-date: /home/robotx/Documents/GitHub/VRX_NUMarine/install/share/vrx_gz/models/robotx_light_buoy_bgr/model.config
[0.539s] -- Up-to-date: /home/robotx/Documents/GitHub/VRX_NUMarine/install/share/vrx_gz/models/robotx_light_buoy_bgr/model.sdf
[0.539s] -- Up-to-date: /home/robotx/Documents/GitHub/VRX_NUMarine/install/share/vrx_gz/models/entrance_exit
[0.539s] -- Up-to-date: /home/robotx/Documents/GitHub/VRX_NUMarine/install/share/vrx_gz/models/entrance_exit/model.config
[0.539s] -- Up-to-date: /home/robotx/Documents/GitHub/VRX_NUMarine/install/share/vrx_gz/models/entrance_exit/model.sdf
[0.539s] -- Up-to-date: /home/robotx/Documents/GitHub/VRX_NUMarine/install/share/vrx_gz/models/dock_2022_base
[0.539s] -- Up-to-date: /home/robotx/Documents/GitHub/VRX_NUMarine/install/share/vrx_gz/models/dock_2022_base/model.config
[0.539s] -- Up-to-date: /home/robotx/Documents/GitHub/VRX_NUMarine/install/share/vrx_gz/models/dock_2022_base/model.sdf
[0.539s] -- Up-to-date: /home/robotx/Documents/GitHub/VRX_NUMarine/install/share/vrx_gz/models/platform
[0.539s] -- Up-to-date: /home/robotx/Documents/GitHub/VRX_NUMarine/install/share/vrx_gz/models/platform/model.config
[0.540s] -- Up-to-date: /home/robotx/Documents/GitHub/VRX_NUMarine/install/share/vrx_gz/models/platform/model.sdf
[0.540s] -- Up-to-date: /home/robotx/Documents/GitHub/VRX_NUMarine/install/share/vrx_gz/models/mb_marker_buoy_green
[0.540s] -- Up-to-date: /home/robotx/Documents/GitHub/VRX_NUMarine/install/share/vrx_gz/models/mb_marker_buoy_green/thumbnails
[0.540s] -- Up-to-date: /home/robotx/Documents/GitHub/VRX_NUMarine/install/share/vrx_gz/models/mb_marker_buoy_green/thumbnails/2.png
[0.540s] -- Up-to-date: /home/robotx/Documents/GitHub/VRX_NUMarine/install/share/vrx_gz/models/mb_marker_buoy_green/thumbnails/4.png
[0.541s] -- Up-to-date: /home/robotx/Documents/GitHub/VRX_NUMarine/install/share/vrx_gz/models/mb_marker_buoy_green/thumbnails/1.png
[0.541s] -- Up-to-date: /home/robotx/Documents/GitHub/VRX_NUMarine/install/share/vrx_gz/models/mb_marker_buoy_green/thumbnails/3.png
[0.541s] -- Up-to-date: /home/robotx/Documents/GitHub/VRX_NUMarine/install/share/vrx_gz/models/mb_marker_buoy_green/thumbnails/5.png
[0.541s] -- Up-to-date: /home/robotx/Documents/GitHub/VRX_NUMarine/install/share/vrx_gz/models/mb_marker_buoy_green/model.config
[0.541s] -- Up-to-date: /home/robotx/Documents/GitHub/VRX_NUMarine/install/share/vrx_gz/models/mb_marker_buoy_green/model.sdf
[0.541s] -- Up-to-date: /home/robotx/Documents/GitHub/VRX_NUMarine/install/share/vrx_gz/models/mb_marker_buoy_white
[0.541s] -- Up-to-date: /home/robotx/Documents/GitHub/VRX_NUMarine/install/share/vrx_gz/models/mb_marker_buoy_white/thumbnails
[0.542s] -- Up-to-date: /home/robotx/Documents/GitHub/VRX_NUMarine/install/share/vrx_gz/models/mb_marker_buoy_white/thumbnails/2.png
[0.542s] -- Up-to-date: /home/robotx/Documents/GitHub/VRX_NUMarine/install/share/vrx_gz/models/mb_marker_buoy_white/thumbnails/4.png
[0.542s] -- Up-to-date: /home/robotx/Documents/GitHub/VRX_NUMarine/install/share/vrx_gz/models/mb_marker_buoy_white/thumbnails/1.png
[0.542s] -- Up-to-date: /home/robotx/Documents/GitHub/VRX_NUMarine/install/share/vrx_gz/models/mb_marker_buoy_white/thumbnails/3.png
[0.542s] -- Up-to-date: /home/robotx/Documents/GitHub/VRX_NUMarine/install/share/vrx_gz/models/mb_marker_buoy_white/thumbnails/5.png
[0.543s] -- Up-to-date: /home/robotx/Documents/GitHub/VRX_NUMarine/install/share/vrx_gz/models/mb_marker_buoy_white/model.config
[0.543s] -- Up-to-date: /home/robotx/Documents/GitHub/VRX_NUMarine/install/share/vrx_gz/models/mb_marker_buoy_white/model.sdf
[0.543s] -- Up-to-date: /home/robotx/Documents/GitHub/VRX_NUMarine/install/share/vrx_gz/worlds
[0.543s] -- Up-to-date: /home/robotx/Documents/GitHub/VRX_NUMarine/install/share/vrx_gz/worlds/acoustic_tracking_task.sdf
[0.543s] -- Up-to-date: /home/robotx/Documents/GitHub/VRX_NUMarine/install/share/vrx_gz/worlds/scan_dock_deliver_task.sdf
[0.544s] -- Up-to-date: /home/robotx/Documents/GitHub/VRX_NUMarine/install/share/vrx_gz/worlds/stationkeeping_task.sdf
[0.544s] -- Up-to-date: /home/robotx/Documents/GitHub/VRX_NUMarine/install/share/vrx_gz/worlds/gymkhana_task.sdf
[0.544s] -- Up-to-date: /home/robotx/Documents/GitHub/VRX_NUMarine/install/share/vrx_gz/worlds/nbpark.sdf
[0.544s] -- Up-to-date: /home/robotx/Documents/GitHub/VRX_NUMarine/install/share/vrx_gz/worlds/sydney_regatta.sdf
[0.544s] -- Up-to-date: /home/robotx/Documents/GitHub/VRX_NUMarine/install/share/vrx_gz/worlds/follow_path_task.sdf
[0.544s] -- Up-to-date: /home/robotx/Documents/GitHub/VRX_NUMarine/install/share/vrx_gz/worlds/perception_task.sdf
[0.544s] -- Up-to-date: /home/robotx/Documents/GitHub/VRX_NUMarine/install/share/vrx_gz/worlds/2023_practice
[0.544s] -- Up-to-date: /home/robotx/Documents/GitHub/VRX_NUMarine/install/share/vrx_gz/worlds/2023_practice/practice_2023_perception2_task.sdf
[0.544s] -- Up-to-date: /home/robotx/Documents/GitHub/VRX_NUMarine/install/share/vrx_gz/worlds/2023_practice/practice_2023_stationkeeping0_task.sdf
[0.545s] -- Up-to-date: /home/robotx/Documents/GitHub/VRX_NUMarine/install/share/vrx_gz/worlds/2023_practice/practice_2023_acoustic_perception2_task.sdf
[0.545s] -- Up-to-date: /home/robotx/Documents/GitHub/VRX_NUMarine/install/share/vrx_gz/worlds/2023_practice/practice_2023_wayfinding1_task.sdf
[0.545s] -- Up-to-date: /home/robotx/Documents/GitHub/VRX_NUMarine/install/share/vrx_gz/worlds/2023_practice/practice_2023_wayfinding2_task.sdf
[0.546s] -- Up-to-date: /home/robotx/Documents/GitHub/VRX_NUMarine/install/share/vrx_gz/worlds/2023_practice/practice_2023_scan_dock_deliver1_task.sdf
[0.546s] -- Up-to-date: /home/robotx/Documents/GitHub/VRX_NUMarine/install/share/vrx_gz/worlds/2023_practice/practice_2023_stationkeeping1_task.sdf
[0.546s] -- Up-to-date: /home/robotx/Documents/GitHub/VRX_NUMarine/install/share/vrx_gz/worlds/2023_practice/practice_2023_stationkeeping2_task.sdf
[0.546s] -- Up-to-date: /home/robotx/Documents/GitHub/VRX_NUMarine/install/share/vrx_gz/worlds/2023_practice/practice_2023_perception0_task.sdf
[0.546s] -- Up-to-date: /home/robotx/Documents/GitHub/VRX_NUMarine/install/share/vrx_gz/worlds/2023_practice/practice_2023_follow_path2_task.sdf
[0.547s] -- Up-to-date: /home/robotx/Documents/GitHub/VRX_NUMarine/install/share/vrx_gz/worlds/2023_practice/practice_2023_wildlife0_task.sdf
[0.547s] -- Up-to-date: /home/robotx/Documents/GitHub/VRX_NUMarine/install/share/vrx_gz/worlds/2023_practice/practice_2023_scan_dock_deliver0_task.sdf
[0.547s] -- Up-to-date: /home/robotx/Documents/GitHub/VRX_NUMarine/install/share/vrx_gz/worlds/2023_practice/practice_2023_wildlife2_task.sdf
[0.547s] -- Up-to-date: /home/robotx/Documents/GitHub/VRX_NUMarine/install/share/vrx_gz/worlds/2023_practice/practice_2023_acoustic_tracking0_task.sdf
[0.547s] -- Up-to-date: /home/robotx/Documents/GitHub/VRX_NUMarine/install/share/vrx_gz/worlds/2023_practice/practice_2023_acoustic_perception1_task.sdf
[0.547s] -- Up-to-date: /home/robotx/Documents/GitHub/VRX_NUMarine/install/share/vrx_gz/worlds/2023_practice/practice_2023_acoustic_tracking2_task.sdf
[0.548s] -- Up-to-date: /home/robotx/Documents/GitHub/VRX_NUMarine/install/share/vrx_gz/worlds/2023_practice/practice_2023_follow_path0_task.sdf
[0.548s] -- Up-to-date: /home/robotx/Documents/GitHub/VRX_NUMarine/install/share/vrx_gz/worlds/2023_practice/practice_2023_acoustic_perception0_task.sdf
[0.548s] -- Up-to-date: /home/robotx/Documents/GitHub/VRX_NUMarine/install/share/vrx_gz/worlds/2023_practice/practice_2023_wayfinding0_task.sdf
[0.548s] -- Up-to-date: /home/robotx/Documents/GitHub/VRX_NUMarine/install/share/vrx_gz/worlds/2023_practice/practice_2023_acoustic_tracking1_task.sdf
[0.548s] -- Up-to-date: /home/robotx/Documents/GitHub/VRX_NUMarine/install/share/vrx_gz/worlds/2023_practice/practice_2023_scan_dock_deliver2_task.sdf
[0.548s] -- Up-to-date: /home/robotx/Documents/GitHub/VRX_NUMarine/install/share/vrx_gz/worlds/2023_practice/practice_2023_follow_path1_task.sdf
[0.548s] -- Up-to-date: /home/robotx/Documents/GitHub/VRX_NUMarine/install/share/vrx_gz/worlds/2023_practice/practice_2023_wildlife1_task.sdf
[0.548s] -- Up-to-date: /home/robotx/Documents/GitHub/VRX_NUMarine/install/share/vrx_gz/worlds/2023_practice/practice_2023_perception1_task.sdf
[0.548s] -- Up-to-date: /home/robotx/Documents/GitHub/VRX_NUMarine/install/share/vrx_gz/worlds/wildlife_task.sdf
[0.549s] -- Up-to-date: /home/robotx/Documents/GitHub/VRX_NUMarine/install/share/vrx_gz/worlds/navigation_task.sdf
[0.549s] -- Up-to-date: /home/robotx/Documents/GitHub/VRX_NUMarine/install/share/vrx_gz/worlds/acoustic_perception_task.sdf
[0.549s] -- Up-to-date: /home/robotx/Documents/GitHub/VRX_NUMarine/install/share/vrx_gz/worlds/wayfinding_task.sdf
[0.550s] -- Up-to-date: /home/robotx/Documents/GitHub/VRX_NUMarine/install/share/ament_index/resource_index/package_run_dependencies/vrx_gz
[0.550s] -- Up-to-date: /home/robotx/Documents/GitHub/VRX_NUMarine/install/share/ament_index/resource_index/parent_prefix_path/vrx_gz
[0.550s] -- Up-to-date: /home/robotx/Documents/GitHub/VRX_NUMarine/install/share/vrx_gz/environment/ament_prefix_path.sh
[0.551s] -- Up-to-date: /home/robotx/Documents/GitHub/VRX_NUMarine/install/share/vrx_gz/environment/ament_prefix_path.dsv
[0.551s] -- Up-to-date: /home/robotx/Documents/GitHub/VRX_NUMarine/install/share/vrx_gz/environment/path.sh
[0.551s] -- Up-to-date: /home/robotx/Documents/GitHub/VRX_NUMarine/install/share/vrx_gz/environment/path.dsv
[0.551s] -- Up-to-date: /home/robotx/Documents/GitHub/VRX_NUMarine/install/share/vrx_gz/local_setup.bash
[0.551s] -- Up-to-date: /home/robotx/Documents/GitHub/VRX_NUMarine/install/share/vrx_gz/local_setup.sh
[0.551s] -- Up-to-date: /home/robotx/Documents/GitHub/VRX_NUMarine/install/share/vrx_gz/local_setup.zsh
[0.551s] -- Up-to-date: /home/robotx/Documents/GitHub/VRX_NUMarine/install/share/vrx_gz/local_setup.dsv
[0.551s] -- Installing: /home/robotx/Documents/GitHub/VRX_NUMarine/install/share/vrx_gz/package.dsv
[0.552s] -- Up-to-date: /home/robotx/Documents/GitHub/VRX_NUMarine/install/share/ament_index/resource_index/packages/vrx_gz
[0.552s] -- Up-to-date: /home/robotx/Documents/GitHub/VRX_NUMarine/install/share/vrx_gz/cmake/vrx_gzConfig.cmake
[0.552s] -- Up-to-date: /home/robotx/Documents/GitHub/VRX_NUMarine/install/share/vrx_gz/cmake/vrx_gzConfig-version.cmake
[0.552s] -- Up-to-date: /home/robotx/Documents/GitHub/VRX_NUMarine/install/share/vrx_gz/package.xml
[0.552s] Invoked command in '/home/robotx/Documents/GitHub/VRX_NUMarine/build/vrx_gz' returned '0': AMENT_PREFIX_PATH=/home/robotx/Documents/GitHub/VRX_NUMarine/install:${AMENT_PREFIX_PATH} CMAKE_PREFIX_PATH=/home/robotx/Documents/GitHub/VRX_NUMarine/install:/opt/ros/humble LD_LIBRARY_PATH=/home/robotx/Documents/GitHub/VRX_NUMarine/install/lib:${LD_LIBRARY_PATH} /usr/bin/cmake --install /home/robotx/Documents/GitHub/VRX_NUMarine/build/vrx_gz
