[0.023s] Invoking command in '/home/jain/Documents/GitHub/VRX_NUMarine/build/vrx_ros': CMAKE_PREFIX_PATH=/opt/ros/humble /usr/bin/cmake /home/jain/Documents/GitHub/VRX_NUMarine/src/vrx/ros_packages/vrx_ros -DCMAKE_INSTALL_PREFIX=/home/jain/Documents/GitHub/VRX_NUMarine/install
[0.082s] -- The C compiler identification is GNU 11.4.0
[0.160s] -- The CXX compiler identification is GNU 11.4.0
[0.171s] -- Detecting C compiler ABI info
[0.252s] -- Detecting C compiler ABI info - done
[0.269s] -- Check for working C compiler: /usr/bin/cc - skipped
[0.269s] -- Detecting C compile features
[0.270s] -- Detecting C compile features - done
[0.275s] -- Detecting CXX compiler ABI info
[0.368s] -- Detecting CXX compiler ABI info - done
[0.378s] -- Check for working CXX compiler: /usr/bin/c++ - skipped
[0.379s] -- Detecting CXX compile features
[0.379s] -- Detecting CXX compile features - done
[0.384s] -- Found ament_cmake: 1.3.9 (/opt/ros/humble/share/ament_cmake/cmake)
[0.586s] -- Found Python3: /usr/bin/python3 (found version "3.10.12") found components: Interpreter 
[0.728s] -- Found geometry_msgs: 4.2.4 (/opt/ros/humble/share/geometry_msgs/cmake)
[0.791s] -- Found rosidl_generator_c: 3.1.5 (/opt/ros/humble/share/rosidl_generator_c/cmake)
[0.801s] -- Found rosidl_adapter: 3.1.5 (/opt/ros/humble/share/rosidl_adapter/cmake)
[0.816s] -- Found rosidl_generator_cpp: 3.1.5 (/opt/ros/humble/share/rosidl_generator_cpp/cmake)
[0.846s] -- Using all available rosidl_typesupport_c: rosidl_typesupport_fastrtps_c;rosidl_typesupport_introspection_c
[0.885s] -- Using all available rosidl_typesupport_cpp: rosidl_typesupport_fastrtps_cpp;rosidl_typesupport_introspection_cpp
[1.067s] -- Looking for gz-msgs9 -- found version 9.5.0
[1.074s] -- Searching for dependencies of gz-msgs9
[1.249s] -- Found Protobuf: /usr/lib/x86_64-linux-gnu/libprotobuf.so (found version "3.12.4") 
[1.252s] -- Looking for gz-math7 -- found version 7.5.0
[1.252s] -- Searching for dependencies of gz-math7
[1.255s] -- Looking for gz-utils2 -- found version 2.2.0
[1.255s] -- Searching for dependencies of gz-utils2
[1.262s] -- Checking for module 'tinyxml2'
[1.274s] --   Found tinyxml2, version 9.0.0
[1.307s] -- Looking for gz-transport12 -- found version 12.2.1
[1.307s] -- Searching for dependencies of gz-transport12
[1.337s] -- Config-file not installed for ZeroMQ -- checking for pkg-config
[1.342s] -- Checking for module 'libzmq >= 4'
[1.355s] --   Found libzmq , version 4.3.4
[1.388s] -- Found ZeroMQ: TRUE (Required is at least version "4") 
[1.394s] -- Checking for module 'uuid'
[1.405s] --   Found uuid, version 2.37.2
[1.436s] -- Found UUID: TRUE  
[1.437s] -- Looking for gz-utils2 -- found version 2.2.0
[1.438s] -- Searching for dependencies of gz-utils2
[1.438s] -- Searching for <gz-utils2> component [cli]
[1.441s] -- Looking for gz-utils2-cli -- found version 2.2.0
[1.442s] -- Searching for dependencies of gz-utils2-cli
[1.443s] -- Looking for gz-msgs9 -- found version 9.5.0
[1.446s] -- Found rclcpp: 16.0.9 (/opt/ros/humble/share/rclcpp/cmake)
[1.523s] -- Found rmw_implementation_cmake: 6.1.2 (/opt/ros/humble/share/rmw_implementation_cmake/cmake)
[1.525s] -- Found rmw_fastrtps_cpp: 6.2.6 (/opt/ros/humble/share/rmw_fastrtps_cpp/cmake)
[1.630s] -- Found OpenSSL: /usr/lib/x86_64-linux-gnu/libcrypto.so (found version "3.0.2")  
[1.659s] -- Found FastRTPS: /opt/ros/humble/include  
[1.712s] -- Using RMW implementation 'rmw_fastrtps_cpp' as default
[1.723s] -- Found Threads: TRUE  
[1.892s] -- Found ros_gz_interfaces: 0.244.11 (/opt/ros/humble/share/ros_gz_interfaces/cmake)
[2.029s] -- Found sensor_msgs: 4.2.4 (/opt/ros/humble/share/sensor_msgs/cmake)
[2.139s] -- Found tf2: 0.25.7 (/opt/ros/humble/share/tf2/cmake)
[2.155s] -- Found tf2_msgs: 0.25.7 (/opt/ros/humble/share/tf2_msgs/cmake)
[2.348s] -- Found tf2_ros: 0.25.7 (/opt/ros/humble/share/tf2_ros/cmake)
[2.618s] -- Configuring done
[2.634s] -- Generating done
[2.636s] -- Build files have been written to: /home/jain/Documents/GitHub/VRX_NUMarine/build/vrx_ros
