-- Install configuration: ""
-- Up-to-date: /home/jain/Documents/GitHub/VRX_NUMarine/install/share/gps_odom_pkg/config
-- Up-to-date: /home/jain/Documents/GitHub/VRX_NUMarine/install/share/gps_odom_pkg/config/dual_ekf_navsat_params.yaml
-- Up-to-date: /home/jain/Documents/GitHub/VRX_NUMarine/install/share/gps_odom_pkg/config/nav2_params.yaml
-- Up-to-date: /home/jain/Documents/GitHub/VRX_NUMarine/install/share/gps_odom_pkg/launch
-- Up-to-date: /home/jain/Documents/GitHub/VRX_NUMarine/install/share/gps_odom_pkg/launch/nav2_launch.py
-- Installing: /home/jain/Documents/GitHub/VRX_NUMarine/install/share/gps_odom_pkg/launch/localization_launch.py
-- Up-to-date: /home/jain/Documents/GitHub/VRX_NUMarine/install/share/ament_index/resource_index/package_run_dependencies/gps_odom_pkg
-- Installing: /home/jain/Documents/GitHub/VRX_NUMarine/install/share/ament_index/resource_index/parent_prefix_path/gps_odom_pkg
-- Up-to-date: /home/jain/Documents/GitHub/VRX_NUMarine/install/share/gps_odom_pkg/environment/ament_prefix_path.sh
-- Up-to-date: /home/jain/Documents/GitHub/VRX_NUMarine/install/share/gps_odom_pkg/environment/ament_prefix_path.dsv
-- Up-to-date: /home/jain/Documents/GitHub/VRX_NUMarine/install/share/gps_odom_pkg/environment/path.sh
-- Up-to-date: /home/jain/Documents/GitHub/VRX_NUMarine/install/share/gps_odom_pkg/environment/path.dsv
-- Up-to-date: /home/jain/Documents/GitHub/VRX_NUMarine/install/share/gps_odom_pkg/local_setup.bash
-- Up-to-date: /home/jain/Documents/GitHub/VRX_NUMarine/install/share/gps_odom_pkg/local_setup.sh
-- Up-to-date: /home/jain/Documents/GitHub/VRX_NUMarine/install/share/gps_odom_pkg/local_setup.zsh
-- Up-to-date: /home/jain/Documents/GitHub/VRX_NUMarine/install/share/gps_odom_pkg/local_setup.dsv
-- Installing: /home/jain/Documents/GitHub/VRX_NUMarine/install/share/gps_odom_pkg/package.dsv
-- Up-to-date: /home/jain/Documents/GitHub/VRX_NUMarine/install/share/ament_index/resource_index/packages/gps_odom_pkg
-- Up-to-date: /home/jain/Documents/GitHub/VRX_NUMarine/install/share/gps_odom_pkg/cmake/gps_odom_pkgConfig.cmake
-- Up-to-date: /home/jain/Documents/GitHub/VRX_NUMarine/install/share/gps_odom_pkg/cmake/gps_odom_pkgConfig-version.cmake
-- Up-to-date: /home/jain/Documents/GitHub/VRX_NUMarine/install/share/gps_odom_pkg/package.xml
