[0.078s] Invoking command in '/home/jain/Documents/GitHub/VRX_NUMarine/build/my_velocity_to_pwm': CMAKE_PREFIX_PATH=${CMAKE_PREFIX_PATH}:/opt/ros/humble /usr/bin/cmake --build /home/jain/Documents/GitHub/VRX_NUMarine/build/my_velocity_to_pwm -- -j8 -l8
[0.256s] [ 50%] [32mBuilding CXX object CMakeFiles/velocity_to_pwm_node.dir/src/velocity_to_pwm_node.cpp.o[0m
[19.247s] [100%] [32m[1mLinking CXX executable velocity_to_pwm_node[0m
[20.260s] [100%] Built target velocity_to_pwm_node
[20.281s] Invoked command in '/home/jain/Documents/GitHub/VRX_NUMarine/build/my_velocity_to_pwm' returned '0': CMAKE_PREFIX_PATH=${CMAKE_PREFIX_PATH}:/opt/ros/humble /usr/bin/cmake --build /home/jain/Documents/GitHub/VRX_NUMarine/build/my_velocity_to_pwm -- -j8 -l8
[20.325s] Invoking command in '/home/jain/Documents/GitHub/VRX_NUMarine/build/my_velocity_to_pwm': CMAKE_PREFIX_PATH=${CMAKE_PREFIX_PATH}:/opt/ros/humble /usr/bin/cmake --install /home/jain/Documents/GitHub/VRX_NUMarine/build/my_velocity_to_pwm
[20.339s] -- Install configuration: ""
[20.339s] -- Installing: /home/jain/Documents/GitHub/VRX_NUMarine/install/lib/my_velocity_to_pwm/velocity_to_pwm_node
[20.344s] -- Set runtime path of "/home/jain/Documents/GitHub/VRX_NUMarine/install/lib/my_velocity_to_pwm/velocity_to_pwm_node" to ""
[20.344s] -- Up-to-date: /home/jain/Documents/GitHub/VRX_NUMarine/install/share/ament_index/resource_index/package_run_dependencies/my_velocity_to_pwm
[20.345s] -- Up-to-date: /home/jain/Documents/GitHub/VRX_NUMarine/install/share/ament_index/resource_index/parent_prefix_path/my_velocity_to_pwm
[20.345s] -- Up-to-date: /home/jain/Documents/GitHub/VRX_NUMarine/install/share/my_velocity_to_pwm/environment/ament_prefix_path.sh
[20.345s] -- Up-to-date: /home/jain/Documents/GitHub/VRX_NUMarine/install/share/my_velocity_to_pwm/environment/ament_prefix_path.dsv
[20.345s] -- Up-to-date: /home/jain/Documents/GitHub/VRX_NUMarine/install/share/my_velocity_to_pwm/environment/path.sh
[20.345s] -- Up-to-date: /home/jain/Documents/GitHub/VRX_NUMarine/install/share/my_velocity_to_pwm/environment/path.dsv
[20.346s] -- Up-to-date: /home/jain/Documents/GitHub/VRX_NUMarine/install/share/my_velocity_to_pwm/local_setup.bash
[20.346s] -- Up-to-date: /home/jain/Documents/GitHub/VRX_NUMarine/install/share/my_velocity_to_pwm/local_setup.sh
[20.346s] -- Up-to-date: /home/jain/Documents/GitHub/VRX_NUMarine/install/share/my_velocity_to_pwm/local_setup.zsh
[20.346s] -- Up-to-date: /home/jain/Documents/GitHub/VRX_NUMarine/install/share/my_velocity_to_pwm/local_setup.dsv
[20.346s] -- Installing: /home/jain/Documents/GitHub/VRX_NUMarine/install/share/my_velocity_to_pwm/package.dsv
[20.346s] -- Up-to-date: /home/jain/Documents/GitHub/VRX_NUMarine/install/share/ament_index/resource_index/packages/my_velocity_to_pwm
[20.347s] -- Up-to-date: /home/jain/Documents/GitHub/VRX_NUMarine/install/share/my_velocity_to_pwm/cmake/my_velocity_to_pwmConfig.cmake
[20.347s] -- Up-to-date: /home/jain/Documents/GitHub/VRX_NUMarine/install/share/my_velocity_to_pwm/cmake/my_velocity_to_pwmConfig-version.cmake
[20.347s] -- Up-to-date: /home/jain/Documents/GitHub/VRX_NUMarine/install/share/my_velocity_to_pwm/package.xml
[20.349s] Invoked command in '/home/jain/Documents/GitHub/VRX_NUMarine/build/my_velocity_to_pwm' returned '0': CMAKE_PREFIX_PATH=${CMAKE_PREFIX_PATH}:/opt/ros/humble /usr/bin/cmake --install /home/jain/Documents/GitHub/VRX_NUMarine/build/my_velocity_to_pwm
