[0.139s] Invoking command in '/home/rileychron111/Documents/GitHub/VRX_NUMarine/build/guidance_cpp': CMAKE_PREFIX_PATH=${CMAKE_PREFIX_PATH}:/opt/ros/humble /usr/bin/cmake /home/rileychron111/Documents/GitHub/VRX_NUMarine/src/vrx/ros_packages/guidance_cpp -DCMAKE_INSTALL_PREFIX=/home/rileychron111/Documents/GitHub/VRX_NUMarine/install
[0.308s] -- The C compiler identification is GNU 11.4.0
[0.308s] -- The CXX compiler identification is GNU 11.4.0
[0.308s] -- Detecting C compiler ABI info
[0.308s] -- Detecting C compiler ABI info - done
[0.308s] -- Check for working C compiler: /usr/bin/cc - skipped
[0.308s] -- Detecting C compile features
[0.308s] -- Detecting C compile features - done
[0.308s] -- Detecting CXX compiler ABI info
[0.308s] -- Detecting CXX compiler ABI info - done
[0.310s] -- Check for working CXX compiler: /usr/bin/c++ - skipped
[0.310s] -- Detecting CXX compile features
[0.310s] -- Detecting CXX compile features - done
[0.310s] -- Found ament_cmake: 1.3.9 (/opt/ros/humble/share/ament_cmake/cmake)
[0.409s] -- Found Python3: /usr/bin/python3 (found version "3.10.12") found components: Interpreter 
[0.476s] -- Found rclcpp: 16.0.9 (/opt/ros/humble/share/rclcpp/cmake)
[0.514s] -- Found rosidl_generator_c: 3.1.5 (/opt/ros/humble/share/rosidl_generator_c/cmake)
[0.519s] -- Found rosidl_adapter: 3.1.5 (/opt/ros/humble/share/rosidl_adapter/cmake)
[0.527s] -- Found rosidl_generator_cpp: 3.1.5 (/opt/ros/humble/share/rosidl_generator_cpp/cmake)
[0.540s] -- Using all available rosidl_typesupport_c: rosidl_typesupport_fastrtps_c;rosidl_typesupport_introspection_c
[0.559s] -- Using all available rosidl_typesupport_cpp: rosidl_typesupport_fastrtps_cpp;rosidl_typesupport_introspection_cpp
[0.625s] -- Found rmw_implementation_cmake: 6.1.2 (/opt/ros/humble/share/rmw_implementation_cmake/cmake)
[0.627s] -- Found rmw_fastrtps_cpp: 6.2.6 (/opt/ros/humble/share/rmw_fastrtps_cpp/cmake)
[0.702s] -- Found OpenSSL: /usr/lib/x86_64-linux-gnu/libcrypto.so (found version "3.0.2")  
[0.718s] -- Found FastRTPS: /opt/ros/humble/include  
[0.745s] -- Using RMW implementation 'rmw_fastrtps_cpp' as default
[0.750s] -- Looking for pthread.h
[0.788s] -- Looking for pthread.h - found
[0.788s] -- Performing Test CMAKE_HAVE_LIBC_PTHREAD
[0.826s] -- Performing Test CMAKE_HAVE_LIBC_PTHREAD - Success
[0.827s] -- Found Threads: TRUE  
[0.918s] -- Found geometry_msgs: 4.2.4 (/opt/ros/humble/share/geometry_msgs/cmake)
[0.944s] -- Found sensor_msgs: 4.2.4 (/opt/ros/humble/share/sensor_msgs/cmake)
[1.003s] -- Found rosidl_default_generators: 1.2.0 (/opt/ros/humble/share/rosidl_default_generators/cmake)
[1.122s] [31mCMake Error at /opt/ros/humble/share/rosidl_cmake/cmake/rosidl_generate_interfaces.cmake:229 (message):
[1.122s]   Packages installing interfaces must include
[1.122s]   '<member_of_group>rosidl_interface_packages</member_of_group>' in their
[1.122s]   package.xml
[1.122s] Call Stack (most recent call first):
[1.122s]   CMakeLists.txt:19 (rosidl_generate_interfaces)
[1.122s] 
[1.122s] [0m
[1.122s] -- Configuring incomplete, errors occurred!
[1.122s] See also "/home/rileychron111/Documents/GitHub/VRX_NUMarine/build/guidance_cpp/CMakeFiles/CMakeOutput.log".
[1.129s] Invoked command in '/home/rileychron111/Documents/GitHub/VRX_NUMarine/build/guidance_cpp' returned '1': CMAKE_PREFIX_PATH=${CMAKE_PREFIX_PATH}:/opt/ros/humble /usr/bin/cmake /home/rileychron111/Documents/GitHub/VRX_NUMarine/src/vrx/ros_packages/guidance_cpp -DCMAKE_INSTALL_PREFIX=/home/rileychron111/Documents/GitHub/VRX_NUMarine/install
