[0.055s] Invoking command in '/home/numarine/Documents/GitHub/VRX_NUMarine/build/vrx_ros': CMAKE_PREFIX_PATH=${CMAKE_PREFIX_PATH}:/opt/ros/humble /usr/bin/cmake --build /home/numarine/Documents/GitHub/VRX_NUMarine/build/vrx_ros -- -j12 -l12
[0.165s] [ 50%] Built target optical_frame_publisher
[0.169s] [100%] Built target pose_tf_broadcaster
[0.208s] Invoked command in '/home/numarine/Documents/GitHub/VRX_NUMarine/build/vrx_ros' returned '0': CMAKE_PREFIX_PATH=${CMAKE_PREFIX_PATH}:/opt/ros/humble /usr/bin/cmake --build /home/numarine/Documents/GitHub/VRX_NUMarine/build/vrx_ros -- -j12 -l12
[0.274s] Invoking command in '/home/numarine/Documents/GitHub/VRX_NUMarine/build/vrx_ros': CMAKE_PREFIX_PATH=${CMAKE_PREFIX_PATH}:/opt/ros/humble /usr/bin/cmake --install /home/numarine/Documents/GitHub/VRX_NUMarine/build/vrx_ros
[0.299s] -- Install configuration: ""
[0.300s] -- Up-to-date: /home/numarine/Documents/GitHub/VRX_NUMarine/install/lib/vrx_ros/optical_frame_publisher
[0.301s] -- Up-to-date: /home/numarine/Documents/GitHub/VRX_NUMarine/install/lib/vrx_ros/pose_tf_broadcaster
[0.301s] -- Up-to-date: /home/numarine/Documents/GitHub/VRX_NUMarine/install/share/vrx_ros/launch
[0.301s] -- Up-to-date: /home/numarine/Documents/GitHub/VRX_NUMarine/install/share/vrx_ros/launch/monitor_sim.py
[0.301s] -- Up-to-date: /home/numarine/Documents/GitHub/VRX_NUMarine/install/share/ament_index/resource_index/package_run_dependencies/vrx_ros
[0.301s] -- Up-to-date: /home/numarine/Documents/GitHub/VRX_NUMarine/install/share/ament_index/resource_index/parent_prefix_path/vrx_ros
[0.302s] -- Up-to-date: /home/numarine/Documents/GitHub/VRX_NUMarine/install/share/vrx_ros/environment/ament_prefix_path.sh
[0.302s] -- Up-to-date: /home/numarine/Documents/GitHub/VRX_NUMarine/install/share/vrx_ros/environment/ament_prefix_path.dsv
[0.302s] -- Up-to-date: /home/numarine/Documents/GitHub/VRX_NUMarine/install/share/vrx_ros/environment/path.sh
[0.303s] -- Up-to-date: /home/numarine/Documents/GitHub/VRX_NUMarine/install/share/vrx_ros/environment/path.dsv
[0.303s] -- Up-to-date: /home/numarine/Documents/GitHub/VRX_NUMarine/install/share/vrx_ros/local_setup.bash
[0.303s] -- Up-to-date: /home/numarine/Documents/GitHub/VRX_NUMarine/install/share/vrx_ros/local_setup.sh
[0.304s] -- Up-to-date: /home/numarine/Documents/GitHub/VRX_NUMarine/install/share/vrx_ros/local_setup.zsh
[0.304s] -- Up-to-date: /home/numarine/Documents/GitHub/VRX_NUMarine/install/share/vrx_ros/local_setup.dsv
[0.305s] -- Installing: /home/numarine/Documents/GitHub/VRX_NUMarine/install/share/vrx_ros/package.dsv
[0.306s] -- Up-to-date: /home/numarine/Documents/GitHub/VRX_NUMarine/install/share/ament_index/resource_index/packages/vrx_ros
[0.306s] -- Up-to-date: /home/numarine/Documents/GitHub/VRX_NUMarine/install/share/vrx_ros/cmake/vrx_rosConfig.cmake
[0.306s] -- Up-to-date: /home/numarine/Documents/GitHub/VRX_NUMarine/install/share/vrx_ros/cmake/vrx_rosConfig-version.cmake
[0.306s] -- Up-to-date: /home/numarine/Documents/GitHub/VRX_NUMarine/install/share/vrx_ros/package.xml
[0.350s] Invoked command in '/home/numarine/Documents/GitHub/VRX_NUMarine/build/vrx_ros' returned '0': CMAKE_PREFIX_PATH=${CMAKE_PREFIX_PATH}:/opt/ros/humble /usr/bin/cmake --install /home/numarine/Documents/GitHub/VRX_NUMarine/build/vrx_ros
