[0.045s] Invoking command in '/home/jain/Documents/GitHub/VRX_NUMarine/build/imu_heading_pkg': CMAKE_PREFIX_PATH=${CMAKE_PREFIX_PATH}:/opt/ros/humble /usr/bin/cmake /home/jain/Documents/GitHub/VRX_NUMarine/src/vrx/ros_packages/imu_heading_pkg -DCMAKE_INSTALL_PREFIX=/home/jain/Documents/GitHub/VRX_NUMarine/install
[0.169s] -- The C compiler identification is GNU 11.4.0
[0.293s] -- The CXX compiler identification is GNU 11.4.0
[0.305s] -- Detecting C compiler ABI info
[0.475s] -- Detecting C compiler ABI info - done
[0.496s] -- Check for working C compiler: /usr/bin/cc - skipped
[0.496s] -- Detecting C compile features
[0.497s] -- Detecting C compile features - done
[0.504s] -- Detecting CXX compiler ABI info
[0.676s] -- Detecting CXX compiler ABI info - done
[0.697s] -- Check for working CXX compiler: /usr/bin/c++ - skipped
[0.697s] -- Detecting CXX compile features
[0.698s] -- Detecting CXX compile features - done
[0.703s] -- Found ament_cmake: 1.3.9 (/opt/ros/humble/share/ament_cmake/cmake)
[1.069s] -- Found Python3: /usr/bin/python3 (found version "3.10.12") found components: Interpreter 
[1.280s] -- Found rclcpp: 16.0.9 (/opt/ros/humble/share/rclcpp/cmake)
[1.399s] -- Found rosidl_generator_c: 3.1.5 (/opt/ros/humble/share/rosidl_generator_c/cmake)
[1.412s] -- Found rosidl_adapter: 3.1.5 (/opt/ros/humble/share/rosidl_adapter/cmake)
[1.430s] -- Found rosidl_generator_cpp: 3.1.5 (/opt/ros/humble/share/rosidl_generator_cpp/cmake)
[1.463s] -- Using all available rosidl_typesupport_c: rosidl_typesupport_fastrtps_c;rosidl_typesupport_introspection_c
[1.514s] -- Using all available rosidl_typesupport_cpp: rosidl_typesupport_fastrtps_cpp;rosidl_typesupport_introspection_cpp
[1.698s] -- Found rmw_implementation_cmake: 6.1.2 (/opt/ros/humble/share/rmw_implementation_cmake/cmake)
[1.703s] -- Found rmw_fastrtps_cpp: 6.2.6 (/opt/ros/humble/share/rmw_fastrtps_cpp/cmake)
[1.987s] -- Found OpenSSL: /usr/lib/x86_64-linux-gnu/libcrypto.so (found version "3.0.2")  
[2.076s] -- Found FastRTPS: /opt/ros/humble/include  
[2.200s] -- Using RMW implementation 'rmw_fastrtps_cpp' as default
[2.220s] -- Looking for pthread.h
[2.396s] -- Looking for pthread.h - found
[2.397s] -- Performing Test CMAKE_HAVE_LIBC_PTHREAD
[2.634s] -- Performing Test CMAKE_HAVE_LIBC_PTHREAD - Success
[2.637s] -- Found Threads: TRUE  
[3.087s] -- Found sensor_msgs: 4.2.4 (/opt/ros/humble/share/sensor_msgs/cmake)
[3.534s] -- Found tf2_ros: 0.25.7 (/opt/ros/humble/share/tf2_ros/cmake)
[4.446s] -- Found tf2_geometry_msgs: 0.25.7 (/opt/ros/humble/share/tf2_geometry_msgs/cmake)
[4.473s] -- Found eigen3_cmake_module: 0.1.1 (/opt/ros/humble/share/eigen3_cmake_module/cmake)
[4.476s] -- Found Eigen3: TRUE (found version "3.4.0") 
[4.476s] -- Ensuring Eigen3 include directory is part of orocos-kdl CMake target
[4.504s] -- Found ament_lint_auto: 0.12.11 (/opt/ros/humble/share/ament_lint_auto/cmake)
[4.686s] -- Added test 'cppcheck' to perform static code analysis on C / C++ code
[4.686s] -- Configured cppcheck include dirs: /home/jain/Documents/GitHub/VRX_NUMarine/src/vrx/ros_packages/imu_heading_pkg/include
[4.686s] -- Configured cppcheck exclude dirs and/or files: 
[4.688s] -- Added test 'lint_cmake' to check CMake code style
[4.696s] -- Added test 'uncrustify' to check C / C++ code style
[4.696s] -- Configured uncrustify additional arguments: 
[4.698s] -- Added test 'xmllint' to check XML markup files
[4.702s] -- Configuring done
[4.732s] -- Generating done
[4.736s] -- Build files have been written to: /home/jain/Documents/GitHub/VRX_NUMarine/build/imu_heading_pkg
[4.789s] Invoked command in '/home/jain/Documents/GitHub/VRX_NUMarine/build/imu_heading_pkg' returned '0': CMAKE_PREFIX_PATH=${CMAKE_PREFIX_PATH}:/opt/ros/humble /usr/bin/cmake /home/jain/Documents/GitHub/VRX_NUMarine/src/vrx/ros_packages/imu_heading_pkg -DCMAKE_INSTALL_PREFIX=/home/jain/Documents/GitHub/VRX_NUMarine/install
[4.790s] Invoking command in '/home/jain/Documents/GitHub/VRX_NUMarine/build/imu_heading_pkg': CMAKE_PREFIX_PATH=${CMAKE_PREFIX_PATH}:/opt/ros/humble /usr/bin/cmake --build /home/jain/Documents/GitHub/VRX_NUMarine/build/imu_heading_pkg -- -j8 -l8
[4.973s] [ 50%] [32mBuilding CXX object CMakeFiles/imu_heading_node.dir/src/imu_heading_node.cpp.o[0m
[26.464s] [100%] [32m[1mLinking CXX executable imu_heading_node[0m
[27.796s] [100%] Built target imu_heading_node
[27.822s] Invoked command in '/home/jain/Documents/GitHub/VRX_NUMarine/build/imu_heading_pkg' returned '0': CMAKE_PREFIX_PATH=${CMAKE_PREFIX_PATH}:/opt/ros/humble /usr/bin/cmake --build /home/jain/Documents/GitHub/VRX_NUMarine/build/imu_heading_pkg -- -j8 -l8
[27.883s] Invoking command in '/home/jain/Documents/GitHub/VRX_NUMarine/build/imu_heading_pkg': CMAKE_PREFIX_PATH=${CMAKE_PREFIX_PATH}:/opt/ros/humble /usr/bin/cmake --install /home/jain/Documents/GitHub/VRX_NUMarine/build/imu_heading_pkg
[27.898s] -- Install configuration: ""
[27.899s] -- Installing: /home/jain/Documents/GitHub/VRX_NUMarine/install/lib/imu_heading_pkg/imu_heading_node
[27.907s] -- Set runtime path of "/home/jain/Documents/GitHub/VRX_NUMarine/install/lib/imu_heading_pkg/imu_heading_node" to ""
[27.908s] -- Installing: /home/jain/Documents/GitHub/VRX_NUMarine/install/share/ament_index/resource_index/package_run_dependencies/imu_heading_pkg
[27.908s] -- Installing: /home/jain/Documents/GitHub/VRX_NUMarine/install/share/ament_index/resource_index/parent_prefix_path/imu_heading_pkg
[27.909s] -- Up-to-date: /home/jain/Documents/GitHub/VRX_NUMarine/install/share/imu_heading_pkg/environment/ament_prefix_path.sh
[27.910s] -- Installing: /home/jain/Documents/GitHub/VRX_NUMarine/install/share/imu_heading_pkg/environment/ament_prefix_path.dsv
[27.910s] -- Up-to-date: /home/jain/Documents/GitHub/VRX_NUMarine/install/share/imu_heading_pkg/environment/path.sh
[27.911s] -- Installing: /home/jain/Documents/GitHub/VRX_NUMarine/install/share/imu_heading_pkg/environment/path.dsv
[27.911s] -- Installing: /home/jain/Documents/GitHub/VRX_NUMarine/install/share/imu_heading_pkg/local_setup.bash
[27.912s] -- Installing: /home/jain/Documents/GitHub/VRX_NUMarine/install/share/imu_heading_pkg/local_setup.sh
[27.913s] -- Installing: /home/jain/Documents/GitHub/VRX_NUMarine/install/share/imu_heading_pkg/local_setup.zsh
[27.914s] -- Installing: /home/jain/Documents/GitHub/VRX_NUMarine/install/share/imu_heading_pkg/local_setup.dsv
[27.914s] -- Installing: /home/jain/Documents/GitHub/VRX_NUMarine/install/share/imu_heading_pkg/package.dsv
[27.914s] -- Installing: /home/jain/Documents/GitHub/VRX_NUMarine/install/share/ament_index/resource_index/packages/imu_heading_pkg
[27.914s] -- Installing: /home/jain/Documents/GitHub/VRX_NUMarine/install/share/imu_heading_pkg/cmake/imu_heading_pkgConfig.cmake
[27.915s] -- Installing: /home/jain/Documents/GitHub/VRX_NUMarine/install/share/imu_heading_pkg/cmake/imu_heading_pkgConfig-version.cmake
[27.915s] -- Up-to-date: /home/jain/Documents/GitHub/VRX_NUMarine/install/share/imu_heading_pkg/package.xml
[27.921s] Invoked command in '/home/jain/Documents/GitHub/VRX_NUMarine/build/imu_heading_pkg' returned '0': CMAKE_PREFIX_PATH=${CMAKE_PREFIX_PATH}:/opt/ros/humble /usr/bin/cmake --install /home/jain/Documents/GitHub/VRX_NUMarine/build/imu_heading_pkg
