[0.014s] Invoking command in '/home/rileychron111/Documents/GitHub/VRX_NUMarine/build/wamv_description': AMENT_PREFIX_PATH=/home/rileychron111/Documents/GitHub/VRX_NUMarine/install:${AMENT_PREFIX_PATH} CMAKE_PREFIX_PATH=/home/rileychron111/Documents/GitHub/VRX_NUMarine/install:/opt/ros/humble GZ_SIM_RESOURCE_PATH=/home/rileychron111/Documents/GitHub/VRX_NUMarine/install/share/vrx_gazebo/models:/home/rileychron111/Documents/GitHub/VRX_NUMarine/install/share PYTHONPATH=/home/rileychron111/Documents/GitHub/VRX_NUMarine/install/local/lib/python3.10/dist-packages:/home/rileychron111/Documents/GitHub/VRX_NUMarine/install/lib/python3.10/site-packages:${PYTHONPATH} /usr/bin/cmake --build /home/rileychron111/Documents/GitHub/VRX_NUMarine/build/wamv_description -- -j12 -l12
[0.041s] [100%] Built target wamv_description__xacro_auto_generate
[0.048s] Invoked command in '/home/rileychron111/Documents/GitHub/VRX_NUMarine/build/wamv_description' returned '0': AMENT_PREFIX_PATH=/home/rileychron111/Documents/GitHub/VRX_NUMarine/install:${AMENT_PREFIX_PATH} CMAKE_PREFIX_PATH=/home/rileychron111/Documents/GitHub/VRX_NUMarine/install:/opt/ros/humble GZ_SIM_RESOURCE_PATH=/home/rileychron111/Documents/GitHub/VRX_NUMarine/install/share/vrx_gazebo/models:/home/rileychron111/Documents/GitHub/VRX_NUMarine/install/share PYTHONPATH=/home/rileychron111/Documents/GitHub/VRX_NUMarine/install/local/lib/python3.10/dist-packages:/home/rileychron111/Documents/GitHub/VRX_NUMarine/install/lib/python3.10/site-packages:${PYTHONPATH} /usr/bin/cmake --build /home/rileychron111/Documents/GitHub/VRX_NUMarine/build/wamv_description -- -j12 -l12
[0.065s] Invoking command in '/home/rileychron111/Documents/GitHub/VRX_NUMarine/build/wamv_description': AMENT_PREFIX_PATH=/home/rileychron111/Documents/GitHub/VRX_NUMarine/install:${AMENT_PREFIX_PATH} CMAKE_PREFIX_PATH=/home/rileychron111/Documents/GitHub/VRX_NUMarine/install:/opt/ros/humble GZ_SIM_RESOURCE_PATH=/home/rileychron111/Documents/GitHub/VRX_NUMarine/install/share/vrx_gazebo/models:/home/rileychron111/Documents/GitHub/VRX_NUMarine/install/share PYTHONPATH=/home/rileychron111/Documents/GitHub/VRX_NUMarine/install/local/lib/python3.10/dist-packages:/home/rileychron111/Documents/GitHub/VRX_NUMarine/install/lib/python3.10/site-packages:${PYTHONPATH} /usr/bin/cmake --install /home/rileychron111/Documents/GitHub/VRX_NUMarine/build/wamv_description
[0.070s] -- Install configuration: ""
[0.070s] -- Up-to-date: /home/rileychron111/Documents/GitHub/VRX_NUMarine/install/share/wamv_description/environment/resource_paths.dsv
[0.070s] -- Up-to-date: /home/rileychron111/Documents/GitHub/VRX_NUMarine/install/share/wamv_description/environment/resource_paths.sh
[0.070s] -- Up-to-date: /home/rileychron111/Documents/GitHub/VRX_NUMarine/install/share/wamv_description/urdf/wamv_base.urdf
[0.070s] -- Up-to-date: /home/rileychron111/Documents/GitHub/VRX_NUMarine/install/share/wamv_description/models
[0.071s] -- Up-to-date: /home/rileychron111/Documents/GitHub/VRX_NUMarine/install/share/wamv_description/models/propeller
[0.071s] -- Up-to-date: /home/rileychron111/Documents/GitHub/VRX_NUMarine/install/share/wamv_description/models/propeller/mesh
[0.071s] -- Up-to-date: /home/rileychron111/Documents/GitHub/VRX_NUMarine/install/share/wamv_description/models/propeller/mesh/propeller.dae
[0.071s] -- Up-to-date: /home/rileychron111/Documents/GitHub/VRX_NUMarine/install/share/wamv_description/models/propeller/model.config
[0.071s] -- Up-to-date: /home/rileychron111/Documents/GitHub/VRX_NUMarine/install/share/wamv_description/models/engine
[0.071s] -- Up-to-date: /home/rileychron111/Documents/GitHub/VRX_NUMarine/install/share/wamv_description/models/engine/mesh
[0.071s] -- Up-to-date: /home/rileychron111/Documents/GitHub/VRX_NUMarine/install/share/wamv_description/models/engine/mesh/engine.dae
[0.071s] -- Up-to-date: /home/rileychron111/Documents/GitHub/VRX_NUMarine/install/share/wamv_description/models/engine/model.config
[0.071s] -- Up-to-date: /home/rileychron111/Documents/GitHub/VRX_NUMarine/install/share/wamv_description/models/WAM-V-Base
[0.071s] -- Up-to-date: /home/rileychron111/Documents/GitHub/VRX_NUMarine/install/share/wamv_description/models/WAM-V-Base/mesh
[0.071s] -- Up-to-date: /home/rileychron111/Documents/GitHub/VRX_NUMarine/install/share/wamv_description/models/WAM-V-Base/mesh/WAM-V_Metalness.png
[0.071s] -- Up-to-date: /home/rileychron111/Documents/GitHub/VRX_NUMarine/install/share/wamv_description/models/WAM-V-Base/mesh/WAM-V-Base.dae
[0.071s] -- Up-to-date: /home/rileychron111/Documents/GitHub/VRX_NUMarine/install/share/wamv_description/models/WAM-V-Base/mesh/WAM-V_Albedo.png
[0.071s] -- Up-to-date: /home/rileychron111/Documents/GitHub/VRX_NUMarine/install/share/wamv_description/models/WAM-V-Base/mesh/WAM-V_Normal.png
[0.072s] -- Up-to-date: /home/rileychron111/Documents/GitHub/VRX_NUMarine/install/share/wamv_description/models/WAM-V-Base/mesh/WamV.png
[0.072s] -- Up-to-date: /home/rileychron111/Documents/GitHub/VRX_NUMarine/install/share/wamv_description/models/WAM-V-Base/mesh/WAM-V_Roughness.png
[0.072s] -- Up-to-date: /home/rileychron111/Documents/GitHub/VRX_NUMarine/install/share/wamv_description/models/WAM-V-Base/model.config
[0.072s] -- Up-to-date: /home/rileychron111/Documents/GitHub/VRX_NUMarine/install/share/wamv_description/urdf
[0.072s] -- Up-to-date: /home/rileychron111/Documents/GitHub/VRX_NUMarine/install/share/wamv_description/urdf/battery.xacro
[0.072s] -- Up-to-date: /home/rileychron111/Documents/GitHub/VRX_NUMarine/install/share/wamv_description/urdf/thrusters
[0.072s] -- Up-to-date: /home/rileychron111/Documents/GitHub/VRX_NUMarine/install/share/wamv_description/urdf/thrusters/engine.xacro
[0.072s] -- Up-to-date: /home/rileychron111/Documents/GitHub/VRX_NUMarine/install/share/wamv_description/urdf/wamv_base.urdf.xacro
[0.072s] -- Up-to-date: /home/rileychron111/Documents/GitHub/VRX_NUMarine/install/share/wamv_description/urdf/cpu_cases.xacro
[0.072s] -- Up-to-date: /home/rileychron111/Documents/GitHub/VRX_NUMarine/install/share/ament_index/resource_index/package_run_dependencies/wamv_description
[0.072s] -- Up-to-date: /home/rileychron111/Documents/GitHub/VRX_NUMarine/install/share/ament_index/resource_index/parent_prefix_path/wamv_description
[0.072s] -- Up-to-date: /home/rileychron111/Documents/GitHub/VRX_NUMarine/install/share/wamv_description/environment/ament_prefix_path.sh
[0.072s] -- Up-to-date: /home/rileychron111/Documents/GitHub/VRX_NUMarine/install/share/wamv_description/environment/ament_prefix_path.dsv
[0.072s] -- Up-to-date: /home/rileychron111/Documents/GitHub/VRX_NUMarine/install/share/wamv_description/environment/path.sh
[0.072s] -- Up-to-date: /home/rileychron111/Documents/GitHub/VRX_NUMarine/install/share/wamv_description/environment/path.dsv
[0.072s] -- Up-to-date: /home/rileychron111/Documents/GitHub/VRX_NUMarine/install/share/wamv_description/local_setup.bash
[0.072s] -- Up-to-date: /home/rileychron111/Documents/GitHub/VRX_NUMarine/install/share/wamv_description/local_setup.sh
[0.072s] -- Up-to-date: /home/rileychron111/Documents/GitHub/VRX_NUMarine/install/share/wamv_description/local_setup.zsh
[0.073s] -- Up-to-date: /home/rileychron111/Documents/GitHub/VRX_NUMarine/install/share/wamv_description/local_setup.dsv
[0.073s] -- Installing: /home/rileychron111/Documents/GitHub/VRX_NUMarine/install/share/wamv_description/package.dsv
[0.073s] -- Up-to-date: /home/rileychron111/Documents/GitHub/VRX_NUMarine/install/share/ament_index/resource_index/packages/wamv_description
[0.073s] -- Up-to-date: /home/rileychron111/Documents/GitHub/VRX_NUMarine/install/share/wamv_description/cmake/wamv_descriptionConfig.cmake
[0.073s] -- Up-to-date: /home/rileychron111/Documents/GitHub/VRX_NUMarine/install/share/wamv_description/cmake/wamv_descriptionConfig-version.cmake
[0.073s] -- Up-to-date: /home/rileychron111/Documents/GitHub/VRX_NUMarine/install/share/wamv_description/package.xml
[0.074s] Invoked command in '/home/rileychron111/Documents/GitHub/VRX_NUMarine/build/wamv_description' returned '0': AMENT_PREFIX_PATH=/home/rileychron111/Documents/GitHub/VRX_NUMarine/install:${AMENT_PREFIX_PATH} CMAKE_PREFIX_PATH=/home/rileychron111/Documents/GitHub/VRX_NUMarine/install:/opt/ros/humble GZ_SIM_RESOURCE_PATH=/home/rileychron111/Documents/GitHub/VRX_NUMarine/install/share/vrx_gazebo/models:/home/rileychron111/Documents/GitHub/VRX_NUMarine/install/share PYTHONPATH=/home/rileychron111/Documents/GitHub/VRX_NUMarine/install/local/lib/python3.10/dist-packages:/home/rileychron111/Documents/GitHub/VRX_NUMarine/install/lib/python3.10/site-packages:${PYTHONPATH} /usr/bin/cmake --install /home/rileychron111/Documents/GitHub/VRX_NUMarine/build/wamv_description
