[0.620s] Invoking command in '/home/rileychron111/Documents/GitHub/VRX_NUMarine/src/vrx/ros_packages/guidance': PYTHONPATH=/home/rileychron111/Documents/GitHub/VRX_NUMarine/build/guidance/prefix_override:/home/rileychron111/Documents/GitHub/VRX_NUMarine/install/lib/python3.10/site-packages:${PYTHONPATH} /usr/bin/python3 -W ignore:setup.py install is deprecated setup.py egg_info --egg-base ../../../../build/guidance build --build-base /home/rileychron111/Documents/GitHub/VRX_NUMarine/build/guidance/build install --record /home/rileychron111/Documents/GitHub/VRX_NUMarine/build/guidance/install.log --single-version-externally-managed install_data
[0.848s] running egg_info
[0.848s] writing ../../../../build/guidance/guidance.egg-info/PKG-INFO
[0.849s] writing dependency_links to ../../../../build/guidance/guidance.egg-info/dependency_links.txt
[0.849s] writing entry points to ../../../../build/guidance/guidance.egg-info/entry_points.txt
[0.849s] writing requirements to ../../../../build/guidance/guidance.egg-info/requires.txt
[0.849s] writing top-level names to ../../../../build/guidance/guidance.egg-info/top_level.txt
[0.851s] reading manifest file '../../../../build/guidance/guidance.egg-info/SOURCES.txt'
[0.852s] writing manifest file '../../../../build/guidance/guidance.egg-info/SOURCES.txt'
[0.852s] running build
[0.852s] running build_py
[0.852s] running install
[0.852s] running install_lib
[0.853s] running install_data
[0.853s] running install_egg_info
[0.855s] removing '/home/rileychron111/Documents/GitHub/VRX_NUMarine/install/lib/python3.10/site-packages/guidance-0.0.0-py3.10.egg-info' (and everything under it)
[0.855s] Copying ../../../../build/guidance/guidance.egg-info to /home/rileychron111/Documents/GitHub/VRX_NUMarine/install/lib/python3.10/site-packages/guidance-0.0.0-py3.10.egg-info
[0.856s] running install_scripts
[0.876s] Installing guidance_service script to /home/rileychron111/Documents/GitHub/VRX_NUMarine/install/lib/guidance
[0.876s] writing list of installed files to '/home/rileychron111/Documents/GitHub/VRX_NUMarine/build/guidance/install.log'
