[0.008s] Invoking command in '/home/rileychron111/Documents/GitHub/VRX_NUMarine/build/wamv_gazebo': CMAKE_PREFIX_PATH=${CMAKE_PREFIX_PATH}:/opt/ros/humble GZ_SIM_RESOURCE_PATH=/home/rileychron111/Documents/GitHub/VRX_NUMarine/install/share:${GZ_SIM_RESOURCE_PATH} PYTHONPATH=/home/rileychron111/Documents/GitHub/VRX_NUMarine/install/lib/python3.10/site-packages:/home/rileychron111/Documents/GitHub/VRX_NUMarine/install/local/lib/python3.10/dist-packages:/opt/ros/humble/lib/python3.10/site-packages:/opt/ros/humble/local/lib/python3.10/dist-packages /usr/bin/cmake /home/rileychron111/Documents/GitHub/VRX_NUMarine/src/vrx/ros_packages/vrx_urdf/wamv_gazebo -DCMAKE_INSTALL_PREFIX=/home/rileychron111/Documents/GitHub/VRX_NUMarine/install
[0.049s] -- The C compiler identification is GNU 11.4.0
[0.085s] -- The CXX compiler identification is GNU 11.4.0
[0.091s] -- Detecting C compiler ABI info
[0.131s] -- Detecting C compiler ABI info - done
[0.135s] -- Check for working C compiler: /usr/bin/cc - skipped
[0.135s] -- Detecting C compile features
[0.135s] -- Detecting C compile features - done
[0.137s] -- Detecting CXX compiler ABI info
[0.182s] -- Detecting CXX compiler ABI info - done
[0.190s] -- Check for working CXX compiler: /usr/bin/c++ - skipped
[0.190s] -- Detecting CXX compile features
[0.191s] -- Detecting CXX compile features - done
[0.192s] -- Found ament_cmake: 1.3.9 (/opt/ros/humble/share/ament_cmake/cmake)
[0.282s] -- Found Python3: /usr/bin/python3 (found version "3.10.12") found components: Interpreter 
[0.331s] -- Found xacro: 2.0.8 (/opt/ros/humble/share/xacro/cmake)
[0.331s] -- Found wamv_description: 1.3.0 (/home/rileychron111/Documents/GitHub/VRX_NUMarine/install/share/wamv_description/cmake)
[0.369s] -- Configuring done
[0.370s] -- Generating done
[0.370s] -- Build files have been written to: /home/rileychron111/Documents/GitHub/VRX_NUMarine/build/wamv_gazebo
