[0.058s] Invoking command in '/home/jain/Documents/GitHub/VRX_NUMarine/build/imu_heading_pkg': CMAKE_PREFIX_PATH=${CMAKE_PREFIX_PATH}:/opt/ros/humble /usr/bin/cmake --build /home/jain/Documents/GitHub/VRX_NUMarine/build/imu_heading_pkg -- -j8 -l8
[0.233s] [100%] Built target imu_heading_node
[0.302s] Invoked command in '/home/jain/Documents/GitHub/VRX_NUMarine/build/imu_heading_pkg' returned '0': CMAKE_PREFIX_PATH=${CMAKE_PREFIX_PATH}:/opt/ros/humble /usr/bin/cmake --build /home/jain/Documents/GitHub/VRX_NUMarine/build/imu_heading_pkg -- -j8 -l8
[0.374s] Invoking command in '/home/jain/Documents/GitHub/VRX_NUMarine/build/imu_heading_pkg': CMAKE_PREFIX_PATH=${CMAKE_PREFIX_PATH}:/opt/ros/humble /usr/bin/cmake --install /home/jain/Documents/GitHub/VRX_NUMarine/build/imu_heading_pkg
[0.397s] -- Install configuration: ""
[0.397s] -- Up-to-date: /home/jain/Documents/GitHub/VRX_NUMarine/install/lib/imu_heading_pkg/imu_heading_node
[0.397s] -- Up-to-date: /home/jain/Documents/GitHub/VRX_NUMarine/install/share/ament_index/resource_index/package_run_dependencies/imu_heading_pkg
[0.397s] -- Up-to-date: /home/jain/Documents/GitHub/VRX_NUMarine/install/share/ament_index/resource_index/parent_prefix_path/imu_heading_pkg
[0.398s] -- Up-to-date: /home/jain/Documents/GitHub/VRX_NUMarine/install/share/imu_heading_pkg/environment/ament_prefix_path.sh
[0.398s] -- Up-to-date: /home/jain/Documents/GitHub/VRX_NUMarine/install/share/imu_heading_pkg/environment/ament_prefix_path.dsv
[0.398s] -- Up-to-date: /home/jain/Documents/GitHub/VRX_NUMarine/install/share/imu_heading_pkg/environment/path.sh
[0.398s] -- Up-to-date: /home/jain/Documents/GitHub/VRX_NUMarine/install/share/imu_heading_pkg/environment/path.dsv
[0.398s] -- Up-to-date: /home/jain/Documents/GitHub/VRX_NUMarine/install/share/imu_heading_pkg/local_setup.bash
[0.399s] -- Up-to-date: /home/jain/Documents/GitHub/VRX_NUMarine/install/share/imu_heading_pkg/local_setup.sh
[0.399s] -- Up-to-date: /home/jain/Documents/GitHub/VRX_NUMarine/install/share/imu_heading_pkg/local_setup.zsh
[0.399s] -- Up-to-date: /home/jain/Documents/GitHub/VRX_NUMarine/install/share/imu_heading_pkg/local_setup.dsv
[0.399s] -- Installing: /home/jain/Documents/GitHub/VRX_NUMarine/install/share/imu_heading_pkg/package.dsv
[0.399s] -- Up-to-date: /home/jain/Documents/GitHub/VRX_NUMarine/install/share/ament_index/resource_index/packages/imu_heading_pkg
[0.399s] -- Up-to-date: /home/jain/Documents/GitHub/VRX_NUMarine/install/share/imu_heading_pkg/cmake/imu_heading_pkgConfig.cmake
[0.400s] -- Up-to-date: /home/jain/Documents/GitHub/VRX_NUMarine/install/share/imu_heading_pkg/cmake/imu_heading_pkgConfig-version.cmake
[0.400s] -- Up-to-date: /home/jain/Documents/GitHub/VRX_NUMarine/install/share/imu_heading_pkg/package.xml
[0.431s] Invoked command in '/home/jain/Documents/GitHub/VRX_NUMarine/build/imu_heading_pkg' returned '0': CMAKE_PREFIX_PATH=${CMAKE_PREFIX_PATH}:/opt/ros/humble /usr/bin/cmake --install /home/jain/Documents/GitHub/VRX_NUMarine/build/imu_heading_pkg
