[0.034s] Invoking command in '/home/numarine/Documents/GitHub/VRX_NUMarine/build/gps_odom_pkg': CMAKE_PREFIX_PATH=${CMAKE_PREFIX_PATH}:/opt/ros/humble /usr/bin/cmake --build /home/numarine/Documents/GitHub/VRX_NUMarine/build/gps_odom_pkg -- -j12 -l12
[0.088s] Invoked command in '/home/numarine/Documents/GitHub/VRX_NUMarine/build/gps_odom_pkg' returned '0': CMAKE_PREFIX_PATH=${CMAKE_PREFIX_PATH}:/opt/ros/humble /usr/bin/cmake --build /home/numarine/Documents/GitHub/VRX_NUMarine/build/gps_odom_pkg -- -j12 -l12
[0.121s] Invoking command in '/home/numarine/Documents/GitHub/VRX_NUMarine/build/gps_odom_pkg': CMAKE_PREFIX_PATH=${CMAKE_PREFIX_PATH}:/opt/ros/humble /usr/bin/cmake --install /home/numarine/Documents/GitHub/VRX_NUMarine/build/gps_odom_pkg
[0.128s] -- Install configuration: ""
[0.129s] -- Up-to-date: /home/numarine/Documents/GitHub/VRX_NUMarine/install/share/gps_odom_pkg/config
[0.129s] -- Up-to-date: /home/numarine/Documents/GitHub/VRX_NUMarine/install/share/gps_odom_pkg/config/dual_ekf_navsat_params.yaml
[0.129s] -- Up-to-date: /home/numarine/Documents/GitHub/VRX_NUMarine/install/share/gps_odom_pkg/config/nav2_params.yaml
[0.129s] -- Up-to-date: /home/numarine/Documents/GitHub/VRX_NUMarine/install/share/gps_odom_pkg/launch
[0.129s] -- Up-to-date: /home/numarine/Documents/GitHub/VRX_NUMarine/install/share/gps_odom_pkg/launch/localization_launch.py
[0.129s] -- Up-to-date: /home/numarine/Documents/GitHub/VRX_NUMarine/install/share/gps_odom_pkg/launch/nav2_launch.py
[0.129s] -- Up-to-date: /home/numarine/Documents/GitHub/VRX_NUMarine/install/share/ament_index/resource_index/package_run_dependencies/gps_odom_pkg
[0.130s] -- Up-to-date: /home/numarine/Documents/GitHub/VRX_NUMarine/install/share/ament_index/resource_index/parent_prefix_path/gps_odom_pkg
[0.130s] -- Up-to-date: /home/numarine/Documents/GitHub/VRX_NUMarine/install/share/gps_odom_pkg/environment/ament_prefix_path.sh
[0.130s] -- Up-to-date: /home/numarine/Documents/GitHub/VRX_NUMarine/install/share/gps_odom_pkg/environment/ament_prefix_path.dsv
[0.130s] -- Up-to-date: /home/numarine/Documents/GitHub/VRX_NUMarine/install/share/gps_odom_pkg/environment/path.sh
[0.130s] -- Up-to-date: /home/numarine/Documents/GitHub/VRX_NUMarine/install/share/gps_odom_pkg/environment/path.dsv
[0.131s] -- Up-to-date: /home/numarine/Documents/GitHub/VRX_NUMarine/install/share/gps_odom_pkg/local_setup.bash
[0.131s] -- Up-to-date: /home/numarine/Documents/GitHub/VRX_NUMarine/install/share/gps_odom_pkg/local_setup.sh
[0.132s] -- Up-to-date: /home/numarine/Documents/GitHub/VRX_NUMarine/install/share/gps_odom_pkg/local_setup.zsh
[0.132s] -- Up-to-date: /home/numarine/Documents/GitHub/VRX_NUMarine/install/share/gps_odom_pkg/local_setup.dsv
[0.133s] -- Installing: /home/numarine/Documents/GitHub/VRX_NUMarine/install/share/gps_odom_pkg/package.dsv
[0.133s] -- Up-to-date: /home/numarine/Documents/GitHub/VRX_NUMarine/install/share/ament_index/resource_index/packages/gps_odom_pkg
[0.133s] -- Up-to-date: /home/numarine/Documents/GitHub/VRX_NUMarine/install/share/gps_odom_pkg/cmake/gps_odom_pkgConfig.cmake
[0.133s] -- Up-to-date: /home/numarine/Documents/GitHub/VRX_NUMarine/install/share/gps_odom_pkg/cmake/gps_odom_pkgConfig-version.cmake
[0.133s] -- Up-to-date: /home/numarine/Documents/GitHub/VRX_NUMarine/install/share/gps_odom_pkg/package.xml
[0.133s] Invoked command in '/home/numarine/Documents/GitHub/VRX_NUMarine/build/gps_odom_pkg' returned '0': CMAKE_PREFIX_PATH=${CMAKE_PREFIX_PATH}:/opt/ros/humble /usr/bin/cmake --install /home/numarine/Documents/GitHub/VRX_NUMarine/build/gps_odom_pkg
