[0.015s] Invoking command in '/home/robotx/Documents/GitHub/VRX_NUMarine/build/vrx_ros': CMAKE_PREFIX_PATH=/opt/ros/humble /usr/bin/cmake --build /home/robotx/Documents/GitHub/VRX_NUMarine/build/vrx_ros -- -j12 -l12
[0.047s] [35m[1mConsolidate compiler generated dependencies of target pose_tf_broadcaster[0m
[0.047s] [35m[1mConsolidate compiler generated dependencies of target optical_frame_publisher[0m
[0.062s] [ 75%] Built target pose_tf_broadcaster
[0.062s] [100%] Built target optical_frame_publisher
[0.072s] Invoked command in '/home/robotx/Documents/GitHub/VRX_NUMarine/build/vrx_ros' returned '0': CMAKE_PREFIX_PATH=/opt/ros/humble /usr/bin/cmake --build /home/robotx/Documents/GitHub/VRX_NUMarine/build/vrx_ros -- -j12 -l12
[0.102s] Invoking command in '/home/robotx/Documents/GitHub/VRX_NUMarine/build/vrx_ros': CMAKE_PREFIX_PATH=/opt/ros/humble /usr/bin/cmake --install /home/robotx/Documents/GitHub/VRX_NUMarine/build/vrx_ros
[0.110s] -- Install configuration: ""
[0.110s] -- Up-to-date: /home/robotx/Documents/GitHub/VRX_NUMarine/install/lib/vrx_ros/optical_frame_publisher
[0.110s] -- Up-to-date: /home/robotx/Documents/GitHub/VRX_NUMarine/install/lib/vrx_ros/pose_tf_broadcaster
[0.111s] -- Up-to-date: /home/robotx/Documents/GitHub/VRX_NUMarine/install/share/vrx_ros/launch
[0.113s] -- Up-to-date: /home/robotx/Documents/GitHub/VRX_NUMarine/install/share/vrx_ros/launch/monitor_sim.py
[0.113s] -- Up-to-date: /home/robotx/Documents/GitHub/VRX_NUMarine/install/share/ament_index/resource_index/package_run_dependencies/vrx_ros
[0.114s] -- Up-to-date: /home/robotx/Documents/GitHub/VRX_NUMarine/install/share/ament_index/resource_index/parent_prefix_path/vrx_ros
[0.114s] -- Up-to-date: /home/robotx/Documents/GitHub/VRX_NUMarine/install/share/vrx_ros/environment/ament_prefix_path.sh
[0.114s] -- Up-to-date: /home/robotx/Documents/GitHub/VRX_NUMarine/install/share/vrx_ros/environment/ament_prefix_path.dsv
[0.114s] -- Up-to-date: /home/robotx/Documents/GitHub/VRX_NUMarine/install/share/vrx_ros/environment/path.sh
[0.115s] -- Up-to-date: /home/robotx/Documents/GitHub/VRX_NUMarine/install/share/vrx_ros/environment/path.dsv
[0.115s] -- Up-to-date: /home/robotx/Documents/GitHub/VRX_NUMarine/install/share/vrx_ros/local_setup.bash
[0.115s] -- Up-to-date: /home/robotx/Documents/GitHub/VRX_NUMarine/install/share/vrx_ros/local_setup.sh
[0.115s] -- Up-to-date: /home/robotx/Documents/GitHub/VRX_NUMarine/install/share/vrx_ros/local_setup.zsh
[0.115s] -- Up-to-date: /home/robotx/Documents/GitHub/VRX_NUMarine/install/share/vrx_ros/local_setup.dsv
[0.115s] -- Installing: /home/robotx/Documents/GitHub/VRX_NUMarine/install/share/vrx_ros/package.dsv
[0.116s] -- Up-to-date: /home/robotx/Documents/GitHub/VRX_NUMarine/install/share/ament_index/resource_index/packages/vrx_ros
[0.116s] -- Up-to-date: /home/robotx/Documents/GitHub/VRX_NUMarine/install/share/vrx_ros/cmake/vrx_rosConfig.cmake
[0.116s] -- Up-to-date: /home/robotx/Documents/GitHub/VRX_NUMarine/install/share/vrx_ros/cmake/vrx_rosConfig-version.cmake
[0.116s] -- Up-to-date: /home/robotx/Documents/GitHub/VRX_NUMarine/install/share/vrx_ros/package.xml
[0.129s] Invoked command in '/home/robotx/Documents/GitHub/VRX_NUMarine/build/vrx_ros' returned '0': CMAKE_PREFIX_PATH=/opt/ros/humble /usr/bin/cmake --install /home/robotx/Documents/GitHub/VRX_NUMarine/build/vrx_ros
