[0.021s] Invoking command in '/home/numarine/Documents/GitHub/VRX_NUMarine/build/vrx_gazebo': CMAKE_PREFIX_PATH=/opt/ros/humble /usr/bin/cmake /home/numarine/Documents/GitHub/VRX_NUMarine/src/vrx/ros_packages/vrx_urdf/vrx_gazebo -DCMAKE_INSTALL_PREFIX=/home/numarine/Documents/GitHub/VRX_NUMarine/install
[0.068s] -- The C compiler identification is GNU 11.4.0
[0.118s] -- The CXX compiler identification is GNU 11.4.0
[0.124s] -- Detecting C compiler ABI info
[0.181s] -- Detecting C compiler ABI info - done
[0.187s] -- Check for working C compiler: /usr/bin/cc - skipped
[0.188s] -- Detecting C compile features
[0.188s] -- Detecting C compile features - done
[0.190s] -- Detecting CXX compiler ABI info
[0.259s] -- Detecting CXX compiler ABI info - done
[0.272s] -- Check for working CXX compiler: /usr/bin/c++ - skipped
[0.272s] -- Detecting CXX compile features
[0.273s] -- Detecting CXX compile features - done
[0.276s] -- Found ament_cmake: 1.3.9 (/opt/ros/humble/share/ament_cmake/cmake)
[0.403s] -- Found Python3: /usr/bin/python3 (found version "3.10.12") found components: Interpreter 
[0.597s] -- Configuring done
[0.602s] -- Generating done
[0.603s] -- Build files have been written to: /home/numarine/Documents/GitHub/VRX_NUMarine/build/vrx_gazebo
[0.608s] Invoked command in '/home/numarine/Documents/GitHub/VRX_NUMarine/build/vrx_gazebo' returned '0': CMAKE_PREFIX_PATH=/opt/ros/humble /usr/bin/cmake /home/numarine/Documents/GitHub/VRX_NUMarine/src/vrx/ros_packages/vrx_urdf/vrx_gazebo -DCMAKE_INSTALL_PREFIX=/home/numarine/Documents/GitHub/VRX_NUMarine/install
[0.610s] Invoking command in '/home/numarine/Documents/GitHub/VRX_NUMarine/build/vrx_gazebo': CMAKE_PREFIX_PATH=/opt/ros/humble /usr/bin/cmake --build /home/numarine/Documents/GitHub/VRX_NUMarine/build/vrx_gazebo -- -j12 -l12
[0.654s] Built target ament_cmake_python_copy_vrx_gazebo
[0.885s] running egg_info
[0.886s] creating vrx_gazebo.egg-info
[0.887s] writing vrx_gazebo.egg-info/PKG-INFO
[0.887s] writing dependency_links to vrx_gazebo.egg-info/dependency_links.txt
[0.887s] writing top-level names to vrx_gazebo.egg-info/top_level.txt
[0.887s] writing manifest file 'vrx_gazebo.egg-info/SOURCES.txt'
[0.890s] reading manifest file 'vrx_gazebo.egg-info/SOURCES.txt'
[0.891s] writing manifest file 'vrx_gazebo.egg-info/SOURCES.txt'
[0.920s] Built target ament_cmake_python_build_vrx_gazebo_egg
[0.931s] Invoked command in '/home/numarine/Documents/GitHub/VRX_NUMarine/build/vrx_gazebo' returned '0': CMAKE_PREFIX_PATH=/opt/ros/humble /usr/bin/cmake --build /home/numarine/Documents/GitHub/VRX_NUMarine/build/vrx_gazebo -- -j12 -l12
[0.958s] Invoking command in '/home/numarine/Documents/GitHub/VRX_NUMarine/build/vrx_gazebo': CMAKE_PREFIX_PATH=/opt/ros/humble /usr/bin/cmake --install /home/numarine/Documents/GitHub/VRX_NUMarine/build/vrx_gazebo
[0.963s] -- Install configuration: ""
[0.964s] -- Installing: /home/numarine/Documents/GitHub/VRX_NUMarine/install/share/vrx_gazebo/environment/resource_paths.dsv
[0.964s] -- Installing: /home/numarine/Documents/GitHub/VRX_NUMarine/install/share/vrx_gazebo/environment/resource_paths.sh
[0.964s] -- Installing: /home/numarine/Documents/GitHub/VRX_NUMarine/install/share/vrx_gazebo/models
[0.964s] -- Installing: /home/numarine/Documents/GitHub/VRX_NUMarine/install/share/vrx_gazebo/models/cpu_cases
[0.964s] -- Installing: /home/numarine/Documents/GitHub/VRX_NUMarine/install/share/vrx_gazebo/models/cpu_cases/model.config
[0.964s] -- Installing: /home/numarine/Documents/GitHub/VRX_NUMarine/install/share/vrx_gazebo/models/cpu_cases/mesh
[0.964s] -- Installing: /home/numarine/Documents/GitHub/VRX_NUMarine/install/share/vrx_gazebo/models/cpu_cases/mesh/cpu_cases_Normal.png
[0.969s] -- Installing: /home/numarine/Documents/GitHub/VRX_NUMarine/install/share/vrx_gazebo/models/cpu_cases/mesh/cpu_cases_Albedo.png
[0.973s] -- Installing: /home/numarine/Documents/GitHub/VRX_NUMarine/install/share/vrx_gazebo/models/cpu_cases/mesh/cpu_cases.png
[0.977s] -- Installing: /home/numarine/Documents/GitHub/VRX_NUMarine/install/share/vrx_gazebo/models/cpu_cases/mesh/cpu_cases.dae
[0.978s] -- Installing: /home/numarine/Documents/GitHub/VRX_NUMarine/install/share/vrx_gazebo/models/cpu_cases/mesh/cpu_cases_Metalness.png
[0.978s] -- Installing: /home/numarine/Documents/GitHub/VRX_NUMarine/install/share/vrx_gazebo/models/cpu_cases/mesh/cpu_cases_Roughness.png
[0.980s] -- Installing: /home/numarine/Documents/GitHub/VRX_NUMarine/install/share/vrx_gazebo/models/cpu_cases/model.sdf
[0.980s] -- Installing: /home/numarine/Documents/GitHub/VRX_NUMarine/install/share/vrx_gazebo/models/sensor_post
[0.980s] -- Installing: /home/numarine/Documents/GitHub/VRX_NUMarine/install/share/vrx_gazebo/models/sensor_post/model.config
[0.980s] -- Installing: /home/numarine/Documents/GitHub/VRX_NUMarine/install/share/vrx_gazebo/models/sensor_post/mesh
[0.981s] -- Installing: /home/numarine/Documents/GitHub/VRX_NUMarine/install/share/vrx_gazebo/models/sensor_post/mesh/sensor_post_arm.dae
[0.981s] -- Installing: /home/numarine/Documents/GitHub/VRX_NUMarine/install/share/vrx_gazebo/models/sensor_post/mesh/sensor_post.dae
[0.981s] -- Installing: /home/numarine/Documents/GitHub/VRX_NUMarine/install/share/vrx_gazebo/models/sensor_post/mesh/sensor_post.png
[0.981s] -- Installing: /home/numarine/Documents/GitHub/VRX_NUMarine/install/share/vrx_gazebo/models/sensor_post/model.sdf
[0.981s] -- Installing: /home/numarine/Documents/GitHub/VRX_NUMarine/install/share/vrx_gazebo/models/3d_lidar
[0.981s] -- Installing: /home/numarine/Documents/GitHub/VRX_NUMarine/install/share/vrx_gazebo/models/3d_lidar/model.config
[0.981s] -- Installing: /home/numarine/Documents/GitHub/VRX_NUMarine/install/share/vrx_gazebo/models/3d_lidar/mesh
[0.981s] -- Installing: /home/numarine/Documents/GitHub/VRX_NUMarine/install/share/vrx_gazebo/models/3d_lidar/mesh/3d_Lidar_Roughness.png
[0.981s] -- Installing: /home/numarine/Documents/GitHub/VRX_NUMarine/install/share/vrx_gazebo/models/3d_lidar/mesh/3d_Lidar_Metalness.png
[0.981s] -- Installing: /home/numarine/Documents/GitHub/VRX_NUMarine/install/share/vrx_gazebo/models/3d_lidar/mesh/3d_lidar.dae
[0.982s] -- Installing: /home/numarine/Documents/GitHub/VRX_NUMarine/install/share/vrx_gazebo/models/3d_lidar/mesh/3d_Lidar_Albedo.png
[0.982s] -- Installing: /home/numarine/Documents/GitHub/VRX_NUMarine/install/share/vrx_gazebo/models/3d_lidar/mesh/3d_lidar.png
[0.983s] -- Installing: /home/numarine/Documents/GitHub/VRX_NUMarine/install/share/vrx_gazebo/models/3d_lidar/mesh/3d_Lidar_Normal.png
[0.983s] -- Installing: /home/numarine/Documents/GitHub/VRX_NUMarine/install/share/vrx_gazebo/models/3d_lidar/model.sdf
[0.983s] -- Installing: /home/numarine/Documents/GitHub/VRX_NUMarine/install/share/vrx_gazebo/models/battery
[0.983s] -- Installing: /home/numarine/Documents/GitHub/VRX_NUMarine/install/share/vrx_gazebo/models/battery/model.config
[0.983s] -- Installing: /home/numarine/Documents/GitHub/VRX_NUMarine/install/share/vrx_gazebo/models/battery/mesh
[0.983s] -- Installing: /home/numarine/Documents/GitHub/VRX_NUMarine/install/share/vrx_gazebo/models/battery/mesh/battery_Metalness.png
[0.983s] -- Installing: /home/numarine/Documents/GitHub/VRX_NUMarine/install/share/vrx_gazebo/models/battery/mesh/battery_Albedo.png
[0.987s] -- Installing: /home/numarine/Documents/GitHub/VRX_NUMarine/install/share/vrx_gazebo/models/battery/mesh/battery.png
[0.992s] -- Installing: /home/numarine/Documents/GitHub/VRX_NUMarine/install/share/vrx_gazebo/models/battery/mesh/battery_Normal.png
[0.996s] -- Installing: /home/numarine/Documents/GitHub/VRX_NUMarine/install/share/vrx_gazebo/models/battery/mesh/battery_Roughness.png
[0.998s] -- Installing: /home/numarine/Documents/GitHub/VRX_NUMarine/install/share/vrx_gazebo/models/battery/mesh/battery.dae
[0.998s] -- Installing: /home/numarine/Documents/GitHub/VRX_NUMarine/install/share/vrx_gazebo/models/battery/model.sdf
[0.999s] -- Installing: /home/numarine/Documents/GitHub/VRX_NUMarine/install/share/vrx_gazebo/models/mono_camera
[0.999s] -- Installing: /home/numarine/Documents/GitHub/VRX_NUMarine/install/share/vrx_gazebo/models/mono_camera/model.config
[0.999s] -- Installing: /home/numarine/Documents/GitHub/VRX_NUMarine/install/share/vrx_gazebo/models/mono_camera/mesh
[0.999s] -- Installing: /home/numarine/Documents/GitHub/VRX_NUMarine/install/share/vrx_gazebo/models/mono_camera/mesh/mono_camera_Metalness.png
[0.999s] -- Installing: /home/numarine/Documents/GitHub/VRX_NUMarine/install/share/vrx_gazebo/models/mono_camera/mesh/mono_camera_Roughness.png
[0.999s] -- Installing: /home/numarine/Documents/GitHub/VRX_NUMarine/install/share/vrx_gazebo/models/mono_camera/mesh/mono_camera_Albedo.png
[0.999s] -- Installing: /home/numarine/Documents/GitHub/VRX_NUMarine/install/share/vrx_gazebo/models/mono_camera/mesh/mono_camera.png
[1.000s] -- Installing: /home/numarine/Documents/GitHub/VRX_NUMarine/install/share/vrx_gazebo/models/mono_camera/mesh/mono_camera.dae
[1.000s] -- Installing: /home/numarine/Documents/GitHub/VRX_NUMarine/install/share/vrx_gazebo/models/mono_camera/mesh/mono_camera_Normal.png
[1.000s] -- Installing: /home/numarine/Documents/GitHub/VRX_NUMarine/install/share/vrx_gazebo/models/mono_camera/model.sdf
[1.000s] -- Installing: /home/numarine/Documents/GitHub/VRX_NUMarine/install/share/vrx_gazebo/models/blue_projectile
[1.000s] -- Installing: /home/numarine/Documents/GitHub/VRX_NUMarine/install/share/vrx_gazebo/models/blue_projectile/model.config
[1.001s] -- Installing: /home/numarine/Documents/GitHub/VRX_NUMarine/install/share/vrx_gazebo/models/blue_projectile/model.sdf
[1.001s] -- Installing: /home/numarine/Documents/GitHub/VRX_NUMarine/install/share/vrx_gazebo/models/ball_shooter
[1.001s] -- Installing: /home/numarine/Documents/GitHub/VRX_NUMarine/install/share/vrx_gazebo/models/ball_shooter/model.config
[1.001s] -- Installing: /home/numarine/Documents/GitHub/VRX_NUMarine/install/share/vrx_gazebo/models/ball_shooter/meshes
[1.001s] -- Installing: /home/numarine/Documents/GitHub/VRX_NUMarine/install/share/vrx_gazebo/models/ball_shooter/meshes/ball_shooter_launcher.dae
[1.001s] -- Installing: /home/numarine/Documents/GitHub/VRX_NUMarine/install/share/vrx_gazebo/models/ball_shooter/meshes/Glass_BaseColor.png
[1.001s] -- Installing: /home/numarine/Documents/GitHub/VRX_NUMarine/install/share/vrx_gazebo/models/ball_shooter/meshes/ball_shooter_base.dae
[1.001s] -- Installing: /home/numarine/Documents/GitHub/VRX_NUMarine/install/share/vrx_gazebo/models/ball_shooter/meshes/Launcher_Albedo.png
[1.002s] -- Installing: /home/numarine/Documents/GitHub/VRX_NUMarine/install/share/vrx_gazebo/models/ball_shooter/meshes/Launcher_BaseColor.png
[1.004s] -- Installing: /home/numarine/Documents/GitHub/VRX_NUMarine/install/share/vrx_gazebo/models/ball_shooter/materials
[1.004s] -- Installing: /home/numarine/Documents/GitHub/VRX_NUMarine/install/share/vrx_gazebo/models/ball_shooter/materials/Textures
[1.004s] -- Installing: /home/numarine/Documents/GitHub/VRX_NUMarine/install/share/vrx_gazebo/models/ball_shooter/materials/Textures/Launcher_Roughness.png
[1.004s] -- Installing: /home/numarine/Documents/GitHub/VRX_NUMarine/install/share/vrx_gazebo/models/ball_shooter/materials/Textures/Launcher_Metalness.png
[1.004s] -- Installing: /home/numarine/Documents/GitHub/VRX_NUMarine/install/share/vrx_gazebo/models/ball_shooter/materials/Textures/Launcher_Albedo.png
[1.005s] -- Installing: /home/numarine/Documents/GitHub/VRX_NUMarine/install/share/vrx_gazebo/models/ball_shooter/materials/Textures/Launcher_Normal.png
[1.006s] -- Installing: /home/numarine/Documents/GitHub/VRX_NUMarine/install/share/vrx_gazebo/models/ball_shooter/model.sdf
[1.006s] -- Installing: /home/numarine/Documents/GitHub/VRX_NUMarine/install/share/vrx_gazebo/launch
[1.006s] -- Installing: /home/numarine/Documents/GitHub/VRX_NUMarine/install/share/vrx_gazebo/launch/generate_wamv.launch.py
[1.006s] -- Installing: /home/numarine/Documents/GitHub/VRX_NUMarine/install/share/vrx_gazebo/launch/rviz.launch.py
[1.006s] -- Installing: /home/numarine/Documents/GitHub/VRX_NUMarine/install/share/vrx_gazebo/config
[1.006s] -- Installing: /home/numarine/Documents/GitHub/VRX_NUMarine/install/share/vrx_gazebo/config/rviz_vrx_rsp.rviz
[1.006s] -- Installing: /home/numarine/Documents/GitHub/VRX_NUMarine/install/share/vrx_gazebo/config/wamv_config
[1.006s] -- Installing: /home/numarine/Documents/GitHub/VRX_NUMarine/install/share/vrx_gazebo/config/wamv_config/thruster_compliance
[1.007s] -- Installing: /home/numarine/Documents/GitHub/VRX_NUMarine/install/share/vrx_gazebo/config/wamv_config/thruster_compliance/numeric.yaml
[1.007s] -- Installing: /home/numarine/Documents/GitHub/VRX_NUMarine/install/share/vrx_gazebo/config/wamv_config/thruster_compliance/bounding_boxes.yaml
[1.007s] -- Installing: /home/numarine/Documents/GitHub/VRX_NUMarine/install/share/vrx_gazebo/config/wamv_config/example_component_config.yaml
[1.007s] -- Installing: /home/numarine/Documents/GitHub/VRX_NUMarine/install/share/vrx_gazebo/config/wamv_config/example_thruster_config.yaml
[1.007s] -- Installing: /home/numarine/Documents/GitHub/VRX_NUMarine/install/share/vrx_gazebo/config/wamv_config/component_compliance
[1.007s] -- Installing: /home/numarine/Documents/GitHub/VRX_NUMarine/install/share/vrx_gazebo/config/wamv_config/component_compliance/numeric.yaml
[1.007s] -- Installing: /home/numarine/Documents/GitHub/VRX_NUMarine/install/share/vrx_gazebo/config/wamv_config/component_compliance/bounding_boxes.yaml
[1.007s] -- Installing: /home/numarine/Documents/GitHub/VRX_NUMarine/install/share/vrx_gazebo/config/rviz_vrx_final.rviz
[1.007s] -- Installing: /home/numarine/Documents/GitHub/VRX_NUMarine/install/lib/vrx_gazebo/generate_wamv.py
[1.008s] -- Installing: /home/numarine/Documents/GitHub/VRX_NUMarine/install/share/vrx_gazebo/environment/pythonpath.sh
[1.008s] -- Installing: /home/numarine/Documents/GitHub/VRX_NUMarine/install/share/vrx_gazebo/environment/pythonpath.dsv
[1.008s] -- Installing: /home/numarine/Documents/GitHub/VRX_NUMarine/install/local/lib/python3.10/dist-packages/vrx_gazebo-1.3.0-py3.10.egg-info
[1.008s] -- Installing: /home/numarine/Documents/GitHub/VRX_NUMarine/install/local/lib/python3.10/dist-packages/vrx_gazebo-1.3.0-py3.10.egg-info/SOURCES.txt
[1.008s] -- Installing: /home/numarine/Documents/GitHub/VRX_NUMarine/install/local/lib/python3.10/dist-packages/vrx_gazebo-1.3.0-py3.10.egg-info/dependency_links.txt
[1.008s] -- Installing: /home/numarine/Documents/GitHub/VRX_NUMarine/install/local/lib/python3.10/dist-packages/vrx_gazebo-1.3.0-py3.10.egg-info/top_level.txt
[1.008s] -- Installing: /home/numarine/Documents/GitHub/VRX_NUMarine/install/local/lib/python3.10/dist-packages/vrx_gazebo-1.3.0-py3.10.egg-info/PKG-INFO
[1.008s] -- Installing: /home/numarine/Documents/GitHub/VRX_NUMarine/install/local/lib/python3.10/dist-packages/vrx_gazebo
[1.009s] -- Installing: /home/numarine/Documents/GitHub/VRX_NUMarine/install/local/lib/python3.10/dist-packages/vrx_gazebo/utils.py
[1.009s] -- Installing: /home/numarine/Documents/GitHub/VRX_NUMarine/install/local/lib/python3.10/dist-packages/vrx_gazebo/compliance.py
[1.009s] -- Installing: /home/numarine/Documents/GitHub/VRX_NUMarine/install/local/lib/python3.10/dist-packages/vrx_gazebo/__init__.py
[1.009s] -- Installing: /home/numarine/Documents/GitHub/VRX_NUMarine/install/local/lib/python3.10/dist-packages/vrx_gazebo/configure_wamv.py
[1.036s] Listing '/home/numarine/Documents/GitHub/VRX_NUMarine/install/local/lib/python3.10/dist-packages/vrx_gazebo'...
[1.036s] Compiling '/home/numarine/Documents/GitHub/VRX_NUMarine/install/local/lib/python3.10/dist-packages/vrx_gazebo/__init__.py'...
[1.036s] Compiling '/home/numarine/Documents/GitHub/VRX_NUMarine/install/local/lib/python3.10/dist-packages/vrx_gazebo/compliance.py'...
[1.036s] Compiling '/home/numarine/Documents/GitHub/VRX_NUMarine/install/local/lib/python3.10/dist-packages/vrx_gazebo/configure_wamv.py'...
[1.036s] Compiling '/home/numarine/Documents/GitHub/VRX_NUMarine/install/local/lib/python3.10/dist-packages/vrx_gazebo/utils.py'...
[1.040s] -- Installing: /home/numarine/Documents/GitHub/VRX_NUMarine/install/share/ament_index/resource_index/package_run_dependencies/vrx_gazebo
[1.040s] -- Installing: /home/numarine/Documents/GitHub/VRX_NUMarine/install/share/ament_index/resource_index/parent_prefix_path/vrx_gazebo
[1.040s] -- Installing: /home/numarine/Documents/GitHub/VRX_NUMarine/install/share/vrx_gazebo/environment/ament_prefix_path.sh
[1.040s] -- Installing: /home/numarine/Documents/GitHub/VRX_NUMarine/install/share/vrx_gazebo/environment/ament_prefix_path.dsv
[1.040s] -- Installing: /home/numarine/Documents/GitHub/VRX_NUMarine/install/share/vrx_gazebo/environment/path.sh
[1.040s] -- Installing: /home/numarine/Documents/GitHub/VRX_NUMarine/install/share/vrx_gazebo/environment/path.dsv
[1.040s] -- Installing: /home/numarine/Documents/GitHub/VRX_NUMarine/install/share/vrx_gazebo/local_setup.bash
[1.040s] -- Installing: /home/numarine/Documents/GitHub/VRX_NUMarine/install/share/vrx_gazebo/local_setup.sh
[1.041s] -- Installing: /home/numarine/Documents/GitHub/VRX_NUMarine/install/share/vrx_gazebo/local_setup.zsh
[1.041s] -- Installing: /home/numarine/Documents/GitHub/VRX_NUMarine/install/share/vrx_gazebo/local_setup.dsv
[1.041s] -- Installing: /home/numarine/Documents/GitHub/VRX_NUMarine/install/share/vrx_gazebo/package.dsv
[1.041s] -- Installing: /home/numarine/Documents/GitHub/VRX_NUMarine/install/share/ament_index/resource_index/packages/vrx_gazebo
[1.041s] -- Installing: /home/numarine/Documents/GitHub/VRX_NUMarine/install/share/vrx_gazebo/cmake/vrx_gazeboConfig.cmake
[1.041s] -- Installing: /home/numarine/Documents/GitHub/VRX_NUMarine/install/share/vrx_gazebo/cmake/vrx_gazeboConfig-version.cmake
[1.041s] -- Installing: /home/numarine/Documents/GitHub/VRX_NUMarine/install/share/vrx_gazebo/package.xml
[1.043s] Invoked command in '/home/numarine/Documents/GitHub/VRX_NUMarine/build/vrx_gazebo' returned '0': CMAKE_PREFIX_PATH=/opt/ros/humble /usr/bin/cmake --install /home/numarine/Documents/GitHub/VRX_NUMarine/build/vrx_gazebo
