[35m[1mConsolidate compiler generated dependencies of target guidance_service[0m
[ 50%] [32mBuilding CXX object CMakeFiles/guidance_service.dir/src/guidance_service.cpp.o[0m
[100%] [32m[1mLinking CXX executable guidance_service[0m
[100%] Built target guidance_service
-- Install configuration: ""
-- Installing: /home/rileychron111/Documents/GitHub/VRX_NUMarine/install/lib/guidance_cpp/guidance_service
-- Set runtime path of "/home/rileychron111/Documents/GitHub/VRX_NUMarine/install/lib/guidance_cpp/guidance_service" to ""
-- Installing: /home/rileychron111/Documents/GitHub/VRX_NUMarine/install/share/ament_index/resource_index/package_run_dependencies/guidance_cpp
-- Installing: /home/rileychron111/Documents/GitHub/VRX_NUMarine/install/share/ament_index/resource_index/parent_prefix_path/guidance_cpp
-- Installing: /home/rileychron111/Documents/GitHub/VRX_NUMarine/install/share/guidance_cpp/environment/ament_prefix_path.sh
-- Installing: /home/rileychron111/Documents/GitHub/VRX_NUMarine/install/share/guidance_cpp/environment/ament_prefix_path.dsv
-- Installing: /home/rileychron111/Documents/GitHub/VRX_NUMarine/install/share/guidance_cpp/environment/path.sh
-- Installing: /home/rileychron111/Documents/GitHub/VRX_NUMarine/install/share/guidance_cpp/environment/path.dsv
-- Installing: /home/rileychron111/Documents/GitHub/VRX_NUMarine/install/share/guidance_cpp/local_setup.bash
-- Installing: /home/rileychron111/Documents/GitHub/VRX_NUMarine/install/share/guidance_cpp/local_setup.sh
-- Installing: /home/rileychron111/Documents/GitHub/VRX_NUMarine/install/share/guidance_cpp/local_setup.zsh
-- Installing: /home/rileychron111/Documents/GitHub/VRX_NUMarine/install/share/guidance_cpp/local_setup.dsv
-- Installing: /home/rileychron111/Documents/GitHub/VRX_NUMarine/install/share/guidance_cpp/package.dsv
-- Installing: /home/rileychron111/Documents/GitHub/VRX_NUMarine/install/share/ament_index/resource_index/packages/guidance_cpp
-- Installing: /home/rileychron111/Documents/GitHub/VRX_NUMarine/install/share/guidance_cpp/cmake/guidance_cppConfig.cmake
-- Installing: /home/rileychron111/Documents/GitHub/VRX_NUMarine/install/share/guidance_cpp/cmake/guidance_cppConfig-version.cmake
-- Installing: /home/rileychron111/Documents/GitHub/VRX_NUMarine/install/share/guidance_cpp/package.xml
