[0.138s] Invoking command in '/home/rileychron111/Documents/GitHub/VRX_NUMarine/build/guidance_cpp': CMAKE_PREFIX_PATH=/opt/ros/humble /usr/bin/cmake --build /home/rileychron111/Documents/GitHub/VRX_NUMarine/build/guidance_cpp -- -j12 -l12
[0.269s] [35m[1mConsolidate compiler generated dependencies of target guidance_service[0m
[0.270s] [ 50%] [32mBuilding CXX object CMakeFiles/guidance_service.dir/src/guidance_service.cpp.o[0m
[4.826s] [100%] [32m[1mLinking CXX executable guidance_service[0m
[4.976s] [100%] Built target guidance_service
[4.982s] Invoked command in '/home/rileychron111/Documents/GitHub/VRX_NUMarine/build/guidance_cpp' returned '0': CMAKE_PREFIX_PATH=/opt/ros/humble /usr/bin/cmake --build /home/rileychron111/Documents/GitHub/VRX_NUMarine/build/guidance_cpp -- -j12 -l12
[4.995s] Invoking command in '/home/rileychron111/Documents/GitHub/VRX_NUMarine/build/guidance_cpp': CMAKE_PREFIX_PATH=/opt/ros/humble /usr/bin/cmake --install /home/rileychron111/Documents/GitHub/VRX_NUMarine/build/guidance_cpp
[4.999s] -- Install configuration: ""
[4.999s] -- Installing: /home/rileychron111/Documents/GitHub/VRX_NUMarine/install/lib/guidance_cpp/guidance_service
[5.000s] -- Set runtime path of "/home/rileychron111/Documents/GitHub/VRX_NUMarine/install/lib/guidance_cpp/guidance_service" to ""
[5.000s] -- Installing: /home/rileychron111/Documents/GitHub/VRX_NUMarine/install/share/ament_index/resource_index/package_run_dependencies/guidance_cpp
[5.000s] -- Installing: /home/rileychron111/Documents/GitHub/VRX_NUMarine/install/share/ament_index/resource_index/parent_prefix_path/guidance_cpp
[5.000s] -- Installing: /home/rileychron111/Documents/GitHub/VRX_NUMarine/install/share/guidance_cpp/environment/ament_prefix_path.sh
[5.001s] -- Installing: /home/rileychron111/Documents/GitHub/VRX_NUMarine/install/share/guidance_cpp/environment/ament_prefix_path.dsv
[5.001s] -- Installing: /home/rileychron111/Documents/GitHub/VRX_NUMarine/install/share/guidance_cpp/environment/path.sh
[5.001s] -- Installing: /home/rileychron111/Documents/GitHub/VRX_NUMarine/install/share/guidance_cpp/environment/path.dsv
[5.001s] -- Installing: /home/rileychron111/Documents/GitHub/VRX_NUMarine/install/share/guidance_cpp/local_setup.bash
[5.001s] -- Installing: /home/rileychron111/Documents/GitHub/VRX_NUMarine/install/share/guidance_cpp/local_setup.sh
[5.001s] -- Installing: /home/rileychron111/Documents/GitHub/VRX_NUMarine/install/share/guidance_cpp/local_setup.zsh
[5.001s] -- Installing: /home/rileychron111/Documents/GitHub/VRX_NUMarine/install/share/guidance_cpp/local_setup.dsv
[5.001s] -- Installing: /home/rileychron111/Documents/GitHub/VRX_NUMarine/install/share/guidance_cpp/package.dsv
[5.001s] -- Installing: /home/rileychron111/Documents/GitHub/VRX_NUMarine/install/share/ament_index/resource_index/packages/guidance_cpp
[5.001s] -- Installing: /home/rileychron111/Documents/GitHub/VRX_NUMarine/install/share/guidance_cpp/cmake/guidance_cppConfig.cmake
[5.001s] -- Installing: /home/rileychron111/Documents/GitHub/VRX_NUMarine/install/share/guidance_cpp/cmake/guidance_cppConfig-version.cmake
[5.001s] -- Installing: /home/rileychron111/Documents/GitHub/VRX_NUMarine/install/share/guidance_cpp/package.xml
[5.002s] Invoked command in '/home/rileychron111/Documents/GitHub/VRX_NUMarine/build/guidance_cpp' returned '0': CMAKE_PREFIX_PATH=/opt/ros/humble /usr/bin/cmake --install /home/rileychron111/Documents/GitHub/VRX_NUMarine/build/guidance_cpp
