[0.024s] Invoking command in '/home/jain/Documents/GitHub/VRX_NUMarine/build/wamv_description': CMAKE_PREFIX_PATH=${CMAKE_PREFIX_PATH}:/opt/ros/humble GZ_SIM_RESOURCE_PATH=/home/jain/Documents/GitHub/VRX_NUMarine/install/share:${GZ_SIM_RESOURCE_PATH} /usr/bin/cmake --build /home/jain/Documents/GitHub/VRX_NUMarine/build/wamv_description -- -j8 -l8
[0.115s] [100%] Built target wamv_description__xacro_auto_generate
[0.129s] Invoked command in '/home/jain/Documents/GitHub/VRX_NUMarine/build/wamv_description' returned '0': CMAKE_PREFIX_PATH=${CMAKE_PREFIX_PATH}:/opt/ros/humble GZ_SIM_RESOURCE_PATH=/home/jain/Documents/GitHub/VRX_NUMarine/install/share:${GZ_SIM_RESOURCE_PATH} /usr/bin/cmake --build /home/jain/Documents/GitHub/VRX_NUMarine/build/wamv_description -- -j8 -l8
[0.199s] Invoking command in '/home/jain/Documents/GitHub/VRX_NUMarine/build/wamv_description': CMAKE_PREFIX_PATH=${CMAKE_PREFIX_PATH}:/opt/ros/humble GZ_SIM_RESOURCE_PATH=/home/jain/Documents/GitHub/VRX_NUMarine/install/share:${GZ_SIM_RESOURCE_PATH} /usr/bin/cmake --install /home/jain/Documents/GitHub/VRX_NUMarine/build/wamv_description
[0.213s] -- Install configuration: ""
[0.214s] -- Up-to-date: /home/jain/Documents/GitHub/VRX_NUMarine/install/share/wamv_description/environment/resource_paths.dsv
[0.215s] -- Up-to-date: /home/jain/Documents/GitHub/VRX_NUMarine/install/share/wamv_description/environment/resource_paths.sh
[0.215s] -- Up-to-date: /home/jain/Documents/GitHub/VRX_NUMarine/install/share/wamv_description/urdf/wamv_base.urdf
[0.215s] -- Up-to-date: /home/jain/Documents/GitHub/VRX_NUMarine/install/share/wamv_description/models
[0.216s] -- Up-to-date: /home/jain/Documents/GitHub/VRX_NUMarine/install/share/wamv_description/models/propeller
[0.216s] -- Up-to-date: /home/jain/Documents/GitHub/VRX_NUMarine/install/share/wamv_description/models/propeller/mesh
[0.216s] -- Up-to-date: /home/jain/Documents/GitHub/VRX_NUMarine/install/share/wamv_description/models/propeller/mesh/propeller.dae
[0.217s] -- Up-to-date: /home/jain/Documents/GitHub/VRX_NUMarine/install/share/wamv_description/models/propeller/model.config
[0.217s] -- Up-to-date: /home/jain/Documents/GitHub/VRX_NUMarine/install/share/wamv_description/models/WAM-V-Base
[0.217s] -- Up-to-date: /home/jain/Documents/GitHub/VRX_NUMarine/install/share/wamv_description/models/WAM-V-Base/mesh
[0.218s] -- Up-to-date: /home/jain/Documents/GitHub/VRX_NUMarine/install/share/wamv_description/models/WAM-V-Base/mesh/WAM-V_Roughness.png
[0.218s] -- Up-to-date: /home/jain/Documents/GitHub/VRX_NUMarine/install/share/wamv_description/models/WAM-V-Base/mesh/WAM-V-Base.dae
[0.218s] -- Up-to-date: /home/jain/Documents/GitHub/VRX_NUMarine/install/share/wamv_description/models/WAM-V-Base/mesh/WAM-V_Albedo.png
[0.219s] -- Up-to-date: /home/jain/Documents/GitHub/VRX_NUMarine/install/share/wamv_description/models/WAM-V-Base/mesh/WamV.png
[0.219s] -- Up-to-date: /home/jain/Documents/GitHub/VRX_NUMarine/install/share/wamv_description/models/WAM-V-Base/mesh/WAM-V_Normal.png
[0.219s] -- Up-to-date: /home/jain/Documents/GitHub/VRX_NUMarine/install/share/wamv_description/models/WAM-V-Base/mesh/WAM-V_Metalness.png
[0.220s] -- Up-to-date: /home/jain/Documents/GitHub/VRX_NUMarine/install/share/wamv_description/models/WAM-V-Base/model.config
[0.220s] -- Up-to-date: /home/jain/Documents/GitHub/VRX_NUMarine/install/share/wamv_description/models/engine
[0.223s] -- Up-to-date: /home/jain/Documents/GitHub/VRX_NUMarine/install/share/wamv_description/models/engine/mesh
[0.223s] -- Up-to-date: /home/jain/Documents/GitHub/VRX_NUMarine/install/share/wamv_description/models/engine/mesh/engine.dae
[0.223s] -- Up-to-date: /home/jain/Documents/GitHub/VRX_NUMarine/install/share/wamv_description/models/engine/model.config
[0.224s] -- Up-to-date: /home/jain/Documents/GitHub/VRX_NUMarine/install/share/wamv_description/urdf
[0.224s] -- Up-to-date: /home/jain/Documents/GitHub/VRX_NUMarine/install/share/wamv_description/urdf/wamv_base.urdf.xacro
[0.224s] -- Up-to-date: /home/jain/Documents/GitHub/VRX_NUMarine/install/share/wamv_description/urdf/cpu_cases.xacro
[0.224s] -- Up-to-date: /home/jain/Documents/GitHub/VRX_NUMarine/install/share/wamv_description/urdf/thrusters
[0.225s] -- Up-to-date: /home/jain/Documents/GitHub/VRX_NUMarine/install/share/wamv_description/urdf/thrusters/engine.xacro
[0.225s] -- Up-to-date: /home/jain/Documents/GitHub/VRX_NUMarine/install/share/wamv_description/urdf/battery.xacro
[0.225s] -- Up-to-date: /home/jain/Documents/GitHub/VRX_NUMarine/install/share/ament_index/resource_index/package_run_dependencies/wamv_description
[0.225s] -- Up-to-date: /home/jain/Documents/GitHub/VRX_NUMarine/install/share/ament_index/resource_index/parent_prefix_path/wamv_description
[0.225s] -- Up-to-date: /home/jain/Documents/GitHub/VRX_NUMarine/install/share/wamv_description/environment/ament_prefix_path.sh
[0.226s] -- Up-to-date: /home/jain/Documents/GitHub/VRX_NUMarine/install/share/wamv_description/environment/ament_prefix_path.dsv
[0.226s] -- Up-to-date: /home/jain/Documents/GitHub/VRX_NUMarine/install/share/wamv_description/environment/path.sh
[0.226s] -- Up-to-date: /home/jain/Documents/GitHub/VRX_NUMarine/install/share/wamv_description/environment/path.dsv
[0.226s] -- Up-to-date: /home/jain/Documents/GitHub/VRX_NUMarine/install/share/wamv_description/local_setup.bash
[0.226s] -- Up-to-date: /home/jain/Documents/GitHub/VRX_NUMarine/install/share/wamv_description/local_setup.sh
[0.227s] -- Up-to-date: /home/jain/Documents/GitHub/VRX_NUMarine/install/share/wamv_description/local_setup.zsh
[0.227s] -- Up-to-date: /home/jain/Documents/GitHub/VRX_NUMarine/install/share/wamv_description/local_setup.dsv
[0.228s] -- Installing: /home/jain/Documents/GitHub/VRX_NUMarine/install/share/wamv_description/package.dsv
[0.228s] -- Up-to-date: /home/jain/Documents/GitHub/VRX_NUMarine/install/share/ament_index/resource_index/packages/wamv_description
[0.229s] -- Up-to-date: /home/jain/Documents/GitHub/VRX_NUMarine/install/share/wamv_description/cmake/wamv_descriptionConfig.cmake
[0.229s] -- Up-to-date: /home/jain/Documents/GitHub/VRX_NUMarine/install/share/wamv_description/cmake/wamv_descriptionConfig-version.cmake
[0.230s] -- Up-to-date: /home/jain/Documents/GitHub/VRX_NUMarine/install/share/wamv_description/package.xml
[0.230s] Invoked command in '/home/jain/Documents/GitHub/VRX_NUMarine/build/wamv_description' returned '0': CMAKE_PREFIX_PATH=${CMAKE_PREFIX_PATH}:/opt/ros/humble GZ_SIM_RESOURCE_PATH=/home/jain/Documents/GitHub/VRX_NUMarine/install/share:${GZ_SIM_RESOURCE_PATH} /usr/bin/cmake --install /home/jain/Documents/GitHub/VRX_NUMarine/build/wamv_description
