[0.015s] Invoking command in '/home/rileychron111/Documents/GitHub/VRX_NUMarine/build/vrx_ros': CMAKE_PREFIX_PATH=${CMAKE_PREFIX_PATH}:/opt/ros/humble /usr/bin/cmake /home/rileychron111/Documents/GitHub/VRX_NUMarine/src/vrx/ros_packages/vrx_ros -DCMAKE_INSTALL_PREFIX=/home/rileychron111/Documents/GitHub/VRX_NUMarine/install
[0.311s] -- The C compiler identification is GNU 11.4.0
[0.311s] -- The CXX compiler identification is GNU 11.4.0
[0.311s] -- Detecting C compiler ABI info
[0.311s] -- Detecting C compiler ABI info - done
[0.311s] -- Check for working C compiler: /usr/bin/cc - skipped
[0.311s] -- Detecting C compile features
[0.311s] -- Detecting C compile features - done
[0.311s] -- Detecting CXX compiler ABI info
[0.311s] -- Detecting CXX compiler ABI info - done
[0.312s] -- Check for working CXX compiler: /usr/bin/c++ - skipped
[0.312s] -- Detecting CXX compile features
[0.312s] -- Detecting CXX compile features - done
[0.312s] -- Found ament_cmake: 1.3.9 (/opt/ros/humble/share/ament_cmake/cmake)
[0.312s] -- Found Python3: /usr/bin/python3 (found version "3.10.12") found components: Interpreter 
[0.317s] -- Found geometry_msgs: 4.2.4 (/opt/ros/humble/share/geometry_msgs/cmake)
[0.347s] -- Found rosidl_generator_c: 3.1.5 (/opt/ros/humble/share/rosidl_generator_c/cmake)
[0.349s] -- Found rosidl_adapter: 3.1.5 (/opt/ros/humble/share/rosidl_adapter/cmake)
[0.354s] -- Found rosidl_generator_cpp: 3.1.5 (/opt/ros/humble/share/rosidl_generator_cpp/cmake)
[0.362s] -- Using all available rosidl_typesupport_c: rosidl_typesupport_fastrtps_c;rosidl_typesupport_introspection_c
[0.373s] -- Using all available rosidl_typesupport_cpp: rosidl_typesupport_fastrtps_cpp;rosidl_typesupport_introspection_cpp
[0.449s] -- Looking for gz-msgs9 -- found version 9.5.0
[0.458s] -- Searching for dependencies of gz-msgs9
[0.586s] -- Found Protobuf: /usr/lib/x86_64-linux-gnu/libprotobuf.so (found version "3.12.4") 
[0.588s] -- Looking for gz-math7 -- found version 7.5.0
[0.589s] -- Searching for dependencies of gz-math7
[0.590s] -- Looking for gz-utils2 -- found version 2.2.0
[0.591s] -- Searching for dependencies of gz-utils2
[0.597s] -- Checking for module 'tinyxml2'
[0.607s] --   Found tinyxml2, version 9.0.0
[0.633s] -- Looking for gz-transport12 -- found version 12.2.1
[0.634s] -- Searching for dependencies of gz-transport12
[0.658s] -- Config-file not installed for ZeroMQ -- checking for pkg-config
[0.662s] -- Checking for module 'libzmq >= 4'
[0.672s] --   Found libzmq , version 4.3.4
[0.694s] -- Found ZeroMQ: TRUE (Required is at least version "4") 
[0.697s] -- Checking for module 'uuid'
[0.705s] --   Found uuid, version 2.37.2
[0.723s] -- Found UUID: TRUE  
[0.723s] -- Looking for gz-utils2 -- found version 2.2.0
[0.723s] -- Searching for dependencies of gz-utils2
[0.723s] -- Searching for <gz-utils2> component [cli]
[0.725s] -- Looking for gz-utils2-cli -- found version 2.2.0
[0.725s] -- Searching for dependencies of gz-utils2-cli
[0.726s] -- Looking for gz-msgs9 -- found version 9.5.0
[0.728s] -- Found rclcpp: 16.0.9 (/opt/ros/humble/share/rclcpp/cmake)
[0.784s] -- Found rmw_implementation_cmake: 6.1.2 (/opt/ros/humble/share/rmw_implementation_cmake/cmake)
[0.786s] -- Found rmw_fastrtps_cpp: 6.2.6 (/opt/ros/humble/share/rmw_fastrtps_cpp/cmake)
[0.850s] -- Found OpenSSL: /usr/lib/x86_64-linux-gnu/libcrypto.so (found version "3.0.2")  
[0.866s] -- Found FastRTPS: /opt/ros/humble/include  
[0.893s] -- Using RMW implementation 'rmw_fastrtps_cpp' as default
[0.899s] -- Found Threads: TRUE  
[1.001s] -- Found ros_gz_interfaces: 0.244.11 (/opt/ros/humble/share/ros_gz_interfaces/cmake)
[1.066s] -- Found sensor_msgs: 4.2.4 (/opt/ros/humble/share/sensor_msgs/cmake)
[1.115s] -- Found tf2: 0.25.7 (/opt/ros/humble/share/tf2/cmake)
[1.124s] -- Found tf2_msgs: 0.25.7 (/opt/ros/humble/share/tf2_msgs/cmake)
[1.210s] -- Found tf2_ros: 0.25.7 (/opt/ros/humble/share/tf2_ros/cmake)
[1.328s] -- Configuring done
[1.335s] -- Generating done
[1.336s] -- Build files have been written to: /home/rileychron111/Documents/GitHub/VRX_NUMarine/build/vrx_ros
