[0.047s] Invoking command in '/home/numarine/Documents/GitHub/VRX_NUMarine/build/my_velocity_to_pwm': CMAKE_PREFIX_PATH=${CMAKE_PREFIX_PATH}:/opt/ros/humble /usr/bin/cmake --build /home/numarine/Documents/GitHub/VRX_NUMarine/build/my_velocity_to_pwm -- -j12 -l12
[0.137s] [100%] Built target velocity_to_pwm_node
[0.174s] Invoked command in '/home/numarine/Documents/GitHub/VRX_NUMarine/build/my_velocity_to_pwm' returned '0': CMAKE_PREFIX_PATH=${CMAKE_PREFIX_PATH}:/opt/ros/humble /usr/bin/cmake --build /home/numarine/Documents/GitHub/VRX_NUMarine/build/my_velocity_to_pwm -- -j12 -l12
[0.236s] Invoking command in '/home/numarine/Documents/GitHub/VRX_NUMarine/build/my_velocity_to_pwm': CMAKE_PREFIX_PATH=${CMAKE_PREFIX_PATH}:/opt/ros/humble /usr/bin/cmake --install /home/numarine/Documents/GitHub/VRX_NUMarine/build/my_velocity_to_pwm
[0.265s] -- Install configuration: ""
[0.265s] -- Up-to-date: /home/numarine/Documents/GitHub/VRX_NUMarine/install/lib/my_velocity_to_pwm/velocity_to_pwm_node
[0.265s] -- Up-to-date: /home/numarine/Documents/GitHub/VRX_NUMarine/install/share/ament_index/resource_index/package_run_dependencies/my_velocity_to_pwm
[0.265s] -- Up-to-date: /home/numarine/Documents/GitHub/VRX_NUMarine/install/share/ament_index/resource_index/parent_prefix_path/my_velocity_to_pwm
[0.266s] -- Up-to-date: /home/numarine/Documents/GitHub/VRX_NUMarine/install/share/my_velocity_to_pwm/environment/ament_prefix_path.sh
[0.266s] -- Up-to-date: /home/numarine/Documents/GitHub/VRX_NUMarine/install/share/my_velocity_to_pwm/environment/ament_prefix_path.dsv
[0.266s] -- Up-to-date: /home/numarine/Documents/GitHub/VRX_NUMarine/install/share/my_velocity_to_pwm/environment/path.sh
[0.266s] -- Up-to-date: /home/numarine/Documents/GitHub/VRX_NUMarine/install/share/my_velocity_to_pwm/environment/path.dsv
[0.266s] -- Up-to-date: /home/numarine/Documents/GitHub/VRX_NUMarine/install/share/my_velocity_to_pwm/local_setup.bash
[0.266s] -- Up-to-date: /home/numarine/Documents/GitHub/VRX_NUMarine/install/share/my_velocity_to_pwm/local_setup.sh
[0.266s] -- Up-to-date: /home/numarine/Documents/GitHub/VRX_NUMarine/install/share/my_velocity_to_pwm/local_setup.zsh
[0.266s] -- Up-to-date: /home/numarine/Documents/GitHub/VRX_NUMarine/install/share/my_velocity_to_pwm/local_setup.dsv
[0.267s] -- Installing: /home/numarine/Documents/GitHub/VRX_NUMarine/install/share/my_velocity_to_pwm/package.dsv
[0.270s] -- Up-to-date: /home/numarine/Documents/GitHub/VRX_NUMarine/install/share/ament_index/resource_index/packages/my_velocity_to_pwm
[0.270s] -- Up-to-date: /home/numarine/Documents/GitHub/VRX_NUMarine/install/share/my_velocity_to_pwm/cmake/my_velocity_to_pwmConfig.cmake
[0.271s] -- Up-to-date: /home/numarine/Documents/GitHub/VRX_NUMarine/install/share/my_velocity_to_pwm/cmake/my_velocity_to_pwmConfig-version.cmake
[0.271s] -- Up-to-date: /home/numarine/Documents/GitHub/VRX_NUMarine/install/share/my_velocity_to_pwm/package.xml
[0.319s] Invoked command in '/home/numarine/Documents/GitHub/VRX_NUMarine/build/my_velocity_to_pwm' returned '0': CMAKE_PREFIX_PATH=${CMAKE_PREFIX_PATH}:/opt/ros/humble /usr/bin/cmake --install /home/numarine/Documents/GitHub/VRX_NUMarine/build/my_velocity_to_pwm
