[0.820s] Invoking command in '/home/rileychron111/Documents/GitHub/VRX_NUMarine/src/vrx/ros_packages/mpc': PYTHONPATH=/home/rileychron111/Documents/GitHub/VRX_NUMarine/build/mpc/prefix_override:/home/rileychron111/Documents/GitHub/VRX_NUMarine/install/lib/python3.10/site-packages:${PYTHONPATH} /usr/bin/python3 -W ignore:setup.py install is deprecated setup.py egg_info --egg-base ../../../../build/mpc build --build-base /home/rileychron111/Documents/GitHub/VRX_NUMarine/build/mpc/build install --record /home/rileychron111/Documents/GitHub/VRX_NUMarine/build/mpc/install.log --single-version-externally-managed
[1.159s] running egg_info
[1.160s] writing ../../../../build/mpc/mpc.egg-info/PKG-INFO
[1.160s] writing dependency_links to ../../../../build/mpc/mpc.egg-info/dependency_links.txt
[1.160s] writing entry points to ../../../../build/mpc/mpc.egg-info/entry_points.txt
[1.160s] writing requirements to ../../../../build/mpc/mpc.egg-info/requires.txt
[1.161s] writing top-level names to ../../../../build/mpc/mpc.egg-info/top_level.txt
[1.164s] reading manifest file '../../../../build/mpc/mpc.egg-info/SOURCES.txt'
[1.165s] writing manifest file '../../../../build/mpc/mpc.egg-info/SOURCES.txt'
[1.165s] running build
[1.166s] running build_py
[1.166s] running install
[1.166s] running install_lib
[1.169s] running install_egg_info
[1.170s] removing '/home/rileychron111/Documents/GitHub/VRX_NUMarine/install/lib/python3.10/site-packages/mpc-0.0.0-py3.10.egg-info' (and everything under it)
[1.170s] Copying ../../../../build/mpc/mpc.egg-info to /home/rileychron111/Documents/GitHub/VRX_NUMarine/install/lib/python3.10/site-packages/mpc-0.0.0-py3.10.egg-info
[1.171s] running install_scripts
[1.197s] Installing control_node script to /home/rileychron111/Documents/GitHub/VRX_NUMarine/install/lib/mpc
[1.197s] writing list of installed files to '/home/rileychron111/Documents/GitHub/VRX_NUMarine/build/mpc/install.log'
[1.256s] Invoked command in '/home/rileychron111/Documents/GitHub/VRX_NUMarine/src/vrx/ros_packages/mpc' returned '0': PYTHONPATH=/home/rileychron111/Documents/GitHub/VRX_NUMarine/build/mpc/prefix_override:/home/rileychron111/Documents/GitHub/VRX_NUMarine/install/lib/python3.10/site-packages:${PYTHONPATH} /usr/bin/python3 -W ignore:setup.py install is deprecated setup.py egg_info --egg-base ../../../../build/mpc build --build-base /home/rileychron111/Documents/GitHub/VRX_NUMarine/build/mpc/build install --record /home/rileychron111/Documents/GitHub/VRX_NUMarine/build/mpc/install.log --single-version-externally-managed
