[0.137s] Invoking command in '/home/rileychron111/Documents/GitHub/VRX_NUMarine/build/guidance_cpp': CMAKE_PREFIX_PATH=/opt/ros/humble /usr/bin/cmake /home/rileychron111/Documents/GitHub/VRX_NUMarine/src/vrx/ros_packages/guidance_cpp -DCMAKE_INSTALL_PREFIX=/home/rileychron111/Documents/GitHub/VRX_NUMarine/install
[0.267s] -- Found ament_cmake: 1.3.9 (/opt/ros/humble/share/ament_cmake/cmake)
[0.267s] -- Found rclcpp: 16.0.9 (/opt/ros/humble/share/rclcpp/cmake)
[0.268s] -- Found rosidl_generator_c: 3.1.5 (/opt/ros/humble/share/rosidl_generator_c/cmake)
[0.268s] -- Found rosidl_adapter: 3.1.5 (/opt/ros/humble/share/rosidl_adapter/cmake)
[0.268s] -- Found rosidl_generator_cpp: 3.1.5 (/opt/ros/humble/share/rosidl_generator_cpp/cmake)
[0.269s] -- Using all available rosidl_typesupport_c: rosidl_typesupport_fastrtps_c;rosidl_typesupport_introspection_c
[0.269s] -- Using all available rosidl_typesupport_cpp: rosidl_typesupport_fastrtps_cpp;rosidl_typesupport_introspection_cpp
[0.284s] -- Found rmw_implementation_cmake: 6.1.2 (/opt/ros/humble/share/rmw_implementation_cmake/cmake)
[0.284s] -- Found rmw_fastrtps_cpp: 6.2.6 (/opt/ros/humble/share/rmw_fastrtps_cpp/cmake)
[0.376s] -- Using RMW implementation 'rmw_fastrtps_cpp' as default
[0.559s] -- Configuring done
[0.566s] -- Generating done
[0.566s] -- Build files have been written to: /home/rileychron111/Documents/GitHub/VRX_NUMarine/build/guidance_cpp
[0.571s] Invoked command in '/home/rileychron111/Documents/GitHub/VRX_NUMarine/build/guidance_cpp' returned '0': CMAKE_PREFIX_PATH=/opt/ros/humble /usr/bin/cmake /home/rileychron111/Documents/GitHub/VRX_NUMarine/src/vrx/ros_packages/guidance_cpp -DCMAKE_INSTALL_PREFIX=/home/rileychron111/Documents/GitHub/VRX_NUMarine/install
[0.571s] Invoking command in '/home/rileychron111/Documents/GitHub/VRX_NUMarine/build/guidance_cpp': CMAKE_PREFIX_PATH=/opt/ros/humble /usr/bin/cmake --build /home/rileychron111/Documents/GitHub/VRX_NUMarine/build/guidance_cpp -- -j12 -l12
[0.598s] [ 50%] [32mBuilding CXX object CMakeFiles/guidance_service.dir/src/guidance_service.cpp.o[0m
[2.055s] [01m[K/home/rileychron111/Documents/GitHub/VRX_NUMarine/src/vrx/ros_packages/guidance_cpp/src/guidance_service.cpp:[m[K In member function ‘[01m[Kvoid GuidanceService::set_waypoints()[m[K’:
[2.055s] [01m[K/home/rileychron111/Documents/GitHub/VRX_NUMarine/src/vrx/ros_packages/guidance_cpp/src/guidance_service.cpp:39:48:[m[K [01;31m[Kerror: [m[Kno match for ‘[01m[Koperator+[m[K’ (operand types are ‘[01m[Kconst double[m[K’ and ‘[01m[Kconst Eigen::CwiseBinaryOp<Eigen::internal::scalar_quotient_op<double, double>, const Eigen::Matrix<double, -1, 1>, const Eigen::CwiseNullaryOp<Eigen::internal::scalar_constant_op<double>, const Eigen::Matrix<double, -1, 1> > >[m[K’)
[2.055s]    39 |         Eigen::VectorXd latitudes = [32m[Korigin_lat[m[K [01;31m[K+[m[K [34m[Knorth_positions_vec / METERS_PER_DEGREE_LATITUDE[m[K;
[2.055s]       |                                     [32m[K~~~~~~~~~~[m[K [01;31m[K^[m[K [34m[K~~~~~~~~~~~~~~~~~~~~~~~~~~~~~~~~~~~~~~~~~~~~~~~~[m[K
[2.055s]       |                                     [32m[K|[m[K                                [34m[K|[m[K
[2.055s]       |                                     [32m[Kconst double[m[K                     [34m[Kconst Eigen::CwiseBinaryOp<Eigen::internal::scalar_quotient_op<double, double>, const Eigen::Matrix<double, -1, 1>, const Eigen::CwiseNullaryOp<Eigen::internal::scalar_constant_op<double>, const Eigen::Matrix<double, -1, 1> > >[m[K
[2.055s] [01m[K/home/rileychron111/Documents/GitHub/VRX_NUMarine/src/vrx/ros_packages/guidance_cpp/src/guidance_service.cpp:40:49:[m[K [01;31m[Kerror: [m[Kno match for ‘[01m[Koperator+[m[K’ (operand types are ‘[01m[Kconst double[m[K’ and ‘[01m[Kconst Eigen::CwiseBinaryOp<Eigen::internal::scalar_quotient_op<double, double>, const Eigen::Matrix<double, -1, 1>, const Eigen::CwiseNullaryOp<Eigen::internal::scalar_constant_op<double>, const Eigen::Matrix<double, -1, 1> > >[m[K’)
[2.055s]    40 |         Eigen::VectorXd longitudes = [32m[Korigin_lon[m[K [01;31m[K+[m[K [34m[Keast_positions_vec / METERS_PER_DEGREE_LONGITUDE[m[K;
[2.055s]       |                                      [32m[K~~~~~~~~~~[m[K [01;31m[K^[m[K [34m[K~~~~~~~~~~~~~~~~~~~~~~~~~~~~~~~~~~~~~~~~~~~~~~~~[m[K
[2.055s]       |                                      [32m[K|[m[K                               [34m[K|[m[K
[2.055s]       |                                      [32m[Kconst double[m[K                    [34m[Kconst Eigen::CwiseBinaryOp<Eigen::internal::scalar_quotient_op<double, double>, const Eigen::Matrix<double, -1, 1>, const Eigen::CwiseNullaryOp<Eigen::internal::scalar_constant_op<double>, const Eigen::Matrix<double, -1, 1> > >[m[K
[3.914s] gmake[2]: *** [CMakeFiles/guidance_service.dir/build.make:76: CMakeFiles/guidance_service.dir/src/guidance_service.cpp.o] Error 1
[3.914s] gmake[1]: *** [CMakeFiles/Makefile2:137: CMakeFiles/guidance_service.dir/all] Error 2
[3.914s] gmake: *** [Makefile:146: all] Error 2
[3.916s] Invoked command in '/home/rileychron111/Documents/GitHub/VRX_NUMarine/build/guidance_cpp' returned '2': CMAKE_PREFIX_PATH=/opt/ros/humble /usr/bin/cmake --build /home/rileychron111/Documents/GitHub/VRX_NUMarine/build/guidance_cpp -- -j12 -l12
