[0.042s] Invoking command in '/home/jain/Documents/GitHub/VRX_NUMarine/build/my_velocity_to_pwm': CMAKE_PREFIX_PATH=${CMAKE_PREFIX_PATH}:/opt/ros/humble /usr/bin/cmake --build /home/jain/Documents/GitHub/VRX_NUMarine/build/my_velocity_to_pwm -- -j8 -l8
[0.082s] -- Found ament_cmake: 1.3.9 (/opt/ros/humble/share/ament_cmake/cmake)
[0.296s] -- Found rclcpp: 16.0.9 (/opt/ros/humble/share/rclcpp/cmake)
[0.356s] -- Found rosidl_generator_c: 3.1.5 (/opt/ros/humble/share/rosidl_generator_c/cmake)
[0.361s] -- Found rosidl_adapter: 3.1.5 (/opt/ros/humble/share/rosidl_adapter/cmake)
[0.369s] -- Found rosidl_generator_cpp: 3.1.5 (/opt/ros/humble/share/rosidl_generator_cpp/cmake)
[0.384s] -- Using all available rosidl_typesupport_c: rosidl_typesupport_fastrtps_c;rosidl_typesupport_introspection_c
[0.411s] -- Using all available rosidl_typesupport_cpp: rosidl_typesupport_fastrtps_cpp;rosidl_typesupport_introspection_cpp
[0.537s] -- Found rmw_implementation_cmake: 6.1.2 (/opt/ros/humble/share/rmw_implementation_cmake/cmake)
[0.539s] -- Found rmw_fastrtps_cpp: 6.2.6 (/opt/ros/humble/share/rmw_fastrtps_cpp/cmake)
[0.720s] -- Using RMW implementation 'rmw_fastrtps_cpp' as default
[0.960s] -- Found geometry_msgs: 4.2.4 (/opt/ros/humble/share/geometry_msgs/cmake)
[1.027s] -- Found ament_lint_auto: 0.12.11 (/opt/ros/humble/share/ament_lint_auto/cmake)
[1.116s] -- Added test 'cppcheck' to perform static code analysis on C / C++ code
[1.116s] -- Configured cppcheck include dirs: 
[1.117s] -- Configured cppcheck exclude dirs and/or files: 
[1.117s] -- Added test 'lint_cmake' to check CMake code style
[1.118s] -- Added test 'uncrustify' to check C / C++ code style
[1.118s] -- Configured uncrustify additional arguments: 
[1.119s] -- Added test 'xmllint' to check XML markup files
[1.120s] -- Configuring done
[1.179s] -- Generating done
[1.183s] -- Build files have been written to: /home/jain/Documents/GitHub/VRX_NUMarine/build/my_velocity_to_pwm
[1.183s] [35m[1mConsolidate compiler generated dependencies of target velocity_to_pwm_node[0m
[1.184s] [ 50%] [32mBuilding CXX object CMakeFiles/velocity_to_pwm_node.dir/src/velocity_to_pwm_node.cpp.o[0m
[11.622s] [100%] [32m[1mLinking CXX executable velocity_to_pwm_node[0m
[12.137s] [100%] Built target velocity_to_pwm_node
[12.149s] Invoked command in '/home/jain/Documents/GitHub/VRX_NUMarine/build/my_velocity_to_pwm' returned '0': CMAKE_PREFIX_PATH=${CMAKE_PREFIX_PATH}:/opt/ros/humble /usr/bin/cmake --build /home/jain/Documents/GitHub/VRX_NUMarine/build/my_velocity_to_pwm -- -j8 -l8
[12.178s] Invoking command in '/home/jain/Documents/GitHub/VRX_NUMarine/build/my_velocity_to_pwm': CMAKE_PREFIX_PATH=${CMAKE_PREFIX_PATH}:/opt/ros/humble /usr/bin/cmake --install /home/jain/Documents/GitHub/VRX_NUMarine/build/my_velocity_to_pwm
[12.187s] -- Install configuration: ""
[12.188s] -- Installing: /home/jain/Documents/GitHub/VRX_NUMarine/install/lib/my_velocity_to_pwm/velocity_to_pwm_node
[12.192s] -- Set runtime path of "/home/jain/Documents/GitHub/VRX_NUMarine/install/lib/my_velocity_to_pwm/velocity_to_pwm_node" to ""
[12.193s] -- Installing: /home/jain/Documents/GitHub/VRX_NUMarine/install/share/ament_index/resource_index/package_run_dependencies/my_velocity_to_pwm
[12.193s] -- Installing: /home/jain/Documents/GitHub/VRX_NUMarine/install/share/ament_index/resource_index/parent_prefix_path/my_velocity_to_pwm
[12.193s] -- Up-to-date: /home/jain/Documents/GitHub/VRX_NUMarine/install/share/my_velocity_to_pwm/environment/ament_prefix_path.sh
[12.193s] -- Installing: /home/jain/Documents/GitHub/VRX_NUMarine/install/share/my_velocity_to_pwm/environment/ament_prefix_path.dsv
[12.193s] -- Up-to-date: /home/jain/Documents/GitHub/VRX_NUMarine/install/share/my_velocity_to_pwm/environment/path.sh
[12.194s] -- Installing: /home/jain/Documents/GitHub/VRX_NUMarine/install/share/my_velocity_to_pwm/environment/path.dsv
[12.194s] -- Up-to-date: /home/jain/Documents/GitHub/VRX_NUMarine/install/share/my_velocity_to_pwm/local_setup.bash
[12.194s] -- Up-to-date: /home/jain/Documents/GitHub/VRX_NUMarine/install/share/my_velocity_to_pwm/local_setup.sh
[12.194s] -- Up-to-date: /home/jain/Documents/GitHub/VRX_NUMarine/install/share/my_velocity_to_pwm/local_setup.zsh
[12.194s] -- Installing: /home/jain/Documents/GitHub/VRX_NUMarine/install/share/my_velocity_to_pwm/local_setup.dsv
[12.194s] -- Installing: /home/jain/Documents/GitHub/VRX_NUMarine/install/share/my_velocity_to_pwm/package.dsv
[12.195s] -- Up-to-date: /home/jain/Documents/GitHub/VRX_NUMarine/install/share/ament_index/resource_index/packages/my_velocity_to_pwm
[12.195s] -- Up-to-date: /home/jain/Documents/GitHub/VRX_NUMarine/install/share/my_velocity_to_pwm/cmake/my_velocity_to_pwmConfig.cmake
[12.195s] -- Up-to-date: /home/jain/Documents/GitHub/VRX_NUMarine/install/share/my_velocity_to_pwm/cmake/my_velocity_to_pwmConfig-version.cmake
[12.195s] -- Installing: /home/jain/Documents/GitHub/VRX_NUMarine/install/share/my_velocity_to_pwm/package.xml
[12.197s] Invoked command in '/home/jain/Documents/GitHub/VRX_NUMarine/build/my_velocity_to_pwm' returned '0': CMAKE_PREFIX_PATH=${CMAKE_PREFIX_PATH}:/opt/ros/humble /usr/bin/cmake --install /home/jain/Documents/GitHub/VRX_NUMarine/build/my_velocity_to_pwm
