[0.010s] Invoking command in '/home/jain/Documents/GitHub/VRX_NUMarine/build/wamv_gazebo': CMAKE_PREFIX_PATH=${CMAKE_PREFIX_PATH}:/opt/ros/humble GZ_SIM_RESOURCE_PATH=/home/jain/Documents/GitHub/VRX_NUMarine/install/share:${GZ_SIM_RESOURCE_PATH} /usr/bin/cmake /home/jain/Documents/GitHub/VRX_NUMarine/src/vrx/ros_packages/vrx_urdf/wamv_gazebo -DCMAKE_INSTALL_PREFIX=/home/jain/Documents/GitHub/VRX_NUMarine/install
[0.083s] -- The C compiler identification is GNU 11.4.0
[0.185s] -- The CXX compiler identification is GNU 11.4.0
[0.201s] -- Detecting C compiler ABI info
[0.330s] -- Detecting C compiler ABI info - done
[0.349s] -- Check for working C compiler: /usr/bin/cc - skipped
[0.349s] -- Detecting C compile features
[0.350s] -- Detecting C compile features - done
[0.356s] -- Detecting CXX compiler ABI info
[0.495s] -- Detecting CXX compiler ABI info - done
[0.513s] -- Check for working CXX compiler: /usr/bin/c++ - skipped
[0.514s] -- Detecting CXX compile features
[0.515s] -- Detecting CXX compile features - done
[0.519s] -- Found ament_cmake: 1.3.9 (/opt/ros/humble/share/ament_cmake/cmake)
[0.793s] -- Found Python3: /usr/bin/python3 (found version "3.10.12") found components: Interpreter 
[0.956s] -- Found xacro: 2.0.8 (/opt/ros/humble/share/xacro/cmake)
[0.956s] -- Found wamv_description: 1.3.0 (/home/jain/Documents/GitHub/VRX_NUMarine/install/share/wamv_description/cmake)
[1.085s] -- Configuring done
[1.089s] -- Generating done
[1.090s] -- Build files have been written to: /home/jain/Documents/GitHub/VRX_NUMarine/build/wamv_gazebo
[1.097s] Invoked command in '/home/jain/Documents/GitHub/VRX_NUMarine/build/wamv_gazebo' returned '0': CMAKE_PREFIX_PATH=${CMAKE_PREFIX_PATH}:/opt/ros/humble GZ_SIM_RESOURCE_PATH=/home/jain/Documents/GitHub/VRX_NUMarine/install/share:${GZ_SIM_RESOURCE_PATH} /usr/bin/cmake /home/jain/Documents/GitHub/VRX_NUMarine/src/vrx/ros_packages/vrx_urdf/wamv_gazebo -DCMAKE_INSTALL_PREFIX=/home/jain/Documents/GitHub/VRX_NUMarine/install
[1.099s] Invoking command in '/home/jain/Documents/GitHub/VRX_NUMarine/build/wamv_gazebo': CMAKE_PREFIX_PATH=${CMAKE_PREFIX_PATH}:/opt/ros/humble GZ_SIM_RESOURCE_PATH=/home/jain/Documents/GitHub/VRX_NUMarine/install/share:${GZ_SIM_RESOURCE_PATH} /usr/bin/cmake --build /home/jain/Documents/GitHub/VRX_NUMarine/build/wamv_gazebo -- -j8 -l8
[1.168s] Invoked command in '/home/jain/Documents/GitHub/VRX_NUMarine/build/wamv_gazebo' returned '0': CMAKE_PREFIX_PATH=${CMAKE_PREFIX_PATH}:/opt/ros/humble GZ_SIM_RESOURCE_PATH=/home/jain/Documents/GitHub/VRX_NUMarine/install/share:${GZ_SIM_RESOURCE_PATH} /usr/bin/cmake --build /home/jain/Documents/GitHub/VRX_NUMarine/build/wamv_gazebo -- -j8 -l8
[1.205s] Invoking command in '/home/jain/Documents/GitHub/VRX_NUMarine/build/wamv_gazebo': CMAKE_PREFIX_PATH=${CMAKE_PREFIX_PATH}:/opt/ros/humble GZ_SIM_RESOURCE_PATH=/home/jain/Documents/GitHub/VRX_NUMarine/install/share:${GZ_SIM_RESOURCE_PATH} /usr/bin/cmake --install /home/jain/Documents/GitHub/VRX_NUMarine/build/wamv_gazebo
[1.216s] -- Install configuration: ""
[1.217s] -- Installing: /home/jain/Documents/GitHub/VRX_NUMarine/install/share/wamv_gazebo/models
[1.217s] -- Installing: /home/jain/Documents/GitHub/VRX_NUMarine/install/share/wamv_gazebo/models/gps
[1.217s] -- Installing: /home/jain/Documents/GitHub/VRX_NUMarine/install/share/wamv_gazebo/models/gps/mesh
[1.217s] -- Installing: /home/jain/Documents/GitHub/VRX_NUMarine/install/share/wamv_gazebo/models/gps/mesh/gps.png
[1.218s] -- Installing: /home/jain/Documents/GitHub/VRX_NUMarine/install/share/wamv_gazebo/models/gps/mesh/gps.dae
[1.218s] -- Installing: /home/jain/Documents/GitHub/VRX_NUMarine/install/share/wamv_gazebo/models/gps/model.config
[1.218s] -- Installing: /home/jain/Documents/GitHub/VRX_NUMarine/install/share/wamv_gazebo/urdf
[1.219s] -- Installing: /home/jain/Documents/GitHub/VRX_NUMarine/install/share/wamv_gazebo/urdf/macros.xacro
[1.219s] -- Installing: /home/jain/Documents/GitHub/VRX_NUMarine/install/share/wamv_gazebo/urdf/wamv_gazebo.xacro
[1.219s] -- Installing: /home/jain/Documents/GitHub/VRX_NUMarine/install/share/wamv_gazebo/urdf/wamv_gazebo.urdf.xacro
[1.219s] -- Installing: /home/jain/Documents/GitHub/VRX_NUMarine/install/share/wamv_gazebo/urdf/thruster_layouts
[1.219s] -- Installing: /home/jain/Documents/GitHub/VRX_NUMarine/install/share/wamv_gazebo/urdf/thruster_layouts/wamv_aft_thrusters.xacro
[1.220s] -- Installing: /home/jain/Documents/GitHub/VRX_NUMarine/install/share/wamv_gazebo/urdf/thruster_layouts/wamv_x_thrusters.xacro
[1.220s] -- Installing: /home/jain/Documents/GitHub/VRX_NUMarine/install/share/wamv_gazebo/urdf/thruster_layouts/wamv_t_thrusters.xacro
[1.220s] -- Installing: /home/jain/Documents/GitHub/VRX_NUMarine/install/share/wamv_gazebo/urdf/thruster_layouts/wamv_gazebo_thruster_config.xacro
[1.220s] -- Installing: /home/jain/Documents/GitHub/VRX_NUMarine/install/share/wamv_gazebo/urdf/dynamics
[1.220s] -- Installing: /home/jain/Documents/GitHub/VRX_NUMarine/install/share/wamv_gazebo/urdf/dynamics/wamv_gazebo_dynamics_plugin.xacro
[1.221s] -- Installing: /home/jain/Documents/GitHub/VRX_NUMarine/install/share/wamv_gazebo/urdf/components
[1.221s] -- Installing: /home/jain/Documents/GitHub/VRX_NUMarine/install/share/wamv_gazebo/urdf/components/lidar.xacro
[1.221s] -- Installing: /home/jain/Documents/GitHub/VRX_NUMarine/install/share/wamv_gazebo/urdf/components/ball_shooter.xacro
[1.221s] -- Installing: /home/jain/Documents/GitHub/VRX_NUMarine/install/share/wamv_gazebo/urdf/components/wamv_gps.xacro
[1.222s] -- Installing: /home/jain/Documents/GitHub/VRX_NUMarine/install/share/wamv_gazebo/urdf/components/wamv_3d_lidar.xacro
[1.222s] -- Installing: /home/jain/Documents/GitHub/VRX_NUMarine/install/share/wamv_gazebo/urdf/components/wamv_p3d.xacro
[1.222s] -- Installing: /home/jain/Documents/GitHub/VRX_NUMarine/install/share/wamv_gazebo/urdf/components/wamv_pinger.xacro
[1.222s] -- Installing: /home/jain/Documents/GitHub/VRX_NUMarine/install/share/wamv_gazebo/urdf/components/wamv_planar_lidar.xacro
[1.222s] -- Installing: /home/jain/Documents/GitHub/VRX_NUMarine/install/share/wamv_gazebo/urdf/components/wamv_camera.xacro
[1.223s] -- Installing: /home/jain/Documents/GitHub/VRX_NUMarine/install/share/wamv_gazebo/urdf/components/wamv_imu.xacro
[1.223s] -- Installing: /home/jain/Documents/GitHub/VRX_NUMarine/install/share/ament_index/resource_index/package_run_dependencies/wamv_gazebo
[1.223s] -- Installing: /home/jain/Documents/GitHub/VRX_NUMarine/install/share/ament_index/resource_index/parent_prefix_path/wamv_gazebo
[1.223s] -- Installing: /home/jain/Documents/GitHub/VRX_NUMarine/install/share/wamv_gazebo/environment/ament_prefix_path.sh
[1.224s] -- Installing: /home/jain/Documents/GitHub/VRX_NUMarine/install/share/wamv_gazebo/environment/ament_prefix_path.dsv
[1.224s] -- Installing: /home/jain/Documents/GitHub/VRX_NUMarine/install/share/wamv_gazebo/environment/path.sh
[1.224s] -- Installing: /home/jain/Documents/GitHub/VRX_NUMarine/install/share/wamv_gazebo/environment/path.dsv
[1.224s] -- Installing: /home/jain/Documents/GitHub/VRX_NUMarine/install/share/wamv_gazebo/local_setup.bash
[1.224s] -- Installing: /home/jain/Documents/GitHub/VRX_NUMarine/install/share/wamv_gazebo/local_setup.sh
[1.225s] -- Installing: /home/jain/Documents/GitHub/VRX_NUMarine/install/share/wamv_gazebo/local_setup.zsh
[1.225s] -- Installing: /home/jain/Documents/GitHub/VRX_NUMarine/install/share/wamv_gazebo/local_setup.dsv
[1.225s] -- Installing: /home/jain/Documents/GitHub/VRX_NUMarine/install/share/wamv_gazebo/package.dsv
[1.225s] -- Installing: /home/jain/Documents/GitHub/VRX_NUMarine/install/share/ament_index/resource_index/packages/wamv_gazebo
[1.225s] -- Installing: /home/jain/Documents/GitHub/VRX_NUMarine/install/share/wamv_gazebo/cmake/wamv_gazeboConfig.cmake
[1.225s] -- Installing: /home/jain/Documents/GitHub/VRX_NUMarine/install/share/wamv_gazebo/cmake/wamv_gazeboConfig-version.cmake
[1.226s] -- Installing: /home/jain/Documents/GitHub/VRX_NUMarine/install/share/wamv_gazebo/package.xml
[1.239s] Invoked command in '/home/jain/Documents/GitHub/VRX_NUMarine/build/wamv_gazebo' returned '0': CMAKE_PREFIX_PATH=${CMAKE_PREFIX_PATH}:/opt/ros/humble GZ_SIM_RESOURCE_PATH=/home/jain/Documents/GitHub/VRX_NUMarine/install/share:${GZ_SIM_RESOURCE_PATH} /usr/bin/cmake --install /home/jain/Documents/GitHub/VRX_NUMarine/build/wamv_gazebo
