[0.023s] Invoking command in '/home/numarine/Documents/GitHub/VRX_NUMarine/build/vrx_ros': CMAKE_PREFIX_PATH=${CMAKE_PREFIX_PATH}:/opt/ros/humble /usr/bin/cmake --build /home/numarine/Documents/GitHub/VRX_NUMarine/build/vrx_ros -- -j12 -l12
[0.057s] [35m[1mConsolidate compiler generated dependencies of target optical_frame_publisher[0m
[0.057s] [35m[1mConsolidate compiler generated dependencies of target pose_tf_broadcaster[0m
[0.072s] [ 50%] Built target optical_frame_publisher
[0.072s] [100%] Built target pose_tf_broadcaster
[0.082s] Invoked command in '/home/numarine/Documents/GitHub/VRX_NUMarine/build/vrx_ros' returned '0': CMAKE_PREFIX_PATH=${CMAKE_PREFIX_PATH}:/opt/ros/humble /usr/bin/cmake --build /home/numarine/Documents/GitHub/VRX_NUMarine/build/vrx_ros -- -j12 -l12
[0.118s] Invoking command in '/home/numarine/Documents/GitHub/VRX_NUMarine/build/vrx_ros': CMAKE_PREFIX_PATH=${CMAKE_PREFIX_PATH}:/opt/ros/humble /usr/bin/cmake --install /home/numarine/Documents/GitHub/VRX_NUMarine/build/vrx_ros
[0.125s] -- Install configuration: ""
[0.125s] -- Up-to-date: /home/numarine/Documents/GitHub/VRX_NUMarine/install/lib/vrx_ros/optical_frame_publisher
[0.126s] -- Up-to-date: /home/numarine/Documents/GitHub/VRX_NUMarine/install/lib/vrx_ros/pose_tf_broadcaster
[0.127s] -- Up-to-date: /home/numarine/Documents/GitHub/VRX_NUMarine/install/share/vrx_ros/launch
[0.127s] -- Up-to-date: /home/numarine/Documents/GitHub/VRX_NUMarine/install/share/vrx_ros/launch/monitor_sim.py
[0.128s] -- Up-to-date: /home/numarine/Documents/GitHub/VRX_NUMarine/install/share/ament_index/resource_index/package_run_dependencies/vrx_ros
[0.130s] -- Up-to-date: /home/numarine/Documents/GitHub/VRX_NUMarine/install/share/ament_index/resource_index/parent_prefix_path/vrx_ros
[0.130s] -- Up-to-date: /home/numarine/Documents/GitHub/VRX_NUMarine/install/share/vrx_ros/environment/ament_prefix_path.sh
[0.130s] -- Up-to-date: /home/numarine/Documents/GitHub/VRX_NUMarine/install/share/vrx_ros/environment/ament_prefix_path.dsv
[0.131s] -- Up-to-date: /home/numarine/Documents/GitHub/VRX_NUMarine/install/share/vrx_ros/environment/path.sh
[0.131s] -- Up-to-date: /home/numarine/Documents/GitHub/VRX_NUMarine/install/share/vrx_ros/environment/path.dsv
[0.131s] -- Up-to-date: /home/numarine/Documents/GitHub/VRX_NUMarine/install/share/vrx_ros/local_setup.bash
[0.131s] -- Up-to-date: /home/numarine/Documents/GitHub/VRX_NUMarine/install/share/vrx_ros/local_setup.sh
[0.132s] -- Up-to-date: /home/numarine/Documents/GitHub/VRX_NUMarine/install/share/vrx_ros/local_setup.zsh
[0.132s] -- Up-to-date: /home/numarine/Documents/GitHub/VRX_NUMarine/install/share/vrx_ros/local_setup.dsv
[0.133s] -- Installing: /home/numarine/Documents/GitHub/VRX_NUMarine/install/share/vrx_ros/package.dsv
[0.133s] -- Up-to-date: /home/numarine/Documents/GitHub/VRX_NUMarine/install/share/ament_index/resource_index/packages/vrx_ros
[0.133s] -- Up-to-date: /home/numarine/Documents/GitHub/VRX_NUMarine/install/share/vrx_ros/cmake/vrx_rosConfig.cmake
[0.133s] -- Up-to-date: /home/numarine/Documents/GitHub/VRX_NUMarine/install/share/vrx_ros/cmake/vrx_rosConfig-version.cmake
[0.133s] -- Up-to-date: /home/numarine/Documents/GitHub/VRX_NUMarine/install/share/vrx_ros/package.xml
[0.144s] Invoked command in '/home/numarine/Documents/GitHub/VRX_NUMarine/build/vrx_ros' returned '0': CMAKE_PREFIX_PATH=${CMAKE_PREFIX_PATH}:/opt/ros/humble /usr/bin/cmake --install /home/numarine/Documents/GitHub/VRX_NUMarine/build/vrx_ros
