[0.852s] Invoking command in '/home/rileychron111/Documents/GitHub/VRX_NUMarine/src/vrx/ros_packages/mpc': PYTHONPATH=/home/rileychron111/Documents/GitHub/VRX_NUMarine/build/mpc/prefix_override:/home/rileychron111/Documents/GitHub/VRX_NUMarine/install/lib/python3.10/site-packages:${PYTHONPATH} /usr/bin/python3 -W ignore:setup.py install is deprecated setup.py egg_info --egg-base ../../../../build/mpc build --build-base /home/rileychron111/Documents/GitHub/VRX_NUMarine/build/mpc/build install --record /home/rileychron111/Documents/GitHub/VRX_NUMarine/build/mpc/install.log --single-version-externally-managed
[1.150s] running egg_info
[1.151s] writing ../../../../build/mpc/mpc.egg-info/PKG-INFO
[1.151s] writing dependency_links to ../../../../build/mpc/mpc.egg-info/dependency_links.txt
[1.152s] writing entry points to ../../../../build/mpc/mpc.egg-info/entry_points.txt
[1.152s] writing requirements to ../../../../build/mpc/mpc.egg-info/requires.txt
[1.152s] writing top-level names to ../../../../build/mpc/mpc.egg-info/top_level.txt
[1.154s] reading manifest file '../../../../build/mpc/mpc.egg-info/SOURCES.txt'
[1.155s] writing manifest file '../../../../build/mpc/mpc.egg-info/SOURCES.txt'
[1.156s] running build
[1.156s] running build_py
[1.156s] copying mpc/control_node.py -> /home/rileychron111/Documents/GitHub/VRX_NUMarine/build/mpc/build/lib/mpc
[1.156s] running install
[1.157s] running install_lib
[1.158s] copying /home/rileychron111/Documents/GitHub/VRX_NUMarine/build/mpc/build/lib/mpc/control_node.py -> /home/rileychron111/Documents/GitHub/VRX_NUMarine/install/lib/python3.10/site-packages/mpc
[1.161s] byte-compiling /home/rileychron111/Documents/GitHub/VRX_NUMarine/install/lib/python3.10/site-packages/mpc/control_node.py to control_node.cpython-310.pyc
[1.163s] running install_egg_info
[1.165s] removing '/home/rileychron111/Documents/GitHub/VRX_NUMarine/install/lib/python3.10/site-packages/mpc-0.0.0-py3.10.egg-info' (and everything under it)
[1.165s] Copying ../../../../build/mpc/mpc.egg-info to /home/rileychron111/Documents/GitHub/VRX_NUMarine/install/lib/python3.10/site-packages/mpc-0.0.0-py3.10.egg-info
[1.166s] running install_scripts
[1.195s] Installing control_node script to /home/rileychron111/Documents/GitHub/VRX_NUMarine/install/lib/mpc
[1.195s] writing list of installed files to '/home/rileychron111/Documents/GitHub/VRX_NUMarine/build/mpc/install.log'
[1.270s] Invoked command in '/home/rileychron111/Documents/GitHub/VRX_NUMarine/src/vrx/ros_packages/mpc' returned '0': PYTHONPATH=/home/rileychron111/Documents/GitHub/VRX_NUMarine/build/mpc/prefix_override:/home/rileychron111/Documents/GitHub/VRX_NUMarine/install/lib/python3.10/site-packages:${PYTHONPATH} /usr/bin/python3 -W ignore:setup.py install is deprecated setup.py egg_info --egg-base ../../../../build/mpc build --build-base /home/rileychron111/Documents/GitHub/VRX_NUMarine/build/mpc/build install --record /home/rileychron111/Documents/GitHub/VRX_NUMarine/build/mpc/install.log --single-version-externally-managed
