[0.008s] Invoking command in '/home/rileychron111/Documents/GitHub/VRX_NUMarine/build/vrx_ros': CMAKE_PREFIX_PATH=/opt/ros/humble /usr/bin/cmake --build /home/rileychron111/Documents/GitHub/VRX_NUMarine/build/vrx_ros -- -j12 -l12
[0.029s] [35m[1mConsolidate compiler generated dependencies of target optical_frame_publisher[0m
[0.029s] [35m[1mConsolidate compiler generated dependencies of target pose_tf_broadcaster[0m
[0.037s] [ 50%] Built target optical_frame_publisher
[0.037s] [100%] Built target pose_tf_broadcaster
[0.044s] Invoked command in '/home/rileychron111/Documents/GitHub/VRX_NUMarine/build/vrx_ros' returned '0': CMAKE_PREFIX_PATH=/opt/ros/humble /usr/bin/cmake --build /home/rileychron111/Documents/GitHub/VRX_NUMarine/build/vrx_ros -- -j12 -l12
[0.064s] Invoking command in '/home/rileychron111/Documents/GitHub/VRX_NUMarine/build/vrx_ros': CMAKE_PREFIX_PATH=/opt/ros/humble /usr/bin/cmake --install /home/rileychron111/Documents/GitHub/VRX_NUMarine/build/vrx_ros
[0.068s] -- Install configuration: ""
[0.068s] -- Up-to-date: /home/rileychron111/Documents/GitHub/VRX_NUMarine/install/lib/vrx_ros/optical_frame_publisher
[0.068s] -- Up-to-date: /home/rileychron111/Documents/GitHub/VRX_NUMarine/install/lib/vrx_ros/pose_tf_broadcaster
[0.068s] -- Up-to-date: /home/rileychron111/Documents/GitHub/VRX_NUMarine/install/share/vrx_ros/launch
[0.068s] -- Up-to-date: /home/rileychron111/Documents/GitHub/VRX_NUMarine/install/share/vrx_ros/launch/monitor_sim.py
[0.068s] -- Up-to-date: /home/rileychron111/Documents/GitHub/VRX_NUMarine/install/share/ament_index/resource_index/package_run_dependencies/vrx_ros
[0.068s] -- Up-to-date: /home/rileychron111/Documents/GitHub/VRX_NUMarine/install/share/ament_index/resource_index/parent_prefix_path/vrx_ros
[0.068s] -- Up-to-date: /home/rileychron111/Documents/GitHub/VRX_NUMarine/install/share/vrx_ros/environment/ament_prefix_path.sh
[0.068s] -- Up-to-date: /home/rileychron111/Documents/GitHub/VRX_NUMarine/install/share/vrx_ros/environment/ament_prefix_path.dsv
[0.068s] -- Up-to-date: /home/rileychron111/Documents/GitHub/VRX_NUMarine/install/share/vrx_ros/environment/path.sh
[0.068s] -- Up-to-date: /home/rileychron111/Documents/GitHub/VRX_NUMarine/install/share/vrx_ros/environment/path.dsv
[0.068s] -- Up-to-date: /home/rileychron111/Documents/GitHub/VRX_NUMarine/install/share/vrx_ros/local_setup.bash
[0.069s] -- Up-to-date: /home/rileychron111/Documents/GitHub/VRX_NUMarine/install/share/vrx_ros/local_setup.sh
[0.069s] -- Up-to-date: /home/rileychron111/Documents/GitHub/VRX_NUMarine/install/share/vrx_ros/local_setup.zsh
[0.069s] -- Up-to-date: /home/rileychron111/Documents/GitHub/VRX_NUMarine/install/share/vrx_ros/local_setup.dsv
[0.069s] -- Installing: /home/rileychron111/Documents/GitHub/VRX_NUMarine/install/share/vrx_ros/package.dsv
[0.069s] -- Up-to-date: /home/rileychron111/Documents/GitHub/VRX_NUMarine/install/share/ament_index/resource_index/packages/vrx_ros
[0.069s] -- Up-to-date: /home/rileychron111/Documents/GitHub/VRX_NUMarine/install/share/vrx_ros/cmake/vrx_rosConfig.cmake
[0.069s] -- Up-to-date: /home/rileychron111/Documents/GitHub/VRX_NUMarine/install/share/vrx_ros/cmake/vrx_rosConfig-version.cmake
[0.069s] -- Up-to-date: /home/rileychron111/Documents/GitHub/VRX_NUMarine/install/share/vrx_ros/package.xml
[0.077s] Invoked command in '/home/rileychron111/Documents/GitHub/VRX_NUMarine/build/vrx_ros' returned '0': CMAKE_PREFIX_PATH=/opt/ros/humble /usr/bin/cmake --install /home/rileychron111/Documents/GitHub/VRX_NUMarine/build/vrx_ros
