[0.053s] Invoking command in '/home/jain/Documents/GitHub/VRX_NUMarine/build/imu_heading_pkg': CMAKE_PREFIX_PATH=${CMAKE_PREFIX_PATH}:/opt/ros/humble /usr/bin/cmake --build /home/jain/Documents/GitHub/VRX_NUMarine/build/imu_heading_pkg -- -j8 -l8
[0.209s] [100%] Built target imu_heading_node
[0.232s] Invoked command in '/home/jain/Documents/GitHub/VRX_NUMarine/build/imu_heading_pkg' returned '0': CMAKE_PREFIX_PATH=${CMAKE_PREFIX_PATH}:/opt/ros/humble /usr/bin/cmake --build /home/jain/Documents/GitHub/VRX_NUMarine/build/imu_heading_pkg -- -j8 -l8
[0.342s] Invoking command in '/home/jain/Documents/GitHub/VRX_NUMarine/build/imu_heading_pkg': CMAKE_PREFIX_PATH=${CMAKE_PREFIX_PATH}:/opt/ros/humble /usr/bin/cmake --install /home/jain/Documents/GitHub/VRX_NUMarine/build/imu_heading_pkg
[0.358s] -- Install configuration: ""
[0.359s] -- Up-to-date: /home/jain/Documents/GitHub/VRX_NUMarine/install/lib/imu_heading_pkg/imu_heading_node
[0.359s] -- Up-to-date: /home/jain/Documents/GitHub/VRX_NUMarine/install/share/ament_index/resource_index/package_run_dependencies/imu_heading_pkg
[0.359s] -- Up-to-date: /home/jain/Documents/GitHub/VRX_NUMarine/install/share/ament_index/resource_index/parent_prefix_path/imu_heading_pkg
[0.359s] -- Up-to-date: /home/jain/Documents/GitHub/VRX_NUMarine/install/share/imu_heading_pkg/environment/ament_prefix_path.sh
[0.359s] -- Up-to-date: /home/jain/Documents/GitHub/VRX_NUMarine/install/share/imu_heading_pkg/environment/ament_prefix_path.dsv
[0.360s] -- Up-to-date: /home/jain/Documents/GitHub/VRX_NUMarine/install/share/imu_heading_pkg/environment/path.sh
[0.360s] -- Up-to-date: /home/jain/Documents/GitHub/VRX_NUMarine/install/share/imu_heading_pkg/environment/path.dsv
[0.361s] -- Up-to-date: /home/jain/Documents/GitHub/VRX_NUMarine/install/share/imu_heading_pkg/local_setup.bash
[0.362s] -- Up-to-date: /home/jain/Documents/GitHub/VRX_NUMarine/install/share/imu_heading_pkg/local_setup.sh
[0.362s] -- Up-to-date: /home/jain/Documents/GitHub/VRX_NUMarine/install/share/imu_heading_pkg/local_setup.zsh
[0.362s] -- Up-to-date: /home/jain/Documents/GitHub/VRX_NUMarine/install/share/imu_heading_pkg/local_setup.dsv
[0.362s] -- Installing: /home/jain/Documents/GitHub/VRX_NUMarine/install/share/imu_heading_pkg/package.dsv
[0.362s] -- Up-to-date: /home/jain/Documents/GitHub/VRX_NUMarine/install/share/ament_index/resource_index/packages/imu_heading_pkg
[0.362s] -- Up-to-date: /home/jain/Documents/GitHub/VRX_NUMarine/install/share/imu_heading_pkg/cmake/imu_heading_pkgConfig.cmake
[0.362s] -- Up-to-date: /home/jain/Documents/GitHub/VRX_NUMarine/install/share/imu_heading_pkg/cmake/imu_heading_pkgConfig-version.cmake
[0.363s] -- Up-to-date: /home/jain/Documents/GitHub/VRX_NUMarine/install/share/imu_heading_pkg/package.xml
[0.378s] Invoked command in '/home/jain/Documents/GitHub/VRX_NUMarine/build/imu_heading_pkg' returned '0': CMAKE_PREFIX_PATH=${CMAKE_PREFIX_PATH}:/opt/ros/humble /usr/bin/cmake --install /home/jain/Documents/GitHub/VRX_NUMarine/build/imu_heading_pkg
