[0.463s] Invoking command in '/home/rileychron111/Documents/GitHub/VRX_NUMarine/src/vrx/ros_packages/mpc': PYTHONPATH=/home/rileychron111/Documents/GitHub/VRX_NUMarine/build/mpc/prefix_override:/home/rileychron111/Documents/GitHub/VRX_NUMarine/install/lib/python3.10/site-packages:${PYTHONPATH} /usr/bin/python3 -W ignore:setup.py install is deprecated setup.py egg_info --egg-base ../../../../build/mpc build --build-base /home/rileychron111/Documents/GitHub/VRX_NUMarine/build/mpc/build install --record /home/rileychron111/Documents/GitHub/VRX_NUMarine/build/mpc/install.log --single-version-externally-managed install_data
[0.590s] running egg_info
[0.590s] writing ../../../../build/mpc/mpc.egg-info/PKG-INFO
[0.590s] writing dependency_links to ../../../../build/mpc/mpc.egg-info/dependency_links.txt
[0.590s] writing entry points to ../../../../build/mpc/mpc.egg-info/entry_points.txt
[0.590s] writing requirements to ../../../../build/mpc/mpc.egg-info/requires.txt
[0.590s] writing top-level names to ../../../../build/mpc/mpc.egg-info/top_level.txt
[0.592s] reading manifest file '../../../../build/mpc/mpc.egg-info/SOURCES.txt'
[0.592s] writing manifest file '../../../../build/mpc/mpc.egg-info/SOURCES.txt'
[0.592s] running build
[0.592s] running build_py
[0.592s] running install
[0.593s] running install_lib
[0.593s] running install_data
[0.594s] running install_egg_info
[0.595s] removing '/home/rileychron111/Documents/GitHub/VRX_NUMarine/install/lib/python3.10/site-packages/mpc-0.0.0-py3.10.egg-info' (and everything under it)
[0.595s] Copying ../../../../build/mpc/mpc.egg-info to /home/rileychron111/Documents/GitHub/VRX_NUMarine/install/lib/python3.10/site-packages/mpc-0.0.0-py3.10.egg-info
[0.595s] running install_scripts
[0.609s] Installing control_node script to /home/rileychron111/Documents/GitHub/VRX_NUMarine/install/lib/mpc
[0.609s] writing list of installed files to '/home/rileychron111/Documents/GitHub/VRX_NUMarine/build/mpc/install.log'
[0.636s] Invoked command in '/home/rileychron111/Documents/GitHub/VRX_NUMarine/src/vrx/ros_packages/mpc' returned '0': PYTHONPATH=/home/rileychron111/Documents/GitHub/VRX_NUMarine/build/mpc/prefix_override:/home/rileychron111/Documents/GitHub/VRX_NUMarine/install/lib/python3.10/site-packages:${PYTHONPATH} /usr/bin/python3 -W ignore:setup.py install is deprecated setup.py egg_info --egg-base ../../../../build/mpc build --build-base /home/rileychron111/Documents/GitHub/VRX_NUMarine/build/mpc/build install --record /home/rileychron111/Documents/GitHub/VRX_NUMarine/build/mpc/install.log --single-version-externally-managed install_data
