[0.037s] Invoking command in '/home/jain/Documents/GitHub/VRX_NUMarine/build/gps_odom_pkg': CMAKE_PREFIX_PATH=${CMAKE_PREFIX_PATH}:/opt/ros/humble /usr/bin/cmake /home/jain/Documents/GitHub/VRX_NUMarine/src/vrx/ros_packages/gps_odom_pkg -DCMAKE_INSTALL_PREFIX=/home/jain/Documents/GitHub/VRX_NUMarine/install
[0.152s] -- The C compiler identification is GNU 11.4.0
[0.272s] -- The CXX compiler identification is GNU 11.4.0
[0.284s] -- Detecting C compiler ABI info
[0.421s] -- Detecting C compiler ABI info - done
[0.436s] -- Check for working C compiler: /usr/bin/cc - skipped
[0.437s] -- Detecting C compile features
[0.438s] -- Detecting C compile features - done
[0.443s] -- Detecting CXX compiler ABI info
[0.616s] -- Detecting CXX compiler ABI info - done
[0.625s] -- Check for working CXX compiler: /usr/bin/c++ - skipped
[0.626s] -- Detecting CXX compile features
[0.627s] -- Detecting CXX compile features - done
[0.631s] -- Found ament_cmake: 1.3.9 (/opt/ros/humble/share/ament_cmake/cmake)
[0.922s] -- Found Python3: /usr/bin/python3 (found version "3.10.12") found components: Interpreter 
[1.091s] -- Found rclcpp: 16.0.9 (/opt/ros/humble/share/rclcpp/cmake)
[1.175s] -- Found rosidl_generator_c: 3.1.5 (/opt/ros/humble/share/rosidl_generator_c/cmake)
[1.186s] -- Found rosidl_adapter: 3.1.5 (/opt/ros/humble/share/rosidl_adapter/cmake)
[1.206s] -- Found rosidl_generator_cpp: 3.1.5 (/opt/ros/humble/share/rosidl_generator_cpp/cmake)
[1.237s] -- Using all available rosidl_typesupport_c: rosidl_typesupport_fastrtps_c;rosidl_typesupport_introspection_c
[1.289s] -- Using all available rosidl_typesupport_cpp: rosidl_typesupport_fastrtps_cpp;rosidl_typesupport_introspection_cpp
[1.438s] -- Found rmw_implementation_cmake: 6.1.2 (/opt/ros/humble/share/rmw_implementation_cmake/cmake)
[1.443s] -- Found rmw_fastrtps_cpp: 6.2.6 (/opt/ros/humble/share/rmw_fastrtps_cpp/cmake)
[1.637s] -- Found OpenSSL: /usr/lib/x86_64-linux-gnu/libcrypto.so (found version "3.0.2")  
[1.696s] -- Found FastRTPS: /opt/ros/humble/include  
[1.789s] -- Using RMW implementation 'rmw_fastrtps_cpp' as default
[1.808s] -- Looking for pthread.h
[1.975s] -- Looking for pthread.h - found
[1.976s] -- Performing Test CMAKE_HAVE_LIBC_PTHREAD
[2.126s] -- Performing Test CMAKE_HAVE_LIBC_PTHREAD - Success
[2.132s] -- Found Threads: TRUE  
[2.451s] -- Found ament_lint_auto: 0.12.11 (/opt/ros/humble/share/ament_lint_auto/cmake)
[2.575s] -- Added test 'flake8' to check Python code syntax and style conventions
[2.576s] -- Added test 'lint_cmake' to check CMake code style
[2.577s] -- Added test 'pep257' to check Python code against some of the docstring style conventions in PEP 257
[2.580s] -- Added test 'xmllint' to check XML markup files
[2.582s] -- Configuring done
[2.589s] -- Generating done
[2.591s] -- Build files have been written to: /home/jain/Documents/GitHub/VRX_NUMarine/build/gps_odom_pkg
[2.617s] Invoked command in '/home/jain/Documents/GitHub/VRX_NUMarine/build/gps_odom_pkg' returned '0': CMAKE_PREFIX_PATH=${CMAKE_PREFIX_PATH}:/opt/ros/humble /usr/bin/cmake /home/jain/Documents/GitHub/VRX_NUMarine/src/vrx/ros_packages/gps_odom_pkg -DCMAKE_INSTALL_PREFIX=/home/jain/Documents/GitHub/VRX_NUMarine/install
[2.617s] Invoking command in '/home/jain/Documents/GitHub/VRX_NUMarine/build/gps_odom_pkg': CMAKE_PREFIX_PATH=${CMAKE_PREFIX_PATH}:/opt/ros/humble /usr/bin/cmake --build /home/jain/Documents/GitHub/VRX_NUMarine/build/gps_odom_pkg -- -j8 -l8
[2.690s] Invoked command in '/home/jain/Documents/GitHub/VRX_NUMarine/build/gps_odom_pkg' returned '0': CMAKE_PREFIX_PATH=${CMAKE_PREFIX_PATH}:/opt/ros/humble /usr/bin/cmake --build /home/jain/Documents/GitHub/VRX_NUMarine/build/gps_odom_pkg -- -j8 -l8
[2.734s] Invoking command in '/home/jain/Documents/GitHub/VRX_NUMarine/build/gps_odom_pkg': CMAKE_PREFIX_PATH=${CMAKE_PREFIX_PATH}:/opt/ros/humble /usr/bin/cmake --install /home/jain/Documents/GitHub/VRX_NUMarine/build/gps_odom_pkg
[2.760s] -- Install configuration: ""
[2.760s] -- Installing: /home/jain/Documents/GitHub/VRX_NUMarine/install/share/gps_odom_pkg/config
[2.760s] -- Installing: /home/jain/Documents/GitHub/VRX_NUMarine/install/share/gps_odom_pkg/config/dual_ekf_navsat_params.yaml
[2.761s] -- Installing: /home/jain/Documents/GitHub/VRX_NUMarine/install/share/gps_odom_pkg/config/nav2_params.yaml
[2.761s] -- Installing: /home/jain/Documents/GitHub/VRX_NUMarine/install/share/gps_odom_pkg/launch
[2.761s] -- Installing: /home/jain/Documents/GitHub/VRX_NUMarine/install/share/gps_odom_pkg/launch/nav2_launch.py
[2.762s] -- Installing: /home/jain/Documents/GitHub/VRX_NUMarine/install/share/gps_odom_pkg/launch/localization_launch.py
[2.762s] -- Installing: /home/jain/Documents/GitHub/VRX_NUMarine/install/share/ament_index/resource_index/package_run_dependencies/gps_odom_pkg
[2.762s] -- Installing: /home/jain/Documents/GitHub/VRX_NUMarine/install/share/ament_index/resource_index/parent_prefix_path/gps_odom_pkg
[2.762s] -- Installing: /home/jain/Documents/GitHub/VRX_NUMarine/install/share/gps_odom_pkg/environment/ament_prefix_path.sh
[2.763s] -- Installing: /home/jain/Documents/GitHub/VRX_NUMarine/install/share/gps_odom_pkg/environment/ament_prefix_path.dsv
[2.763s] -- Installing: /home/jain/Documents/GitHub/VRX_NUMarine/install/share/gps_odom_pkg/environment/path.sh
[2.763s] -- Installing: /home/jain/Documents/GitHub/VRX_NUMarine/install/share/gps_odom_pkg/environment/path.dsv
[2.763s] -- Installing: /home/jain/Documents/GitHub/VRX_NUMarine/install/share/gps_odom_pkg/local_setup.bash
[2.764s] -- Installing: /home/jain/Documents/GitHub/VRX_NUMarine/install/share/gps_odom_pkg/local_setup.sh
[2.764s] -- Installing: /home/jain/Documents/GitHub/VRX_NUMarine/install/share/gps_odom_pkg/local_setup.zsh
[2.765s] -- Installing: /home/jain/Documents/GitHub/VRX_NUMarine/install/share/gps_odom_pkg/local_setup.dsv
[2.765s] -- Installing: /home/jain/Documents/GitHub/VRX_NUMarine/install/share/gps_odom_pkg/package.dsv
[2.765s] -- Installing: /home/jain/Documents/GitHub/VRX_NUMarine/install/share/ament_index/resource_index/packages/gps_odom_pkg
[2.765s] -- Installing: /home/jain/Documents/GitHub/VRX_NUMarine/install/share/gps_odom_pkg/cmake/gps_odom_pkgConfig.cmake
[2.766s] -- Installing: /home/jain/Documents/GitHub/VRX_NUMarine/install/share/gps_odom_pkg/cmake/gps_odom_pkgConfig-version.cmake
[2.766s] -- Installing: /home/jain/Documents/GitHub/VRX_NUMarine/install/share/gps_odom_pkg/package.xml
[2.776s] Invoked command in '/home/jain/Documents/GitHub/VRX_NUMarine/build/gps_odom_pkg' returned '0': CMAKE_PREFIX_PATH=${CMAKE_PREFIX_PATH}:/opt/ros/humble /usr/bin/cmake --install /home/jain/Documents/GitHub/VRX_NUMarine/build/gps_odom_pkg
