[0.010s] Invoking command in '/home/jain/Documents/GitHub/VRX_NUMarine/build/vrx_gz': CMAKE_PREFIX_PATH=${CMAKE_PREFIX_PATH}:/opt/ros/humble /usr/bin/cmake /home/jain/Documents/GitHub/VRX_NUMarine/src/vrx/ros_packages/vrx_gz -DCMAKE_INSTALL_PREFIX=/home/jain/Documents/GitHub/VRX_NUMarine/install
[0.084s] -- The C compiler identification is GNU 11.4.0
[0.154s] -- The CXX compiler identification is GNU 11.4.0
[0.164s] -- Detecting C compiler ABI info
[0.249s] -- Detecting C compiler ABI info - done
[0.262s] -- Check for working C compiler: /usr/bin/cc - skipped
[0.262s] -- Detecting C compile features
[0.262s] -- Detecting C compile features - done
[0.268s] -- Detecting CXX compiler ABI info
[0.366s] -- Detecting CXX compiler ABI info - done
[0.385s] -- Check for working CXX compiler: /usr/bin/c++ - skipped
[0.385s] -- Detecting CXX compile features
[0.386s] -- Detecting CXX compile features - done
[0.391s] -- Found ament_cmake: 1.3.9 (/opt/ros/humble/share/ament_cmake/cmake)
[0.612s] -- Found Python3: /usr/bin/python3 (found version "3.10.12") found components: Interpreter 
[0.748s] -- Looking for gz-sim7 -- found version 7.7.0
[0.761s] -- Searching for dependencies of gz-sim7
[0.765s] -- Looking for sdformat13 -- found version 13.8.0
[0.766s] -- Searching for dependencies of sdformat13
[0.773s] -- Checking for module 'tinyxml2'
[0.792s] --   Found tinyxml2, version 9.0.0
[0.843s] -- Looking for gz-math7 -- found version 7.5.0
[0.844s] -- Searching for dependencies of gz-math7
[0.848s] -- Looking for gz-utils2 -- found version 2.2.0
[0.849s] -- Searching for dependencies of gz-utils2
[0.851s] -- Looking for gz-utils2 -- found version 2.2.0
[0.852s] -- Searching for dependencies of gz-utils2
[0.852s] -- Searching for <gz-utils2> component [cli]
[0.857s] -- Looking for gz-utils2-cli -- found version 2.2.0
[0.857s] -- Searching for dependencies of gz-utils2-cli
[0.863s] -- Looking for gz-plugin2 -- found version 2.0.3
[0.864s] -- Searching for dependencies of gz-plugin2
[0.864s] -- Looking for gz-utils2 -- found version 2.2.0
[0.865s] -- Searching for <gz-plugin2> component [loader]
[0.869s] -- Looking for gz-plugin2-loader -- found version 2.0.3
[0.870s] -- Searching for dependencies of gz-plugin2-loader
[0.870s] -- Searching for <gz-plugin2> component [register]
[0.874s] -- Looking for gz-plugin2-register -- found version 2.0.3
[0.875s] -- Searching for dependencies of gz-plugin2-register
[0.880s] -- Looking for gz-transport12 -- found version 12.2.1
[0.881s] -- Searching for dependencies of gz-transport12
[1.114s] -- Found Protobuf: /usr/lib/x86_64-linux-gnu/libprotobuf.so (found version "3.12.4") 
[1.134s] -- Config-file not installed for ZeroMQ -- checking for pkg-config
[1.142s] -- Checking for module 'libzmq >= 4'
[1.161s] --   Found libzmq , version 4.3.4
[1.206s] -- Found ZeroMQ: TRUE (Required is at least version "4") 
[1.216s] -- Checking for module 'uuid'
[1.234s] --   Found uuid, version 2.37.2
[1.275s] -- Found UUID: TRUE  
[1.276s] -- Looking for gz-utils2 -- found version 2.2.0
[1.280s] -- Looking for gz-msgs9 -- found version 9.5.0
[1.281s] -- Searching for dependencies of gz-msgs9
[1.303s] -- Looking for gz-math7 -- found version 7.5.0
[1.312s] -- Searching for <gz-transport12> component [log]
[1.315s] -- Looking for gz-transport12-log -- found version 12.2.1
[1.315s] -- Searching for dependencies of gz-transport12-log
[1.316s] -- Searching for <gz-transport12> component [parameters]
[1.319s] -- Looking for gz-transport12-parameters -- found version 12.2.1
[1.319s] -- Searching for dependencies of gz-transport12-parameters
[1.320s] -- Looking for gz-msgs9 -- found version 9.5.0
[1.323s] -- Looking for gz-common5 -- found version 5.6.0
[1.324s] -- Searching for dependencies of gz-common5
[1.324s] -- Looking for gz-utils2 -- found version 2.2.0
[1.324s] -- Looking for dlfcn.h - found
[1.326s] -- Looking for libdl - found
[1.328s] -- Found DL: TRUE  
[1.335s] -- Searching for <gz-common5> component [profiler]
[1.338s] -- Looking for gz-common5-profiler -- found version 5.6.0
[1.339s] -- Searching for dependencies of gz-common5-profiler
[1.340s] -- Searching for <gz-common5> component [events]
[1.343s] -- Looking for gz-common5-events -- found version 5.6.0
[1.344s] -- Searching for dependencies of gz-common5-events
[1.344s] -- Looking for gz-math7 -- found version 7.5.0
[1.346s] -- Searching for <gz-common5> component [av]
[1.348s] -- Looking for gz-common5-av -- found version 5.6.0
[1.349s] -- Searching for dependencies of gz-common5-av
[1.355s] -- Checking for module 'libswscale'
[1.371s] --   Found libswscale, version 5.9.100
[1.420s] -- Found SWSCALE: TRUE  
[1.426s] -- Checking for module 'libavdevice >= 56.4.100'
[1.445s] --   Found libavdevice , version 58.13.100
[1.494s] -- Found AVDEVICE: TRUE (Required is at least version "56.4.100") 
[1.500s] -- Checking for module 'libavformat'
[1.520s] --   Found libavformat, version 58.76.100
[1.569s] -- Found AVFORMAT: TRUE  
[1.577s] -- Checking for module 'libavcodec'
[1.594s] --   Found libavcodec, version 58.134.100
[1.641s] -- Found AVCODEC: TRUE  
[1.649s] -- Checking for module 'libavutil'
[1.667s] --   Found libavutil, version 56.70.100
[1.717s] -- Found AVUTIL: TRUE  
[1.717s] -- Searching for <gz-common5> component [io]
[1.720s] -- Looking for gz-common5-io -- found version 5.6.0
[1.720s] -- Searching for dependencies of gz-common5-io
[1.724s] -- Looking for gz-fuel_tools8 -- found version 8.1.0
[1.724s] -- Searching for dependencies of gz-fuel_tools8
[1.826s] -- Found CURL: /usr/lib/x86_64-linux-gnu/libcurl.so (found version "7.81.0")  
[1.838s] -- Checking for module 'jsoncpp'
[1.855s] --   Found jsoncpp, version 1.9.5
[1.895s] -- Found JSONCPP: TRUE  
[1.903s] -- Checking for module 'libzip'
[1.923s] --   Found libzip, version 1.7.3
[1.963s] -- Found ZIP: TRUE  
[1.964s] -- Looking for gz-utils2 -- found version 2.2.0
[1.964s] -- Looking for gz-common5 -- found version 5.6.0
[1.965s] -- Searching for dependencies of gz-common5
[1.965s] -- Looking for gz-utils2 -- found version 2.2.0
[1.965s] -- Looking for dlfcn.h - found
[1.966s] -- Looking for libdl - found
[1.978s] -- Searching for <gz-common5> component [testing]
[1.982s] -- Looking for gz-common5-testing -- found version 5.6.0
[1.983s] -- Searching for dependencies of gz-common5-testing
[1.985s] -- Looking for gz-math7 -- found version 7.5.0
[1.985s] -- Looking for gz-msgs9 -- found version 9.5.0
[1.990s] -- Looking for gz-gui7 -- found version 7.2.2
[1.991s] -- Searching for dependencies of gz-gui7
[2.031s] -- Looking for gz-utils2 -- found version 2.2.0
[2.031s] -- Looking for gz-math7 -- found version 7.5.0
[2.032s] -- Looking for gz-common5 -- found version 5.6.0
[2.032s] -- Looking for gz-plugin2 -- found version 2.0.3
[2.033s] -- Looking for gz-transport12 -- found version 12.2.1
[2.037s] -- Looking for gz-rendering7 -- found version 7.4.2
[2.038s] -- Searching for dependencies of gz-rendering7
[2.038s] -- Looking for gz-math7 -- found version 7.5.0
[2.040s] -- Searching for dependencies of gz-math7
[2.040s] -- Looking for gz-utils2 -- found version 2.2.0
[2.040s] -- Searching for <gz-math7> component [eigen3]
[2.043s] -- Looking for gz-math7-eigen3 -- found version 7.5.0
[2.044s] -- Searching for dependencies of gz-math7-eigen3
[2.053s] -- Looking for gz-common5 -- found version 5.6.0
[2.054s] -- Searching for dependencies of gz-common5
[2.054s] -- Looking for gz-utils2 -- found version 2.2.0
[2.054s] -- Looking for dlfcn.h - found
[2.054s] -- Looking for libdl - found
[2.063s] -- Searching for <gz-common5> component [graphics]
[2.067s] -- Looking for gz-common5-graphics -- found version 5.6.0
[2.068s] -- Searching for dependencies of gz-common5-graphics
[2.069s] -- Looking for gz-math7 -- found version 7.5.0
[2.078s] -- Found GzAssimp: TRUE (found version "5.2.0") 
[2.078s] -- Searching for <gz-common5> component [events]
[2.079s] -- Searching for <gz-common5> component [geospatial]
[2.082s] -- Looking for gz-common5-geospatial -- found version 5.6.0
[2.082s] -- Searching for dependencies of gz-common5-geospatial
[2.083s] -- Looking for gz-math7 -- found version 7.5.0
[2.083s] -- Looking for gz-common5 -- found version 5.6.0
[2.084s] -- Looking for gz-plugin2 -- found version 2.0.3
[2.085s] -- Searching for dependencies of gz-plugin2
[2.085s] -- Looking for gz-utils2 -- found version 2.2.0
[2.086s] -- Searching for <gz-plugin2> component [all]
[2.088s] -- Looking for all libraries of gz-plugin2 -- found version 2.0.3
[2.089s] -- Looking for gz-plugin2 -- found version 2.0.3
[2.091s] -- Looking for gz-utils2 -- found version 2.2.0
[2.097s] -- Found OpenGL: /usr/lib/x86_64-linux-gnu/libOpenGL.so  found components: OpenGL 
[2.098s] -- Looking for gz-msgs9 -- found version 9.5.0
[2.126s] -- Looking for gz-physics6 -- found version 6.6.0
[2.126s] -- Searching for dependencies of gz-physics6
[2.126s] -- Looking for gz-common5 -- found version 5.6.0
[2.127s] -- Looking for gz-math7 -- found version 7.5.0
[2.127s] -- Looking for gz-plugin2 -- found version 2.0.3
[2.128s] -- Looking for gz-utils2 -- found version 2.2.0
[2.129s] -- Searching for <gz-physics6> component [heightmap]
[2.131s] -- Looking for gz-physics6-heightmap -- found version 6.6.0
[2.132s] -- Searching for dependencies of gz-physics6-heightmap
[2.132s] -- Looking for gz-common5 -- found version 5.6.0
[2.133s] -- Searching for <gz-physics6> component [mesh]
[2.136s] -- Looking for gz-physics6-mesh -- found version 6.6.0
[2.136s] -- Searching for dependencies of gz-physics6-mesh
[2.137s] -- Looking for gz-common5 -- found version 5.6.0
[2.137s] -- Searching for <gz-physics6> component [sdf]
[2.141s] -- Looking for gz-physics6-sdf -- found version 6.6.0
[2.141s] -- Searching for dependencies of gz-physics6-sdf
[2.142s] -- Looking for sdformat13 -- found version 13.8.0
[2.145s] -- Looking for gz-sensors7 -- found version 7.3.0
[2.145s] -- Searching for dependencies of gz-sensors7
[2.171s] -- Looking for gz-math7 -- found version 7.5.0
[2.171s] -- Looking for gz-common5 -- found version 5.6.0
[2.172s] -- Looking for gz-transport12 -- found version 12.2.1
[2.173s] -- Looking for gz-rendering7 -- found version 7.4.2
[2.174s] -- Looking for gz-msgs9 -- found version 9.5.0
[2.175s] -- Looking for sdformat13 -- found version 13.8.0
[2.176s] -- Searching for <gz-sensors7> component [air_pressure]
[2.180s] -- Looking for gz-sensors7-air_pressure -- found version 7.3.0
[2.181s] -- Searching for dependencies of gz-sensors7-air_pressure
[2.182s] -- Searching for <gz-sensors7> component [air_speed]
[2.186s] -- Looking for gz-sensors7-air_speed -- found version 7.3.0
[2.186s] -- Searching for dependencies of gz-sensors7-air_speed
[2.187s] -- Searching for <gz-sensors7> component [altimeter]
[2.191s] -- Looking for gz-sensors7-altimeter -- found version 7.3.0
[2.192s] -- Searching for dependencies of gz-sensors7-altimeter
[2.193s] -- Searching for <gz-sensors7> component [imu]
[2.197s] -- Looking for gz-sensors7-imu -- found version 7.3.0
[2.198s] -- Searching for dependencies of gz-sensors7-imu
[2.199s] -- Searching for <gz-sensors7> component [force_torque]
[2.203s] -- Looking for gz-sensors7-force_torque -- found version 7.3.0
[2.204s] -- Searching for dependencies of gz-sensors7-force_torque
[2.205s] -- Searching for <gz-sensors7> component [logical_camera]
[2.209s] -- Looking for gz-sensors7-logical_camera -- found version 7.3.0
[2.210s] -- Searching for dependencies of gz-sensors7-logical_camera
[2.211s] -- Searching for <gz-sensors7> component [magnetometer]
[2.215s] -- Looking for gz-sensors7-magnetometer -- found version 7.3.0
[2.216s] -- Searching for dependencies of gz-sensors7-magnetometer
[2.217s] -- Searching for <gz-sensors7> component [navsat]
[2.221s] -- Looking for gz-sensors7-navsat -- found version 7.3.0
[2.222s] -- Searching for dependencies of gz-sensors7-navsat
[2.223s] -- Searching for <gz-sensors7> component [rendering]
[2.227s] -- Looking for gz-sensors7-rendering -- found version 7.3.0
[2.227s] -- Searching for dependencies of gz-sensors7-rendering
[2.228s] -- Searching for <gz-sensors7> component [lidar]
[2.233s] -- Looking for gz-sensors7-lidar -- found version 7.3.0
[2.233s] -- Searching for dependencies of gz-sensors7-lidar
[2.234s] -- Looking for gz-sensors7 -- found version 7.3.0
[2.235s] -- Searching for <gz-sensors7> component [gpu_lidar]
[2.239s] -- Looking for gz-sensors7-gpu_lidar -- found version 7.3.0
[2.240s] -- Searching for dependencies of gz-sensors7-gpu_lidar
[2.241s] -- Looking for gz-sensors7 -- found version 7.3.0
[2.242s] -- Searching for <gz-sensors7> component [camera]
[2.246s] -- Looking for gz-sensors7-camera -- found version 7.3.0
[2.247s] -- Searching for dependencies of gz-sensors7-camera
[2.247s] -- Looking for gz-sensors7 -- found version 7.3.0
[2.248s] -- Searching for <gz-sensors7> component [boundingbox_camera]
[2.253s] -- Looking for gz-sensors7-boundingbox_camera -- found version 7.3.0
[2.253s] -- Searching for dependencies of gz-sensors7-boundingbox_camera
[2.254s] -- Searching for <gz-sensors7> component [segmentation_camera]
[2.258s] -- Looking for gz-sensors7-segmentation_camera -- found version 7.3.0
[2.259s] -- Searching for dependencies of gz-sensors7-segmentation_camera
[2.260s] -- Searching for <gz-sensors7> component [depth_camera]
[2.264s] -- Looking for gz-sensors7-depth_camera -- found version 7.3.0
[2.265s] -- Searching for dependencies of gz-sensors7-depth_camera
[2.265s] -- Looking for gz-sensors7 -- found version 7.3.0
[2.267s] -- Searching for <gz-sensors7> component [rgbd_camera]
[2.271s] -- Looking for gz-sensors7-rgbd_camera -- found version 7.3.0
[2.272s] -- Searching for dependencies of gz-sensors7-rgbd_camera
[2.272s] -- Looking for gz-sensors7 -- found version 7.3.0
[2.273s] -- Searching for <gz-sensors7> component [thermal_camera]
[2.276s] -- Looking for gz-sensors7-thermal_camera -- found version 7.3.0
[2.277s] -- Searching for dependencies of gz-sensors7-thermal_camera
[2.277s] -- Looking for gz-sensors7 -- found version 7.3.0
[2.278s] -- Searching for <gz-sensors7> component [wide_angle_camera]
[2.281s] -- Looking for gz-sensors7-wide_angle_camera -- found version 7.3.0
[2.281s] -- Searching for dependencies of gz-sensors7-wide_angle_camera
[2.283s] -- Looking for gz-rendering7 -- found version 7.4.2
[2.283s] -- Looking for gz-math7 -- found version 7.5.0
[2.284s] -- Looking for gz-utils2 -- found version 2.2.0
[2.310s] -- Looking for gz-common5 -- found version 5.6.0
[2.311s] -- Looking for gz-fuel_tools8 -- found version 8.1.0
[2.311s] -- Looking for gz-math7 -- found version 7.5.0
[2.312s] -- Looking for gz-msgs9 -- found version 9.5.0
[2.312s] -- Looking for gz-transport12 -- found version 12.2.1
[2.313s] -- Looking for gz-plugin2 -- found version 2.0.3
[2.313s] -- Looking for gz-rendering7 -- found version 7.4.2
[2.314s] -- Looking for gz-sensors7 -- found version 7.3.0
[2.314s] -- Looking for gz-utils2 -- found version 2.2.0
[2.315s] -- Looking for sdformat13 -- found version 13.8.0
[2.317s] -- Found std_msgs: 4.2.4 (/opt/ros/humble/share/std_msgs/cmake)
[2.356s] -- Found rosidl_generator_c: 3.1.5 (/opt/ros/humble/share/rosidl_generator_c/cmake)
[2.363s] -- Found rosidl_adapter: 3.1.5 (/opt/ros/humble/share/rosidl_adapter/cmake)
[2.377s] -- Found rosidl_generator_cpp: 3.1.5 (/opt/ros/humble/share/rosidl_generator_cpp/cmake)
[2.396s] -- Using all available rosidl_typesupport_c: rosidl_typesupport_fastrtps_c;rosidl_typesupport_introspection_c
[2.427s] -- Using all available rosidl_typesupport_cpp: rosidl_typesupport_fastrtps_cpp;rosidl_typesupport_introspection_cpp
[2.727s] -- Configuring done
[2.870s] -- Generating done
[2.875s] -- Build files have been written to: /home/jain/Documents/GitHub/VRX_NUMarine/build/vrx_gz
[2.898s] Invoked command in '/home/jain/Documents/GitHub/VRX_NUMarine/build/vrx_gz' returned '0': CMAKE_PREFIX_PATH=${CMAKE_PREFIX_PATH}:/opt/ros/humble /usr/bin/cmake /home/jain/Documents/GitHub/VRX_NUMarine/src/vrx/ros_packages/vrx_gz -DCMAKE_INSTALL_PREFIX=/home/jain/Documents/GitHub/VRX_NUMarine/install
[2.901s] Invoking command in '/home/jain/Documents/GitHub/VRX_NUMarine/build/vrx_gz': CMAKE_PREFIX_PATH=${CMAKE_PREFIX_PATH}:/opt/ros/humble /usr/bin/cmake --build /home/jain/Documents/GitHub/VRX_NUMarine/build/vrx_gz -- -j8 -l8
[2.969s] [  2%] [32mBuilding CXX object CMakeFiles/Waves.dir/src/Wavefield.cc.o[0m
[2.971s] [  4%] [32mBuilding CXX object CMakeFiles/ScoringPlugin.dir/src/ScoringPlugin.cc.o[0m
[2.979s] [  4%] Built target ament_cmake_python_copy_vrx_gz
[3.509s] running egg_info
[3.510s] creating vrx_gz.egg-info
[3.511s] writing vrx_gz.egg-info/PKG-INFO
[3.511s] writing dependency_links to vrx_gz.egg-info/dependency_links.txt
[3.511s] writing top-level names to vrx_gz.egg-info/top_level.txt
[3.512s] writing manifest file 'vrx_gz.egg-info/SOURCES.txt'
[3.516s] reading manifest file 'vrx_gz.egg-info/SOURCES.txt'
[3.517s] writing manifest file 'vrx_gz.egg-info/SOURCES.txt'
[3.589s] [  4%] Built target ament_cmake_python_build_vrx_gz_egg
[8.773s] [  6%] [32m[1mLinking CXX shared library libWaves.so[0m
[9.103s] [  6%] Built target Waves
[9.128s] [ 10%] [32mBuilding CXX object CMakeFiles/PolyhedraBuoyancyDrag.dir/src/ShapeVolume.cc.o[0m
[9.129s] [ 10%] [32mBuilding CXX object CMakeFiles/PolyhedraBuoyancyDrag.dir/src/PolyhedraBuoyancyDrag.cc.o[0m
[9.131s] [ 12%] [32mBuilding CXX object CMakeFiles/PolyhedraBuoyancyDrag.dir/src/PolyhedronVolume.cc.o[0m
[11.214s] [ 14%] [32m[1mLinking CXX shared library libScoringPlugin.so[0m
[11.597s] [ 14%] Built target ScoringPlugin
[11.630s] [ 20%] [32mBuilding CXX object CMakeFiles/WayfindingScoringPlugin.dir/src/WayfindingScoringPlugin.cc.o[0m
[11.631s] [ 22%] [32mBuilding CXX object CMakeFiles/AcousticTrackingScoringPlugin.dir/src/AcousticTrackingScoringPlugin.cc.o[0m
[11.631s] [ 20%] [32mBuilding CXX object CMakeFiles/AcousticPerceptionScoringPlugin.dir/src/AcousticPerceptionScoringPlugin.cc.o[0m
[11.632s] [ 20%] [32mBuilding CXX object CMakeFiles/StationkeepingScoringPlugin.dir/src/StationkeepingScoringPlugin.cc.o[0m
[11.648s] [ 25%] [32mBuilding CXX object CMakeFiles/BallShooterPlugin.dir/src/BallShooterPlugin.cc.o[0m
[11.648s] [ 27%] [32mBuilding CXX object CMakeFiles/AcousticPingerPlugin.dir/src/AcousticPingerPlugin.cc.o[0m
[12.790s] [ 29%] [32mBuilding CXX object CMakeFiles/AcousticPerceptionScoringPlugin.dir/src/WaypointMarkers.cc.o[0m
[23.409s] [ 31%] [32m[1mLinking CXX shared library libPolyhedraBuoyancyDrag.so[0m
[24.312s] [ 31%] Built target PolyhedraBuoyancyDrag
[24.428s] [ 33%] [32mBuilding CXX object CMakeFiles/LightBuoyPlugin.dir/src/LightBuoyPlugin.cc.o[0m
[25.772s] [ 35%] [32m[1mLinking CXX shared library libAcousticPingerPlugin.so[0m
[26.158s] [ 37%] [32mBuilding CXX object CMakeFiles/NavigationScoringPlugin.dir/src/NavigationScoringPlugin.cc.o[0m
[26.556s] [ 37%] Built target AcousticPingerPlugin
[26.635s] [ 39%] [32mBuilding CXX object CMakeFiles/GymkhanaScoringPlugin.dir/src/GymkhanaScoringPlugin.cc.o[0m
[27.280s] [ 41%] [32mBuilding CXX object CMakeFiles/AcousticTrackingScoringPlugin.dir/src/WaypointMarkers.cc.o[0m
[27.562s] [ 43%] [32m[1mLinking CXX shared library libAcousticPerceptionScoringPlugin.so[0m
[28.069s] [ 45%] [32mBuilding CXX object CMakeFiles/WayfindingScoringPlugin.dir/src/WaypointMarkers.cc.o[0m
[28.291s] [ 47%] [32mBuilding CXX object CMakeFiles/StationkeepingScoringPlugin.dir/src/WaypointMarkers.cc.o[0m
[28.468s] [ 47%] Built target AcousticPerceptionScoringPlugin
[28.512s] [ 50%] [32mBuilding CXX object CMakeFiles/PerceptionScoringPlugin.dir/src/PerceptionScoringPlugin.cc.o[0m
[29.947s] [ 52%] [32m[1mLinking CXX shared library libBallShooterPlugin.so[0m
[31.062s] [ 52%] Built target BallShooterPlugin
[31.131s] [ 54%] [32mBuilding CXX object CMakeFiles/PlacardPlugin.dir/src/PlacardPlugin.cc.o[0m
[34.823s] [ 56%] [32m[1mLinking CXX shared library libLightBuoyPlugin.so[0m
[35.449s] [ 56%] Built target LightBuoyPlugin
[35.505s] [ 58%] [32mBuilding CXX object CMakeFiles/PublisherPlugin.dir/src/PublisherPlugin.cc.o[0m
[38.671s] [ 60%] [32m[1mLinking CXX shared library libGymkhanaScoringPlugin.so[0m
[39.786s] [ 60%] Built target GymkhanaScoringPlugin
[39.824s] [ 62%] [32mBuilding CXX object CMakeFiles/ScanDockScoringPlugin.dir/src/ScanDockScoringPlugin.cc.o[0m
[39.977s] [ 64%] [32m[1mLinking CXX shared library libWayfindingScoringPlugin.so[0m
[40.619s] [ 66%] [32m[1mLinking CXX shared library libStationkeepingScoringPlugin.so[0m
[40.772s] [ 66%] Built target WayfindingScoringPlugin
[40.809s] [ 68%] [32mBuilding CXX object CMakeFiles/SimpleHydrodynamics.dir/src/SimpleHydrodynamics.cc.o[0m
[41.304s] [ 70%] [32m[1mLinking CXX shared library libAcousticTrackingScoringPlugin.so[0m
[41.476s] [ 70%] Built target StationkeepingScoringPlugin
[41.514s] [ 72%] [32mBuilding CXX object CMakeFiles/Surface.dir/src/Surface.cc.o[0m
[42.127s] [ 75%] [32m[1mLinking CXX shared library libPerceptionScoringPlugin.so[0m
[42.329s] [ 75%] Built target AcousticTrackingScoringPlugin
[42.396s] [ 77%] [32mBuilding CXX object CMakeFiles/USVWind.dir/src/USVWind.cc.o[0m
[42.793s] [ 79%] [32m[1mLinking CXX shared library libNavigationScoringPlugin.so[0m
[43.023s] [ 79%] Built target PerceptionScoringPlugin
[43.096s] [ 81%] [32mBuilding CXX object CMakeFiles/WaveVisual.dir/src/WaveVisual.cc.o[0m
[43.336s] [ 83%] [32m[1mLinking CXX shared library libPlacardPlugin.so[0m
[43.532s] [ 83%] Built target NavigationScoringPlugin
[43.584s] [ 85%] [32mBuilding CXX object CMakeFiles/WildlifeScoringPlugin.dir/src/WildlifeScoringPlugin.cc.o[0m
[44.135s] [ 85%] Built target PlacardPlugin
[45.116s] [ 87%] [32m[1mLinking CXX shared library libPublisherPlugin.so[0m
[45.636s] [ 87%] Built target PublisherPlugin
[50.617s] [ 89%] [32m[1mLinking CXX shared library libSimpleHydrodynamics.so[0m
[51.115s] [ 89%] Built target SimpleHydrodynamics
[51.891s] [ 91%] [32m[1mLinking CXX shared library libSurface.so[0m
[52.384s] [ 91%] Built target Surface
[55.544s] [ 93%] [32m[1mLinking CXX shared library libWildlifeScoringPlugin.so[0m
[55.646s] [ 95%] [32m[1mLinking CXX shared library libScanDockScoringPlugin.so[0m
[55.989s] [ 97%] [32m[1mLinking CXX shared library libWaveVisual.so[0m
[56.105s] [ 97%] Built target WildlifeScoringPlugin
[56.230s] [ 97%] Built target ScanDockScoringPlugin
[56.234s] [100%] [32m[1mLinking CXX shared library libUSVWind.so[0m
[56.500s] [100%] Built target WaveVisual
[56.650s] [100%] Built target USVWind
[56.666s] Invoked command in '/home/jain/Documents/GitHub/VRX_NUMarine/build/vrx_gz' returned '0': CMAKE_PREFIX_PATH=${CMAKE_PREFIX_PATH}:/opt/ros/humble /usr/bin/cmake --build /home/jain/Documents/GitHub/VRX_NUMarine/build/vrx_gz -- -j8 -l8
[56.762s] Invoking command in '/home/jain/Documents/GitHub/VRX_NUMarine/build/vrx_gz': CMAKE_PREFIX_PATH=${CMAKE_PREFIX_PATH}:/opt/ros/humble /usr/bin/cmake --install /home/jain/Documents/GitHub/VRX_NUMarine/build/vrx_gz
[56.770s] -- Install configuration: ""
[56.770s] -- Installing: /home/jain/Documents/GitHub/VRX_NUMarine/install/share/vrx_gz/environment/resource_paths.dsv
[56.771s] -- Installing: /home/jain/Documents/GitHub/VRX_NUMarine/install/share/vrx_gz/environment/resource_paths.sh
[56.771s] -- Installing: /home/jain/Documents/GitHub/VRX_NUMarine/install/lib/libWaves.so
[56.772s] -- Installing: /home/jain/Documents/GitHub/VRX_NUMarine/install/lib/libPolyhedraBuoyancyDrag.so
[56.775s] -- Set runtime path of "/home/jain/Documents/GitHub/VRX_NUMarine/install/lib/libPolyhedraBuoyancyDrag.so" to ""
[56.775s] -- Installing: /home/jain/Documents/GitHub/VRX_NUMarine/install/lib/libScoringPlugin.so
[56.777s] -- Installing: /home/jain/Documents/GitHub/VRX_NUMarine/install/lib/libStationkeepingScoringPlugin.so
[56.780s] -- Set runtime path of "/home/jain/Documents/GitHub/VRX_NUMarine/install/lib/libStationkeepingScoringPlugin.so" to ""
[56.781s] -- Installing: /home/jain/Documents/GitHub/VRX_NUMarine/install/lib/libWayfindingScoringPlugin.so
[56.784s] -- Set runtime path of "/home/jain/Documents/GitHub/VRX_NUMarine/install/lib/libWayfindingScoringPlugin.so" to ""
[56.785s] -- Installing: /home/jain/Documents/GitHub/VRX_NUMarine/install/lib/libAcousticPerceptionScoringPlugin.so
[56.789s] -- Set runtime path of "/home/jain/Documents/GitHub/VRX_NUMarine/install/lib/libAcousticPerceptionScoringPlugin.so" to ""
[56.789s] -- Installing: /home/jain/Documents/GitHub/VRX_NUMarine/install/lib/libAcousticTrackingScoringPlugin.so
[56.792s] -- Set runtime path of "/home/jain/Documents/GitHub/VRX_NUMarine/install/lib/libAcousticTrackingScoringPlugin.so" to ""
[56.792s] -- Installing: /home/jain/Documents/GitHub/VRX_NUMarine/install/lib/libAcousticPingerPlugin.so
[56.795s] -- Set runtime path of "/home/jain/Documents/GitHub/VRX_NUMarine/install/lib/libAcousticPingerPlugin.so" to ""
[56.795s] -- Installing: /home/jain/Documents/GitHub/VRX_NUMarine/install/lib/libBallShooterPlugin.so
[56.799s] -- Set runtime path of "/home/jain/Documents/GitHub/VRX_NUMarine/install/lib/libBallShooterPlugin.so" to ""
[56.799s] -- Installing: /home/jain/Documents/GitHub/VRX_NUMarine/install/lib/libLightBuoyPlugin.so
[56.801s] -- Set runtime path of "/home/jain/Documents/GitHub/VRX_NUMarine/install/lib/libLightBuoyPlugin.so" to ""
[56.801s] -- Installing: /home/jain/Documents/GitHub/VRX_NUMarine/install/lib/libNavigationScoringPlugin.so
[56.804s] -- Set runtime path of "/home/jain/Documents/GitHub/VRX_NUMarine/install/lib/libNavigationScoringPlugin.so" to ""
[56.804s] -- Installing: /home/jain/Documents/GitHub/VRX_NUMarine/install/lib/libGymkhanaScoringPlugin.so
[56.806s] -- Set runtime path of "/home/jain/Documents/GitHub/VRX_NUMarine/install/lib/libGymkhanaScoringPlugin.so" to ""
[56.806s] -- Installing: /home/jain/Documents/GitHub/VRX_NUMarine/install/lib/libPerceptionScoringPlugin.so
[56.810s] -- Set runtime path of "/home/jain/Documents/GitHub/VRX_NUMarine/install/lib/libPerceptionScoringPlugin.so" to ""
[56.810s] -- Installing: /home/jain/Documents/GitHub/VRX_NUMarine/install/lib/libPlacardPlugin.so
[56.812s] -- Set runtime path of "/home/jain/Documents/GitHub/VRX_NUMarine/install/lib/libPlacardPlugin.so" to ""
[56.812s] -- Installing: /home/jain/Documents/GitHub/VRX_NUMarine/install/lib/libPublisherPlugin.so
[56.814s] -- Set runtime path of "/home/jain/Documents/GitHub/VRX_NUMarine/install/lib/libPublisherPlugin.so" to ""
[56.814s] -- Installing: /home/jain/Documents/GitHub/VRX_NUMarine/install/lib/libScanDockScoringPlugin.so
[56.818s] -- Set runtime path of "/home/jain/Documents/GitHub/VRX_NUMarine/install/lib/libScanDockScoringPlugin.so" to ""
[56.818s] -- Installing: /home/jain/Documents/GitHub/VRX_NUMarine/install/lib/libSimpleHydrodynamics.so
[56.820s] -- Set runtime path of "/home/jain/Documents/GitHub/VRX_NUMarine/install/lib/libSimpleHydrodynamics.so" to ""
[56.820s] -- Installing: /home/jain/Documents/GitHub/VRX_NUMarine/install/lib/libSurface.so
[56.824s] -- Set runtime path of "/home/jain/Documents/GitHub/VRX_NUMarine/install/lib/libSurface.so" to ""
[56.824s] -- Installing: /home/jain/Documents/GitHub/VRX_NUMarine/install/lib/libUSVWind.so
[56.826s] -- Set runtime path of "/home/jain/Documents/GitHub/VRX_NUMarine/install/lib/libUSVWind.so" to ""
[56.826s] -- Installing: /home/jain/Documents/GitHub/VRX_NUMarine/install/lib/libWaveVisual.so
[56.829s] -- Set runtime path of "/home/jain/Documents/GitHub/VRX_NUMarine/install/lib/libWaveVisual.so" to ""
[56.829s] -- Installing: /home/jain/Documents/GitHub/VRX_NUMarine/install/lib/libWildlifeScoringPlugin.so
[56.832s] -- Set runtime path of "/home/jain/Documents/GitHub/VRX_NUMarine/install/lib/libWildlifeScoringPlugin.so" to ""
[56.832s] -- Installing: /home/jain/Documents/GitHub/VRX_NUMarine/install/share/vrx_gz/environment/pythonpath.sh
[56.833s] -- Installing: /home/jain/Documents/GitHub/VRX_NUMarine/install/share/vrx_gz/environment/pythonpath.dsv
[56.833s] -- Installing: /home/jain/Documents/GitHub/VRX_NUMarine/install/local/lib/python3.10/dist-packages/vrx_gz-0.0.0-py3.10.egg-info
[56.833s] -- Installing: /home/jain/Documents/GitHub/VRX_NUMarine/install/local/lib/python3.10/dist-packages/vrx_gz-0.0.0-py3.10.egg-info/SOURCES.txt
[56.833s] -- Installing: /home/jain/Documents/GitHub/VRX_NUMarine/install/local/lib/python3.10/dist-packages/vrx_gz-0.0.0-py3.10.egg-info/dependency_links.txt
[56.833s] -- Installing: /home/jain/Documents/GitHub/VRX_NUMarine/install/local/lib/python3.10/dist-packages/vrx_gz-0.0.0-py3.10.egg-info/PKG-INFO
[56.834s] -- Installing: /home/jain/Documents/GitHub/VRX_NUMarine/install/local/lib/python3.10/dist-packages/vrx_gz-0.0.0-py3.10.egg-info/top_level.txt
[56.834s] -- Installing: /home/jain/Documents/GitHub/VRX_NUMarine/install/local/lib/python3.10/dist-packages/vrx_gz
[56.834s] -- Installing: /home/jain/Documents/GitHub/VRX_NUMarine/install/local/lib/python3.10/dist-packages/vrx_gz/__init__.py
[56.834s] -- Installing: /home/jain/Documents/GitHub/VRX_NUMarine/install/local/lib/python3.10/dist-packages/vrx_gz/bridge.py
[56.834s] -- Installing: /home/jain/Documents/GitHub/VRX_NUMarine/install/local/lib/python3.10/dist-packages/vrx_gz/launch.py
[56.834s] -- Installing: /home/jain/Documents/GitHub/VRX_NUMarine/install/local/lib/python3.10/dist-packages/vrx_gz/bridges.py
[56.834s] -- Installing: /home/jain/Documents/GitHub/VRX_NUMarine/install/local/lib/python3.10/dist-packages/vrx_gz/payload_bridges.py
[56.834s] -- Installing: /home/jain/Documents/GitHub/VRX_NUMarine/install/local/lib/python3.10/dist-packages/vrx_gz/model.py
[56.877s] Listing '/home/jain/Documents/GitHub/VRX_NUMarine/install/local/lib/python3.10/dist-packages/vrx_gz'...
[56.877s] Compiling '/home/jain/Documents/GitHub/VRX_NUMarine/install/local/lib/python3.10/dist-packages/vrx_gz/__init__.py'...
[56.877s] Compiling '/home/jain/Documents/GitHub/VRX_NUMarine/install/local/lib/python3.10/dist-packages/vrx_gz/bridge.py'...
[56.877s] Compiling '/home/jain/Documents/GitHub/VRX_NUMarine/install/local/lib/python3.10/dist-packages/vrx_gz/bridges.py'...
[56.877s] Compiling '/home/jain/Documents/GitHub/VRX_NUMarine/install/local/lib/python3.10/dist-packages/vrx_gz/launch.py'...
[56.877s] Compiling '/home/jain/Documents/GitHub/VRX_NUMarine/install/local/lib/python3.10/dist-packages/vrx_gz/model.py'...
[56.878s] Compiling '/home/jain/Documents/GitHub/VRX_NUMarine/install/local/lib/python3.10/dist-packages/vrx_gz/payload_bridges.py'...
[56.882s] -- Installing: /home/jain/Documents/GitHub/VRX_NUMarine/install/share/vrx_gz/config
[56.882s] -- Installing: /home/jain/Documents/GitHub/VRX_NUMarine/install/share/vrx_gz/config/roboboat.yaml
[56.882s] -- Installing: /home/jain/Documents/GitHub/VRX_NUMarine/install/share/vrx_gz/config/wamv.yaml
[56.882s] -- Installing: /home/jain/Documents/GitHub/VRX_NUMarine/install/share/vrx_gz/launch
[56.883s] -- Installing: /home/jain/Documents/GitHub/VRX_NUMarine/install/share/vrx_gz/launch/spawn.launch.py
[56.883s] -- Installing: /home/jain/Documents/GitHub/VRX_NUMarine/install/share/vrx_gz/launch/vrx_environment.launch.py
[56.883s] -- Installing: /home/jain/Documents/GitHub/VRX_NUMarine/install/share/vrx_gz/launch/competition.launch.py
[56.883s] -- Installing: /home/jain/Documents/GitHub/VRX_NUMarine/install/share/vrx_gz/launch/spawn_config.launch.py
[56.883s] -- Installing: /home/jain/Documents/GitHub/VRX_NUMarine/install/share/vrx_gz/launch/nuc.launch.py
[56.884s] -- Installing: /home/jain/Documents/GitHub/VRX_NUMarine/install/share/vrx_gz/launch/usv_joy_teleop.py
[56.884s] -- Installing: /home/jain/Documents/GitHub/VRX_NUMarine/install/share/vrx_gz/models
[56.884s] -- Installing: /home/jain/Documents/GitHub/VRX_NUMarine/install/share/vrx_gz/models/robotx_light_buoy_rgb
[56.884s] -- Installing: /home/jain/Documents/GitHub/VRX_NUMarine/install/share/vrx_gz/models/robotx_light_buoy_rgb/mesh
[56.885s] -- Installing: /home/jain/Documents/GitHub/VRX_NUMarine/install/share/vrx_gz/models/robotx_light_buoy_rgb/mesh/LightTower_Normal.png
[56.891s] -- Installing: /home/jain/Documents/GitHub/VRX_NUMarine/install/share/vrx_gz/models/robotx_light_buoy_rgb/mesh/LightTower_Roughness.png
[56.892s] -- Installing: /home/jain/Documents/GitHub/VRX_NUMarine/install/share/vrx_gz/models/robotx_light_buoy_rgb/mesh/LightTower_Albedo.png
[56.896s] -- Installing: /home/jain/Documents/GitHub/VRX_NUMarine/install/share/vrx_gz/models/robotx_light_buoy_rgb/mesh/LightTower_Metalness.png
[56.896s] -- Installing: /home/jain/Documents/GitHub/VRX_NUMarine/install/share/vrx_gz/models/robotx_light_buoy_rgb/mesh/robotx_light_buoy.dae
[56.898s] -- Installing: /home/jain/Documents/GitHub/VRX_NUMarine/install/share/vrx_gz/models/robotx_light_buoy_rgb/mesh/LightTower_Opacity.png
[56.898s] -- Installing: /home/jain/Documents/GitHub/VRX_NUMarine/install/share/vrx_gz/models/robotx_light_buoy_rgb/model.config
[56.898s] -- Installing: /home/jain/Documents/GitHub/VRX_NUMarine/install/share/vrx_gz/models/robotx_light_buoy_rgb/model.sdf
[56.898s] -- Installing: /home/jain/Documents/GitHub/VRX_NUMarine/install/share/vrx_gz/models/short_navigation_course_4
[56.898s] -- Installing: /home/jain/Documents/GitHub/VRX_NUMarine/install/share/vrx_gz/models/short_navigation_course_4/model.config
[56.898s] -- Installing: /home/jain/Documents/GitHub/VRX_NUMarine/install/share/vrx_gz/models/short_navigation_course_4/model.sdf
[56.899s] -- Installing: /home/jain/Documents/GitHub/VRX_NUMarine/install/share/vrx_gz/models/roboboat_cpubox
[56.899s] -- Installing: /home/jain/Documents/GitHub/VRX_NUMarine/install/share/vrx_gz/models/roboboat_cpubox/materials
[56.899s] -- Installing: /home/jain/Documents/GitHub/VRX_NUMarine/install/share/vrx_gz/models/roboboat_cpubox/materials/textures
[56.899s] -- Installing: /home/jain/Documents/GitHub/VRX_NUMarine/install/share/vrx_gz/models/roboboat_cpubox/materials/textures/DryBox_Albedo.png
[56.907s] -- Installing: /home/jain/Documents/GitHub/VRX_NUMarine/install/share/vrx_gz/models/roboboat_cpubox/materials/textures/DryBox_Roughness.png
[56.920s] -- Installing: /home/jain/Documents/GitHub/VRX_NUMarine/install/share/vrx_gz/models/roboboat_cpubox/model.config
[56.920s] -- Installing: /home/jain/Documents/GitHub/VRX_NUMarine/install/share/vrx_gz/models/roboboat_cpubox/meshes
[56.920s] -- Installing: /home/jain/Documents/GitHub/VRX_NUMarine/install/share/vrx_gz/models/roboboat_cpubox/meshes/drybox.dae
[56.920s] -- Installing: /home/jain/Documents/GitHub/VRX_NUMarine/install/share/vrx_gz/models/roboboat_cpubox/model.sdf
[56.921s] -- Installing: /home/jain/Documents/GitHub/VRX_NUMarine/install/share/vrx_gz/models/short_navigation_course_1
[56.921s] -- Installing: /home/jain/Documents/GitHub/VRX_NUMarine/install/share/vrx_gz/models/short_navigation_course_1/model.config
[56.921s] -- Installing: /home/jain/Documents/GitHub/VRX_NUMarine/install/share/vrx_gz/models/short_navigation_course_1/model.sdf
[56.921s] -- Installing: /home/jain/Documents/GitHub/VRX_NUMarine/install/share/vrx_gz/models/short_course_2023_phase3_2
[56.921s] -- Installing: /home/jain/Documents/GitHub/VRX_NUMarine/install/share/vrx_gz/models/short_course_2023_phase3_2/model.config
[56.921s] -- Installing: /home/jain/Documents/GitHub/VRX_NUMarine/install/share/vrx_gz/models/short_course_2023_phase3_2/model.sdf
[56.921s] -- Installing: /home/jain/Documents/GitHub/VRX_NUMarine/install/share/vrx_gz/models/tent
[56.922s] -- Installing: /home/jain/Documents/GitHub/VRX_NUMarine/install/share/vrx_gz/models/tent/thumbnails
[56.922s] -- Installing: /home/jain/Documents/GitHub/VRX_NUMarine/install/share/vrx_gz/models/tent/thumbnails/1.png
[56.922s] -- Installing: /home/jain/Documents/GitHub/VRX_NUMarine/install/share/vrx_gz/models/tent/thumbnails/2.png
[56.922s] -- Installing: /home/jain/Documents/GitHub/VRX_NUMarine/install/share/vrx_gz/models/tent/thumbnails/3.png
[56.922s] -- Installing: /home/jain/Documents/GitHub/VRX_NUMarine/install/share/vrx_gz/models/tent/thumbnails/4.png
[56.922s] -- Installing: /home/jain/Documents/GitHub/VRX_NUMarine/install/share/vrx_gz/models/tent/thumbnails/5.png
[56.922s] -- Installing: /home/jain/Documents/GitHub/VRX_NUMarine/install/share/vrx_gz/models/tent/mesh
[56.922s] -- Installing: /home/jain/Documents/GitHub/VRX_NUMarine/install/share/vrx_gz/models/tent/mesh/tent.dae
[56.923s] -- Installing: /home/jain/Documents/GitHub/VRX_NUMarine/install/share/vrx_gz/models/tent/mesh/tent.png
[56.923s] -- Installing: /home/jain/Documents/GitHub/VRX_NUMarine/install/share/vrx_gz/models/tent/model.config
[56.923s] -- Installing: /home/jain/Documents/GitHub/VRX_NUMarine/install/share/vrx_gz/models/tent/model.sdf
[56.923s] -- Installing: /home/jain/Documents/GitHub/VRX_NUMarine/install/share/vrx_gz/models/roboboat01
[56.924s] -- Installing: /home/jain/Documents/GitHub/VRX_NUMarine/install/share/vrx_gz/models/roboboat01/materials
[56.924s] -- Installing: /home/jain/Documents/GitHub/VRX_NUMarine/install/share/vrx_gz/models/roboboat01/materials/scripts
[56.924s] -- Installing: /home/jain/Documents/GitHub/VRX_NUMarine/install/share/vrx_gz/models/roboboat01/materials/scripts/model.material
[56.924s] -- Installing: /home/jain/Documents/GitHub/VRX_NUMarine/install/share/vrx_gz/models/roboboat01/materials/textures
[56.924s] -- Installing: /home/jain/Documents/GitHub/VRX_NUMarine/install/share/vrx_gz/models/roboboat01/materials/textures/Boat01_Albedo.png
[56.932s] -- Installing: /home/jain/Documents/GitHub/VRX_NUMarine/install/share/vrx_gz/models/roboboat01/materials/textures/Boat01_Normal.png
[56.933s] -- Installing: /home/jain/Documents/GitHub/VRX_NUMarine/install/share/vrx_gz/models/roboboat01/materials/textures/Thruster_Roughness.png
[56.935s] -- Installing: /home/jain/Documents/GitHub/VRX_NUMarine/install/share/vrx_gz/models/roboboat01/materials/textures/Thruster_Albedo.png
[56.936s] -- Installing: /home/jain/Documents/GitHub/VRX_NUMarine/install/share/vrx_gz/models/roboboat01/materials/textures/Boat01_Metallic.png
[56.937s] -- Installing: /home/jain/Documents/GitHub/VRX_NUMarine/install/share/vrx_gz/models/roboboat01/materials/textures/Boat01_Roughness.png
[56.941s] -- Installing: /home/jain/Documents/GitHub/VRX_NUMarine/install/share/vrx_gz/models/roboboat01/model.config
[56.941s] -- Installing: /home/jain/Documents/GitHub/VRX_NUMarine/install/share/vrx_gz/models/roboboat01/meshes
[56.942s] -- Installing: /home/jain/Documents/GitHub/VRX_NUMarine/install/share/vrx_gz/models/roboboat01/meshes/prop.dae
[56.942s] -- Installing: /home/jain/Documents/GitHub/VRX_NUMarine/install/share/vrx_gz/models/roboboat01/meshes/mount.dae
[56.942s] -- Installing: /home/jain/Documents/GitHub/VRX_NUMarine/install/share/vrx_gz/models/roboboat01/meshes/housing.dae
[56.942s] -- Installing: /home/jain/Documents/GitHub/VRX_NUMarine/install/share/vrx_gz/models/roboboat01/meshes/roboboat01.dae
[56.944s] -- Installing: /home/jain/Documents/GitHub/VRX_NUMarine/install/share/vrx_gz/models/roboboat01/model.sdf
[56.944s] -- Installing: /home/jain/Documents/GitHub/VRX_NUMarine/install/share/vrx_gz/models/mb_round_buoy_black
[56.944s] -- Installing: /home/jain/Documents/GitHub/VRX_NUMarine/install/share/vrx_gz/models/mb_round_buoy_black/thumbnails
[56.944s] -- Installing: /home/jain/Documents/GitHub/VRX_NUMarine/install/share/vrx_gz/models/mb_round_buoy_black/thumbnails/1.png
[56.944s] -- Installing: /home/jain/Documents/GitHub/VRX_NUMarine/install/share/vrx_gz/models/mb_round_buoy_black/thumbnails/2.png
[56.945s] -- Installing: /home/jain/Documents/GitHub/VRX_NUMarine/install/share/vrx_gz/models/mb_round_buoy_black/thumbnails/3.png
[56.945s] -- Installing: /home/jain/Documents/GitHub/VRX_NUMarine/install/share/vrx_gz/models/mb_round_buoy_black/thumbnails/4.png
[56.945s] -- Installing: /home/jain/Documents/GitHub/VRX_NUMarine/install/share/vrx_gz/models/mb_round_buoy_black/thumbnails/5.png
[56.946s] -- Installing: /home/jain/Documents/GitHub/VRX_NUMarine/install/share/vrx_gz/models/mb_round_buoy_black/model.config
[56.946s] -- Installing: /home/jain/Documents/GitHub/VRX_NUMarine/install/share/vrx_gz/models/mb_round_buoy_black/model.sdf
[56.946s] -- Installing: /home/jain/Documents/GitHub/VRX_NUMarine/install/share/vrx_gz/models/platform
[56.946s] -- Installing: /home/jain/Documents/GitHub/VRX_NUMarine/install/share/vrx_gz/models/platform/model.config
[56.946s] -- Installing: /home/jain/Documents/GitHub/VRX_NUMarine/install/share/vrx_gz/models/platform/model.sdf
[56.947s] -- Installing: /home/jain/Documents/GitHub/VRX_NUMarine/install/share/vrx_gz/models/sydney_regatta
[56.947s] -- Installing: /home/jain/Documents/GitHub/VRX_NUMarine/install/share/vrx_gz/models/sydney_regatta/materials
[56.947s] -- Installing: /home/jain/Documents/GitHub/VRX_NUMarine/install/share/vrx_gz/models/sydney_regatta/materials/textures
[56.947s] -- Installing: /home/jain/Documents/GitHub/VRX_NUMarine/install/share/vrx_gz/models/sydney_regatta/materials/textures/RoofCorrugated.png
[56.975s] -- Installing: /home/jain/Documents/GitHub/VRX_NUMarine/install/share/vrx_gz/models/sydney_regatta/materials/textures/Windows_Dark.png
[56.975s] -- Installing: /home/jain/Documents/GitHub/VRX_NUMarine/install/share/vrx_gz/models/sydney_regatta/materials/textures/Dock.png
[57.006s] -- Installing: /home/jain/Documents/GitHub/VRX_NUMarine/install/share/vrx_gz/models/sydney_regatta/materials/textures/Terrain.png
[57.054s] -- Installing: /home/jain/Documents/GitHub/VRX_NUMarine/install/share/vrx_gz/models/sydney_regatta/materials/textures/MetalGalvanized.png
[57.078s] -- Installing: /home/jain/Documents/GitHub/VRX_NUMarine/install/share/vrx_gz/models/sydney_regatta/materials/textures/Wall_05.png
[57.080s] -- Installing: /home/jain/Documents/GitHub/VRX_NUMarine/install/share/vrx_gz/models/sydney_regatta/materials/textures/DockDark.png
[57.111s] -- Installing: /home/jain/Documents/GitHub/VRX_NUMarine/install/share/vrx_gz/models/sydney_regatta/materials/textures/TreeDiffuse.png
[57.113s] -- Installing: /home/jain/Documents/GitHub/VRX_NUMarine/install/share/vrx_gz/models/sydney_regatta/thumbnails
[57.113s] -- Installing: /home/jain/Documents/GitHub/VRX_NUMarine/install/share/vrx_gz/models/sydney_regatta/thumbnails/1.png
[57.113s] -- Installing: /home/jain/Documents/GitHub/VRX_NUMarine/install/share/vrx_gz/models/sydney_regatta/thumbnails/2.png
[57.113s] -- Installing: /home/jain/Documents/GitHub/VRX_NUMarine/install/share/vrx_gz/models/sydney_regatta/thumbnails/3.png
[57.113s] -- Installing: /home/jain/Documents/GitHub/VRX_NUMarine/install/share/vrx_gz/models/sydney_regatta/thumbnails/4.png
[57.113s] -- Installing: /home/jain/Documents/GitHub/VRX_NUMarine/install/share/vrx_gz/models/sydney_regatta/thumbnails/5.png
[57.113s] -- Installing: /home/jain/Documents/GitHub/VRX_NUMarine/install/share/vrx_gz/models/sydney_regatta/model.config
[57.114s] -- Installing: /home/jain/Documents/GitHub/VRX_NUMarine/install/share/vrx_gz/models/sydney_regatta/meshes
[57.114s] -- Installing: /home/jain/Documents/GitHub/VRX_NUMarine/install/share/vrx_gz/models/sydney_regatta/meshes/sydney_regatta.dae
[57.138s] -- Installing: /home/jain/Documents/GitHub/VRX_NUMarine/install/share/vrx_gz/models/sydney_regatta/meshes/sydney_regatta_shore.dae
[57.139s] -- Installing: /home/jain/Documents/GitHub/VRX_NUMarine/install/share/vrx_gz/models/sydney_regatta/model.sdf
[57.140s] -- Installing: /home/jain/Documents/GitHub/VRX_NUMarine/install/share/vrx_gz/models/antenna
[57.140s] -- Installing: /home/jain/Documents/GitHub/VRX_NUMarine/install/share/vrx_gz/models/antenna/thumbnails
[57.140s] -- Installing: /home/jain/Documents/GitHub/VRX_NUMarine/install/share/vrx_gz/models/antenna/thumbnails/1.png
[57.140s] -- Installing: /home/jain/Documents/GitHub/VRX_NUMarine/install/share/vrx_gz/models/antenna/thumbnails/2.png
[57.140s] -- Installing: /home/jain/Documents/GitHub/VRX_NUMarine/install/share/vrx_gz/models/antenna/thumbnails/3.png
[57.140s] -- Installing: /home/jain/Documents/GitHub/VRX_NUMarine/install/share/vrx_gz/models/antenna/thumbnails/4.png
[57.140s] -- Installing: /home/jain/Documents/GitHub/VRX_NUMarine/install/share/vrx_gz/models/antenna/thumbnails/5.png
[57.140s] -- Installing: /home/jain/Documents/GitHub/VRX_NUMarine/install/share/vrx_gz/models/antenna/model.config
[57.141s] -- Installing: /home/jain/Documents/GitHub/VRX_NUMarine/install/share/vrx_gz/models/antenna/meshes
[57.141s] -- Installing: /home/jain/Documents/GitHub/VRX_NUMarine/install/share/vrx_gz/models/antenna/meshes/antenna.png
[57.141s] -- Installing: /home/jain/Documents/GitHub/VRX_NUMarine/install/share/vrx_gz/models/antenna/meshes/antenna.dae
[57.142s] -- Installing: /home/jain/Documents/GitHub/VRX_NUMarine/install/share/vrx_gz/models/antenna/model.sdf
[57.142s] -- Installing: /home/jain/Documents/GitHub/VRX_NUMarine/install/share/vrx_gz/models/mb_marker_buoy_red
[57.142s] -- Installing: /home/jain/Documents/GitHub/VRX_NUMarine/install/share/vrx_gz/models/mb_marker_buoy_red/materials
[57.142s] -- Installing: /home/jain/Documents/GitHub/VRX_NUMarine/install/share/vrx_gz/models/mb_marker_buoy_red/materials/textures
[57.142s] -- Installing: /home/jain/Documents/GitHub/VRX_NUMarine/install/share/vrx_gz/models/mb_marker_buoy_red/materials/textures/MarkerBuoy_Roughness.png
[57.143s] -- Installing: /home/jain/Documents/GitHub/VRX_NUMarine/install/share/vrx_gz/models/mb_marker_buoy_red/materials/textures/MarkerBuoy_Base_Color.png
[57.145s] -- Installing: /home/jain/Documents/GitHub/VRX_NUMarine/install/share/vrx_gz/models/mb_marker_buoy_red/thumbnails
[57.145s] -- Installing: /home/jain/Documents/GitHub/VRX_NUMarine/install/share/vrx_gz/models/mb_marker_buoy_red/thumbnails/1.png
[57.145s] -- Installing: /home/jain/Documents/GitHub/VRX_NUMarine/install/share/vrx_gz/models/mb_marker_buoy_red/thumbnails/2.png
[57.145s] -- Installing: /home/jain/Documents/GitHub/VRX_NUMarine/install/share/vrx_gz/models/mb_marker_buoy_red/thumbnails/3.png
[57.145s] -- Installing: /home/jain/Documents/GitHub/VRX_NUMarine/install/share/vrx_gz/models/mb_marker_buoy_red/thumbnails/4.png
[57.145s] -- Installing: /home/jain/Documents/GitHub/VRX_NUMarine/install/share/vrx_gz/models/mb_marker_buoy_red/thumbnails/5.png
[57.146s] -- Installing: /home/jain/Documents/GitHub/VRX_NUMarine/install/share/vrx_gz/models/mb_marker_buoy_red/model.config
[57.146s] -- Installing: /home/jain/Documents/GitHub/VRX_NUMarine/install/share/vrx_gz/models/mb_marker_buoy_red/meshes
[57.146s] -- Installing: /home/jain/Documents/GitHub/VRX_NUMarine/install/share/vrx_gz/models/mb_marker_buoy_red/meshes/mb_marker_buoy.dae
[57.146s] -- Installing: /home/jain/Documents/GitHub/VRX_NUMarine/install/share/vrx_gz/models/mb_marker_buoy_red/model.sdf
[57.146s] -- Installing: /home/jain/Documents/GitHub/VRX_NUMarine/install/share/vrx_gz/models/dock_2022_base
[57.146s] -- Installing: /home/jain/Documents/GitHub/VRX_NUMarine/install/share/vrx_gz/models/dock_2022_base/model.config
[57.147s] -- Installing: /home/jain/Documents/GitHub/VRX_NUMarine/install/share/vrx_gz/models/dock_2022_base/model.sdf
[57.147s] -- Installing: /home/jain/Documents/GitHub/VRX_NUMarine/install/share/vrx_gz/models/mb_marker_buoy_black
[57.147s] -- Installing: /home/jain/Documents/GitHub/VRX_NUMarine/install/share/vrx_gz/models/mb_marker_buoy_black/thumbnails
[57.147s] -- Installing: /home/jain/Documents/GitHub/VRX_NUMarine/install/share/vrx_gz/models/mb_marker_buoy_black/thumbnails/1.png
[57.147s] -- Installing: /home/jain/Documents/GitHub/VRX_NUMarine/install/share/vrx_gz/models/mb_marker_buoy_black/thumbnails/2.png
[57.147s] -- Installing: /home/jain/Documents/GitHub/VRX_NUMarine/install/share/vrx_gz/models/mb_marker_buoy_black/thumbnails/3.png
[57.147s] -- Installing: /home/jain/Documents/GitHub/VRX_NUMarine/install/share/vrx_gz/models/mb_marker_buoy_black/thumbnails/4.png
[57.147s] -- Installing: /home/jain/Documents/GitHub/VRX_NUMarine/install/share/vrx_gz/models/mb_marker_buoy_black/thumbnails/5.png
[57.148s] -- Installing: /home/jain/Documents/GitHub/VRX_NUMarine/install/share/vrx_gz/models/mb_marker_buoy_black/model.config
[57.148s] -- Installing: /home/jain/Documents/GitHub/VRX_NUMarine/install/share/vrx_gz/models/mb_marker_buoy_black/model.sdf
[57.148s] -- Installing: /home/jain/Documents/GitHub/VRX_NUMarine/install/share/vrx_gz/models/robotx_light_buoy_rbg
[57.148s] -- Installing: /home/jain/Documents/GitHub/VRX_NUMarine/install/share/vrx_gz/models/robotx_light_buoy_rbg/model.config
[57.148s] -- Installing: /home/jain/Documents/GitHub/VRX_NUMarine/install/share/vrx_gz/models/robotx_light_buoy_rbg/model.sdf
[57.148s] -- Installing: /home/jain/Documents/GitHub/VRX_NUMarine/install/share/vrx_gz/models/roboboat02
[57.148s] -- Installing: /home/jain/Documents/GitHub/VRX_NUMarine/install/share/vrx_gz/models/roboboat02/materials
[57.149s] -- Installing: /home/jain/Documents/GitHub/VRX_NUMarine/install/share/vrx_gz/models/roboboat02/materials/scripts
[57.149s] -- Installing: /home/jain/Documents/GitHub/VRX_NUMarine/install/share/vrx_gz/models/roboboat02/materials/scripts/model.material
[57.149s] -- Installing: /home/jain/Documents/GitHub/VRX_NUMarine/install/share/vrx_gz/models/roboboat02/materials/textures
[57.149s] -- Installing: /home/jain/Documents/GitHub/VRX_NUMarine/install/share/vrx_gz/models/roboboat02/materials/textures/Boat02_Albedo.png
[57.158s] -- Installing: /home/jain/Documents/GitHub/VRX_NUMarine/install/share/vrx_gz/models/roboboat02/materials/textures/Boat02_Roughness.png
[57.162s] -- Installing: /home/jain/Documents/GitHub/VRX_NUMarine/install/share/vrx_gz/models/roboboat02/materials/textures/Boat02_Normal.png
[57.164s] -- Installing: /home/jain/Documents/GitHub/VRX_NUMarine/install/share/vrx_gz/models/roboboat02/materials/textures/Boat02_Metallic.png
[57.165s] -- Installing: /home/jain/Documents/GitHub/VRX_NUMarine/install/share/vrx_gz/models/roboboat02/model.config
[57.165s] -- Installing: /home/jain/Documents/GitHub/VRX_NUMarine/install/share/vrx_gz/models/roboboat02/meshes
[57.165s] -- Installing: /home/jain/Documents/GitHub/VRX_NUMarine/install/share/vrx_gz/models/roboboat02/meshes/roboboat02.dae
[57.167s] -- Installing: /home/jain/Documents/GitHub/VRX_NUMarine/install/share/vrx_gz/models/roboboat02/model.sdf
[57.167s] -- Installing: /home/jain/Documents/GitHub/VRX_NUMarine/install/share/vrx_gz/models/entrance_exit
[57.167s] -- Installing: /home/jain/Documents/GitHub/VRX_NUMarine/install/share/vrx_gz/models/entrance_exit/model.config
[57.168s] -- Installing: /home/jain/Documents/GitHub/VRX_NUMarine/install/share/vrx_gz/models/entrance_exit/model.sdf
[57.168s] -- Installing: /home/jain/Documents/GitHub/VRX_NUMarine/install/share/vrx_gz/models/short_course_2023_phase3_1
[57.168s] -- Installing: /home/jain/Documents/GitHub/VRX_NUMarine/install/share/vrx_gz/models/short_course_2023_phase3_1/model.config
[57.168s] -- Installing: /home/jain/Documents/GitHub/VRX_NUMarine/install/share/vrx_gz/models/short_course_2023_phase3_1/model.sdf
[57.168s] -- Installing: /home/jain/Documents/GitHub/VRX_NUMarine/install/share/vrx_gz/models/robotx_light_buoy_ybr
[57.168s] -- Installing: /home/jain/Documents/GitHub/VRX_NUMarine/install/share/vrx_gz/models/robotx_light_buoy_ybr/model.config
[57.168s] -- Installing: /home/jain/Documents/GitHub/VRX_NUMarine/install/share/vrx_gz/models/robotx_light_buoy_ybr/model.sdf
[57.168s] -- Installing: /home/jain/Documents/GitHub/VRX_NUMarine/install/share/vrx_gz/models/robotx_light_buoy_ygb
[57.168s] -- Installing: /home/jain/Documents/GitHub/VRX_NUMarine/install/share/vrx_gz/models/robotx_light_buoy_ygb/model.config
[57.169s] -- Installing: /home/jain/Documents/GitHub/VRX_NUMarine/install/share/vrx_gz/models/robotx_light_buoy_ygb/model.sdf
[57.169s] -- Installing: /home/jain/Documents/GitHub/VRX_NUMarine/install/share/vrx_gz/models/mb_marker_buoy_green
[57.169s] -- Installing: /home/jain/Documents/GitHub/VRX_NUMarine/install/share/vrx_gz/models/mb_marker_buoy_green/thumbnails
[57.169s] -- Installing: /home/jain/Documents/GitHub/VRX_NUMarine/install/share/vrx_gz/models/mb_marker_buoy_green/thumbnails/1.png
[57.169s] -- Installing: /home/jain/Documents/GitHub/VRX_NUMarine/install/share/vrx_gz/models/mb_marker_buoy_green/thumbnails/2.png
[57.169s] -- Installing: /home/jain/Documents/GitHub/VRX_NUMarine/install/share/vrx_gz/models/mb_marker_buoy_green/thumbnails/3.png
[57.169s] -- Installing: /home/jain/Documents/GitHub/VRX_NUMarine/install/share/vrx_gz/models/mb_marker_buoy_green/thumbnails/4.png
[57.169s] -- Installing: /home/jain/Documents/GitHub/VRX_NUMarine/install/share/vrx_gz/models/mb_marker_buoy_green/thumbnails/5.png
[57.169s] -- Installing: /home/jain/Documents/GitHub/VRX_NUMarine/install/share/vrx_gz/models/mb_marker_buoy_green/model.config
[57.170s] -- Installing: /home/jain/Documents/GitHub/VRX_NUMarine/install/share/vrx_gz/models/mb_marker_buoy_green/model.sdf
[57.170s] -- Installing: /home/jain/Documents/GitHub/VRX_NUMarine/install/share/vrx_gz/models/robotx_light_buoy_bgr
[57.170s] -- Installing: /home/jain/Documents/GitHub/VRX_NUMarine/install/share/vrx_gz/models/robotx_light_buoy_bgr/model.config
[57.170s] -- Installing: /home/jain/Documents/GitHub/VRX_NUMarine/install/share/vrx_gz/models/robotx_light_buoy_bgr/model.sdf
[57.170s] -- Installing: /home/jain/Documents/GitHub/VRX_NUMarine/install/share/vrx_gz/models/mb_marker_buoy_white
[57.170s] -- Installing: /home/jain/Documents/GitHub/VRX_NUMarine/install/share/vrx_gz/models/mb_marker_buoy_white/thumbnails
[57.170s] -- Installing: /home/jain/Documents/GitHub/VRX_NUMarine/install/share/vrx_gz/models/mb_marker_buoy_white/thumbnails/1.png
[57.170s] -- Installing: /home/jain/Documents/GitHub/VRX_NUMarine/install/share/vrx_gz/models/mb_marker_buoy_white/thumbnails/2.png
[57.170s] -- Installing: /home/jain/Documents/GitHub/VRX_NUMarine/install/share/vrx_gz/models/mb_marker_buoy_white/thumbnails/3.png
[57.171s] -- Installing: /home/jain/Documents/GitHub/VRX_NUMarine/install/share/vrx_gz/models/mb_marker_buoy_white/thumbnails/4.png
[57.171s] -- Installing: /home/jain/Documents/GitHub/VRX_NUMarine/install/share/vrx_gz/models/mb_marker_buoy_white/thumbnails/5.png
[57.171s] -- Installing: /home/jain/Documents/GitHub/VRX_NUMarine/install/share/vrx_gz/models/mb_marker_buoy_white/model.config
[57.171s] -- Installing: /home/jain/Documents/GitHub/VRX_NUMarine/install/share/vrx_gz/models/mb_marker_buoy_white/model.sdf
[57.171s] -- Installing: /home/jain/Documents/GitHub/VRX_NUMarine/install/share/vrx_gz/models/short_navigation_course_2
[57.171s] -- Installing: /home/jain/Documents/GitHub/VRX_NUMarine/install/share/vrx_gz/models/short_navigation_course_2/model.config
[57.171s] -- Installing: /home/jain/Documents/GitHub/VRX_NUMarine/install/share/vrx_gz/models/short_navigation_course_2/model.sdf
[57.171s] -- Installing: /home/jain/Documents/GitHub/VRX_NUMarine/install/share/vrx_gz/models/foldable_chair
[57.171s] -- Installing: /home/jain/Documents/GitHub/VRX_NUMarine/install/share/vrx_gz/models/foldable_chair/thumbnails
[57.172s] -- Installing: /home/jain/Documents/GitHub/VRX_NUMarine/install/share/vrx_gz/models/foldable_chair/thumbnails/1.png
[57.172s] -- Installing: /home/jain/Documents/GitHub/VRX_NUMarine/install/share/vrx_gz/models/foldable_chair/thumbnails/2.png
[57.172s] -- Installing: /home/jain/Documents/GitHub/VRX_NUMarine/install/share/vrx_gz/models/foldable_chair/thumbnails/3.png
[57.172s] -- Installing: /home/jain/Documents/GitHub/VRX_NUMarine/install/share/vrx_gz/models/foldable_chair/thumbnails/4.png
[57.172s] -- Installing: /home/jain/Documents/GitHub/VRX_NUMarine/install/share/vrx_gz/models/foldable_chair/thumbnails/5.png
[57.172s] -- Installing: /home/jain/Documents/GitHub/VRX_NUMarine/install/share/vrx_gz/models/foldable_chair/mesh
[57.172s] -- Installing: /home/jain/Documents/GitHub/VRX_NUMarine/install/share/vrx_gz/models/foldable_chair/mesh/foldable_chair.png
[57.179s] -- Installing: /home/jain/Documents/GitHub/VRX_NUMarine/install/share/vrx_gz/models/foldable_chair/mesh/foldable_chair.dae
[57.179s] -- Installing: /home/jain/Documents/GitHub/VRX_NUMarine/install/share/vrx_gz/models/foldable_chair/model.config
[57.179s] -- Installing: /home/jain/Documents/GitHub/VRX_NUMarine/install/share/vrx_gz/models/foldable_chair/model.sdf
[57.180s] -- Installing: /home/jain/Documents/GitHub/VRX_NUMarine/install/share/vrx_gz/models/robotx_light_buoy_yrg
[57.180s] -- Installing: /home/jain/Documents/GitHub/VRX_NUMarine/install/share/vrx_gz/models/robotx_light_buoy_yrg/model.config
[57.180s] -- Installing: /home/jain/Documents/GitHub/VRX_NUMarine/install/share/vrx_gz/models/robotx_light_buoy_yrg/model.sdf
[57.180s] -- Installing: /home/jain/Documents/GitHub/VRX_NUMarine/install/share/vrx_gz/models/short_navigation_course_5
[57.180s] -- Installing: /home/jain/Documents/GitHub/VRX_NUMarine/install/share/vrx_gz/models/short_navigation_course_5/model.config
[57.180s] -- Installing: /home/jain/Documents/GitHub/VRX_NUMarine/install/share/vrx_gz/models/short_navigation_course_5/model.sdf
[57.180s] -- Installing: /home/jain/Documents/GitHub/VRX_NUMarine/install/share/vrx_gz/models/euro pallet
[57.180s] -- Installing: /home/jain/Documents/GitHub/VRX_NUMarine/install/share/vrx_gz/models/euro pallet/thumbnails
[57.181s] -- Installing: /home/jain/Documents/GitHub/VRX_NUMarine/install/share/vrx_gz/models/euro pallet/thumbnails/1.png
[57.181s] -- Installing: /home/jain/Documents/GitHub/VRX_NUMarine/install/share/vrx_gz/models/euro pallet/thumbnails/2.png
[57.181s] -- Installing: /home/jain/Documents/GitHub/VRX_NUMarine/install/share/vrx_gz/models/euro pallet/thumbnails/3.png
[57.181s] -- Installing: /home/jain/Documents/GitHub/VRX_NUMarine/install/share/vrx_gz/models/euro pallet/thumbnails/4.png
[57.181s] -- Installing: /home/jain/Documents/GitHub/VRX_NUMarine/install/share/vrx_gz/models/euro pallet/thumbnails/5.png
[57.181s] -- Installing: /home/jain/Documents/GitHub/VRX_NUMarine/install/share/vrx_gz/models/euro pallet/model.config
[57.181s] -- Installing: /home/jain/Documents/GitHub/VRX_NUMarine/install/share/vrx_gz/models/euro pallet/meshes
[57.181s] -- Installing: /home/jain/Documents/GitHub/VRX_NUMarine/install/share/vrx_gz/models/euro pallet/meshes/pallet.dae
[57.182s] -- Installing: /home/jain/Documents/GitHub/VRX_NUMarine/install/share/vrx_gz/models/euro pallet/model.sdf
[57.182s] -- Installing: /home/jain/Documents/GitHub/VRX_NUMarine/install/share/vrx_gz/models/symbol_triangle
[57.182s] -- Installing: /home/jain/Documents/GitHub/VRX_NUMarine/install/share/vrx_gz/models/symbol_triangle/mesh
[57.182s] -- Installing: /home/jain/Documents/GitHub/VRX_NUMarine/install/share/vrx_gz/models/symbol_triangle/mesh/triangle.dae
[57.182s] -- Installing: /home/jain/Documents/GitHub/VRX_NUMarine/install/share/vrx_gz/models/symbol_triangle/model.config
[57.182s] -- Installing: /home/jain/Documents/GitHub/VRX_NUMarine/install/share/vrx_gz/models/symbol_triangle/model.sdf
[57.183s] -- Installing: /home/jain/Documents/GitHub/VRX_NUMarine/install/share/vrx_gz/models/robotx_light_buoy_bgy
[57.183s] -- Installing: /home/jain/Documents/GitHub/VRX_NUMarine/install/share/vrx_gz/models/robotx_light_buoy_bgy/model.config
[57.183s] -- Installing: /home/jain/Documents/GitHub/VRX_NUMarine/install/share/vrx_gz/models/robotx_light_buoy_bgy/model.sdf
[57.184s] -- Installing: /home/jain/Documents/GitHub/VRX_NUMarine/install/share/vrx_gz/models/articulated_platform
[57.184s] -- Installing: /home/jain/Documents/GitHub/VRX_NUMarine/install/share/vrx_gz/models/articulated_platform/model.config
[57.184s] -- Installing: /home/jain/Documents/GitHub/VRX_NUMarine/install/share/vrx_gz/models/articulated_platform/model.sdf
[57.184s] -- Installing: /home/jain/Documents/GitHub/VRX_NUMarine/install/share/vrx_gz/models/placard_2022
[57.184s] -- Installing: /home/jain/Documents/GitHub/VRX_NUMarine/install/share/vrx_gz/models/placard_2022/materials
[57.185s] -- Installing: /home/jain/Documents/GitHub/VRX_NUMarine/install/share/vrx_gz/models/placard_2022/materials/textures
[57.185s] -- Installing: /home/jain/Documents/GitHub/VRX_NUMarine/install/share/vrx_gz/models/placard_2022/materials/textures/Placard.png
[57.185s] -- Installing: /home/jain/Documents/GitHub/VRX_NUMarine/install/share/vrx_gz/models/placard_2022/model.config
[57.185s] -- Installing: /home/jain/Documents/GitHub/VRX_NUMarine/install/share/vrx_gz/models/placard_2022/meshes
[57.185s] -- Installing: /home/jain/Documents/GitHub/VRX_NUMarine/install/share/vrx_gz/models/placard_2022/meshes/placard_2022.dae
[57.186s] -- Installing: /home/jain/Documents/GitHub/VRX_NUMarine/install/share/vrx_gz/models/placard_2022/model.sdf
[57.186s] -- Installing: /home/jain/Documents/GitHub/VRX_NUMarine/install/share/vrx_gz/models/short_navigation_course_3
[57.186s] -- Installing: /home/jain/Documents/GitHub/VRX_NUMarine/install/share/vrx_gz/models/short_navigation_course_3/model.config
[57.186s] -- Installing: /home/jain/Documents/GitHub/VRX_NUMarine/install/share/vrx_gz/models/short_navigation_course_3/model.sdf
[57.186s] -- Installing: /home/jain/Documents/GitHub/VRX_NUMarine/install/share/vrx_gz/models/mb_round_buoy_orange
[57.186s] -- Installing: /home/jain/Documents/GitHub/VRX_NUMarine/install/share/vrx_gz/models/mb_round_buoy_orange/materials
[57.186s] -- Installing: /home/jain/Documents/GitHub/VRX_NUMarine/install/share/vrx_gz/models/mb_round_buoy_orange/materials/textures
[57.187s] -- Installing: /home/jain/Documents/GitHub/VRX_NUMarine/install/share/vrx_gz/models/mb_round_buoy_orange/materials/textures/RoundBarrierBuoy_Base_Color.png
[57.189s] -- Installing: /home/jain/Documents/GitHub/VRX_NUMarine/install/share/vrx_gz/models/mb_round_buoy_orange/materials/textures/RoundBarrierBuoy_Roughness.png
[57.189s] -- Installing: /home/jain/Documents/GitHub/VRX_NUMarine/install/share/vrx_gz/models/mb_round_buoy_orange/thumbnails
[57.189s] -- Installing: /home/jain/Documents/GitHub/VRX_NUMarine/install/share/vrx_gz/models/mb_round_buoy_orange/thumbnails/1.png
[57.190s] -- Installing: /home/jain/Documents/GitHub/VRX_NUMarine/install/share/vrx_gz/models/mb_round_buoy_orange/thumbnails/2.png
[57.190s] -- Installing: /home/jain/Documents/GitHub/VRX_NUMarine/install/share/vrx_gz/models/mb_round_buoy_orange/thumbnails/3.png
[57.190s] -- Installing: /home/jain/Documents/GitHub/VRX_NUMarine/install/share/vrx_gz/models/mb_round_buoy_orange/thumbnails/4.png
[57.191s] -- Installing: /home/jain/Documents/GitHub/VRX_NUMarine/install/share/vrx_gz/models/mb_round_buoy_orange/thumbnails/5.png
[57.191s] -- Installing: /home/jain/Documents/GitHub/VRX_NUMarine/install/share/vrx_gz/models/mb_round_buoy_orange/model.config
[57.191s] -- Installing: /home/jain/Documents/GitHub/VRX_NUMarine/install/share/vrx_gz/models/mb_round_buoy_orange/meshes
[57.191s] -- Installing: /home/jain/Documents/GitHub/VRX_NUMarine/install/share/vrx_gz/models/mb_round_buoy_orange/meshes/mb_round_buoy.dae
[57.191s] -- Installing: /home/jain/Documents/GitHub/VRX_NUMarine/install/share/vrx_gz/models/mb_round_buoy_orange/model.sdf
[57.191s] -- Installing: /home/jain/Documents/GitHub/VRX_NUMarine/install/share/vrx_gz/models/robotx_light_buoy_gbr
[57.191s] -- Installing: /home/jain/Documents/GitHub/VRX_NUMarine/install/share/vrx_gz/models/robotx_light_buoy_gbr/model.config
[57.192s] -- Installing: /home/jain/Documents/GitHub/VRX_NUMarine/install/share/vrx_gz/models/robotx_light_buoy_gbr/model.sdf
[57.192s] -- Installing: /home/jain/Documents/GitHub/VRX_NUMarine/install/share/vrx_gz/models/ground_station
[57.192s] -- Installing: /home/jain/Documents/GitHub/VRX_NUMarine/install/share/vrx_gz/models/ground_station/thumbnails
[57.192s] -- Installing: /home/jain/Documents/GitHub/VRX_NUMarine/install/share/vrx_gz/models/ground_station/thumbnails/1.png
[57.192s] -- Installing: /home/jain/Documents/GitHub/VRX_NUMarine/install/share/vrx_gz/models/ground_station/thumbnails/2.png
[57.192s] -- Installing: /home/jain/Documents/GitHub/VRX_NUMarine/install/share/vrx_gz/models/ground_station/thumbnails/3.png
[57.193s] -- Installing: /home/jain/Documents/GitHub/VRX_NUMarine/install/share/vrx_gz/models/ground_station/thumbnails/4.png
[57.193s] -- Installing: /home/jain/Documents/GitHub/VRX_NUMarine/install/share/vrx_gz/models/ground_station/thumbnails/5.png
[57.193s] -- Installing: /home/jain/Documents/GitHub/VRX_NUMarine/install/share/vrx_gz/models/ground_station/model.config
[57.193s] -- Installing: /home/jain/Documents/GitHub/VRX_NUMarine/install/share/vrx_gz/models/ground_station/model.sdf
[57.193s] -- Installing: /home/jain/Documents/GitHub/VRX_NUMarine/install/share/vrx_gz/models/robotx_light_buoy_rgy
[57.194s] -- Installing: /home/jain/Documents/GitHub/VRX_NUMarine/install/share/vrx_gz/models/robotx_light_buoy_rgy/model.config
[57.194s] -- Installing: /home/jain/Documents/GitHub/VRX_NUMarine/install/share/vrx_gz/models/robotx_light_buoy_rgy/model.sdf
[57.194s] -- Installing: /home/jain/Documents/GitHub/VRX_NUMarine/install/share/vrx_gz/models/short_navigation_course_0
[57.194s] -- Installing: /home/jain/Documents/GitHub/VRX_NUMarine/install/share/vrx_gz/models/short_navigation_course_0/model.config
[57.194s] -- Installing: /home/jain/Documents/GitHub/VRX_NUMarine/install/share/vrx_gz/models/short_navigation_course_0/model.sdf
[57.194s] -- Installing: /home/jain/Documents/GitHub/VRX_NUMarine/install/share/vrx_gz/models/coast_waves
[57.194s] -- Installing: /home/jain/Documents/GitHub/VRX_NUMarine/install/share/vrx_gz/models/coast_waves/materials
[57.195s] -- Installing: /home/jain/Documents/GitHub/VRX_NUMarine/install/share/vrx_gz/models/coast_waves/materials/programs
[57.195s] -- Installing: /home/jain/Documents/GitHub/VRX_NUMarine/install/share/vrx_gz/models/coast_waves/materials/programs/GerstnerWaves_vs_330.glsl
[57.195s] -- Installing: /home/jain/Documents/GitHub/VRX_NUMarine/install/share/vrx_gz/models/coast_waves/materials/programs/GerstnerWaves_fs_330.glsl
[57.195s] -- Installing: /home/jain/Documents/GitHub/VRX_NUMarine/install/share/vrx_gz/models/coast_waves/materials/textures
[57.195s] -- Installing: /home/jain/Documents/GitHub/VRX_NUMarine/install/share/vrx_gz/models/coast_waves/materials/textures/skybox_lowres.dds
[57.196s] -- Installing: /home/jain/Documents/GitHub/VRX_NUMarine/install/share/vrx_gz/models/coast_waves/materials/textures/wave_normals.dds
[57.196s] -- Installing: /home/jain/Documents/GitHub/VRX_NUMarine/install/share/vrx_gz/models/coast_waves/model.config
[57.196s] -- Installing: /home/jain/Documents/GitHub/VRX_NUMarine/install/share/vrx_gz/models/coast_waves/meshes
[57.196s] -- Installing: /home/jain/Documents/GitHub/VRX_NUMarine/install/share/vrx_gz/models/coast_waves/meshes/waterlow.dae
[57.217s] -- Installing: /home/jain/Documents/GitHub/VRX_NUMarine/install/share/vrx_gz/models/coast_waves/model.sdf
[57.217s] -- Installing: /home/jain/Documents/GitHub/VRX_NUMarine/install/share/vrx_gz/models/foldable_table
[57.218s] -- Installing: /home/jain/Documents/GitHub/VRX_NUMarine/install/share/vrx_gz/models/foldable_table/thumbnails
[57.218s] -- Installing: /home/jain/Documents/GitHub/VRX_NUMarine/install/share/vrx_gz/models/foldable_table/thumbnails/1.png
[57.218s] -- Installing: /home/jain/Documents/GitHub/VRX_NUMarine/install/share/vrx_gz/models/foldable_table/thumbnails/2.png
[57.218s] -- Installing: /home/jain/Documents/GitHub/VRX_NUMarine/install/share/vrx_gz/models/foldable_table/thumbnails/3.png
[57.218s] -- Installing: /home/jain/Documents/GitHub/VRX_NUMarine/install/share/vrx_gz/models/foldable_table/thumbnails/4.png
[57.218s] -- Installing: /home/jain/Documents/GitHub/VRX_NUMarine/install/share/vrx_gz/models/foldable_table/thumbnails/5.png
[57.218s] -- Installing: /home/jain/Documents/GitHub/VRX_NUMarine/install/share/vrx_gz/models/foldable_table/mesh
[57.218s] -- Installing: /home/jain/Documents/GitHub/VRX_NUMarine/install/share/vrx_gz/models/foldable_table/mesh/foldable_table.dae
[57.218s] -- Installing: /home/jain/Documents/GitHub/VRX_NUMarine/install/share/vrx_gz/models/foldable_table/mesh/foldable_table.png
[57.219s] -- Installing: /home/jain/Documents/GitHub/VRX_NUMarine/install/share/vrx_gz/models/foldable_table/model.config
[57.219s] -- Installing: /home/jain/Documents/GitHub/VRX_NUMarine/install/share/vrx_gz/models/foldable_table/model.sdf
[57.219s] -- Installing: /home/jain/Documents/GitHub/VRX_NUMarine/install/share/vrx_gz/models/dock_2022
[57.220s] -- Installing: /home/jain/Documents/GitHub/VRX_NUMarine/install/share/vrx_gz/models/dock_2022/model.config
[57.220s] -- Installing: /home/jain/Documents/GitHub/VRX_NUMarine/install/share/vrx_gz/models/dock_2022/model.sdf
[57.220s] -- Installing: /home/jain/Documents/GitHub/VRX_NUMarine/install/share/vrx_gz/models/obstacle_course
[57.220s] -- Installing: /home/jain/Documents/GitHub/VRX_NUMarine/install/share/vrx_gz/models/obstacle_course/model.config
[57.220s] -- Installing: /home/jain/Documents/GitHub/VRX_NUMarine/install/share/vrx_gz/models/obstacle_course/model.sdf
[57.220s] -- Installing: /home/jain/Documents/GitHub/VRX_NUMarine/install/share/vrx_gz/models/post
[57.220s] -- Installing: /home/jain/Documents/GitHub/VRX_NUMarine/install/share/vrx_gz/models/post/materials
[57.221s] -- Installing: /home/jain/Documents/GitHub/VRX_NUMarine/install/share/vrx_gz/models/post/materials/textures
[57.221s] -- Installing: /home/jain/Documents/GitHub/VRX_NUMarine/install/share/vrx_gz/models/post/materials/textures/post.png
[57.228s] -- Installing: /home/jain/Documents/GitHub/VRX_NUMarine/install/share/vrx_gz/models/post/thumbnails
[57.228s] -- Installing: /home/jain/Documents/GitHub/VRX_NUMarine/install/share/vrx_gz/models/post/thumbnails/1.png
[57.228s] -- Installing: /home/jain/Documents/GitHub/VRX_NUMarine/install/share/vrx_gz/models/post/thumbnails/2.png
[57.228s] -- Installing: /home/jain/Documents/GitHub/VRX_NUMarine/install/share/vrx_gz/models/post/thumbnails/3.png
[57.229s] -- Installing: /home/jain/Documents/GitHub/VRX_NUMarine/install/share/vrx_gz/models/post/thumbnails/4.png
[57.229s] -- Installing: /home/jain/Documents/GitHub/VRX_NUMarine/install/share/vrx_gz/models/post/thumbnails/5.png
[57.229s] -- Installing: /home/jain/Documents/GitHub/VRX_NUMarine/install/share/vrx_gz/models/post/model.config
[57.230s] -- Installing: /home/jain/Documents/GitHub/VRX_NUMarine/install/share/vrx_gz/models/post/meshes
[57.230s] -- Installing: /home/jain/Documents/GitHub/VRX_NUMarine/install/share/vrx_gz/models/post/meshes/post.dae
[57.230s] -- Installing: /home/jain/Documents/GitHub/VRX_NUMarine/install/share/vrx_gz/models/post/model.sdf
[57.230s] -- Installing: /home/jain/Documents/GitHub/VRX_NUMarine/install/share/vrx_gz/models/dock_block_4x4
[57.230s] -- Installing: /home/jain/Documents/GitHub/VRX_NUMarine/install/share/vrx_gz/models/dock_block_4x4/mesh
[57.231s] -- Installing: /home/jain/Documents/GitHub/VRX_NUMarine/install/share/vrx_gz/models/dock_block_4x4/mesh/DockCubes_Roughness.png
[57.231s] -- Installing: /home/jain/Documents/GitHub/VRX_NUMarine/install/share/vrx_gz/models/dock_block_4x4/mesh/DockCubes_Normal.png
[57.266s] -- Installing: /home/jain/Documents/GitHub/VRX_NUMarine/install/share/vrx_gz/models/dock_block_4x4/mesh/dock_block_4x4.dae
[57.269s] -- Installing: /home/jain/Documents/GitHub/VRX_NUMarine/install/share/vrx_gz/models/dock_block_4x4/mesh/DockCubes_Metalness.png
[57.269s] -- Installing: /home/jain/Documents/GitHub/VRX_NUMarine/install/share/vrx_gz/models/dock_block_4x4/mesh/DockCubes_Albedo.png
[57.270s] -- Installing: /home/jain/Documents/GitHub/VRX_NUMarine/install/share/vrx_gz/models/dock_block_4x4/model.config
[57.270s] -- Installing: /home/jain/Documents/GitHub/VRX_NUMarine/install/share/vrx_gz/models/dock_block_4x4/model.sdf
[57.271s] -- Installing: /home/jain/Documents/GitHub/VRX_NUMarine/install/share/vrx_gz/worlds
[57.271s] -- Installing: /home/jain/Documents/GitHub/VRX_NUMarine/install/share/vrx_gz/worlds/wildlife_task.sdf
[57.271s] -- Installing: /home/jain/Documents/GitHub/VRX_NUMarine/install/share/vrx_gz/worlds/sydney_regatta.sdf
[57.271s] -- Installing: /home/jain/Documents/GitHub/VRX_NUMarine/install/share/vrx_gz/worlds/gymkhana_task.sdf
[57.271s] -- Installing: /home/jain/Documents/GitHub/VRX_NUMarine/install/share/vrx_gz/worlds/navigation_task.sdf
[57.272s] -- Installing: /home/jain/Documents/GitHub/VRX_NUMarine/install/share/vrx_gz/worlds/acoustic_tracking_task.sdf
[57.272s] -- Installing: /home/jain/Documents/GitHub/VRX_NUMarine/install/share/vrx_gz/worlds/2023_practice
[57.272s] -- Installing: /home/jain/Documents/GitHub/VRX_NUMarine/install/share/vrx_gz/worlds/2023_practice/practice_2023_scan_dock_deliver1_task.sdf
[57.272s] -- Installing: /home/jain/Documents/GitHub/VRX_NUMarine/install/share/vrx_gz/worlds/2023_practice/practice_2023_wayfinding1_task.sdf
[57.272s] -- Installing: /home/jain/Documents/GitHub/VRX_NUMarine/install/share/vrx_gz/worlds/2023_practice/practice_2023_follow_path2_task.sdf
[57.273s] -- Installing: /home/jain/Documents/GitHub/VRX_NUMarine/install/share/vrx_gz/worlds/2023_practice/practice_2023_acoustic_tracking0_task.sdf
[57.273s] -- Installing: /home/jain/Documents/GitHub/VRX_NUMarine/install/share/vrx_gz/worlds/2023_practice/practice_2023_stationkeeping1_task.sdf
[57.273s] -- Installing: /home/jain/Documents/GitHub/VRX_NUMarine/install/share/vrx_gz/worlds/2023_practice/practice_2023_wayfinding0_task.sdf
[57.273s] -- Installing: /home/jain/Documents/GitHub/VRX_NUMarine/install/share/vrx_gz/worlds/2023_practice/practice_2023_perception2_task.sdf
[57.273s] -- Installing: /home/jain/Documents/GitHub/VRX_NUMarine/install/share/vrx_gz/worlds/2023_practice/practice_2023_wildlife2_task.sdf
[57.274s] -- Installing: /home/jain/Documents/GitHub/VRX_NUMarine/install/share/vrx_gz/worlds/2023_practice/practice_2023_acoustic_perception2_task.sdf
[57.274s] -- Installing: /home/jain/Documents/GitHub/VRX_NUMarine/install/share/vrx_gz/worlds/2023_practice/practice_2023_acoustic_tracking1_task.sdf
[57.274s] -- Installing: /home/jain/Documents/GitHub/VRX_NUMarine/install/share/vrx_gz/worlds/2023_practice/practice_2023_perception1_task.sdf
[57.274s] -- Installing: /home/jain/Documents/GitHub/VRX_NUMarine/install/share/vrx_gz/worlds/2023_practice/practice_2023_stationkeeping0_task.sdf
[57.274s] -- Installing: /home/jain/Documents/GitHub/VRX_NUMarine/install/share/vrx_gz/worlds/2023_practice/practice_2023_scan_dock_deliver0_task.sdf
[57.275s] -- Installing: /home/jain/Documents/GitHub/VRX_NUMarine/install/share/vrx_gz/worlds/2023_practice/practice_2023_perception0_task.sdf
[57.275s] -- Installing: /home/jain/Documents/GitHub/VRX_NUMarine/install/share/vrx_gz/worlds/2023_practice/practice_2023_acoustic_tracking2_task.sdf
[57.275s] -- Installing: /home/jain/Documents/GitHub/VRX_NUMarine/install/share/vrx_gz/worlds/2023_practice/practice_2023_wayfinding2_task.sdf
[57.275s] -- Installing: /home/jain/Documents/GitHub/VRX_NUMarine/install/share/vrx_gz/worlds/2023_practice/practice_2023_scan_dock_deliver2_task.sdf
[57.275s] -- Installing: /home/jain/Documents/GitHub/VRX_NUMarine/install/share/vrx_gz/worlds/2023_practice/practice_2023_follow_path0_task.sdf
[57.276s] -- Installing: /home/jain/Documents/GitHub/VRX_NUMarine/install/share/vrx_gz/worlds/2023_practice/practice_2023_acoustic_perception1_task.sdf
[57.276s] -- Installing: /home/jain/Documents/GitHub/VRX_NUMarine/install/share/vrx_gz/worlds/2023_practice/practice_2023_acoustic_perception0_task.sdf
[57.276s] -- Installing: /home/jain/Documents/GitHub/VRX_NUMarine/install/share/vrx_gz/worlds/2023_practice/practice_2023_follow_path1_task.sdf
[57.277s] -- Installing: /home/jain/Documents/GitHub/VRX_NUMarine/install/share/vrx_gz/worlds/2023_practice/practice_2023_wildlife0_task.sdf
[57.277s] -- Installing: /home/jain/Documents/GitHub/VRX_NUMarine/install/share/vrx_gz/worlds/2023_practice/practice_2023_stationkeeping2_task.sdf
[57.277s] -- Installing: /home/jain/Documents/GitHub/VRX_NUMarine/install/share/vrx_gz/worlds/2023_practice/practice_2023_wildlife1_task.sdf
[57.277s] -- Installing: /home/jain/Documents/GitHub/VRX_NUMarine/install/share/vrx_gz/worlds/follow_path_task.sdf
[57.277s] -- Installing: /home/jain/Documents/GitHub/VRX_NUMarine/install/share/vrx_gz/worlds/scan_dock_deliver_task.sdf
[57.278s] -- Installing: /home/jain/Documents/GitHub/VRX_NUMarine/install/share/vrx_gz/worlds/perception_task.sdf
[57.278s] -- Installing: /home/jain/Documents/GitHub/VRX_NUMarine/install/share/vrx_gz/worlds/stationkeeping_task.sdf
[57.278s] -- Installing: /home/jain/Documents/GitHub/VRX_NUMarine/install/share/vrx_gz/worlds/nbpark.sdf
[57.278s] -- Installing: /home/jain/Documents/GitHub/VRX_NUMarine/install/share/vrx_gz/worlds/acoustic_perception_task.sdf
[57.279s] -- Installing: /home/jain/Documents/GitHub/VRX_NUMarine/install/share/vrx_gz/worlds/wayfinding_task.sdf
[57.279s] -- Installing: /home/jain/Documents/GitHub/VRX_NUMarine/install/share/ament_index/resource_index/package_run_dependencies/vrx_gz
[57.279s] -- Installing: /home/jain/Documents/GitHub/VRX_NUMarine/install/share/ament_index/resource_index/parent_prefix_path/vrx_gz
[57.279s] -- Installing: /home/jain/Documents/GitHub/VRX_NUMarine/install/share/vrx_gz/environment/ament_prefix_path.sh
[57.280s] -- Installing: /home/jain/Documents/GitHub/VRX_NUMarine/install/share/vrx_gz/environment/ament_prefix_path.dsv
[57.280s] -- Installing: /home/jain/Documents/GitHub/VRX_NUMarine/install/share/vrx_gz/environment/path.sh
[57.280s] -- Installing: /home/jain/Documents/GitHub/VRX_NUMarine/install/share/vrx_gz/environment/path.dsv
[57.280s] -- Installing: /home/jain/Documents/GitHub/VRX_NUMarine/install/share/vrx_gz/local_setup.bash
[57.281s] -- Installing: /home/jain/Documents/GitHub/VRX_NUMarine/install/share/vrx_gz/local_setup.sh
[57.281s] -- Installing: /home/jain/Documents/GitHub/VRX_NUMarine/install/share/vrx_gz/local_setup.zsh
[57.281s] -- Installing: /home/jain/Documents/GitHub/VRX_NUMarine/install/share/vrx_gz/local_setup.dsv
[57.281s] -- Installing: /home/jain/Documents/GitHub/VRX_NUMarine/install/share/vrx_gz/package.dsv
[57.282s] -- Installing: /home/jain/Documents/GitHub/VRX_NUMarine/install/share/ament_index/resource_index/packages/vrx_gz
[57.282s] -- Installing: /home/jain/Documents/GitHub/VRX_NUMarine/install/share/vrx_gz/cmake/vrx_gzConfig.cmake
[57.283s] -- Installing: /home/jain/Documents/GitHub/VRX_NUMarine/install/share/vrx_gz/cmake/vrx_gzConfig-version.cmake
[57.283s] -- Installing: /home/jain/Documents/GitHub/VRX_NUMarine/install/share/vrx_gz/package.xml
[57.287s] Invoked command in '/home/jain/Documents/GitHub/VRX_NUMarine/build/vrx_gz' returned '0': CMAKE_PREFIX_PATH=${CMAKE_PREFIX_PATH}:/opt/ros/humble /usr/bin/cmake --install /home/jain/Documents/GitHub/VRX_NUMarine/build/vrx_gz
