[0.029s] Invoking command in '/home/jain/Documents/GitHub/VRX_NUMarine/build/my_navigation_pkg': CMAKE_PREFIX_PATH=${CMAKE_PREFIX_PATH}:/opt/ros/humble /usr/bin/cmake --build /home/jain/Documents/GitHub/VRX_NUMarine/build/my_navigation_pkg -- -j8 -l8
[0.059s] -- Found ament_cmake: 1.3.9 (/opt/ros/humble/share/ament_cmake/cmake)
[0.253s] -- Found rclcpp: 16.0.9 (/opt/ros/humble/share/rclcpp/cmake)
[0.290s] -- Found rosidl_generator_c: 3.1.5 (/opt/ros/humble/share/rosidl_generator_c/cmake)
[0.294s] -- Found rosidl_adapter: 3.1.5 (/opt/ros/humble/share/rosidl_adapter/cmake)
[0.302s] -- Found rosidl_generator_cpp: 3.1.5 (/opt/ros/humble/share/rosidl_generator_cpp/cmake)
[0.320s] -- Using all available rosidl_typesupport_c: rosidl_typesupport_fastrtps_c;rosidl_typesupport_introspection_c
[0.348s] -- Using all available rosidl_typesupport_cpp: rosidl_typesupport_fastrtps_cpp;rosidl_typesupport_introspection_cpp
[0.489s] -- Found rmw_implementation_cmake: 6.1.2 (/opt/ros/humble/share/rmw_implementation_cmake/cmake)
[0.492s] -- Found rmw_fastrtps_cpp: 6.2.6 (/opt/ros/humble/share/rmw_fastrtps_cpp/cmake)
[0.691s] -- Using RMW implementation 'rmw_fastrtps_cpp' as default
[1.024s] -- Found sensor_msgs: 4.2.4 (/opt/ros/humble/share/sensor_msgs/cmake)
[1.210s] -- Found nav2_core: 1.1.15 (/opt/ros/humble/share/nav2_core/cmake)
[2.307s] -- Ensuring Eigen3 include directory is part of orocos-kdl CMake target
[4.235s] -- Found nav2_mppi_controller: 1.1.15 (/opt/ros/humble/share/nav2_mppi_controller/cmake)
[6.676s] -- Found ament_lint_auto: 0.12.11 (/opt/ros/humble/share/ament_lint_auto/cmake)
[6.755s] -- Added test 'cppcheck' to perform static code analysis on C / C++ code
[6.756s] -- Configured cppcheck include dirs: /home/jain/Documents/GitHub/VRX_NUMarine/src/vrx/ros_packages/my_navigation_pkg/include
[6.756s] -- Configured cppcheck exclude dirs and/or files: 
[6.756s] -- Added test 'flake8' to check Python code syntax and style conventions
[6.757s] -- Added test 'lint_cmake' to check CMake code style
[6.757s] -- Added test 'pep257' to check Python code against some of the docstring style conventions in PEP 257
[6.758s] -- Added test 'uncrustify' to check C / C++ code style
[6.758s] -- Configured uncrustify additional arguments: 
[6.758s] -- Added test 'xmllint' to check XML markup files
[6.759s] -- Configuring done
[6.776s] -- Generating done
[6.778s] -- Build files have been written to: /home/jain/Documents/GitHub/VRX_NUMarine/build/my_navigation_pkg
[6.811s] [35m[1mConsolidate compiler generated dependencies of target gps_to_ned_node[0m
[6.820s] [ 25%] [32mBuilding CXX object CMakeFiles/thruster_command_node.dir/src/thruster_command_node.cpp.o[0m
[6.830s] [ 50%] [32mBuilding CXX object CMakeFiles/gps_to_ned_node.dir/src/gps_to_ned_node.cpp.o[0m
[16.530s] [ 75%] [32m[1mLinking CXX executable thruster_command_node[0m
[16.976s] [ 75%] Built target thruster_command_node
[19.316s] [100%] [32m[1mLinking CXX executable gps_to_ned_node[0m
[19.985s] [100%] Built target gps_to_ned_node
[19.998s] Invoked command in '/home/jain/Documents/GitHub/VRX_NUMarine/build/my_navigation_pkg' returned '0': CMAKE_PREFIX_PATH=${CMAKE_PREFIX_PATH}:/opt/ros/humble /usr/bin/cmake --build /home/jain/Documents/GitHub/VRX_NUMarine/build/my_navigation_pkg -- -j8 -l8
[20.031s] Invoking command in '/home/jain/Documents/GitHub/VRX_NUMarine/build/my_navigation_pkg': CMAKE_PREFIX_PATH=${CMAKE_PREFIX_PATH}:/opt/ros/humble /usr/bin/cmake --install /home/jain/Documents/GitHub/VRX_NUMarine/build/my_navigation_pkg
[20.038s] -- Install configuration: ""
[20.039s] -- Installing: /home/jain/Documents/GitHub/VRX_NUMarine/install/lib/my_navigation_pkg/gps_to_ned_node
[20.045s] -- Set runtime path of "/home/jain/Documents/GitHub/VRX_NUMarine/install/lib/my_navigation_pkg/gps_to_ned_node" to ""
[20.045s] -- Installing: /home/jain/Documents/GitHub/VRX_NUMarine/install/lib/my_navigation_pkg/thruster_command_node
[20.050s] -- Set runtime path of "/home/jain/Documents/GitHub/VRX_NUMarine/install/lib/my_navigation_pkg/thruster_command_node" to ""
[20.050s] -- Up-to-date: /home/jain/Documents/GitHub/VRX_NUMarine/install/include/
[20.050s] -- Up-to-date: /home/jain/Documents/GitHub/VRX_NUMarine/install/include//my_navigation_pkg
[20.050s] -- Up-to-date: /home/jain/Documents/GitHub/VRX_NUMarine/install/share/my_navigation_pkg//launch
[20.050s] -- Installing: /home/jain/Documents/GitHub/VRX_NUMarine/install/share/my_navigation_pkg//launch/navigation_launch.py
[20.050s] -- Up-to-date: /home/jain/Documents/GitHub/VRX_NUMarine/install/share/my_navigation_pkg//launch/gps_to_ned_launch.py
[20.051s] -- Up-to-date: /home/jain/Documents/GitHub/VRX_NUMarine/install/share/ament_index/resource_index/package_run_dependencies/my_navigation_pkg
[20.051s] -- Up-to-date: /home/jain/Documents/GitHub/VRX_NUMarine/install/share/ament_index/resource_index/parent_prefix_path/my_navigation_pkg
[20.051s] -- Up-to-date: /home/jain/Documents/GitHub/VRX_NUMarine/install/share/my_navigation_pkg/environment/ament_prefix_path.sh
[20.051s] -- Installing: /home/jain/Documents/GitHub/VRX_NUMarine/install/share/my_navigation_pkg/environment/ament_prefix_path.dsv
[20.051s] -- Up-to-date: /home/jain/Documents/GitHub/VRX_NUMarine/install/share/my_navigation_pkg/environment/path.sh
[20.051s] -- Installing: /home/jain/Documents/GitHub/VRX_NUMarine/install/share/my_navigation_pkg/environment/path.dsv
[20.051s] -- Up-to-date: /home/jain/Documents/GitHub/VRX_NUMarine/install/share/my_navigation_pkg/local_setup.bash
[20.051s] -- Up-to-date: /home/jain/Documents/GitHub/VRX_NUMarine/install/share/my_navigation_pkg/local_setup.sh
[20.051s] -- Up-to-date: /home/jain/Documents/GitHub/VRX_NUMarine/install/share/my_navigation_pkg/local_setup.zsh
[20.052s] -- Installing: /home/jain/Documents/GitHub/VRX_NUMarine/install/share/my_navigation_pkg/local_setup.dsv
[20.052s] -- Installing: /home/jain/Documents/GitHub/VRX_NUMarine/install/share/my_navigation_pkg/package.dsv
[20.052s] -- Up-to-date: /home/jain/Documents/GitHub/VRX_NUMarine/install/share/ament_index/resource_index/packages/my_navigation_pkg
[20.052s] -- Up-to-date: /home/jain/Documents/GitHub/VRX_NUMarine/install/share/my_navigation_pkg/cmake/my_navigation_pkgConfig.cmake
[20.052s] -- Up-to-date: /home/jain/Documents/GitHub/VRX_NUMarine/install/share/my_navigation_pkg/cmake/my_navigation_pkgConfig-version.cmake
[20.052s] -- Up-to-date: /home/jain/Documents/GitHub/VRX_NUMarine/install/share/my_navigation_pkg/package.xml
[20.054s] Invoked command in '/home/jain/Documents/GitHub/VRX_NUMarine/build/my_navigation_pkg' returned '0': CMAKE_PREFIX_PATH=${CMAKE_PREFIX_PATH}:/opt/ros/humble /usr/bin/cmake --install /home/jain/Documents/GitHub/VRX_NUMarine/build/my_navigation_pkg
