[0.052s] Invoking command in '/home/jain/Documents/GitHub/VRX_NUMarine/build/vrx_gazebo': CMAKE_PREFIX_PATH=${CMAKE_PREFIX_PATH}:/opt/ros/humble /usr/bin/cmake --build /home/jain/Documents/GitHub/VRX_NUMarine/build/vrx_gazebo -- -j8 -l8
[0.225s] Built target ament_cmake_python_copy_vrx_gazebo
[0.941s] running egg_info
[0.942s] writing vrx_gazebo.egg-info/PKG-INFO
[0.942s] writing dependency_links to vrx_gazebo.egg-info/dependency_links.txt
[0.943s] writing top-level names to vrx_gazebo.egg-info/top_level.txt
[0.947s] reading manifest file 'vrx_gazebo.egg-info/SOURCES.txt'
[0.948s] writing manifest file 'vrx_gazebo.egg-info/SOURCES.txt'
[1.016s] Built target ament_cmake_python_build_vrx_gazebo_egg
[1.038s] Invoked command in '/home/jain/Documents/GitHub/VRX_NUMarine/build/vrx_gazebo' returned '0': CMAKE_PREFIX_PATH=${CMAKE_PREFIX_PATH}:/opt/ros/humble /usr/bin/cmake --build /home/jain/Documents/GitHub/VRX_NUMarine/build/vrx_gazebo -- -j8 -l8
[1.101s] Invoking command in '/home/jain/Documents/GitHub/VRX_NUMarine/build/vrx_gazebo': CMAKE_PREFIX_PATH=${CMAKE_PREFIX_PATH}:/opt/ros/humble /usr/bin/cmake --install /home/jain/Documents/GitHub/VRX_NUMarine/build/vrx_gazebo
[1.117s] -- Install configuration: ""
[1.118s] -- Up-to-date: /home/jain/Documents/GitHub/VRX_NUMarine/install/share/vrx_gazebo/environment/resource_paths.dsv
[1.118s] -- Up-to-date: /home/jain/Documents/GitHub/VRX_NUMarine/install/share/vrx_gazebo/environment/resource_paths.sh
[1.118s] -- Up-to-date: /home/jain/Documents/GitHub/VRX_NUMarine/install/share/vrx_gazebo/models
[1.119s] -- Up-to-date: /home/jain/Documents/GitHub/VRX_NUMarine/install/share/vrx_gazebo/models/ball_shooter
[1.119s] -- Up-to-date: /home/jain/Documents/GitHub/VRX_NUMarine/install/share/vrx_gazebo/models/ball_shooter/materials
[1.120s] -- Up-to-date: /home/jain/Documents/GitHub/VRX_NUMarine/install/share/vrx_gazebo/models/ball_shooter/materials/Textures
[1.120s] -- Up-to-date: /home/jain/Documents/GitHub/VRX_NUMarine/install/share/vrx_gazebo/models/ball_shooter/materials/Textures/Launcher_Albedo.png
[1.120s] -- Up-to-date: /home/jain/Documents/GitHub/VRX_NUMarine/install/share/vrx_gazebo/models/ball_shooter/materials/Textures/Launcher_Metalness.png
[1.121s] -- Up-to-date: /home/jain/Documents/GitHub/VRX_NUMarine/install/share/vrx_gazebo/models/ball_shooter/materials/Textures/Launcher_Roughness.png
[1.121s] -- Up-to-date: /home/jain/Documents/GitHub/VRX_NUMarine/install/share/vrx_gazebo/models/ball_shooter/materials/Textures/Launcher_Normal.png
[1.122s] -- Up-to-date: /home/jain/Documents/GitHub/VRX_NUMarine/install/share/vrx_gazebo/models/ball_shooter/model.config
[1.122s] -- Up-to-date: /home/jain/Documents/GitHub/VRX_NUMarine/install/share/vrx_gazebo/models/ball_shooter/meshes
[1.122s] -- Up-to-date: /home/jain/Documents/GitHub/VRX_NUMarine/install/share/vrx_gazebo/models/ball_shooter/meshes/ball_shooter_base.dae
[1.123s] -- Up-to-date: /home/jain/Documents/GitHub/VRX_NUMarine/install/share/vrx_gazebo/models/ball_shooter/meshes/Launcher_Albedo.png
[1.123s] -- Up-to-date: /home/jain/Documents/GitHub/VRX_NUMarine/install/share/vrx_gazebo/models/ball_shooter/meshes/Glass_BaseColor.png
[1.123s] -- Up-to-date: /home/jain/Documents/GitHub/VRX_NUMarine/install/share/vrx_gazebo/models/ball_shooter/meshes/Launcher_BaseColor.png
[1.124s] -- Up-to-date: /home/jain/Documents/GitHub/VRX_NUMarine/install/share/vrx_gazebo/models/ball_shooter/meshes/ball_shooter_launcher.dae
[1.124s] -- Up-to-date: /home/jain/Documents/GitHub/VRX_NUMarine/install/share/vrx_gazebo/models/ball_shooter/model.sdf
[1.124s] -- Up-to-date: /home/jain/Documents/GitHub/VRX_NUMarine/install/share/vrx_gazebo/models/3d_lidar
[1.125s] -- Up-to-date: /home/jain/Documents/GitHub/VRX_NUMarine/install/share/vrx_gazebo/models/3d_lidar/mesh
[1.125s] -- Up-to-date: /home/jain/Documents/GitHub/VRX_NUMarine/install/share/vrx_gazebo/models/3d_lidar/mesh/3d_Lidar_Albedo.png
[1.125s] -- Up-to-date: /home/jain/Documents/GitHub/VRX_NUMarine/install/share/vrx_gazebo/models/3d_lidar/mesh/3d_lidar.dae
[1.125s] -- Up-to-date: /home/jain/Documents/GitHub/VRX_NUMarine/install/share/vrx_gazebo/models/3d_lidar/mesh/3d_Lidar_Metalness.png
[1.125s] -- Up-to-date: /home/jain/Documents/GitHub/VRX_NUMarine/install/share/vrx_gazebo/models/3d_lidar/mesh/3d_Lidar_Normal.png
[1.125s] -- Up-to-date: /home/jain/Documents/GitHub/VRX_NUMarine/install/share/vrx_gazebo/models/3d_lidar/mesh/3d_lidar.png
[1.126s] -- Up-to-date: /home/jain/Documents/GitHub/VRX_NUMarine/install/share/vrx_gazebo/models/3d_lidar/mesh/3d_Lidar_Roughness.png
[1.126s] -- Up-to-date: /home/jain/Documents/GitHub/VRX_NUMarine/install/share/vrx_gazebo/models/3d_lidar/model.config
[1.126s] -- Up-to-date: /home/jain/Documents/GitHub/VRX_NUMarine/install/share/vrx_gazebo/models/3d_lidar/model.sdf
[1.126s] -- Up-to-date: /home/jain/Documents/GitHub/VRX_NUMarine/install/share/vrx_gazebo/models/sensor_post
[1.126s] -- Up-to-date: /home/jain/Documents/GitHub/VRX_NUMarine/install/share/vrx_gazebo/models/sensor_post/mesh
[1.126s] -- Up-to-date: /home/jain/Documents/GitHub/VRX_NUMarine/install/share/vrx_gazebo/models/sensor_post/mesh/sensor_post_arm.dae
[1.127s] -- Up-to-date: /home/jain/Documents/GitHub/VRX_NUMarine/install/share/vrx_gazebo/models/sensor_post/mesh/sensor_post.png
[1.127s] -- Up-to-date: /home/jain/Documents/GitHub/VRX_NUMarine/install/share/vrx_gazebo/models/sensor_post/mesh/sensor_post.dae
[1.127s] -- Up-to-date: /home/jain/Documents/GitHub/VRX_NUMarine/install/share/vrx_gazebo/models/sensor_post/model.config
[1.127s] -- Up-to-date: /home/jain/Documents/GitHub/VRX_NUMarine/install/share/vrx_gazebo/models/sensor_post/model.sdf
[1.127s] -- Up-to-date: /home/jain/Documents/GitHub/VRX_NUMarine/install/share/vrx_gazebo/models/blue_projectile
[1.127s] -- Up-to-date: /home/jain/Documents/GitHub/VRX_NUMarine/install/share/vrx_gazebo/models/blue_projectile/model.config
[1.128s] -- Up-to-date: /home/jain/Documents/GitHub/VRX_NUMarine/install/share/vrx_gazebo/models/blue_projectile/model.sdf
[1.128s] -- Up-to-date: /home/jain/Documents/GitHub/VRX_NUMarine/install/share/vrx_gazebo/models/cpu_cases
[1.128s] -- Up-to-date: /home/jain/Documents/GitHub/VRX_NUMarine/install/share/vrx_gazebo/models/cpu_cases/mesh
[1.128s] -- Up-to-date: /home/jain/Documents/GitHub/VRX_NUMarine/install/share/vrx_gazebo/models/cpu_cases/mesh/cpu_cases_Albedo.png
[1.128s] -- Up-to-date: /home/jain/Documents/GitHub/VRX_NUMarine/install/share/vrx_gazebo/models/cpu_cases/mesh/cpu_cases.dae
[1.128s] -- Up-to-date: /home/jain/Documents/GitHub/VRX_NUMarine/install/share/vrx_gazebo/models/cpu_cases/mesh/cpu_cases_Metalness.png
[1.128s] -- Up-to-date: /home/jain/Documents/GitHub/VRX_NUMarine/install/share/vrx_gazebo/models/cpu_cases/mesh/cpu_cases.png
[1.128s] -- Up-to-date: /home/jain/Documents/GitHub/VRX_NUMarine/install/share/vrx_gazebo/models/cpu_cases/mesh/cpu_cases_Roughness.png
[1.128s] -- Up-to-date: /home/jain/Documents/GitHub/VRX_NUMarine/install/share/vrx_gazebo/models/cpu_cases/mesh/cpu_cases_Normal.png
[1.128s] -- Up-to-date: /home/jain/Documents/GitHub/VRX_NUMarine/install/share/vrx_gazebo/models/cpu_cases/model.config
[1.129s] -- Up-to-date: /home/jain/Documents/GitHub/VRX_NUMarine/install/share/vrx_gazebo/models/cpu_cases/model.sdf
[1.129s] -- Up-to-date: /home/jain/Documents/GitHub/VRX_NUMarine/install/share/vrx_gazebo/models/mono_camera
[1.129s] -- Up-to-date: /home/jain/Documents/GitHub/VRX_NUMarine/install/share/vrx_gazebo/models/mono_camera/mesh
[1.129s] -- Up-to-date: /home/jain/Documents/GitHub/VRX_NUMarine/install/share/vrx_gazebo/models/mono_camera/mesh/mono_camera.png
[1.129s] -- Up-to-date: /home/jain/Documents/GitHub/VRX_NUMarine/install/share/vrx_gazebo/models/mono_camera/mesh/mono_camera.dae
[1.129s] -- Up-to-date: /home/jain/Documents/GitHub/VRX_NUMarine/install/share/vrx_gazebo/models/mono_camera/mesh/mono_camera_Roughness.png
[1.129s] -- Up-to-date: /home/jain/Documents/GitHub/VRX_NUMarine/install/share/vrx_gazebo/models/mono_camera/mesh/mono_camera_Normal.png
[1.129s] -- Up-to-date: /home/jain/Documents/GitHub/VRX_NUMarine/install/share/vrx_gazebo/models/mono_camera/mesh/mono_camera_Albedo.png
[1.129s] -- Up-to-date: /home/jain/Documents/GitHub/VRX_NUMarine/install/share/vrx_gazebo/models/mono_camera/mesh/mono_camera_Metalness.png
[1.130s] -- Up-to-date: /home/jain/Documents/GitHub/VRX_NUMarine/install/share/vrx_gazebo/models/mono_camera/model.config
[1.130s] -- Up-to-date: /home/jain/Documents/GitHub/VRX_NUMarine/install/share/vrx_gazebo/models/mono_camera/model.sdf
[1.130s] -- Up-to-date: /home/jain/Documents/GitHub/VRX_NUMarine/install/share/vrx_gazebo/models/battery
[1.130s] -- Up-to-date: /home/jain/Documents/GitHub/VRX_NUMarine/install/share/vrx_gazebo/models/battery/mesh
[1.130s] -- Up-to-date: /home/jain/Documents/GitHub/VRX_NUMarine/install/share/vrx_gazebo/models/battery/mesh/battery.dae
[1.130s] -- Up-to-date: /home/jain/Documents/GitHub/VRX_NUMarine/install/share/vrx_gazebo/models/battery/mesh/battery_Roughness.png
[1.130s] -- Up-to-date: /home/jain/Documents/GitHub/VRX_NUMarine/install/share/vrx_gazebo/models/battery/mesh/battery_Normal.png
[1.130s] -- Up-to-date: /home/jain/Documents/GitHub/VRX_NUMarine/install/share/vrx_gazebo/models/battery/mesh/battery_Metalness.png
[1.130s] -- Up-to-date: /home/jain/Documents/GitHub/VRX_NUMarine/install/share/vrx_gazebo/models/battery/mesh/battery_Albedo.png
[1.130s] -- Up-to-date: /home/jain/Documents/GitHub/VRX_NUMarine/install/share/vrx_gazebo/models/battery/mesh/battery.png
[1.131s] -- Up-to-date: /home/jain/Documents/GitHub/VRX_NUMarine/install/share/vrx_gazebo/models/battery/model.config
[1.131s] -- Up-to-date: /home/jain/Documents/GitHub/VRX_NUMarine/install/share/vrx_gazebo/models/battery/model.sdf
[1.131s] -- Up-to-date: /home/jain/Documents/GitHub/VRX_NUMarine/install/share/vrx_gazebo/launch
[1.131s] -- Up-to-date: /home/jain/Documents/GitHub/VRX_NUMarine/install/share/vrx_gazebo/launch/generate_wamv.launch.py
[1.131s] -- Up-to-date: /home/jain/Documents/GitHub/VRX_NUMarine/install/share/vrx_gazebo/launch/rviz.launch.py
[1.131s] -- Up-to-date: /home/jain/Documents/GitHub/VRX_NUMarine/install/share/vrx_gazebo/config
[1.131s] -- Up-to-date: /home/jain/Documents/GitHub/VRX_NUMarine/install/share/vrx_gazebo/config/rviz_vrx_rsp.rviz
[1.131s] -- Up-to-date: /home/jain/Documents/GitHub/VRX_NUMarine/install/share/vrx_gazebo/config/wamv_config
[1.131s] -- Up-to-date: /home/jain/Documents/GitHub/VRX_NUMarine/install/share/vrx_gazebo/config/wamv_config/example_thruster_config.yaml
[1.131s] -- Up-to-date: /home/jain/Documents/GitHub/VRX_NUMarine/install/share/vrx_gazebo/config/wamv_config/example_component_config.yaml
[1.131s] -- Up-to-date: /home/jain/Documents/GitHub/VRX_NUMarine/install/share/vrx_gazebo/config/wamv_config/thruster_compliance
[1.131s] -- Up-to-date: /home/jain/Documents/GitHub/VRX_NUMarine/install/share/vrx_gazebo/config/wamv_config/thruster_compliance/bounding_boxes.yaml
[1.132s] -- Up-to-date: /home/jain/Documents/GitHub/VRX_NUMarine/install/share/vrx_gazebo/config/wamv_config/thruster_compliance/numeric.yaml
[1.132s] -- Up-to-date: /home/jain/Documents/GitHub/VRX_NUMarine/install/share/vrx_gazebo/config/wamv_config/component_compliance
[1.132s] -- Up-to-date: /home/jain/Documents/GitHub/VRX_NUMarine/install/share/vrx_gazebo/config/wamv_config/component_compliance/bounding_boxes.yaml
[1.132s] -- Up-to-date: /home/jain/Documents/GitHub/VRX_NUMarine/install/share/vrx_gazebo/config/wamv_config/component_compliance/numeric.yaml
[1.132s] -- Up-to-date: /home/jain/Documents/GitHub/VRX_NUMarine/install/share/vrx_gazebo/config/rviz_vrx_final.rviz
[1.132s] -- Up-to-date: /home/jain/Documents/GitHub/VRX_NUMarine/install/lib/vrx_gazebo/generate_wamv.py
[1.132s] -- Up-to-date: /home/jain/Documents/GitHub/VRX_NUMarine/install/share/vrx_gazebo/environment/pythonpath.sh
[1.132s] -- Up-to-date: /home/jain/Documents/GitHub/VRX_NUMarine/install/share/vrx_gazebo/environment/pythonpath.dsv
[1.132s] -- Up-to-date: /home/jain/Documents/GitHub/VRX_NUMarine/install/local/lib/python3.10/dist-packages/vrx_gazebo-1.3.0-py3.10.egg-info
[1.132s] -- Installing: /home/jain/Documents/GitHub/VRX_NUMarine/install/local/lib/python3.10/dist-packages/vrx_gazebo-1.3.0-py3.10.egg-info/SOURCES.txt
[1.132s] -- Installing: /home/jain/Documents/GitHub/VRX_NUMarine/install/local/lib/python3.10/dist-packages/vrx_gazebo-1.3.0-py3.10.egg-info/dependency_links.txt
[1.132s] -- Installing: /home/jain/Documents/GitHub/VRX_NUMarine/install/local/lib/python3.10/dist-packages/vrx_gazebo-1.3.0-py3.10.egg-info/PKG-INFO
[1.133s] -- Installing: /home/jain/Documents/GitHub/VRX_NUMarine/install/local/lib/python3.10/dist-packages/vrx_gazebo-1.3.0-py3.10.egg-info/top_level.txt
[1.133s] -- Up-to-date: /home/jain/Documents/GitHub/VRX_NUMarine/install/local/lib/python3.10/dist-packages/vrx_gazebo
[1.133s] -- Up-to-date: /home/jain/Documents/GitHub/VRX_NUMarine/install/local/lib/python3.10/dist-packages/vrx_gazebo/__init__.py
[1.133s] -- Up-to-date: /home/jain/Documents/GitHub/VRX_NUMarine/install/local/lib/python3.10/dist-packages/vrx_gazebo/compliance.py
[1.133s] -- Up-to-date: /home/jain/Documents/GitHub/VRX_NUMarine/install/local/lib/python3.10/dist-packages/vrx_gazebo/configure_wamv.py
[1.133s] -- Up-to-date: /home/jain/Documents/GitHub/VRX_NUMarine/install/local/lib/python3.10/dist-packages/vrx_gazebo/utils.py
[1.187s] Listing '/home/jain/Documents/GitHub/VRX_NUMarine/install/local/lib/python3.10/dist-packages/vrx_gazebo'...
[1.197s] -- Up-to-date: /home/jain/Documents/GitHub/VRX_NUMarine/install/share/ament_index/resource_index/package_run_dependencies/vrx_gazebo
[1.198s] -- Up-to-date: /home/jain/Documents/GitHub/VRX_NUMarine/install/share/ament_index/resource_index/parent_prefix_path/vrx_gazebo
[1.198s] -- Up-to-date: /home/jain/Documents/GitHub/VRX_NUMarine/install/share/vrx_gazebo/environment/ament_prefix_path.sh
[1.198s] -- Up-to-date: /home/jain/Documents/GitHub/VRX_NUMarine/install/share/vrx_gazebo/environment/ament_prefix_path.dsv
[1.198s] -- Up-to-date: /home/jain/Documents/GitHub/VRX_NUMarine/install/share/vrx_gazebo/environment/path.sh
[1.199s] -- Up-to-date: /home/jain/Documents/GitHub/VRX_NUMarine/install/share/vrx_gazebo/environment/path.dsv
[1.200s] -- Up-to-date: /home/jain/Documents/GitHub/VRX_NUMarine/install/share/vrx_gazebo/local_setup.bash
[1.200s] -- Up-to-date: /home/jain/Documents/GitHub/VRX_NUMarine/install/share/vrx_gazebo/local_setup.sh
[1.200s] -- Up-to-date: /home/jain/Documents/GitHub/VRX_NUMarine/install/share/vrx_gazebo/local_setup.zsh
[1.200s] -- Up-to-date: /home/jain/Documents/GitHub/VRX_NUMarine/install/share/vrx_gazebo/local_setup.dsv
[1.200s] -- Installing: /home/jain/Documents/GitHub/VRX_NUMarine/install/share/vrx_gazebo/package.dsv
[1.200s] -- Up-to-date: /home/jain/Documents/GitHub/VRX_NUMarine/install/share/ament_index/resource_index/packages/vrx_gazebo
[1.201s] -- Up-to-date: /home/jain/Documents/GitHub/VRX_NUMarine/install/share/vrx_gazebo/cmake/vrx_gazeboConfig.cmake
[1.201s] -- Up-to-date: /home/jain/Documents/GitHub/VRX_NUMarine/install/share/vrx_gazebo/cmake/vrx_gazeboConfig-version.cmake
[1.201s] -- Up-to-date: /home/jain/Documents/GitHub/VRX_NUMarine/install/share/vrx_gazebo/package.xml
[1.205s] Invoked command in '/home/jain/Documents/GitHub/VRX_NUMarine/build/vrx_gazebo' returned '0': CMAKE_PREFIX_PATH=${CMAKE_PREFIX_PATH}:/opt/ros/humble /usr/bin/cmake --install /home/jain/Documents/GitHub/VRX_NUMarine/build/vrx_gazebo
