[0.010s] Invoking command in '/home/jain/Documents/GitHub/VRX_NUMarine/build/wamv_description': AMENT_PREFIX_PATH=/home/jain/Documents/GitHub/VRX_NUMarine/install:${AMENT_PREFIX_PATH} CMAKE_PREFIX_PATH=/home/jain/Documents/GitHub/VRX_NUMarine/install:/opt/ros/humble GZ_SIM_RESOURCE_PATH=/home/jain/Documents/GitHub/VRX_NUMarine/install/share/vrx_gazebo/models:/home/jain/Documents/GitHub/VRX_NUMarine/install/share LD_LIBRARY_PATH=/home/jain/Documents/GitHub/VRX_NUMarine/install/lib:${LD_LIBRARY_PATH} PYTHONPATH=/home/jain/Documents/GitHub/VRX_NUMarine/install/local/lib/python3.10/dist-packages:${PYTHONPATH} /usr/bin/cmake --build /home/jain/Documents/GitHub/VRX_NUMarine/build/wamv_description -- -j8 -l8
[0.064s] [100%] [34m[1mxacro: generating urdf/wamv_base.urdf from urdf/wamv_base.urdf.xacro[0m
[0.195s] [100%] Built target wamv_description__xacro_auto_generate
[0.208s] Invoked command in '/home/jain/Documents/GitHub/VRX_NUMarine/build/wamv_description' returned '0': AMENT_PREFIX_PATH=/home/jain/Documents/GitHub/VRX_NUMarine/install:${AMENT_PREFIX_PATH} CMAKE_PREFIX_PATH=/home/jain/Documents/GitHub/VRX_NUMarine/install:/opt/ros/humble GZ_SIM_RESOURCE_PATH=/home/jain/Documents/GitHub/VRX_NUMarine/install/share/vrx_gazebo/models:/home/jain/Documents/GitHub/VRX_NUMarine/install/share LD_LIBRARY_PATH=/home/jain/Documents/GitHub/VRX_NUMarine/install/lib:${LD_LIBRARY_PATH} PYTHONPATH=/home/jain/Documents/GitHub/VRX_NUMarine/install/local/lib/python3.10/dist-packages:${PYTHONPATH} /usr/bin/cmake --build /home/jain/Documents/GitHub/VRX_NUMarine/build/wamv_description -- -j8 -l8
[0.232s] Invoking command in '/home/jain/Documents/GitHub/VRX_NUMarine/build/wamv_description': AMENT_PREFIX_PATH=/home/jain/Documents/GitHub/VRX_NUMarine/install:${AMENT_PREFIX_PATH} CMAKE_PREFIX_PATH=/home/jain/Documents/GitHub/VRX_NUMarine/install:/opt/ros/humble GZ_SIM_RESOURCE_PATH=/home/jain/Documents/GitHub/VRX_NUMarine/install/share/vrx_gazebo/models:/home/jain/Documents/GitHub/VRX_NUMarine/install/share LD_LIBRARY_PATH=/home/jain/Documents/GitHub/VRX_NUMarine/install/lib:${LD_LIBRARY_PATH} PYTHONPATH=/home/jain/Documents/GitHub/VRX_NUMarine/install/local/lib/python3.10/dist-packages:${PYTHONPATH} /usr/bin/cmake --install /home/jain/Documents/GitHub/VRX_NUMarine/build/wamv_description
[0.241s] -- Install configuration: ""
[0.241s] -- Up-to-date: /home/jain/Documents/GitHub/VRX_NUMarine/install/share/wamv_description/environment/resource_paths.dsv
[0.241s] -- Up-to-date: /home/jain/Documents/GitHub/VRX_NUMarine/install/share/wamv_description/environment/resource_paths.sh
[0.242s] -- Installing: /home/jain/Documents/GitHub/VRX_NUMarine/install/share/wamv_description/urdf/wamv_base.urdf
[0.242s] -- Up-to-date: /home/jain/Documents/GitHub/VRX_NUMarine/install/share/wamv_description/models
[0.242s] -- Up-to-date: /home/jain/Documents/GitHub/VRX_NUMarine/install/share/wamv_description/models/propeller
[0.242s] -- Up-to-date: /home/jain/Documents/GitHub/VRX_NUMarine/install/share/wamv_description/models/propeller/mesh
[0.243s] -- Up-to-date: /home/jain/Documents/GitHub/VRX_NUMarine/install/share/wamv_description/models/propeller/mesh/propeller.dae
[0.243s] -- Up-to-date: /home/jain/Documents/GitHub/VRX_NUMarine/install/share/wamv_description/models/propeller/model.config
[0.243s] -- Up-to-date: /home/jain/Documents/GitHub/VRX_NUMarine/install/share/wamv_description/models/WAM-V-Base
[0.243s] -- Up-to-date: /home/jain/Documents/GitHub/VRX_NUMarine/install/share/wamv_description/models/WAM-V-Base/mesh
[0.243s] -- Up-to-date: /home/jain/Documents/GitHub/VRX_NUMarine/install/share/wamv_description/models/WAM-V-Base/mesh/WAM-V_Roughness.png
[0.243s] -- Up-to-date: /home/jain/Documents/GitHub/VRX_NUMarine/install/share/wamv_description/models/WAM-V-Base/mesh/WAM-V-Base.dae
[0.243s] -- Up-to-date: /home/jain/Documents/GitHub/VRX_NUMarine/install/share/wamv_description/models/WAM-V-Base/mesh/WAM-V_Albedo.png
[0.244s] -- Up-to-date: /home/jain/Documents/GitHub/VRX_NUMarine/install/share/wamv_description/models/WAM-V-Base/mesh/WamV.png
[0.244s] -- Up-to-date: /home/jain/Documents/GitHub/VRX_NUMarine/install/share/wamv_description/models/WAM-V-Base/mesh/WAM-V_Normal.png
[0.244s] -- Up-to-date: /home/jain/Documents/GitHub/VRX_NUMarine/install/share/wamv_description/models/WAM-V-Base/mesh/WAM-V_Metalness.png
[0.244s] -- Up-to-date: /home/jain/Documents/GitHub/VRX_NUMarine/install/share/wamv_description/models/WAM-V-Base/model.config
[0.244s] -- Up-to-date: /home/jain/Documents/GitHub/VRX_NUMarine/install/share/wamv_description/models/engine
[0.244s] -- Up-to-date: /home/jain/Documents/GitHub/VRX_NUMarine/install/share/wamv_description/models/engine/mesh
[0.244s] -- Up-to-date: /home/jain/Documents/GitHub/VRX_NUMarine/install/share/wamv_description/models/engine/mesh/engine.dae
[0.245s] -- Up-to-date: /home/jain/Documents/GitHub/VRX_NUMarine/install/share/wamv_description/models/engine/model.config
[0.245s] -- Up-to-date: /home/jain/Documents/GitHub/VRX_NUMarine/install/share/wamv_description/urdf
[0.246s] -- Installing: /home/jain/Documents/GitHub/VRX_NUMarine/install/share/wamv_description/urdf/wamv_base.urdf.xacro
[0.246s] -- Up-to-date: /home/jain/Documents/GitHub/VRX_NUMarine/install/share/wamv_description/urdf/cpu_cases.xacro
[0.246s] -- Up-to-date: /home/jain/Documents/GitHub/VRX_NUMarine/install/share/wamv_description/urdf/thrusters
[0.246s] -- Up-to-date: /home/jain/Documents/GitHub/VRX_NUMarine/install/share/wamv_description/urdf/thrusters/engine.xacro
[0.247s] -- Up-to-date: /home/jain/Documents/GitHub/VRX_NUMarine/install/share/wamv_description/urdf/battery.xacro
[0.247s] -- Up-to-date: /home/jain/Documents/GitHub/VRX_NUMarine/install/share/ament_index/resource_index/package_run_dependencies/wamv_description
[0.247s] -- Up-to-date: /home/jain/Documents/GitHub/VRX_NUMarine/install/share/ament_index/resource_index/parent_prefix_path/wamv_description
[0.247s] -- Up-to-date: /home/jain/Documents/GitHub/VRX_NUMarine/install/share/wamv_description/environment/ament_prefix_path.sh
[0.248s] -- Up-to-date: /home/jain/Documents/GitHub/VRX_NUMarine/install/share/wamv_description/environment/ament_prefix_path.dsv
[0.248s] -- Up-to-date: /home/jain/Documents/GitHub/VRX_NUMarine/install/share/wamv_description/environment/path.sh
[0.248s] -- Up-to-date: /home/jain/Documents/GitHub/VRX_NUMarine/install/share/wamv_description/environment/path.dsv
[0.248s] -- Up-to-date: /home/jain/Documents/GitHub/VRX_NUMarine/install/share/wamv_description/local_setup.bash
[0.248s] -- Up-to-date: /home/jain/Documents/GitHub/VRX_NUMarine/install/share/wamv_description/local_setup.sh
[0.249s] -- Up-to-date: /home/jain/Documents/GitHub/VRX_NUMarine/install/share/wamv_description/local_setup.zsh
[0.249s] -- Up-to-date: /home/jain/Documents/GitHub/VRX_NUMarine/install/share/wamv_description/local_setup.dsv
[0.249s] -- Installing: /home/jain/Documents/GitHub/VRX_NUMarine/install/share/wamv_description/package.dsv
[0.249s] -- Up-to-date: /home/jain/Documents/GitHub/VRX_NUMarine/install/share/ament_index/resource_index/packages/wamv_description
[0.249s] -- Up-to-date: /home/jain/Documents/GitHub/VRX_NUMarine/install/share/wamv_description/cmake/wamv_descriptionConfig.cmake
[0.250s] -- Up-to-date: /home/jain/Documents/GitHub/VRX_NUMarine/install/share/wamv_description/cmake/wamv_descriptionConfig-version.cmake
[0.250s] -- Up-to-date: /home/jain/Documents/GitHub/VRX_NUMarine/install/share/wamv_description/package.xml
[0.250s] Invoked command in '/home/jain/Documents/GitHub/VRX_NUMarine/build/wamv_description' returned '0': AMENT_PREFIX_PATH=/home/jain/Documents/GitHub/VRX_NUMarine/install:${AMENT_PREFIX_PATH} CMAKE_PREFIX_PATH=/home/jain/Documents/GitHub/VRX_NUMarine/install:/opt/ros/humble GZ_SIM_RESOURCE_PATH=/home/jain/Documents/GitHub/VRX_NUMarine/install/share/vrx_gazebo/models:/home/jain/Documents/GitHub/VRX_NUMarine/install/share LD_LIBRARY_PATH=/home/jain/Documents/GitHub/VRX_NUMarine/install/lib:${LD_LIBRARY_PATH} PYTHONPATH=/home/jain/Documents/GitHub/VRX_NUMarine/install/local/lib/python3.10/dist-packages:${PYTHONPATH} /usr/bin/cmake --install /home/jain/Documents/GitHub/VRX_NUMarine/build/wamv_description
