[0.009s] Invoking command in '/home/jain/Documents/GitHub/VRX_NUMarine/build/vrx_gz': CMAKE_PREFIX_PATH=${CMAKE_PREFIX_PATH}:/opt/ros/humble /usr/bin/cmake /home/jain/Documents/GitHub/VRX_NUMarine/src/vrx/ros_packages/vrx_gz -DCMAKE_INSTALL_PREFIX=/home/jain/Documents/GitHub/VRX_NUMarine/install
[0.073s] -- The C compiler identification is GNU 11.4.0
[0.140s] -- The CXX compiler identification is GNU 11.4.0
[0.152s] -- Detecting C compiler ABI info
[0.227s] -- Detecting C compiler ABI info - done
[0.236s] -- Check for working C compiler: /usr/bin/cc - skipped
[0.237s] -- Detecting C compile features
[0.237s] -- Detecting C compile features - done
[0.241s] -- Detecting CXX compiler ABI info
[0.322s] -- Detecting CXX compiler ABI info - done
[0.332s] -- Check for working CXX compiler: /usr/bin/c++ - skipped
[0.332s] -- Detecting CXX compile features
[0.333s] -- Detecting CXX compile features - done
[0.336s] -- Found ament_cmake: 1.3.9 (/opt/ros/humble/share/ament_cmake/cmake)
[0.502s] -- Found Python3: /usr/bin/python3 (found version "3.10.12") found components: Interpreter 
[0.603s] -- Looking for gz-sim7 -- found version 7.7.0
[0.611s] -- Searching for dependencies of gz-sim7
[0.614s] -- Looking for sdformat13 -- found version 13.8.0
[0.614s] -- Searching for dependencies of sdformat13
[0.620s] -- Checking for module 'tinyxml2'
[0.633s] --   Found tinyxml2, version 9.0.0
[0.667s] -- Looking for gz-math7 -- found version 7.5.0
[0.667s] -- Searching for dependencies of gz-math7
[0.670s] -- Looking for gz-utils2 -- found version 2.2.0
[0.670s] -- Searching for dependencies of gz-utils2
[0.672s] -- Looking for gz-utils2 -- found version 2.2.0
[0.672s] -- Searching for dependencies of gz-utils2
[0.672s] -- Searching for <gz-utils2> component [cli]
[0.675s] -- Looking for gz-utils2-cli -- found version 2.2.0
[0.676s] -- Searching for dependencies of gz-utils2-cli
[0.679s] -- Looking for gz-plugin2 -- found version 2.0.3
[0.680s] -- Searching for dependencies of gz-plugin2
[0.680s] -- Looking for gz-utils2 -- found version 2.2.0
[0.681s] -- Searching for <gz-plugin2> component [loader]
[0.683s] -- Looking for gz-plugin2-loader -- found version 2.0.3
[0.684s] -- Searching for dependencies of gz-plugin2-loader
[0.684s] -- Searching for <gz-plugin2> component [register]
[0.687s] -- Looking for gz-plugin2-register -- found version 2.0.3
[0.688s] -- Searching for dependencies of gz-plugin2-register
[0.691s] -- Looking for gz-transport12 -- found version 12.2.1
[0.691s] -- Searching for dependencies of gz-transport12
[0.897s] -- Found Protobuf: /usr/lib/x86_64-linux-gnu/libprotobuf.so (found version "3.12.4") 
[0.915s] -- Config-file not installed for ZeroMQ -- checking for pkg-config
[0.921s] -- Checking for module 'libzmq >= 4'
[0.933s] --   Found libzmq , version 4.3.4
[0.967s] -- Found ZeroMQ: TRUE (Required is at least version "4") 
[0.974s] -- Checking for module 'uuid'
[0.986s] --   Found uuid, version 2.37.2
[1.023s] -- Found UUID: TRUE  
[1.023s] -- Looking for gz-utils2 -- found version 2.2.0
[1.027s] -- Looking for gz-msgs9 -- found version 9.5.0
[1.027s] -- Searching for dependencies of gz-msgs9
[1.055s] -- Looking for gz-math7 -- found version 7.5.0
[1.062s] -- Searching for <gz-transport12> component [log]
[1.065s] -- Looking for gz-transport12-log -- found version 12.2.1
[1.066s] -- Searching for dependencies of gz-transport12-log
[1.066s] -- Searching for <gz-transport12> component [parameters]
[1.069s] -- Looking for gz-transport12-parameters -- found version 12.2.1
[1.069s] -- Searching for dependencies of gz-transport12-parameters
[1.070s] -- Looking for gz-msgs9 -- found version 9.5.0
[1.073s] -- Looking for gz-common5 -- found version 5.6.0
[1.073s] -- Searching for dependencies of gz-common5
[1.074s] -- Looking for gz-utils2 -- found version 2.2.0
[1.074s] -- Looking for dlfcn.h - found
[1.075s] -- Looking for libdl - found
[1.077s] -- Found DL: TRUE  
[1.085s] -- Searching for <gz-common5> component [profiler]
[1.087s] -- Looking for gz-common5-profiler -- found version 5.6.0
[1.088s] -- Searching for dependencies of gz-common5-profiler
[1.088s] -- Searching for <gz-common5> component [events]
[1.091s] -- Looking for gz-common5-events -- found version 5.6.0
[1.091s] -- Searching for dependencies of gz-common5-events
[1.092s] -- Looking for gz-math7 -- found version 7.5.0
[1.092s] -- Searching for <gz-common5> component [av]
[1.094s] -- Looking for gz-common5-av -- found version 5.6.0
[1.095s] -- Searching for dependencies of gz-common5-av
[1.101s] -- Checking for module 'libswscale'
[1.113s] --   Found libswscale, version 5.9.100
[1.145s] -- Found SWSCALE: TRUE  
[1.151s] -- Checking for module 'libavdevice >= 56.4.100'
[1.164s] --   Found libavdevice , version 58.13.100
[1.200s] -- Found AVDEVICE: TRUE (Required is at least version "56.4.100") 
[1.206s] -- Checking for module 'libavformat'
[1.219s] --   Found libavformat, version 58.76.100
[1.255s] -- Found AVFORMAT: TRUE  
[1.261s] -- Checking for module 'libavcodec'
[1.274s] --   Found libavcodec, version 58.134.100
[1.312s] -- Found AVCODEC: TRUE  
[1.320s] -- Checking for module 'libavutil'
[1.335s] --   Found libavutil, version 56.70.100
[1.371s] -- Found AVUTIL: TRUE  
[1.371s] -- Searching for <gz-common5> component [io]
[1.375s] -- Looking for gz-common5-io -- found version 5.6.0
[1.376s] -- Searching for dependencies of gz-common5-io
[1.381s] -- Looking for gz-fuel_tools8 -- found version 8.1.0
[1.382s] -- Searching for dependencies of gz-fuel_tools8
[1.479s] -- Found CURL: /usr/lib/x86_64-linux-gnu/libcurl.so (found version "7.81.0")  
[1.490s] -- Checking for module 'jsoncpp'
[1.506s] --   Found jsoncpp, version 1.9.5
[1.540s] -- Found JSONCPP: TRUE  
[1.547s] -- Checking for module 'libzip'
[1.560s] --   Found libzip, version 1.7.3
[1.594s] -- Found ZIP: TRUE  
[1.594s] -- Looking for gz-utils2 -- found version 2.2.0
[1.595s] -- Looking for gz-common5 -- found version 5.6.0
[1.595s] -- Searching for dependencies of gz-common5
[1.596s] -- Looking for gz-utils2 -- found version 2.2.0
[1.596s] -- Looking for dlfcn.h - found
[1.596s] -- Looking for libdl - found
[1.605s] -- Searching for <gz-common5> component [testing]
[1.607s] -- Looking for gz-common5-testing -- found version 5.6.0
[1.608s] -- Searching for dependencies of gz-common5-testing
[1.609s] -- Looking for gz-math7 -- found version 7.5.0
[1.609s] -- Looking for gz-msgs9 -- found version 9.5.0
[1.613s] -- Looking for gz-gui7 -- found version 7.2.2
[1.613s] -- Searching for dependencies of gz-gui7
[1.642s] -- Looking for gz-utils2 -- found version 2.2.0
[1.642s] -- Looking for gz-math7 -- found version 7.5.0
[1.643s] -- Looking for gz-common5 -- found version 5.6.0
[1.643s] -- Looking for gz-plugin2 -- found version 2.0.3
[1.644s] -- Looking for gz-transport12 -- found version 12.2.1
[1.646s] -- Looking for gz-rendering7 -- found version 7.4.2
[1.647s] -- Searching for dependencies of gz-rendering7
[1.647s] -- Looking for gz-math7 -- found version 7.5.0
[1.648s] -- Searching for dependencies of gz-math7
[1.648s] -- Looking for gz-utils2 -- found version 2.2.0
[1.649s] -- Searching for <gz-math7> component [eigen3]
[1.651s] -- Looking for gz-math7-eigen3 -- found version 7.5.0
[1.652s] -- Searching for dependencies of gz-math7-eigen3
[1.661s] -- Looking for gz-common5 -- found version 5.6.0
[1.661s] -- Searching for dependencies of gz-common5
[1.662s] -- Looking for gz-utils2 -- found version 2.2.0
[1.662s] -- Looking for dlfcn.h - found
[1.662s] -- Looking for libdl - found
[1.671s] -- Searching for <gz-common5> component [graphics]
[1.674s] -- Looking for gz-common5-graphics -- found version 5.6.0
[1.675s] -- Searching for dependencies of gz-common5-graphics
[1.675s] -- Looking for gz-math7 -- found version 7.5.0
[1.682s] -- Found GzAssimp: TRUE (found version "5.2.0") 
[1.683s] -- Searching for <gz-common5> component [events]
[1.683s] -- Searching for <gz-common5> component [geospatial]
[1.686s] -- Looking for gz-common5-geospatial -- found version 5.6.0
[1.686s] -- Searching for dependencies of gz-common5-geospatial
[1.687s] -- Looking for gz-math7 -- found version 7.5.0
[1.687s] -- Looking for gz-common5 -- found version 5.6.0
[1.688s] -- Looking for gz-plugin2 -- found version 2.0.3
[1.689s] -- Searching for dependencies of gz-plugin2
[1.690s] -- Looking for gz-utils2 -- found version 2.2.0
[1.690s] -- Searching for <gz-plugin2> component [all]
[1.693s] -- Looking for all libraries of gz-plugin2 -- found version 2.0.3
[1.693s] -- Looking for gz-plugin2 -- found version 2.0.3
[1.695s] -- Looking for gz-utils2 -- found version 2.2.0
[1.703s] -- Found OpenGL: /usr/lib/x86_64-linux-gnu/libOpenGL.so  found components: OpenGL 
[1.705s] -- Looking for gz-msgs9 -- found version 9.5.0
[1.732s] -- Looking for gz-physics6 -- found version 6.6.0
[1.732s] -- Searching for dependencies of gz-physics6
[1.733s] -- Looking for gz-common5 -- found version 5.6.0
[1.733s] -- Looking for gz-math7 -- found version 7.5.0
[1.734s] -- Looking for gz-plugin2 -- found version 2.0.3
[1.734s] -- Looking for gz-utils2 -- found version 2.2.0
[1.736s] -- Searching for <gz-physics6> component [heightmap]
[1.739s] -- Looking for gz-physics6-heightmap -- found version 6.6.0
[1.739s] -- Searching for dependencies of gz-physics6-heightmap
[1.740s] -- Looking for gz-common5 -- found version 5.6.0
[1.740s] -- Searching for <gz-physics6> component [mesh]
[1.743s] -- Looking for gz-physics6-mesh -- found version 6.6.0
[1.743s] -- Searching for dependencies of gz-physics6-mesh
[1.744s] -- Looking for gz-common5 -- found version 5.6.0
[1.744s] -- Searching for <gz-physics6> component [sdf]
[1.747s] -- Looking for gz-physics6-sdf -- found version 6.6.0
[1.747s] -- Searching for dependencies of gz-physics6-sdf
[1.748s] -- Looking for sdformat13 -- found version 13.8.0
[1.751s] -- Looking for gz-sensors7 -- found version 7.3.0
[1.751s] -- Searching for dependencies of gz-sensors7
[1.774s] -- Looking for gz-math7 -- found version 7.5.0
[1.774s] -- Looking for gz-common5 -- found version 5.6.0
[1.775s] -- Looking for gz-transport12 -- found version 12.2.1
[1.775s] -- Looking for gz-rendering7 -- found version 7.4.2
[1.776s] -- Looking for gz-msgs9 -- found version 9.5.0
[1.776s] -- Looking for sdformat13 -- found version 13.8.0
[1.777s] -- Searching for <gz-sensors7> component [air_pressure]
[1.780s] -- Looking for gz-sensors7-air_pressure -- found version 7.3.0
[1.780s] -- Searching for dependencies of gz-sensors7-air_pressure
[1.781s] -- Searching for <gz-sensors7> component [air_speed]
[1.784s] -- Looking for gz-sensors7-air_speed -- found version 7.3.0
[1.785s] -- Searching for dependencies of gz-sensors7-air_speed
[1.785s] -- Searching for <gz-sensors7> component [altimeter]
[1.788s] -- Looking for gz-sensors7-altimeter -- found version 7.3.0
[1.788s] -- Searching for dependencies of gz-sensors7-altimeter
[1.790s] -- Searching for <gz-sensors7> component [imu]
[1.791s] -- Looking for gz-sensors7-imu -- found version 7.3.0
[1.792s] -- Searching for dependencies of gz-sensors7-imu
[1.793s] -- Searching for <gz-sensors7> component [force_torque]
[1.795s] -- Looking for gz-sensors7-force_torque -- found version 7.3.0
[1.796s] -- Searching for dependencies of gz-sensors7-force_torque
[1.796s] -- Searching for <gz-sensors7> component [logical_camera]
[1.799s] -- Looking for gz-sensors7-logical_camera -- found version 7.3.0
[1.799s] -- Searching for dependencies of gz-sensors7-logical_camera
[1.800s] -- Searching for <gz-sensors7> component [magnetometer]
[1.802s] -- Looking for gz-sensors7-magnetometer -- found version 7.3.0
[1.803s] -- Searching for dependencies of gz-sensors7-magnetometer
[1.803s] -- Searching for <gz-sensors7> component [navsat]
[1.806s] -- Looking for gz-sensors7-navsat -- found version 7.3.0
[1.806s] -- Searching for dependencies of gz-sensors7-navsat
[1.807s] -- Searching for <gz-sensors7> component [rendering]
[1.809s] -- Looking for gz-sensors7-rendering -- found version 7.3.0
[1.810s] -- Searching for dependencies of gz-sensors7-rendering
[1.811s] -- Searching for <gz-sensors7> component [lidar]
[1.813s] -- Looking for gz-sensors7-lidar -- found version 7.3.0
[1.814s] -- Searching for dependencies of gz-sensors7-lidar
[1.814s] -- Looking for gz-sensors7 -- found version 7.3.0
[1.815s] -- Searching for <gz-sensors7> component [gpu_lidar]
[1.817s] -- Looking for gz-sensors7-gpu_lidar -- found version 7.3.0
[1.818s] -- Searching for dependencies of gz-sensors7-gpu_lidar
[1.818s] -- Looking for gz-sensors7 -- found version 7.3.0
[1.819s] -- Searching for <gz-sensors7> component [camera]
[1.821s] -- Looking for gz-sensors7-camera -- found version 7.3.0
[1.822s] -- Searching for dependencies of gz-sensors7-camera
[1.822s] -- Looking for gz-sensors7 -- found version 7.3.0
[1.823s] -- Searching for <gz-sensors7> component [boundingbox_camera]
[1.825s] -- Looking for gz-sensors7-boundingbox_camera -- found version 7.3.0
[1.826s] -- Searching for dependencies of gz-sensors7-boundingbox_camera
[1.826s] -- Searching for <gz-sensors7> component [segmentation_camera]
[1.829s] -- Looking for gz-sensors7-segmentation_camera -- found version 7.3.0
[1.830s] -- Searching for dependencies of gz-sensors7-segmentation_camera
[1.830s] -- Searching for <gz-sensors7> component [depth_camera]
[1.833s] -- Looking for gz-sensors7-depth_camera -- found version 7.3.0
[1.834s] -- Searching for dependencies of gz-sensors7-depth_camera
[1.834s] -- Looking for gz-sensors7 -- found version 7.3.0
[1.835s] -- Searching for <gz-sensors7> component [rgbd_camera]
[1.837s] -- Looking for gz-sensors7-rgbd_camera -- found version 7.3.0
[1.838s] -- Searching for dependencies of gz-sensors7-rgbd_camera
[1.838s] -- Looking for gz-sensors7 -- found version 7.3.0
[1.839s] -- Searching for <gz-sensors7> component [thermal_camera]
[1.841s] -- Looking for gz-sensors7-thermal_camera -- found version 7.3.0
[1.842s] -- Searching for dependencies of gz-sensors7-thermal_camera
[1.842s] -- Looking for gz-sensors7 -- found version 7.3.0
[1.843s] -- Searching for <gz-sensors7> component [wide_angle_camera]
[1.845s] -- Looking for gz-sensors7-wide_angle_camera -- found version 7.3.0
[1.846s] -- Searching for dependencies of gz-sensors7-wide_angle_camera
[1.847s] -- Looking for gz-rendering7 -- found version 7.4.2
[1.848s] -- Looking for gz-math7 -- found version 7.5.0
[1.848s] -- Looking for gz-utils2 -- found version 2.2.0
[1.872s] -- Looking for gz-common5 -- found version 5.6.0
[1.872s] -- Looking for gz-fuel_tools8 -- found version 8.1.0
[1.873s] -- Looking for gz-math7 -- found version 7.5.0
[1.873s] -- Looking for gz-msgs9 -- found version 9.5.0
[1.874s] -- Looking for gz-transport12 -- found version 12.2.1
[1.874s] -- Looking for gz-plugin2 -- found version 2.0.3
[1.875s] -- Looking for gz-rendering7 -- found version 7.4.2
[1.875s] -- Looking for gz-sensors7 -- found version 7.3.0
[1.876s] -- Looking for gz-utils2 -- found version 2.2.0
[1.876s] -- Looking for sdformat13 -- found version 13.8.0
[1.878s] -- Found std_msgs: 4.2.4 (/opt/ros/humble/share/std_msgs/cmake)
[1.916s] -- Found rosidl_generator_c: 3.1.5 (/opt/ros/humble/share/rosidl_generator_c/cmake)
[1.922s] -- Found rosidl_adapter: 3.1.5 (/opt/ros/humble/share/rosidl_adapter/cmake)
[1.933s] -- Found rosidl_generator_cpp: 3.1.5 (/opt/ros/humble/share/rosidl_generator_cpp/cmake)
[1.953s] -- Using all available rosidl_typesupport_c: rosidl_typesupport_fastrtps_c;rosidl_typesupport_introspection_c
[1.983s] -- Using all available rosidl_typesupport_cpp: rosidl_typesupport_fastrtps_cpp;rosidl_typesupport_introspection_cpp
[2.259s] -- Configuring done
[2.382s] -- Generating done
[2.387s] -- Build files have been written to: /home/jain/Documents/GitHub/VRX_NUMarine/build/vrx_gz
[2.407s] Invoked command in '/home/jain/Documents/GitHub/VRX_NUMarine/build/vrx_gz' returned '0': CMAKE_PREFIX_PATH=${CMAKE_PREFIX_PATH}:/opt/ros/humble /usr/bin/cmake /home/jain/Documents/GitHub/VRX_NUMarine/src/vrx/ros_packages/vrx_gz -DCMAKE_INSTALL_PREFIX=/home/jain/Documents/GitHub/VRX_NUMarine/install
[2.409s] Invoking command in '/home/jain/Documents/GitHub/VRX_NUMarine/build/vrx_gz': CMAKE_PREFIX_PATH=${CMAKE_PREFIX_PATH}:/opt/ros/humble /usr/bin/cmake --build /home/jain/Documents/GitHub/VRX_NUMarine/build/vrx_gz -- -j8 -l8
[2.467s] [  2%] [32mBuilding CXX object CMakeFiles/Waves.dir/src/Wavefield.cc.o[0m
[2.473s] [  4%] [32mBuilding CXX object CMakeFiles/ScoringPlugin.dir/src/ScoringPlugin.cc.o[0m
[2.477s] [  4%] Built target ament_cmake_python_copy_vrx_gz
[2.880s] running egg_info
[2.881s] creating vrx_gz.egg-info
[2.881s] writing vrx_gz.egg-info/PKG-INFO
[2.881s] writing dependency_links to vrx_gz.egg-info/dependency_links.txt
[2.881s] writing top-level names to vrx_gz.egg-info/top_level.txt
[2.881s] writing manifest file 'vrx_gz.egg-info/SOURCES.txt'
[2.884s] reading manifest file 'vrx_gz.egg-info/SOURCES.txt'
[2.884s] writing manifest file 'vrx_gz.egg-info/SOURCES.txt'
[2.917s] [  4%] Built target ament_cmake_python_build_vrx_gz_egg
[7.150s] [  6%] [32m[1mLinking CXX shared library libWaves.so[0m
[7.423s] [  6%] Built target Waves
[7.445s] [ 12%] [32mBuilding CXX object CMakeFiles/PolyhedraBuoyancyDrag.dir/src/PolyhedraBuoyancyDrag.cc.o[0m
[7.445s] [ 12%] [32mBuilding CXX object CMakeFiles/PolyhedraBuoyancyDrag.dir/src/PolyhedronVolume.cc.o[0m
[7.445s] [ 12%] [32mBuilding CXX object CMakeFiles/PolyhedraBuoyancyDrag.dir/src/ShapeVolume.cc.o[0m
[8.808s] [ 14%] [32m[1mLinking CXX shared library libScoringPlugin.so[0m
[9.128s] [ 14%] Built target ScoringPlugin
[9.158s] [ 20%] [32mBuilding CXX object CMakeFiles/StationkeepingScoringPlugin.dir/src/StationkeepingScoringPlugin.cc.o[0m
[9.159s] [ 25%] [32mBuilding CXX object CMakeFiles/AcousticPingerPlugin.dir/src/AcousticPingerPlugin.cc.o[0m
[9.159s] [ 20%] [32mBuilding CXX object CMakeFiles/WayfindingScoringPlugin.dir/src/WayfindingScoringPlugin.cc.o[0m
[9.159s] [ 25%] [32mBuilding CXX object CMakeFiles/AcousticTrackingScoringPlugin.dir/src/AcousticTrackingScoringPlugin.cc.o[0m
[9.159s] [ 20%] [32mBuilding CXX object CMakeFiles/AcousticPerceptionScoringPlugin.dir/src/AcousticPerceptionScoringPlugin.cc.o[0m
[9.159s] [ 27%] [32mBuilding CXX object CMakeFiles/BallShooterPlugin.dir/src/BallShooterPlugin.cc.o[0m
[9.940s] [ 29%] [32mBuilding CXX object CMakeFiles/AcousticTrackingScoringPlugin.dir/src/WaypointMarkers.cc.o[0m
[19.452s] [ 31%] [32m[1mLinking CXX shared library libPolyhedraBuoyancyDrag.so[0m
[19.864s] [ 33%] [32mBuilding CXX object CMakeFiles/LightBuoyPlugin.dir/src/LightBuoyPlugin.cc.o[0m
[20.101s] [ 33%] Built target PolyhedraBuoyancyDrag
[20.136s] [ 35%] [32mBuilding CXX object CMakeFiles/NavigationScoringPlugin.dir/src/NavigationScoringPlugin.cc.o[0m
[20.793s] [ 37%] [32m[1mLinking CXX shared library libAcousticPingerPlugin.so[0m
[21.438s] [ 37%] Built target AcousticPingerPlugin
[21.472s] [ 39%] [32mBuilding CXX object CMakeFiles/GymkhanaScoringPlugin.dir/src/GymkhanaScoringPlugin.cc.o[0m
[22.505s] [ 41%] [32mBuilding CXX object CMakeFiles/AcousticPerceptionScoringPlugin.dir/src/WaypointMarkers.cc.o[0m
[22.640s] [ 43%] [32mBuilding CXX object CMakeFiles/WayfindingScoringPlugin.dir/src/WaypointMarkers.cc.o[0m
[22.724s] [ 45%] [32mBuilding CXX object CMakeFiles/StationkeepingScoringPlugin.dir/src/WaypointMarkers.cc.o[0m
[23.189s] [ 47%] [32m[1mLinking CXX shared library libAcousticTrackingScoringPlugin.so[0m
[23.916s] [ 47%] Built target AcousticTrackingScoringPlugin
[23.918s] [ 50%] [32m[1mLinking CXX shared library libBallShooterPlugin.so[0m
[23.945s] [ 52%] [32mBuilding CXX object CMakeFiles/PerceptionScoringPlugin.dir/src/PerceptionScoringPlugin.cc.o[0m
[24.593s] [ 52%] Built target BallShooterPlugin
[24.628s] [ 54%] [32mBuilding CXX object CMakeFiles/PlacardPlugin.dir/src/PlacardPlugin.cc.o[0m
[27.968s] [ 56%] [32m[1mLinking CXX shared library libLightBuoyPlugin.so[0m
[28.533s] [ 56%] Built target LightBuoyPlugin
[28.570s] [ 58%] [32mBuilding CXX object CMakeFiles/PublisherPlugin.dir/src/PublisherPlugin.cc.o[0m
[31.125s] [ 60%] [32m[1mLinking CXX shared library libGymkhanaScoringPlugin.so[0m
[31.698s] [ 60%] Built target GymkhanaScoringPlugin
[31.731s] [ 62%] [32mBuilding CXX object CMakeFiles/ScanDockScoringPlugin.dir/src/ScanDockScoringPlugin.cc.o[0m
[32.619s] [ 64%] [32m[1mLinking CXX shared library libAcousticPerceptionScoringPlugin.so[0m
[32.798s] [ 66%] [32m[1mLinking CXX shared library libWayfindingScoringPlugin.so[0m
[33.334s] [ 66%] Built target AcousticPerceptionScoringPlugin
[33.367s] [ 68%] [32mBuilding CXX object CMakeFiles/SimpleHydrodynamics.dir/src/SimpleHydrodynamics.cc.o[0m
[33.585s] [ 68%] Built target WayfindingScoringPlugin
[33.621s] [ 70%] [32mBuilding CXX object CMakeFiles/Surface.dir/src/Surface.cc.o[0m
[33.889s] [ 72%] [32m[1mLinking CXX shared library libStationkeepingScoringPlugin.so[0m
[33.917s] [ 75%] [32m[1mLinking CXX shared library libNavigationScoringPlugin.so[0m
[34.541s] [ 77%] [32m[1mLinking CXX shared library libPlacardPlugin.so[0m
[34.623s] [ 77%] Built target NavigationScoringPlugin
[34.659s] [ 79%] [32mBuilding CXX object CMakeFiles/USVWind.dir/src/USVWind.cc.o[0m
[34.683s] [ 79%] Built target StationkeepingScoringPlugin
[34.718s] [ 81%] [32mBuilding CXX object CMakeFiles/WaveVisual.dir/src/WaveVisual.cc.o[0m
[35.131s] [ 81%] Built target PlacardPlugin
[35.166s] [ 83%] [32mBuilding CXX object CMakeFiles/WildlifeScoringPlugin.dir/src/WildlifeScoringPlugin.cc.o[0m
[35.222s] [ 85%] [32m[1mLinking CXX shared library libPerceptionScoringPlugin.so[0m
[35.988s] [ 85%] Built target PerceptionScoringPlugin
[36.153s] [ 87%] [32m[1mLinking CXX shared library libPublisherPlugin.so[0m
[36.643s] [ 87%] Built target PublisherPlugin
[40.955s] [ 89%] [32m[1mLinking CXX shared library libSurface.so[0m
[41.344s] [ 89%] Built target Surface
[42.345s] [ 91%] [32m[1mLinking CXX shared library libSimpleHydrodynamics.so[0m
[42.625s] [ 91%] Built target SimpleHydrodynamics
[44.431s] [ 93%] [32m[1mLinking CXX shared library libWaveVisual.so[0m
[44.828s] [ 93%] Built target WaveVisual
[45.036s] [ 95%] [32m[1mLinking CXX shared library libWildlifeScoringPlugin.so[0m
[45.235s] [ 97%] [32m[1mLinking CXX shared library libScanDockScoringPlugin.so[0m
[45.445s] [ 97%] Built target WildlifeScoringPlugin
[45.662s] [ 97%] Built target ScanDockScoringPlugin
[46.197s] [100%] [32m[1mLinking CXX shared library libUSVWind.so[0m
[46.514s] [100%] Built target USVWind
[46.526s] Invoked command in '/home/jain/Documents/GitHub/VRX_NUMarine/build/vrx_gz' returned '0': CMAKE_PREFIX_PATH=${CMAKE_PREFIX_PATH}:/opt/ros/humble /usr/bin/cmake --build /home/jain/Documents/GitHub/VRX_NUMarine/build/vrx_gz -- -j8 -l8
[46.625s] Invoking command in '/home/jain/Documents/GitHub/VRX_NUMarine/build/vrx_gz': CMAKE_PREFIX_PATH=${CMAKE_PREFIX_PATH}:/opt/ros/humble /usr/bin/cmake --install /home/jain/Documents/GitHub/VRX_NUMarine/build/vrx_gz
[46.635s] -- Install configuration: ""
[46.636s] -- Installing: /home/jain/Documents/GitHub/VRX_NUMarine/install/share/vrx_gz/environment/resource_paths.dsv
[46.636s] -- Installing: /home/jain/Documents/GitHub/VRX_NUMarine/install/share/vrx_gz/environment/resource_paths.sh
[46.636s] -- Installing: /home/jain/Documents/GitHub/VRX_NUMarine/install/lib/libWaves.so
[46.638s] -- Installing: /home/jain/Documents/GitHub/VRX_NUMarine/install/lib/libPolyhedraBuoyancyDrag.so
[46.640s] -- Set runtime path of "/home/jain/Documents/GitHub/VRX_NUMarine/install/lib/libPolyhedraBuoyancyDrag.so" to ""
[46.641s] -- Installing: /home/jain/Documents/GitHub/VRX_NUMarine/install/lib/libScoringPlugin.so
[46.643s] -- Installing: /home/jain/Documents/GitHub/VRX_NUMarine/install/lib/libStationkeepingScoringPlugin.so
[46.647s] -- Set runtime path of "/home/jain/Documents/GitHub/VRX_NUMarine/install/lib/libStationkeepingScoringPlugin.so" to ""
[46.647s] -- Installing: /home/jain/Documents/GitHub/VRX_NUMarine/install/lib/libWayfindingScoringPlugin.so
[46.650s] -- Set runtime path of "/home/jain/Documents/GitHub/VRX_NUMarine/install/lib/libWayfindingScoringPlugin.so" to ""
[46.650s] -- Installing: /home/jain/Documents/GitHub/VRX_NUMarine/install/lib/libAcousticPerceptionScoringPlugin.so
[46.653s] -- Set runtime path of "/home/jain/Documents/GitHub/VRX_NUMarine/install/lib/libAcousticPerceptionScoringPlugin.so" to ""
[46.653s] -- Installing: /home/jain/Documents/GitHub/VRX_NUMarine/install/lib/libAcousticTrackingScoringPlugin.so
[46.656s] -- Set runtime path of "/home/jain/Documents/GitHub/VRX_NUMarine/install/lib/libAcousticTrackingScoringPlugin.so" to ""
[46.657s] -- Installing: /home/jain/Documents/GitHub/VRX_NUMarine/install/lib/libAcousticPingerPlugin.so
[46.659s] -- Set runtime path of "/home/jain/Documents/GitHub/VRX_NUMarine/install/lib/libAcousticPingerPlugin.so" to ""
[46.659s] -- Installing: /home/jain/Documents/GitHub/VRX_NUMarine/install/lib/libBallShooterPlugin.so
[46.662s] -- Set runtime path of "/home/jain/Documents/GitHub/VRX_NUMarine/install/lib/libBallShooterPlugin.so" to ""
[46.662s] -- Installing: /home/jain/Documents/GitHub/VRX_NUMarine/install/lib/libLightBuoyPlugin.so
[46.664s] -- Set runtime path of "/home/jain/Documents/GitHub/VRX_NUMarine/install/lib/libLightBuoyPlugin.so" to ""
[46.664s] -- Installing: /home/jain/Documents/GitHub/VRX_NUMarine/install/lib/libNavigationScoringPlugin.so
[46.667s] -- Set runtime path of "/home/jain/Documents/GitHub/VRX_NUMarine/install/lib/libNavigationScoringPlugin.so" to ""
[46.667s] -- Installing: /home/jain/Documents/GitHub/VRX_NUMarine/install/lib/libGymkhanaScoringPlugin.so
[46.669s] -- Set runtime path of "/home/jain/Documents/GitHub/VRX_NUMarine/install/lib/libGymkhanaScoringPlugin.so" to ""
[46.669s] -- Installing: /home/jain/Documents/GitHub/VRX_NUMarine/install/lib/libPerceptionScoringPlugin.so
[46.672s] -- Set runtime path of "/home/jain/Documents/GitHub/VRX_NUMarine/install/lib/libPerceptionScoringPlugin.so" to ""
[46.672s] -- Installing: /home/jain/Documents/GitHub/VRX_NUMarine/install/lib/libPlacardPlugin.so
[46.674s] -- Set runtime path of "/home/jain/Documents/GitHub/VRX_NUMarine/install/lib/libPlacardPlugin.so" to ""
[46.675s] -- Installing: /home/jain/Documents/GitHub/VRX_NUMarine/install/lib/libPublisherPlugin.so
[46.676s] -- Set runtime path of "/home/jain/Documents/GitHub/VRX_NUMarine/install/lib/libPublisherPlugin.so" to ""
[46.676s] -- Installing: /home/jain/Documents/GitHub/VRX_NUMarine/install/lib/libScanDockScoringPlugin.so
[46.679s] -- Set runtime path of "/home/jain/Documents/GitHub/VRX_NUMarine/install/lib/libScanDockScoringPlugin.so" to ""
[46.680s] -- Installing: /home/jain/Documents/GitHub/VRX_NUMarine/install/lib/libSimpleHydrodynamics.so
[46.681s] -- Set runtime path of "/home/jain/Documents/GitHub/VRX_NUMarine/install/lib/libSimpleHydrodynamics.so" to ""
[46.681s] -- Installing: /home/jain/Documents/GitHub/VRX_NUMarine/install/lib/libSurface.so
[46.683s] -- Set runtime path of "/home/jain/Documents/GitHub/VRX_NUMarine/install/lib/libSurface.so" to ""
[46.684s] -- Installing: /home/jain/Documents/GitHub/VRX_NUMarine/install/lib/libUSVWind.so
[46.686s] -- Set runtime path of "/home/jain/Documents/GitHub/VRX_NUMarine/install/lib/libUSVWind.so" to ""
[46.686s] -- Installing: /home/jain/Documents/GitHub/VRX_NUMarine/install/lib/libWaveVisual.so
[46.689s] -- Set runtime path of "/home/jain/Documents/GitHub/VRX_NUMarine/install/lib/libWaveVisual.so" to ""
[46.689s] -- Installing: /home/jain/Documents/GitHub/VRX_NUMarine/install/lib/libWildlifeScoringPlugin.so
[46.691s] -- Set runtime path of "/home/jain/Documents/GitHub/VRX_NUMarine/install/lib/libWildlifeScoringPlugin.so" to ""
[46.691s] -- Installing: /home/jain/Documents/GitHub/VRX_NUMarine/install/share/vrx_gz/environment/pythonpath.sh
[46.691s] -- Installing: /home/jain/Documents/GitHub/VRX_NUMarine/install/share/vrx_gz/environment/pythonpath.dsv
[46.692s] -- Installing: /home/jain/Documents/GitHub/VRX_NUMarine/install/local/lib/python3.10/dist-packages/vrx_gz-0.0.0-py3.10.egg-info
[46.692s] -- Installing: /home/jain/Documents/GitHub/VRX_NUMarine/install/local/lib/python3.10/dist-packages/vrx_gz-0.0.0-py3.10.egg-info/SOURCES.txt
[46.692s] -- Installing: /home/jain/Documents/GitHub/VRX_NUMarine/install/local/lib/python3.10/dist-packages/vrx_gz-0.0.0-py3.10.egg-info/dependency_links.txt
[46.692s] -- Installing: /home/jain/Documents/GitHub/VRX_NUMarine/install/local/lib/python3.10/dist-packages/vrx_gz-0.0.0-py3.10.egg-info/PKG-INFO
[46.692s] -- Installing: /home/jain/Documents/GitHub/VRX_NUMarine/install/local/lib/python3.10/dist-packages/vrx_gz-0.0.0-py3.10.egg-info/top_level.txt
[46.692s] -- Installing: /home/jain/Documents/GitHub/VRX_NUMarine/install/local/lib/python3.10/dist-packages/vrx_gz
[46.692s] -- Installing: /home/jain/Documents/GitHub/VRX_NUMarine/install/local/lib/python3.10/dist-packages/vrx_gz/__init__.py
[46.692s] -- Installing: /home/jain/Documents/GitHub/VRX_NUMarine/install/local/lib/python3.10/dist-packages/vrx_gz/bridge.py
[46.693s] -- Installing: /home/jain/Documents/GitHub/VRX_NUMarine/install/local/lib/python3.10/dist-packages/vrx_gz/launch.py
[46.693s] -- Installing: /home/jain/Documents/GitHub/VRX_NUMarine/install/local/lib/python3.10/dist-packages/vrx_gz/bridges.py
[46.693s] -- Installing: /home/jain/Documents/GitHub/VRX_NUMarine/install/local/lib/python3.10/dist-packages/vrx_gz/payload_bridges.py
[46.693s] -- Installing: /home/jain/Documents/GitHub/VRX_NUMarine/install/local/lib/python3.10/dist-packages/vrx_gz/model.py
[46.734s] Listing '/home/jain/Documents/GitHub/VRX_NUMarine/install/local/lib/python3.10/dist-packages/vrx_gz'...
[46.734s] Compiling '/home/jain/Documents/GitHub/VRX_NUMarine/install/local/lib/python3.10/dist-packages/vrx_gz/__init__.py'...
[46.734s] Compiling '/home/jain/Documents/GitHub/VRX_NUMarine/install/local/lib/python3.10/dist-packages/vrx_gz/bridge.py'...
[46.734s] Compiling '/home/jain/Documents/GitHub/VRX_NUMarine/install/local/lib/python3.10/dist-packages/vrx_gz/bridges.py'...
[46.734s] Compiling '/home/jain/Documents/GitHub/VRX_NUMarine/install/local/lib/python3.10/dist-packages/vrx_gz/launch.py'...
[46.734s] Compiling '/home/jain/Documents/GitHub/VRX_NUMarine/install/local/lib/python3.10/dist-packages/vrx_gz/model.py'...
[46.734s] Compiling '/home/jain/Documents/GitHub/VRX_NUMarine/install/local/lib/python3.10/dist-packages/vrx_gz/payload_bridges.py'...
[46.739s] -- Installing: /home/jain/Documents/GitHub/VRX_NUMarine/install/share/vrx_gz/config
[46.739s] -- Installing: /home/jain/Documents/GitHub/VRX_NUMarine/install/share/vrx_gz/config/roboboat.yaml
[46.739s] -- Installing: /home/jain/Documents/GitHub/VRX_NUMarine/install/share/vrx_gz/config/wamv.yaml
[46.739s] -- Installing: /home/jain/Documents/GitHub/VRX_NUMarine/install/share/vrx_gz/launch
[46.739s] -- Installing: /home/jain/Documents/GitHub/VRX_NUMarine/install/share/vrx_gz/launch/spawn.launch.py
[46.740s] -- Installing: /home/jain/Documents/GitHub/VRX_NUMarine/install/share/vrx_gz/launch/vrx_environment.launch.py
[46.740s] -- Installing: /home/jain/Documents/GitHub/VRX_NUMarine/install/share/vrx_gz/launch/competition.launch.py
[46.740s] -- Installing: /home/jain/Documents/GitHub/VRX_NUMarine/install/share/vrx_gz/launch/spawn_config.launch.py
[46.740s] -- Installing: /home/jain/Documents/GitHub/VRX_NUMarine/install/share/vrx_gz/launch/usv_joy_teleop.py
[46.740s] -- Installing: /home/jain/Documents/GitHub/VRX_NUMarine/install/share/vrx_gz/models
[46.740s] -- Installing: /home/jain/Documents/GitHub/VRX_NUMarine/install/share/vrx_gz/models/robotx_light_buoy_rgb
[46.740s] -- Installing: /home/jain/Documents/GitHub/VRX_NUMarine/install/share/vrx_gz/models/robotx_light_buoy_rgb/mesh
[46.740s] -- Installing: /home/jain/Documents/GitHub/VRX_NUMarine/install/share/vrx_gz/models/robotx_light_buoy_rgb/mesh/LightTower_Normal.png
[46.745s] -- Installing: /home/jain/Documents/GitHub/VRX_NUMarine/install/share/vrx_gz/models/robotx_light_buoy_rgb/mesh/LightTower_Roughness.png
[46.746s] -- Installing: /home/jain/Documents/GitHub/VRX_NUMarine/install/share/vrx_gz/models/robotx_light_buoy_rgb/mesh/LightTower_Albedo.png
[46.749s] -- Installing: /home/jain/Documents/GitHub/VRX_NUMarine/install/share/vrx_gz/models/robotx_light_buoy_rgb/mesh/LightTower_Metalness.png
[46.749s] -- Installing: /home/jain/Documents/GitHub/VRX_NUMarine/install/share/vrx_gz/models/robotx_light_buoy_rgb/mesh/robotx_light_buoy.dae
[46.751s] -- Installing: /home/jain/Documents/GitHub/VRX_NUMarine/install/share/vrx_gz/models/robotx_light_buoy_rgb/mesh/LightTower_Opacity.png
[46.752s] -- Installing: /home/jain/Documents/GitHub/VRX_NUMarine/install/share/vrx_gz/models/robotx_light_buoy_rgb/model.config
[46.752s] -- Installing: /home/jain/Documents/GitHub/VRX_NUMarine/install/share/vrx_gz/models/robotx_light_buoy_rgb/model.sdf
[46.752s] -- Installing: /home/jain/Documents/GitHub/VRX_NUMarine/install/share/vrx_gz/models/short_navigation_course_4
[46.752s] -- Installing: /home/jain/Documents/GitHub/VRX_NUMarine/install/share/vrx_gz/models/short_navigation_course_4/model.config
[46.752s] -- Installing: /home/jain/Documents/GitHub/VRX_NUMarine/install/share/vrx_gz/models/short_navigation_course_4/model.sdf
[46.752s] -- Installing: /home/jain/Documents/GitHub/VRX_NUMarine/install/share/vrx_gz/models/roboboat_cpubox
[46.752s] -- Installing: /home/jain/Documents/GitHub/VRX_NUMarine/install/share/vrx_gz/models/roboboat_cpubox/materials
[46.752s] -- Installing: /home/jain/Documents/GitHub/VRX_NUMarine/install/share/vrx_gz/models/roboboat_cpubox/materials/textures
[46.752s] -- Installing: /home/jain/Documents/GitHub/VRX_NUMarine/install/share/vrx_gz/models/roboboat_cpubox/materials/textures/DryBox_Albedo.png
[46.761s] -- Installing: /home/jain/Documents/GitHub/VRX_NUMarine/install/share/vrx_gz/models/roboboat_cpubox/materials/textures/DryBox_Roughness.png
[46.774s] -- Installing: /home/jain/Documents/GitHub/VRX_NUMarine/install/share/vrx_gz/models/roboboat_cpubox/model.config
[46.774s] -- Installing: /home/jain/Documents/GitHub/VRX_NUMarine/install/share/vrx_gz/models/roboboat_cpubox/meshes
[46.774s] -- Installing: /home/jain/Documents/GitHub/VRX_NUMarine/install/share/vrx_gz/models/roboboat_cpubox/meshes/drybox.dae
[46.774s] -- Installing: /home/jain/Documents/GitHub/VRX_NUMarine/install/share/vrx_gz/models/roboboat_cpubox/model.sdf
[46.774s] -- Installing: /home/jain/Documents/GitHub/VRX_NUMarine/install/share/vrx_gz/models/short_navigation_course_1
[46.774s] -- Installing: /home/jain/Documents/GitHub/VRX_NUMarine/install/share/vrx_gz/models/short_navigation_course_1/model.config
[46.775s] -- Installing: /home/jain/Documents/GitHub/VRX_NUMarine/install/share/vrx_gz/models/short_navigation_course_1/model.sdf
[46.775s] -- Installing: /home/jain/Documents/GitHub/VRX_NUMarine/install/share/vrx_gz/models/short_course_2023_phase3_2
[46.775s] -- Installing: /home/jain/Documents/GitHub/VRX_NUMarine/install/share/vrx_gz/models/short_course_2023_phase3_2/model.config
[46.775s] -- Installing: /home/jain/Documents/GitHub/VRX_NUMarine/install/share/vrx_gz/models/short_course_2023_phase3_2/model.sdf
[46.775s] -- Installing: /home/jain/Documents/GitHub/VRX_NUMarine/install/share/vrx_gz/models/tent
[46.775s] -- Installing: /home/jain/Documents/GitHub/VRX_NUMarine/install/share/vrx_gz/models/tent/thumbnails
[46.775s] -- Installing: /home/jain/Documents/GitHub/VRX_NUMarine/install/share/vrx_gz/models/tent/thumbnails/1.png
[46.775s] -- Installing: /home/jain/Documents/GitHub/VRX_NUMarine/install/share/vrx_gz/models/tent/thumbnails/2.png
[46.776s] -- Installing: /home/jain/Documents/GitHub/VRX_NUMarine/install/share/vrx_gz/models/tent/thumbnails/3.png
[46.776s] -- Installing: /home/jain/Documents/GitHub/VRX_NUMarine/install/share/vrx_gz/models/tent/thumbnails/4.png
[46.776s] -- Installing: /home/jain/Documents/GitHub/VRX_NUMarine/install/share/vrx_gz/models/tent/thumbnails/5.png
[46.776s] -- Installing: /home/jain/Documents/GitHub/VRX_NUMarine/install/share/vrx_gz/models/tent/mesh
[46.776s] -- Installing: /home/jain/Documents/GitHub/VRX_NUMarine/install/share/vrx_gz/models/tent/mesh/tent.dae
[46.776s] -- Installing: /home/jain/Documents/GitHub/VRX_NUMarine/install/share/vrx_gz/models/tent/mesh/tent.png
[46.777s] -- Installing: /home/jain/Documents/GitHub/VRX_NUMarine/install/share/vrx_gz/models/tent/model.config
[46.777s] -- Installing: /home/jain/Documents/GitHub/VRX_NUMarine/install/share/vrx_gz/models/tent/model.sdf
[46.777s] -- Installing: /home/jain/Documents/GitHub/VRX_NUMarine/install/share/vrx_gz/models/roboboat01
[46.777s] -- Installing: /home/jain/Documents/GitHub/VRX_NUMarine/install/share/vrx_gz/models/roboboat01/materials
[46.777s] -- Installing: /home/jain/Documents/GitHub/VRX_NUMarine/install/share/vrx_gz/models/roboboat01/materials/scripts
[46.777s] -- Installing: /home/jain/Documents/GitHub/VRX_NUMarine/install/share/vrx_gz/models/roboboat01/materials/scripts/model.material
[46.777s] -- Installing: /home/jain/Documents/GitHub/VRX_NUMarine/install/share/vrx_gz/models/roboboat01/materials/textures
[46.777s] -- Installing: /home/jain/Documents/GitHub/VRX_NUMarine/install/share/vrx_gz/models/roboboat01/materials/textures/Boat01_Albedo.png
[46.785s] -- Installing: /home/jain/Documents/GitHub/VRX_NUMarine/install/share/vrx_gz/models/roboboat01/materials/textures/Boat01_Normal.png
[46.787s] -- Installing: /home/jain/Documents/GitHub/VRX_NUMarine/install/share/vrx_gz/models/roboboat01/materials/textures/Thruster_Roughness.png
[46.788s] -- Installing: /home/jain/Documents/GitHub/VRX_NUMarine/install/share/vrx_gz/models/roboboat01/materials/textures/Thruster_Albedo.png
[46.790s] -- Installing: /home/jain/Documents/GitHub/VRX_NUMarine/install/share/vrx_gz/models/roboboat01/materials/textures/Boat01_Metallic.png
[46.790s] -- Installing: /home/jain/Documents/GitHub/VRX_NUMarine/install/share/vrx_gz/models/roboboat01/materials/textures/Boat01_Roughness.png
[46.795s] -- Installing: /home/jain/Documents/GitHub/VRX_NUMarine/install/share/vrx_gz/models/roboboat01/model.config
[46.795s] -- Installing: /home/jain/Documents/GitHub/VRX_NUMarine/install/share/vrx_gz/models/roboboat01/meshes
[46.795s] -- Installing: /home/jain/Documents/GitHub/VRX_NUMarine/install/share/vrx_gz/models/roboboat01/meshes/prop.dae
[46.795s] -- Installing: /home/jain/Documents/GitHub/VRX_NUMarine/install/share/vrx_gz/models/roboboat01/meshes/mount.dae
[46.796s] -- Installing: /home/jain/Documents/GitHub/VRX_NUMarine/install/share/vrx_gz/models/roboboat01/meshes/housing.dae
[46.796s] -- Installing: /home/jain/Documents/GitHub/VRX_NUMarine/install/share/vrx_gz/models/roboboat01/meshes/roboboat01.dae
[46.797s] -- Installing: /home/jain/Documents/GitHub/VRX_NUMarine/install/share/vrx_gz/models/roboboat01/model.sdf
[46.798s] -- Installing: /home/jain/Documents/GitHub/VRX_NUMarine/install/share/vrx_gz/models/mb_round_buoy_black
[46.798s] -- Installing: /home/jain/Documents/GitHub/VRX_NUMarine/install/share/vrx_gz/models/mb_round_buoy_black/thumbnails
[46.798s] -- Installing: /home/jain/Documents/GitHub/VRX_NUMarine/install/share/vrx_gz/models/mb_round_buoy_black/thumbnails/1.png
[46.798s] -- Installing: /home/jain/Documents/GitHub/VRX_NUMarine/install/share/vrx_gz/models/mb_round_buoy_black/thumbnails/2.png
[46.798s] -- Installing: /home/jain/Documents/GitHub/VRX_NUMarine/install/share/vrx_gz/models/mb_round_buoy_black/thumbnails/3.png
[46.798s] -- Installing: /home/jain/Documents/GitHub/VRX_NUMarine/install/share/vrx_gz/models/mb_round_buoy_black/thumbnails/4.png
[46.799s] -- Installing: /home/jain/Documents/GitHub/VRX_NUMarine/install/share/vrx_gz/models/mb_round_buoy_black/thumbnails/5.png
[46.799s] -- Installing: /home/jain/Documents/GitHub/VRX_NUMarine/install/share/vrx_gz/models/mb_round_buoy_black/model.config
[46.799s] -- Installing: /home/jain/Documents/GitHub/VRX_NUMarine/install/share/vrx_gz/models/mb_round_buoy_black/model.sdf
[46.799s] -- Installing: /home/jain/Documents/GitHub/VRX_NUMarine/install/share/vrx_gz/models/platform
[46.799s] -- Installing: /home/jain/Documents/GitHub/VRX_NUMarine/install/share/vrx_gz/models/platform/model.config
[46.800s] -- Installing: /home/jain/Documents/GitHub/VRX_NUMarine/install/share/vrx_gz/models/platform/model.sdf
[46.800s] -- Installing: /home/jain/Documents/GitHub/VRX_NUMarine/install/share/vrx_gz/models/sydney_regatta
[46.800s] -- Installing: /home/jain/Documents/GitHub/VRX_NUMarine/install/share/vrx_gz/models/sydney_regatta/materials
[46.800s] -- Installing: /home/jain/Documents/GitHub/VRX_NUMarine/install/share/vrx_gz/models/sydney_regatta/materials/textures
[46.800s] -- Installing: /home/jain/Documents/GitHub/VRX_NUMarine/install/share/vrx_gz/models/sydney_regatta/materials/textures/RoofCorrugated.png
[46.824s] -- Installing: /home/jain/Documents/GitHub/VRX_NUMarine/install/share/vrx_gz/models/sydney_regatta/materials/textures/Windows_Dark.png
[46.825s] -- Installing: /home/jain/Documents/GitHub/VRX_NUMarine/install/share/vrx_gz/models/sydney_regatta/materials/textures/Dock.png
[46.853s] -- Installing: /home/jain/Documents/GitHub/VRX_NUMarine/install/share/vrx_gz/models/sydney_regatta/materials/textures/Terrain.png
[46.899s] -- Installing: /home/jain/Documents/GitHub/VRX_NUMarine/install/share/vrx_gz/models/sydney_regatta/materials/textures/MetalGalvanized.png
[46.921s] -- Installing: /home/jain/Documents/GitHub/VRX_NUMarine/install/share/vrx_gz/models/sydney_regatta/materials/textures/Wall_05.png
[46.923s] -- Installing: /home/jain/Documents/GitHub/VRX_NUMarine/install/share/vrx_gz/models/sydney_regatta/materials/textures/DockDark.png
[46.951s] -- Installing: /home/jain/Documents/GitHub/VRX_NUMarine/install/share/vrx_gz/models/sydney_regatta/materials/textures/TreeDiffuse.png
[46.952s] -- Installing: /home/jain/Documents/GitHub/VRX_NUMarine/install/share/vrx_gz/models/sydney_regatta/thumbnails
[46.952s] -- Installing: /home/jain/Documents/GitHub/VRX_NUMarine/install/share/vrx_gz/models/sydney_regatta/thumbnails/1.png
[46.952s] -- Installing: /home/jain/Documents/GitHub/VRX_NUMarine/install/share/vrx_gz/models/sydney_regatta/thumbnails/2.png
[46.953s] -- Installing: /home/jain/Documents/GitHub/VRX_NUMarine/install/share/vrx_gz/models/sydney_regatta/thumbnails/3.png
[46.953s] -- Installing: /home/jain/Documents/GitHub/VRX_NUMarine/install/share/vrx_gz/models/sydney_regatta/thumbnails/4.png
[46.953s] -- Installing: /home/jain/Documents/GitHub/VRX_NUMarine/install/share/vrx_gz/models/sydney_regatta/thumbnails/5.png
[46.953s] -- Installing: /home/jain/Documents/GitHub/VRX_NUMarine/install/share/vrx_gz/models/sydney_regatta/model.config
[46.953s] -- Installing: /home/jain/Documents/GitHub/VRX_NUMarine/install/share/vrx_gz/models/sydney_regatta/meshes
[46.953s] -- Installing: /home/jain/Documents/GitHub/VRX_NUMarine/install/share/vrx_gz/models/sydney_regatta/meshes/sydney_regatta.dae
[46.975s] -- Installing: /home/jain/Documents/GitHub/VRX_NUMarine/install/share/vrx_gz/models/sydney_regatta/meshes/sydney_regatta_shore.dae
[46.977s] -- Installing: /home/jain/Documents/GitHub/VRX_NUMarine/install/share/vrx_gz/models/sydney_regatta/model.sdf
[46.977s] -- Installing: /home/jain/Documents/GitHub/VRX_NUMarine/install/share/vrx_gz/models/antenna
[46.977s] -- Installing: /home/jain/Documents/GitHub/VRX_NUMarine/install/share/vrx_gz/models/antenna/thumbnails
[46.977s] -- Installing: /home/jain/Documents/GitHub/VRX_NUMarine/install/share/vrx_gz/models/antenna/thumbnails/1.png
[46.977s] -- Installing: /home/jain/Documents/GitHub/VRX_NUMarine/install/share/vrx_gz/models/antenna/thumbnails/2.png
[46.978s] -- Installing: /home/jain/Documents/GitHub/VRX_NUMarine/install/share/vrx_gz/models/antenna/thumbnails/3.png
[46.978s] -- Installing: /home/jain/Documents/GitHub/VRX_NUMarine/install/share/vrx_gz/models/antenna/thumbnails/4.png
[46.978s] -- Installing: /home/jain/Documents/GitHub/VRX_NUMarine/install/share/vrx_gz/models/antenna/thumbnails/5.png
[46.978s] -- Installing: /home/jain/Documents/GitHub/VRX_NUMarine/install/share/vrx_gz/models/antenna/model.config
[46.978s] -- Installing: /home/jain/Documents/GitHub/VRX_NUMarine/install/share/vrx_gz/models/antenna/meshes
[46.978s] -- Installing: /home/jain/Documents/GitHub/VRX_NUMarine/install/share/vrx_gz/models/antenna/meshes/antenna.png
[46.979s] -- Installing: /home/jain/Documents/GitHub/VRX_NUMarine/install/share/vrx_gz/models/antenna/meshes/antenna.dae
[46.979s] -- Installing: /home/jain/Documents/GitHub/VRX_NUMarine/install/share/vrx_gz/models/antenna/model.sdf
[46.979s] -- Installing: /home/jain/Documents/GitHub/VRX_NUMarine/install/share/vrx_gz/models/mb_marker_buoy_red
[46.980s] -- Installing: /home/jain/Documents/GitHub/VRX_NUMarine/install/share/vrx_gz/models/mb_marker_buoy_red/materials
[46.980s] -- Installing: /home/jain/Documents/GitHub/VRX_NUMarine/install/share/vrx_gz/models/mb_marker_buoy_red/materials/textures
[46.980s] -- Installing: /home/jain/Documents/GitHub/VRX_NUMarine/install/share/vrx_gz/models/mb_marker_buoy_red/materials/textures/MarkerBuoy_Roughness.png
[46.980s] -- Installing: /home/jain/Documents/GitHub/VRX_NUMarine/install/share/vrx_gz/models/mb_marker_buoy_red/materials/textures/MarkerBuoy_Base_Color.png
[46.982s] -- Installing: /home/jain/Documents/GitHub/VRX_NUMarine/install/share/vrx_gz/models/mb_marker_buoy_red/thumbnails
[46.982s] -- Installing: /home/jain/Documents/GitHub/VRX_NUMarine/install/share/vrx_gz/models/mb_marker_buoy_red/thumbnails/1.png
[46.982s] -- Installing: /home/jain/Documents/GitHub/VRX_NUMarine/install/share/vrx_gz/models/mb_marker_buoy_red/thumbnails/2.png
[46.982s] -- Installing: /home/jain/Documents/GitHub/VRX_NUMarine/install/share/vrx_gz/models/mb_marker_buoy_red/thumbnails/3.png
[46.982s] -- Installing: /home/jain/Documents/GitHub/VRX_NUMarine/install/share/vrx_gz/models/mb_marker_buoy_red/thumbnails/4.png
[46.983s] -- Installing: /home/jain/Documents/GitHub/VRX_NUMarine/install/share/vrx_gz/models/mb_marker_buoy_red/thumbnails/5.png
[46.983s] -- Installing: /home/jain/Documents/GitHub/VRX_NUMarine/install/share/vrx_gz/models/mb_marker_buoy_red/model.config
[46.983s] -- Installing: /home/jain/Documents/GitHub/VRX_NUMarine/install/share/vrx_gz/models/mb_marker_buoy_red/meshes
[46.983s] -- Installing: /home/jain/Documents/GitHub/VRX_NUMarine/install/share/vrx_gz/models/mb_marker_buoy_red/meshes/mb_marker_buoy.dae
[46.983s] -- Installing: /home/jain/Documents/GitHub/VRX_NUMarine/install/share/vrx_gz/models/mb_marker_buoy_red/model.sdf
[46.983s] -- Installing: /home/jain/Documents/GitHub/VRX_NUMarine/install/share/vrx_gz/models/dock_2022_base
[46.984s] -- Installing: /home/jain/Documents/GitHub/VRX_NUMarine/install/share/vrx_gz/models/dock_2022_base/model.config
[46.984s] -- Installing: /home/jain/Documents/GitHub/VRX_NUMarine/install/share/vrx_gz/models/dock_2022_base/model.sdf
[46.984s] -- Installing: /home/jain/Documents/GitHub/VRX_NUMarine/install/share/vrx_gz/models/mb_marker_buoy_black
[46.984s] -- Installing: /home/jain/Documents/GitHub/VRX_NUMarine/install/share/vrx_gz/models/mb_marker_buoy_black/thumbnails
[46.984s] -- Installing: /home/jain/Documents/GitHub/VRX_NUMarine/install/share/vrx_gz/models/mb_marker_buoy_black/thumbnails/1.png
[46.984s] -- Installing: /home/jain/Documents/GitHub/VRX_NUMarine/install/share/vrx_gz/models/mb_marker_buoy_black/thumbnails/2.png
[46.984s] -- Installing: /home/jain/Documents/GitHub/VRX_NUMarine/install/share/vrx_gz/models/mb_marker_buoy_black/thumbnails/3.png
[46.984s] -- Installing: /home/jain/Documents/GitHub/VRX_NUMarine/install/share/vrx_gz/models/mb_marker_buoy_black/thumbnails/4.png
[46.984s] -- Installing: /home/jain/Documents/GitHub/VRX_NUMarine/install/share/vrx_gz/models/mb_marker_buoy_black/thumbnails/5.png
[46.984s] -- Installing: /home/jain/Documents/GitHub/VRX_NUMarine/install/share/vrx_gz/models/mb_marker_buoy_black/model.config
[46.985s] -- Installing: /home/jain/Documents/GitHub/VRX_NUMarine/install/share/vrx_gz/models/mb_marker_buoy_black/model.sdf
[46.985s] -- Installing: /home/jain/Documents/GitHub/VRX_NUMarine/install/share/vrx_gz/models/robotx_light_buoy_rbg
[46.985s] -- Installing: /home/jain/Documents/GitHub/VRX_NUMarine/install/share/vrx_gz/models/robotx_light_buoy_rbg/model.config
[46.985s] -- Installing: /home/jain/Documents/GitHub/VRX_NUMarine/install/share/vrx_gz/models/robotx_light_buoy_rbg/model.sdf
[46.985s] -- Installing: /home/jain/Documents/GitHub/VRX_NUMarine/install/share/vrx_gz/models/roboboat02
[46.985s] -- Installing: /home/jain/Documents/GitHub/VRX_NUMarine/install/share/vrx_gz/models/roboboat02/materials
[46.985s] -- Installing: /home/jain/Documents/GitHub/VRX_NUMarine/install/share/vrx_gz/models/roboboat02/materials/scripts
[46.985s] -- Installing: /home/jain/Documents/GitHub/VRX_NUMarine/install/share/vrx_gz/models/roboboat02/materials/scripts/model.material
[46.986s] -- Installing: /home/jain/Documents/GitHub/VRX_NUMarine/install/share/vrx_gz/models/roboboat02/materials/textures
[46.986s] -- Installing: /home/jain/Documents/GitHub/VRX_NUMarine/install/share/vrx_gz/models/roboboat02/materials/textures/Boat02_Albedo.png
[46.992s] -- Installing: /home/jain/Documents/GitHub/VRX_NUMarine/install/share/vrx_gz/models/roboboat02/materials/textures/Boat02_Roughness.png
[46.996s] -- Installing: /home/jain/Documents/GitHub/VRX_NUMarine/install/share/vrx_gz/models/roboboat02/materials/textures/Boat02_Normal.png
[46.998s] -- Installing: /home/jain/Documents/GitHub/VRX_NUMarine/install/share/vrx_gz/models/roboboat02/materials/textures/Boat02_Metallic.png
[46.999s] -- Installing: /home/jain/Documents/GitHub/VRX_NUMarine/install/share/vrx_gz/models/roboboat02/model.config
[46.999s] -- Installing: /home/jain/Documents/GitHub/VRX_NUMarine/install/share/vrx_gz/models/roboboat02/meshes
[46.999s] -- Installing: /home/jain/Documents/GitHub/VRX_NUMarine/install/share/vrx_gz/models/roboboat02/meshes/roboboat02.dae
[47.000s] -- Installing: /home/jain/Documents/GitHub/VRX_NUMarine/install/share/vrx_gz/models/roboboat02/model.sdf
[47.001s] -- Installing: /home/jain/Documents/GitHub/VRX_NUMarine/install/share/vrx_gz/models/entrance_exit
[47.001s] -- Installing: /home/jain/Documents/GitHub/VRX_NUMarine/install/share/vrx_gz/models/entrance_exit/model.config
[47.001s] -- Installing: /home/jain/Documents/GitHub/VRX_NUMarine/install/share/vrx_gz/models/entrance_exit/model.sdf
[47.001s] -- Installing: /home/jain/Documents/GitHub/VRX_NUMarine/install/share/vrx_gz/models/short_course_2023_phase3_1
[47.001s] -- Installing: /home/jain/Documents/GitHub/VRX_NUMarine/install/share/vrx_gz/models/short_course_2023_phase3_1/model.config
[47.001s] -- Installing: /home/jain/Documents/GitHub/VRX_NUMarine/install/share/vrx_gz/models/short_course_2023_phase3_1/model.sdf
[47.001s] -- Installing: /home/jain/Documents/GitHub/VRX_NUMarine/install/share/vrx_gz/models/robotx_light_buoy_ybr
[47.001s] -- Installing: /home/jain/Documents/GitHub/VRX_NUMarine/install/share/vrx_gz/models/robotx_light_buoy_ybr/model.config
[47.002s] -- Installing: /home/jain/Documents/GitHub/VRX_NUMarine/install/share/vrx_gz/models/robotx_light_buoy_ybr/model.sdf
[47.002s] -- Installing: /home/jain/Documents/GitHub/VRX_NUMarine/install/share/vrx_gz/models/robotx_light_buoy_ygb
[47.002s] -- Installing: /home/jain/Documents/GitHub/VRX_NUMarine/install/share/vrx_gz/models/robotx_light_buoy_ygb/model.config
[47.002s] -- Installing: /home/jain/Documents/GitHub/VRX_NUMarine/install/share/vrx_gz/models/robotx_light_buoy_ygb/model.sdf
[47.002s] -- Installing: /home/jain/Documents/GitHub/VRX_NUMarine/install/share/vrx_gz/models/mb_marker_buoy_green
[47.002s] -- Installing: /home/jain/Documents/GitHub/VRX_NUMarine/install/share/vrx_gz/models/mb_marker_buoy_green/thumbnails
[47.002s] -- Installing: /home/jain/Documents/GitHub/VRX_NUMarine/install/share/vrx_gz/models/mb_marker_buoy_green/thumbnails/1.png
[47.002s] -- Installing: /home/jain/Documents/GitHub/VRX_NUMarine/install/share/vrx_gz/models/mb_marker_buoy_green/thumbnails/2.png
[47.002s] -- Installing: /home/jain/Documents/GitHub/VRX_NUMarine/install/share/vrx_gz/models/mb_marker_buoy_green/thumbnails/3.png
[47.003s] -- Installing: /home/jain/Documents/GitHub/VRX_NUMarine/install/share/vrx_gz/models/mb_marker_buoy_green/thumbnails/4.png
[47.003s] -- Installing: /home/jain/Documents/GitHub/VRX_NUMarine/install/share/vrx_gz/models/mb_marker_buoy_green/thumbnails/5.png
[47.003s] -- Installing: /home/jain/Documents/GitHub/VRX_NUMarine/install/share/vrx_gz/models/mb_marker_buoy_green/model.config
[47.003s] -- Installing: /home/jain/Documents/GitHub/VRX_NUMarine/install/share/vrx_gz/models/mb_marker_buoy_green/model.sdf
[47.003s] -- Installing: /home/jain/Documents/GitHub/VRX_NUMarine/install/share/vrx_gz/models/robotx_light_buoy_bgr
[47.003s] -- Installing: /home/jain/Documents/GitHub/VRX_NUMarine/install/share/vrx_gz/models/robotx_light_buoy_bgr/model.config
[47.003s] -- Installing: /home/jain/Documents/GitHub/VRX_NUMarine/install/share/vrx_gz/models/robotx_light_buoy_bgr/model.sdf
[47.003s] -- Installing: /home/jain/Documents/GitHub/VRX_NUMarine/install/share/vrx_gz/models/mb_marker_buoy_white
[47.003s] -- Installing: /home/jain/Documents/GitHub/VRX_NUMarine/install/share/vrx_gz/models/mb_marker_buoy_white/thumbnails
[47.003s] -- Installing: /home/jain/Documents/GitHub/VRX_NUMarine/install/share/vrx_gz/models/mb_marker_buoy_white/thumbnails/1.png
[47.004s] -- Installing: /home/jain/Documents/GitHub/VRX_NUMarine/install/share/vrx_gz/models/mb_marker_buoy_white/thumbnails/2.png
[47.004s] -- Installing: /home/jain/Documents/GitHub/VRX_NUMarine/install/share/vrx_gz/models/mb_marker_buoy_white/thumbnails/3.png
[47.004s] -- Installing: /home/jain/Documents/GitHub/VRX_NUMarine/install/share/vrx_gz/models/mb_marker_buoy_white/thumbnails/4.png
[47.004s] -- Installing: /home/jain/Documents/GitHub/VRX_NUMarine/install/share/vrx_gz/models/mb_marker_buoy_white/thumbnails/5.png
[47.004s] -- Installing: /home/jain/Documents/GitHub/VRX_NUMarine/install/share/vrx_gz/models/mb_marker_buoy_white/model.config
[47.004s] -- Installing: /home/jain/Documents/GitHub/VRX_NUMarine/install/share/vrx_gz/models/mb_marker_buoy_white/model.sdf
[47.004s] -- Installing: /home/jain/Documents/GitHub/VRX_NUMarine/install/share/vrx_gz/models/short_navigation_course_2
[47.004s] -- Installing: /home/jain/Documents/GitHub/VRX_NUMarine/install/share/vrx_gz/models/short_navigation_course_2/model.config
[47.005s] -- Installing: /home/jain/Documents/GitHub/VRX_NUMarine/install/share/vrx_gz/models/short_navigation_course_2/model.sdf
[47.005s] -- Installing: /home/jain/Documents/GitHub/VRX_NUMarine/install/share/vrx_gz/models/foldable_chair
[47.005s] -- Installing: /home/jain/Documents/GitHub/VRX_NUMarine/install/share/vrx_gz/models/foldable_chair/thumbnails
[47.005s] -- Installing: /home/jain/Documents/GitHub/VRX_NUMarine/install/share/vrx_gz/models/foldable_chair/thumbnails/1.png
[47.005s] -- Installing: /home/jain/Documents/GitHub/VRX_NUMarine/install/share/vrx_gz/models/foldable_chair/thumbnails/2.png
[47.005s] -- Installing: /home/jain/Documents/GitHub/VRX_NUMarine/install/share/vrx_gz/models/foldable_chair/thumbnails/3.png
[47.005s] -- Installing: /home/jain/Documents/GitHub/VRX_NUMarine/install/share/vrx_gz/models/foldable_chair/thumbnails/4.png
[47.006s] -- Installing: /home/jain/Documents/GitHub/VRX_NUMarine/install/share/vrx_gz/models/foldable_chair/thumbnails/5.png
[47.006s] -- Installing: /home/jain/Documents/GitHub/VRX_NUMarine/install/share/vrx_gz/models/foldable_chair/mesh
[47.006s] -- Installing: /home/jain/Documents/GitHub/VRX_NUMarine/install/share/vrx_gz/models/foldable_chair/mesh/foldable_chair.png
[47.012s] -- Installing: /home/jain/Documents/GitHub/VRX_NUMarine/install/share/vrx_gz/models/foldable_chair/mesh/foldable_chair.dae
[47.012s] -- Installing: /home/jain/Documents/GitHub/VRX_NUMarine/install/share/vrx_gz/models/foldable_chair/model.config
[47.012s] -- Installing: /home/jain/Documents/GitHub/VRX_NUMarine/install/share/vrx_gz/models/foldable_chair/model.sdf
[47.012s] -- Installing: /home/jain/Documents/GitHub/VRX_NUMarine/install/share/vrx_gz/models/robotx_light_buoy_yrg
[47.013s] -- Installing: /home/jain/Documents/GitHub/VRX_NUMarine/install/share/vrx_gz/models/robotx_light_buoy_yrg/model.config
[47.013s] -- Installing: /home/jain/Documents/GitHub/VRX_NUMarine/install/share/vrx_gz/models/robotx_light_buoy_yrg/model.sdf
[47.013s] -- Installing: /home/jain/Documents/GitHub/VRX_NUMarine/install/share/vrx_gz/models/short_navigation_course_5
[47.013s] -- Installing: /home/jain/Documents/GitHub/VRX_NUMarine/install/share/vrx_gz/models/short_navigation_course_5/model.config
[47.013s] -- Installing: /home/jain/Documents/GitHub/VRX_NUMarine/install/share/vrx_gz/models/short_navigation_course_5/model.sdf
[47.013s] -- Installing: /home/jain/Documents/GitHub/VRX_NUMarine/install/share/vrx_gz/models/euro pallet
[47.013s] -- Installing: /home/jain/Documents/GitHub/VRX_NUMarine/install/share/vrx_gz/models/euro pallet/thumbnails
[47.013s] -- Installing: /home/jain/Documents/GitHub/VRX_NUMarine/install/share/vrx_gz/models/euro pallet/thumbnails/1.png
[47.013s] -- Installing: /home/jain/Documents/GitHub/VRX_NUMarine/install/share/vrx_gz/models/euro pallet/thumbnails/2.png
[47.014s] -- Installing: /home/jain/Documents/GitHub/VRX_NUMarine/install/share/vrx_gz/models/euro pallet/thumbnails/3.png
[47.014s] -- Installing: /home/jain/Documents/GitHub/VRX_NUMarine/install/share/vrx_gz/models/euro pallet/thumbnails/4.png
[47.014s] -- Installing: /home/jain/Documents/GitHub/VRX_NUMarine/install/share/vrx_gz/models/euro pallet/thumbnails/5.png
[47.014s] -- Installing: /home/jain/Documents/GitHub/VRX_NUMarine/install/share/vrx_gz/models/euro pallet/model.config
[47.014s] -- Installing: /home/jain/Documents/GitHub/VRX_NUMarine/install/share/vrx_gz/models/euro pallet/meshes
[47.014s] -- Installing: /home/jain/Documents/GitHub/VRX_NUMarine/install/share/vrx_gz/models/euro pallet/meshes/pallet.dae
[47.014s] -- Installing: /home/jain/Documents/GitHub/VRX_NUMarine/install/share/vrx_gz/models/euro pallet/model.sdf
[47.014s] -- Installing: /home/jain/Documents/GitHub/VRX_NUMarine/install/share/vrx_gz/models/symbol_triangle
[47.014s] -- Installing: /home/jain/Documents/GitHub/VRX_NUMarine/install/share/vrx_gz/models/symbol_triangle/mesh
[47.015s] -- Installing: /home/jain/Documents/GitHub/VRX_NUMarine/install/share/vrx_gz/models/symbol_triangle/mesh/triangle.dae
[47.015s] -- Installing: /home/jain/Documents/GitHub/VRX_NUMarine/install/share/vrx_gz/models/symbol_triangle/model.config
[47.015s] -- Installing: /home/jain/Documents/GitHub/VRX_NUMarine/install/share/vrx_gz/models/symbol_triangle/model.sdf
[47.015s] -- Installing: /home/jain/Documents/GitHub/VRX_NUMarine/install/share/vrx_gz/models/robotx_light_buoy_bgy
[47.015s] -- Installing: /home/jain/Documents/GitHub/VRX_NUMarine/install/share/vrx_gz/models/robotx_light_buoy_bgy/model.config
[47.015s] -- Installing: /home/jain/Documents/GitHub/VRX_NUMarine/install/share/vrx_gz/models/robotx_light_buoy_bgy/model.sdf
[47.015s] -- Installing: /home/jain/Documents/GitHub/VRX_NUMarine/install/share/vrx_gz/models/articulated_platform
[47.015s] -- Installing: /home/jain/Documents/GitHub/VRX_NUMarine/install/share/vrx_gz/models/articulated_platform/model.config
[47.015s] -- Installing: /home/jain/Documents/GitHub/VRX_NUMarine/install/share/vrx_gz/models/articulated_platform/model.sdf
[47.016s] -- Installing: /home/jain/Documents/GitHub/VRX_NUMarine/install/share/vrx_gz/models/placard_2022
[47.016s] -- Installing: /home/jain/Documents/GitHub/VRX_NUMarine/install/share/vrx_gz/models/placard_2022/materials
[47.016s] -- Installing: /home/jain/Documents/GitHub/VRX_NUMarine/install/share/vrx_gz/models/placard_2022/materials/textures
[47.016s] -- Installing: /home/jain/Documents/GitHub/VRX_NUMarine/install/share/vrx_gz/models/placard_2022/materials/textures/Placard.png
[47.016s] -- Installing: /home/jain/Documents/GitHub/VRX_NUMarine/install/share/vrx_gz/models/placard_2022/model.config
[47.016s] -- Installing: /home/jain/Documents/GitHub/VRX_NUMarine/install/share/vrx_gz/models/placard_2022/meshes
[47.016s] -- Installing: /home/jain/Documents/GitHub/VRX_NUMarine/install/share/vrx_gz/models/placard_2022/meshes/placard_2022.dae
[47.016s] -- Installing: /home/jain/Documents/GitHub/VRX_NUMarine/install/share/vrx_gz/models/placard_2022/model.sdf
[47.016s] -- Installing: /home/jain/Documents/GitHub/VRX_NUMarine/install/share/vrx_gz/models/short_navigation_course_3
[47.017s] -- Installing: /home/jain/Documents/GitHub/VRX_NUMarine/install/share/vrx_gz/models/short_navigation_course_3/model.config
[47.017s] -- Installing: /home/jain/Documents/GitHub/VRX_NUMarine/install/share/vrx_gz/models/short_navigation_course_3/model.sdf
[47.017s] -- Installing: /home/jain/Documents/GitHub/VRX_NUMarine/install/share/vrx_gz/models/mb_round_buoy_orange
[47.017s] -- Installing: /home/jain/Documents/GitHub/VRX_NUMarine/install/share/vrx_gz/models/mb_round_buoy_orange/materials
[47.017s] -- Installing: /home/jain/Documents/GitHub/VRX_NUMarine/install/share/vrx_gz/models/mb_round_buoy_orange/materials/textures
[47.017s] -- Installing: /home/jain/Documents/GitHub/VRX_NUMarine/install/share/vrx_gz/models/mb_round_buoy_orange/materials/textures/RoundBarrierBuoy_Base_Color.png
[47.019s] -- Installing: /home/jain/Documents/GitHub/VRX_NUMarine/install/share/vrx_gz/models/mb_round_buoy_orange/materials/textures/RoundBarrierBuoy_Roughness.png
[47.019s] -- Installing: /home/jain/Documents/GitHub/VRX_NUMarine/install/share/vrx_gz/models/mb_round_buoy_orange/thumbnails
[47.020s] -- Installing: /home/jain/Documents/GitHub/VRX_NUMarine/install/share/vrx_gz/models/mb_round_buoy_orange/thumbnails/1.png
[47.020s] -- Installing: /home/jain/Documents/GitHub/VRX_NUMarine/install/share/vrx_gz/models/mb_round_buoy_orange/thumbnails/2.png
[47.020s] -- Installing: /home/jain/Documents/GitHub/VRX_NUMarine/install/share/vrx_gz/models/mb_round_buoy_orange/thumbnails/3.png
[47.020s] -- Installing: /home/jain/Documents/GitHub/VRX_NUMarine/install/share/vrx_gz/models/mb_round_buoy_orange/thumbnails/4.png
[47.021s] -- Installing: /home/jain/Documents/GitHub/VRX_NUMarine/install/share/vrx_gz/models/mb_round_buoy_orange/thumbnails/5.png
[47.021s] -- Installing: /home/jain/Documents/GitHub/VRX_NUMarine/install/share/vrx_gz/models/mb_round_buoy_orange/model.config
[47.021s] -- Installing: /home/jain/Documents/GitHub/VRX_NUMarine/install/share/vrx_gz/models/mb_round_buoy_orange/meshes
[47.021s] -- Installing: /home/jain/Documents/GitHub/VRX_NUMarine/install/share/vrx_gz/models/mb_round_buoy_orange/meshes/mb_round_buoy.dae
[47.021s] -- Installing: /home/jain/Documents/GitHub/VRX_NUMarine/install/share/vrx_gz/models/mb_round_buoy_orange/model.sdf
[47.022s] -- Installing: /home/jain/Documents/GitHub/VRX_NUMarine/install/share/vrx_gz/models/robotx_light_buoy_gbr
[47.022s] -- Installing: /home/jain/Documents/GitHub/VRX_NUMarine/install/share/vrx_gz/models/robotx_light_buoy_gbr/model.config
[47.022s] -- Installing: /home/jain/Documents/GitHub/VRX_NUMarine/install/share/vrx_gz/models/robotx_light_buoy_gbr/model.sdf
[47.022s] -- Installing: /home/jain/Documents/GitHub/VRX_NUMarine/install/share/vrx_gz/models/ground_station
[47.022s] -- Installing: /home/jain/Documents/GitHub/VRX_NUMarine/install/share/vrx_gz/models/ground_station/thumbnails
[47.022s] -- Installing: /home/jain/Documents/GitHub/VRX_NUMarine/install/share/vrx_gz/models/ground_station/thumbnails/1.png
[47.022s] -- Installing: /home/jain/Documents/GitHub/VRX_NUMarine/install/share/vrx_gz/models/ground_station/thumbnails/2.png
[47.023s] -- Installing: /home/jain/Documents/GitHub/VRX_NUMarine/install/share/vrx_gz/models/ground_station/thumbnails/3.png
[47.023s] -- Installing: /home/jain/Documents/GitHub/VRX_NUMarine/install/share/vrx_gz/models/ground_station/thumbnails/4.png
[47.023s] -- Installing: /home/jain/Documents/GitHub/VRX_NUMarine/install/share/vrx_gz/models/ground_station/thumbnails/5.png
[47.023s] -- Installing: /home/jain/Documents/GitHub/VRX_NUMarine/install/share/vrx_gz/models/ground_station/model.config
[47.023s] -- Installing: /home/jain/Documents/GitHub/VRX_NUMarine/install/share/vrx_gz/models/ground_station/model.sdf
[47.023s] -- Installing: /home/jain/Documents/GitHub/VRX_NUMarine/install/share/vrx_gz/models/robotx_light_buoy_rgy
[47.024s] -- Installing: /home/jain/Documents/GitHub/VRX_NUMarine/install/share/vrx_gz/models/robotx_light_buoy_rgy/model.config
[47.024s] -- Installing: /home/jain/Documents/GitHub/VRX_NUMarine/install/share/vrx_gz/models/robotx_light_buoy_rgy/model.sdf
[47.024s] -- Installing: /home/jain/Documents/GitHub/VRX_NUMarine/install/share/vrx_gz/models/short_navigation_course_0
[47.024s] -- Installing: /home/jain/Documents/GitHub/VRX_NUMarine/install/share/vrx_gz/models/short_navigation_course_0/model.config
[47.024s] -- Installing: /home/jain/Documents/GitHub/VRX_NUMarine/install/share/vrx_gz/models/short_navigation_course_0/model.sdf
[47.024s] -- Installing: /home/jain/Documents/GitHub/VRX_NUMarine/install/share/vrx_gz/models/coast_waves
[47.024s] -- Installing: /home/jain/Documents/GitHub/VRX_NUMarine/install/share/vrx_gz/models/coast_waves/materials
[47.024s] -- Installing: /home/jain/Documents/GitHub/VRX_NUMarine/install/share/vrx_gz/models/coast_waves/materials/programs
[47.025s] -- Installing: /home/jain/Documents/GitHub/VRX_NUMarine/install/share/vrx_gz/models/coast_waves/materials/programs/GerstnerWaves_vs_330.glsl
[47.025s] -- Installing: /home/jain/Documents/GitHub/VRX_NUMarine/install/share/vrx_gz/models/coast_waves/materials/programs/GerstnerWaves_fs_330.glsl
[47.025s] -- Installing: /home/jain/Documents/GitHub/VRX_NUMarine/install/share/vrx_gz/models/coast_waves/materials/textures
[47.025s] -- Installing: /home/jain/Documents/GitHub/VRX_NUMarine/install/share/vrx_gz/models/coast_waves/materials/textures/skybox_lowres.dds
[47.026s] -- Installing: /home/jain/Documents/GitHub/VRX_NUMarine/install/share/vrx_gz/models/coast_waves/materials/textures/wave_normals.dds
[47.026s] -- Installing: /home/jain/Documents/GitHub/VRX_NUMarine/install/share/vrx_gz/models/coast_waves/model.config
[47.027s] -- Installing: /home/jain/Documents/GitHub/VRX_NUMarine/install/share/vrx_gz/models/coast_waves/meshes
[47.027s] -- Installing: /home/jain/Documents/GitHub/VRX_NUMarine/install/share/vrx_gz/models/coast_waves/meshes/waterlow.dae
[47.043s] -- Installing: /home/jain/Documents/GitHub/VRX_NUMarine/install/share/vrx_gz/models/coast_waves/model.sdf
[47.043s] -- Installing: /home/jain/Documents/GitHub/VRX_NUMarine/install/share/vrx_gz/models/foldable_table
[47.043s] -- Installing: /home/jain/Documents/GitHub/VRX_NUMarine/install/share/vrx_gz/models/foldable_table/thumbnails
[47.044s] -- Installing: /home/jain/Documents/GitHub/VRX_NUMarine/install/share/vrx_gz/models/foldable_table/thumbnails/1.png
[47.044s] -- Installing: /home/jain/Documents/GitHub/VRX_NUMarine/install/share/vrx_gz/models/foldable_table/thumbnails/2.png
[47.044s] -- Installing: /home/jain/Documents/GitHub/VRX_NUMarine/install/share/vrx_gz/models/foldable_table/thumbnails/3.png
[47.044s] -- Installing: /home/jain/Documents/GitHub/VRX_NUMarine/install/share/vrx_gz/models/foldable_table/thumbnails/4.png
[47.044s] -- Installing: /home/jain/Documents/GitHub/VRX_NUMarine/install/share/vrx_gz/models/foldable_table/thumbnails/5.png
[47.044s] -- Installing: /home/jain/Documents/GitHub/VRX_NUMarine/install/share/vrx_gz/models/foldable_table/mesh
[47.044s] -- Installing: /home/jain/Documents/GitHub/VRX_NUMarine/install/share/vrx_gz/models/foldable_table/mesh/foldable_table.dae
[47.044s] -- Installing: /home/jain/Documents/GitHub/VRX_NUMarine/install/share/vrx_gz/models/foldable_table/mesh/foldable_table.png
[47.045s] -- Installing: /home/jain/Documents/GitHub/VRX_NUMarine/install/share/vrx_gz/models/foldable_table/model.config
[47.045s] -- Installing: /home/jain/Documents/GitHub/VRX_NUMarine/install/share/vrx_gz/models/foldable_table/model.sdf
[47.045s] -- Installing: /home/jain/Documents/GitHub/VRX_NUMarine/install/share/vrx_gz/models/dock_2022
[47.046s] -- Installing: /home/jain/Documents/GitHub/VRX_NUMarine/install/share/vrx_gz/models/dock_2022/model.config
[47.046s] -- Installing: /home/jain/Documents/GitHub/VRX_NUMarine/install/share/vrx_gz/models/dock_2022/model.sdf
[47.046s] -- Installing: /home/jain/Documents/GitHub/VRX_NUMarine/install/share/vrx_gz/models/obstacle_course
[47.046s] -- Installing: /home/jain/Documents/GitHub/VRX_NUMarine/install/share/vrx_gz/models/obstacle_course/model.config
[47.046s] -- Installing: /home/jain/Documents/GitHub/VRX_NUMarine/install/share/vrx_gz/models/obstacle_course/model.sdf
[47.046s] -- Installing: /home/jain/Documents/GitHub/VRX_NUMarine/install/share/vrx_gz/models/post
[47.047s] -- Installing: /home/jain/Documents/GitHub/VRX_NUMarine/install/share/vrx_gz/models/post/materials
[47.047s] -- Installing: /home/jain/Documents/GitHub/VRX_NUMarine/install/share/vrx_gz/models/post/materials/textures
[47.047s] -- Installing: /home/jain/Documents/GitHub/VRX_NUMarine/install/share/vrx_gz/models/post/materials/textures/post.png
[47.052s] -- Installing: /home/jain/Documents/GitHub/VRX_NUMarine/install/share/vrx_gz/models/post/thumbnails
[47.052s] -- Installing: /home/jain/Documents/GitHub/VRX_NUMarine/install/share/vrx_gz/models/post/thumbnails/1.png
[47.053s] -- Installing: /home/jain/Documents/GitHub/VRX_NUMarine/install/share/vrx_gz/models/post/thumbnails/2.png
[47.053s] -- Installing: /home/jain/Documents/GitHub/VRX_NUMarine/install/share/vrx_gz/models/post/thumbnails/3.png
[47.053s] -- Installing: /home/jain/Documents/GitHub/VRX_NUMarine/install/share/vrx_gz/models/post/thumbnails/4.png
[47.053s] -- Installing: /home/jain/Documents/GitHub/VRX_NUMarine/install/share/vrx_gz/models/post/thumbnails/5.png
[47.054s] -- Installing: /home/jain/Documents/GitHub/VRX_NUMarine/install/share/vrx_gz/models/post/model.config
[47.054s] -- Installing: /home/jain/Documents/GitHub/VRX_NUMarine/install/share/vrx_gz/models/post/meshes
[47.054s] -- Installing: /home/jain/Documents/GitHub/VRX_NUMarine/install/share/vrx_gz/models/post/meshes/post.dae
[47.054s] -- Installing: /home/jain/Documents/GitHub/VRX_NUMarine/install/share/vrx_gz/models/post/model.sdf
[47.054s] -- Installing: /home/jain/Documents/GitHub/VRX_NUMarine/install/share/vrx_gz/models/dock_block_4x4
[47.054s] -- Installing: /home/jain/Documents/GitHub/VRX_NUMarine/install/share/vrx_gz/models/dock_block_4x4/mesh
[47.054s] -- Installing: /home/jain/Documents/GitHub/VRX_NUMarine/install/share/vrx_gz/models/dock_block_4x4/mesh/DockCubes_Roughness.png
[47.055s] -- Installing: /home/jain/Documents/GitHub/VRX_NUMarine/install/share/vrx_gz/models/dock_block_4x4/mesh/DockCubes_Normal.png
[47.088s] -- Installing: /home/jain/Documents/GitHub/VRX_NUMarine/install/share/vrx_gz/models/dock_block_4x4/mesh/dock_block_4x4.dae
[47.091s] -- Installing: /home/jain/Documents/GitHub/VRX_NUMarine/install/share/vrx_gz/models/dock_block_4x4/mesh/DockCubes_Metalness.png
[47.091s] -- Installing: /home/jain/Documents/GitHub/VRX_NUMarine/install/share/vrx_gz/models/dock_block_4x4/mesh/DockCubes_Albedo.png
[47.092s] -- Installing: /home/jain/Documents/GitHub/VRX_NUMarine/install/share/vrx_gz/models/dock_block_4x4/model.config
[47.092s] -- Installing: /home/jain/Documents/GitHub/VRX_NUMarine/install/share/vrx_gz/models/dock_block_4x4/model.sdf
[47.093s] -- Installing: /home/jain/Documents/GitHub/VRX_NUMarine/install/share/vrx_gz/worlds
[47.093s] -- Installing: /home/jain/Documents/GitHub/VRX_NUMarine/install/share/vrx_gz/worlds/wildlife_task.sdf
[47.093s] -- Installing: /home/jain/Documents/GitHub/VRX_NUMarine/install/share/vrx_gz/worlds/sydney_regatta.sdf
[47.093s] -- Installing: /home/jain/Documents/GitHub/VRX_NUMarine/install/share/vrx_gz/worlds/gymkhana_task.sdf
[47.093s] -- Installing: /home/jain/Documents/GitHub/VRX_NUMarine/install/share/vrx_gz/worlds/navigation_task.sdf
[47.093s] -- Installing: /home/jain/Documents/GitHub/VRX_NUMarine/install/share/vrx_gz/worlds/acoustic_tracking_task.sdf
[47.094s] -- Installing: /home/jain/Documents/GitHub/VRX_NUMarine/install/share/vrx_gz/worlds/2023_practice
[47.094s] -- Installing: /home/jain/Documents/GitHub/VRX_NUMarine/install/share/vrx_gz/worlds/2023_practice/practice_2023_scan_dock_deliver1_task.sdf
[47.094s] -- Installing: /home/jain/Documents/GitHub/VRX_NUMarine/install/share/vrx_gz/worlds/2023_practice/practice_2023_wayfinding1_task.sdf
[47.094s] -- Installing: /home/jain/Documents/GitHub/VRX_NUMarine/install/share/vrx_gz/worlds/2023_practice/practice_2023_follow_path2_task.sdf
[47.094s] -- Installing: /home/jain/Documents/GitHub/VRX_NUMarine/install/share/vrx_gz/worlds/2023_practice/practice_2023_acoustic_tracking0_task.sdf
[47.094s] -- Installing: /home/jain/Documents/GitHub/VRX_NUMarine/install/share/vrx_gz/worlds/2023_practice/practice_2023_stationkeeping1_task.sdf
[47.094s] -- Installing: /home/jain/Documents/GitHub/VRX_NUMarine/install/share/vrx_gz/worlds/2023_practice/practice_2023_wayfinding0_task.sdf
[47.094s] -- Installing: /home/jain/Documents/GitHub/VRX_NUMarine/install/share/vrx_gz/worlds/2023_practice/practice_2023_perception2_task.sdf
[47.094s] -- Installing: /home/jain/Documents/GitHub/VRX_NUMarine/install/share/vrx_gz/worlds/2023_practice/practice_2023_wildlife2_task.sdf
[47.095s] -- Installing: /home/jain/Documents/GitHub/VRX_NUMarine/install/share/vrx_gz/worlds/2023_practice/practice_2023_acoustic_perception2_task.sdf
[47.095s] -- Installing: /home/jain/Documents/GitHub/VRX_NUMarine/install/share/vrx_gz/worlds/2023_practice/practice_2023_acoustic_tracking1_task.sdf
[47.095s] -- Installing: /home/jain/Documents/GitHub/VRX_NUMarine/install/share/vrx_gz/worlds/2023_practice/practice_2023_perception1_task.sdf
[47.095s] -- Installing: /home/jain/Documents/GitHub/VRX_NUMarine/install/share/vrx_gz/worlds/2023_practice/practice_2023_stationkeeping0_task.sdf
[47.095s] -- Installing: /home/jain/Documents/GitHub/VRX_NUMarine/install/share/vrx_gz/worlds/2023_practice/practice_2023_scan_dock_deliver0_task.sdf
[47.095s] -- Installing: /home/jain/Documents/GitHub/VRX_NUMarine/install/share/vrx_gz/worlds/2023_practice/practice_2023_perception0_task.sdf
[47.096s] -- Installing: /home/jain/Documents/GitHub/VRX_NUMarine/install/share/vrx_gz/worlds/2023_practice/practice_2023_acoustic_tracking2_task.sdf
[47.096s] -- Installing: /home/jain/Documents/GitHub/VRX_NUMarine/install/share/vrx_gz/worlds/2023_practice/practice_2023_wayfinding2_task.sdf
[47.096s] -- Installing: /home/jain/Documents/GitHub/VRX_NUMarine/install/share/vrx_gz/worlds/2023_practice/practice_2023_scan_dock_deliver2_task.sdf
[47.096s] -- Installing: /home/jain/Documents/GitHub/VRX_NUMarine/install/share/vrx_gz/worlds/2023_practice/practice_2023_follow_path0_task.sdf
[47.096s] -- Installing: /home/jain/Documents/GitHub/VRX_NUMarine/install/share/vrx_gz/worlds/2023_practice/practice_2023_acoustic_perception1_task.sdf
[47.096s] -- Installing: /home/jain/Documents/GitHub/VRX_NUMarine/install/share/vrx_gz/worlds/2023_practice/practice_2023_acoustic_perception0_task.sdf
[47.097s] -- Installing: /home/jain/Documents/GitHub/VRX_NUMarine/install/share/vrx_gz/worlds/2023_practice/practice_2023_follow_path1_task.sdf
[47.097s] -- Installing: /home/jain/Documents/GitHub/VRX_NUMarine/install/share/vrx_gz/worlds/2023_practice/practice_2023_wildlife0_task.sdf
[47.097s] -- Installing: /home/jain/Documents/GitHub/VRX_NUMarine/install/share/vrx_gz/worlds/2023_practice/practice_2023_stationkeeping2_task.sdf
[47.097s] -- Installing: /home/jain/Documents/GitHub/VRX_NUMarine/install/share/vrx_gz/worlds/2023_practice/practice_2023_wildlife1_task.sdf
[47.097s] -- Installing: /home/jain/Documents/GitHub/VRX_NUMarine/install/share/vrx_gz/worlds/follow_path_task.sdf
[47.097s] -- Installing: /home/jain/Documents/GitHub/VRX_NUMarine/install/share/vrx_gz/worlds/scan_dock_deliver_task.sdf
[47.097s] -- Installing: /home/jain/Documents/GitHub/VRX_NUMarine/install/share/vrx_gz/worlds/perception_task.sdf
[47.098s] -- Installing: /home/jain/Documents/GitHub/VRX_NUMarine/install/share/vrx_gz/worlds/stationkeeping_task.sdf
[47.098s] -- Installing: /home/jain/Documents/GitHub/VRX_NUMarine/install/share/vrx_gz/worlds/nbpark.sdf
[47.098s] -- Installing: /home/jain/Documents/GitHub/VRX_NUMarine/install/share/vrx_gz/worlds/acoustic_perception_task.sdf
[47.098s] -- Installing: /home/jain/Documents/GitHub/VRX_NUMarine/install/share/vrx_gz/worlds/wayfinding_task.sdf
[47.098s] -- Installing: /home/jain/Documents/GitHub/VRX_NUMarine/install/share/ament_index/resource_index/package_run_dependencies/vrx_gz
[47.099s] -- Installing: /home/jain/Documents/GitHub/VRX_NUMarine/install/share/ament_index/resource_index/parent_prefix_path/vrx_gz
[47.099s] -- Installing: /home/jain/Documents/GitHub/VRX_NUMarine/install/share/vrx_gz/environment/ament_prefix_path.sh
[47.099s] -- Installing: /home/jain/Documents/GitHub/VRX_NUMarine/install/share/vrx_gz/environment/ament_prefix_path.dsv
[47.099s] -- Installing: /home/jain/Documents/GitHub/VRX_NUMarine/install/share/vrx_gz/environment/path.sh
[47.099s] -- Installing: /home/jain/Documents/GitHub/VRX_NUMarine/install/share/vrx_gz/environment/path.dsv
[47.099s] -- Installing: /home/jain/Documents/GitHub/VRX_NUMarine/install/share/vrx_gz/local_setup.bash
[47.100s] -- Installing: /home/jain/Documents/GitHub/VRX_NUMarine/install/share/vrx_gz/local_setup.sh
[47.100s] -- Installing: /home/jain/Documents/GitHub/VRX_NUMarine/install/share/vrx_gz/local_setup.zsh
[47.100s] -- Installing: /home/jain/Documents/GitHub/VRX_NUMarine/install/share/vrx_gz/local_setup.dsv
[47.100s] -- Installing: /home/jain/Documents/GitHub/VRX_NUMarine/install/share/vrx_gz/package.dsv
[47.100s] -- Installing: /home/jain/Documents/GitHub/VRX_NUMarine/install/share/ament_index/resource_index/packages/vrx_gz
[47.101s] -- Installing: /home/jain/Documents/GitHub/VRX_NUMarine/install/share/vrx_gz/cmake/vrx_gzConfig.cmake
[47.101s] -- Installing: /home/jain/Documents/GitHub/VRX_NUMarine/install/share/vrx_gz/cmake/vrx_gzConfig-version.cmake
[47.101s] -- Installing: /home/jain/Documents/GitHub/VRX_NUMarine/install/share/vrx_gz/package.xml
[47.105s] Invoked command in '/home/jain/Documents/GitHub/VRX_NUMarine/build/vrx_gz' returned '0': CMAKE_PREFIX_PATH=${CMAKE_PREFIX_PATH}:/opt/ros/humble /usr/bin/cmake --install /home/jain/Documents/GitHub/VRX_NUMarine/build/vrx_gz
