[0.461s] Invoking command in '/home/rileychron111/Documents/GitHub/VRX_NUMarine/build/teleop_cpp_ros2': CMAKE_PREFIX_PATH=${CMAKE_PREFIX_PATH}:/opt/ros/humble /usr/bin/cmake --build /home/rileychron111/Documents/GitHub/VRX_NUMarine/build/teleop_cpp_ros2 -- -j12 -l12
[0.559s] [100%] Built target usv_teleop
[0.587s] Invoked command in '/home/rileychron111/Documents/GitHub/VRX_NUMarine/build/teleop_cpp_ros2' returned '0': CMAKE_PREFIX_PATH=${CMAKE_PREFIX_PATH}:/opt/ros/humble /usr/bin/cmake --build /home/rileychron111/Documents/GitHub/VRX_NUMarine/build/teleop_cpp_ros2 -- -j12 -l12
[0.630s] Invoking command in '/home/rileychron111/Documents/GitHub/VRX_NUMarine/build/teleop_cpp_ros2': CMAKE_PREFIX_PATH=${CMAKE_PREFIX_PATH}:/opt/ros/humble /usr/bin/cmake --install /home/rileychron111/Documents/GitHub/VRX_NUMarine/build/teleop_cpp_ros2
[0.669s] -- Install configuration: ""
[0.669s] -- Up-to-date: /home/rileychron111/Documents/GitHub/VRX_NUMarine/install/lib/teleop_cpp_ros2/usv_teleop
[0.669s] -- Up-to-date: /home/rileychron111/Documents/GitHub/VRX_NUMarine/install/share/ament_index/resource_index/package_run_dependencies/teleop_cpp_ros2
[0.670s] -- Up-to-date: /home/rileychron111/Documents/GitHub/VRX_NUMarine/install/share/ament_index/resource_index/parent_prefix_path/teleop_cpp_ros2
[0.670s] -- Up-to-date: /home/rileychron111/Documents/GitHub/VRX_NUMarine/install/share/teleop_cpp_ros2/environment/ament_prefix_path.sh
[0.670s] -- Up-to-date: /home/rileychron111/Documents/GitHub/VRX_NUMarine/install/share/teleop_cpp_ros2/environment/ament_prefix_path.dsv
[0.670s] -- Up-to-date: /home/rileychron111/Documents/GitHub/VRX_NUMarine/install/share/teleop_cpp_ros2/environment/path.sh
[0.670s] -- Up-to-date: /home/rileychron111/Documents/GitHub/VRX_NUMarine/install/share/teleop_cpp_ros2/environment/path.dsv
[0.670s] -- Up-to-date: /home/rileychron111/Documents/GitHub/VRX_NUMarine/install/share/teleop_cpp_ros2/local_setup.bash
[0.670s] -- Up-to-date: /home/rileychron111/Documents/GitHub/VRX_NUMarine/install/share/teleop_cpp_ros2/local_setup.sh
[0.670s] -- Up-to-date: /home/rileychron111/Documents/GitHub/VRX_NUMarine/install/share/teleop_cpp_ros2/local_setup.zsh
[0.670s] -- Up-to-date: /home/rileychron111/Documents/GitHub/VRX_NUMarine/install/share/teleop_cpp_ros2/local_setup.dsv
[0.670s] -- Installing: /home/rileychron111/Documents/GitHub/VRX_NUMarine/install/share/teleop_cpp_ros2/package.dsv
[0.671s] -- Up-to-date: /home/rileychron111/Documents/GitHub/VRX_NUMarine/install/share/ament_index/resource_index/packages/teleop_cpp_ros2
[0.671s] -- Up-to-date: /home/rileychron111/Documents/GitHub/VRX_NUMarine/install/share/teleop_cpp_ros2/cmake/teleop_cpp_ros2Config.cmake
[0.671s] -- Up-to-date: /home/rileychron111/Documents/GitHub/VRX_NUMarine/install/share/teleop_cpp_ros2/cmake/teleop_cpp_ros2Config-version.cmake
[0.672s] -- Up-to-date: /home/rileychron111/Documents/GitHub/VRX_NUMarine/install/share/teleop_cpp_ros2/package.xml
[0.679s] Invoked command in '/home/rileychron111/Documents/GitHub/VRX_NUMarine/build/teleop_cpp_ros2' returned '0': CMAKE_PREFIX_PATH=${CMAKE_PREFIX_PATH}:/opt/ros/humble /usr/bin/cmake --install /home/rileychron111/Documents/GitHub/VRX_NUMarine/build/teleop_cpp_ros2
