[0.023s] Invoking command in '/home/rileychron111/Documents/GitHub/VRX_NUMarine/build/vrx_gz': AMENT_PREFIX_PATH=/home/rileychron111/Documents/GitHub/VRX_NUMarine/install:${AMENT_PREFIX_PATH} CMAKE_PREFIX_PATH=/home/rileychron111/Documents/GitHub/VRX_NUMarine/install:/opt/ros/humble PYTHONPATH=/home/rileychron111/Documents/GitHub/VRX_NUMarine/install/lib/python3.10/site-packages:${PYTHONPATH} /usr/bin/cmake --build /home/rileychron111/Documents/GitHub/VRX_NUMarine/build/vrx_gz -- -j12 -l12
[0.063s] [  4%] Built target Waves
[0.067s] [  8%] Built target ScoringPlugin
[0.067s] [  8%] Built target ament_cmake_python_copy_vrx_gz
[0.095s] [ 14%] Built target AcousticPerceptionScoringPlugin
[0.095s] [ 22%] Built target PolyhedraBuoyancyDrag
[0.095s] [ 29%] Built target WayfindingScoringPlugin
[0.096s] [ 35%] Built target StationkeepingScoringPlugin
[0.096s] [ 39%] Built target AcousticPingerPlugin
[0.097s] [ 45%] Built target AcousticTrackingScoringPlugin
[0.102s] [ 50%] Built target BallShooterPlugin
[0.103s] [ 54%] Built target LightBuoyPlugin
[0.103s] [ 58%] Built target NavigationScoringPlugin
[0.117s] [ 62%] Built target GymkhanaScoringPlugin
[0.124s] [ 66%] Built target PerceptionScoringPlugin
[0.124s] [ 70%] Built target ScanDockScoringPlugin
[0.125s] [ 75%] Built target PublisherPlugin
[0.126s] [ 79%] Built target SimpleHydrodynamics
[0.131s] [ 83%] Built target Surface
[0.131s] [ 87%] Built target PlacardPlugin
[0.133s] [ 95%] Built target WaveVisual
[0.133s] [ 95%] Built target WildlifeScoringPlugin
[0.134s] [100%] Built target USVWind
[0.246s] running egg_info
[0.247s] writing vrx_gz.egg-info/PKG-INFO
[0.247s] writing dependency_links to vrx_gz.egg-info/dependency_links.txt
[0.247s] writing top-level names to vrx_gz.egg-info/top_level.txt
[0.248s] reading manifest file 'vrx_gz.egg-info/SOURCES.txt'
[0.248s] writing manifest file 'vrx_gz.egg-info/SOURCES.txt'
[0.265s] [100%] Built target ament_cmake_python_build_vrx_gz_egg
[0.272s] Invoked command in '/home/rileychron111/Documents/GitHub/VRX_NUMarine/build/vrx_gz' returned '0': AMENT_PREFIX_PATH=/home/rileychron111/Documents/GitHub/VRX_NUMarine/install:${AMENT_PREFIX_PATH} CMAKE_PREFIX_PATH=/home/rileychron111/Documents/GitHub/VRX_NUMarine/install:/opt/ros/humble PYTHONPATH=/home/rileychron111/Documents/GitHub/VRX_NUMarine/install/lib/python3.10/site-packages:${PYTHONPATH} /usr/bin/cmake --build /home/rileychron111/Documents/GitHub/VRX_NUMarine/build/vrx_gz -- -j12 -l12
[0.312s] Invoking command in '/home/rileychron111/Documents/GitHub/VRX_NUMarine/build/vrx_gz': AMENT_PREFIX_PATH=/home/rileychron111/Documents/GitHub/VRX_NUMarine/install:${AMENT_PREFIX_PATH} CMAKE_PREFIX_PATH=/home/rileychron111/Documents/GitHub/VRX_NUMarine/install:/opt/ros/humble PYTHONPATH=/home/rileychron111/Documents/GitHub/VRX_NUMarine/install/lib/python3.10/site-packages:${PYTHONPATH} /usr/bin/cmake --install /home/rileychron111/Documents/GitHub/VRX_NUMarine/build/vrx_gz
[0.316s] -- Install configuration: ""
[0.317s] -- Installing: /home/rileychron111/Documents/GitHub/VRX_NUMarine/install/share/vrx_gz/environment/resource_paths.dsv
[0.317s] -- Installing: /home/rileychron111/Documents/GitHub/VRX_NUMarine/install/share/vrx_gz/environment/resource_paths.sh
[0.317s] -- Installing: /home/rileychron111/Documents/GitHub/VRX_NUMarine/install/lib/libWaves.so
[0.317s] -- Installing: /home/rileychron111/Documents/GitHub/VRX_NUMarine/install/lib/libPolyhedraBuoyancyDrag.so
[0.318s] -- Set runtime path of "/home/rileychron111/Documents/GitHub/VRX_NUMarine/install/lib/libPolyhedraBuoyancyDrag.so" to ""
[0.318s] -- Installing: /home/rileychron111/Documents/GitHub/VRX_NUMarine/install/lib/libScoringPlugin.so
[0.319s] -- Installing: /home/rileychron111/Documents/GitHub/VRX_NUMarine/install/lib/libStationkeepingScoringPlugin.so
[0.320s] -- Set runtime path of "/home/rileychron111/Documents/GitHub/VRX_NUMarine/install/lib/libStationkeepingScoringPlugin.so" to ""
[0.320s] -- Installing: /home/rileychron111/Documents/GitHub/VRX_NUMarine/install/lib/libWayfindingScoringPlugin.so
[0.321s] -- Set runtime path of "/home/rileychron111/Documents/GitHub/VRX_NUMarine/install/lib/libWayfindingScoringPlugin.so" to ""
[0.321s] -- Installing: /home/rileychron111/Documents/GitHub/VRX_NUMarine/install/lib/libAcousticPerceptionScoringPlugin.so
[0.323s] -- Set runtime path of "/home/rileychron111/Documents/GitHub/VRX_NUMarine/install/lib/libAcousticPerceptionScoringPlugin.so" to ""
[0.323s] -- Installing: /home/rileychron111/Documents/GitHub/VRX_NUMarine/install/lib/libAcousticTrackingScoringPlugin.so
[0.324s] -- Set runtime path of "/home/rileychron111/Documents/GitHub/VRX_NUMarine/install/lib/libAcousticTrackingScoringPlugin.so" to ""
[0.324s] -- Installing: /home/rileychron111/Documents/GitHub/VRX_NUMarine/install/lib/libAcousticPingerPlugin.so
[0.325s] -- Set runtime path of "/home/rileychron111/Documents/GitHub/VRX_NUMarine/install/lib/libAcousticPingerPlugin.so" to ""
[0.325s] -- Installing: /home/rileychron111/Documents/GitHub/VRX_NUMarine/install/lib/libBallShooterPlugin.so
[0.326s] -- Set runtime path of "/home/rileychron111/Documents/GitHub/VRX_NUMarine/install/lib/libBallShooterPlugin.so" to ""
[0.326s] -- Installing: /home/rileychron111/Documents/GitHub/VRX_NUMarine/install/lib/libLightBuoyPlugin.so
[0.327s] -- Set runtime path of "/home/rileychron111/Documents/GitHub/VRX_NUMarine/install/lib/libLightBuoyPlugin.so" to ""
[0.327s] -- Installing: /home/rileychron111/Documents/GitHub/VRX_NUMarine/install/lib/libNavigationScoringPlugin.so
[0.328s] -- Set runtime path of "/home/rileychron111/Documents/GitHub/VRX_NUMarine/install/lib/libNavigationScoringPlugin.so" to ""
[0.328s] -- Installing: /home/rileychron111/Documents/GitHub/VRX_NUMarine/install/lib/libGymkhanaScoringPlugin.so
[0.328s] -- Set runtime path of "/home/rileychron111/Documents/GitHub/VRX_NUMarine/install/lib/libGymkhanaScoringPlugin.so" to ""
[0.328s] -- Installing: /home/rileychron111/Documents/GitHub/VRX_NUMarine/install/lib/libPerceptionScoringPlugin.so
[0.329s] -- Set runtime path of "/home/rileychron111/Documents/GitHub/VRX_NUMarine/install/lib/libPerceptionScoringPlugin.so" to ""
[0.329s] -- Installing: /home/rileychron111/Documents/GitHub/VRX_NUMarine/install/lib/libPlacardPlugin.so
[0.330s] -- Set runtime path of "/home/rileychron111/Documents/GitHub/VRX_NUMarine/install/lib/libPlacardPlugin.so" to ""
[0.330s] -- Installing: /home/rileychron111/Documents/GitHub/VRX_NUMarine/install/lib/libPublisherPlugin.so
[0.331s] -- Set runtime path of "/home/rileychron111/Documents/GitHub/VRX_NUMarine/install/lib/libPublisherPlugin.so" to ""
[0.331s] -- Installing: /home/rileychron111/Documents/GitHub/VRX_NUMarine/install/lib/libScanDockScoringPlugin.so
[0.332s] -- Set runtime path of "/home/rileychron111/Documents/GitHub/VRX_NUMarine/install/lib/libScanDockScoringPlugin.so" to ""
[0.332s] -- Installing: /home/rileychron111/Documents/GitHub/VRX_NUMarine/install/lib/libSimpleHydrodynamics.so
[0.333s] -- Set runtime path of "/home/rileychron111/Documents/GitHub/VRX_NUMarine/install/lib/libSimpleHydrodynamics.so" to ""
[0.333s] -- Installing: /home/rileychron111/Documents/GitHub/VRX_NUMarine/install/lib/libSurface.so
[0.334s] -- Set runtime path of "/home/rileychron111/Documents/GitHub/VRX_NUMarine/install/lib/libSurface.so" to ""
[0.334s] -- Installing: /home/rileychron111/Documents/GitHub/VRX_NUMarine/install/lib/libUSVWind.so
[0.335s] -- Set runtime path of "/home/rileychron111/Documents/GitHub/VRX_NUMarine/install/lib/libUSVWind.so" to ""
[0.335s] -- Installing: /home/rileychron111/Documents/GitHub/VRX_NUMarine/install/lib/libWaveVisual.so
[0.336s] -- Set runtime path of "/home/rileychron111/Documents/GitHub/VRX_NUMarine/install/lib/libWaveVisual.so" to ""
[0.336s] -- Installing: /home/rileychron111/Documents/GitHub/VRX_NUMarine/install/lib/libWildlifeScoringPlugin.so
[0.337s] -- Set runtime path of "/home/rileychron111/Documents/GitHub/VRX_NUMarine/install/lib/libWildlifeScoringPlugin.so" to ""
[0.337s] -- Installing: /home/rileychron111/Documents/GitHub/VRX_NUMarine/install/share/vrx_gz/environment/pythonpath.sh
[0.337s] -- Installing: /home/rileychron111/Documents/GitHub/VRX_NUMarine/install/share/vrx_gz/environment/pythonpath.dsv
[0.337s] -- Installing: /home/rileychron111/Documents/GitHub/VRX_NUMarine/install/local/lib/python3.10/dist-packages/vrx_gz-0.0.0-py3.10.egg-info
[0.337s] -- Installing: /home/rileychron111/Documents/GitHub/VRX_NUMarine/install/local/lib/python3.10/dist-packages/vrx_gz-0.0.0-py3.10.egg-info/dependency_links.txt
[0.337s] -- Installing: /home/rileychron111/Documents/GitHub/VRX_NUMarine/install/local/lib/python3.10/dist-packages/vrx_gz-0.0.0-py3.10.egg-info/PKG-INFO
[0.337s] -- Installing: /home/rileychron111/Documents/GitHub/VRX_NUMarine/install/local/lib/python3.10/dist-packages/vrx_gz-0.0.0-py3.10.egg-info/SOURCES.txt
[0.337s] -- Installing: /home/rileychron111/Documents/GitHub/VRX_NUMarine/install/local/lib/python3.10/dist-packages/vrx_gz-0.0.0-py3.10.egg-info/top_level.txt
[0.337s] -- Installing: /home/rileychron111/Documents/GitHub/VRX_NUMarine/install/local/lib/python3.10/dist-packages/vrx_gz
[0.337s] -- Installing: /home/rileychron111/Documents/GitHub/VRX_NUMarine/install/local/lib/python3.10/dist-packages/vrx_gz/bridge.py
[0.337s] -- Installing: /home/rileychron111/Documents/GitHub/VRX_NUMarine/install/local/lib/python3.10/dist-packages/vrx_gz/bridges.py
[0.337s] -- Installing: /home/rileychron111/Documents/GitHub/VRX_NUMarine/install/local/lib/python3.10/dist-packages/vrx_gz/__init__.py
[0.337s] -- Installing: /home/rileychron111/Documents/GitHub/VRX_NUMarine/install/local/lib/python3.10/dist-packages/vrx_gz/launch.py
[0.337s] -- Installing: /home/rileychron111/Documents/GitHub/VRX_NUMarine/install/local/lib/python3.10/dist-packages/vrx_gz/payload_bridges.py
[0.337s] -- Installing: /home/rileychron111/Documents/GitHub/VRX_NUMarine/install/local/lib/python3.10/dist-packages/vrx_gz/model.py
[0.358s] Listing '/home/rileychron111/Documents/GitHub/VRX_NUMarine/install/local/lib/python3.10/dist-packages/vrx_gz'...
[0.358s] Compiling '/home/rileychron111/Documents/GitHub/VRX_NUMarine/install/local/lib/python3.10/dist-packages/vrx_gz/__init__.py'...
[0.358s] Compiling '/home/rileychron111/Documents/GitHub/VRX_NUMarine/install/local/lib/python3.10/dist-packages/vrx_gz/bridge.py'...
[0.358s] Compiling '/home/rileychron111/Documents/GitHub/VRX_NUMarine/install/local/lib/python3.10/dist-packages/vrx_gz/bridges.py'...
[0.358s] Compiling '/home/rileychron111/Documents/GitHub/VRX_NUMarine/install/local/lib/python3.10/dist-packages/vrx_gz/launch.py'...
[0.358s] Compiling '/home/rileychron111/Documents/GitHub/VRX_NUMarine/install/local/lib/python3.10/dist-packages/vrx_gz/model.py'...
[0.358s] Compiling '/home/rileychron111/Documents/GitHub/VRX_NUMarine/install/local/lib/python3.10/dist-packages/vrx_gz/payload_bridges.py'...
[0.361s] -- Installing: /home/rileychron111/Documents/GitHub/VRX_NUMarine/install/share/vrx_gz/config
[0.361s] -- Installing: /home/rileychron111/Documents/GitHub/VRX_NUMarine/install/share/vrx_gz/config/roboboat.yaml
[0.361s] -- Installing: /home/rileychron111/Documents/GitHub/VRX_NUMarine/install/share/vrx_gz/config/wamv.yaml
[0.361s] -- Installing: /home/rileychron111/Documents/GitHub/VRX_NUMarine/install/share/vrx_gz/launch
[0.361s] -- Installing: /home/rileychron111/Documents/GitHub/VRX_NUMarine/install/share/vrx_gz/launch/usv_joy_teleop.py
[0.361s] -- Installing: /home/rileychron111/Documents/GitHub/VRX_NUMarine/install/share/vrx_gz/launch/vrx_environment.launch.py
[0.361s] -- Installing: /home/rileychron111/Documents/GitHub/VRX_NUMarine/install/share/vrx_gz/launch/competition.launch.py
[0.361s] -- Installing: /home/rileychron111/Documents/GitHub/VRX_NUMarine/install/share/vrx_gz/launch/spawn_config.launch.py
[0.361s] -- Installing: /home/rileychron111/Documents/GitHub/VRX_NUMarine/install/share/vrx_gz/launch/spawn.launch.py
[0.361s] -- Installing: /home/rileychron111/Documents/GitHub/VRX_NUMarine/install/share/vrx_gz/models
[0.361s] -- Installing: /home/rileychron111/Documents/GitHub/VRX_NUMarine/install/share/vrx_gz/models/robotx_light_buoy_rgy
[0.362s] -- Installing: /home/rileychron111/Documents/GitHub/VRX_NUMarine/install/share/vrx_gz/models/robotx_light_buoy_rgy/model.sdf
[0.362s] -- Installing: /home/rileychron111/Documents/GitHub/VRX_NUMarine/install/share/vrx_gz/models/robotx_light_buoy_rgy/model.config
[0.362s] -- Installing: /home/rileychron111/Documents/GitHub/VRX_NUMarine/install/share/vrx_gz/models/short_navigation_course_2
[0.362s] -- Installing: /home/rileychron111/Documents/GitHub/VRX_NUMarine/install/share/vrx_gz/models/short_navigation_course_2/model.sdf
[0.362s] -- Installing: /home/rileychron111/Documents/GitHub/VRX_NUMarine/install/share/vrx_gz/models/short_navigation_course_2/model.config
[0.362s] -- Installing: /home/rileychron111/Documents/GitHub/VRX_NUMarine/install/share/vrx_gz/models/foldable_table
[0.362s] -- Installing: /home/rileychron111/Documents/GitHub/VRX_NUMarine/install/share/vrx_gz/models/foldable_table/model.sdf
[0.362s] -- Installing: /home/rileychron111/Documents/GitHub/VRX_NUMarine/install/share/vrx_gz/models/foldable_table/mesh
[0.362s] -- Installing: /home/rileychron111/Documents/GitHub/VRX_NUMarine/install/share/vrx_gz/models/foldable_table/mesh/foldable_table.png
[0.363s] -- Installing: /home/rileychron111/Documents/GitHub/VRX_NUMarine/install/share/vrx_gz/models/foldable_table/mesh/foldable_table.dae
[0.363s] -- Installing: /home/rileychron111/Documents/GitHub/VRX_NUMarine/install/share/vrx_gz/models/foldable_table/model.config
[0.363s] -- Installing: /home/rileychron111/Documents/GitHub/VRX_NUMarine/install/share/vrx_gz/models/foldable_table/thumbnails
[0.363s] -- Installing: /home/rileychron111/Documents/GitHub/VRX_NUMarine/install/share/vrx_gz/models/foldable_table/thumbnails/3.png
[0.364s] -- Installing: /home/rileychron111/Documents/GitHub/VRX_NUMarine/install/share/vrx_gz/models/foldable_table/thumbnails/4.png
[0.364s] -- Installing: /home/rileychron111/Documents/GitHub/VRX_NUMarine/install/share/vrx_gz/models/foldable_table/thumbnails/1.png
[0.364s] -- Installing: /home/rileychron111/Documents/GitHub/VRX_NUMarine/install/share/vrx_gz/models/foldable_table/thumbnails/5.png
[0.364s] -- Installing: /home/rileychron111/Documents/GitHub/VRX_NUMarine/install/share/vrx_gz/models/foldable_table/thumbnails/2.png
[0.365s] -- Installing: /home/rileychron111/Documents/GitHub/VRX_NUMarine/install/share/vrx_gz/models/short_navigation_course_3
[0.365s] -- Installing: /home/rileychron111/Documents/GitHub/VRX_NUMarine/install/share/vrx_gz/models/short_navigation_course_3/model.sdf
[0.365s] -- Installing: /home/rileychron111/Documents/GitHub/VRX_NUMarine/install/share/vrx_gz/models/short_navigation_course_3/model.config
[0.365s] -- Installing: /home/rileychron111/Documents/GitHub/VRX_NUMarine/install/share/vrx_gz/models/robotx_light_buoy_gbr
[0.365s] -- Installing: /home/rileychron111/Documents/GitHub/VRX_NUMarine/install/share/vrx_gz/models/robotx_light_buoy_gbr/model.sdf
[0.365s] -- Installing: /home/rileychron111/Documents/GitHub/VRX_NUMarine/install/share/vrx_gz/models/robotx_light_buoy_gbr/model.config
[0.365s] -- Installing: /home/rileychron111/Documents/GitHub/VRX_NUMarine/install/share/vrx_gz/models/obstacle_course
[0.365s] -- Installing: /home/rileychron111/Documents/GitHub/VRX_NUMarine/install/share/vrx_gz/models/obstacle_course/model.sdf
[0.366s] -- Installing: /home/rileychron111/Documents/GitHub/VRX_NUMarine/install/share/vrx_gz/models/obstacle_course/model.config
[0.366s] -- Installing: /home/rileychron111/Documents/GitHub/VRX_NUMarine/install/share/vrx_gz/models/robotx_light_buoy_bgr
[0.366s] -- Installing: /home/rileychron111/Documents/GitHub/VRX_NUMarine/install/share/vrx_gz/models/robotx_light_buoy_bgr/model.sdf
[0.366s] -- Installing: /home/rileychron111/Documents/GitHub/VRX_NUMarine/install/share/vrx_gz/models/robotx_light_buoy_bgr/model.config
[0.366s] -- Installing: /home/rileychron111/Documents/GitHub/VRX_NUMarine/install/share/vrx_gz/models/platform
[0.366s] -- Installing: /home/rileychron111/Documents/GitHub/VRX_NUMarine/install/share/vrx_gz/models/platform/model.sdf
[0.366s] -- Installing: /home/rileychron111/Documents/GitHub/VRX_NUMarine/install/share/vrx_gz/models/platform/model.config
[0.366s] -- Installing: /home/rileychron111/Documents/GitHub/VRX_NUMarine/install/share/vrx_gz/models/tent
[0.366s] -- Installing: /home/rileychron111/Documents/GitHub/VRX_NUMarine/install/share/vrx_gz/models/tent/model.sdf
[0.366s] -- Installing: /home/rileychron111/Documents/GitHub/VRX_NUMarine/install/share/vrx_gz/models/tent/mesh
[0.366s] -- Installing: /home/rileychron111/Documents/GitHub/VRX_NUMarine/install/share/vrx_gz/models/tent/mesh/tent.png
[0.367s] -- Installing: /home/rileychron111/Documents/GitHub/VRX_NUMarine/install/share/vrx_gz/models/tent/mesh/tent.dae
[0.367s] -- Installing: /home/rileychron111/Documents/GitHub/VRX_NUMarine/install/share/vrx_gz/models/tent/model.config
[0.367s] -- Installing: /home/rileychron111/Documents/GitHub/VRX_NUMarine/install/share/vrx_gz/models/tent/thumbnails
[0.367s] -- Installing: /home/rileychron111/Documents/GitHub/VRX_NUMarine/install/share/vrx_gz/models/tent/thumbnails/3.png
[0.368s] -- Installing: /home/rileychron111/Documents/GitHub/VRX_NUMarine/install/share/vrx_gz/models/tent/thumbnails/4.png
[0.368s] -- Installing: /home/rileychron111/Documents/GitHub/VRX_NUMarine/install/share/vrx_gz/models/tent/thumbnails/1.png
[0.368s] -- Installing: /home/rileychron111/Documents/GitHub/VRX_NUMarine/install/share/vrx_gz/models/tent/thumbnails/5.png
[0.369s] -- Installing: /home/rileychron111/Documents/GitHub/VRX_NUMarine/install/share/vrx_gz/models/tent/thumbnails/2.png
[0.369s] -- Installing: /home/rileychron111/Documents/GitHub/VRX_NUMarine/install/share/vrx_gz/models/short_course_2023_phase3_2
[0.369s] -- Installing: /home/rileychron111/Documents/GitHub/VRX_NUMarine/install/share/vrx_gz/models/short_course_2023_phase3_2/model.sdf
[0.369s] -- Installing: /home/rileychron111/Documents/GitHub/VRX_NUMarine/install/share/vrx_gz/models/short_course_2023_phase3_2/model.config
[0.370s] -- Installing: /home/rileychron111/Documents/GitHub/VRX_NUMarine/install/share/vrx_gz/models/roboboat02
[0.370s] -- Installing: /home/rileychron111/Documents/GitHub/VRX_NUMarine/install/share/vrx_gz/models/roboboat02/model.sdf
[0.370s] -- Installing: /home/rileychron111/Documents/GitHub/VRX_NUMarine/install/share/vrx_gz/models/roboboat02/model.config
[0.370s] -- Installing: /home/rileychron111/Documents/GitHub/VRX_NUMarine/install/share/vrx_gz/models/roboboat02/meshes
[0.370s] -- Installing: /home/rileychron111/Documents/GitHub/VRX_NUMarine/install/share/vrx_gz/models/roboboat02/meshes/roboboat02.dae
[0.371s] -- Installing: /home/rileychron111/Documents/GitHub/VRX_NUMarine/install/share/vrx_gz/models/roboboat02/materials
[0.371s] -- Installing: /home/rileychron111/Documents/GitHub/VRX_NUMarine/install/share/vrx_gz/models/roboboat02/materials/scripts
[0.372s] -- Installing: /home/rileychron111/Documents/GitHub/VRX_NUMarine/install/share/vrx_gz/models/roboboat02/materials/scripts/model.material
[0.372s] -- Installing: /home/rileychron111/Documents/GitHub/VRX_NUMarine/install/share/vrx_gz/models/roboboat02/materials/textures
[0.372s] -- Installing: /home/rileychron111/Documents/GitHub/VRX_NUMarine/install/share/vrx_gz/models/roboboat02/materials/textures/Boat02_Roughness.png
[0.375s] -- Installing: /home/rileychron111/Documents/GitHub/VRX_NUMarine/install/share/vrx_gz/models/roboboat02/materials/textures/Boat02_Metallic.png
[0.376s] -- Installing: /home/rileychron111/Documents/GitHub/VRX_NUMarine/install/share/vrx_gz/models/roboboat02/materials/textures/Boat02_Albedo.png
[0.384s] -- Installing: /home/rileychron111/Documents/GitHub/VRX_NUMarine/install/share/vrx_gz/models/roboboat02/materials/textures/Boat02_Normal.png
[0.385s] -- Installing: /home/rileychron111/Documents/GitHub/VRX_NUMarine/install/share/vrx_gz/models/dock_block_4x4
[0.385s] -- Installing: /home/rileychron111/Documents/GitHub/VRX_NUMarine/install/share/vrx_gz/models/dock_block_4x4/model.sdf
[0.385s] -- Installing: /home/rileychron111/Documents/GitHub/VRX_NUMarine/install/share/vrx_gz/models/dock_block_4x4/mesh
[0.385s] -- Installing: /home/rileychron111/Documents/GitHub/VRX_NUMarine/install/share/vrx_gz/models/dock_block_4x4/mesh/DockCubes_Normal.png
[0.411s] -- Installing: /home/rileychron111/Documents/GitHub/VRX_NUMarine/install/share/vrx_gz/models/dock_block_4x4/mesh/DockCubes_Metalness.png
[0.411s] -- Installing: /home/rileychron111/Documents/GitHub/VRX_NUMarine/install/share/vrx_gz/models/dock_block_4x4/mesh/dock_block_4x4.dae
[0.413s] -- Installing: /home/rileychron111/Documents/GitHub/VRX_NUMarine/install/share/vrx_gz/models/dock_block_4x4/mesh/DockCubes_Albedo.png
[0.414s] -- Installing: /home/rileychron111/Documents/GitHub/VRX_NUMarine/install/share/vrx_gz/models/dock_block_4x4/mesh/DockCubes_Roughness.png
[0.415s] -- Installing: /home/rileychron111/Documents/GitHub/VRX_NUMarine/install/share/vrx_gz/models/dock_block_4x4/model.config
[0.415s] -- Installing: /home/rileychron111/Documents/GitHub/VRX_NUMarine/install/share/vrx_gz/models/robotx_light_buoy_yrg
[0.415s] -- Installing: /home/rileychron111/Documents/GitHub/VRX_NUMarine/install/share/vrx_gz/models/robotx_light_buoy_yrg/model.sdf
[0.415s] -- Installing: /home/rileychron111/Documents/GitHub/VRX_NUMarine/install/share/vrx_gz/models/robotx_light_buoy_yrg/model.config
[0.415s] -- Installing: /home/rileychron111/Documents/GitHub/VRX_NUMarine/install/share/vrx_gz/models/short_navigation_course_0
[0.415s] -- Installing: /home/rileychron111/Documents/GitHub/VRX_NUMarine/install/share/vrx_gz/models/short_navigation_course_0/model.sdf
[0.416s] -- Installing: /home/rileychron111/Documents/GitHub/VRX_NUMarine/install/share/vrx_gz/models/short_navigation_course_0/model.config
[0.416s] -- Installing: /home/rileychron111/Documents/GitHub/VRX_NUMarine/install/share/vrx_gz/models/roboboat01
[0.416s] -- Installing: /home/rileychron111/Documents/GitHub/VRX_NUMarine/install/share/vrx_gz/models/roboboat01/model.sdf
[0.416s] -- Installing: /home/rileychron111/Documents/GitHub/VRX_NUMarine/install/share/vrx_gz/models/roboboat01/model.config
[0.416s] -- Installing: /home/rileychron111/Documents/GitHub/VRX_NUMarine/install/share/vrx_gz/models/roboboat01/meshes
[0.416s] -- Installing: /home/rileychron111/Documents/GitHub/VRX_NUMarine/install/share/vrx_gz/models/roboboat01/meshes/prop.dae
[0.416s] -- Installing: /home/rileychron111/Documents/GitHub/VRX_NUMarine/install/share/vrx_gz/models/roboboat01/meshes/mount.dae
[0.416s] -- Installing: /home/rileychron111/Documents/GitHub/VRX_NUMarine/install/share/vrx_gz/models/roboboat01/meshes/housing.dae
[0.417s] -- Installing: /home/rileychron111/Documents/GitHub/VRX_NUMarine/install/share/vrx_gz/models/roboboat01/meshes/roboboat01.dae
[0.419s] -- Installing: /home/rileychron111/Documents/GitHub/VRX_NUMarine/install/share/vrx_gz/models/roboboat01/materials
[0.419s] -- Installing: /home/rileychron111/Documents/GitHub/VRX_NUMarine/install/share/vrx_gz/models/roboboat01/materials/scripts
[0.419s] -- Installing: /home/rileychron111/Documents/GitHub/VRX_NUMarine/install/share/vrx_gz/models/roboboat01/materials/scripts/model.material
[0.419s] -- Installing: /home/rileychron111/Documents/GitHub/VRX_NUMarine/install/share/vrx_gz/models/roboboat01/materials/textures
[0.419s] -- Installing: /home/rileychron111/Documents/GitHub/VRX_NUMarine/install/share/vrx_gz/models/roboboat01/materials/textures/Boat01_Metallic.png
[0.419s] -- Installing: /home/rileychron111/Documents/GitHub/VRX_NUMarine/install/share/vrx_gz/models/roboboat01/materials/textures/Thruster_Albedo.png
[0.420s] -- Installing: /home/rileychron111/Documents/GitHub/VRX_NUMarine/install/share/vrx_gz/models/roboboat01/materials/textures/Boat01_Albedo.png
[0.428s] -- Installing: /home/rileychron111/Documents/GitHub/VRX_NUMarine/install/share/vrx_gz/models/roboboat01/materials/textures/Boat01_Roughness.png
[0.431s] -- Installing: /home/rileychron111/Documents/GitHub/VRX_NUMarine/install/share/vrx_gz/models/roboboat01/materials/textures/Boat01_Normal.png
[0.432s] -- Installing: /home/rileychron111/Documents/GitHub/VRX_NUMarine/install/share/vrx_gz/models/roboboat01/materials/textures/Thruster_Roughness.png
[0.433s] -- Installing: /home/rileychron111/Documents/GitHub/VRX_NUMarine/install/share/vrx_gz/models/ground_station
[0.433s] -- Installing: /home/rileychron111/Documents/GitHub/VRX_NUMarine/install/share/vrx_gz/models/ground_station/model.sdf
[0.434s] -- Installing: /home/rileychron111/Documents/GitHub/VRX_NUMarine/install/share/vrx_gz/models/ground_station/model.config
[0.434s] -- Installing: /home/rileychron111/Documents/GitHub/VRX_NUMarine/install/share/vrx_gz/models/ground_station/thumbnails
[0.434s] -- Installing: /home/rileychron111/Documents/GitHub/VRX_NUMarine/install/share/vrx_gz/models/ground_station/thumbnails/3.png
[0.434s] -- Installing: /home/rileychron111/Documents/GitHub/VRX_NUMarine/install/share/vrx_gz/models/ground_station/thumbnails/4.png
[0.434s] -- Installing: /home/rileychron111/Documents/GitHub/VRX_NUMarine/install/share/vrx_gz/models/ground_station/thumbnails/1.png
[0.435s] -- Installing: /home/rileychron111/Documents/GitHub/VRX_NUMarine/install/share/vrx_gz/models/ground_station/thumbnails/5.png
[0.435s] -- Installing: /home/rileychron111/Documents/GitHub/VRX_NUMarine/install/share/vrx_gz/models/ground_station/thumbnails/2.png
[0.435s] -- Installing: /home/rileychron111/Documents/GitHub/VRX_NUMarine/install/share/vrx_gz/models/coast_waves
[0.435s] -- Installing: /home/rileychron111/Documents/GitHub/VRX_NUMarine/install/share/vrx_gz/models/coast_waves/model.sdf
[0.435s] -- Installing: /home/rileychron111/Documents/GitHub/VRX_NUMarine/install/share/vrx_gz/models/coast_waves/model.config
[0.436s] -- Installing: /home/rileychron111/Documents/GitHub/VRX_NUMarine/install/share/vrx_gz/models/coast_waves/meshes
[0.436s] -- Installing: /home/rileychron111/Documents/GitHub/VRX_NUMarine/install/share/vrx_gz/models/coast_waves/meshes/waterlow.dae
[0.445s] -- Installing: /home/rileychron111/Documents/GitHub/VRX_NUMarine/install/share/vrx_gz/models/coast_waves/materials
[0.445s] -- Installing: /home/rileychron111/Documents/GitHub/VRX_NUMarine/install/share/vrx_gz/models/coast_waves/materials/textures
[0.445s] -- Installing: /home/rileychron111/Documents/GitHub/VRX_NUMarine/install/share/vrx_gz/models/coast_waves/materials/textures/wave_normals.dds
[0.446s] -- Installing: /home/rileychron111/Documents/GitHub/VRX_NUMarine/install/share/vrx_gz/models/coast_waves/materials/textures/skybox_lowres.dds
[0.447s] -- Installing: /home/rileychron111/Documents/GitHub/VRX_NUMarine/install/share/vrx_gz/models/coast_waves/materials/programs
[0.447s] -- Installing: /home/rileychron111/Documents/GitHub/VRX_NUMarine/install/share/vrx_gz/models/coast_waves/materials/programs/GerstnerWaves_fs_330.glsl
[0.447s] -- Installing: /home/rileychron111/Documents/GitHub/VRX_NUMarine/install/share/vrx_gz/models/coast_waves/materials/programs/GerstnerWaves_vs_330.glsl
[0.447s] -- Installing: /home/rileychron111/Documents/GitHub/VRX_NUMarine/install/share/vrx_gz/models/foldable_chair
[0.448s] -- Installing: /home/rileychron111/Documents/GitHub/VRX_NUMarine/install/share/vrx_gz/models/foldable_chair/model.sdf
[0.448s] -- Installing: /home/rileychron111/Documents/GitHub/VRX_NUMarine/install/share/vrx_gz/models/foldable_chair/mesh
[0.448s] -- Installing: /home/rileychron111/Documents/GitHub/VRX_NUMarine/install/share/vrx_gz/models/foldable_chair/mesh/foldable_chair.dae
[0.448s] -- Installing: /home/rileychron111/Documents/GitHub/VRX_NUMarine/install/share/vrx_gz/models/foldable_chair/mesh/foldable_chair.png
[0.455s] -- Installing: /home/rileychron111/Documents/GitHub/VRX_NUMarine/install/share/vrx_gz/models/foldable_chair/model.config
[0.455s] -- Installing: /home/rileychron111/Documents/GitHub/VRX_NUMarine/install/share/vrx_gz/models/foldable_chair/thumbnails
[0.455s] -- Installing: /home/rileychron111/Documents/GitHub/VRX_NUMarine/install/share/vrx_gz/models/foldable_chair/thumbnails/3.png
[0.456s] -- Installing: /home/rileychron111/Documents/GitHub/VRX_NUMarine/install/share/vrx_gz/models/foldable_chair/thumbnails/4.png
[0.456s] -- Installing: /home/rileychron111/Documents/GitHub/VRX_NUMarine/install/share/vrx_gz/models/foldable_chair/thumbnails/1.png
[0.456s] -- Installing: /home/rileychron111/Documents/GitHub/VRX_NUMarine/install/share/vrx_gz/models/foldable_chair/thumbnails/5.png
[0.457s] -- Installing: /home/rileychron111/Documents/GitHub/VRX_NUMarine/install/share/vrx_gz/models/foldable_chair/thumbnails/2.png
[0.457s] -- Installing: /home/rileychron111/Documents/GitHub/VRX_NUMarine/install/share/vrx_gz/models/robotx_light_buoy_rbg
[0.457s] -- Installing: /home/rileychron111/Documents/GitHub/VRX_NUMarine/install/share/vrx_gz/models/robotx_light_buoy_rbg/model.sdf
[0.457s] -- Installing: /home/rileychron111/Documents/GitHub/VRX_NUMarine/install/share/vrx_gz/models/robotx_light_buoy_rbg/model.config
[0.458s] -- Installing: /home/rileychron111/Documents/GitHub/VRX_NUMarine/install/share/vrx_gz/models/dock_2022_base
[0.458s] -- Installing: /home/rileychron111/Documents/GitHub/VRX_NUMarine/install/share/vrx_gz/models/dock_2022_base/model.sdf
[0.458s] -- Installing: /home/rileychron111/Documents/GitHub/VRX_NUMarine/install/share/vrx_gz/models/dock_2022_base/model.config
[0.458s] -- Installing: /home/rileychron111/Documents/GitHub/VRX_NUMarine/install/share/vrx_gz/models/symbol_triangle
[0.458s] -- Installing: /home/rileychron111/Documents/GitHub/VRX_NUMarine/install/share/vrx_gz/models/symbol_triangle/model.sdf
[0.458s] -- Installing: /home/rileychron111/Documents/GitHub/VRX_NUMarine/install/share/vrx_gz/models/symbol_triangle/mesh
[0.458s] -- Installing: /home/rileychron111/Documents/GitHub/VRX_NUMarine/install/share/vrx_gz/models/symbol_triangle/mesh/triangle.dae
[0.458s] -- Installing: /home/rileychron111/Documents/GitHub/VRX_NUMarine/install/share/vrx_gz/models/symbol_triangle/model.config
[0.458s] -- Installing: /home/rileychron111/Documents/GitHub/VRX_NUMarine/install/share/vrx_gz/models/short_navigation_course_1
[0.458s] -- Installing: /home/rileychron111/Documents/GitHub/VRX_NUMarine/install/share/vrx_gz/models/short_navigation_course_1/model.sdf
[0.458s] -- Installing: /home/rileychron111/Documents/GitHub/VRX_NUMarine/install/share/vrx_gz/models/short_navigation_course_1/model.config
[0.459s] -- Installing: /home/rileychron111/Documents/GitHub/VRX_NUMarine/install/share/vrx_gz/models/placard_2022
[0.459s] -- Installing: /home/rileychron111/Documents/GitHub/VRX_NUMarine/install/share/vrx_gz/models/placard_2022/model.sdf
[0.459s] -- Installing: /home/rileychron111/Documents/GitHub/VRX_NUMarine/install/share/vrx_gz/models/placard_2022/model.config
[0.459s] -- Installing: /home/rileychron111/Documents/GitHub/VRX_NUMarine/install/share/vrx_gz/models/placard_2022/meshes
[0.459s] -- Installing: /home/rileychron111/Documents/GitHub/VRX_NUMarine/install/share/vrx_gz/models/placard_2022/meshes/placard_2022.dae
[0.459s] -- Installing: /home/rileychron111/Documents/GitHub/VRX_NUMarine/install/share/vrx_gz/models/placard_2022/materials
[0.459s] -- Installing: /home/rileychron111/Documents/GitHub/VRX_NUMarine/install/share/vrx_gz/models/placard_2022/materials/textures
[0.459s] -- Installing: /home/rileychron111/Documents/GitHub/VRX_NUMarine/install/share/vrx_gz/models/placard_2022/materials/textures/Placard.png
[0.459s] -- Installing: /home/rileychron111/Documents/GitHub/VRX_NUMarine/install/share/vrx_gz/models/articulated_platform
[0.459s] -- Installing: /home/rileychron111/Documents/GitHub/VRX_NUMarine/install/share/vrx_gz/models/articulated_platform/model.sdf
[0.459s] -- Installing: /home/rileychron111/Documents/GitHub/VRX_NUMarine/install/share/vrx_gz/models/articulated_platform/model.config
[0.459s] -- Installing: /home/rileychron111/Documents/GitHub/VRX_NUMarine/install/share/vrx_gz/models/post
[0.459s] -- Installing: /home/rileychron111/Documents/GitHub/VRX_NUMarine/install/share/vrx_gz/models/post/model.sdf
[0.459s] -- Installing: /home/rileychron111/Documents/GitHub/VRX_NUMarine/install/share/vrx_gz/models/post/model.config
[0.460s] -- Installing: /home/rileychron111/Documents/GitHub/VRX_NUMarine/install/share/vrx_gz/models/post/meshes
[0.460s] -- Installing: /home/rileychron111/Documents/GitHub/VRX_NUMarine/install/share/vrx_gz/models/post/meshes/post.dae
[0.460s] -- Installing: /home/rileychron111/Documents/GitHub/VRX_NUMarine/install/share/vrx_gz/models/post/thumbnails
[0.460s] -- Installing: /home/rileychron111/Documents/GitHub/VRX_NUMarine/install/share/vrx_gz/models/post/thumbnails/3.png
[0.460s] -- Installing: /home/rileychron111/Documents/GitHub/VRX_NUMarine/install/share/vrx_gz/models/post/thumbnails/4.png
[0.460s] -- Installing: /home/rileychron111/Documents/GitHub/VRX_NUMarine/install/share/vrx_gz/models/post/thumbnails/1.png
[0.461s] -- Installing: /home/rileychron111/Documents/GitHub/VRX_NUMarine/install/share/vrx_gz/models/post/thumbnails/5.png
[0.461s] -- Installing: /home/rileychron111/Documents/GitHub/VRX_NUMarine/install/share/vrx_gz/models/post/thumbnails/2.png
[0.461s] -- Installing: /home/rileychron111/Documents/GitHub/VRX_NUMarine/install/share/vrx_gz/models/post/materials
[0.461s] -- Installing: /home/rileychron111/Documents/GitHub/VRX_NUMarine/install/share/vrx_gz/models/post/materials/textures
[0.461s] -- Installing: /home/rileychron111/Documents/GitHub/VRX_NUMarine/install/share/vrx_gz/models/post/materials/textures/post.png
[0.467s] -- Installing: /home/rileychron111/Documents/GitHub/VRX_NUMarine/install/share/vrx_gz/models/mb_marker_buoy_black
[0.467s] -- Installing: /home/rileychron111/Documents/GitHub/VRX_NUMarine/install/share/vrx_gz/models/mb_marker_buoy_black/model.sdf
[0.468s] -- Installing: /home/rileychron111/Documents/GitHub/VRX_NUMarine/install/share/vrx_gz/models/mb_marker_buoy_black/model.config
[0.468s] -- Installing: /home/rileychron111/Documents/GitHub/VRX_NUMarine/install/share/vrx_gz/models/mb_marker_buoy_black/thumbnails
[0.468s] -- Installing: /home/rileychron111/Documents/GitHub/VRX_NUMarine/install/share/vrx_gz/models/mb_marker_buoy_black/thumbnails/3.png
[0.468s] -- Installing: /home/rileychron111/Documents/GitHub/VRX_NUMarine/install/share/vrx_gz/models/mb_marker_buoy_black/thumbnails/4.png
[0.468s] -- Installing: /home/rileychron111/Documents/GitHub/VRX_NUMarine/install/share/vrx_gz/models/mb_marker_buoy_black/thumbnails/1.png
[0.468s] -- Installing: /home/rileychron111/Documents/GitHub/VRX_NUMarine/install/share/vrx_gz/models/mb_marker_buoy_black/thumbnails/5.png
[0.469s] -- Installing: /home/rileychron111/Documents/GitHub/VRX_NUMarine/install/share/vrx_gz/models/mb_marker_buoy_black/thumbnails/2.png
[0.469s] -- Installing: /home/rileychron111/Documents/GitHub/VRX_NUMarine/install/share/vrx_gz/models/mb_round_buoy_black
[0.469s] -- Installing: /home/rileychron111/Documents/GitHub/VRX_NUMarine/install/share/vrx_gz/models/mb_round_buoy_black/model.sdf
[0.469s] -- Installing: /home/rileychron111/Documents/GitHub/VRX_NUMarine/install/share/vrx_gz/models/mb_round_buoy_black/model.config
[0.469s] -- Installing: /home/rileychron111/Documents/GitHub/VRX_NUMarine/install/share/vrx_gz/models/mb_round_buoy_black/thumbnails
[0.469s] -- Installing: /home/rileychron111/Documents/GitHub/VRX_NUMarine/install/share/vrx_gz/models/mb_round_buoy_black/thumbnails/3.png
[0.470s] -- Installing: /home/rileychron111/Documents/GitHub/VRX_NUMarine/install/share/vrx_gz/models/mb_round_buoy_black/thumbnails/4.png
[0.470s] -- Installing: /home/rileychron111/Documents/GitHub/VRX_NUMarine/install/share/vrx_gz/models/mb_round_buoy_black/thumbnails/1.png
[0.471s] -- Installing: /home/rileychron111/Documents/GitHub/VRX_NUMarine/install/share/vrx_gz/models/mb_round_buoy_black/thumbnails/5.png
[0.471s] -- Installing: /home/rileychron111/Documents/GitHub/VRX_NUMarine/install/share/vrx_gz/models/mb_round_buoy_black/thumbnails/2.png
[0.471s] -- Installing: /home/rileychron111/Documents/GitHub/VRX_NUMarine/install/share/vrx_gz/models/mb_marker_buoy_white
[0.471s] -- Installing: /home/rileychron111/Documents/GitHub/VRX_NUMarine/install/share/vrx_gz/models/mb_marker_buoy_white/model.sdf
[0.471s] -- Installing: /home/rileychron111/Documents/GitHub/VRX_NUMarine/install/share/vrx_gz/models/mb_marker_buoy_white/model.config
[0.471s] -- Installing: /home/rileychron111/Documents/GitHub/VRX_NUMarine/install/share/vrx_gz/models/mb_marker_buoy_white/thumbnails
[0.471s] -- Installing: /home/rileychron111/Documents/GitHub/VRX_NUMarine/install/share/vrx_gz/models/mb_marker_buoy_white/thumbnails/3.png
[0.472s] -- Installing: /home/rileychron111/Documents/GitHub/VRX_NUMarine/install/share/vrx_gz/models/mb_marker_buoy_white/thumbnails/4.png
[0.472s] -- Installing: /home/rileychron111/Documents/GitHub/VRX_NUMarine/install/share/vrx_gz/models/mb_marker_buoy_white/thumbnails/1.png
[0.472s] -- Installing: /home/rileychron111/Documents/GitHub/VRX_NUMarine/install/share/vrx_gz/models/mb_marker_buoy_white/thumbnails/5.png
[0.472s] -- Installing: /home/rileychron111/Documents/GitHub/VRX_NUMarine/install/share/vrx_gz/models/mb_marker_buoy_white/thumbnails/2.png
[0.473s] -- Installing: /home/rileychron111/Documents/GitHub/VRX_NUMarine/install/share/vrx_gz/models/entrance_exit
[0.473s] -- Installing: /home/rileychron111/Documents/GitHub/VRX_NUMarine/install/share/vrx_gz/models/entrance_exit/model.sdf
[0.473s] -- Installing: /home/rileychron111/Documents/GitHub/VRX_NUMarine/install/share/vrx_gz/models/entrance_exit/model.config
[0.473s] -- Installing: /home/rileychron111/Documents/GitHub/VRX_NUMarine/install/share/vrx_gz/models/short_navigation_course_4
[0.473s] -- Installing: /home/rileychron111/Documents/GitHub/VRX_NUMarine/install/share/vrx_gz/models/short_navigation_course_4/model.sdf
[0.473s] -- Installing: /home/rileychron111/Documents/GitHub/VRX_NUMarine/install/share/vrx_gz/models/short_navigation_course_4/model.config
[0.473s] -- Installing: /home/rileychron111/Documents/GitHub/VRX_NUMarine/install/share/vrx_gz/models/robotx_light_buoy_ybr
[0.473s] -- Installing: /home/rileychron111/Documents/GitHub/VRX_NUMarine/install/share/vrx_gz/models/robotx_light_buoy_ybr/model.sdf
[0.473s] -- Installing: /home/rileychron111/Documents/GitHub/VRX_NUMarine/install/share/vrx_gz/models/robotx_light_buoy_ybr/model.config
[0.473s] -- Installing: /home/rileychron111/Documents/GitHub/VRX_NUMarine/install/share/vrx_gz/models/sydney_regatta
[0.473s] -- Installing: /home/rileychron111/Documents/GitHub/VRX_NUMarine/install/share/vrx_gz/models/sydney_regatta/model.sdf
[0.474s] -- Installing: /home/rileychron111/Documents/GitHub/VRX_NUMarine/install/share/vrx_gz/models/sydney_regatta/model.config
[0.474s] -- Installing: /home/rileychron111/Documents/GitHub/VRX_NUMarine/install/share/vrx_gz/models/sydney_regatta/meshes
[0.474s] -- Installing: /home/rileychron111/Documents/GitHub/VRX_NUMarine/install/share/vrx_gz/models/sydney_regatta/meshes/sydney_regatta_shore.dae
[0.475s] -- Installing: /home/rileychron111/Documents/GitHub/VRX_NUMarine/install/share/vrx_gz/models/sydney_regatta/meshes/sydney_regatta.dae
[0.488s] -- Installing: /home/rileychron111/Documents/GitHub/VRX_NUMarine/install/share/vrx_gz/models/sydney_regatta/thumbnails
[0.488s] -- Installing: /home/rileychron111/Documents/GitHub/VRX_NUMarine/install/share/vrx_gz/models/sydney_regatta/thumbnails/3.png
[0.488s] -- Installing: /home/rileychron111/Documents/GitHub/VRX_NUMarine/install/share/vrx_gz/models/sydney_regatta/thumbnails/4.png
[0.488s] -- Installing: /home/rileychron111/Documents/GitHub/VRX_NUMarine/install/share/vrx_gz/models/sydney_regatta/thumbnails/1.png
[0.488s] -- Installing: /home/rileychron111/Documents/GitHub/VRX_NUMarine/install/share/vrx_gz/models/sydney_regatta/thumbnails/5.png
[0.488s] -- Installing: /home/rileychron111/Documents/GitHub/VRX_NUMarine/install/share/vrx_gz/models/sydney_regatta/thumbnails/2.png
[0.488s] -- Installing: /home/rileychron111/Documents/GitHub/VRX_NUMarine/install/share/vrx_gz/models/sydney_regatta/materials
[0.488s] -- Installing: /home/rileychron111/Documents/GitHub/VRX_NUMarine/install/share/vrx_gz/models/sydney_regatta/materials/textures
[0.489s] -- Installing: /home/rileychron111/Documents/GitHub/VRX_NUMarine/install/share/vrx_gz/models/sydney_regatta/materials/textures/MetalGalvanized.png
[0.501s] -- Installing: /home/rileychron111/Documents/GitHub/VRX_NUMarine/install/share/vrx_gz/models/sydney_regatta/materials/textures/Terrain.png
[0.526s] -- Installing: /home/rileychron111/Documents/GitHub/VRX_NUMarine/install/share/vrx_gz/models/sydney_regatta/materials/textures/DockDark.png
[0.541s] -- Installing: /home/rileychron111/Documents/GitHub/VRX_NUMarine/install/share/vrx_gz/models/sydney_regatta/materials/textures/Wall_05.png
[0.543s] -- Installing: /home/rileychron111/Documents/GitHub/VRX_NUMarine/install/share/vrx_gz/models/sydney_regatta/materials/textures/RoofCorrugated.png
[0.556s] -- Installing: /home/rileychron111/Documents/GitHub/VRX_NUMarine/install/share/vrx_gz/models/sydney_regatta/materials/textures/Windows_Dark.png
[0.557s] -- Installing: /home/rileychron111/Documents/GitHub/VRX_NUMarine/install/share/vrx_gz/models/sydney_regatta/materials/textures/Dock.png
[0.572s] -- Installing: /home/rileychron111/Documents/GitHub/VRX_NUMarine/install/share/vrx_gz/models/sydney_regatta/materials/textures/TreeDiffuse.png
[0.574s] -- Installing: /home/rileychron111/Documents/GitHub/VRX_NUMarine/install/share/vrx_gz/models/roboboat_cpubox
[0.574s] -- Installing: /home/rileychron111/Documents/GitHub/VRX_NUMarine/install/share/vrx_gz/models/roboboat_cpubox/model.sdf
[0.574s] -- Installing: /home/rileychron111/Documents/GitHub/VRX_NUMarine/install/share/vrx_gz/models/roboboat_cpubox/model.config
[0.574s] -- Installing: /home/rileychron111/Documents/GitHub/VRX_NUMarine/install/share/vrx_gz/models/roboboat_cpubox/meshes
[0.574s] -- Installing: /home/rileychron111/Documents/GitHub/VRX_NUMarine/install/share/vrx_gz/models/roboboat_cpubox/meshes/drybox.dae
[0.575s] -- Installing: /home/rileychron111/Documents/GitHub/VRX_NUMarine/install/share/vrx_gz/models/roboboat_cpubox/materials
[0.575s] -- Installing: /home/rileychron111/Documents/GitHub/VRX_NUMarine/install/share/vrx_gz/models/roboboat_cpubox/materials/textures
[0.575s] -- Installing: /home/rileychron111/Documents/GitHub/VRX_NUMarine/install/share/vrx_gz/models/roboboat_cpubox/materials/textures/DryBox_Albedo.png
[0.583s] -- Installing: /home/rileychron111/Documents/GitHub/VRX_NUMarine/install/share/vrx_gz/models/roboboat_cpubox/materials/textures/DryBox_Roughness.png
[0.589s] -- Installing: /home/rileychron111/Documents/GitHub/VRX_NUMarine/install/share/vrx_gz/models/mb_marker_buoy_red
[0.589s] -- Installing: /home/rileychron111/Documents/GitHub/VRX_NUMarine/install/share/vrx_gz/models/mb_marker_buoy_red/model.sdf
[0.589s] -- Installing: /home/rileychron111/Documents/GitHub/VRX_NUMarine/install/share/vrx_gz/models/mb_marker_buoy_red/model.config
[0.589s] -- Installing: /home/rileychron111/Documents/GitHub/VRX_NUMarine/install/share/vrx_gz/models/mb_marker_buoy_red/meshes
[0.589s] -- Installing: /home/rileychron111/Documents/GitHub/VRX_NUMarine/install/share/vrx_gz/models/mb_marker_buoy_red/meshes/mb_marker_buoy.dae
[0.590s] -- Installing: /home/rileychron111/Documents/GitHub/VRX_NUMarine/install/share/vrx_gz/models/mb_marker_buoy_red/thumbnails
[0.590s] -- Installing: /home/rileychron111/Documents/GitHub/VRX_NUMarine/install/share/vrx_gz/models/mb_marker_buoy_red/thumbnails/3.png
[0.590s] -- Installing: /home/rileychron111/Documents/GitHub/VRX_NUMarine/install/share/vrx_gz/models/mb_marker_buoy_red/thumbnails/4.png
[0.591s] -- Installing: /home/rileychron111/Documents/GitHub/VRX_NUMarine/install/share/vrx_gz/models/mb_marker_buoy_red/thumbnails/1.png
[0.591s] -- Installing: /home/rileychron111/Documents/GitHub/VRX_NUMarine/install/share/vrx_gz/models/mb_marker_buoy_red/thumbnails/5.png
[0.591s] -- Installing: /home/rileychron111/Documents/GitHub/VRX_NUMarine/install/share/vrx_gz/models/mb_marker_buoy_red/thumbnails/2.png
[0.591s] -- Installing: /home/rileychron111/Documents/GitHub/VRX_NUMarine/install/share/vrx_gz/models/mb_marker_buoy_red/materials
[0.591s] -- Installing: /home/rileychron111/Documents/GitHub/VRX_NUMarine/install/share/vrx_gz/models/mb_marker_buoy_red/materials/textures
[0.591s] -- Installing: /home/rileychron111/Documents/GitHub/VRX_NUMarine/install/share/vrx_gz/models/mb_marker_buoy_red/materials/textures/MarkerBuoy_Roughness.png
[0.592s] -- Installing: /home/rileychron111/Documents/GitHub/VRX_NUMarine/install/share/vrx_gz/models/mb_marker_buoy_red/materials/textures/MarkerBuoy_Base_Color.png
[0.594s] -- Installing: /home/rileychron111/Documents/GitHub/VRX_NUMarine/install/share/vrx_gz/models/robotx_light_buoy_bgy
[0.594s] -- Installing: /home/rileychron111/Documents/GitHub/VRX_NUMarine/install/share/vrx_gz/models/robotx_light_buoy_bgy/model.sdf
[0.594s] -- Installing: /home/rileychron111/Documents/GitHub/VRX_NUMarine/install/share/vrx_gz/models/robotx_light_buoy_bgy/model.config
[0.594s] -- Installing: /home/rileychron111/Documents/GitHub/VRX_NUMarine/install/share/vrx_gz/models/short_course_2023_phase3_1
[0.594s] -- Installing: /home/rileychron111/Documents/GitHub/VRX_NUMarine/install/share/vrx_gz/models/short_course_2023_phase3_1/model.sdf
[0.595s] -- Installing: /home/rileychron111/Documents/GitHub/VRX_NUMarine/install/share/vrx_gz/models/short_course_2023_phase3_1/model.config
[0.595s] -- Installing: /home/rileychron111/Documents/GitHub/VRX_NUMarine/install/share/vrx_gz/models/robotx_light_buoy_ygb
[0.595s] -- Installing: /home/rileychron111/Documents/GitHub/VRX_NUMarine/install/share/vrx_gz/models/robotx_light_buoy_ygb/model.sdf
[0.595s] -- Installing: /home/rileychron111/Documents/GitHub/VRX_NUMarine/install/share/vrx_gz/models/robotx_light_buoy_ygb/model.config
[0.595s] -- Installing: /home/rileychron111/Documents/GitHub/VRX_NUMarine/install/share/vrx_gz/models/short_navigation_course_5
[0.595s] -- Installing: /home/rileychron111/Documents/GitHub/VRX_NUMarine/install/share/vrx_gz/models/short_navigation_course_5/model.sdf
[0.595s] -- Installing: /home/rileychron111/Documents/GitHub/VRX_NUMarine/install/share/vrx_gz/models/short_navigation_course_5/model.config
[0.595s] -- Installing: /home/rileychron111/Documents/GitHub/VRX_NUMarine/install/share/vrx_gz/models/robotx_light_buoy_rgb
[0.595s] -- Installing: /home/rileychron111/Documents/GitHub/VRX_NUMarine/install/share/vrx_gz/models/robotx_light_buoy_rgb/model.sdf
[0.595s] -- Installing: /home/rileychron111/Documents/GitHub/VRX_NUMarine/install/share/vrx_gz/models/robotx_light_buoy_rgb/mesh
[0.595s] -- Installing: /home/rileychron111/Documents/GitHub/VRX_NUMarine/install/share/vrx_gz/models/robotx_light_buoy_rgb/mesh/LightTower_Albedo.png
[0.599s] -- Installing: /home/rileychron111/Documents/GitHub/VRX_NUMarine/install/share/vrx_gz/models/robotx_light_buoy_rgb/mesh/LightTower_Roughness.png
[0.600s] -- Installing: /home/rileychron111/Documents/GitHub/VRX_NUMarine/install/share/vrx_gz/models/robotx_light_buoy_rgb/mesh/robotx_light_buoy.dae
[0.602s] -- Installing: /home/rileychron111/Documents/GitHub/VRX_NUMarine/install/share/vrx_gz/models/robotx_light_buoy_rgb/mesh/LightTower_Opacity.png
[0.602s] -- Installing: /home/rileychron111/Documents/GitHub/VRX_NUMarine/install/share/vrx_gz/models/robotx_light_buoy_rgb/mesh/LightTower_Normal.png
[0.605s] -- Installing: /home/rileychron111/Documents/GitHub/VRX_NUMarine/install/share/vrx_gz/models/robotx_light_buoy_rgb/mesh/LightTower_Metalness.png
[0.605s] -- Installing: /home/rileychron111/Documents/GitHub/VRX_NUMarine/install/share/vrx_gz/models/robotx_light_buoy_rgb/model.config
[0.605s] -- Installing: /home/rileychron111/Documents/GitHub/VRX_NUMarine/install/share/vrx_gz/models/euro pallet
[0.605s] -- Installing: /home/rileychron111/Documents/GitHub/VRX_NUMarine/install/share/vrx_gz/models/euro pallet/model.sdf
[0.605s] -- Installing: /home/rileychron111/Documents/GitHub/VRX_NUMarine/install/share/vrx_gz/models/euro pallet/model.config
[0.605s] -- Installing: /home/rileychron111/Documents/GitHub/VRX_NUMarine/install/share/vrx_gz/models/euro pallet/meshes
[0.605s] -- Installing: /home/rileychron111/Documents/GitHub/VRX_NUMarine/install/share/vrx_gz/models/euro pallet/meshes/pallet.dae
[0.605s] -- Installing: /home/rileychron111/Documents/GitHub/VRX_NUMarine/install/share/vrx_gz/models/euro pallet/thumbnails
[0.605s] -- Installing: /home/rileychron111/Documents/GitHub/VRX_NUMarine/install/share/vrx_gz/models/euro pallet/thumbnails/3.png
[0.606s] -- Installing: /home/rileychron111/Documents/GitHub/VRX_NUMarine/install/share/vrx_gz/models/euro pallet/thumbnails/4.png
[0.606s] -- Installing: /home/rileychron111/Documents/GitHub/VRX_NUMarine/install/share/vrx_gz/models/euro pallet/thumbnails/1.png
[0.606s] -- Installing: /home/rileychron111/Documents/GitHub/VRX_NUMarine/install/share/vrx_gz/models/euro pallet/thumbnails/5.png
[0.606s] -- Installing: /home/rileychron111/Documents/GitHub/VRX_NUMarine/install/share/vrx_gz/models/euro pallet/thumbnails/2.png
[0.606s] -- Installing: /home/rileychron111/Documents/GitHub/VRX_NUMarine/install/share/vrx_gz/models/mb_marker_buoy_green
[0.606s] -- Installing: /home/rileychron111/Documents/GitHub/VRX_NUMarine/install/share/vrx_gz/models/mb_marker_buoy_green/model.sdf
[0.606s] -- Installing: /home/rileychron111/Documents/GitHub/VRX_NUMarine/install/share/vrx_gz/models/mb_marker_buoy_green/model.config
[0.606s] -- Installing: /home/rileychron111/Documents/GitHub/VRX_NUMarine/install/share/vrx_gz/models/mb_marker_buoy_green/thumbnails
[0.606s] -- Installing: /home/rileychron111/Documents/GitHub/VRX_NUMarine/install/share/vrx_gz/models/mb_marker_buoy_green/thumbnails/3.png
[0.606s] -- Installing: /home/rileychron111/Documents/GitHub/VRX_NUMarine/install/share/vrx_gz/models/mb_marker_buoy_green/thumbnails/4.png
[0.607s] -- Installing: /home/rileychron111/Documents/GitHub/VRX_NUMarine/install/share/vrx_gz/models/mb_marker_buoy_green/thumbnails/1.png
[0.607s] -- Installing: /home/rileychron111/Documents/GitHub/VRX_NUMarine/install/share/vrx_gz/models/mb_marker_buoy_green/thumbnails/5.png
[0.607s] -- Installing: /home/rileychron111/Documents/GitHub/VRX_NUMarine/install/share/vrx_gz/models/mb_marker_buoy_green/thumbnails/2.png
[0.608s] -- Installing: /home/rileychron111/Documents/GitHub/VRX_NUMarine/install/share/vrx_gz/models/antenna
[0.608s] -- Installing: /home/rileychron111/Documents/GitHub/VRX_NUMarine/install/share/vrx_gz/models/antenna/model.sdf
[0.608s] -- Installing: /home/rileychron111/Documents/GitHub/VRX_NUMarine/install/share/vrx_gz/models/antenna/model.config
[0.608s] -- Installing: /home/rileychron111/Documents/GitHub/VRX_NUMarine/install/share/vrx_gz/models/antenna/meshes
[0.608s] -- Installing: /home/rileychron111/Documents/GitHub/VRX_NUMarine/install/share/vrx_gz/models/antenna/meshes/antenna.png
[0.609s] -- Installing: /home/rileychron111/Documents/GitHub/VRX_NUMarine/install/share/vrx_gz/models/antenna/meshes/antenna.dae
[0.610s] -- Installing: /home/rileychron111/Documents/GitHub/VRX_NUMarine/install/share/vrx_gz/models/antenna/thumbnails
[0.610s] -- Installing: /home/rileychron111/Documents/GitHub/VRX_NUMarine/install/share/vrx_gz/models/antenna/thumbnails/3.png
[0.610s] -- Installing: /home/rileychron111/Documents/GitHub/VRX_NUMarine/install/share/vrx_gz/models/antenna/thumbnails/4.png
[0.610s] -- Installing: /home/rileychron111/Documents/GitHub/VRX_NUMarine/install/share/vrx_gz/models/antenna/thumbnails/1.png
[0.610s] -- Installing: /home/rileychron111/Documents/GitHub/VRX_NUMarine/install/share/vrx_gz/models/antenna/thumbnails/5.png
[0.611s] -- Installing: /home/rileychron111/Documents/GitHub/VRX_NUMarine/install/share/vrx_gz/models/antenna/thumbnails/2.png
[0.611s] -- Installing: /home/rileychron111/Documents/GitHub/VRX_NUMarine/install/share/vrx_gz/models/mb_round_buoy_orange
[0.611s] -- Installing: /home/rileychron111/Documents/GitHub/VRX_NUMarine/install/share/vrx_gz/models/mb_round_buoy_orange/model.sdf
[0.611s] -- Installing: /home/rileychron111/Documents/GitHub/VRX_NUMarine/install/share/vrx_gz/models/mb_round_buoy_orange/model.config
[0.611s] -- Installing: /home/rileychron111/Documents/GitHub/VRX_NUMarine/install/share/vrx_gz/models/mb_round_buoy_orange/meshes
[0.611s] -- Installing: /home/rileychron111/Documents/GitHub/VRX_NUMarine/install/share/vrx_gz/models/mb_round_buoy_orange/meshes/mb_round_buoy.dae
[0.612s] -- Installing: /home/rileychron111/Documents/GitHub/VRX_NUMarine/install/share/vrx_gz/models/mb_round_buoy_orange/thumbnails
[0.612s] -- Installing: /home/rileychron111/Documents/GitHub/VRX_NUMarine/install/share/vrx_gz/models/mb_round_buoy_orange/thumbnails/3.png
[0.612s] -- Installing: /home/rileychron111/Documents/GitHub/VRX_NUMarine/install/share/vrx_gz/models/mb_round_buoy_orange/thumbnails/4.png
[0.612s] -- Installing: /home/rileychron111/Documents/GitHub/VRX_NUMarine/install/share/vrx_gz/models/mb_round_buoy_orange/thumbnails/1.png
[0.613s] -- Installing: /home/rileychron111/Documents/GitHub/VRX_NUMarine/install/share/vrx_gz/models/mb_round_buoy_orange/thumbnails/5.png
[0.613s] -- Installing: /home/rileychron111/Documents/GitHub/VRX_NUMarine/install/share/vrx_gz/models/mb_round_buoy_orange/thumbnails/2.png
[0.614s] -- Installing: /home/rileychron111/Documents/GitHub/VRX_NUMarine/install/share/vrx_gz/models/mb_round_buoy_orange/materials
[0.614s] -- Installing: /home/rileychron111/Documents/GitHub/VRX_NUMarine/install/share/vrx_gz/models/mb_round_buoy_orange/materials/textures
[0.614s] -- Installing: /home/rileychron111/Documents/GitHub/VRX_NUMarine/install/share/vrx_gz/models/mb_round_buoy_orange/materials/textures/RoundBarrierBuoy_Base_Color.png
[0.616s] -- Installing: /home/rileychron111/Documents/GitHub/VRX_NUMarine/install/share/vrx_gz/models/mb_round_buoy_orange/materials/textures/RoundBarrierBuoy_Roughness.png
[0.617s] -- Installing: /home/rileychron111/Documents/GitHub/VRX_NUMarine/install/share/vrx_gz/models/dock_2022
[0.617s] -- Installing: /home/rileychron111/Documents/GitHub/VRX_NUMarine/install/share/vrx_gz/models/dock_2022/model.sdf
[0.617s] -- Installing: /home/rileychron111/Documents/GitHub/VRX_NUMarine/install/share/vrx_gz/models/dock_2022/model.config
[0.617s] -- Installing: /home/rileychron111/Documents/GitHub/VRX_NUMarine/install/share/vrx_gz/worlds
[0.617s] -- Installing: /home/rileychron111/Documents/GitHub/VRX_NUMarine/install/share/vrx_gz/worlds/follow_path_task.sdf
[0.617s] -- Installing: /home/rileychron111/Documents/GitHub/VRX_NUMarine/install/share/vrx_gz/worlds/stationkeeping_task.sdf
[0.618s] -- Installing: /home/rileychron111/Documents/GitHub/VRX_NUMarine/install/share/vrx_gz/worlds/gymkhana_task.sdf
[0.618s] -- Installing: /home/rileychron111/Documents/GitHub/VRX_NUMarine/install/share/vrx_gz/worlds/acoustic_tracking_task.sdf
[0.618s] -- Installing: /home/rileychron111/Documents/GitHub/VRX_NUMarine/install/share/vrx_gz/worlds/perception_task.sdf
[0.618s] -- Installing: /home/rileychron111/Documents/GitHub/VRX_NUMarine/install/share/vrx_gz/worlds/navigation_task.sdf
[0.618s] -- Installing: /home/rileychron111/Documents/GitHub/VRX_NUMarine/install/share/vrx_gz/worlds/nbpark.sdf
[0.618s] -- Installing: /home/rileychron111/Documents/GitHub/VRX_NUMarine/install/share/vrx_gz/worlds/sydney_regatta.sdf
[0.619s] -- Installing: /home/rileychron111/Documents/GitHub/VRX_NUMarine/install/share/vrx_gz/worlds/wayfinding_task.sdf
[0.619s] -- Installing: /home/rileychron111/Documents/GitHub/VRX_NUMarine/install/share/vrx_gz/worlds/wildlife_task.sdf
[0.619s] -- Installing: /home/rileychron111/Documents/GitHub/VRX_NUMarine/install/share/vrx_gz/worlds/scan_dock_deliver_task.sdf
[0.619s] -- Installing: /home/rileychron111/Documents/GitHub/VRX_NUMarine/install/share/vrx_gz/worlds/acoustic_perception_task.sdf
[0.620s] -- Installing: /home/rileychron111/Documents/GitHub/VRX_NUMarine/install/share/vrx_gz/worlds/2023_practice
[0.620s] -- Installing: /home/rileychron111/Documents/GitHub/VRX_NUMarine/install/share/vrx_gz/worlds/2023_practice/practice_2023_follow_path0_task.sdf
[0.620s] -- Installing: /home/rileychron111/Documents/GitHub/VRX_NUMarine/install/share/vrx_gz/worlds/2023_practice/practice_2023_scan_dock_deliver0_task.sdf
[0.620s] -- Installing: /home/rileychron111/Documents/GitHub/VRX_NUMarine/install/share/vrx_gz/worlds/2023_practice/practice_2023_scan_dock_deliver2_task.sdf
[0.620s] -- Installing: /home/rileychron111/Documents/GitHub/VRX_NUMarine/install/share/vrx_gz/worlds/2023_practice/practice_2023_acoustic_tracking1_task.sdf
[0.621s] -- Installing: /home/rileychron111/Documents/GitHub/VRX_NUMarine/install/share/vrx_gz/worlds/2023_practice/practice_2023_acoustic_perception0_task.sdf
[0.621s] -- Installing: /home/rileychron111/Documents/GitHub/VRX_NUMarine/install/share/vrx_gz/worlds/2023_practice/practice_2023_wildlife2_task.sdf
[0.621s] -- Installing: /home/rileychron111/Documents/GitHub/VRX_NUMarine/install/share/vrx_gz/worlds/2023_practice/practice_2023_wildlife1_task.sdf
[0.621s] -- Installing: /home/rileychron111/Documents/GitHub/VRX_NUMarine/install/share/vrx_gz/worlds/2023_practice/practice_2023_acoustic_perception2_task.sdf
[0.621s] -- Installing: /home/rileychron111/Documents/GitHub/VRX_NUMarine/install/share/vrx_gz/worlds/2023_practice/practice_2023_perception0_task.sdf
[0.621s] -- Installing: /home/rileychron111/Documents/GitHub/VRX_NUMarine/install/share/vrx_gz/worlds/2023_practice/practice_2023_scan_dock_deliver1_task.sdf
[0.621s] -- Installing: /home/rileychron111/Documents/GitHub/VRX_NUMarine/install/share/vrx_gz/worlds/2023_practice/practice_2023_wayfinding1_task.sdf
[0.622s] -- Installing: /home/rileychron111/Documents/GitHub/VRX_NUMarine/install/share/vrx_gz/worlds/2023_practice/practice_2023_acoustic_tracking0_task.sdf
[0.622s] -- Installing: /home/rileychron111/Documents/GitHub/VRX_NUMarine/install/share/vrx_gz/worlds/2023_practice/practice_2023_follow_path1_task.sdf
[0.622s] -- Installing: /home/rileychron111/Documents/GitHub/VRX_NUMarine/install/share/vrx_gz/worlds/2023_practice/practice_2023_follow_path2_task.sdf
[0.622s] -- Installing: /home/rileychron111/Documents/GitHub/VRX_NUMarine/install/share/vrx_gz/worlds/2023_practice/practice_2023_acoustic_tracking2_task.sdf
[0.623s] -- Installing: /home/rileychron111/Documents/GitHub/VRX_NUMarine/install/share/vrx_gz/worlds/2023_practice/practice_2023_stationkeeping2_task.sdf
[0.623s] -- Installing: /home/rileychron111/Documents/GitHub/VRX_NUMarine/install/share/vrx_gz/worlds/2023_practice/practice_2023_wayfinding2_task.sdf
[0.623s] -- Installing: /home/rileychron111/Documents/GitHub/VRX_NUMarine/install/share/vrx_gz/worlds/2023_practice/practice_2023_wayfinding0_task.sdf
[0.623s] -- Installing: /home/rileychron111/Documents/GitHub/VRX_NUMarine/install/share/vrx_gz/worlds/2023_practice/practice_2023_wildlife0_task.sdf
[0.624s] -- Installing: /home/rileychron111/Documents/GitHub/VRX_NUMarine/install/share/vrx_gz/worlds/2023_practice/practice_2023_stationkeeping1_task.sdf
[0.624s] -- Installing: /home/rileychron111/Documents/GitHub/VRX_NUMarine/install/share/vrx_gz/worlds/2023_practice/practice_2023_acoustic_perception1_task.sdf
[0.624s] -- Installing: /home/rileychron111/Documents/GitHub/VRX_NUMarine/install/share/vrx_gz/worlds/2023_practice/practice_2023_perception1_task.sdf
[0.624s] -- Installing: /home/rileychron111/Documents/GitHub/VRX_NUMarine/install/share/vrx_gz/worlds/2023_practice/practice_2023_perception2_task.sdf
[0.625s] -- Installing: /home/rileychron111/Documents/GitHub/VRX_NUMarine/install/share/vrx_gz/worlds/2023_practice/practice_2023_stationkeeping0_task.sdf
[0.625s] -- Installing: /home/rileychron111/Documents/GitHub/VRX_NUMarine/install/share/ament_index/resource_index/package_run_dependencies/vrx_gz
[0.625s] -- Installing: /home/rileychron111/Documents/GitHub/VRX_NUMarine/install/share/ament_index/resource_index/parent_prefix_path/vrx_gz
[0.625s] -- Installing: /home/rileychron111/Documents/GitHub/VRX_NUMarine/install/share/vrx_gz/environment/ament_prefix_path.sh
[0.625s] -- Installing: /home/rileychron111/Documents/GitHub/VRX_NUMarine/install/share/vrx_gz/environment/ament_prefix_path.dsv
[0.625s] -- Installing: /home/rileychron111/Documents/GitHub/VRX_NUMarine/install/share/vrx_gz/environment/path.sh
[0.625s] -- Installing: /home/rileychron111/Documents/GitHub/VRX_NUMarine/install/share/vrx_gz/environment/path.dsv
[0.626s] -- Installing: /home/rileychron111/Documents/GitHub/VRX_NUMarine/install/share/vrx_gz/local_setup.bash
[0.626s] -- Installing: /home/rileychron111/Documents/GitHub/VRX_NUMarine/install/share/vrx_gz/local_setup.sh
[0.626s] -- Installing: /home/rileychron111/Documents/GitHub/VRX_NUMarine/install/share/vrx_gz/local_setup.zsh
[0.626s] -- Installing: /home/rileychron111/Documents/GitHub/VRX_NUMarine/install/share/vrx_gz/local_setup.dsv
[0.626s] -- Installing: /home/rileychron111/Documents/GitHub/VRX_NUMarine/install/share/vrx_gz/package.dsv
[0.626s] -- Installing: /home/rileychron111/Documents/GitHub/VRX_NUMarine/install/share/ament_index/resource_index/packages/vrx_gz
[0.626s] -- Installing: /home/rileychron111/Documents/GitHub/VRX_NUMarine/install/share/vrx_gz/cmake/vrx_gzConfig.cmake
[0.626s] -- Installing: /home/rileychron111/Documents/GitHub/VRX_NUMarine/install/share/vrx_gz/cmake/vrx_gzConfig-version.cmake
[0.626s] -- Installing: /home/rileychron111/Documents/GitHub/VRX_NUMarine/install/share/vrx_gz/package.xml
[0.628s] Invoked command in '/home/rileychron111/Documents/GitHub/VRX_NUMarine/build/vrx_gz' returned '0': AMENT_PREFIX_PATH=/home/rileychron111/Documents/GitHub/VRX_NUMarine/install:${AMENT_PREFIX_PATH} CMAKE_PREFIX_PATH=/home/rileychron111/Documents/GitHub/VRX_NUMarine/install:/opt/ros/humble PYTHONPATH=/home/rileychron111/Documents/GitHub/VRX_NUMarine/install/lib/python3.10/site-packages:${PYTHONPATH} /usr/bin/cmake --install /home/rileychron111/Documents/GitHub/VRX_NUMarine/build/vrx_gz
