[0.016s] Invoking command in '/home/rileychron111/Documents/GitHub/VRX_NUMarine/build/vrx_gazebo': CMAKE_PREFIX_PATH=${CMAKE_PREFIX_PATH}:/opt/ros/humble /usr/bin/cmake /home/rileychron111/Documents/GitHub/VRX_NUMarine/src/vrx/ros_packages/vrx_urdf/vrx_gazebo -DCMAKE_INSTALL_PREFIX=/home/rileychron111/Documents/GitHub/VRX_NUMarine/install
[0.313s] -- The C compiler identification is GNU 11.4.0
[0.313s] -- The CXX compiler identification is GNU 11.4.0
[0.313s] -- Detecting C compiler ABI info
[0.313s] -- Detecting C compiler ABI info - done
[0.313s] -- Check for working C compiler: /usr/bin/cc - skipped
[0.313s] -- Detecting C compile features
[0.313s] -- Detecting C compile features - done
[0.313s] -- Detecting CXX compiler ABI info
[0.313s] -- Detecting CXX compiler ABI info - done
[0.313s] -- Check for working CXX compiler: /usr/bin/c++ - skipped
[0.313s] -- Detecting CXX compile features
[0.313s] -- Detecting CXX compile features - done
[0.313s] -- Found ament_cmake: 1.3.9 (/opt/ros/humble/share/ament_cmake/cmake)
[0.314s] -- Found Python3: /usr/bin/python3 (found version "3.10.12") found components: Interpreter 
[0.461s] -- Configuring done
[0.465s] -- Generating done
[0.466s] -- Build files have been written to: /home/rileychron111/Documents/GitHub/VRX_NUMarine/build/vrx_gazebo
[0.469s] Invoked command in '/home/rileychron111/Documents/GitHub/VRX_NUMarine/build/vrx_gazebo' returned '0': CMAKE_PREFIX_PATH=${CMAKE_PREFIX_PATH}:/opt/ros/humble /usr/bin/cmake /home/rileychron111/Documents/GitHub/VRX_NUMarine/src/vrx/ros_packages/vrx_urdf/vrx_gazebo -DCMAKE_INSTALL_PREFIX=/home/rileychron111/Documents/GitHub/VRX_NUMarine/install
[0.471s] Invoking command in '/home/rileychron111/Documents/GitHub/VRX_NUMarine/build/vrx_gazebo': CMAKE_PREFIX_PATH=${CMAKE_PREFIX_PATH}:/opt/ros/humble /usr/bin/cmake --build /home/rileychron111/Documents/GitHub/VRX_NUMarine/build/vrx_gazebo -- -j12 -l12
[0.507s] Built target ament_cmake_python_copy_vrx_gazebo
[0.645s] running egg_info
[0.646s] creating vrx_gazebo.egg-info
[0.646s] writing vrx_gazebo.egg-info/PKG-INFO
[0.646s] writing dependency_links to vrx_gazebo.egg-info/dependency_links.txt
[0.646s] writing top-level names to vrx_gazebo.egg-info/top_level.txt
[0.647s] writing manifest file 'vrx_gazebo.egg-info/SOURCES.txt'
[0.648s] reading manifest file 'vrx_gazebo.egg-info/SOURCES.txt'
[0.649s] writing manifest file 'vrx_gazebo.egg-info/SOURCES.txt'
[0.669s] Built target ament_cmake_python_build_vrx_gazebo_egg
[0.675s] Invoked command in '/home/rileychron111/Documents/GitHub/VRX_NUMarine/build/vrx_gazebo' returned '0': CMAKE_PREFIX_PATH=${CMAKE_PREFIX_PATH}:/opt/ros/humble /usr/bin/cmake --build /home/rileychron111/Documents/GitHub/VRX_NUMarine/build/vrx_gazebo -- -j12 -l12
[0.696s] Invoking command in '/home/rileychron111/Documents/GitHub/VRX_NUMarine/build/vrx_gazebo': CMAKE_PREFIX_PATH=${CMAKE_PREFIX_PATH}:/opt/ros/humble /usr/bin/cmake --install /home/rileychron111/Documents/GitHub/VRX_NUMarine/build/vrx_gazebo
[0.702s] -- Install configuration: ""
[0.702s] -- Installing: /home/rileychron111/Documents/GitHub/VRX_NUMarine/install/share/vrx_gazebo/environment/resource_paths.dsv
[0.702s] -- Installing: /home/rileychron111/Documents/GitHub/VRX_NUMarine/install/share/vrx_gazebo/environment/resource_paths.sh
[0.703s] -- Installing: /home/rileychron111/Documents/GitHub/VRX_NUMarine/install/share/vrx_gazebo/models
[0.703s] -- Installing: /home/rileychron111/Documents/GitHub/VRX_NUMarine/install/share/vrx_gazebo/models/blue_projectile
[0.703s] -- Installing: /home/rileychron111/Documents/GitHub/VRX_NUMarine/install/share/vrx_gazebo/models/blue_projectile/model.sdf
[0.703s] -- Installing: /home/rileychron111/Documents/GitHub/VRX_NUMarine/install/share/vrx_gazebo/models/blue_projectile/model.config
[0.703s] -- Installing: /home/rileychron111/Documents/GitHub/VRX_NUMarine/install/share/vrx_gazebo/models/sensor_post
[0.703s] -- Installing: /home/rileychron111/Documents/GitHub/VRX_NUMarine/install/share/vrx_gazebo/models/sensor_post/model.sdf
[0.703s] -- Installing: /home/rileychron111/Documents/GitHub/VRX_NUMarine/install/share/vrx_gazebo/models/sensor_post/mesh
[0.703s] -- Installing: /home/rileychron111/Documents/GitHub/VRX_NUMarine/install/share/vrx_gazebo/models/sensor_post/mesh/sensor_post_arm.dae
[0.703s] -- Installing: /home/rileychron111/Documents/GitHub/VRX_NUMarine/install/share/vrx_gazebo/models/sensor_post/mesh/sensor_post.dae
[0.703s] -- Installing: /home/rileychron111/Documents/GitHub/VRX_NUMarine/install/share/vrx_gazebo/models/sensor_post/mesh/sensor_post.png
[0.704s] -- Installing: /home/rileychron111/Documents/GitHub/VRX_NUMarine/install/share/vrx_gazebo/models/sensor_post/model.config
[0.704s] -- Installing: /home/rileychron111/Documents/GitHub/VRX_NUMarine/install/share/vrx_gazebo/models/cpu_cases
[0.704s] -- Installing: /home/rileychron111/Documents/GitHub/VRX_NUMarine/install/share/vrx_gazebo/models/cpu_cases/model.sdf
[0.704s] -- Installing: /home/rileychron111/Documents/GitHub/VRX_NUMarine/install/share/vrx_gazebo/models/cpu_cases/mesh
[0.704s] -- Installing: /home/rileychron111/Documents/GitHub/VRX_NUMarine/install/share/vrx_gazebo/models/cpu_cases/mesh/cpu_cases_Normal.png
[0.710s] -- Installing: /home/rileychron111/Documents/GitHub/VRX_NUMarine/install/share/vrx_gazebo/models/cpu_cases/mesh/cpu_cases.png
[0.718s] -- Installing: /home/rileychron111/Documents/GitHub/VRX_NUMarine/install/share/vrx_gazebo/models/cpu_cases/mesh/cpu_cases.dae
[0.718s] -- Installing: /home/rileychron111/Documents/GitHub/VRX_NUMarine/install/share/vrx_gazebo/models/cpu_cases/mesh/cpu_cases_Albedo.png
[0.724s] -- Installing: /home/rileychron111/Documents/GitHub/VRX_NUMarine/install/share/vrx_gazebo/models/cpu_cases/mesh/cpu_cases_Roughness.png
[0.727s] -- Installing: /home/rileychron111/Documents/GitHub/VRX_NUMarine/install/share/vrx_gazebo/models/cpu_cases/mesh/cpu_cases_Metalness.png
[0.727s] -- Installing: /home/rileychron111/Documents/GitHub/VRX_NUMarine/install/share/vrx_gazebo/models/cpu_cases/model.config
[0.727s] -- Installing: /home/rileychron111/Documents/GitHub/VRX_NUMarine/install/share/vrx_gazebo/models/3d_lidar
[0.728s] -- Installing: /home/rileychron111/Documents/GitHub/VRX_NUMarine/install/share/vrx_gazebo/models/3d_lidar/model.sdf
[0.728s] -- Installing: /home/rileychron111/Documents/GitHub/VRX_NUMarine/install/share/vrx_gazebo/models/3d_lidar/mesh
[0.728s] -- Installing: /home/rileychron111/Documents/GitHub/VRX_NUMarine/install/share/vrx_gazebo/models/3d_lidar/mesh/3d_Lidar_Metalness.png
[0.728s] -- Installing: /home/rileychron111/Documents/GitHub/VRX_NUMarine/install/share/vrx_gazebo/models/3d_lidar/mesh/3d_lidar.dae
[0.728s] -- Installing: /home/rileychron111/Documents/GitHub/VRX_NUMarine/install/share/vrx_gazebo/models/3d_lidar/mesh/3d_Lidar_Roughness.png
[0.728s] -- Installing: /home/rileychron111/Documents/GitHub/VRX_NUMarine/install/share/vrx_gazebo/models/3d_lidar/mesh/3d_Lidar_Normal.png
[0.729s] -- Installing: /home/rileychron111/Documents/GitHub/VRX_NUMarine/install/share/vrx_gazebo/models/3d_lidar/mesh/3d_lidar.png
[0.729s] -- Installing: /home/rileychron111/Documents/GitHub/VRX_NUMarine/install/share/vrx_gazebo/models/3d_lidar/mesh/3d_Lidar_Albedo.png
[0.730s] -- Installing: /home/rileychron111/Documents/GitHub/VRX_NUMarine/install/share/vrx_gazebo/models/3d_lidar/model.config
[0.731s] -- Installing: /home/rileychron111/Documents/GitHub/VRX_NUMarine/install/share/vrx_gazebo/models/mono_camera
[0.731s] -- Installing: /home/rileychron111/Documents/GitHub/VRX_NUMarine/install/share/vrx_gazebo/models/mono_camera/model.sdf
[0.731s] -- Installing: /home/rileychron111/Documents/GitHub/VRX_NUMarine/install/share/vrx_gazebo/models/mono_camera/mesh
[0.731s] -- Installing: /home/rileychron111/Documents/GitHub/VRX_NUMarine/install/share/vrx_gazebo/models/mono_camera/mesh/mono_camera.dae
[0.731s] -- Installing: /home/rileychron111/Documents/GitHub/VRX_NUMarine/install/share/vrx_gazebo/models/mono_camera/mesh/mono_camera_Normal.png
[0.732s] -- Installing: /home/rileychron111/Documents/GitHub/VRX_NUMarine/install/share/vrx_gazebo/models/mono_camera/mesh/mono_camera_Roughness.png
[0.732s] -- Installing: /home/rileychron111/Documents/GitHub/VRX_NUMarine/install/share/vrx_gazebo/models/mono_camera/mesh/mono_camera_Metalness.png
[0.732s] -- Installing: /home/rileychron111/Documents/GitHub/VRX_NUMarine/install/share/vrx_gazebo/models/mono_camera/mesh/mono_camera_Albedo.png
[0.733s] -- Installing: /home/rileychron111/Documents/GitHub/VRX_NUMarine/install/share/vrx_gazebo/models/mono_camera/mesh/mono_camera.png
[0.734s] -- Installing: /home/rileychron111/Documents/GitHub/VRX_NUMarine/install/share/vrx_gazebo/models/mono_camera/model.config
[0.734s] -- Installing: /home/rileychron111/Documents/GitHub/VRX_NUMarine/install/share/vrx_gazebo/models/battery
[0.734s] -- Installing: /home/rileychron111/Documents/GitHub/VRX_NUMarine/install/share/vrx_gazebo/models/battery/model.sdf
[0.734s] -- Installing: /home/rileychron111/Documents/GitHub/VRX_NUMarine/install/share/vrx_gazebo/models/battery/mesh
[0.734s] -- Installing: /home/rileychron111/Documents/GitHub/VRX_NUMarine/install/share/vrx_gazebo/models/battery/mesh/battery_Roughness.png
[0.736s] -- Installing: /home/rileychron111/Documents/GitHub/VRX_NUMarine/install/share/vrx_gazebo/models/battery/mesh/battery.png
[0.741s] -- Installing: /home/rileychron111/Documents/GitHub/VRX_NUMarine/install/share/vrx_gazebo/models/battery/mesh/battery_Metalness.png
[0.741s] -- Installing: /home/rileychron111/Documents/GitHub/VRX_NUMarine/install/share/vrx_gazebo/models/battery/mesh/battery.dae
[0.741s] -- Installing: /home/rileychron111/Documents/GitHub/VRX_NUMarine/install/share/vrx_gazebo/models/battery/mesh/battery_Albedo.png
[0.745s] -- Installing: /home/rileychron111/Documents/GitHub/VRX_NUMarine/install/share/vrx_gazebo/models/battery/mesh/battery_Normal.png
[0.748s] -- Installing: /home/rileychron111/Documents/GitHub/VRX_NUMarine/install/share/vrx_gazebo/models/battery/model.config
[0.748s] -- Installing: /home/rileychron111/Documents/GitHub/VRX_NUMarine/install/share/vrx_gazebo/models/ball_shooter
[0.748s] -- Installing: /home/rileychron111/Documents/GitHub/VRX_NUMarine/install/share/vrx_gazebo/models/ball_shooter/model.sdf
[0.748s] -- Installing: /home/rileychron111/Documents/GitHub/VRX_NUMarine/install/share/vrx_gazebo/models/ball_shooter/model.config
[0.748s] -- Installing: /home/rileychron111/Documents/GitHub/VRX_NUMarine/install/share/vrx_gazebo/models/ball_shooter/meshes
[0.748s] -- Installing: /home/rileychron111/Documents/GitHub/VRX_NUMarine/install/share/vrx_gazebo/models/ball_shooter/meshes/Launcher_BaseColor.png
[0.750s] -- Installing: /home/rileychron111/Documents/GitHub/VRX_NUMarine/install/share/vrx_gazebo/models/ball_shooter/meshes/ball_shooter_launcher.dae
[0.751s] -- Installing: /home/rileychron111/Documents/GitHub/VRX_NUMarine/install/share/vrx_gazebo/models/ball_shooter/meshes/Launcher_Albedo.png
[0.753s] -- Installing: /home/rileychron111/Documents/GitHub/VRX_NUMarine/install/share/vrx_gazebo/models/ball_shooter/meshes/Glass_BaseColor.png
[0.753s] -- Installing: /home/rileychron111/Documents/GitHub/VRX_NUMarine/install/share/vrx_gazebo/models/ball_shooter/meshes/ball_shooter_base.dae
[0.753s] -- Installing: /home/rileychron111/Documents/GitHub/VRX_NUMarine/install/share/vrx_gazebo/models/ball_shooter/materials
[0.753s] -- Installing: /home/rileychron111/Documents/GitHub/VRX_NUMarine/install/share/vrx_gazebo/models/ball_shooter/materials/Textures
[0.753s] -- Installing: /home/rileychron111/Documents/GitHub/VRX_NUMarine/install/share/vrx_gazebo/models/ball_shooter/materials/Textures/Launcher_Metalness.png
[0.754s] -- Installing: /home/rileychron111/Documents/GitHub/VRX_NUMarine/install/share/vrx_gazebo/models/ball_shooter/materials/Textures/Launcher_Normal.png
[0.754s] -- Installing: /home/rileychron111/Documents/GitHub/VRX_NUMarine/install/share/vrx_gazebo/models/ball_shooter/materials/Textures/Launcher_Roughness.png
[0.755s] -- Installing: /home/rileychron111/Documents/GitHub/VRX_NUMarine/install/share/vrx_gazebo/models/ball_shooter/materials/Textures/Launcher_Albedo.png
[0.756s] -- Installing: /home/rileychron111/Documents/GitHub/VRX_NUMarine/install/share/vrx_gazebo/launch
[0.756s] -- Installing: /home/rileychron111/Documents/GitHub/VRX_NUMarine/install/share/vrx_gazebo/launch/rviz.launch.py
[0.757s] -- Installing: /home/rileychron111/Documents/GitHub/VRX_NUMarine/install/share/vrx_gazebo/launch/generate_wamv.launch.py
[0.757s] -- Installing: /home/rileychron111/Documents/GitHub/VRX_NUMarine/install/share/vrx_gazebo/config
[0.757s] -- Installing: /home/rileychron111/Documents/GitHub/VRX_NUMarine/install/share/vrx_gazebo/config/rviz_vrx_final.rviz
[0.757s] -- Installing: /home/rileychron111/Documents/GitHub/VRX_NUMarine/install/share/vrx_gazebo/config/rviz_vrx_rsp.rviz
[0.757s] -- Installing: /home/rileychron111/Documents/GitHub/VRX_NUMarine/install/share/vrx_gazebo/config/wamv_config
[0.757s] -- Installing: /home/rileychron111/Documents/GitHub/VRX_NUMarine/install/share/vrx_gazebo/config/wamv_config/example_thruster_config.yaml
[0.757s] -- Installing: /home/rileychron111/Documents/GitHub/VRX_NUMarine/install/share/vrx_gazebo/config/wamv_config/thruster_compliance
[0.757s] -- Installing: /home/rileychron111/Documents/GitHub/VRX_NUMarine/install/share/vrx_gazebo/config/wamv_config/thruster_compliance/numeric.yaml
[0.757s] -- Installing: /home/rileychron111/Documents/GitHub/VRX_NUMarine/install/share/vrx_gazebo/config/wamv_config/thruster_compliance/bounding_boxes.yaml
[0.757s] -- Installing: /home/rileychron111/Documents/GitHub/VRX_NUMarine/install/share/vrx_gazebo/config/wamv_config/component_compliance
[0.757s] -- Installing: /home/rileychron111/Documents/GitHub/VRX_NUMarine/install/share/vrx_gazebo/config/wamv_config/component_compliance/numeric.yaml
[0.757s] -- Installing: /home/rileychron111/Documents/GitHub/VRX_NUMarine/install/share/vrx_gazebo/config/wamv_config/component_compliance/bounding_boxes.yaml
[0.757s] -- Installing: /home/rileychron111/Documents/GitHub/VRX_NUMarine/install/share/vrx_gazebo/config/wamv_config/example_component_config.yaml
[0.757s] -- Installing: /home/rileychron111/Documents/GitHub/VRX_NUMarine/install/lib/vrx_gazebo/generate_wamv.py
[0.758s] -- Installing: /home/rileychron111/Documents/GitHub/VRX_NUMarine/install/share/vrx_gazebo/environment/pythonpath.sh
[0.758s] -- Installing: /home/rileychron111/Documents/GitHub/VRX_NUMarine/install/share/vrx_gazebo/environment/pythonpath.dsv
[0.758s] -- Installing: /home/rileychron111/Documents/GitHub/VRX_NUMarine/install/local/lib/python3.10/dist-packages/vrx_gazebo-1.3.0-py3.10.egg-info
[0.758s] -- Installing: /home/rileychron111/Documents/GitHub/VRX_NUMarine/install/local/lib/python3.10/dist-packages/vrx_gazebo-1.3.0-py3.10.egg-info/dependency_links.txt
[0.758s] -- Installing: /home/rileychron111/Documents/GitHub/VRX_NUMarine/install/local/lib/python3.10/dist-packages/vrx_gazebo-1.3.0-py3.10.egg-info/PKG-INFO
[0.758s] -- Installing: /home/rileychron111/Documents/GitHub/VRX_NUMarine/install/local/lib/python3.10/dist-packages/vrx_gazebo-1.3.0-py3.10.egg-info/SOURCES.txt
[0.758s] -- Installing: /home/rileychron111/Documents/GitHub/VRX_NUMarine/install/local/lib/python3.10/dist-packages/vrx_gazebo-1.3.0-py3.10.egg-info/top_level.txt
[0.758s] -- Installing: /home/rileychron111/Documents/GitHub/VRX_NUMarine/install/local/lib/python3.10/dist-packages/vrx_gazebo
[0.758s] -- Installing: /home/rileychron111/Documents/GitHub/VRX_NUMarine/install/local/lib/python3.10/dist-packages/vrx_gazebo/compliance.py
[0.758s] -- Installing: /home/rileychron111/Documents/GitHub/VRX_NUMarine/install/local/lib/python3.10/dist-packages/vrx_gazebo/__init__.py
[0.758s] -- Installing: /home/rileychron111/Documents/GitHub/VRX_NUMarine/install/local/lib/python3.10/dist-packages/vrx_gazebo/configure_wamv.py
[0.758s] -- Installing: /home/rileychron111/Documents/GitHub/VRX_NUMarine/install/local/lib/python3.10/dist-packages/vrx_gazebo/utils.py
[0.778s] Listing '/home/rileychron111/Documents/GitHub/VRX_NUMarine/install/local/lib/python3.10/dist-packages/vrx_gazebo'...
[0.778s] Compiling '/home/rileychron111/Documents/GitHub/VRX_NUMarine/install/local/lib/python3.10/dist-packages/vrx_gazebo/__init__.py'...
[0.778s] Compiling '/home/rileychron111/Documents/GitHub/VRX_NUMarine/install/local/lib/python3.10/dist-packages/vrx_gazebo/compliance.py'...
[0.778s] Compiling '/home/rileychron111/Documents/GitHub/VRX_NUMarine/install/local/lib/python3.10/dist-packages/vrx_gazebo/configure_wamv.py'...
[0.778s] Compiling '/home/rileychron111/Documents/GitHub/VRX_NUMarine/install/local/lib/python3.10/dist-packages/vrx_gazebo/utils.py'...
[0.781s] -- Installing: /home/rileychron111/Documents/GitHub/VRX_NUMarine/install/share/ament_index/resource_index/package_run_dependencies/vrx_gazebo
[0.781s] -- Installing: /home/rileychron111/Documents/GitHub/VRX_NUMarine/install/share/ament_index/resource_index/parent_prefix_path/vrx_gazebo
[0.781s] -- Installing: /home/rileychron111/Documents/GitHub/VRX_NUMarine/install/share/vrx_gazebo/environment/ament_prefix_path.sh
[0.781s] -- Installing: /home/rileychron111/Documents/GitHub/VRX_NUMarine/install/share/vrx_gazebo/environment/ament_prefix_path.dsv
[0.781s] -- Installing: /home/rileychron111/Documents/GitHub/VRX_NUMarine/install/share/vrx_gazebo/environment/path.sh
[0.781s] -- Installing: /home/rileychron111/Documents/GitHub/VRX_NUMarine/install/share/vrx_gazebo/environment/path.dsv
[0.781s] -- Installing: /home/rileychron111/Documents/GitHub/VRX_NUMarine/install/share/vrx_gazebo/local_setup.bash
[0.782s] -- Installing: /home/rileychron111/Documents/GitHub/VRX_NUMarine/install/share/vrx_gazebo/local_setup.sh
[0.782s] -- Installing: /home/rileychron111/Documents/GitHub/VRX_NUMarine/install/share/vrx_gazebo/local_setup.zsh
[0.782s] -- Installing: /home/rileychron111/Documents/GitHub/VRX_NUMarine/install/share/vrx_gazebo/local_setup.dsv
[0.782s] -- Installing: /home/rileychron111/Documents/GitHub/VRX_NUMarine/install/share/vrx_gazebo/package.dsv
[0.782s] -- Installing: /home/rileychron111/Documents/GitHub/VRX_NUMarine/install/share/ament_index/resource_index/packages/vrx_gazebo
[0.782s] -- Installing: /home/rileychron111/Documents/GitHub/VRX_NUMarine/install/share/vrx_gazebo/cmake/vrx_gazeboConfig.cmake
[0.782s] -- Installing: /home/rileychron111/Documents/GitHub/VRX_NUMarine/install/share/vrx_gazebo/cmake/vrx_gazeboConfig-version.cmake
[0.782s] -- Installing: /home/rileychron111/Documents/GitHub/VRX_NUMarine/install/share/vrx_gazebo/package.xml
[0.784s] Invoked command in '/home/rileychron111/Documents/GitHub/VRX_NUMarine/build/vrx_gazebo' returned '0': CMAKE_PREFIX_PATH=${CMAKE_PREFIX_PATH}:/opt/ros/humble /usr/bin/cmake --install /home/rileychron111/Documents/GitHub/VRX_NUMarine/build/vrx_gazebo
