[0.406s] Invoking command in '/home/rileychron111/Documents/GitHub/VRX_NUMarine/src/vrx/ros_packages/mpc': PYTHONPATH=/home/rileychron111/Documents/GitHub/VRX_NUMarine/build/mpc/prefix_override:/home/rileychron111/Documents/GitHub/VRX_NUMarine/install/lib/python3.10/site-packages:${PYTHONPATH} /usr/bin/python3 -W ignore:setup.py install is deprecated setup.py egg_info --egg-base ../../../../build/mpc build --build-base /home/rileychron111/Documents/GitHub/VRX_NUMarine/build/mpc/build install --record /home/rileychron111/Documents/GitHub/VRX_NUMarine/build/mpc/install.log --single-version-externally-managed
[0.540s] running egg_info
[0.541s] writing ../../../../build/mpc/mpc.egg-info/PKG-INFO
[0.541s] writing dependency_links to ../../../../build/mpc/mpc.egg-info/dependency_links.txt
[0.541s] writing entry points to ../../../../build/mpc/mpc.egg-info/entry_points.txt
[0.541s] writing requirements to ../../../../build/mpc/mpc.egg-info/requires.txt
[0.541s] writing top-level names to ../../../../build/mpc/mpc.egg-info/top_level.txt
[0.542s] reading manifest file '../../../../build/mpc/mpc.egg-info/SOURCES.txt'
[0.543s] writing manifest file '../../../../build/mpc/mpc.egg-info/SOURCES.txt'
[0.543s] running build
[0.543s] running build_py
[0.543s] copying mpc/control_node.py -> /home/rileychron111/Documents/GitHub/VRX_NUMarine/build/mpc/build/lib/mpc
[0.543s] running install
[0.543s] running install_lib
[0.543s] copying /home/rileychron111/Documents/GitHub/VRX_NUMarine/build/mpc/build/lib/mpc/control_node.py -> /home/rileychron111/Documents/GitHub/VRX_NUMarine/install/lib/python3.10/site-packages/mpc
[0.544s] byte-compiling /home/rileychron111/Documents/GitHub/VRX_NUMarine/install/lib/python3.10/site-packages/mpc/control_node.py to control_node.cpython-310.pyc
[0.546s] running install_egg_info
[0.547s] removing '/home/rileychron111/Documents/GitHub/VRX_NUMarine/install/lib/python3.10/site-packages/mpc-0.0.0-py3.10.egg-info' (and everything under it)
[0.547s] Copying ../../../../build/mpc/mpc.egg-info to /home/rileychron111/Documents/GitHub/VRX_NUMarine/install/lib/python3.10/site-packages/mpc-0.0.0-py3.10.egg-info
[0.547s] running install_scripts
[0.559s] Installing control_node script to /home/rileychron111/Documents/GitHub/VRX_NUMarine/install/lib/mpc
[0.559s] writing list of installed files to '/home/rileychron111/Documents/GitHub/VRX_NUMarine/build/mpc/install.log'
[0.575s] Invoked command in '/home/rileychron111/Documents/GitHub/VRX_NUMarine/src/vrx/ros_packages/mpc' returned '0': PYTHONPATH=/home/rileychron111/Documents/GitHub/VRX_NUMarine/build/mpc/prefix_override:/home/rileychron111/Documents/GitHub/VRX_NUMarine/install/lib/python3.10/site-packages:${PYTHONPATH} /usr/bin/python3 -W ignore:setup.py install is deprecated setup.py egg_info --egg-base ../../../../build/mpc build --build-base /home/rileychron111/Documents/GitHub/VRX_NUMarine/build/mpc/build install --record /home/rileychron111/Documents/GitHub/VRX_NUMarine/build/mpc/install.log --single-version-externally-managed
