[0.032s] Invoking command in '/home/jain/Documents/GitHub/VRX_NUMarine/build/my_velocity_to_pwm': CMAKE_PREFIX_PATH=${CMAKE_PREFIX_PATH}:/opt/ros/humble /usr/bin/cmake --build /home/jain/Documents/GitHub/VRX_NUMarine/build/my_velocity_to_pwm -- -j8 -l8
[0.072s] -- Found ament_cmake: 1.3.9 (/opt/ros/humble/share/ament_cmake/cmake)
[0.266s] -- Found rclcpp: 16.0.9 (/opt/ros/humble/share/rclcpp/cmake)
[0.311s] -- Found rosidl_generator_c: 3.1.5 (/opt/ros/humble/share/rosidl_generator_c/cmake)
[0.316s] -- Found rosidl_adapter: 3.1.5 (/opt/ros/humble/share/rosidl_adapter/cmake)
[0.330s] -- Found rosidl_generator_cpp: 3.1.5 (/opt/ros/humble/share/rosidl_generator_cpp/cmake)
[0.345s] -- Using all available rosidl_typesupport_c: rosidl_typesupport_fastrtps_c;rosidl_typesupport_introspection_c
[0.373s] -- Using all available rosidl_typesupport_cpp: rosidl_typesupport_fastrtps_cpp;rosidl_typesupport_introspection_cpp
[0.501s] -- Found rmw_implementation_cmake: 6.1.2 (/opt/ros/humble/share/rmw_implementation_cmake/cmake)
[0.504s] -- Found rmw_fastrtps_cpp: 6.2.6 (/opt/ros/humble/share/rmw_fastrtps_cpp/cmake)
[0.667s] -- Using RMW implementation 'rmw_fastrtps_cpp' as default
[0.898s] -- Found geometry_msgs: 4.2.4 (/opt/ros/humble/share/geometry_msgs/cmake)
[0.966s] -- Found ament_lint_auto: 0.12.11 (/opt/ros/humble/share/ament_lint_auto/cmake)
[1.094s] -- Added test 'cppcheck' to perform static code analysis on C / C++ code
[1.094s] -- Configured cppcheck include dirs: 
[1.094s] -- Configured cppcheck exclude dirs and/or files: 
[1.094s] -- Added test 'lint_cmake' to check CMake code style
[1.094s] -- Added test 'uncrustify' to check C / C++ code style
[1.095s] -- Configured uncrustify additional arguments: 
[1.095s] -- Added test 'xmllint' to check XML markup files
[1.095s] -- Configuring done
[1.095s] -- Generating done
[1.095s] -- Build files have been written to: /home/jain/Documents/GitHub/VRX_NUMarine/build/my_velocity_to_pwm
[1.096s] [35m[1mConsolidate compiler generated dependencies of target velocity_to_pwm_node[0m
[1.116s] [ 50%] [32mBuilding CXX object CMakeFiles/velocity_to_pwm_node.dir/src/velocity_to_pwm_node.cpp.o[0m
[1.123s] [01m[K/home/jain/Documents/GitHub/VRX_NUMarine/src/vrx/ros_packages/my_velocity_to_pwm/src/velocity_to_pwm_node.cpp:1:10:[m[K [01;31m[Kfatal error: [m[Krclcpp/rclcpp.hpp: No such file or directory
[1.124s]     1 | #include [01;31m[K"rclcpp/rclcpp.hpp"[m[K
[1.124s]       |          [01;31m[K^~~~~~~~~~~~~~~~~~~[m[K
[1.124s] compilation terminated.
[1.124s] gmake[2]: *** [CMakeFiles/velocity_to_pwm_node.dir/build.make:76: CMakeFiles/velocity_to_pwm_node.dir/src/velocity_to_pwm_node.cpp.o] Error 1
[1.125s] gmake[1]: *** [CMakeFiles/Makefile2:137: CMakeFiles/velocity_to_pwm_node.dir/all] Error 2
[1.125s] gmake: *** [Makefile:146: all] Error 2
[1.127s] Invoked command in '/home/jain/Documents/GitHub/VRX_NUMarine/build/my_velocity_to_pwm' returned '2': CMAKE_PREFIX_PATH=${CMAKE_PREFIX_PATH}:/opt/ros/humble /usr/bin/cmake --build /home/jain/Documents/GitHub/VRX_NUMarine/build/my_velocity_to_pwm -- -j8 -l8
