[0.138s] Invoking command in '/home/rileychron111/Documents/GitHub/VRX_NUMarine/build/guidance_cpp': CMAKE_PREFIX_PATH=/opt/ros/humble /usr/bin/cmake /home/rileychron111/Documents/GitHub/VRX_NUMarine/src/vrx/ros_packages/guidance_cpp -DCMAKE_INSTALL_PREFIX=/home/rileychron111/Documents/GitHub/VRX_NUMarine/install
[0.266s] -- Found ament_cmake: 1.3.9 (/opt/ros/humble/share/ament_cmake/cmake)
[0.267s] -- Found rclcpp: 16.0.9 (/opt/ros/humble/share/rclcpp/cmake)
[0.267s] -- Found rosidl_generator_c: 3.1.5 (/opt/ros/humble/share/rosidl_generator_c/cmake)
[0.267s] -- Found rosidl_adapter: 3.1.5 (/opt/ros/humble/share/rosidl_adapter/cmake)
[0.267s] -- Found rosidl_generator_cpp: 3.1.5 (/opt/ros/humble/share/rosidl_generator_cpp/cmake)
[0.267s] -- Using all available rosidl_typesupport_c: rosidl_typesupport_fastrtps_c;rosidl_typesupport_introspection_c
[0.274s] -- Using all available rosidl_typesupport_cpp: rosidl_typesupport_fastrtps_cpp;rosidl_typesupport_introspection_cpp
[0.320s] -- Found rmw_implementation_cmake: 6.1.2 (/opt/ros/humble/share/rmw_implementation_cmake/cmake)
[0.323s] -- Found rmw_fastrtps_cpp: 6.2.6 (/opt/ros/humble/share/rmw_fastrtps_cpp/cmake)
[0.429s] -- Using RMW implementation 'rmw_fastrtps_cpp' as default
[0.562s] -- Found geometry_msgs: 4.2.4 (/opt/ros/humble/share/geometry_msgs/cmake)
[0.589s] -- Found sensor_msgs: 4.2.4 (/opt/ros/humble/share/sensor_msgs/cmake)
[0.643s] -- Found rosidl_default_generators: 1.2.0 (/opt/ros/humble/share/rosidl_default_generators/cmake)
[0.755s] -- Configuring incomplete, errors occurred!
[0.755s] See also "/home/rileychron111/Documents/GitHub/VRX_NUMarine/build/guidance_cpp/CMakeFiles/CMakeOutput.log".
[0.755s] [31mCMake Error at /opt/ros/humble/share/rosidl_cmake/cmake/rosidl_generate_interfaces.cmake:229 (message):
[0.755s]   Packages installing interfaces must include
[0.755s]   '<member_of_group>rosidl_interface_packages</member_of_group>' in their
[0.755s]   package.xml
[0.756s] Call Stack (most recent call first):
[0.756s]   CMakeLists.txt:19 (rosidl_generate_interfaces)
[0.756s] 
[0.756s] [0m
[0.760s] Invoked command in '/home/rileychron111/Documents/GitHub/VRX_NUMarine/build/guidance_cpp' returned '1': CMAKE_PREFIX_PATH=/opt/ros/humble /usr/bin/cmake /home/rileychron111/Documents/GitHub/VRX_NUMarine/src/vrx/ros_packages/guidance_cpp -DCMAKE_INSTALL_PREFIX=/home/rileychron111/Documents/GitHub/VRX_NUMarine/install
