[0.009s] Invoking command in '/home/rileychron111/Documents/GitHub/VRX_NUMarine/build/vrx_gazebo': CMAKE_PREFIX_PATH=/opt/ros/humble /usr/bin/cmake /home/rileychron111/Documents/GitHub/VRX_NUMarine/src/vrx/ros_packages/vrx_urdf/vrx_gazebo -DCMAKE_INSTALL_PREFIX=/home/rileychron111/Documents/GitHub/VRX_NUMarine/install
[0.040s] -- The C compiler identification is GNU 11.4.0
[0.071s] -- The CXX compiler identification is GNU 11.4.0
[0.076s] -- Detecting C compiler ABI info
[0.110s] -- Detecting C compiler ABI info - done
[0.115s] -- Check for working C compiler: /usr/bin/cc - skipped
[0.116s] -- Detecting C compile features
[0.116s] -- Detecting C compile features - done
[0.117s] -- Detecting CXX compiler ABI info
[0.160s] -- Detecting CXX compiler ABI info - done
[0.166s] -- Check for working CXX compiler: /usr/bin/c++ - skipped
[0.167s] -- Detecting CXX compile features
[0.167s] -- Detecting CXX compile features - done
[0.169s] -- Found ament_cmake: 1.3.9 (/opt/ros/humble/share/ament_cmake/cmake)
[0.258s] -- Found Python3: /usr/bin/python3 (found version "3.10.12") found components: Interpreter 
[0.391s] -- Configuring done
[0.393s] -- Generating done
[0.393s] -- Build files have been written to: /home/rileychron111/Documents/GitHub/VRX_NUMarine/build/vrx_gazebo
[0.396s] Invoked command in '/home/rileychron111/Documents/GitHub/VRX_NUMarine/build/vrx_gazebo' returned '0': CMAKE_PREFIX_PATH=/opt/ros/humble /usr/bin/cmake /home/rileychron111/Documents/GitHub/VRX_NUMarine/src/vrx/ros_packages/vrx_urdf/vrx_gazebo -DCMAKE_INSTALL_PREFIX=/home/rileychron111/Documents/GitHub/VRX_NUMarine/install
[0.398s] Invoking command in '/home/rileychron111/Documents/GitHub/VRX_NUMarine/build/vrx_gazebo': CMAKE_PREFIX_PATH=/opt/ros/humble /usr/bin/cmake --build /home/rileychron111/Documents/GitHub/VRX_NUMarine/build/vrx_gazebo -- -j12 -l12
[0.426s] Built target ament_cmake_python_copy_vrx_gazebo
[0.548s] running egg_info
[0.548s] creating vrx_gazebo.egg-info
[0.548s] writing vrx_gazebo.egg-info/PKG-INFO
[0.548s] writing dependency_links to vrx_gazebo.egg-info/dependency_links.txt
[0.548s] writing top-level names to vrx_gazebo.egg-info/top_level.txt
[0.548s] writing manifest file 'vrx_gazebo.egg-info/SOURCES.txt'
[0.549s] reading manifest file 'vrx_gazebo.egg-info/SOURCES.txt'
[0.550s] writing manifest file 'vrx_gazebo.egg-info/SOURCES.txt'
[0.566s] Built target ament_cmake_python_build_vrx_gazebo_egg
[0.572s] Invoked command in '/home/rileychron111/Documents/GitHub/VRX_NUMarine/build/vrx_gazebo' returned '0': CMAKE_PREFIX_PATH=/opt/ros/humble /usr/bin/cmake --build /home/rileychron111/Documents/GitHub/VRX_NUMarine/build/vrx_gazebo -- -j12 -l12
[0.588s] Invoking command in '/home/rileychron111/Documents/GitHub/VRX_NUMarine/build/vrx_gazebo': CMAKE_PREFIX_PATH=/opt/ros/humble /usr/bin/cmake --install /home/rileychron111/Documents/GitHub/VRX_NUMarine/build/vrx_gazebo
[0.591s] -- Install configuration: ""
[0.591s] -- Installing: /home/rileychron111/Documents/GitHub/VRX_NUMarine/install/share/vrx_gazebo/environment/resource_paths.dsv
[0.591s] -- Installing: /home/rileychron111/Documents/GitHub/VRX_NUMarine/install/share/vrx_gazebo/environment/resource_paths.sh
[0.592s] -- Up-to-date: /home/rileychron111/Documents/GitHub/VRX_NUMarine/install/share/vrx_gazebo/models
[0.592s] -- Up-to-date: /home/rileychron111/Documents/GitHub/VRX_NUMarine/install/share/vrx_gazebo/models/blue_projectile
[0.592s] -- Installing: /home/rileychron111/Documents/GitHub/VRX_NUMarine/install/share/vrx_gazebo/models/blue_projectile/model.sdf
[0.592s] -- Installing: /home/rileychron111/Documents/GitHub/VRX_NUMarine/install/share/vrx_gazebo/models/blue_projectile/model.config
[0.592s] -- Up-to-date: /home/rileychron111/Documents/GitHub/VRX_NUMarine/install/share/vrx_gazebo/models/sensor_post
[0.592s] -- Installing: /home/rileychron111/Documents/GitHub/VRX_NUMarine/install/share/vrx_gazebo/models/sensor_post/model.sdf
[0.592s] -- Up-to-date: /home/rileychron111/Documents/GitHub/VRX_NUMarine/install/share/vrx_gazebo/models/sensor_post/mesh
[0.592s] -- Installing: /home/rileychron111/Documents/GitHub/VRX_NUMarine/install/share/vrx_gazebo/models/sensor_post/mesh/sensor_post_arm.dae
[0.592s] -- Installing: /home/rileychron111/Documents/GitHub/VRX_NUMarine/install/share/vrx_gazebo/models/sensor_post/mesh/sensor_post.dae
[0.592s] -- Installing: /home/rileychron111/Documents/GitHub/VRX_NUMarine/install/share/vrx_gazebo/models/sensor_post/mesh/sensor_post.png
[0.592s] -- Installing: /home/rileychron111/Documents/GitHub/VRX_NUMarine/install/share/vrx_gazebo/models/sensor_post/model.config
[0.592s] -- Up-to-date: /home/rileychron111/Documents/GitHub/VRX_NUMarine/install/share/vrx_gazebo/models/cpu_cases
[0.592s] -- Installing: /home/rileychron111/Documents/GitHub/VRX_NUMarine/install/share/vrx_gazebo/models/cpu_cases/model.sdf
[0.592s] -- Up-to-date: /home/rileychron111/Documents/GitHub/VRX_NUMarine/install/share/vrx_gazebo/models/cpu_cases/mesh
[0.592s] -- Installing: /home/rileychron111/Documents/GitHub/VRX_NUMarine/install/share/vrx_gazebo/models/cpu_cases/mesh/cpu_cases_Normal.png
[0.595s] -- Installing: /home/rileychron111/Documents/GitHub/VRX_NUMarine/install/share/vrx_gazebo/models/cpu_cases/mesh/cpu_cases.png
[0.597s] -- Installing: /home/rileychron111/Documents/GitHub/VRX_NUMarine/install/share/vrx_gazebo/models/cpu_cases/mesh/cpu_cases.dae
[0.598s] -- Installing: /home/rileychron111/Documents/GitHub/VRX_NUMarine/install/share/vrx_gazebo/models/cpu_cases/mesh/cpu_cases_Albedo.png
[0.600s] -- Installing: /home/rileychron111/Documents/GitHub/VRX_NUMarine/install/share/vrx_gazebo/models/cpu_cases/mesh/cpu_cases_Roughness.png
[0.601s] -- Installing: /home/rileychron111/Documents/GitHub/VRX_NUMarine/install/share/vrx_gazebo/models/cpu_cases/mesh/cpu_cases_Metalness.png
[0.601s] -- Installing: /home/rileychron111/Documents/GitHub/VRX_NUMarine/install/share/vrx_gazebo/models/cpu_cases/model.config
[0.601s] -- Up-to-date: /home/rileychron111/Documents/GitHub/VRX_NUMarine/install/share/vrx_gazebo/models/3d_lidar
[0.601s] -- Installing: /home/rileychron111/Documents/GitHub/VRX_NUMarine/install/share/vrx_gazebo/models/3d_lidar/model.sdf
[0.601s] -- Up-to-date: /home/rileychron111/Documents/GitHub/VRX_NUMarine/install/share/vrx_gazebo/models/3d_lidar/mesh
[0.602s] -- Installing: /home/rileychron111/Documents/GitHub/VRX_NUMarine/install/share/vrx_gazebo/models/3d_lidar/mesh/3d_Lidar_Metalness.png
[0.602s] -- Installing: /home/rileychron111/Documents/GitHub/VRX_NUMarine/install/share/vrx_gazebo/models/3d_lidar/mesh/3d_lidar.dae
[0.602s] -- Installing: /home/rileychron111/Documents/GitHub/VRX_NUMarine/install/share/vrx_gazebo/models/3d_lidar/mesh/3d_Lidar_Roughness.png
[0.602s] -- Installing: /home/rileychron111/Documents/GitHub/VRX_NUMarine/install/share/vrx_gazebo/models/3d_lidar/mesh/3d_Lidar_Normal.png
[0.602s] -- Installing: /home/rileychron111/Documents/GitHub/VRX_NUMarine/install/share/vrx_gazebo/models/3d_lidar/mesh/3d_lidar.png
[0.602s] -- Installing: /home/rileychron111/Documents/GitHub/VRX_NUMarine/install/share/vrx_gazebo/models/3d_lidar/mesh/3d_Lidar_Albedo.png
[0.602s] -- Installing: /home/rileychron111/Documents/GitHub/VRX_NUMarine/install/share/vrx_gazebo/models/3d_lidar/model.config
[0.602s] -- Up-to-date: /home/rileychron111/Documents/GitHub/VRX_NUMarine/install/share/vrx_gazebo/models/mono_camera
[0.602s] -- Installing: /home/rileychron111/Documents/GitHub/VRX_NUMarine/install/share/vrx_gazebo/models/mono_camera/model.sdf
[0.602s] -- Up-to-date: /home/rileychron111/Documents/GitHub/VRX_NUMarine/install/share/vrx_gazebo/models/mono_camera/mesh
[0.602s] -- Installing: /home/rileychron111/Documents/GitHub/VRX_NUMarine/install/share/vrx_gazebo/models/mono_camera/mesh/mono_camera.dae
[0.602s] -- Installing: /home/rileychron111/Documents/GitHub/VRX_NUMarine/install/share/vrx_gazebo/models/mono_camera/mesh/mono_camera_Normal.png
[0.602s] -- Installing: /home/rileychron111/Documents/GitHub/VRX_NUMarine/install/share/vrx_gazebo/models/mono_camera/mesh/mono_camera_Roughness.png
[0.602s] -- Installing: /home/rileychron111/Documents/GitHub/VRX_NUMarine/install/share/vrx_gazebo/models/mono_camera/mesh/mono_camera_Metalness.png
[0.603s] -- Installing: /home/rileychron111/Documents/GitHub/VRX_NUMarine/install/share/vrx_gazebo/models/mono_camera/mesh/mono_camera_Albedo.png
[0.603s] -- Installing: /home/rileychron111/Documents/GitHub/VRX_NUMarine/install/share/vrx_gazebo/models/mono_camera/mesh/mono_camera.png
[0.603s] -- Installing: /home/rileychron111/Documents/GitHub/VRX_NUMarine/install/share/vrx_gazebo/models/mono_camera/model.config
[0.603s] -- Up-to-date: /home/rileychron111/Documents/GitHub/VRX_NUMarine/install/share/vrx_gazebo/models/battery
[0.603s] -- Installing: /home/rileychron111/Documents/GitHub/VRX_NUMarine/install/share/vrx_gazebo/models/battery/model.sdf
[0.603s] -- Up-to-date: /home/rileychron111/Documents/GitHub/VRX_NUMarine/install/share/vrx_gazebo/models/battery/mesh
[0.603s] -- Installing: /home/rileychron111/Documents/GitHub/VRX_NUMarine/install/share/vrx_gazebo/models/battery/mesh/battery_Roughness.png
[0.604s] -- Installing: /home/rileychron111/Documents/GitHub/VRX_NUMarine/install/share/vrx_gazebo/models/battery/mesh/battery.png
[0.608s] -- Installing: /home/rileychron111/Documents/GitHub/VRX_NUMarine/install/share/vrx_gazebo/models/battery/mesh/battery_Metalness.png
[0.608s] -- Installing: /home/rileychron111/Documents/GitHub/VRX_NUMarine/install/share/vrx_gazebo/models/battery/mesh/battery.dae
[0.608s] -- Installing: /home/rileychron111/Documents/GitHub/VRX_NUMarine/install/share/vrx_gazebo/models/battery/mesh/battery_Albedo.png
[0.610s] -- Installing: /home/rileychron111/Documents/GitHub/VRX_NUMarine/install/share/vrx_gazebo/models/battery/mesh/battery_Normal.png
[0.612s] -- Installing: /home/rileychron111/Documents/GitHub/VRX_NUMarine/install/share/vrx_gazebo/models/battery/model.config
[0.613s] -- Up-to-date: /home/rileychron111/Documents/GitHub/VRX_NUMarine/install/share/vrx_gazebo/models/ball_shooter
[0.613s] -- Installing: /home/rileychron111/Documents/GitHub/VRX_NUMarine/install/share/vrx_gazebo/models/ball_shooter/model.sdf
[0.613s] -- Installing: /home/rileychron111/Documents/GitHub/VRX_NUMarine/install/share/vrx_gazebo/models/ball_shooter/model.config
[0.613s] -- Up-to-date: /home/rileychron111/Documents/GitHub/VRX_NUMarine/install/share/vrx_gazebo/models/ball_shooter/meshes
[0.613s] -- Installing: /home/rileychron111/Documents/GitHub/VRX_NUMarine/install/share/vrx_gazebo/models/ball_shooter/meshes/Launcher_BaseColor.png
[0.613s] -- Installing: /home/rileychron111/Documents/GitHub/VRX_NUMarine/install/share/vrx_gazebo/models/ball_shooter/meshes/ball_shooter_launcher.dae
[0.613s] -- Installing: /home/rileychron111/Documents/GitHub/VRX_NUMarine/install/share/vrx_gazebo/models/ball_shooter/meshes/Launcher_Albedo.png
[0.614s] -- Up-to-date: /home/rileychron111/Documents/GitHub/VRX_NUMarine/install/share/vrx_gazebo/models/ball_shooter/meshes/Glass_BaseColor.png
[0.614s] -- Installing: /home/rileychron111/Documents/GitHub/VRX_NUMarine/install/share/vrx_gazebo/models/ball_shooter/meshes/ball_shooter_base.dae
[0.614s] -- Up-to-date: /home/rileychron111/Documents/GitHub/VRX_NUMarine/install/share/vrx_gazebo/models/ball_shooter/materials
[0.614s] -- Up-to-date: /home/rileychron111/Documents/GitHub/VRX_NUMarine/install/share/vrx_gazebo/models/ball_shooter/materials/Textures
[0.614s] -- Installing: /home/rileychron111/Documents/GitHub/VRX_NUMarine/install/share/vrx_gazebo/models/ball_shooter/materials/Textures/Launcher_Metalness.png
[0.614s] -- Installing: /home/rileychron111/Documents/GitHub/VRX_NUMarine/install/share/vrx_gazebo/models/ball_shooter/materials/Textures/Launcher_Normal.png
[0.614s] -- Installing: /home/rileychron111/Documents/GitHub/VRX_NUMarine/install/share/vrx_gazebo/models/ball_shooter/materials/Textures/Launcher_Roughness.png
[0.615s] -- Installing: /home/rileychron111/Documents/GitHub/VRX_NUMarine/install/share/vrx_gazebo/models/ball_shooter/materials/Textures/Launcher_Albedo.png
[0.615s] -- Up-to-date: /home/rileychron111/Documents/GitHub/VRX_NUMarine/install/share/vrx_gazebo/launch
[0.615s] -- Installing: /home/rileychron111/Documents/GitHub/VRX_NUMarine/install/share/vrx_gazebo/launch/rviz.launch.py
[0.615s] -- Installing: /home/rileychron111/Documents/GitHub/VRX_NUMarine/install/share/vrx_gazebo/launch/generate_wamv.launch.py
[0.615s] -- Up-to-date: /home/rileychron111/Documents/GitHub/VRX_NUMarine/install/share/vrx_gazebo/config
[0.615s] -- Installing: /home/rileychron111/Documents/GitHub/VRX_NUMarine/install/share/vrx_gazebo/config/rviz_vrx_final.rviz
[0.616s] -- Installing: /home/rileychron111/Documents/GitHub/VRX_NUMarine/install/share/vrx_gazebo/config/rviz_vrx_rsp.rviz
[0.616s] -- Up-to-date: /home/rileychron111/Documents/GitHub/VRX_NUMarine/install/share/vrx_gazebo/config/wamv_config
[0.616s] -- Installing: /home/rileychron111/Documents/GitHub/VRX_NUMarine/install/share/vrx_gazebo/config/wamv_config/example_thruster_config.yaml
[0.616s] -- Up-to-date: /home/rileychron111/Documents/GitHub/VRX_NUMarine/install/share/vrx_gazebo/config/wamv_config/thruster_compliance
[0.616s] -- Installing: /home/rileychron111/Documents/GitHub/VRX_NUMarine/install/share/vrx_gazebo/config/wamv_config/thruster_compliance/numeric.yaml
[0.616s] -- Installing: /home/rileychron111/Documents/GitHub/VRX_NUMarine/install/share/vrx_gazebo/config/wamv_config/thruster_compliance/bounding_boxes.yaml
[0.616s] -- Up-to-date: /home/rileychron111/Documents/GitHub/VRX_NUMarine/install/share/vrx_gazebo/config/wamv_config/component_compliance
[0.616s] -- Installing: /home/rileychron111/Documents/GitHub/VRX_NUMarine/install/share/vrx_gazebo/config/wamv_config/component_compliance/numeric.yaml
[0.616s] -- Installing: /home/rileychron111/Documents/GitHub/VRX_NUMarine/install/share/vrx_gazebo/config/wamv_config/component_compliance/bounding_boxes.yaml
[0.616s] -- Installing: /home/rileychron111/Documents/GitHub/VRX_NUMarine/install/share/vrx_gazebo/config/wamv_config/example_component_config.yaml
[0.616s] -- Installing: /home/rileychron111/Documents/GitHub/VRX_NUMarine/install/lib/vrx_gazebo/generate_wamv.py
[0.616s] -- Installing: /home/rileychron111/Documents/GitHub/VRX_NUMarine/install/share/vrx_gazebo/environment/pythonpath.sh
[0.616s] -- Installing: /home/rileychron111/Documents/GitHub/VRX_NUMarine/install/share/vrx_gazebo/environment/pythonpath.dsv
[0.616s] -- Up-to-date: /home/rileychron111/Documents/GitHub/VRX_NUMarine/install/local/lib/python3.10/dist-packages/vrx_gazebo-1.3.0-py3.10.egg-info
[0.616s] -- Installing: /home/rileychron111/Documents/GitHub/VRX_NUMarine/install/local/lib/python3.10/dist-packages/vrx_gazebo-1.3.0-py3.10.egg-info/dependency_links.txt
[0.616s] -- Installing: /home/rileychron111/Documents/GitHub/VRX_NUMarine/install/local/lib/python3.10/dist-packages/vrx_gazebo-1.3.0-py3.10.egg-info/PKG-INFO
[0.617s] -- Installing: /home/rileychron111/Documents/GitHub/VRX_NUMarine/install/local/lib/python3.10/dist-packages/vrx_gazebo-1.3.0-py3.10.egg-info/SOURCES.txt
[0.617s] -- Installing: /home/rileychron111/Documents/GitHub/VRX_NUMarine/install/local/lib/python3.10/dist-packages/vrx_gazebo-1.3.0-py3.10.egg-info/top_level.txt
[0.617s] -- Up-to-date: /home/rileychron111/Documents/GitHub/VRX_NUMarine/install/local/lib/python3.10/dist-packages/vrx_gazebo
[0.617s] -- Installing: /home/rileychron111/Documents/GitHub/VRX_NUMarine/install/local/lib/python3.10/dist-packages/vrx_gazebo/compliance.py
[0.617s] -- Installing: /home/rileychron111/Documents/GitHub/VRX_NUMarine/install/local/lib/python3.10/dist-packages/vrx_gazebo/__init__.py
[0.617s] -- Installing: /home/rileychron111/Documents/GitHub/VRX_NUMarine/install/local/lib/python3.10/dist-packages/vrx_gazebo/configure_wamv.py
[0.617s] -- Installing: /home/rileychron111/Documents/GitHub/VRX_NUMarine/install/local/lib/python3.10/dist-packages/vrx_gazebo/utils.py
[0.635s] Listing '/home/rileychron111/Documents/GitHub/VRX_NUMarine/install/local/lib/python3.10/dist-packages/vrx_gazebo'...
[0.635s] Compiling '/home/rileychron111/Documents/GitHub/VRX_NUMarine/install/local/lib/python3.10/dist-packages/vrx_gazebo/__init__.py'...
[0.635s] Compiling '/home/rileychron111/Documents/GitHub/VRX_NUMarine/install/local/lib/python3.10/dist-packages/vrx_gazebo/compliance.py'...
[0.635s] Compiling '/home/rileychron111/Documents/GitHub/VRX_NUMarine/install/local/lib/python3.10/dist-packages/vrx_gazebo/configure_wamv.py'...
[0.635s] Compiling '/home/rileychron111/Documents/GitHub/VRX_NUMarine/install/local/lib/python3.10/dist-packages/vrx_gazebo/utils.py'...
[0.638s] -- Installing: /home/rileychron111/Documents/GitHub/VRX_NUMarine/install/share/ament_index/resource_index/package_run_dependencies/vrx_gazebo
[0.638s] -- Installing: /home/rileychron111/Documents/GitHub/VRX_NUMarine/install/share/ament_index/resource_index/parent_prefix_path/vrx_gazebo
[0.638s] -- Installing: /home/rileychron111/Documents/GitHub/VRX_NUMarine/install/share/vrx_gazebo/environment/ament_prefix_path.sh
[0.638s] -- Installing: /home/rileychron111/Documents/GitHub/VRX_NUMarine/install/share/vrx_gazebo/environment/ament_prefix_path.dsv
[0.638s] -- Installing: /home/rileychron111/Documents/GitHub/VRX_NUMarine/install/share/vrx_gazebo/environment/path.sh
[0.638s] -- Installing: /home/rileychron111/Documents/GitHub/VRX_NUMarine/install/share/vrx_gazebo/environment/path.dsv
[0.638s] -- Installing: /home/rileychron111/Documents/GitHub/VRX_NUMarine/install/share/vrx_gazebo/local_setup.bash
[0.638s] -- Installing: /home/rileychron111/Documents/GitHub/VRX_NUMarine/install/share/vrx_gazebo/local_setup.sh
[0.638s] -- Installing: /home/rileychron111/Documents/GitHub/VRX_NUMarine/install/share/vrx_gazebo/local_setup.zsh
[0.638s] -- Installing: /home/rileychron111/Documents/GitHub/VRX_NUMarine/install/share/vrx_gazebo/local_setup.dsv
[0.638s] -- Installing: /home/rileychron111/Documents/GitHub/VRX_NUMarine/install/share/vrx_gazebo/package.dsv
[0.639s] -- Installing: /home/rileychron111/Documents/GitHub/VRX_NUMarine/install/share/ament_index/resource_index/packages/vrx_gazebo
[0.639s] -- Installing: /home/rileychron111/Documents/GitHub/VRX_NUMarine/install/share/vrx_gazebo/cmake/vrx_gazeboConfig.cmake
[0.639s] -- Installing: /home/rileychron111/Documents/GitHub/VRX_NUMarine/install/share/vrx_gazebo/cmake/vrx_gazeboConfig-version.cmake
[0.639s] -- Installing: /home/rileychron111/Documents/GitHub/VRX_NUMarine/install/share/vrx_gazebo/package.xml
[0.639s] Invoked command in '/home/rileychron111/Documents/GitHub/VRX_NUMarine/build/vrx_gazebo' returned '0': CMAKE_PREFIX_PATH=/opt/ros/humble /usr/bin/cmake --install /home/rileychron111/Documents/GitHub/VRX_NUMarine/build/vrx_gazebo
