[0.027s] Invoking command in '/home/jain/Documents/GitHub/VRX_NUMarine/build/wamv_description': CMAKE_PREFIX_PATH=${CMAKE_PREFIX_PATH}:/opt/ros/humble GZ_SIM_RESOURCE_PATH=/home/jain/Documents/GitHub/VRX_NUMarine/install/share:${GZ_SIM_RESOURCE_PATH} /usr/bin/cmake /home/jain/Documents/GitHub/VRX_NUMarine/src/vrx/ros_packages/vrx_urdf/wamv_description -DCMAKE_INSTALL_PREFIX=/home/jain/Documents/GitHub/VRX_NUMarine/install
[0.204s] -- The C compiler identification is GNU 11.4.0
[0.403s] -- The CXX compiler identification is GNU 11.4.0
[0.417s] -- Detecting C compiler ABI info
[0.590s] -- Detecting C compiler ABI info - done
[0.611s] -- Check for working C compiler: /usr/bin/cc - skipped
[0.612s] -- Detecting C compile features
[0.613s] -- Detecting C compile features - done
[0.622s] -- Detecting CXX compiler ABI info
[0.826s] -- Detecting CXX compiler ABI info - done
[0.843s] -- Check for working CXX compiler: /usr/bin/c++ - skipped
[0.843s] -- Detecting CXX compile features
[0.844s] -- Detecting CXX compile features - done
[0.849s] -- Found ament_cmake: 1.3.9 (/opt/ros/humble/share/ament_cmake/cmake)
[1.172s] -- Found Python3: /usr/bin/python3 (found version "3.10.12") found components: Interpreter 
[1.397s] -- Found xacro: 2.0.8 (/opt/ros/humble/share/xacro/cmake)
[1.405s] -- xacro: determining deps for: urdf/wamv_base.urdf.xacro ...
[1.824s] -- Configuring done
[1.829s] -- Generating done
[1.833s] -- Build files have been written to: /home/jain/Documents/GitHub/VRX_NUMarine/build/wamv_description
[1.845s] Invoked command in '/home/jain/Documents/GitHub/VRX_NUMarine/build/wamv_description' returned '0': CMAKE_PREFIX_PATH=${CMAKE_PREFIX_PATH}:/opt/ros/humble GZ_SIM_RESOURCE_PATH=/home/jain/Documents/GitHub/VRX_NUMarine/install/share:${GZ_SIM_RESOURCE_PATH} /usr/bin/cmake /home/jain/Documents/GitHub/VRX_NUMarine/src/vrx/ros_packages/vrx_urdf/wamv_description -DCMAKE_INSTALL_PREFIX=/home/jain/Documents/GitHub/VRX_NUMarine/install
[1.846s] Invoking command in '/home/jain/Documents/GitHub/VRX_NUMarine/build/wamv_description': CMAKE_PREFIX_PATH=${CMAKE_PREFIX_PATH}:/opt/ros/humble GZ_SIM_RESOURCE_PATH=/home/jain/Documents/GitHub/VRX_NUMarine/install/share:${GZ_SIM_RESOURCE_PATH} /usr/bin/cmake --build /home/jain/Documents/GitHub/VRX_NUMarine/build/wamv_description -- -j8 -l8
[1.973s] [100%] [34m[1mxacro: generating urdf/wamv_base.urdf from urdf/wamv_base.urdf.xacro[0m
[2.289s] [100%] Built target wamv_description__xacro_auto_generate
[2.327s] Invoked command in '/home/jain/Documents/GitHub/VRX_NUMarine/build/wamv_description' returned '0': CMAKE_PREFIX_PATH=${CMAKE_PREFIX_PATH}:/opt/ros/humble GZ_SIM_RESOURCE_PATH=/home/jain/Documents/GitHub/VRX_NUMarine/install/share:${GZ_SIM_RESOURCE_PATH} /usr/bin/cmake --build /home/jain/Documents/GitHub/VRX_NUMarine/build/wamv_description -- -j8 -l8
[2.412s] Invoking command in '/home/jain/Documents/GitHub/VRX_NUMarine/build/wamv_description': CMAKE_PREFIX_PATH=${CMAKE_PREFIX_PATH}:/opt/ros/humble GZ_SIM_RESOURCE_PATH=/home/jain/Documents/GitHub/VRX_NUMarine/install/share:${GZ_SIM_RESOURCE_PATH} /usr/bin/cmake --install /home/jain/Documents/GitHub/VRX_NUMarine/build/wamv_description
[2.434s] -- Install configuration: ""
[2.434s] -- Installing: /home/jain/Documents/GitHub/VRX_NUMarine/install/share/wamv_description/environment/resource_paths.dsv
[2.434s] -- Up-to-date: /home/jain/Documents/GitHub/VRX_NUMarine/install/share/wamv_description/environment/resource_paths.sh
[2.435s] -- Installing: /home/jain/Documents/GitHub/VRX_NUMarine/install/share/wamv_description/urdf/wamv_base.urdf
[2.435s] -- Up-to-date: /home/jain/Documents/GitHub/VRX_NUMarine/install/share/wamv_description/models
[2.435s] -- Up-to-date: /home/jain/Documents/GitHub/VRX_NUMarine/install/share/wamv_description/models/propeller
[2.435s] -- Up-to-date: /home/jain/Documents/GitHub/VRX_NUMarine/install/share/wamv_description/models/propeller/mesh
[2.435s] -- Up-to-date: /home/jain/Documents/GitHub/VRX_NUMarine/install/share/wamv_description/models/propeller/mesh/propeller.dae
[2.436s] -- Up-to-date: /home/jain/Documents/GitHub/VRX_NUMarine/install/share/wamv_description/models/propeller/model.config
[2.436s] -- Up-to-date: /home/jain/Documents/GitHub/VRX_NUMarine/install/share/wamv_description/models/WAM-V-Base
[2.436s] -- Up-to-date: /home/jain/Documents/GitHub/VRX_NUMarine/install/share/wamv_description/models/WAM-V-Base/mesh
[2.436s] -- Up-to-date: /home/jain/Documents/GitHub/VRX_NUMarine/install/share/wamv_description/models/WAM-V-Base/mesh/WAM-V_Roughness.png
[2.436s] -- Up-to-date: /home/jain/Documents/GitHub/VRX_NUMarine/install/share/wamv_description/models/WAM-V-Base/mesh/WAM-V-Base.dae
[2.437s] -- Up-to-date: /home/jain/Documents/GitHub/VRX_NUMarine/install/share/wamv_description/models/WAM-V-Base/mesh/WAM-V_Albedo.png
[2.437s] -- Up-to-date: /home/jain/Documents/GitHub/VRX_NUMarine/install/share/wamv_description/models/WAM-V-Base/mesh/WamV.png
[2.437s] -- Up-to-date: /home/jain/Documents/GitHub/VRX_NUMarine/install/share/wamv_description/models/WAM-V-Base/mesh/WAM-V_Normal.png
[2.437s] -- Up-to-date: /home/jain/Documents/GitHub/VRX_NUMarine/install/share/wamv_description/models/WAM-V-Base/mesh/WAM-V_Metalness.png
[2.437s] -- Up-to-date: /home/jain/Documents/GitHub/VRX_NUMarine/install/share/wamv_description/models/WAM-V-Base/model.config
[2.437s] -- Up-to-date: /home/jain/Documents/GitHub/VRX_NUMarine/install/share/wamv_description/models/engine
[2.438s] -- Up-to-date: /home/jain/Documents/GitHub/VRX_NUMarine/install/share/wamv_description/models/engine/mesh
[2.438s] -- Up-to-date: /home/jain/Documents/GitHub/VRX_NUMarine/install/share/wamv_description/models/engine/mesh/engine.dae
[2.438s] -- Up-to-date: /home/jain/Documents/GitHub/VRX_NUMarine/install/share/wamv_description/models/engine/model.config
[2.438s] -- Up-to-date: /home/jain/Documents/GitHub/VRX_NUMarine/install/share/wamv_description/urdf
[2.438s] -- Up-to-date: /home/jain/Documents/GitHub/VRX_NUMarine/install/share/wamv_description/urdf/wamv_base.urdf.xacro
[2.438s] -- Up-to-date: /home/jain/Documents/GitHub/VRX_NUMarine/install/share/wamv_description/urdf/cpu_cases.xacro
[2.438s] -- Up-to-date: /home/jain/Documents/GitHub/VRX_NUMarine/install/share/wamv_description/urdf/thrusters
[2.439s] -- Up-to-date: /home/jain/Documents/GitHub/VRX_NUMarine/install/share/wamv_description/urdf/thrusters/engine.xacro
[2.439s] -- Up-to-date: /home/jain/Documents/GitHub/VRX_NUMarine/install/share/wamv_description/urdf/battery.xacro
[2.439s] -- Installing: /home/jain/Documents/GitHub/VRX_NUMarine/install/share/ament_index/resource_index/package_run_dependencies/wamv_description
[2.439s] -- Installing: /home/jain/Documents/GitHub/VRX_NUMarine/install/share/ament_index/resource_index/parent_prefix_path/wamv_description
[2.440s] -- Up-to-date: /home/jain/Documents/GitHub/VRX_NUMarine/install/share/wamv_description/environment/ament_prefix_path.sh
[2.440s] -- Installing: /home/jain/Documents/GitHub/VRX_NUMarine/install/share/wamv_description/environment/ament_prefix_path.dsv
[2.440s] -- Up-to-date: /home/jain/Documents/GitHub/VRX_NUMarine/install/share/wamv_description/environment/path.sh
[2.440s] -- Installing: /home/jain/Documents/GitHub/VRX_NUMarine/install/share/wamv_description/environment/path.dsv
[2.440s] -- Installing: /home/jain/Documents/GitHub/VRX_NUMarine/install/share/wamv_description/local_setup.bash
[2.440s] -- Installing: /home/jain/Documents/GitHub/VRX_NUMarine/install/share/wamv_description/local_setup.sh
[2.440s] -- Installing: /home/jain/Documents/GitHub/VRX_NUMarine/install/share/wamv_description/local_setup.zsh
[2.441s] -- Installing: /home/jain/Documents/GitHub/VRX_NUMarine/install/share/wamv_description/local_setup.dsv
[2.443s] -- Installing: /home/jain/Documents/GitHub/VRX_NUMarine/install/share/wamv_description/package.dsv
[2.443s] -- Installing: /home/jain/Documents/GitHub/VRX_NUMarine/install/share/ament_index/resource_index/packages/wamv_description
[2.443s] -- Installing: /home/jain/Documents/GitHub/VRX_NUMarine/install/share/wamv_description/cmake/wamv_descriptionConfig.cmake
[2.444s] -- Installing: /home/jain/Documents/GitHub/VRX_NUMarine/install/share/wamv_description/cmake/wamv_descriptionConfig-version.cmake
[2.444s] -- Up-to-date: /home/jain/Documents/GitHub/VRX_NUMarine/install/share/wamv_description/package.xml
[2.454s] Invoked command in '/home/jain/Documents/GitHub/VRX_NUMarine/build/wamv_description' returned '0': CMAKE_PREFIX_PATH=${CMAKE_PREFIX_PATH}:/opt/ros/humble GZ_SIM_RESOURCE_PATH=/home/jain/Documents/GitHub/VRX_NUMarine/install/share:${GZ_SIM_RESOURCE_PATH} /usr/bin/cmake --install /home/jain/Documents/GitHub/VRX_NUMarine/build/wamv_description
