[0.007s] Invoking command in '/home/robotx/Documents/GitHub/VRX_NUMarine/build/wamv_gazebo': AMENT_PREFIX_PATH=/home/robotx/Documents/GitHub/VRX_NUMarine/install:${AMENT_PREFIX_PATH} CMAKE_PREFIX_PATH=/home/robotx/Documents/GitHub/VRX_NUMarine/install:/opt/ros/humble GZ_SIM_RESOURCE_PATH=/home/robotx/Documents/GitHub/VRX_NUMarine/install/share/wamv_description/models:/home/robotx/Documents/GitHub/VRX_NUMarine/install/share/vrx_gazebo/models:/home/robotx/Documents/GitHub/VRX_NUMarine/install/share LD_LIBRARY_PATH=/home/robotx/Documents/GitHub/VRX_NUMarine/install/lib:${LD_LIBRARY_PATH} PYTHONPATH=/home/robotx/Documents/GitHub/VRX_NUMarine/install/local/lib/python3.10/dist-packages:${PYTHONPATH} /usr/bin/cmake --build /home/robotx/Documents/GitHub/VRX_NUMarine/build/wamv_gazebo -- -j12 -l12
[0.037s] Invoked command in '/home/robotx/Documents/GitHub/VRX_NUMarine/build/wamv_gazebo' returned '0': AMENT_PREFIX_PATH=/home/robotx/Documents/GitHub/VRX_NUMarine/install:${AMENT_PREFIX_PATH} CMAKE_PREFIX_PATH=/home/robotx/Documents/GitHub/VRX_NUMarine/install:/opt/ros/humble GZ_SIM_RESOURCE_PATH=/home/robotx/Documents/GitHub/VRX_NUMarine/install/share/wamv_description/models:/home/robotx/Documents/GitHub/VRX_NUMarine/install/share/vrx_gazebo/models:/home/robotx/Documents/GitHub/VRX_NUMarine/install/share LD_LIBRARY_PATH=/home/robotx/Documents/GitHub/VRX_NUMarine/install/lib:${LD_LIBRARY_PATH} PYTHONPATH=/home/robotx/Documents/GitHub/VRX_NUMarine/install/local/lib/python3.10/dist-packages:${PYTHONPATH} /usr/bin/cmake --build /home/robotx/Documents/GitHub/VRX_NUMarine/build/wamv_gazebo -- -j12 -l12
[0.055s] Invoking command in '/home/robotx/Documents/GitHub/VRX_NUMarine/build/wamv_gazebo': AMENT_PREFIX_PATH=/home/robotx/Documents/GitHub/VRX_NUMarine/install:${AMENT_PREFIX_PATH} CMAKE_PREFIX_PATH=/home/robotx/Documents/GitHub/VRX_NUMarine/install:/opt/ros/humble GZ_SIM_RESOURCE_PATH=/home/robotx/Documents/GitHub/VRX_NUMarine/install/share/wamv_description/models:/home/robotx/Documents/GitHub/VRX_NUMarine/install/share/vrx_gazebo/models:/home/robotx/Documents/GitHub/VRX_NUMarine/install/share LD_LIBRARY_PATH=/home/robotx/Documents/GitHub/VRX_NUMarine/install/lib:${LD_LIBRARY_PATH} PYTHONPATH=/home/robotx/Documents/GitHub/VRX_NUMarine/install/local/lib/python3.10/dist-packages:${PYTHONPATH} /usr/bin/cmake --install /home/robotx/Documents/GitHub/VRX_NUMarine/build/wamv_gazebo
[0.062s] -- Install configuration: ""
[0.062s] -- Up-to-date: /home/robotx/Documents/GitHub/VRX_NUMarine/install/share/wamv_gazebo/models
[0.062s] -- Up-to-date: /home/robotx/Documents/GitHub/VRX_NUMarine/install/share/wamv_gazebo/models/gps
[0.062s] -- Up-to-date: /home/robotx/Documents/GitHub/VRX_NUMarine/install/share/wamv_gazebo/models/gps/mesh
[0.062s] -- Up-to-date: /home/robotx/Documents/GitHub/VRX_NUMarine/install/share/wamv_gazebo/models/gps/mesh/gps.png
[0.062s] -- Up-to-date: /home/robotx/Documents/GitHub/VRX_NUMarine/install/share/wamv_gazebo/models/gps/mesh/gps.dae
[0.062s] -- Up-to-date: /home/robotx/Documents/GitHub/VRX_NUMarine/install/share/wamv_gazebo/models/gps/model.config
[0.063s] -- Up-to-date: /home/robotx/Documents/GitHub/VRX_NUMarine/install/share/wamv_gazebo/urdf
[0.063s] -- Up-to-date: /home/robotx/Documents/GitHub/VRX_NUMarine/install/share/wamv_gazebo/urdf/thruster_layouts
[0.063s] -- Up-to-date: /home/robotx/Documents/GitHub/VRX_NUMarine/install/share/wamv_gazebo/urdf/thruster_layouts/wamv_x_thrusters.xacro
[0.063s] -- Up-to-date: /home/robotx/Documents/GitHub/VRX_NUMarine/install/share/wamv_gazebo/urdf/thruster_layouts/wamv_t_thrusters.xacro
[0.063s] -- Up-to-date: /home/robotx/Documents/GitHub/VRX_NUMarine/install/share/wamv_gazebo/urdf/thruster_layouts/wamv_aft_thrusters.xacro
[0.063s] -- Up-to-date: /home/robotx/Documents/GitHub/VRX_NUMarine/install/share/wamv_gazebo/urdf/thruster_layouts/wamv_gazebo_thruster_config.xacro
[0.063s] -- Up-to-date: /home/robotx/Documents/GitHub/VRX_NUMarine/install/share/wamv_gazebo/urdf/dynamics
[0.063s] -- Up-to-date: /home/robotx/Documents/GitHub/VRX_NUMarine/install/share/wamv_gazebo/urdf/dynamics/wamv_gazebo_dynamics_plugin.xacro
[0.063s] -- Up-to-date: /home/robotx/Documents/GitHub/VRX_NUMarine/install/share/wamv_gazebo/urdf/components
[0.063s] -- Up-to-date: /home/robotx/Documents/GitHub/VRX_NUMarine/install/share/wamv_gazebo/urdf/components/wamv_gps.xacro
[0.063s] -- Up-to-date: /home/robotx/Documents/GitHub/VRX_NUMarine/install/share/wamv_gazebo/urdf/components/lidar.xacro
[0.063s] -- Up-to-date: /home/robotx/Documents/GitHub/VRX_NUMarine/install/share/wamv_gazebo/urdf/components/wamv_imu.xacro
[0.063s] -- Up-to-date: /home/robotx/Documents/GitHub/VRX_NUMarine/install/share/wamv_gazebo/urdf/components/wamv_camera.xacro
[0.063s] -- Up-to-date: /home/robotx/Documents/GitHub/VRX_NUMarine/install/share/wamv_gazebo/urdf/components/ball_shooter.xacro
[0.063s] -- Up-to-date: /home/robotx/Documents/GitHub/VRX_NUMarine/install/share/wamv_gazebo/urdf/components/wamv_3d_lidar.xacro
[0.063s] -- Up-to-date: /home/robotx/Documents/GitHub/VRX_NUMarine/install/share/wamv_gazebo/urdf/components/wamv_planar_lidar.xacro
[0.063s] -- Up-to-date: /home/robotx/Documents/GitHub/VRX_NUMarine/install/share/wamv_gazebo/urdf/components/wamv_p3d.xacro
[0.064s] -- Up-to-date: /home/robotx/Documents/GitHub/VRX_NUMarine/install/share/wamv_gazebo/urdf/components/wamv_pinger.xacro
[0.064s] -- Up-to-date: /home/robotx/Documents/GitHub/VRX_NUMarine/install/share/wamv_gazebo/urdf/wamv_gazebo.urdf.xacro
[0.064s] -- Up-to-date: /home/robotx/Documents/GitHub/VRX_NUMarine/install/share/wamv_gazebo/urdf/wamv_gazebo.xacro
[0.064s] -- Up-to-date: /home/robotx/Documents/GitHub/VRX_NUMarine/install/share/wamv_gazebo/urdf/macros.xacro
[0.064s] -- Up-to-date: /home/robotx/Documents/GitHub/VRX_NUMarine/install/share/ament_index/resource_index/package_run_dependencies/wamv_gazebo
[0.064s] -- Up-to-date: /home/robotx/Documents/GitHub/VRX_NUMarine/install/share/ament_index/resource_index/parent_prefix_path/wamv_gazebo
[0.064s] -- Up-to-date: /home/robotx/Documents/GitHub/VRX_NUMarine/install/share/wamv_gazebo/environment/ament_prefix_path.sh
[0.064s] -- Up-to-date: /home/robotx/Documents/GitHub/VRX_NUMarine/install/share/wamv_gazebo/environment/ament_prefix_path.dsv
[0.064s] -- Up-to-date: /home/robotx/Documents/GitHub/VRX_NUMarine/install/share/wamv_gazebo/environment/path.sh
[0.064s] -- Up-to-date: /home/robotx/Documents/GitHub/VRX_NUMarine/install/share/wamv_gazebo/environment/path.dsv
[0.064s] -- Up-to-date: /home/robotx/Documents/GitHub/VRX_NUMarine/install/share/wamv_gazebo/local_setup.bash
[0.064s] -- Up-to-date: /home/robotx/Documents/GitHub/VRX_NUMarine/install/share/wamv_gazebo/local_setup.sh
[0.064s] -- Up-to-date: /home/robotx/Documents/GitHub/VRX_NUMarine/install/share/wamv_gazebo/local_setup.zsh
[0.064s] -- Up-to-date: /home/robotx/Documents/GitHub/VRX_NUMarine/install/share/wamv_gazebo/local_setup.dsv
[0.065s] -- Installing: /home/robotx/Documents/GitHub/VRX_NUMarine/install/share/wamv_gazebo/package.dsv
[0.065s] -- Up-to-date: /home/robotx/Documents/GitHub/VRX_NUMarine/install/share/ament_index/resource_index/packages/wamv_gazebo
[0.065s] -- Up-to-date: /home/robotx/Documents/GitHub/VRX_NUMarine/install/share/wamv_gazebo/cmake/wamv_gazeboConfig.cmake
[0.065s] -- Up-to-date: /home/robotx/Documents/GitHub/VRX_NUMarine/install/share/wamv_gazebo/cmake/wamv_gazeboConfig-version.cmake
[0.065s] -- Up-to-date: /home/robotx/Documents/GitHub/VRX_NUMarine/install/share/wamv_gazebo/package.xml
[0.066s] Invoked command in '/home/robotx/Documents/GitHub/VRX_NUMarine/build/wamv_gazebo' returned '0': AMENT_PREFIX_PATH=/home/robotx/Documents/GitHub/VRX_NUMarine/install:${AMENT_PREFIX_PATH} CMAKE_PREFIX_PATH=/home/robotx/Documents/GitHub/VRX_NUMarine/install:/opt/ros/humble GZ_SIM_RESOURCE_PATH=/home/robotx/Documents/GitHub/VRX_NUMarine/install/share/wamv_description/models:/home/robotx/Documents/GitHub/VRX_NUMarine/install/share/vrx_gazebo/models:/home/robotx/Documents/GitHub/VRX_NUMarine/install/share LD_LIBRARY_PATH=/home/robotx/Documents/GitHub/VRX_NUMarine/install/lib:${LD_LIBRARY_PATH} PYTHONPATH=/home/robotx/Documents/GitHub/VRX_NUMarine/install/local/lib/python3.10/dist-packages:${PYTHONPATH} /usr/bin/cmake --install /home/robotx/Documents/GitHub/VRX_NUMarine/build/wamv_gazebo
