[0.004s] Invoking command in '/home/rileychron111/Documents/GitHub/VRX_NUMarine/build/wamv_description': CMAKE_PREFIX_PATH=${CMAKE_PREFIX_PATH}:/opt/ros/humble GZ_SIM_RESOURCE_PATH=/home/rileychron111/Documents/GitHub/VRX_NUMarine/install/share:${GZ_SIM_RESOURCE_PATH} PYTHONPATH=/home/rileychron111/Documents/GitHub/VRX_NUMarine/install/lib/python3.10/site-packages:/home/rileychron111/Documents/GitHub/VRX_NUMarine/install/local/lib/python3.10/dist-packages:/opt/ros/humble/lib/python3.10/site-packages:/opt/ros/humble/local/lib/python3.10/dist-packages /usr/bin/cmake /home/rileychron111/Documents/GitHub/VRX_NUMarine/src/vrx/ros_packages/vrx_urdf/wamv_description -DCMAKE_INSTALL_PREFIX=/home/rileychron111/Documents/GitHub/VRX_NUMarine/install
[0.044s] -- The C compiler identification is GNU 11.4.0
[0.076s] -- The CXX compiler identification is GNU 11.4.0
[0.080s] -- Detecting C compiler ABI info
[0.116s] -- Detecting C compiler ABI info - done
[0.123s] -- Check for working C compiler: /usr/bin/cc - skipped
[0.123s] -- Detecting C compile features
[0.124s] -- Detecting C compile features - done
[0.126s] -- Detecting CXX compiler ABI info
[0.170s] -- Detecting CXX compiler ABI info - done
[0.177s] -- Check for working CXX compiler: /usr/bin/c++ - skipped
[0.177s] -- Detecting CXX compile features
[0.178s] -- Detecting CXX compile features - done
[0.180s] -- Found ament_cmake: 1.3.9 (/opt/ros/humble/share/ament_cmake/cmake)
[0.264s] -- Found Python3: /usr/bin/python3 (found version "3.10.12") found components: Interpreter 
[0.314s] -- Found xacro: 2.0.8 (/opt/ros/humble/share/xacro/cmake)
[0.314s] -- xacro: determining deps for: urdf/wamv_base.urdf.xacro ...
[0.405s] -- Configuring done
[0.407s] -- Generating done
[0.407s] -- Build files have been written to: /home/rileychron111/Documents/GitHub/VRX_NUMarine/build/wamv_description
