[0.035s] Invoking command in '/home/jain/Documents/GitHub/VRX_NUMarine/build/my_velocity_to_pwm': CMAKE_PREFIX_PATH=/opt/ros/humble /usr/bin/cmake --build /home/jain/Documents/GitHub/VRX_NUMarine/build/my_velocity_to_pwm -- -j8 -l8
[0.151s] [ 50%] [32mBuilding CXX object CMakeFiles/velocity_to_pwm_node.dir/src/velocity_to_pwm_node.cpp.o[0m
[10.773s] [100%] [32m[1mLinking CXX executable velocity_to_pwm_node[0m
[11.224s] [100%] Built target velocity_to_pwm_node
[11.237s] Invoked command in '/home/jain/Documents/GitHub/VRX_NUMarine/build/my_velocity_to_pwm' returned '0': CMAKE_PREFIX_PATH=/opt/ros/humble /usr/bin/cmake --build /home/jain/Documents/GitHub/VRX_NUMarine/build/my_velocity_to_pwm -- -j8 -l8
[11.265s] Invoking command in '/home/jain/Documents/GitHub/VRX_NUMarine/build/my_velocity_to_pwm': CMAKE_PREFIX_PATH=/opt/ros/humble /usr/bin/cmake --install /home/jain/Documents/GitHub/VRX_NUMarine/build/my_velocity_to_pwm
[11.274s] -- Install configuration: ""
[11.274s] -- Installing: /home/jain/Documents/GitHub/VRX_NUMarine/install/lib/my_velocity_to_pwm/velocity_to_pwm_node
[11.280s] -- Set runtime path of "/home/jain/Documents/GitHub/VRX_NUMarine/install/lib/my_velocity_to_pwm/velocity_to_pwm_node" to ""
[11.280s] -- Up-to-date: /home/jain/Documents/GitHub/VRX_NUMarine/install/share/ament_index/resource_index/package_run_dependencies/my_velocity_to_pwm
[11.280s] -- Up-to-date: /home/jain/Documents/GitHub/VRX_NUMarine/install/share/ament_index/resource_index/parent_prefix_path/my_velocity_to_pwm
[11.280s] -- Up-to-date: /home/jain/Documents/GitHub/VRX_NUMarine/install/share/my_velocity_to_pwm/environment/ament_prefix_path.sh
[11.280s] -- Up-to-date: /home/jain/Documents/GitHub/VRX_NUMarine/install/share/my_velocity_to_pwm/environment/ament_prefix_path.dsv
[11.280s] -- Up-to-date: /home/jain/Documents/GitHub/VRX_NUMarine/install/share/my_velocity_to_pwm/environment/path.sh
[11.281s] -- Up-to-date: /home/jain/Documents/GitHub/VRX_NUMarine/install/share/my_velocity_to_pwm/environment/path.dsv
[11.281s] -- Up-to-date: /home/jain/Documents/GitHub/VRX_NUMarine/install/share/my_velocity_to_pwm/local_setup.bash
[11.281s] -- Up-to-date: /home/jain/Documents/GitHub/VRX_NUMarine/install/share/my_velocity_to_pwm/local_setup.sh
[11.281s] -- Up-to-date: /home/jain/Documents/GitHub/VRX_NUMarine/install/share/my_velocity_to_pwm/local_setup.zsh
[11.281s] -- Up-to-date: /home/jain/Documents/GitHub/VRX_NUMarine/install/share/my_velocity_to_pwm/local_setup.dsv
[11.281s] -- Installing: /home/jain/Documents/GitHub/VRX_NUMarine/install/share/my_velocity_to_pwm/package.dsv
[11.281s] -- Up-to-date: /home/jain/Documents/GitHub/VRX_NUMarine/install/share/ament_index/resource_index/packages/my_velocity_to_pwm
[11.281s] -- Up-to-date: /home/jain/Documents/GitHub/VRX_NUMarine/install/share/my_velocity_to_pwm/cmake/my_velocity_to_pwmConfig.cmake
[11.281s] -- Up-to-date: /home/jain/Documents/GitHub/VRX_NUMarine/install/share/my_velocity_to_pwm/cmake/my_velocity_to_pwmConfig-version.cmake
[11.282s] -- Up-to-date: /home/jain/Documents/GitHub/VRX_NUMarine/install/share/my_velocity_to_pwm/package.xml
[11.283s] Invoked command in '/home/jain/Documents/GitHub/VRX_NUMarine/build/my_velocity_to_pwm' returned '0': CMAKE_PREFIX_PATH=/opt/ros/humble /usr/bin/cmake --install /home/jain/Documents/GitHub/VRX_NUMarine/build/my_velocity_to_pwm
