[0.013s] Invoking command in '/home/rileychron111/Documents/GitHub/VRX_NUMarine/build/vrx_gz': AMENT_PREFIX_PATH=/home/rileychron111/Documents/GitHub/VRX_NUMarine/install:${AMENT_PREFIX_PATH} CMAKE_PREFIX_PATH=/home/rileychron111/Documents/GitHub/VRX_NUMarine/install:/opt/ros/humble PYTHONPATH=/home/rileychron111/Documents/GitHub/VRX_NUMarine/install/lib/python3.10/site-packages:${PYTHONPATH} /usr/bin/cmake --build /home/rileychron111/Documents/GitHub/VRX_NUMarine/build/vrx_gz -- -j12 -l12
[0.055s] [  2%] [32mBuilding CXX object CMakeFiles/ScoringPlugin.dir/src/ScoringPlugin.cc.o[0m
[0.058s] [  4%] [32mBuilding CXX object CMakeFiles/Waves.dir/src/Wavefield.cc.o[0m
[0.063s] [  4%] Built target ament_cmake_python_copy_vrx_gz
[0.210s] running egg_info
[0.210s] creating vrx_gz.egg-info
[0.210s] writing vrx_gz.egg-info/PKG-INFO
[0.210s] writing dependency_links to vrx_gz.egg-info/dependency_links.txt
[0.210s] writing top-level names to vrx_gz.egg-info/top_level.txt
[0.210s] writing manifest file 'vrx_gz.egg-info/SOURCES.txt'
[0.211s] reading manifest file 'vrx_gz.egg-info/SOURCES.txt'
[0.212s] writing manifest file 'vrx_gz.egg-info/SOURCES.txt'
[0.228s] [  4%] Built target ament_cmake_python_build_vrx_gz_egg
[2.057s] [  6%] [32m[1mLinking CXX shared library libWaves.so[0m
[2.210s] [  6%] Built target Waves
[2.222s] [ 12%] [32mBuilding CXX object CMakeFiles/PolyhedraBuoyancyDrag.dir/src/PolyhedraBuoyancyDrag.cc.o[0m
[2.222s] [ 12%] [32mBuilding CXX object CMakeFiles/PolyhedraBuoyancyDrag.dir/src/PolyhedronVolume.cc.o[0m
[2.222s] [ 12%] [32mBuilding CXX object CMakeFiles/PolyhedraBuoyancyDrag.dir/src/ShapeVolume.cc.o[0m
[2.804s] [ 14%] [32m[1mLinking CXX shared library libScoringPlugin.so[0m
[2.962s] [ 14%] Built target ScoringPlugin
[2.977s] [ 20%] [32mBuilding CXX object CMakeFiles/StationkeepingScoringPlugin.dir/src/StationkeepingScoringPlugin.cc.o[0m
[2.977s] [ 20%] [32mBuilding CXX object CMakeFiles/LightBuoyPlugin.dir/src/LightBuoyPlugin.cc.o[0m
[2.977s] [ 20%] [32mBuilding CXX object CMakeFiles/AcousticTrackingScoringPlugin.dir/src/AcousticTrackingScoringPlugin.cc.o[0m
[2.978s] [ 22%] [32mBuilding CXX object CMakeFiles/WayfindingScoringPlugin.dir/src/WayfindingScoringPlugin.cc.o[0m
[2.978s] [ 25%] [32mBuilding CXX object CMakeFiles/NavigationScoringPlugin.dir/src/NavigationScoringPlugin.cc.o[0m
[2.979s] [ 29%] [32mBuilding CXX object CMakeFiles/AcousticPerceptionScoringPlugin.dir/src/AcousticPerceptionScoringPlugin.cc.o[0m
[2.980s] [ 31%] [32mBuilding CXX object CMakeFiles/AcousticPingerPlugin.dir/src/AcousticPingerPlugin.cc.o[0m
[2.981s] [ 31%] [32mBuilding CXX object CMakeFiles/GymkhanaScoringPlugin.dir/src/GymkhanaScoringPlugin.cc.o[0m
[2.984s] [ 33%] [32mBuilding CXX object CMakeFiles/BallShooterPlugin.dir/src/BallShooterPlugin.cc.o[0m
[2.984s] [ 35%] [32mBuilding CXX object CMakeFiles/PerceptionScoringPlugin.dir/src/PerceptionScoringPlugin.cc.o[0m
[3.231s] [ 37%] [32mBuilding CXX object CMakeFiles/WayfindingScoringPlugin.dir/src/WaypointMarkers.cc.o[0m
[7.295s] [ 39%] [32m[1mLinking CXX shared library libLightBuoyPlugin.so[0m
[7.598s] [ 39%] Built target LightBuoyPlugin
[7.617s] [ 41%] [32mBuilding CXX object CMakeFiles/PlacardPlugin.dir/src/PlacardPlugin.cc.o[0m
[7.736s] [ 43%] [32m[1mLinking CXX shared library libGymkhanaScoringPlugin.so[0m
[8.055s] [ 43%] Built target GymkhanaScoringPlugin
[8.074s] [ 45%] [32mBuilding CXX object CMakeFiles/PublisherPlugin.dir/src/PublisherPlugin.cc.o[0m
[8.105s] [ 47%] [32m[1mLinking CXX shared library libPolyhedraBuoyancyDrag.so[0m
[8.161s] [ 50%] [32mBuilding CXX object CMakeFiles/ScanDockScoringPlugin.dir/src/ScanDockScoringPlugin.cc.o[0m
[8.457s] [ 50%] Built target PolyhedraBuoyancyDrag
[8.495s] [ 52%] [32mBuilding CXX object CMakeFiles/SimpleHydrodynamics.dir/src/SimpleHydrodynamics.cc.o[0m
[9.354s] [ 54%] [32m[1mLinking CXX shared library libAcousticPingerPlugin.so[0m
[9.366s] [ 56%] [32m[1mLinking CXX shared library libPerceptionScoringPlugin.so[0m
[9.509s] [ 58%] [32mBuilding CXX object CMakeFiles/AcousticTrackingScoringPlugin.dir/src/WaypointMarkers.cc.o[0m
[9.744s] [ 58%] Built target AcousticPingerPlugin
[9.761s] [ 58%] Built target PerceptionScoringPlugin
[9.780s] [ 60%] [32mBuilding CXX object CMakeFiles/USVWind.dir/src/USVWind.cc.o[0m
[9.788s] [ 62%] [32mBuilding CXX object CMakeFiles/Surface.dir/src/Surface.cc.o[0m
[9.845s] [ 64%] [32mBuilding CXX object CMakeFiles/AcousticPerceptionScoringPlugin.dir/src/WaypointMarkers.cc.o[0m
[10.160s] [ 66%] [32mBuilding CXX object CMakeFiles/StationkeepingScoringPlugin.dir/src/WaypointMarkers.cc.o[0m
[10.211s] [ 68%] [32m[1mLinking CXX shared library libNavigationScoringPlugin.so[0m
[10.590s] [ 68%] Built target NavigationScoringPlugin
[10.629s] [ 70%] [32m[1mLinking CXX shared library libWayfindingScoringPlugin.so[0m
[10.637s] [ 72%] [32mBuilding CXX object CMakeFiles/WaveVisual.dir/src/WaveVisual.cc.o[0m
[10.640s] [ 75%] [32m[1mLinking CXX shared library libBallShooterPlugin.so[0m
[10.993s] [ 75%] Built target BallShooterPlugin
[11.032s] [ 75%] Built target WayfindingScoringPlugin
[11.044s] [ 77%] [32mBuilding CXX object CMakeFiles/WildlifeScoringPlugin.dir/src/WildlifeScoringPlugin.cc.o[0m
[12.049s] [ 79%] [32m[1mLinking CXX shared library libPublisherPlugin.so[0m
[12.288s] [ 79%] Built target PublisherPlugin
[12.897s] [ 81%] [32m[1mLinking CXX shared library libPlacardPlugin.so[0m
[13.208s] [ 81%] Built target PlacardPlugin
[13.772s] [ 83%] [32m[1mLinking CXX shared library libSimpleHydrodynamics.so[0m
[14.018s] [ 83%] Built target SimpleHydrodynamics
[14.095s] [ 85%] [32m[1mLinking CXX shared library libSurface.so[0m
[14.265s] [ 87%] [32m[1mLinking CXX shared library libAcousticPerceptionScoringPlugin.so[0m
[14.319s] [ 87%] Built target Surface
[14.498s] [ 87%] Built target AcousticPerceptionScoringPlugin
[14.629s] [ 89%] [32m[1mLinking CXX shared library libAcousticTrackingScoringPlugin.so[0m
[14.760s] [ 91%] [32m[1mLinking CXX shared library libStationkeepingScoringPlugin.so[0m
[14.883s] [ 91%] Built target AcousticTrackingScoringPlugin
[15.024s] [ 91%] Built target StationkeepingScoringPlugin
[15.856s] [ 93%] [32m[1mLinking CXX shared library libWildlifeScoringPlugin.so[0m
[15.872s] [ 95%] [32m[1mLinking CXX shared library libScanDockScoringPlugin.so[0m
[16.070s] [ 95%] Built target WildlifeScoringPlugin
[16.081s] [ 95%] Built target ScanDockScoringPlugin
[16.190s] [ 97%] [32m[1mLinking CXX shared library libUSVWind.so[0m
[16.351s] [ 97%] Built target USVWind
[16.431s] [100%] [32m[1mLinking CXX shared library libWaveVisual.so[0m
[16.595s] [100%] Built target WaveVisual
