[0.044s] Invoking command in '/home/jain/Documents/GitHub/VRX_NUMarine/build/gps_odom_pkg': CMAKE_PREFIX_PATH=${CMAKE_PREFIX_PATH}:/opt/ros/humble /usr/bin/cmake --build /home/jain/Documents/GitHub/VRX_NUMarine/build/gps_odom_pkg -- -j8 -l8
[0.111s] Invoked command in '/home/jain/Documents/GitHub/VRX_NUMarine/build/gps_odom_pkg' returned '0': CMAKE_PREFIX_PATH=${CMAKE_PREFIX_PATH}:/opt/ros/humble /usr/bin/cmake --build /home/jain/Documents/GitHub/VRX_NUMarine/build/gps_odom_pkg -- -j8 -l8
[0.189s] Invoking command in '/home/jain/Documents/GitHub/VRX_NUMarine/build/gps_odom_pkg': CMAKE_PREFIX_PATH=${CMAKE_PREFIX_PATH}:/opt/ros/humble /usr/bin/cmake --install /home/jain/Documents/GitHub/VRX_NUMarine/build/gps_odom_pkg
[0.200s] -- Install configuration: ""
[0.201s] -- Up-to-date: /home/jain/Documents/GitHub/VRX_NUMarine/install/share/gps_odom_pkg/config
[0.201s] -- Installing: /home/jain/Documents/GitHub/VRX_NUMarine/install/share/gps_odom_pkg/config/dual_ekf_navsat_params.yaml
[0.202s] -- Up-to-date: /home/jain/Documents/GitHub/VRX_NUMarine/install/share/gps_odom_pkg/config/nav2_params.yaml
[0.205s] -- Up-to-date: /home/jain/Documents/GitHub/VRX_NUMarine/install/share/gps_odom_pkg/launch
[0.207s] -- Up-to-date: /home/jain/Documents/GitHub/VRX_NUMarine/install/share/gps_odom_pkg/launch/nav2_launch.py
[0.207s] -- Installing: /home/jain/Documents/GitHub/VRX_NUMarine/install/share/gps_odom_pkg/launch/localization_launch.py
[0.207s] -- Up-to-date: /home/jain/Documents/GitHub/VRX_NUMarine/install/share/ament_index/resource_index/package_run_dependencies/gps_odom_pkg
[0.207s] -- Up-to-date: /home/jain/Documents/GitHub/VRX_NUMarine/install/share/ament_index/resource_index/parent_prefix_path/gps_odom_pkg
[0.207s] -- Up-to-date: /home/jain/Documents/GitHub/VRX_NUMarine/install/share/gps_odom_pkg/environment/ament_prefix_path.sh
[0.208s] -- Up-to-date: /home/jain/Documents/GitHub/VRX_NUMarine/install/share/gps_odom_pkg/environment/ament_prefix_path.dsv
[0.208s] -- Up-to-date: /home/jain/Documents/GitHub/VRX_NUMarine/install/share/gps_odom_pkg/environment/path.sh
[0.208s] -- Up-to-date: /home/jain/Documents/GitHub/VRX_NUMarine/install/share/gps_odom_pkg/environment/path.dsv
[0.208s] -- Up-to-date: /home/jain/Documents/GitHub/VRX_NUMarine/install/share/gps_odom_pkg/local_setup.bash
[0.208s] -- Up-to-date: /home/jain/Documents/GitHub/VRX_NUMarine/install/share/gps_odom_pkg/local_setup.sh
[0.209s] -- Up-to-date: /home/jain/Documents/GitHub/VRX_NUMarine/install/share/gps_odom_pkg/local_setup.zsh
[0.209s] -- Up-to-date: /home/jain/Documents/GitHub/VRX_NUMarine/install/share/gps_odom_pkg/local_setup.dsv
[0.209s] -- Installing: /home/jain/Documents/GitHub/VRX_NUMarine/install/share/gps_odom_pkg/package.dsv
[0.209s] -- Up-to-date: /home/jain/Documents/GitHub/VRX_NUMarine/install/share/ament_index/resource_index/packages/gps_odom_pkg
[0.209s] -- Up-to-date: /home/jain/Documents/GitHub/VRX_NUMarine/install/share/gps_odom_pkg/cmake/gps_odom_pkgConfig.cmake
[0.210s] -- Up-to-date: /home/jain/Documents/GitHub/VRX_NUMarine/install/share/gps_odom_pkg/cmake/gps_odom_pkgConfig-version.cmake
[0.210s] -- Up-to-date: /home/jain/Documents/GitHub/VRX_NUMarine/install/share/gps_odom_pkg/package.xml
[0.213s] Invoked command in '/home/jain/Documents/GitHub/VRX_NUMarine/build/gps_odom_pkg' returned '0': CMAKE_PREFIX_PATH=${CMAKE_PREFIX_PATH}:/opt/ros/humble /usr/bin/cmake --install /home/jain/Documents/GitHub/VRX_NUMarine/build/gps_odom_pkg
