[0.026s] Invoking command in '/home/jain/Documents/GitHub/VRX_NUMarine/build/wamv_gazebo': CMAKE_PREFIX_PATH=${CMAKE_PREFIX_PATH}:/opt/ros/humble GZ_SIM_RESOURCE_PATH=/home/jain/Documents/GitHub/VRX_NUMarine/install/share:${GZ_SIM_RESOURCE_PATH} /usr/bin/cmake /home/jain/Documents/GitHub/VRX_NUMarine/src/vrx/ros_packages/vrx_urdf/wamv_gazebo -DCMAKE_INSTALL_PREFIX=/home/jain/Documents/GitHub/VRX_NUMarine/install
[0.231s] -- The C compiler identification is GNU 11.4.0
[0.364s] -- The CXX compiler identification is GNU 11.4.0
[0.381s] -- Detecting C compiler ABI info
[0.634s] -- Detecting C compiler ABI info - done
[0.661s] -- Check for working C compiler: /usr/bin/cc - skipped
[0.662s] -- Detecting C compile features
[0.663s] -- Detecting C compile features - done
[0.674s] -- Detecting CXX compiler ABI info
[0.915s] -- Detecting CXX compiler ABI info - done
[0.937s] -- Check for working CXX compiler: /usr/bin/c++ - skipped
[0.938s] -- Detecting CXX compile features
[0.939s] -- Detecting CXX compile features - done
[0.946s] -- Found ament_cmake: 1.3.9 (/opt/ros/humble/share/ament_cmake/cmake)
[1.625s] -- Found Python3: /usr/bin/python3 (found version "3.10.12") found components: Interpreter 
[1.897s] -- Found xacro: 2.0.8 (/opt/ros/humble/share/xacro/cmake)
[1.899s] -- Found wamv_description: 1.3.0 (/home/jain/Documents/GitHub/VRX_NUMarine/install/share/wamv_description/cmake)
[2.055s] -- Configuring done
[2.065s] -- Generating done
[2.067s] -- Build files have been written to: /home/jain/Documents/GitHub/VRX_NUMarine/build/wamv_gazebo
[2.081s] Invoked command in '/home/jain/Documents/GitHub/VRX_NUMarine/build/wamv_gazebo' returned '0': CMAKE_PREFIX_PATH=${CMAKE_PREFIX_PATH}:/opt/ros/humble GZ_SIM_RESOURCE_PATH=/home/jain/Documents/GitHub/VRX_NUMarine/install/share:${GZ_SIM_RESOURCE_PATH} /usr/bin/cmake /home/jain/Documents/GitHub/VRX_NUMarine/src/vrx/ros_packages/vrx_urdf/wamv_gazebo -DCMAKE_INSTALL_PREFIX=/home/jain/Documents/GitHub/VRX_NUMarine/install
[2.081s] Invoking command in '/home/jain/Documents/GitHub/VRX_NUMarine/build/wamv_gazebo': CMAKE_PREFIX_PATH=${CMAKE_PREFIX_PATH}:/opt/ros/humble GZ_SIM_RESOURCE_PATH=/home/jain/Documents/GitHub/VRX_NUMarine/install/share:${GZ_SIM_RESOURCE_PATH} /usr/bin/cmake --build /home/jain/Documents/GitHub/VRX_NUMarine/build/wamv_gazebo -- -j8 -l8
[2.188s] Invoked command in '/home/jain/Documents/GitHub/VRX_NUMarine/build/wamv_gazebo' returned '0': CMAKE_PREFIX_PATH=${CMAKE_PREFIX_PATH}:/opt/ros/humble GZ_SIM_RESOURCE_PATH=/home/jain/Documents/GitHub/VRX_NUMarine/install/share:${GZ_SIM_RESOURCE_PATH} /usr/bin/cmake --build /home/jain/Documents/GitHub/VRX_NUMarine/build/wamv_gazebo -- -j8 -l8
[2.290s] Invoking command in '/home/jain/Documents/GitHub/VRX_NUMarine/build/wamv_gazebo': CMAKE_PREFIX_PATH=${CMAKE_PREFIX_PATH}:/opt/ros/humble GZ_SIM_RESOURCE_PATH=/home/jain/Documents/GitHub/VRX_NUMarine/install/share:${GZ_SIM_RESOURCE_PATH} /usr/bin/cmake --install /home/jain/Documents/GitHub/VRX_NUMarine/build/wamv_gazebo
[2.344s] -- Install configuration: ""
[2.347s] -- Up-to-date: /home/jain/Documents/GitHub/VRX_NUMarine/install/share/wamv_gazebo/models
[2.347s] -- Up-to-date: /home/jain/Documents/GitHub/VRX_NUMarine/install/share/wamv_gazebo/models/gps
[2.347s] -- Up-to-date: /home/jain/Documents/GitHub/VRX_NUMarine/install/share/wamv_gazebo/models/gps/mesh
[2.348s] -- Up-to-date: /home/jain/Documents/GitHub/VRX_NUMarine/install/share/wamv_gazebo/models/gps/mesh/gps.png
[2.348s] -- Up-to-date: /home/jain/Documents/GitHub/VRX_NUMarine/install/share/wamv_gazebo/models/gps/mesh/gps.dae
[2.348s] -- Up-to-date: /home/jain/Documents/GitHub/VRX_NUMarine/install/share/wamv_gazebo/models/gps/model.config
[2.348s] -- Up-to-date: /home/jain/Documents/GitHub/VRX_NUMarine/install/share/wamv_gazebo/urdf
[2.349s] -- Up-to-date: /home/jain/Documents/GitHub/VRX_NUMarine/install/share/wamv_gazebo/urdf/macros.xacro
[2.349s] -- Up-to-date: /home/jain/Documents/GitHub/VRX_NUMarine/install/share/wamv_gazebo/urdf/wamv_gazebo.xacro
[2.349s] -- Up-to-date: /home/jain/Documents/GitHub/VRX_NUMarine/install/share/wamv_gazebo/urdf/wamv_gazebo.urdf.xacro
[2.350s] -- Up-to-date: /home/jain/Documents/GitHub/VRX_NUMarine/install/share/wamv_gazebo/urdf/thruster_layouts
[2.350s] -- Up-to-date: /home/jain/Documents/GitHub/VRX_NUMarine/install/share/wamv_gazebo/urdf/thruster_layouts/wamv_aft_thrusters.xacro
[2.350s] -- Up-to-date: /home/jain/Documents/GitHub/VRX_NUMarine/install/share/wamv_gazebo/urdf/thruster_layouts/wamv_x_thrusters.xacro
[2.351s] -- Up-to-date: /home/jain/Documents/GitHub/VRX_NUMarine/install/share/wamv_gazebo/urdf/thruster_layouts/wamv_t_thrusters.xacro
[2.351s] -- Up-to-date: /home/jain/Documents/GitHub/VRX_NUMarine/install/share/wamv_gazebo/urdf/thruster_layouts/wamv_gazebo_thruster_config.xacro
[2.351s] -- Up-to-date: /home/jain/Documents/GitHub/VRX_NUMarine/install/share/wamv_gazebo/urdf/dynamics
[2.352s] -- Up-to-date: /home/jain/Documents/GitHub/VRX_NUMarine/install/share/wamv_gazebo/urdf/dynamics/wamv_gazebo_dynamics_plugin.xacro
[2.352s] -- Up-to-date: /home/jain/Documents/GitHub/VRX_NUMarine/install/share/wamv_gazebo/urdf/components
[2.352s] -- Up-to-date: /home/jain/Documents/GitHub/VRX_NUMarine/install/share/wamv_gazebo/urdf/components/lidar.xacro
[2.353s] -- Up-to-date: /home/jain/Documents/GitHub/VRX_NUMarine/install/share/wamv_gazebo/urdf/components/ball_shooter.xacro
[2.353s] -- Up-to-date: /home/jain/Documents/GitHub/VRX_NUMarine/install/share/wamv_gazebo/urdf/components/wamv_gps.xacro
[2.353s] -- Up-to-date: /home/jain/Documents/GitHub/VRX_NUMarine/install/share/wamv_gazebo/urdf/components/wamv_3d_lidar.xacro
[2.353s] -- Up-to-date: /home/jain/Documents/GitHub/VRX_NUMarine/install/share/wamv_gazebo/urdf/components/wamv_p3d.xacro
[2.354s] -- Up-to-date: /home/jain/Documents/GitHub/VRX_NUMarine/install/share/wamv_gazebo/urdf/components/wamv_pinger.xacro
[2.354s] -- Up-to-date: /home/jain/Documents/GitHub/VRX_NUMarine/install/share/wamv_gazebo/urdf/components/wamv_planar_lidar.xacro
[2.354s] -- Up-to-date: /home/jain/Documents/GitHub/VRX_NUMarine/install/share/wamv_gazebo/urdf/components/wamv_camera.xacro
[2.355s] -- Up-to-date: /home/jain/Documents/GitHub/VRX_NUMarine/install/share/wamv_gazebo/urdf/components/wamv_imu.xacro
[2.359s] -- Installing: /home/jain/Documents/GitHub/VRX_NUMarine/install/share/ament_index/resource_index/package_run_dependencies/wamv_gazebo
[2.360s] -- Installing: /home/jain/Documents/GitHub/VRX_NUMarine/install/share/ament_index/resource_index/parent_prefix_path/wamv_gazebo
[2.361s] -- Up-to-date: /home/jain/Documents/GitHub/VRX_NUMarine/install/share/wamv_gazebo/environment/ament_prefix_path.sh
[2.362s] -- Installing: /home/jain/Documents/GitHub/VRX_NUMarine/install/share/wamv_gazebo/environment/ament_prefix_path.dsv
[2.362s] -- Up-to-date: /home/jain/Documents/GitHub/VRX_NUMarine/install/share/wamv_gazebo/environment/path.sh
[2.363s] -- Installing: /home/jain/Documents/GitHub/VRX_NUMarine/install/share/wamv_gazebo/environment/path.dsv
[2.363s] -- Installing: /home/jain/Documents/GitHub/VRX_NUMarine/install/share/wamv_gazebo/local_setup.bash
[2.364s] -- Installing: /home/jain/Documents/GitHub/VRX_NUMarine/install/share/wamv_gazebo/local_setup.sh
[2.364s] -- Installing: /home/jain/Documents/GitHub/VRX_NUMarine/install/share/wamv_gazebo/local_setup.zsh
[2.365s] -- Installing: /home/jain/Documents/GitHub/VRX_NUMarine/install/share/wamv_gazebo/local_setup.dsv
[2.365s] -- Installing: /home/jain/Documents/GitHub/VRX_NUMarine/install/share/wamv_gazebo/package.dsv
[2.366s] -- Installing: /home/jain/Documents/GitHub/VRX_NUMarine/install/share/ament_index/resource_index/packages/wamv_gazebo
[2.367s] -- Installing: /home/jain/Documents/GitHub/VRX_NUMarine/install/share/wamv_gazebo/cmake/wamv_gazeboConfig.cmake
[2.367s] -- Installing: /home/jain/Documents/GitHub/VRX_NUMarine/install/share/wamv_gazebo/cmake/wamv_gazeboConfig-version.cmake
[2.368s] -- Up-to-date: /home/jain/Documents/GitHub/VRX_NUMarine/install/share/wamv_gazebo/package.xml
[2.383s] Invoked command in '/home/jain/Documents/GitHub/VRX_NUMarine/build/wamv_gazebo' returned '0': CMAKE_PREFIX_PATH=${CMAKE_PREFIX_PATH}:/opt/ros/humble GZ_SIM_RESOURCE_PATH=/home/jain/Documents/GitHub/VRX_NUMarine/install/share:${GZ_SIM_RESOURCE_PATH} /usr/bin/cmake --install /home/jain/Documents/GitHub/VRX_NUMarine/build/wamv_gazebo
