[0.067s] Invoking command in '/home/jain/Documents/GitHub/VRX_NUMarine/build/vrx_gz': AMENT_PREFIX_PATH=/home/jain/Documents/GitHub/VRX_NUMarine/install:${AMENT_PREFIX_PATH} CMAKE_PREFIX_PATH=/home/jain/Documents/GitHub/VRX_NUMarine/install:/opt/ros/humble LD_LIBRARY_PATH=/home/jain/Documents/GitHub/VRX_NUMarine/install/lib:${LD_LIBRARY_PATH} /usr/bin/cmake --build /home/jain/Documents/GitHub/VRX_NUMarine/build/vrx_gz -- -j8 -l8
[0.183s] [  4%] Built target Waves
[0.250s] [  4%] Built target ament_cmake_python_copy_vrx_gz
[0.313s] [ 12%] Built target PolyhedraBuoyancyDrag
[0.911s] running egg_info
[0.913s] writing vrx_gz.egg-info/PKG-INFO
[0.913s] writing dependency_links to vrx_gz.egg-info/dependency_links.txt
[0.914s] writing top-level names to vrx_gz.egg-info/top_level.txt
[0.919s] reading manifest file 'vrx_gz.egg-info/SOURCES.txt'
[0.920s] writing manifest file 'vrx_gz.egg-info/SOURCES.txt'
[0.987s] [ 12%] Built target ament_cmake_python_build_vrx_gz_egg
[1.024s] [ 16%] Built target ScoringPlugin
[1.081s] [ 22%] Built target StationkeepingScoringPlugin
[1.138s] [ 27%] Built target NavigationScoringPlugin
[1.177s] [ 31%] Built target GymkhanaScoringPlugin
[1.222s] [ 35%] Built target PerceptionScoringPlugin
[1.270s] [ 39%] Built target PlacardPlugin
[1.309s] [ 43%] Built target PublisherPlugin
[1.361s] [ 47%] Built target ScanDockScoringPlugin
[1.414s] [ 52%] Built target SimpleHydrodynamics
[1.458s] [ 56%] Built target Surface
[1.513s] [ 60%] Built target USVWind
[1.576s] [ 64%] Built target WaveVisual
[1.618s] [ 68%] Built target WildlifeScoringPlugin
[1.669s] [ 72%] Built target LightBuoyPlugin
[1.721s] [ 77%] Built target BallShooterPlugin
[1.767s] [ 81%] Built target AcousticPingerPlugin
[1.818s] [ 87%] Built target AcousticTrackingScoringPlugin
[1.882s] [ 93%] Built target AcousticPerceptionScoringPlugin
[1.929s] [100%] Built target WayfindingScoringPlugin
[1.952s] Invoked command in '/home/jain/Documents/GitHub/VRX_NUMarine/build/vrx_gz' returned '0': AMENT_PREFIX_PATH=/home/jain/Documents/GitHub/VRX_NUMarine/install:${AMENT_PREFIX_PATH} CMAKE_PREFIX_PATH=/home/jain/Documents/GitHub/VRX_NUMarine/install:/opt/ros/humble LD_LIBRARY_PATH=/home/jain/Documents/GitHub/VRX_NUMarine/install/lib:${LD_LIBRARY_PATH} /usr/bin/cmake --build /home/jain/Documents/GitHub/VRX_NUMarine/build/vrx_gz -- -j8 -l8
[2.165s] Invoking command in '/home/jain/Documents/GitHub/VRX_NUMarine/build/vrx_gz': AMENT_PREFIX_PATH=/home/jain/Documents/GitHub/VRX_NUMarine/install:${AMENT_PREFIX_PATH} CMAKE_PREFIX_PATH=/home/jain/Documents/GitHub/VRX_NUMarine/install:/opt/ros/humble LD_LIBRARY_PATH=/home/jain/Documents/GitHub/VRX_NUMarine/install/lib:${LD_LIBRARY_PATH} /usr/bin/cmake --install /home/jain/Documents/GitHub/VRX_NUMarine/build/vrx_gz
[2.183s] -- Install configuration: ""
[2.184s] -- Up-to-date: /home/jain/Documents/GitHub/VRX_NUMarine/install/share/vrx_gz/environment/resource_paths.dsv
[2.184s] -- Up-to-date: /home/jain/Documents/GitHub/VRX_NUMarine/install/share/vrx_gz/environment/resource_paths.sh
[2.185s] -- Up-to-date: /home/jain/Documents/GitHub/VRX_NUMarine/install/lib/libWaves.so
[2.186s] -- Up-to-date: /home/jain/Documents/GitHub/VRX_NUMarine/install/lib/libPolyhedraBuoyancyDrag.so
[2.187s] -- Up-to-date: /home/jain/Documents/GitHub/VRX_NUMarine/install/lib/libScoringPlugin.so
[2.191s] -- Up-to-date: /home/jain/Documents/GitHub/VRX_NUMarine/install/lib/libStationkeepingScoringPlugin.so
[2.191s] -- Up-to-date: /home/jain/Documents/GitHub/VRX_NUMarine/install/lib/libWayfindingScoringPlugin.so
[2.191s] -- Up-to-date: /home/jain/Documents/GitHub/VRX_NUMarine/install/lib/libAcousticPerceptionScoringPlugin.so
[2.191s] -- Up-to-date: /home/jain/Documents/GitHub/VRX_NUMarine/install/lib/libAcousticTrackingScoringPlugin.so
[2.193s] -- Up-to-date: /home/jain/Documents/GitHub/VRX_NUMarine/install/lib/libAcousticPingerPlugin.so
[2.194s] -- Up-to-date: /home/jain/Documents/GitHub/VRX_NUMarine/install/lib/libBallShooterPlugin.so
[2.194s] -- Up-to-date: /home/jain/Documents/GitHub/VRX_NUMarine/install/lib/libLightBuoyPlugin.so
[2.194s] -- Up-to-date: /home/jain/Documents/GitHub/VRX_NUMarine/install/lib/libNavigationScoringPlugin.so
[2.195s] -- Up-to-date: /home/jain/Documents/GitHub/VRX_NUMarine/install/lib/libGymkhanaScoringPlugin.so
[2.196s] -- Up-to-date: /home/jain/Documents/GitHub/VRX_NUMarine/install/lib/libPerceptionScoringPlugin.so
[2.197s] -- Up-to-date: /home/jain/Documents/GitHub/VRX_NUMarine/install/lib/libPlacardPlugin.so
[2.197s] -- Up-to-date: /home/jain/Documents/GitHub/VRX_NUMarine/install/lib/libPublisherPlugin.so
[2.200s] -- Up-to-date: /home/jain/Documents/GitHub/VRX_NUMarine/install/lib/libScanDockScoringPlugin.so
[2.201s] -- Up-to-date: /home/jain/Documents/GitHub/VRX_NUMarine/install/lib/libSimpleHydrodynamics.so
[2.201s] -- Up-to-date: /home/jain/Documents/GitHub/VRX_NUMarine/install/lib/libSurface.so
[2.201s] -- Up-to-date: /home/jain/Documents/GitHub/VRX_NUMarine/install/lib/libUSVWind.so
[2.201s] -- Up-to-date: /home/jain/Documents/GitHub/VRX_NUMarine/install/lib/libWaveVisual.so
[2.202s] -- Up-to-date: /home/jain/Documents/GitHub/VRX_NUMarine/install/lib/libWildlifeScoringPlugin.so
[2.202s] -- Up-to-date: /home/jain/Documents/GitHub/VRX_NUMarine/install/share/vrx_gz/environment/pythonpath.sh
[2.202s] -- Up-to-date: /home/jain/Documents/GitHub/VRX_NUMarine/install/share/vrx_gz/environment/pythonpath.dsv
[2.202s] -- Up-to-date: /home/jain/Documents/GitHub/VRX_NUMarine/install/local/lib/python3.10/dist-packages/vrx_gz-0.0.0-py3.10.egg-info
[2.203s] -- Installing: /home/jain/Documents/GitHub/VRX_NUMarine/install/local/lib/python3.10/dist-packages/vrx_gz-0.0.0-py3.10.egg-info/SOURCES.txt
[2.204s] -- Installing: /home/jain/Documents/GitHub/VRX_NUMarine/install/local/lib/python3.10/dist-packages/vrx_gz-0.0.0-py3.10.egg-info/dependency_links.txt
[2.204s] -- Installing: /home/jain/Documents/GitHub/VRX_NUMarine/install/local/lib/python3.10/dist-packages/vrx_gz-0.0.0-py3.10.egg-info/PKG-INFO
[2.204s] -- Installing: /home/jain/Documents/GitHub/VRX_NUMarine/install/local/lib/python3.10/dist-packages/vrx_gz-0.0.0-py3.10.egg-info/top_level.txt
[2.204s] -- Up-to-date: /home/jain/Documents/GitHub/VRX_NUMarine/install/local/lib/python3.10/dist-packages/vrx_gz
[2.204s] -- Up-to-date: /home/jain/Documents/GitHub/VRX_NUMarine/install/local/lib/python3.10/dist-packages/vrx_gz/__init__.py
[2.205s] -- Up-to-date: /home/jain/Documents/GitHub/VRX_NUMarine/install/local/lib/python3.10/dist-packages/vrx_gz/bridge.py
[2.205s] -- Up-to-date: /home/jain/Documents/GitHub/VRX_NUMarine/install/local/lib/python3.10/dist-packages/vrx_gz/launch.py
[2.205s] -- Up-to-date: /home/jain/Documents/GitHub/VRX_NUMarine/install/local/lib/python3.10/dist-packages/vrx_gz/bridges.py
[2.205s] -- Up-to-date: /home/jain/Documents/GitHub/VRX_NUMarine/install/local/lib/python3.10/dist-packages/vrx_gz/payload_bridges.py
[2.205s] -- Up-to-date: /home/jain/Documents/GitHub/VRX_NUMarine/install/local/lib/python3.10/dist-packages/vrx_gz/model.py
[2.258s] Listing '/home/jain/Documents/GitHub/VRX_NUMarine/install/local/lib/python3.10/dist-packages/vrx_gz'...
[2.269s] -- Up-to-date: /home/jain/Documents/GitHub/VRX_NUMarine/install/share/vrx_gz/config
[2.269s] -- Up-to-date: /home/jain/Documents/GitHub/VRX_NUMarine/install/share/vrx_gz/config/roboboat.yaml
[2.269s] -- Up-to-date: /home/jain/Documents/GitHub/VRX_NUMarine/install/share/vrx_gz/config/wamv.yaml
[2.270s] -- Up-to-date: /home/jain/Documents/GitHub/VRX_NUMarine/install/share/vrx_gz/launch
[2.270s] -- Up-to-date: /home/jain/Documents/GitHub/VRX_NUMarine/install/share/vrx_gz/launch/spawn.launch.py
[2.270s] -- Up-to-date: /home/jain/Documents/GitHub/VRX_NUMarine/install/share/vrx_gz/launch/vrx_environment.launch.py
[2.270s] -- Up-to-date: /home/jain/Documents/GitHub/VRX_NUMarine/install/share/vrx_gz/launch/competition.launch.py
[2.270s] -- Up-to-date: /home/jain/Documents/GitHub/VRX_NUMarine/install/share/vrx_gz/launch/spawn_config.launch.py
[2.271s] -- Up-to-date: /home/jain/Documents/GitHub/VRX_NUMarine/install/share/vrx_gz/launch/usv_joy_teleop.py
[2.271s] -- Up-to-date: /home/jain/Documents/GitHub/VRX_NUMarine/install/share/vrx_gz/models
[2.271s] -- Up-to-date: /home/jain/Documents/GitHub/VRX_NUMarine/install/share/vrx_gz/models/robotx_light_buoy_rgb
[2.271s] -- Up-to-date: /home/jain/Documents/GitHub/VRX_NUMarine/install/share/vrx_gz/models/robotx_light_buoy_rgb/mesh
[2.271s] -- Up-to-date: /home/jain/Documents/GitHub/VRX_NUMarine/install/share/vrx_gz/models/robotx_light_buoy_rgb/mesh/LightTower_Normal.png
[2.272s] -- Up-to-date: /home/jain/Documents/GitHub/VRX_NUMarine/install/share/vrx_gz/models/robotx_light_buoy_rgb/mesh/LightTower_Roughness.png
[2.273s] -- Up-to-date: /home/jain/Documents/GitHub/VRX_NUMarine/install/share/vrx_gz/models/robotx_light_buoy_rgb/mesh/LightTower_Albedo.png
[2.273s] -- Up-to-date: /home/jain/Documents/GitHub/VRX_NUMarine/install/share/vrx_gz/models/robotx_light_buoy_rgb/mesh/LightTower_Metalness.png
[2.273s] -- Up-to-date: /home/jain/Documents/GitHub/VRX_NUMarine/install/share/vrx_gz/models/robotx_light_buoy_rgb/mesh/robotx_light_buoy.dae
[2.273s] -- Up-to-date: /home/jain/Documents/GitHub/VRX_NUMarine/install/share/vrx_gz/models/robotx_light_buoy_rgb/mesh/LightTower_Opacity.png
[2.274s] -- Up-to-date: /home/jain/Documents/GitHub/VRX_NUMarine/install/share/vrx_gz/models/robotx_light_buoy_rgb/model.config
[2.274s] -- Up-to-date: /home/jain/Documents/GitHub/VRX_NUMarine/install/share/vrx_gz/models/robotx_light_buoy_rgb/model.sdf
[2.274s] -- Up-to-date: /home/jain/Documents/GitHub/VRX_NUMarine/install/share/vrx_gz/models/short_navigation_course_4
[2.274s] -- Up-to-date: /home/jain/Documents/GitHub/VRX_NUMarine/install/share/vrx_gz/models/short_navigation_course_4/model.config
[2.274s] -- Up-to-date: /home/jain/Documents/GitHub/VRX_NUMarine/install/share/vrx_gz/models/short_navigation_course_4/model.sdf
[2.275s] -- Up-to-date: /home/jain/Documents/GitHub/VRX_NUMarine/install/share/vrx_gz/models/roboboat_cpubox
[2.275s] -- Up-to-date: /home/jain/Documents/GitHub/VRX_NUMarine/install/share/vrx_gz/models/roboboat_cpubox/materials
[2.275s] -- Up-to-date: /home/jain/Documents/GitHub/VRX_NUMarine/install/share/vrx_gz/models/roboboat_cpubox/materials/textures
[2.275s] -- Up-to-date: /home/jain/Documents/GitHub/VRX_NUMarine/install/share/vrx_gz/models/roboboat_cpubox/materials/textures/DryBox_Albedo.png
[2.275s] -- Up-to-date: /home/jain/Documents/GitHub/VRX_NUMarine/install/share/vrx_gz/models/roboboat_cpubox/materials/textures/DryBox_Roughness.png
[2.276s] -- Up-to-date: /home/jain/Documents/GitHub/VRX_NUMarine/install/share/vrx_gz/models/roboboat_cpubox/model.config
[2.276s] -- Up-to-date: /home/jain/Documents/GitHub/VRX_NUMarine/install/share/vrx_gz/models/roboboat_cpubox/meshes
[2.276s] -- Up-to-date: /home/jain/Documents/GitHub/VRX_NUMarine/install/share/vrx_gz/models/roboboat_cpubox/meshes/drybox.dae
[2.276s] -- Up-to-date: /home/jain/Documents/GitHub/VRX_NUMarine/install/share/vrx_gz/models/roboboat_cpubox/model.sdf
[2.277s] -- Up-to-date: /home/jain/Documents/GitHub/VRX_NUMarine/install/share/vrx_gz/models/short_navigation_course_1
[2.277s] -- Up-to-date: /home/jain/Documents/GitHub/VRX_NUMarine/install/share/vrx_gz/models/short_navigation_course_1/model.config
[2.277s] -- Up-to-date: /home/jain/Documents/GitHub/VRX_NUMarine/install/share/vrx_gz/models/short_navigation_course_1/model.sdf
[2.277s] -- Up-to-date: /home/jain/Documents/GitHub/VRX_NUMarine/install/share/vrx_gz/models/short_course_2023_phase3_2
[2.278s] -- Up-to-date: /home/jain/Documents/GitHub/VRX_NUMarine/install/share/vrx_gz/models/short_course_2023_phase3_2/model.config
[2.278s] -- Up-to-date: /home/jain/Documents/GitHub/VRX_NUMarine/install/share/vrx_gz/models/short_course_2023_phase3_2/model.sdf
[2.278s] -- Up-to-date: /home/jain/Documents/GitHub/VRX_NUMarine/install/share/vrx_gz/models/tent
[2.278s] -- Up-to-date: /home/jain/Documents/GitHub/VRX_NUMarine/install/share/vrx_gz/models/tent/thumbnails
[2.279s] -- Up-to-date: /home/jain/Documents/GitHub/VRX_NUMarine/install/share/vrx_gz/models/tent/thumbnails/1.png
[2.279s] -- Up-to-date: /home/jain/Documents/GitHub/VRX_NUMarine/install/share/vrx_gz/models/tent/thumbnails/2.png
[2.279s] -- Up-to-date: /home/jain/Documents/GitHub/VRX_NUMarine/install/share/vrx_gz/models/tent/thumbnails/3.png
[2.280s] -- Up-to-date: /home/jain/Documents/GitHub/VRX_NUMarine/install/share/vrx_gz/models/tent/thumbnails/4.png
[2.280s] -- Up-to-date: /home/jain/Documents/GitHub/VRX_NUMarine/install/share/vrx_gz/models/tent/thumbnails/5.png
[2.281s] -- Up-to-date: /home/jain/Documents/GitHub/VRX_NUMarine/install/share/vrx_gz/models/tent/mesh
[2.281s] -- Up-to-date: /home/jain/Documents/GitHub/VRX_NUMarine/install/share/vrx_gz/models/tent/mesh/tent.dae
[2.281s] -- Up-to-date: /home/jain/Documents/GitHub/VRX_NUMarine/install/share/vrx_gz/models/tent/mesh/tent.png
[2.281s] -- Up-to-date: /home/jain/Documents/GitHub/VRX_NUMarine/install/share/vrx_gz/models/tent/model.config
[2.282s] -- Up-to-date: /home/jain/Documents/GitHub/VRX_NUMarine/install/share/vrx_gz/models/tent/model.sdf
[2.282s] -- Up-to-date: /home/jain/Documents/GitHub/VRX_NUMarine/install/share/vrx_gz/models/roboboat01
[2.282s] -- Up-to-date: /home/jain/Documents/GitHub/VRX_NUMarine/install/share/vrx_gz/models/roboboat01/materials
[2.282s] -- Up-to-date: /home/jain/Documents/GitHub/VRX_NUMarine/install/share/vrx_gz/models/roboboat01/materials/scripts
[2.283s] -- Up-to-date: /home/jain/Documents/GitHub/VRX_NUMarine/install/share/vrx_gz/models/roboboat01/materials/scripts/model.material
[2.283s] -- Up-to-date: /home/jain/Documents/GitHub/VRX_NUMarine/install/share/vrx_gz/models/roboboat01/materials/textures
[2.284s] -- Up-to-date: /home/jain/Documents/GitHub/VRX_NUMarine/install/share/vrx_gz/models/roboboat01/materials/textures/Boat01_Albedo.png
[2.284s] -- Up-to-date: /home/jain/Documents/GitHub/VRX_NUMarine/install/share/vrx_gz/models/roboboat01/materials/textures/Boat01_Normal.png
[2.285s] -- Up-to-date: /home/jain/Documents/GitHub/VRX_NUMarine/install/share/vrx_gz/models/roboboat01/materials/textures/Thruster_Roughness.png
[2.285s] -- Up-to-date: /home/jain/Documents/GitHub/VRX_NUMarine/install/share/vrx_gz/models/roboboat01/materials/textures/Thruster_Albedo.png
[2.286s] -- Up-to-date: /home/jain/Documents/GitHub/VRX_NUMarine/install/share/vrx_gz/models/roboboat01/materials/textures/Boat01_Metallic.png
[2.286s] -- Up-to-date: /home/jain/Documents/GitHub/VRX_NUMarine/install/share/vrx_gz/models/roboboat01/materials/textures/Boat01_Roughness.png
[2.287s] -- Up-to-date: /home/jain/Documents/GitHub/VRX_NUMarine/install/share/vrx_gz/models/roboboat01/model.config
[2.287s] -- Up-to-date: /home/jain/Documents/GitHub/VRX_NUMarine/install/share/vrx_gz/models/roboboat01/meshes
[2.288s] -- Up-to-date: /home/jain/Documents/GitHub/VRX_NUMarine/install/share/vrx_gz/models/roboboat01/meshes/prop.dae
[2.288s] -- Up-to-date: /home/jain/Documents/GitHub/VRX_NUMarine/install/share/vrx_gz/models/roboboat01/meshes/mount.dae
[2.289s] -- Up-to-date: /home/jain/Documents/GitHub/VRX_NUMarine/install/share/vrx_gz/models/roboboat01/meshes/housing.dae
[2.289s] -- Up-to-date: /home/jain/Documents/GitHub/VRX_NUMarine/install/share/vrx_gz/models/roboboat01/meshes/roboboat01.dae
[2.290s] -- Up-to-date: /home/jain/Documents/GitHub/VRX_NUMarine/install/share/vrx_gz/models/roboboat01/model.sdf
[2.290s] -- Up-to-date: /home/jain/Documents/GitHub/VRX_NUMarine/install/share/vrx_gz/models/mb_round_buoy_black
[2.291s] -- Up-to-date: /home/jain/Documents/GitHub/VRX_NUMarine/install/share/vrx_gz/models/mb_round_buoy_black/thumbnails
[2.291s] -- Up-to-date: /home/jain/Documents/GitHub/VRX_NUMarine/install/share/vrx_gz/models/mb_round_buoy_black/thumbnails/1.png
[2.292s] -- Up-to-date: /home/jain/Documents/GitHub/VRX_NUMarine/install/share/vrx_gz/models/mb_round_buoy_black/thumbnails/2.png
[2.292s] -- Up-to-date: /home/jain/Documents/GitHub/VRX_NUMarine/install/share/vrx_gz/models/mb_round_buoy_black/thumbnails/3.png
[2.293s] -- Up-to-date: /home/jain/Documents/GitHub/VRX_NUMarine/install/share/vrx_gz/models/mb_round_buoy_black/thumbnails/4.png
[2.293s] -- Up-to-date: /home/jain/Documents/GitHub/VRX_NUMarine/install/share/vrx_gz/models/mb_round_buoy_black/thumbnails/5.png
[2.293s] -- Up-to-date: /home/jain/Documents/GitHub/VRX_NUMarine/install/share/vrx_gz/models/mb_round_buoy_black/model.config
[2.293s] -- Up-to-date: /home/jain/Documents/GitHub/VRX_NUMarine/install/share/vrx_gz/models/mb_round_buoy_black/model.sdf
[2.293s] -- Up-to-date: /home/jain/Documents/GitHub/VRX_NUMarine/install/share/vrx_gz/models/platform
[2.294s] -- Up-to-date: /home/jain/Documents/GitHub/VRX_NUMarine/install/share/vrx_gz/models/platform/model.config
[2.294s] -- Up-to-date: /home/jain/Documents/GitHub/VRX_NUMarine/install/share/vrx_gz/models/platform/model.sdf
[2.295s] -- Up-to-date: /home/jain/Documents/GitHub/VRX_NUMarine/install/share/vrx_gz/models/sydney_regatta
[2.295s] -- Up-to-date: /home/jain/Documents/GitHub/VRX_NUMarine/install/share/vrx_gz/models/sydney_regatta/materials
[2.296s] -- Up-to-date: /home/jain/Documents/GitHub/VRX_NUMarine/install/share/vrx_gz/models/sydney_regatta/materials/textures
[2.296s] -- Up-to-date: /home/jain/Documents/GitHub/VRX_NUMarine/install/share/vrx_gz/models/sydney_regatta/materials/textures/RoofCorrugated.png
[2.296s] -- Up-to-date: /home/jain/Documents/GitHub/VRX_NUMarine/install/share/vrx_gz/models/sydney_regatta/materials/textures/Windows_Dark.png
[2.296s] -- Up-to-date: /home/jain/Documents/GitHub/VRX_NUMarine/install/share/vrx_gz/models/sydney_regatta/materials/textures/Dock.png
[2.297s] -- Up-to-date: /home/jain/Documents/GitHub/VRX_NUMarine/install/share/vrx_gz/models/sydney_regatta/materials/textures/Terrain.png
[2.297s] -- Up-to-date: /home/jain/Documents/GitHub/VRX_NUMarine/install/share/vrx_gz/models/sydney_regatta/materials/textures/MetalGalvanized.png
[2.298s] -- Up-to-date: /home/jain/Documents/GitHub/VRX_NUMarine/install/share/vrx_gz/models/sydney_regatta/materials/textures/Wall_05.png
[2.298s] -- Up-to-date: /home/jain/Documents/GitHub/VRX_NUMarine/install/share/vrx_gz/models/sydney_regatta/materials/textures/DockDark.png
[2.299s] -- Up-to-date: /home/jain/Documents/GitHub/VRX_NUMarine/install/share/vrx_gz/models/sydney_regatta/materials/textures/TreeDiffuse.png
[2.299s] -- Up-to-date: /home/jain/Documents/GitHub/VRX_NUMarine/install/share/vrx_gz/models/sydney_regatta/thumbnails
[2.299s] -- Up-to-date: /home/jain/Documents/GitHub/VRX_NUMarine/install/share/vrx_gz/models/sydney_regatta/thumbnails/1.png
[2.299s] -- Up-to-date: /home/jain/Documents/GitHub/VRX_NUMarine/install/share/vrx_gz/models/sydney_regatta/thumbnails/2.png
[2.299s] -- Up-to-date: /home/jain/Documents/GitHub/VRX_NUMarine/install/share/vrx_gz/models/sydney_regatta/thumbnails/3.png
[2.300s] -- Up-to-date: /home/jain/Documents/GitHub/VRX_NUMarine/install/share/vrx_gz/models/sydney_regatta/thumbnails/4.png
[2.300s] -- Up-to-date: /home/jain/Documents/GitHub/VRX_NUMarine/install/share/vrx_gz/models/sydney_regatta/thumbnails/5.png
[2.300s] -- Up-to-date: /home/jain/Documents/GitHub/VRX_NUMarine/install/share/vrx_gz/models/sydney_regatta/model.config
[2.300s] -- Up-to-date: /home/jain/Documents/GitHub/VRX_NUMarine/install/share/vrx_gz/models/sydney_regatta/meshes
[2.300s] -- Up-to-date: /home/jain/Documents/GitHub/VRX_NUMarine/install/share/vrx_gz/models/sydney_regatta/meshes/sydney_regatta.dae
[2.301s] -- Up-to-date: /home/jain/Documents/GitHub/VRX_NUMarine/install/share/vrx_gz/models/sydney_regatta/meshes/sydney_regatta_shore.dae
[2.301s] -- Up-to-date: /home/jain/Documents/GitHub/VRX_NUMarine/install/share/vrx_gz/models/sydney_regatta/model.sdf
[2.301s] -- Up-to-date: /home/jain/Documents/GitHub/VRX_NUMarine/install/share/vrx_gz/models/antenna
[2.301s] -- Up-to-date: /home/jain/Documents/GitHub/VRX_NUMarine/install/share/vrx_gz/models/antenna/thumbnails
[2.304s] -- Up-to-date: /home/jain/Documents/GitHub/VRX_NUMarine/install/share/vrx_gz/models/antenna/thumbnails/1.png
[2.306s] -- Up-to-date: /home/jain/Documents/GitHub/VRX_NUMarine/install/share/vrx_gz/models/antenna/thumbnails/2.png
[2.306s] -- Up-to-date: /home/jain/Documents/GitHub/VRX_NUMarine/install/share/vrx_gz/models/antenna/thumbnails/3.png
[2.307s] -- Up-to-date: /home/jain/Documents/GitHub/VRX_NUMarine/install/share/vrx_gz/models/antenna/thumbnails/4.png
[2.308s] -- Up-to-date: /home/jain/Documents/GitHub/VRX_NUMarine/install/share/vrx_gz/models/antenna/thumbnails/5.png
[2.309s] -- Up-to-date: /home/jain/Documents/GitHub/VRX_NUMarine/install/share/vrx_gz/models/antenna/model.config
[2.309s] -- Up-to-date: /home/jain/Documents/GitHub/VRX_NUMarine/install/share/vrx_gz/models/antenna/meshes
[2.310s] -- Up-to-date: /home/jain/Documents/GitHub/VRX_NUMarine/install/share/vrx_gz/models/antenna/meshes/antenna.png
[2.310s] -- Up-to-date: /home/jain/Documents/GitHub/VRX_NUMarine/install/share/vrx_gz/models/antenna/meshes/antenna.dae
[2.311s] -- Up-to-date: /home/jain/Documents/GitHub/VRX_NUMarine/install/share/vrx_gz/models/antenna/model.sdf
[2.311s] -- Up-to-date: /home/jain/Documents/GitHub/VRX_NUMarine/install/share/vrx_gz/models/mb_marker_buoy_red
[2.312s] -- Up-to-date: /home/jain/Documents/GitHub/VRX_NUMarine/install/share/vrx_gz/models/mb_marker_buoy_red/materials
[2.313s] -- Up-to-date: /home/jain/Documents/GitHub/VRX_NUMarine/install/share/vrx_gz/models/mb_marker_buoy_red/materials/textures
[2.313s] -- Up-to-date: /home/jain/Documents/GitHub/VRX_NUMarine/install/share/vrx_gz/models/mb_marker_buoy_red/materials/textures/MarkerBuoy_Roughness.png
[2.313s] -- Up-to-date: /home/jain/Documents/GitHub/VRX_NUMarine/install/share/vrx_gz/models/mb_marker_buoy_red/materials/textures/MarkerBuoy_Base_Color.png
[2.313s] -- Up-to-date: /home/jain/Documents/GitHub/VRX_NUMarine/install/share/vrx_gz/models/mb_marker_buoy_red/thumbnails
[2.321s] -- Up-to-date: /home/jain/Documents/GitHub/VRX_NUMarine/install/share/vrx_gz/models/mb_marker_buoy_red/thumbnails/1.png
[2.322s] -- Up-to-date: /home/jain/Documents/GitHub/VRX_NUMarine/install/share/vrx_gz/models/mb_marker_buoy_red/thumbnails/2.png
[2.324s] -- Up-to-date: /home/jain/Documents/GitHub/VRX_NUMarine/install/share/vrx_gz/models/mb_marker_buoy_red/thumbnails/3.png
[2.325s] -- Up-to-date: /home/jain/Documents/GitHub/VRX_NUMarine/install/share/vrx_gz/models/mb_marker_buoy_red/thumbnails/4.png
[2.327s] -- Up-to-date: /home/jain/Documents/GitHub/VRX_NUMarine/install/share/vrx_gz/models/mb_marker_buoy_red/thumbnails/5.png
[2.328s] -- Up-to-date: /home/jain/Documents/GitHub/VRX_NUMarine/install/share/vrx_gz/models/mb_marker_buoy_red/model.config
[2.329s] -- Up-to-date: /home/jain/Documents/GitHub/VRX_NUMarine/install/share/vrx_gz/models/mb_marker_buoy_red/meshes
[2.330s] -- Up-to-date: /home/jain/Documents/GitHub/VRX_NUMarine/install/share/vrx_gz/models/mb_marker_buoy_red/meshes/mb_marker_buoy.dae
[2.330s] -- Up-to-date: /home/jain/Documents/GitHub/VRX_NUMarine/install/share/vrx_gz/models/mb_marker_buoy_red/model.sdf
[2.330s] -- Up-to-date: /home/jain/Documents/GitHub/VRX_NUMarine/install/share/vrx_gz/models/dock_2022_base
[2.330s] -- Up-to-date: /home/jain/Documents/GitHub/VRX_NUMarine/install/share/vrx_gz/models/dock_2022_base/model.config
[2.331s] -- Up-to-date: /home/jain/Documents/GitHub/VRX_NUMarine/install/share/vrx_gz/models/dock_2022_base/model.sdf
[2.331s] -- Up-to-date: /home/jain/Documents/GitHub/VRX_NUMarine/install/share/vrx_gz/models/mb_marker_buoy_black
[2.331s] -- Up-to-date: /home/jain/Documents/GitHub/VRX_NUMarine/install/share/vrx_gz/models/mb_marker_buoy_black/thumbnails
[2.331s] -- Up-to-date: /home/jain/Documents/GitHub/VRX_NUMarine/install/share/vrx_gz/models/mb_marker_buoy_black/thumbnails/1.png
[2.331s] -- Up-to-date: /home/jain/Documents/GitHub/VRX_NUMarine/install/share/vrx_gz/models/mb_marker_buoy_black/thumbnails/2.png
[2.334s] -- Up-to-date: /home/jain/Documents/GitHub/VRX_NUMarine/install/share/vrx_gz/models/mb_marker_buoy_black/thumbnails/3.png
[2.336s] -- Up-to-date: /home/jain/Documents/GitHub/VRX_NUMarine/install/share/vrx_gz/models/mb_marker_buoy_black/thumbnails/4.png
[2.336s] -- Up-to-date: /home/jain/Documents/GitHub/VRX_NUMarine/install/share/vrx_gz/models/mb_marker_buoy_black/thumbnails/5.png
[2.336s] -- Up-to-date: /home/jain/Documents/GitHub/VRX_NUMarine/install/share/vrx_gz/models/mb_marker_buoy_black/model.config
[2.336s] -- Up-to-date: /home/jain/Documents/GitHub/VRX_NUMarine/install/share/vrx_gz/models/mb_marker_buoy_black/model.sdf
[2.337s] -- Up-to-date: /home/jain/Documents/GitHub/VRX_NUMarine/install/share/vrx_gz/models/robotx_light_buoy_rbg
[2.337s] -- Up-to-date: /home/jain/Documents/GitHub/VRX_NUMarine/install/share/vrx_gz/models/robotx_light_buoy_rbg/model.config
[2.337s] -- Up-to-date: /home/jain/Documents/GitHub/VRX_NUMarine/install/share/vrx_gz/models/robotx_light_buoy_rbg/model.sdf
[2.337s] -- Up-to-date: /home/jain/Documents/GitHub/VRX_NUMarine/install/share/vrx_gz/models/roboboat02
[2.338s] -- Up-to-date: /home/jain/Documents/GitHub/VRX_NUMarine/install/share/vrx_gz/models/roboboat02/materials
[2.339s] -- Up-to-date: /home/jain/Documents/GitHub/VRX_NUMarine/install/share/vrx_gz/models/roboboat02/materials/scripts
[2.340s] -- Up-to-date: /home/jain/Documents/GitHub/VRX_NUMarine/install/share/vrx_gz/models/roboboat02/materials/scripts/model.material
[2.340s] -- Up-to-date: /home/jain/Documents/GitHub/VRX_NUMarine/install/share/vrx_gz/models/roboboat02/materials/textures
[2.340s] -- Up-to-date: /home/jain/Documents/GitHub/VRX_NUMarine/install/share/vrx_gz/models/roboboat02/materials/textures/Boat02_Albedo.png
[2.341s] -- Up-to-date: /home/jain/Documents/GitHub/VRX_NUMarine/install/share/vrx_gz/models/roboboat02/materials/textures/Boat02_Roughness.png
[2.342s] -- Up-to-date: /home/jain/Documents/GitHub/VRX_NUMarine/install/share/vrx_gz/models/roboboat02/materials/textures/Boat02_Normal.png
[2.342s] -- Up-to-date: /home/jain/Documents/GitHub/VRX_NUMarine/install/share/vrx_gz/models/roboboat02/materials/textures/Boat02_Metallic.png
[2.342s] -- Up-to-date: /home/jain/Documents/GitHub/VRX_NUMarine/install/share/vrx_gz/models/roboboat02/model.config
[2.342s] -- Up-to-date: /home/jain/Documents/GitHub/VRX_NUMarine/install/share/vrx_gz/models/roboboat02/meshes
[2.344s] -- Up-to-date: /home/jain/Documents/GitHub/VRX_NUMarine/install/share/vrx_gz/models/roboboat02/meshes/roboboat02.dae
[2.345s] -- Up-to-date: /home/jain/Documents/GitHub/VRX_NUMarine/install/share/vrx_gz/models/roboboat02/model.sdf
[2.345s] -- Up-to-date: /home/jain/Documents/GitHub/VRX_NUMarine/install/share/vrx_gz/models/entrance_exit
[2.346s] -- Up-to-date: /home/jain/Documents/GitHub/VRX_NUMarine/install/share/vrx_gz/models/entrance_exit/model.config
[2.346s] -- Up-to-date: /home/jain/Documents/GitHub/VRX_NUMarine/install/share/vrx_gz/models/entrance_exit/model.sdf
[2.346s] -- Up-to-date: /home/jain/Documents/GitHub/VRX_NUMarine/install/share/vrx_gz/models/short_course_2023_phase3_1
[2.347s] -- Up-to-date: /home/jain/Documents/GitHub/VRX_NUMarine/install/share/vrx_gz/models/short_course_2023_phase3_1/model.config
[2.347s] -- Up-to-date: /home/jain/Documents/GitHub/VRX_NUMarine/install/share/vrx_gz/models/short_course_2023_phase3_1/model.sdf
[2.347s] -- Up-to-date: /home/jain/Documents/GitHub/VRX_NUMarine/install/share/vrx_gz/models/robotx_light_buoy_ybr
[2.347s] -- Up-to-date: /home/jain/Documents/GitHub/VRX_NUMarine/install/share/vrx_gz/models/robotx_light_buoy_ybr/model.config
[2.347s] -- Up-to-date: /home/jain/Documents/GitHub/VRX_NUMarine/install/share/vrx_gz/models/robotx_light_buoy_ybr/model.sdf
[2.347s] -- Up-to-date: /home/jain/Documents/GitHub/VRX_NUMarine/install/share/vrx_gz/models/robotx_light_buoy_ygb
[2.348s] -- Up-to-date: /home/jain/Documents/GitHub/VRX_NUMarine/install/share/vrx_gz/models/robotx_light_buoy_ygb/model.config
[2.348s] -- Up-to-date: /home/jain/Documents/GitHub/VRX_NUMarine/install/share/vrx_gz/models/robotx_light_buoy_ygb/model.sdf
[2.348s] -- Up-to-date: /home/jain/Documents/GitHub/VRX_NUMarine/install/share/vrx_gz/models/mb_marker_buoy_green
[2.348s] -- Up-to-date: /home/jain/Documents/GitHub/VRX_NUMarine/install/share/vrx_gz/models/mb_marker_buoy_green/thumbnails
[2.348s] -- Up-to-date: /home/jain/Documents/GitHub/VRX_NUMarine/install/share/vrx_gz/models/mb_marker_buoy_green/thumbnails/1.png
[2.348s] -- Up-to-date: /home/jain/Documents/GitHub/VRX_NUMarine/install/share/vrx_gz/models/mb_marker_buoy_green/thumbnails/2.png
[2.348s] -- Up-to-date: /home/jain/Documents/GitHub/VRX_NUMarine/install/share/vrx_gz/models/mb_marker_buoy_green/thumbnails/3.png
[2.349s] -- Up-to-date: /home/jain/Documents/GitHub/VRX_NUMarine/install/share/vrx_gz/models/mb_marker_buoy_green/thumbnails/4.png
[2.349s] -- Up-to-date: /home/jain/Documents/GitHub/VRX_NUMarine/install/share/vrx_gz/models/mb_marker_buoy_green/thumbnails/5.png
[2.349s] -- Up-to-date: /home/jain/Documents/GitHub/VRX_NUMarine/install/share/vrx_gz/models/mb_marker_buoy_green/model.config
[2.349s] -- Up-to-date: /home/jain/Documents/GitHub/VRX_NUMarine/install/share/vrx_gz/models/mb_marker_buoy_green/model.sdf
[2.349s] -- Up-to-date: /home/jain/Documents/GitHub/VRX_NUMarine/install/share/vrx_gz/models/robotx_light_buoy_bgr
[2.349s] -- Up-to-date: /home/jain/Documents/GitHub/VRX_NUMarine/install/share/vrx_gz/models/robotx_light_buoy_bgr/model.config
[2.350s] -- Up-to-date: /home/jain/Documents/GitHub/VRX_NUMarine/install/share/vrx_gz/models/robotx_light_buoy_bgr/model.sdf
[2.350s] -- Up-to-date: /home/jain/Documents/GitHub/VRX_NUMarine/install/share/vrx_gz/models/mb_marker_buoy_white
[2.350s] -- Up-to-date: /home/jain/Documents/GitHub/VRX_NUMarine/install/share/vrx_gz/models/mb_marker_buoy_white/thumbnails
[2.350s] -- Up-to-date: /home/jain/Documents/GitHub/VRX_NUMarine/install/share/vrx_gz/models/mb_marker_buoy_white/thumbnails/1.png
[2.350s] -- Up-to-date: /home/jain/Documents/GitHub/VRX_NUMarine/install/share/vrx_gz/models/mb_marker_buoy_white/thumbnails/2.png
[2.350s] -- Up-to-date: /home/jain/Documents/GitHub/VRX_NUMarine/install/share/vrx_gz/models/mb_marker_buoy_white/thumbnails/3.png
[2.351s] -- Up-to-date: /home/jain/Documents/GitHub/VRX_NUMarine/install/share/vrx_gz/models/mb_marker_buoy_white/thumbnails/4.png
[2.351s] -- Up-to-date: /home/jain/Documents/GitHub/VRX_NUMarine/install/share/vrx_gz/models/mb_marker_buoy_white/thumbnails/5.png
[2.351s] -- Up-to-date: /home/jain/Documents/GitHub/VRX_NUMarine/install/share/vrx_gz/models/mb_marker_buoy_white/model.config
[2.351s] -- Up-to-date: /home/jain/Documents/GitHub/VRX_NUMarine/install/share/vrx_gz/models/mb_marker_buoy_white/model.sdf
[2.351s] -- Up-to-date: /home/jain/Documents/GitHub/VRX_NUMarine/install/share/vrx_gz/models/short_navigation_course_2
[2.352s] -- Up-to-date: /home/jain/Documents/GitHub/VRX_NUMarine/install/share/vrx_gz/models/short_navigation_course_2/model.config
[2.352s] -- Up-to-date: /home/jain/Documents/GitHub/VRX_NUMarine/install/share/vrx_gz/models/short_navigation_course_2/model.sdf
[2.352s] -- Up-to-date: /home/jain/Documents/GitHub/VRX_NUMarine/install/share/vrx_gz/models/foldable_chair
[2.352s] -- Up-to-date: /home/jain/Documents/GitHub/VRX_NUMarine/install/share/vrx_gz/models/foldable_chair/thumbnails
[2.352s] -- Up-to-date: /home/jain/Documents/GitHub/VRX_NUMarine/install/share/vrx_gz/models/foldable_chair/thumbnails/1.png
[2.352s] -- Up-to-date: /home/jain/Documents/GitHub/VRX_NUMarine/install/share/vrx_gz/models/foldable_chair/thumbnails/2.png
[2.353s] -- Up-to-date: /home/jain/Documents/GitHub/VRX_NUMarine/install/share/vrx_gz/models/foldable_chair/thumbnails/3.png
[2.353s] -- Up-to-date: /home/jain/Documents/GitHub/VRX_NUMarine/install/share/vrx_gz/models/foldable_chair/thumbnails/4.png
[2.353s] -- Up-to-date: /home/jain/Documents/GitHub/VRX_NUMarine/install/share/vrx_gz/models/foldable_chair/thumbnails/5.png
[2.353s] -- Up-to-date: /home/jain/Documents/GitHub/VRX_NUMarine/install/share/vrx_gz/models/foldable_chair/mesh
[2.353s] -- Up-to-date: /home/jain/Documents/GitHub/VRX_NUMarine/install/share/vrx_gz/models/foldable_chair/mesh/foldable_chair.png
[2.353s] -- Up-to-date: /home/jain/Documents/GitHub/VRX_NUMarine/install/share/vrx_gz/models/foldable_chair/mesh/foldable_chair.dae
[2.354s] -- Up-to-date: /home/jain/Documents/GitHub/VRX_NUMarine/install/share/vrx_gz/models/foldable_chair/model.config
[2.354s] -- Up-to-date: /home/jain/Documents/GitHub/VRX_NUMarine/install/share/vrx_gz/models/foldable_chair/model.sdf
[2.354s] -- Up-to-date: /home/jain/Documents/GitHub/VRX_NUMarine/install/share/vrx_gz/models/robotx_light_buoy_yrg
[2.354s] -- Up-to-date: /home/jain/Documents/GitHub/VRX_NUMarine/install/share/vrx_gz/models/robotx_light_buoy_yrg/model.config
[2.354s] -- Up-to-date: /home/jain/Documents/GitHub/VRX_NUMarine/install/share/vrx_gz/models/robotx_light_buoy_yrg/model.sdf
[2.354s] -- Up-to-date: /home/jain/Documents/GitHub/VRX_NUMarine/install/share/vrx_gz/models/short_navigation_course_5
[2.354s] -- Up-to-date: /home/jain/Documents/GitHub/VRX_NUMarine/install/share/vrx_gz/models/short_navigation_course_5/model.config
[2.354s] -- Up-to-date: /home/jain/Documents/GitHub/VRX_NUMarine/install/share/vrx_gz/models/short_navigation_course_5/model.sdf
[2.354s] -- Up-to-date: /home/jain/Documents/GitHub/VRX_NUMarine/install/share/vrx_gz/models/euro pallet
[2.354s] -- Up-to-date: /home/jain/Documents/GitHub/VRX_NUMarine/install/share/vrx_gz/models/euro pallet/thumbnails
[2.355s] -- Up-to-date: /home/jain/Documents/GitHub/VRX_NUMarine/install/share/vrx_gz/models/euro pallet/thumbnails/1.png
[2.355s] -- Up-to-date: /home/jain/Documents/GitHub/VRX_NUMarine/install/share/vrx_gz/models/euro pallet/thumbnails/2.png
[2.355s] -- Up-to-date: /home/jain/Documents/GitHub/VRX_NUMarine/install/share/vrx_gz/models/euro pallet/thumbnails/3.png
[2.355s] -- Up-to-date: /home/jain/Documents/GitHub/VRX_NUMarine/install/share/vrx_gz/models/euro pallet/thumbnails/4.png
[2.355s] -- Up-to-date: /home/jain/Documents/GitHub/VRX_NUMarine/install/share/vrx_gz/models/euro pallet/thumbnails/5.png
[2.355s] -- Up-to-date: /home/jain/Documents/GitHub/VRX_NUMarine/install/share/vrx_gz/models/euro pallet/model.config
[2.355s] -- Up-to-date: /home/jain/Documents/GitHub/VRX_NUMarine/install/share/vrx_gz/models/euro pallet/meshes
[2.356s] -- Up-to-date: /home/jain/Documents/GitHub/VRX_NUMarine/install/share/vrx_gz/models/euro pallet/meshes/pallet.dae
[2.356s] -- Up-to-date: /home/jain/Documents/GitHub/VRX_NUMarine/install/share/vrx_gz/models/euro pallet/model.sdf
[2.356s] -- Up-to-date: /home/jain/Documents/GitHub/VRX_NUMarine/install/share/vrx_gz/models/symbol_triangle
[2.356s] -- Up-to-date: /home/jain/Documents/GitHub/VRX_NUMarine/install/share/vrx_gz/models/symbol_triangle/mesh
[2.356s] -- Up-to-date: /home/jain/Documents/GitHub/VRX_NUMarine/install/share/vrx_gz/models/symbol_triangle/mesh/triangle.dae
[2.356s] -- Up-to-date: /home/jain/Documents/GitHub/VRX_NUMarine/install/share/vrx_gz/models/symbol_triangle/model.config
[2.356s] -- Up-to-date: /home/jain/Documents/GitHub/VRX_NUMarine/install/share/vrx_gz/models/symbol_triangle/model.sdf
[2.356s] -- Up-to-date: /home/jain/Documents/GitHub/VRX_NUMarine/install/share/vrx_gz/models/robotx_light_buoy_bgy
[2.356s] -- Up-to-date: /home/jain/Documents/GitHub/VRX_NUMarine/install/share/vrx_gz/models/robotx_light_buoy_bgy/model.config
[2.357s] -- Up-to-date: /home/jain/Documents/GitHub/VRX_NUMarine/install/share/vrx_gz/models/robotx_light_buoy_bgy/model.sdf
[2.357s] -- Up-to-date: /home/jain/Documents/GitHub/VRX_NUMarine/install/share/vrx_gz/models/articulated_platform
[2.357s] -- Up-to-date: /home/jain/Documents/GitHub/VRX_NUMarine/install/share/vrx_gz/models/articulated_platform/model.config
[2.357s] -- Up-to-date: /home/jain/Documents/GitHub/VRX_NUMarine/install/share/vrx_gz/models/articulated_platform/model.sdf
[2.357s] -- Up-to-date: /home/jain/Documents/GitHub/VRX_NUMarine/install/share/vrx_gz/models/placard_2022
[2.357s] -- Up-to-date: /home/jain/Documents/GitHub/VRX_NUMarine/install/share/vrx_gz/models/placard_2022/materials
[2.357s] -- Up-to-date: /home/jain/Documents/GitHub/VRX_NUMarine/install/share/vrx_gz/models/placard_2022/materials/textures
[2.357s] -- Up-to-date: /home/jain/Documents/GitHub/VRX_NUMarine/install/share/vrx_gz/models/placard_2022/materials/textures/Placard.png
[2.358s] -- Up-to-date: /home/jain/Documents/GitHub/VRX_NUMarine/install/share/vrx_gz/models/placard_2022/model.config
[2.358s] -- Up-to-date: /home/jain/Documents/GitHub/VRX_NUMarine/install/share/vrx_gz/models/placard_2022/meshes
[2.358s] -- Up-to-date: /home/jain/Documents/GitHub/VRX_NUMarine/install/share/vrx_gz/models/placard_2022/meshes/placard_2022.dae
[2.358s] -- Up-to-date: /home/jain/Documents/GitHub/VRX_NUMarine/install/share/vrx_gz/models/placard_2022/model.sdf
[2.358s] -- Up-to-date: /home/jain/Documents/GitHub/VRX_NUMarine/install/share/vrx_gz/models/short_navigation_course_3
[2.358s] -- Up-to-date: /home/jain/Documents/GitHub/VRX_NUMarine/install/share/vrx_gz/models/short_navigation_course_3/model.config
[2.358s] -- Up-to-date: /home/jain/Documents/GitHub/VRX_NUMarine/install/share/vrx_gz/models/short_navigation_course_3/model.sdf
[2.359s] -- Up-to-date: /home/jain/Documents/GitHub/VRX_NUMarine/install/share/vrx_gz/models/mb_round_buoy_orange
[2.359s] -- Up-to-date: /home/jain/Documents/GitHub/VRX_NUMarine/install/share/vrx_gz/models/mb_round_buoy_orange/materials
[2.359s] -- Up-to-date: /home/jain/Documents/GitHub/VRX_NUMarine/install/share/vrx_gz/models/mb_round_buoy_orange/materials/textures
[2.359s] -- Up-to-date: /home/jain/Documents/GitHub/VRX_NUMarine/install/share/vrx_gz/models/mb_round_buoy_orange/materials/textures/RoundBarrierBuoy_Base_Color.png
[2.359s] -- Up-to-date: /home/jain/Documents/GitHub/VRX_NUMarine/install/share/vrx_gz/models/mb_round_buoy_orange/materials/textures/RoundBarrierBuoy_Roughness.png
[2.359s] -- Up-to-date: /home/jain/Documents/GitHub/VRX_NUMarine/install/share/vrx_gz/models/mb_round_buoy_orange/thumbnails
[2.360s] -- Up-to-date: /home/jain/Documents/GitHub/VRX_NUMarine/install/share/vrx_gz/models/mb_round_buoy_orange/thumbnails/1.png
[2.360s] -- Up-to-date: /home/jain/Documents/GitHub/VRX_NUMarine/install/share/vrx_gz/models/mb_round_buoy_orange/thumbnails/2.png
[2.360s] -- Up-to-date: /home/jain/Documents/GitHub/VRX_NUMarine/install/share/vrx_gz/models/mb_round_buoy_orange/thumbnails/3.png
[2.360s] -- Up-to-date: /home/jain/Documents/GitHub/VRX_NUMarine/install/share/vrx_gz/models/mb_round_buoy_orange/thumbnails/4.png
[2.360s] -- Up-to-date: /home/jain/Documents/GitHub/VRX_NUMarine/install/share/vrx_gz/models/mb_round_buoy_orange/thumbnails/5.png
[2.360s] -- Up-to-date: /home/jain/Documents/GitHub/VRX_NUMarine/install/share/vrx_gz/models/mb_round_buoy_orange/model.config
[2.360s] -- Up-to-date: /home/jain/Documents/GitHub/VRX_NUMarine/install/share/vrx_gz/models/mb_round_buoy_orange/meshes
[2.360s] -- Up-to-date: /home/jain/Documents/GitHub/VRX_NUMarine/install/share/vrx_gz/models/mb_round_buoy_orange/meshes/mb_round_buoy.dae
[2.360s] -- Up-to-date: /home/jain/Documents/GitHub/VRX_NUMarine/install/share/vrx_gz/models/mb_round_buoy_orange/model.sdf
[2.361s] -- Up-to-date: /home/jain/Documents/GitHub/VRX_NUMarine/install/share/vrx_gz/models/robotx_light_buoy_gbr
[2.361s] -- Up-to-date: /home/jain/Documents/GitHub/VRX_NUMarine/install/share/vrx_gz/models/robotx_light_buoy_gbr/model.config
[2.361s] -- Up-to-date: /home/jain/Documents/GitHub/VRX_NUMarine/install/share/vrx_gz/models/robotx_light_buoy_gbr/model.sdf
[2.361s] -- Up-to-date: /home/jain/Documents/GitHub/VRX_NUMarine/install/share/vrx_gz/models/ground_station
[2.361s] -- Up-to-date: /home/jain/Documents/GitHub/VRX_NUMarine/install/share/vrx_gz/models/ground_station/thumbnails
[2.361s] -- Up-to-date: /home/jain/Documents/GitHub/VRX_NUMarine/install/share/vrx_gz/models/ground_station/thumbnails/1.png
[2.361s] -- Up-to-date: /home/jain/Documents/GitHub/VRX_NUMarine/install/share/vrx_gz/models/ground_station/thumbnails/2.png
[2.361s] -- Up-to-date: /home/jain/Documents/GitHub/VRX_NUMarine/install/share/vrx_gz/models/ground_station/thumbnails/3.png
[2.361s] -- Up-to-date: /home/jain/Documents/GitHub/VRX_NUMarine/install/share/vrx_gz/models/ground_station/thumbnails/4.png
[2.361s] -- Up-to-date: /home/jain/Documents/GitHub/VRX_NUMarine/install/share/vrx_gz/models/ground_station/thumbnails/5.png
[2.362s] -- Up-to-date: /home/jain/Documents/GitHub/VRX_NUMarine/install/share/vrx_gz/models/ground_station/model.config
[2.362s] -- Up-to-date: /home/jain/Documents/GitHub/VRX_NUMarine/install/share/vrx_gz/models/ground_station/model.sdf
[2.362s] -- Up-to-date: /home/jain/Documents/GitHub/VRX_NUMarine/install/share/vrx_gz/models/robotx_light_buoy_rgy
[2.362s] -- Up-to-date: /home/jain/Documents/GitHub/VRX_NUMarine/install/share/vrx_gz/models/robotx_light_buoy_rgy/model.config
[2.362s] -- Up-to-date: /home/jain/Documents/GitHub/VRX_NUMarine/install/share/vrx_gz/models/robotx_light_buoy_rgy/model.sdf
[2.362s] -- Up-to-date: /home/jain/Documents/GitHub/VRX_NUMarine/install/share/vrx_gz/models/short_navigation_course_0
[2.362s] -- Up-to-date: /home/jain/Documents/GitHub/VRX_NUMarine/install/share/vrx_gz/models/short_navigation_course_0/model.config
[2.362s] -- Up-to-date: /home/jain/Documents/GitHub/VRX_NUMarine/install/share/vrx_gz/models/short_navigation_course_0/model.sdf
[2.362s] -- Up-to-date: /home/jain/Documents/GitHub/VRX_NUMarine/install/share/vrx_gz/models/coast_waves
[2.362s] -- Up-to-date: /home/jain/Documents/GitHub/VRX_NUMarine/install/share/vrx_gz/models/coast_waves/materials
[2.362s] -- Up-to-date: /home/jain/Documents/GitHub/VRX_NUMarine/install/share/vrx_gz/models/coast_waves/materials/programs
[2.363s] -- Up-to-date: /home/jain/Documents/GitHub/VRX_NUMarine/install/share/vrx_gz/models/coast_waves/materials/programs/GerstnerWaves_vs_330.glsl
[2.363s] -- Up-to-date: /home/jain/Documents/GitHub/VRX_NUMarine/install/share/vrx_gz/models/coast_waves/materials/programs/GerstnerWaves_fs_330.glsl
[2.363s] -- Up-to-date: /home/jain/Documents/GitHub/VRX_NUMarine/install/share/vrx_gz/models/coast_waves/materials/textures
[2.363s] -- Up-to-date: /home/jain/Documents/GitHub/VRX_NUMarine/install/share/vrx_gz/models/coast_waves/materials/textures/skybox_lowres.dds
[2.363s] -- Up-to-date: /home/jain/Documents/GitHub/VRX_NUMarine/install/share/vrx_gz/models/coast_waves/materials/textures/wave_normals.dds
[2.363s] -- Up-to-date: /home/jain/Documents/GitHub/VRX_NUMarine/install/share/vrx_gz/models/coast_waves/model.config
[2.364s] -- Up-to-date: /home/jain/Documents/GitHub/VRX_NUMarine/install/share/vrx_gz/models/coast_waves/meshes
[2.364s] -- Up-to-date: /home/jain/Documents/GitHub/VRX_NUMarine/install/share/vrx_gz/models/coast_waves/meshes/waterlow.dae
[2.364s] -- Up-to-date: /home/jain/Documents/GitHub/VRX_NUMarine/install/share/vrx_gz/models/coast_waves/model.sdf
[2.364s] -- Up-to-date: /home/jain/Documents/GitHub/VRX_NUMarine/install/share/vrx_gz/models/foldable_table
[2.364s] -- Up-to-date: /home/jain/Documents/GitHub/VRX_NUMarine/install/share/vrx_gz/models/foldable_table/thumbnails
[2.364s] -- Up-to-date: /home/jain/Documents/GitHub/VRX_NUMarine/install/share/vrx_gz/models/foldable_table/thumbnails/1.png
[2.364s] -- Up-to-date: /home/jain/Documents/GitHub/VRX_NUMarine/install/share/vrx_gz/models/foldable_table/thumbnails/2.png
[2.365s] -- Up-to-date: /home/jain/Documents/GitHub/VRX_NUMarine/install/share/vrx_gz/models/foldable_table/thumbnails/3.png
[2.365s] -- Up-to-date: /home/jain/Documents/GitHub/VRX_NUMarine/install/share/vrx_gz/models/foldable_table/thumbnails/4.png
[2.365s] -- Up-to-date: /home/jain/Documents/GitHub/VRX_NUMarine/install/share/vrx_gz/models/foldable_table/thumbnails/5.png
[2.365s] -- Up-to-date: /home/jain/Documents/GitHub/VRX_NUMarine/install/share/vrx_gz/models/foldable_table/mesh
[2.365s] -- Up-to-date: /home/jain/Documents/GitHub/VRX_NUMarine/install/share/vrx_gz/models/foldable_table/mesh/foldable_table.dae
[2.366s] -- Up-to-date: /home/jain/Documents/GitHub/VRX_NUMarine/install/share/vrx_gz/models/foldable_table/mesh/foldable_table.png
[2.366s] -- Up-to-date: /home/jain/Documents/GitHub/VRX_NUMarine/install/share/vrx_gz/models/foldable_table/model.config
[2.366s] -- Up-to-date: /home/jain/Documents/GitHub/VRX_NUMarine/install/share/vrx_gz/models/foldable_table/model.sdf
[2.366s] -- Up-to-date: /home/jain/Documents/GitHub/VRX_NUMarine/install/share/vrx_gz/models/dock_2022
[2.366s] -- Up-to-date: /home/jain/Documents/GitHub/VRX_NUMarine/install/share/vrx_gz/models/dock_2022/model.config
[2.367s] -- Up-to-date: /home/jain/Documents/GitHub/VRX_NUMarine/install/share/vrx_gz/models/dock_2022/model.sdf
[2.367s] -- Up-to-date: /home/jain/Documents/GitHub/VRX_NUMarine/install/share/vrx_gz/models/obstacle_course
[2.367s] -- Up-to-date: /home/jain/Documents/GitHub/VRX_NUMarine/install/share/vrx_gz/models/obstacle_course/model.config
[2.368s] -- Up-to-date: /home/jain/Documents/GitHub/VRX_NUMarine/install/share/vrx_gz/models/obstacle_course/model.sdf
[2.368s] -- Up-to-date: /home/jain/Documents/GitHub/VRX_NUMarine/install/share/vrx_gz/models/post
[2.368s] -- Up-to-date: /home/jain/Documents/GitHub/VRX_NUMarine/install/share/vrx_gz/models/post/materials
[2.368s] -- Up-to-date: /home/jain/Documents/GitHub/VRX_NUMarine/install/share/vrx_gz/models/post/materials/textures
[2.368s] -- Up-to-date: /home/jain/Documents/GitHub/VRX_NUMarine/install/share/vrx_gz/models/post/materials/textures/post.png
[2.368s] -- Up-to-date: /home/jain/Documents/GitHub/VRX_NUMarine/install/share/vrx_gz/models/post/thumbnails
[2.369s] -- Up-to-date: /home/jain/Documents/GitHub/VRX_NUMarine/install/share/vrx_gz/models/post/thumbnails/1.png
[2.369s] -- Up-to-date: /home/jain/Documents/GitHub/VRX_NUMarine/install/share/vrx_gz/models/post/thumbnails/2.png
[2.369s] -- Up-to-date: /home/jain/Documents/GitHub/VRX_NUMarine/install/share/vrx_gz/models/post/thumbnails/3.png
[2.369s] -- Up-to-date: /home/jain/Documents/GitHub/VRX_NUMarine/install/share/vrx_gz/models/post/thumbnails/4.png
[2.369s] -- Up-to-date: /home/jain/Documents/GitHub/VRX_NUMarine/install/share/vrx_gz/models/post/thumbnails/5.png
[2.370s] -- Up-to-date: /home/jain/Documents/GitHub/VRX_NUMarine/install/share/vrx_gz/models/post/model.config
[2.370s] -- Up-to-date: /home/jain/Documents/GitHub/VRX_NUMarine/install/share/vrx_gz/models/post/meshes
[2.370s] -- Up-to-date: /home/jain/Documents/GitHub/VRX_NUMarine/install/share/vrx_gz/models/post/meshes/post.dae
[2.371s] -- Up-to-date: /home/jain/Documents/GitHub/VRX_NUMarine/install/share/vrx_gz/models/post/model.sdf
[2.371s] -- Up-to-date: /home/jain/Documents/GitHub/VRX_NUMarine/install/share/vrx_gz/models/dock_block_4x4
[2.371s] -- Up-to-date: /home/jain/Documents/GitHub/VRX_NUMarine/install/share/vrx_gz/models/dock_block_4x4/mesh
[2.371s] -- Up-to-date: /home/jain/Documents/GitHub/VRX_NUMarine/install/share/vrx_gz/models/dock_block_4x4/mesh/DockCubes_Roughness.png
[2.372s] -- Up-to-date: /home/jain/Documents/GitHub/VRX_NUMarine/install/share/vrx_gz/models/dock_block_4x4/mesh/DockCubes_Normal.png
[2.372s] -- Up-to-date: /home/jain/Documents/GitHub/VRX_NUMarine/install/share/vrx_gz/models/dock_block_4x4/mesh/dock_block_4x4.dae
[2.373s] -- Up-to-date: /home/jain/Documents/GitHub/VRX_NUMarine/install/share/vrx_gz/models/dock_block_4x4/mesh/DockCubes_Metalness.png
[2.373s] -- Up-to-date: /home/jain/Documents/GitHub/VRX_NUMarine/install/share/vrx_gz/models/dock_block_4x4/mesh/DockCubes_Albedo.png
[2.373s] -- Up-to-date: /home/jain/Documents/GitHub/VRX_NUMarine/install/share/vrx_gz/models/dock_block_4x4/model.config
[2.374s] -- Up-to-date: /home/jain/Documents/GitHub/VRX_NUMarine/install/share/vrx_gz/models/dock_block_4x4/model.sdf
[2.374s] -- Up-to-date: /home/jain/Documents/GitHub/VRX_NUMarine/install/share/vrx_gz/worlds
[2.374s] -- Up-to-date: /home/jain/Documents/GitHub/VRX_NUMarine/install/share/vrx_gz/worlds/wildlife_task.sdf
[2.374s] -- Up-to-date: /home/jain/Documents/GitHub/VRX_NUMarine/install/share/vrx_gz/worlds/sydney_regatta.sdf
[2.374s] -- Up-to-date: /home/jain/Documents/GitHub/VRX_NUMarine/install/share/vrx_gz/worlds/gymkhana_task.sdf
[2.374s] -- Up-to-date: /home/jain/Documents/GitHub/VRX_NUMarine/install/share/vrx_gz/worlds/navigation_task.sdf
[2.375s] -- Up-to-date: /home/jain/Documents/GitHub/VRX_NUMarine/install/share/vrx_gz/worlds/acoustic_tracking_task.sdf
[2.375s] -- Up-to-date: /home/jain/Documents/GitHub/VRX_NUMarine/install/share/vrx_gz/worlds/2023_practice
[2.375s] -- Up-to-date: /home/jain/Documents/GitHub/VRX_NUMarine/install/share/vrx_gz/worlds/2023_practice/practice_2023_scan_dock_deliver1_task.sdf
[2.375s] -- Up-to-date: /home/jain/Documents/GitHub/VRX_NUMarine/install/share/vrx_gz/worlds/2023_practice/practice_2023_wayfinding1_task.sdf
[2.375s] -- Up-to-date: /home/jain/Documents/GitHub/VRX_NUMarine/install/share/vrx_gz/worlds/2023_practice/practice_2023_follow_path2_task.sdf
[2.375s] -- Up-to-date: /home/jain/Documents/GitHub/VRX_NUMarine/install/share/vrx_gz/worlds/2023_practice/practice_2023_acoustic_tracking0_task.sdf
[2.375s] -- Up-to-date: /home/jain/Documents/GitHub/VRX_NUMarine/install/share/vrx_gz/worlds/2023_practice/practice_2023_stationkeeping1_task.sdf
[2.376s] -- Up-to-date: /home/jain/Documents/GitHub/VRX_NUMarine/install/share/vrx_gz/worlds/2023_practice/practice_2023_wayfinding0_task.sdf
[2.376s] -- Up-to-date: /home/jain/Documents/GitHub/VRX_NUMarine/install/share/vrx_gz/worlds/2023_practice/practice_2023_perception2_task.sdf
[2.376s] -- Up-to-date: /home/jain/Documents/GitHub/VRX_NUMarine/install/share/vrx_gz/worlds/2023_practice/practice_2023_wildlife2_task.sdf
[2.376s] -- Up-to-date: /home/jain/Documents/GitHub/VRX_NUMarine/install/share/vrx_gz/worlds/2023_practice/practice_2023_acoustic_perception2_task.sdf
[2.377s] -- Up-to-date: /home/jain/Documents/GitHub/VRX_NUMarine/install/share/vrx_gz/worlds/2023_practice/practice_2023_acoustic_tracking1_task.sdf
[2.377s] -- Up-to-date: /home/jain/Documents/GitHub/VRX_NUMarine/install/share/vrx_gz/worlds/2023_practice/practice_2023_perception1_task.sdf
[2.377s] -- Up-to-date: /home/jain/Documents/GitHub/VRX_NUMarine/install/share/vrx_gz/worlds/2023_practice/practice_2023_stationkeeping0_task.sdf
[2.377s] -- Up-to-date: /home/jain/Documents/GitHub/VRX_NUMarine/install/share/vrx_gz/worlds/2023_practice/practice_2023_scan_dock_deliver0_task.sdf
[2.377s] -- Up-to-date: /home/jain/Documents/GitHub/VRX_NUMarine/install/share/vrx_gz/worlds/2023_practice/practice_2023_perception0_task.sdf
[2.377s] -- Up-to-date: /home/jain/Documents/GitHub/VRX_NUMarine/install/share/vrx_gz/worlds/2023_practice/practice_2023_acoustic_tracking2_task.sdf
[2.377s] -- Up-to-date: /home/jain/Documents/GitHub/VRX_NUMarine/install/share/vrx_gz/worlds/2023_practice/practice_2023_wayfinding2_task.sdf
[2.378s] -- Up-to-date: /home/jain/Documents/GitHub/VRX_NUMarine/install/share/vrx_gz/worlds/2023_practice/practice_2023_scan_dock_deliver2_task.sdf
[2.378s] -- Up-to-date: /home/jain/Documents/GitHub/VRX_NUMarine/install/share/vrx_gz/worlds/2023_practice/practice_2023_follow_path0_task.sdf
[2.378s] -- Up-to-date: /home/jain/Documents/GitHub/VRX_NUMarine/install/share/vrx_gz/worlds/2023_practice/practice_2023_acoustic_perception1_task.sdf
[2.378s] -- Up-to-date: /home/jain/Documents/GitHub/VRX_NUMarine/install/share/vrx_gz/worlds/2023_practice/practice_2023_acoustic_perception0_task.sdf
[2.378s] -- Up-to-date: /home/jain/Documents/GitHub/VRX_NUMarine/install/share/vrx_gz/worlds/2023_practice/practice_2023_follow_path1_task.sdf
[2.378s] -- Up-to-date: /home/jain/Documents/GitHub/VRX_NUMarine/install/share/vrx_gz/worlds/2023_practice/practice_2023_wildlife0_task.sdf
[2.379s] -- Up-to-date: /home/jain/Documents/GitHub/VRX_NUMarine/install/share/vrx_gz/worlds/2023_practice/practice_2023_stationkeeping2_task.sdf
[2.379s] -- Up-to-date: /home/jain/Documents/GitHub/VRX_NUMarine/install/share/vrx_gz/worlds/2023_practice/practice_2023_wildlife1_task.sdf
[2.379s] -- Up-to-date: /home/jain/Documents/GitHub/VRX_NUMarine/install/share/vrx_gz/worlds/follow_path_task.sdf
[2.379s] -- Up-to-date: /home/jain/Documents/GitHub/VRX_NUMarine/install/share/vrx_gz/worlds/scan_dock_deliver_task.sdf
[2.380s] -- Up-to-date: /home/jain/Documents/GitHub/VRX_NUMarine/install/share/vrx_gz/worlds/perception_task.sdf
[2.380s] -- Up-to-date: /home/jain/Documents/GitHub/VRX_NUMarine/install/share/vrx_gz/worlds/stationkeeping_task.sdf
[2.380s] -- Up-to-date: /home/jain/Documents/GitHub/VRX_NUMarine/install/share/vrx_gz/worlds/nbpark.sdf
[2.380s] -- Up-to-date: /home/jain/Documents/GitHub/VRX_NUMarine/install/share/vrx_gz/worlds/acoustic_perception_task.sdf
[2.380s] -- Up-to-date: /home/jain/Documents/GitHub/VRX_NUMarine/install/share/vrx_gz/worlds/wayfinding_task.sdf
[2.381s] -- Up-to-date: /home/jain/Documents/GitHub/VRX_NUMarine/install/share/ament_index/resource_index/package_run_dependencies/vrx_gz
[2.381s] -- Up-to-date: /home/jain/Documents/GitHub/VRX_NUMarine/install/share/ament_index/resource_index/parent_prefix_path/vrx_gz
[2.381s] -- Up-to-date: /home/jain/Documents/GitHub/VRX_NUMarine/install/share/vrx_gz/environment/ament_prefix_path.sh
[2.382s] -- Up-to-date: /home/jain/Documents/GitHub/VRX_NUMarine/install/share/vrx_gz/environment/ament_prefix_path.dsv
[2.384s] -- Up-to-date: /home/jain/Documents/GitHub/VRX_NUMarine/install/share/vrx_gz/environment/path.sh
[2.384s] -- Up-to-date: /home/jain/Documents/GitHub/VRX_NUMarine/install/share/vrx_gz/environment/path.dsv
[2.384s] -- Up-to-date: /home/jain/Documents/GitHub/VRX_NUMarine/install/share/vrx_gz/local_setup.bash
[2.384s] -- Up-to-date: /home/jain/Documents/GitHub/VRX_NUMarine/install/share/vrx_gz/local_setup.sh
[2.384s] -- Up-to-date: /home/jain/Documents/GitHub/VRX_NUMarine/install/share/vrx_gz/local_setup.zsh
[2.384s] -- Up-to-date: /home/jain/Documents/GitHub/VRX_NUMarine/install/share/vrx_gz/local_setup.dsv
[2.385s] -- Installing: /home/jain/Documents/GitHub/VRX_NUMarine/install/share/vrx_gz/package.dsv
[2.385s] -- Up-to-date: /home/jain/Documents/GitHub/VRX_NUMarine/install/share/ament_index/resource_index/packages/vrx_gz
[2.385s] -- Up-to-date: /home/jain/Documents/GitHub/VRX_NUMarine/install/share/vrx_gz/cmake/vrx_gzConfig.cmake
[2.385s] -- Up-to-date: /home/jain/Documents/GitHub/VRX_NUMarine/install/share/vrx_gz/cmake/vrx_gzConfig-version.cmake
[2.385s] -- Up-to-date: /home/jain/Documents/GitHub/VRX_NUMarine/install/share/vrx_gz/package.xml
[2.386s] Invoked command in '/home/jain/Documents/GitHub/VRX_NUMarine/build/vrx_gz' returned '0': AMENT_PREFIX_PATH=/home/jain/Documents/GitHub/VRX_NUMarine/install:${AMENT_PREFIX_PATH} CMAKE_PREFIX_PATH=/home/jain/Documents/GitHub/VRX_NUMarine/install:/opt/ros/humble LD_LIBRARY_PATH=/home/jain/Documents/GitHub/VRX_NUMarine/install/lib:${LD_LIBRARY_PATH} /usr/bin/cmake --install /home/jain/Documents/GitHub/VRX_NUMarine/build/vrx_gz
