[0.044s] Invoking command in '/home/jain/Documents/GitHub/VRX_NUMarine/build/teleop_cpp_ros2': CMAKE_PREFIX_PATH=${CMAKE_PREFIX_PATH}:/opt/ros/humble /usr/bin/cmake --build /home/jain/Documents/GitHub/VRX_NUMarine/build/teleop_cpp_ros2 -- -j8 -l8
[0.156s] [100%] Built target usv_teleop
[0.185s] Invoked command in '/home/jain/Documents/GitHub/VRX_NUMarine/build/teleop_cpp_ros2' returned '0': CMAKE_PREFIX_PATH=${CMAKE_PREFIX_PATH}:/opt/ros/humble /usr/bin/cmake --build /home/jain/Documents/GitHub/VRX_NUMarine/build/teleop_cpp_ros2 -- -j8 -l8
[0.222s] Invoking command in '/home/jain/Documents/GitHub/VRX_NUMarine/build/teleop_cpp_ros2': CMAKE_PREFIX_PATH=${CMAKE_PREFIX_PATH}:/opt/ros/humble /usr/bin/cmake --install /home/jain/Documents/GitHub/VRX_NUMarine/build/teleop_cpp_ros2
[0.246s] -- Install configuration: ""
[0.247s] -- Up-to-date: /home/jain/Documents/GitHub/VRX_NUMarine/install/lib/teleop_cpp_ros2/usv_teleop
[0.248s] -- Up-to-date: /home/jain/Documents/GitHub/VRX_NUMarine/install/share/ament_index/resource_index/package_run_dependencies/teleop_cpp_ros2
[0.248s] -- Up-to-date: /home/jain/Documents/GitHub/VRX_NUMarine/install/share/ament_index/resource_index/parent_prefix_path/teleop_cpp_ros2
[0.248s] -- Up-to-date: /home/jain/Documents/GitHub/VRX_NUMarine/install/share/teleop_cpp_ros2/environment/ament_prefix_path.sh
[0.249s] -- Up-to-date: /home/jain/Documents/GitHub/VRX_NUMarine/install/share/teleop_cpp_ros2/environment/ament_prefix_path.dsv
[0.249s] -- Up-to-date: /home/jain/Documents/GitHub/VRX_NUMarine/install/share/teleop_cpp_ros2/environment/path.sh
[0.249s] -- Up-to-date: /home/jain/Documents/GitHub/VRX_NUMarine/install/share/teleop_cpp_ros2/environment/path.dsv
[0.250s] -- Up-to-date: /home/jain/Documents/GitHub/VRX_NUMarine/install/share/teleop_cpp_ros2/local_setup.bash
[0.250s] -- Up-to-date: /home/jain/Documents/GitHub/VRX_NUMarine/install/share/teleop_cpp_ros2/local_setup.sh
[0.251s] -- Up-to-date: /home/jain/Documents/GitHub/VRX_NUMarine/install/share/teleop_cpp_ros2/local_setup.zsh
[0.251s] -- Up-to-date: /home/jain/Documents/GitHub/VRX_NUMarine/install/share/teleop_cpp_ros2/local_setup.dsv
[0.251s] -- Installing: /home/jain/Documents/GitHub/VRX_NUMarine/install/share/teleop_cpp_ros2/package.dsv
[0.252s] -- Up-to-date: /home/jain/Documents/GitHub/VRX_NUMarine/install/share/ament_index/resource_index/packages/teleop_cpp_ros2
[0.252s] -- Up-to-date: /home/jain/Documents/GitHub/VRX_NUMarine/install/share/teleop_cpp_ros2/cmake/teleop_cpp_ros2Config.cmake
[0.252s] -- Up-to-date: /home/jain/Documents/GitHub/VRX_NUMarine/install/share/teleop_cpp_ros2/cmake/teleop_cpp_ros2Config-version.cmake
[0.252s] -- Up-to-date: /home/jain/Documents/GitHub/VRX_NUMarine/install/share/teleop_cpp_ros2/package.xml
[0.287s] Invoked command in '/home/jain/Documents/GitHub/VRX_NUMarine/build/teleop_cpp_ros2' returned '0': CMAKE_PREFIX_PATH=${CMAKE_PREFIX_PATH}:/opt/ros/humble /usr/bin/cmake --install /home/jain/Documents/GitHub/VRX_NUMarine/build/teleop_cpp_ros2
