[0.142s] Invoking command in '/home/rileychron111/Documents/GitHub/VRX_NUMarine/build/guidance_cpp': CMAKE_PREFIX_PATH=${CMAKE_PREFIX_PATH}:/opt/ros/humble /usr/bin/cmake --build /home/rileychron111/Documents/GitHub/VRX_NUMarine/build/guidance_cpp -- -j12 -l12
[0.273s] [35m[1mConsolidate compiler generated dependencies of target guidance_service[0m
[0.273s] [100%] Built target guidance_service
[0.277s] Invoked command in '/home/rileychron111/Documents/GitHub/VRX_NUMarine/build/guidance_cpp' returned '0': CMAKE_PREFIX_PATH=${CMAKE_PREFIX_PATH}:/opt/ros/humble /usr/bin/cmake --build /home/rileychron111/Documents/GitHub/VRX_NUMarine/build/guidance_cpp -- -j12 -l12
[0.295s] Invoking command in '/home/rileychron111/Documents/GitHub/VRX_NUMarine/build/guidance_cpp': CMAKE_PREFIX_PATH=${CMAKE_PREFIX_PATH}:/opt/ros/humble /usr/bin/cmake --install /home/rileychron111/Documents/GitHub/VRX_NUMarine/build/guidance_cpp
[0.299s] -- Install configuration: ""
[0.299s] -- Up-to-date: /home/rileychron111/Documents/GitHub/VRX_NUMarine/install/lib/guidance_cpp/guidance_service
[0.299s] -- Up-to-date: /home/rileychron111/Documents/GitHub/VRX_NUMarine/install/share/ament_index/resource_index/package_run_dependencies/guidance_cpp
[0.299s] -- Up-to-date: /home/rileychron111/Documents/GitHub/VRX_NUMarine/install/share/ament_index/resource_index/parent_prefix_path/guidance_cpp
[0.300s] -- Up-to-date: /home/rileychron111/Documents/GitHub/VRX_NUMarine/install/share/guidance_cpp/environment/ament_prefix_path.sh
[0.300s] -- Up-to-date: /home/rileychron111/Documents/GitHub/VRX_NUMarine/install/share/guidance_cpp/environment/ament_prefix_path.dsv
[0.300s] -- Up-to-date: /home/rileychron111/Documents/GitHub/VRX_NUMarine/install/share/guidance_cpp/environment/path.sh
[0.300s] -- Up-to-date: /home/rileychron111/Documents/GitHub/VRX_NUMarine/install/share/guidance_cpp/environment/path.dsv
[0.300s] -- Up-to-date: /home/rileychron111/Documents/GitHub/VRX_NUMarine/install/share/guidance_cpp/local_setup.bash
[0.300s] -- Up-to-date: /home/rileychron111/Documents/GitHub/VRX_NUMarine/install/share/guidance_cpp/local_setup.sh
[0.300s] -- Up-to-date: /home/rileychron111/Documents/GitHub/VRX_NUMarine/install/share/guidance_cpp/local_setup.zsh
[0.300s] -- Up-to-date: /home/rileychron111/Documents/GitHub/VRX_NUMarine/install/share/guidance_cpp/local_setup.dsv
[0.300s] -- Installing: /home/rileychron111/Documents/GitHub/VRX_NUMarine/install/share/guidance_cpp/package.dsv
[0.300s] -- Up-to-date: /home/rileychron111/Documents/GitHub/VRX_NUMarine/install/share/ament_index/resource_index/packages/guidance_cpp
[0.300s] -- Up-to-date: /home/rileychron111/Documents/GitHub/VRX_NUMarine/install/share/guidance_cpp/cmake/guidance_cppConfig.cmake
[0.300s] -- Up-to-date: /home/rileychron111/Documents/GitHub/VRX_NUMarine/install/share/guidance_cpp/cmake/guidance_cppConfig-version.cmake
[0.300s] -- Up-to-date: /home/rileychron111/Documents/GitHub/VRX_NUMarine/install/share/guidance_cpp/package.xml
[0.313s] Invoked command in '/home/rileychron111/Documents/GitHub/VRX_NUMarine/build/guidance_cpp' returned '0': CMAKE_PREFIX_PATH=${CMAKE_PREFIX_PATH}:/opt/ros/humble /usr/bin/cmake --install /home/rileychron111/Documents/GitHub/VRX_NUMarine/build/guidance_cpp
