[0.022s] Invoking command in '/home/jain/Documents/GitHub/VRX_NUMarine/build/wamv_gazebo': CMAKE_PREFIX_PATH=${CMAKE_PREFIX_PATH}:/opt/ros/humble GZ_SIM_RESOURCE_PATH=/home/jain/Documents/GitHub/VRX_NUMarine/install/share:${GZ_SIM_RESOURCE_PATH} /usr/bin/cmake --build /home/jain/Documents/GitHub/VRX_NUMarine/build/wamv_gazebo -- -j8 -l8
[0.097s] Invoked command in '/home/jain/Documents/GitHub/VRX_NUMarine/build/wamv_gazebo' returned '0': CMAKE_PREFIX_PATH=${CMAKE_PREFIX_PATH}:/opt/ros/humble GZ_SIM_RESOURCE_PATH=/home/jain/Documents/GitHub/VRX_NUMarine/install/share:${GZ_SIM_RESOURCE_PATH} /usr/bin/cmake --build /home/jain/Documents/GitHub/VRX_NUMarine/build/wamv_gazebo -- -j8 -l8
[0.136s] Invoking command in '/home/jain/Documents/GitHub/VRX_NUMarine/build/wamv_gazebo': CMAKE_PREFIX_PATH=${CMAKE_PREFIX_PATH}:/opt/ros/humble GZ_SIM_RESOURCE_PATH=/home/jain/Documents/GitHub/VRX_NUMarine/install/share:${GZ_SIM_RESOURCE_PATH} /usr/bin/cmake --install /home/jain/Documents/GitHub/VRX_NUMarine/build/wamv_gazebo
[0.154s] -- Install configuration: ""
[0.155s] -- Up-to-date: /home/jain/Documents/GitHub/VRX_NUMarine/install/share/wamv_gazebo/models
[0.156s] -- Up-to-date: /home/jain/Documents/GitHub/VRX_NUMarine/install/share/wamv_gazebo/models/gps
[0.156s] -- Up-to-date: /home/jain/Documents/GitHub/VRX_NUMarine/install/share/wamv_gazebo/models/gps/mesh
[0.157s] -- Up-to-date: /home/jain/Documents/GitHub/VRX_NUMarine/install/share/wamv_gazebo/models/gps/mesh/gps.png
[0.157s] -- Up-to-date: /home/jain/Documents/GitHub/VRX_NUMarine/install/share/wamv_gazebo/models/gps/mesh/gps.dae
[0.157s] -- Up-to-date: /home/jain/Documents/GitHub/VRX_NUMarine/install/share/wamv_gazebo/models/gps/model.config
[0.157s] -- Up-to-date: /home/jain/Documents/GitHub/VRX_NUMarine/install/share/wamv_gazebo/urdf
[0.157s] -- Up-to-date: /home/jain/Documents/GitHub/VRX_NUMarine/install/share/wamv_gazebo/urdf/macros.xacro
[0.157s] -- Up-to-date: /home/jain/Documents/GitHub/VRX_NUMarine/install/share/wamv_gazebo/urdf/wamv_gazebo.xacro
[0.158s] -- Up-to-date: /home/jain/Documents/GitHub/VRX_NUMarine/install/share/wamv_gazebo/urdf/wamv_gazebo.urdf.xacro
[0.158s] -- Up-to-date: /home/jain/Documents/GitHub/VRX_NUMarine/install/share/wamv_gazebo/urdf/thruster_layouts
[0.158s] -- Up-to-date: /home/jain/Documents/GitHub/VRX_NUMarine/install/share/wamv_gazebo/urdf/thruster_layouts/wamv_aft_thrusters.xacro
[0.158s] -- Up-to-date: /home/jain/Documents/GitHub/VRX_NUMarine/install/share/wamv_gazebo/urdf/thruster_layouts/wamv_x_thrusters.xacro
[0.158s] -- Up-to-date: /home/jain/Documents/GitHub/VRX_NUMarine/install/share/wamv_gazebo/urdf/thruster_layouts/wamv_t_thrusters.xacro
[0.158s] -- Up-to-date: /home/jain/Documents/GitHub/VRX_NUMarine/install/share/wamv_gazebo/urdf/thruster_layouts/wamv_gazebo_thruster_config.xacro
[0.159s] -- Up-to-date: /home/jain/Documents/GitHub/VRX_NUMarine/install/share/wamv_gazebo/urdf/dynamics
[0.159s] -- Up-to-date: /home/jain/Documents/GitHub/VRX_NUMarine/install/share/wamv_gazebo/urdf/dynamics/wamv_gazebo_dynamics_plugin.xacro
[0.159s] -- Up-to-date: /home/jain/Documents/GitHub/VRX_NUMarine/install/share/wamv_gazebo/urdf/components
[0.160s] -- Up-to-date: /home/jain/Documents/GitHub/VRX_NUMarine/install/share/wamv_gazebo/urdf/components/lidar.xacro
[0.160s] -- Up-to-date: /home/jain/Documents/GitHub/VRX_NUMarine/install/share/wamv_gazebo/urdf/components/ball_shooter.xacro
[0.168s] -- Up-to-date: /home/jain/Documents/GitHub/VRX_NUMarine/install/share/wamv_gazebo/urdf/components/wamv_gps.xacro
[0.170s] -- Up-to-date: /home/jain/Documents/GitHub/VRX_NUMarine/install/share/wamv_gazebo/urdf/components/wamv_3d_lidar.xacro
[0.170s] -- Up-to-date: /home/jain/Documents/GitHub/VRX_NUMarine/install/share/wamv_gazebo/urdf/components/wamv_p3d.xacro
[0.170s] -- Up-to-date: /home/jain/Documents/GitHub/VRX_NUMarine/install/share/wamv_gazebo/urdf/components/wamv_pinger.xacro
[0.171s] -- Up-to-date: /home/jain/Documents/GitHub/VRX_NUMarine/install/share/wamv_gazebo/urdf/components/wamv_planar_lidar.xacro
[0.171s] -- Up-to-date: /home/jain/Documents/GitHub/VRX_NUMarine/install/share/wamv_gazebo/urdf/components/wamv_camera.xacro
[0.171s] -- Up-to-date: /home/jain/Documents/GitHub/VRX_NUMarine/install/share/wamv_gazebo/urdf/components/wamv_imu.xacro
[0.171s] -- Up-to-date: /home/jain/Documents/GitHub/VRX_NUMarine/install/share/ament_index/resource_index/package_run_dependencies/wamv_gazebo
[0.172s] -- Up-to-date: /home/jain/Documents/GitHub/VRX_NUMarine/install/share/ament_index/resource_index/parent_prefix_path/wamv_gazebo
[0.172s] -- Up-to-date: /home/jain/Documents/GitHub/VRX_NUMarine/install/share/wamv_gazebo/environment/ament_prefix_path.sh
[0.172s] -- Up-to-date: /home/jain/Documents/GitHub/VRX_NUMarine/install/share/wamv_gazebo/environment/ament_prefix_path.dsv
[0.172s] -- Up-to-date: /home/jain/Documents/GitHub/VRX_NUMarine/install/share/wamv_gazebo/environment/path.sh
[0.172s] -- Up-to-date: /home/jain/Documents/GitHub/VRX_NUMarine/install/share/wamv_gazebo/environment/path.dsv
[0.172s] -- Up-to-date: /home/jain/Documents/GitHub/VRX_NUMarine/install/share/wamv_gazebo/local_setup.bash
[0.172s] -- Up-to-date: /home/jain/Documents/GitHub/VRX_NUMarine/install/share/wamv_gazebo/local_setup.sh
[0.177s] -- Up-to-date: /home/jain/Documents/GitHub/VRX_NUMarine/install/share/wamv_gazebo/local_setup.zsh
[0.178s] -- Up-to-date: /home/jain/Documents/GitHub/VRX_NUMarine/install/share/wamv_gazebo/local_setup.dsv
[0.179s] -- Installing: /home/jain/Documents/GitHub/VRX_NUMarine/install/share/wamv_gazebo/package.dsv
[0.179s] -- Up-to-date: /home/jain/Documents/GitHub/VRX_NUMarine/install/share/ament_index/resource_index/packages/wamv_gazebo
[0.180s] -- Up-to-date: /home/jain/Documents/GitHub/VRX_NUMarine/install/share/wamv_gazebo/cmake/wamv_gazeboConfig.cmake
[0.180s] -- Up-to-date: /home/jain/Documents/GitHub/VRX_NUMarine/install/share/wamv_gazebo/cmake/wamv_gazeboConfig-version.cmake
[0.180s] -- Up-to-date: /home/jain/Documents/GitHub/VRX_NUMarine/install/share/wamv_gazebo/package.xml
[0.181s] Invoked command in '/home/jain/Documents/GitHub/VRX_NUMarine/build/wamv_gazebo' returned '0': CMAKE_PREFIX_PATH=${CMAKE_PREFIX_PATH}:/opt/ros/humble GZ_SIM_RESOURCE_PATH=/home/jain/Documents/GitHub/VRX_NUMarine/install/share:${GZ_SIM_RESOURCE_PATH} /usr/bin/cmake --install /home/jain/Documents/GitHub/VRX_NUMarine/build/wamv_gazebo
