[0.011s] Invoking command in '/home/jain/Documents/GitHub/VRX_NUMarine/build/wamv_description': CMAKE_PREFIX_PATH=${CMAKE_PREFIX_PATH}:/opt/ros/humble GZ_SIM_RESOURCE_PATH=/home/jain/Documents/GitHub/VRX_NUMarine/install/share:${GZ_SIM_RESOURCE_PATH} /usr/bin/cmake /home/jain/Documents/GitHub/VRX_NUMarine/src/vrx/ros_packages/vrx_urdf/wamv_description -DCMAKE_INSTALL_PREFIX=/home/jain/Documents/GitHub/VRX_NUMarine/install
[0.072s] -- The C compiler identification is GNU 11.4.0
[0.136s] -- The CXX compiler identification is GNU 11.4.0
[0.146s] -- Detecting C compiler ABI info
[0.237s] -- Detecting C compiler ABI info - done
[0.254s] -- Check for working C compiler: /usr/bin/cc - skipped
[0.255s] -- Detecting C compile features
[0.255s] -- Detecting C compile features - done
[0.261s] -- Detecting CXX compiler ABI info
[0.386s] -- Detecting CXX compiler ABI info - done
[0.403s] -- Check for working CXX compiler: /usr/bin/c++ - skipped
[0.403s] -- Detecting CXX compile features
[0.404s] -- Detecting CXX compile features - done
[0.408s] -- Found ament_cmake: 1.3.9 (/opt/ros/humble/share/ament_cmake/cmake)
[0.655s] -- Found Python3: /usr/bin/python3 (found version "3.10.12") found components: Interpreter 
[0.804s] -- Found xacro: 2.0.8 (/opt/ros/humble/share/xacro/cmake)
[0.805s] -- xacro: determining deps for: urdf/wamv_base.urdf.xacro ...
[1.108s] -- Configuring done
[1.112s] -- Generating done
[1.114s] -- Build files have been written to: /home/jain/Documents/GitHub/VRX_NUMarine/build/wamv_description
[1.121s] Invoked command in '/home/jain/Documents/GitHub/VRX_NUMarine/build/wamv_description' returned '0': CMAKE_PREFIX_PATH=${CMAKE_PREFIX_PATH}:/opt/ros/humble GZ_SIM_RESOURCE_PATH=/home/jain/Documents/GitHub/VRX_NUMarine/install/share:${GZ_SIM_RESOURCE_PATH} /usr/bin/cmake /home/jain/Documents/GitHub/VRX_NUMarine/src/vrx/ros_packages/vrx_urdf/wamv_description -DCMAKE_INSTALL_PREFIX=/home/jain/Documents/GitHub/VRX_NUMarine/install
[1.123s] Invoking command in '/home/jain/Documents/GitHub/VRX_NUMarine/build/wamv_description': CMAKE_PREFIX_PATH=${CMAKE_PREFIX_PATH}:/opt/ros/humble GZ_SIM_RESOURCE_PATH=/home/jain/Documents/GitHub/VRX_NUMarine/install/share:${GZ_SIM_RESOURCE_PATH} /usr/bin/cmake --build /home/jain/Documents/GitHub/VRX_NUMarine/build/wamv_description -- -j8 -l8
[1.196s] [100%] [34m[1mxacro: generating urdf/wamv_base.urdf from urdf/wamv_base.urdf.xacro[0m
[1.393s] [100%] Built target wamv_description__xacro_auto_generate
[1.410s] Invoked command in '/home/jain/Documents/GitHub/VRX_NUMarine/build/wamv_description' returned '0': CMAKE_PREFIX_PATH=${CMAKE_PREFIX_PATH}:/opt/ros/humble GZ_SIM_RESOURCE_PATH=/home/jain/Documents/GitHub/VRX_NUMarine/install/share:${GZ_SIM_RESOURCE_PATH} /usr/bin/cmake --build /home/jain/Documents/GitHub/VRX_NUMarine/build/wamv_description -- -j8 -l8
[1.446s] Invoking command in '/home/jain/Documents/GitHub/VRX_NUMarine/build/wamv_description': CMAKE_PREFIX_PATH=${CMAKE_PREFIX_PATH}:/opt/ros/humble GZ_SIM_RESOURCE_PATH=/home/jain/Documents/GitHub/VRX_NUMarine/install/share:${GZ_SIM_RESOURCE_PATH} /usr/bin/cmake --install /home/jain/Documents/GitHub/VRX_NUMarine/build/wamv_description
[1.458s] -- Install configuration: ""
[1.458s] -- Installing: /home/jain/Documents/GitHub/VRX_NUMarine/install/share/wamv_description/environment/resource_paths.dsv
[1.458s] -- Installing: /home/jain/Documents/GitHub/VRX_NUMarine/install/share/wamv_description/environment/resource_paths.sh
[1.459s] -- Installing: /home/jain/Documents/GitHub/VRX_NUMarine/install/share/wamv_description/urdf/wamv_base.urdf
[1.459s] -- Installing: /home/jain/Documents/GitHub/VRX_NUMarine/install/share/wamv_description/models
[1.459s] -- Installing: /home/jain/Documents/GitHub/VRX_NUMarine/install/share/wamv_description/models/propeller
[1.459s] -- Installing: /home/jain/Documents/GitHub/VRX_NUMarine/install/share/wamv_description/models/propeller/mesh
[1.460s] -- Installing: /home/jain/Documents/GitHub/VRX_NUMarine/install/share/wamv_description/models/propeller/mesh/propeller.dae
[1.460s] -- Installing: /home/jain/Documents/GitHub/VRX_NUMarine/install/share/wamv_description/models/propeller/model.config
[1.460s] -- Installing: /home/jain/Documents/GitHub/VRX_NUMarine/install/share/wamv_description/models/WAM-V-Base
[1.460s] -- Installing: /home/jain/Documents/GitHub/VRX_NUMarine/install/share/wamv_description/models/WAM-V-Base/mesh
[1.460s] -- Installing: /home/jain/Documents/GitHub/VRX_NUMarine/install/share/wamv_description/models/WAM-V-Base/mesh/WAM-V_Roughness.png
[1.467s] -- Installing: /home/jain/Documents/GitHub/VRX_NUMarine/install/share/wamv_description/models/WAM-V-Base/mesh/WAM-V-Base.dae
[1.468s] -- Installing: /home/jain/Documents/GitHub/VRX_NUMarine/install/share/wamv_description/models/WAM-V-Base/mesh/WAM-V_Albedo.png
[1.481s] -- Installing: /home/jain/Documents/GitHub/VRX_NUMarine/install/share/wamv_description/models/WAM-V-Base/mesh/WamV.png
[1.485s] -- Installing: /home/jain/Documents/GitHub/VRX_NUMarine/install/share/wamv_description/models/WAM-V-Base/mesh/WAM-V_Normal.png
[1.495s] -- Installing: /home/jain/Documents/GitHub/VRX_NUMarine/install/share/wamv_description/models/WAM-V-Base/mesh/WAM-V_Metalness.png
[1.496s] -- Installing: /home/jain/Documents/GitHub/VRX_NUMarine/install/share/wamv_description/models/WAM-V-Base/model.config
[1.496s] -- Installing: /home/jain/Documents/GitHub/VRX_NUMarine/install/share/wamv_description/models/engine
[1.496s] -- Installing: /home/jain/Documents/GitHub/VRX_NUMarine/install/share/wamv_description/models/engine/mesh
[1.497s] -- Installing: /home/jain/Documents/GitHub/VRX_NUMarine/install/share/wamv_description/models/engine/mesh/engine.dae
[1.497s] -- Installing: /home/jain/Documents/GitHub/VRX_NUMarine/install/share/wamv_description/models/engine/model.config
[1.497s] -- Up-to-date: /home/jain/Documents/GitHub/VRX_NUMarine/install/share/wamv_description/urdf
[1.497s] -- Installing: /home/jain/Documents/GitHub/VRX_NUMarine/install/share/wamv_description/urdf/wamv_base.urdf.xacro
[1.497s] -- Installing: /home/jain/Documents/GitHub/VRX_NUMarine/install/share/wamv_description/urdf/cpu_cases.xacro
[1.498s] -- Installing: /home/jain/Documents/GitHub/VRX_NUMarine/install/share/wamv_description/urdf/thrusters
[1.498s] -- Installing: /home/jain/Documents/GitHub/VRX_NUMarine/install/share/wamv_description/urdf/thrusters/engine.xacro
[1.498s] -- Installing: /home/jain/Documents/GitHub/VRX_NUMarine/install/share/wamv_description/urdf/battery.xacro
[1.498s] -- Installing: /home/jain/Documents/GitHub/VRX_NUMarine/install/share/ament_index/resource_index/package_run_dependencies/wamv_description
[1.498s] -- Installing: /home/jain/Documents/GitHub/VRX_NUMarine/install/share/ament_index/resource_index/parent_prefix_path/wamv_description
[1.499s] -- Installing: /home/jain/Documents/GitHub/VRX_NUMarine/install/share/wamv_description/environment/ament_prefix_path.sh
[1.499s] -- Installing: /home/jain/Documents/GitHub/VRX_NUMarine/install/share/wamv_description/environment/ament_prefix_path.dsv
[1.499s] -- Installing: /home/jain/Documents/GitHub/VRX_NUMarine/install/share/wamv_description/environment/path.sh
[1.499s] -- Installing: /home/jain/Documents/GitHub/VRX_NUMarine/install/share/wamv_description/environment/path.dsv
[1.499s] -- Installing: /home/jain/Documents/GitHub/VRX_NUMarine/install/share/wamv_description/local_setup.bash
[1.500s] -- Installing: /home/jain/Documents/GitHub/VRX_NUMarine/install/share/wamv_description/local_setup.sh
[1.500s] -- Installing: /home/jain/Documents/GitHub/VRX_NUMarine/install/share/wamv_description/local_setup.zsh
[1.500s] -- Installing: /home/jain/Documents/GitHub/VRX_NUMarine/install/share/wamv_description/local_setup.dsv
[1.500s] -- Installing: /home/jain/Documents/GitHub/VRX_NUMarine/install/share/wamv_description/package.dsv
[1.500s] -- Installing: /home/jain/Documents/GitHub/VRX_NUMarine/install/share/ament_index/resource_index/packages/wamv_description
[1.501s] -- Installing: /home/jain/Documents/GitHub/VRX_NUMarine/install/share/wamv_description/cmake/wamv_descriptionConfig.cmake
[1.501s] -- Installing: /home/jain/Documents/GitHub/VRX_NUMarine/install/share/wamv_description/cmake/wamv_descriptionConfig-version.cmake
[1.501s] -- Installing: /home/jain/Documents/GitHub/VRX_NUMarine/install/share/wamv_description/package.xml
[1.505s] Invoked command in '/home/jain/Documents/GitHub/VRX_NUMarine/build/wamv_description' returned '0': CMAKE_PREFIX_PATH=${CMAKE_PREFIX_PATH}:/opt/ros/humble GZ_SIM_RESOURCE_PATH=/home/jain/Documents/GitHub/VRX_NUMarine/install/share:${GZ_SIM_RESOURCE_PATH} /usr/bin/cmake --install /home/jain/Documents/GitHub/VRX_NUMarine/build/wamv_description
