[0.010s] Invoking command in '/home/robotx/Documents/GitHub/VRX_NUMarine/build/teleop_cpp_ros2': CMAKE_PREFIX_PATH=/opt/ros/humble /usr/bin/cmake /home/robotx/Documents/GitHub/VRX_NUMarine/src/vrx/ros_packages/teleop_cpp_ros2 -DCMAKE_INSTALL_PREFIX=/home/robotx/Documents/GitHub/VRX_NUMarine/install
[0.057s] -- The C compiler identification is GNU 11.4.0
[0.104s] -- The CXX compiler identification is GNU 11.4.0
[0.110s] -- Detecting C compiler ABI info
[0.166s] -- Detecting C compiler ABI info - done
[0.172s] -- Check for working C compiler: /usr/bin/cc - skipped
[0.172s] -- Detecting C compile features
[0.173s] -- Detecting C compile features - done
[0.175s] -- Detecting CXX compiler ABI info
[0.241s] -- Detecting CXX compiler ABI info - done
[0.247s] -- Check for working CXX compiler: /usr/bin/c++ - skipped
[0.248s] -- Detecting CXX compile features
[0.248s] -- Detecting CXX compile features - done
[0.250s] -- Found ament_cmake: 1.3.9 (/opt/ros/humble/share/ament_cmake/cmake)
[0.379s] -- Found Python3: /usr/bin/python3 (found version "3.10.12") found components: Interpreter 
[0.451s] -- Found rclcpp: 16.0.9 (/opt/ros/humble/share/rclcpp/cmake)
[0.487s] -- Found rosidl_generator_c: 3.1.5 (/opt/ros/humble/share/rosidl_generator_c/cmake)
[0.491s] -- Found rosidl_adapter: 3.1.5 (/opt/ros/humble/share/rosidl_adapter/cmake)
[0.498s] -- Found rosidl_generator_cpp: 3.1.5 (/opt/ros/humble/share/rosidl_generator_cpp/cmake)
[0.510s] -- Using all available rosidl_typesupport_c: rosidl_typesupport_fastrtps_c;rosidl_typesupport_introspection_c
[0.526s] -- Using all available rosidl_typesupport_cpp: rosidl_typesupport_fastrtps_cpp;rosidl_typesupport_introspection_cpp
[0.587s] -- Found rmw_implementation_cmake: 6.1.2 (/opt/ros/humble/share/rmw_implementation_cmake/cmake)
[0.589s] -- Found rmw_fastrtps_cpp: 6.2.6 (/opt/ros/humble/share/rmw_fastrtps_cpp/cmake)
[0.670s] -- Found OpenSSL: /usr/lib/x86_64-linux-gnu/libcrypto.so (found version "3.0.2")  
[0.694s] -- Found FastRTPS: /opt/ros/humble/include  
[0.737s] -- Using RMW implementation 'rmw_fastrtps_cpp' as default
[0.745s] -- Looking for pthread.h
[0.802s] -- Looking for pthread.h - found
[0.802s] -- Performing Test CMAKE_HAVE_LIBC_PTHREAD
[0.862s] -- Performing Test CMAKE_HAVE_LIBC_PTHREAD - Success
[0.863s] -- Found Threads: TRUE  
[1.025s] -- Found geometry_msgs: 4.2.4 (/opt/ros/humble/share/geometry_msgs/cmake)
[1.077s] -- Found sensor_msgs: 4.2.4 (/opt/ros/humble/share/sensor_msgs/cmake)
[1.175s] -- Found ament_lint_auto: 0.12.11 (/opt/ros/humble/share/ament_lint_auto/cmake)
[1.244s] -- Added test 'copyright' to check source files copyright and LICENSE
[1.245s] -- Added test 'cppcheck' to perform static code analysis on C / C++ code
[1.245s] -- Configured cppcheck include dirs: /home/robotx/Documents/GitHub/VRX_NUMarine/src/vrx/ros_packages/teleop_cpp_ros2/include
[1.245s] -- Configured cppcheck exclude dirs and/or files: 
[1.246s] -- Added test 'cpplint' to check C / C++ code against the Google style
[1.246s] -- Configured cpplint exclude dirs and/or files: 
[1.246s] -- Added test 'lint_cmake' to check CMake code style
[1.247s] -- Added test 'uncrustify' to check C / C++ code style
[1.247s] -- Configured uncrustify additional arguments: 
[1.248s] -- Added test 'xmllint' to check XML markup files
[1.249s] -- Configuring done
[1.258s] -- Generating done
[1.259s] -- Build files have been written to: /home/robotx/Documents/GitHub/VRX_NUMarine/build/teleop_cpp_ros2
[1.267s] Invoked command in '/home/robotx/Documents/GitHub/VRX_NUMarine/build/teleop_cpp_ros2' returned '0': CMAKE_PREFIX_PATH=/opt/ros/humble /usr/bin/cmake /home/robotx/Documents/GitHub/VRX_NUMarine/src/vrx/ros_packages/teleop_cpp_ros2 -DCMAKE_INSTALL_PREFIX=/home/robotx/Documents/GitHub/VRX_NUMarine/install
[1.268s] Invoking command in '/home/robotx/Documents/GitHub/VRX_NUMarine/build/teleop_cpp_ros2': CMAKE_PREFIX_PATH=/opt/ros/humble /usr/bin/cmake --build /home/robotx/Documents/GitHub/VRX_NUMarine/build/teleop_cpp_ros2 -- -j12 -l12
[1.310s] [ 50%] [32mBuilding CXX object CMakeFiles/usv_teleop.dir/src/usv_teleop.cpp.o[0m
[4.682s] [100%] [32m[1mLinking CXX executable usv_teleop[0m
[4.829s] [100%] Built target usv_teleop
[4.838s] Invoked command in '/home/robotx/Documents/GitHub/VRX_NUMarine/build/teleop_cpp_ros2' returned '0': CMAKE_PREFIX_PATH=/opt/ros/humble /usr/bin/cmake --build /home/robotx/Documents/GitHub/VRX_NUMarine/build/teleop_cpp_ros2 -- -j12 -l12
[4.860s] Invoking command in '/home/robotx/Documents/GitHub/VRX_NUMarine/build/teleop_cpp_ros2': CMAKE_PREFIX_PATH=/opt/ros/humble /usr/bin/cmake --install /home/robotx/Documents/GitHub/VRX_NUMarine/build/teleop_cpp_ros2
[4.866s] -- Install configuration: ""
[4.866s] -- Installing: /home/robotx/Documents/GitHub/VRX_NUMarine/install/lib/teleop_cpp_ros2/usv_teleop
[4.867s] -- Set runtime path of "/home/robotx/Documents/GitHub/VRX_NUMarine/install/lib/teleop_cpp_ros2/usv_teleop" to ""
[4.867s] -- Installing: /home/robotx/Documents/GitHub/VRX_NUMarine/install/share/ament_index/resource_index/package_run_dependencies/teleop_cpp_ros2
[4.867s] -- Installing: /home/robotx/Documents/GitHub/VRX_NUMarine/install/share/ament_index/resource_index/parent_prefix_path/teleop_cpp_ros2
[4.867s] -- Installing: /home/robotx/Documents/GitHub/VRX_NUMarine/install/share/teleop_cpp_ros2/environment/ament_prefix_path.sh
[4.867s] -- Installing: /home/robotx/Documents/GitHub/VRX_NUMarine/install/share/teleop_cpp_ros2/environment/ament_prefix_path.dsv
[4.867s] -- Installing: /home/robotx/Documents/GitHub/VRX_NUMarine/install/share/teleop_cpp_ros2/environment/path.sh
[4.867s] -- Installing: /home/robotx/Documents/GitHub/VRX_NUMarine/install/share/teleop_cpp_ros2/environment/path.dsv
[4.867s] -- Installing: /home/robotx/Documents/GitHub/VRX_NUMarine/install/share/teleop_cpp_ros2/local_setup.bash
[4.868s] -- Installing: /home/robotx/Documents/GitHub/VRX_NUMarine/install/share/teleop_cpp_ros2/local_setup.sh
[4.868s] -- Installing: /home/robotx/Documents/GitHub/VRX_NUMarine/install/share/teleop_cpp_ros2/local_setup.zsh
[4.868s] -- Installing: /home/robotx/Documents/GitHub/VRX_NUMarine/install/share/teleop_cpp_ros2/local_setup.dsv
[4.868s] -- Installing: /home/robotx/Documents/GitHub/VRX_NUMarine/install/share/teleop_cpp_ros2/package.dsv
[4.868s] -- Installing: /home/robotx/Documents/GitHub/VRX_NUMarine/install/share/ament_index/resource_index/packages/teleop_cpp_ros2
[4.868s] -- Installing: /home/robotx/Documents/GitHub/VRX_NUMarine/install/share/teleop_cpp_ros2/cmake/teleop_cpp_ros2Config.cmake
[4.868s] -- Installing: /home/robotx/Documents/GitHub/VRX_NUMarine/install/share/teleop_cpp_ros2/cmake/teleop_cpp_ros2Config-version.cmake
[4.869s] -- Installing: /home/robotx/Documents/GitHub/VRX_NUMarine/install/share/teleop_cpp_ros2/package.xml
[4.870s] Invoked command in '/home/robotx/Documents/GitHub/VRX_NUMarine/build/teleop_cpp_ros2' returned '0': CMAKE_PREFIX_PATH=/opt/ros/humble /usr/bin/cmake --install /home/robotx/Documents/GitHub/VRX_NUMarine/build/teleop_cpp_ros2
