[0.027s] Invoking command in '/home/jain/Documents/GitHub/VRX_NUMarine/build/my_navigation_pkg': CMAKE_PREFIX_PATH=${CMAKE_PREFIX_PATH}:/opt/ros/humble /usr/bin/cmake --build /home/jain/Documents/GitHub/VRX_NUMarine/build/my_navigation_pkg -- -j8 -l8
[0.060s] -- Found ament_cmake: 1.3.9 (/opt/ros/humble/share/ament_cmake/cmake)
[0.230s] -- Found rclcpp: 16.0.9 (/opt/ros/humble/share/rclcpp/cmake)
[0.290s] -- Found rosidl_generator_c: 3.1.5 (/opt/ros/humble/share/rosidl_generator_c/cmake)
[0.294s] -- Found rosidl_adapter: 3.1.5 (/opt/ros/humble/share/rosidl_adapter/cmake)
[0.302s] -- Found rosidl_generator_cpp: 3.1.5 (/opt/ros/humble/share/rosidl_generator_cpp/cmake)
[0.321s] -- Using all available rosidl_typesupport_c: rosidl_typesupport_fastrtps_c;rosidl_typesupport_introspection_c
[0.359s] -- Using all available rosidl_typesupport_cpp: rosidl_typesupport_fastrtps_cpp;rosidl_typesupport_introspection_cpp
[0.485s] -- Found rmw_implementation_cmake: 6.1.2 (/opt/ros/humble/share/rmw_implementation_cmake/cmake)
[0.486s] -- Found rmw_fastrtps_cpp: 6.2.6 (/opt/ros/humble/share/rmw_fastrtps_cpp/cmake)
[0.629s] -- Using RMW implementation 'rmw_fastrtps_cpp' as default
[0.854s] -- Found sensor_msgs: 4.2.4 (/opt/ros/humble/share/sensor_msgs/cmake)
[1.035s] -- Found nav2_core: 1.1.15 (/opt/ros/humble/share/nav2_core/cmake)
[2.199s] -- Ensuring Eigen3 include directory is part of orocos-kdl CMake target
[4.201s] -- Found nav2_mppi_controller: 1.1.15 (/opt/ros/humble/share/nav2_mppi_controller/cmake)
[6.660s] [31mCMake Error at CMakeLists.txt:17 (find_package):
[6.660s]   By not providing "FindGeographicLib.cmake" in CMAKE_MODULE_PATH this
[6.660s]   project has asked CMake to find a package configuration file provided by
[6.660s]   "GeographicLib", but CMake did not find one.
[6.660s] 
[6.660s]   Could not find a package configuration file provided by "GeographicLib"
[6.661s]   with any of the following names:
[6.661s] 
[6.661s]     GeographicLibConfig.cmake
[6.661s]     geographiclib-config.cmake
[6.661s] 
[6.661s]   Add the installation prefix of "GeographicLib" to CMAKE_PREFIX_PATH or set
[6.661s]   "GeographicLib_DIR" to a directory containing one of the above files.  If
[6.661s]   "GeographicLib" provides a separate development package or SDK, be sure it
[6.661s]   has been installed.
[6.661s] 
[6.661s] [0m
[6.661s] -- Configuring incomplete, errors occurred!
[6.662s] See also "/home/jain/Documents/GitHub/VRX_NUMarine/build/my_navigation_pkg/CMakeFiles/CMakeOutput.log".
[6.670s] gmake: *** [Makefile:308: cmake_check_build_system] Error 1
[6.674s] Invoked command in '/home/jain/Documents/GitHub/VRX_NUMarine/build/my_navigation_pkg' returned '2': CMAKE_PREFIX_PATH=${CMAKE_PREFIX_PATH}:/opt/ros/humble /usr/bin/cmake --build /home/jain/Documents/GitHub/VRX_NUMarine/build/my_navigation_pkg -- -j8 -l8
