[0.007s] Invoking command in '/home/robotx/Documents/GitHub/VRX_NUMarine/build/wamv_description': AMENT_PREFIX_PATH=/home/robotx/Documents/GitHub/VRX_NUMarine/install:${AMENT_PREFIX_PATH} CMAKE_PREFIX_PATH=/home/robotx/Documents/GitHub/VRX_NUMarine/install:/opt/ros/humble GZ_SIM_RESOURCE_PATH=/home/robotx/Documents/GitHub/VRX_NUMarine/install/share/vrx_gazebo/models:/home/robotx/Documents/GitHub/VRX_NUMarine/install/share PYTHONPATH=/home/robotx/Documents/GitHub/VRX_NUMarine/install/local/lib/python3.10/dist-packages:${PYTHONPATH} /usr/bin/cmake /home/robotx/Documents/GitHub/VRX_NUMarine/src/vrx/ros_packages/vrx_urdf/wamv_description -DCMAKE_INSTALL_PREFIX=/home/robotx/Documents/GitHub/VRX_NUMarine/install
[0.057s] -- The C compiler identification is GNU 11.4.0
[0.109s] -- The CXX compiler identification is GNU 11.4.0
[0.118s] -- Detecting C compiler ABI info
[0.176s] -- Detecting C compiler ABI info - done
[0.183s] -- Check for working C compiler: /usr/bin/cc - skipped
[0.183s] -- Detecting C compile features
[0.183s] -- Detecting C compile features - done
[0.186s] -- Detecting CXX compiler ABI info
[0.253s] -- Detecting CXX compiler ABI info - done
[0.259s] -- Check for working CXX compiler: /usr/bin/c++ - skipped
[0.260s] -- Detecting CXX compile features
[0.260s] -- Detecting CXX compile features - done
[0.262s] -- Found ament_cmake: 1.3.9 (/opt/ros/humble/share/ament_cmake/cmake)
[0.390s] -- Found Python3: /usr/bin/python3 (found version "3.10.12") found components: Interpreter 
[0.461s] -- Found xacro: 2.0.8 (/opt/ros/humble/share/xacro/cmake)
[0.462s] -- xacro: determining deps for: urdf/wamv_base.urdf.xacro ...
[0.590s] -- Configuring done
[0.592s] -- Generating done
[0.593s] -- Build files have been written to: /home/robotx/Documents/GitHub/VRX_NUMarine/build/wamv_description
[0.598s] Invoked command in '/home/robotx/Documents/GitHub/VRX_NUMarine/build/wamv_description' returned '0': AMENT_PREFIX_PATH=/home/robotx/Documents/GitHub/VRX_NUMarine/install:${AMENT_PREFIX_PATH} CMAKE_PREFIX_PATH=/home/robotx/Documents/GitHub/VRX_NUMarine/install:/opt/ros/humble GZ_SIM_RESOURCE_PATH=/home/robotx/Documents/GitHub/VRX_NUMarine/install/share/vrx_gazebo/models:/home/robotx/Documents/GitHub/VRX_NUMarine/install/share PYTHONPATH=/home/robotx/Documents/GitHub/VRX_NUMarine/install/local/lib/python3.10/dist-packages:${PYTHONPATH} /usr/bin/cmake /home/robotx/Documents/GitHub/VRX_NUMarine/src/vrx/ros_packages/vrx_urdf/wamv_description -DCMAKE_INSTALL_PREFIX=/home/robotx/Documents/GitHub/VRX_NUMarine/install
[0.598s] Invoking command in '/home/robotx/Documents/GitHub/VRX_NUMarine/build/wamv_description': AMENT_PREFIX_PATH=/home/robotx/Documents/GitHub/VRX_NUMarine/install:${AMENT_PREFIX_PATH} CMAKE_PREFIX_PATH=/home/robotx/Documents/GitHub/VRX_NUMarine/install:/opt/ros/humble GZ_SIM_RESOURCE_PATH=/home/robotx/Documents/GitHub/VRX_NUMarine/install/share/vrx_gazebo/models:/home/robotx/Documents/GitHub/VRX_NUMarine/install/share PYTHONPATH=/home/robotx/Documents/GitHub/VRX_NUMarine/install/local/lib/python3.10/dist-packages:${PYTHONPATH} /usr/bin/cmake --build /home/robotx/Documents/GitHub/VRX_NUMarine/build/wamv_description -- -j12 -l12
[0.636s] [100%] [34m[1mxacro: generating urdf/wamv_base.urdf from urdf/wamv_base.urdf.xacro[0m
[0.722s] [100%] Built target wamv_description__xacro_auto_generate
[0.732s] Invoked command in '/home/robotx/Documents/GitHub/VRX_NUMarine/build/wamv_description' returned '0': AMENT_PREFIX_PATH=/home/robotx/Documents/GitHub/VRX_NUMarine/install:${AMENT_PREFIX_PATH} CMAKE_PREFIX_PATH=/home/robotx/Documents/GitHub/VRX_NUMarine/install:/opt/ros/humble GZ_SIM_RESOURCE_PATH=/home/robotx/Documents/GitHub/VRX_NUMarine/install/share/vrx_gazebo/models:/home/robotx/Documents/GitHub/VRX_NUMarine/install/share PYTHONPATH=/home/robotx/Documents/GitHub/VRX_NUMarine/install/local/lib/python3.10/dist-packages:${PYTHONPATH} /usr/bin/cmake --build /home/robotx/Documents/GitHub/VRX_NUMarine/build/wamv_description -- -j12 -l12
[0.750s] Invoking command in '/home/robotx/Documents/GitHub/VRX_NUMarine/build/wamv_description': AMENT_PREFIX_PATH=/home/robotx/Documents/GitHub/VRX_NUMarine/install:${AMENT_PREFIX_PATH} CMAKE_PREFIX_PATH=/home/robotx/Documents/GitHub/VRX_NUMarine/install:/opt/ros/humble GZ_SIM_RESOURCE_PATH=/home/robotx/Documents/GitHub/VRX_NUMarine/install/share/vrx_gazebo/models:/home/robotx/Documents/GitHub/VRX_NUMarine/install/share PYTHONPATH=/home/robotx/Documents/GitHub/VRX_NUMarine/install/local/lib/python3.10/dist-packages:${PYTHONPATH} /usr/bin/cmake --install /home/robotx/Documents/GitHub/VRX_NUMarine/build/wamv_description
[0.757s] -- Install configuration: ""
[0.757s] -- Installing: /home/robotx/Documents/GitHub/VRX_NUMarine/install/share/wamv_description/environment/resource_paths.dsv
[0.757s] -- Installing: /home/robotx/Documents/GitHub/VRX_NUMarine/install/share/wamv_description/environment/resource_paths.sh
[0.757s] -- Installing: /home/robotx/Documents/GitHub/VRX_NUMarine/install/share/wamv_description/urdf/wamv_base.urdf
[0.757s] -- Installing: /home/robotx/Documents/GitHub/VRX_NUMarine/install/share/wamv_description/models
[0.758s] -- Installing: /home/robotx/Documents/GitHub/VRX_NUMarine/install/share/wamv_description/models/WAM-V-Base
[0.758s] -- Installing: /home/robotx/Documents/GitHub/VRX_NUMarine/install/share/wamv_description/models/WAM-V-Base/mesh
[0.758s] -- Installing: /home/robotx/Documents/GitHub/VRX_NUMarine/install/share/wamv_description/models/WAM-V-Base/mesh/WAM-V_Normal.png
[0.762s] -- Installing: /home/robotx/Documents/GitHub/VRX_NUMarine/install/share/wamv_description/models/WAM-V-Base/mesh/WAM-V_Albedo.png
[0.768s] -- Installing: /home/robotx/Documents/GitHub/VRX_NUMarine/install/share/wamv_description/models/WAM-V-Base/mesh/WAM-V_Roughness.png
[0.771s] -- Installing: /home/robotx/Documents/GitHub/VRX_NUMarine/install/share/wamv_description/models/WAM-V-Base/mesh/WamV.png
[0.773s] -- Installing: /home/robotx/Documents/GitHub/VRX_NUMarine/install/share/wamv_description/models/WAM-V-Base/mesh/WAM-V_Metalness.png
[0.773s] -- Installing: /home/robotx/Documents/GitHub/VRX_NUMarine/install/share/wamv_description/models/WAM-V-Base/mesh/WAM-V-Base.dae
[0.774s] -- Installing: /home/robotx/Documents/GitHub/VRX_NUMarine/install/share/wamv_description/models/WAM-V-Base/model.config
[0.774s] -- Installing: /home/robotx/Documents/GitHub/VRX_NUMarine/install/share/wamv_description/models/propeller
[0.774s] -- Installing: /home/robotx/Documents/GitHub/VRX_NUMarine/install/share/wamv_description/models/propeller/mesh
[0.774s] -- Installing: /home/robotx/Documents/GitHub/VRX_NUMarine/install/share/wamv_description/models/propeller/mesh/propeller.dae
[0.775s] -- Installing: /home/robotx/Documents/GitHub/VRX_NUMarine/install/share/wamv_description/models/propeller/model.config
[0.775s] -- Installing: /home/robotx/Documents/GitHub/VRX_NUMarine/install/share/wamv_description/models/engine
[0.775s] -- Installing: /home/robotx/Documents/GitHub/VRX_NUMarine/install/share/wamv_description/models/engine/mesh
[0.775s] -- Installing: /home/robotx/Documents/GitHub/VRX_NUMarine/install/share/wamv_description/models/engine/mesh/engine.dae
[0.775s] -- Installing: /home/robotx/Documents/GitHub/VRX_NUMarine/install/share/wamv_description/models/engine/model.config
[0.775s] -- Up-to-date: /home/robotx/Documents/GitHub/VRX_NUMarine/install/share/wamv_description/urdf
[0.775s] -- Installing: /home/robotx/Documents/GitHub/VRX_NUMarine/install/share/wamv_description/urdf/battery.xacro
[0.775s] -- Installing: /home/robotx/Documents/GitHub/VRX_NUMarine/install/share/wamv_description/urdf/cpu_cases.xacro
[0.775s] -- Installing: /home/robotx/Documents/GitHub/VRX_NUMarine/install/share/wamv_description/urdf/wamv_base.urdf.xacro
[0.775s] -- Installing: /home/robotx/Documents/GitHub/VRX_NUMarine/install/share/wamv_description/urdf/thrusters
[0.775s] -- Installing: /home/robotx/Documents/GitHub/VRX_NUMarine/install/share/wamv_description/urdf/thrusters/engine.xacro
[0.775s] -- Installing: /home/robotx/Documents/GitHub/VRX_NUMarine/install/share/ament_index/resource_index/package_run_dependencies/wamv_description
[0.775s] -- Installing: /home/robotx/Documents/GitHub/VRX_NUMarine/install/share/ament_index/resource_index/parent_prefix_path/wamv_description
[0.775s] -- Installing: /home/robotx/Documents/GitHub/VRX_NUMarine/install/share/wamv_description/environment/ament_prefix_path.sh
[0.776s] -- Installing: /home/robotx/Documents/GitHub/VRX_NUMarine/install/share/wamv_description/environment/ament_prefix_path.dsv
[0.776s] -- Installing: /home/robotx/Documents/GitHub/VRX_NUMarine/install/share/wamv_description/environment/path.sh
[0.776s] -- Installing: /home/robotx/Documents/GitHub/VRX_NUMarine/install/share/wamv_description/environment/path.dsv
[0.776s] -- Installing: /home/robotx/Documents/GitHub/VRX_NUMarine/install/share/wamv_description/local_setup.bash
[0.776s] -- Installing: /home/robotx/Documents/GitHub/VRX_NUMarine/install/share/wamv_description/local_setup.sh
[0.776s] -- Installing: /home/robotx/Documents/GitHub/VRX_NUMarine/install/share/wamv_description/local_setup.zsh
[0.776s] -- Installing: /home/robotx/Documents/GitHub/VRX_NUMarine/install/share/wamv_description/local_setup.dsv
[0.776s] -- Installing: /home/robotx/Documents/GitHub/VRX_NUMarine/install/share/wamv_description/package.dsv
[0.776s] -- Installing: /home/robotx/Documents/GitHub/VRX_NUMarine/install/share/ament_index/resource_index/packages/wamv_description
[0.777s] -- Installing: /home/robotx/Documents/GitHub/VRX_NUMarine/install/share/wamv_description/cmake/wamv_descriptionConfig.cmake
[0.777s] -- Installing: /home/robotx/Documents/GitHub/VRX_NUMarine/install/share/wamv_description/cmake/wamv_descriptionConfig-version.cmake
[0.777s] -- Installing: /home/robotx/Documents/GitHub/VRX_NUMarine/install/share/wamv_description/package.xml
[0.778s] Invoked command in '/home/robotx/Documents/GitHub/VRX_NUMarine/build/wamv_description' returned '0': AMENT_PREFIX_PATH=/home/robotx/Documents/GitHub/VRX_NUMarine/install:${AMENT_PREFIX_PATH} CMAKE_PREFIX_PATH=/home/robotx/Documents/GitHub/VRX_NUMarine/install:/opt/ros/humble GZ_SIM_RESOURCE_PATH=/home/robotx/Documents/GitHub/VRX_NUMarine/install/share/vrx_gazebo/models:/home/robotx/Documents/GitHub/VRX_NUMarine/install/share PYTHONPATH=/home/robotx/Documents/GitHub/VRX_NUMarine/install/local/lib/python3.10/dist-packages:${PYTHONPATH} /usr/bin/cmake --install /home/robotx/Documents/GitHub/VRX_NUMarine/build/wamv_description
