[0.014s] Invoking command in '/home/robotx/Documents/GitHub/VRX_NUMarine/build/imu_heading_pkg': CMAKE_PREFIX_PATH=/opt/ros/humble /usr/bin/cmake --build /home/robotx/Documents/GitHub/VRX_NUMarine/build/imu_heading_pkg -- -j12 -l12
[0.045s] [35m[1mConsolidate compiler generated dependencies of target imu_heading_node[0m
[0.061s] [100%] Built target imu_heading_node
[0.069s] Invoked command in '/home/robotx/Documents/GitHub/VRX_NUMarine/build/imu_heading_pkg' returned '0': CMAKE_PREFIX_PATH=/opt/ros/humble /usr/bin/cmake --build /home/robotx/Documents/GitHub/VRX_NUMarine/build/imu_heading_pkg -- -j12 -l12
[0.100s] Invoking command in '/home/robotx/Documents/GitHub/VRX_NUMarine/build/imu_heading_pkg': CMAKE_PREFIX_PATH=/opt/ros/humble /usr/bin/cmake --install /home/robotx/Documents/GitHub/VRX_NUMarine/build/imu_heading_pkg
[0.105s] -- Install configuration: ""
[0.106s] -- Up-to-date: /home/robotx/Documents/GitHub/VRX_NUMarine/install/lib/imu_heading_pkg/imu_heading_node
[0.107s] -- Up-to-date: /home/robotx/Documents/GitHub/VRX_NUMarine/install/share/ament_index/resource_index/package_run_dependencies/imu_heading_pkg
[0.108s] -- Up-to-date: /home/robotx/Documents/GitHub/VRX_NUMarine/install/share/ament_index/resource_index/parent_prefix_path/imu_heading_pkg
[0.108s] -- Up-to-date: /home/robotx/Documents/GitHub/VRX_NUMarine/install/share/imu_heading_pkg/environment/ament_prefix_path.sh
[0.108s] -- Up-to-date: /home/robotx/Documents/GitHub/VRX_NUMarine/install/share/imu_heading_pkg/environment/ament_prefix_path.dsv
[0.109s] -- Up-to-date: /home/robotx/Documents/GitHub/VRX_NUMarine/install/share/imu_heading_pkg/environment/path.sh
[0.109s] -- Up-to-date: /home/robotx/Documents/GitHub/VRX_NUMarine/install/share/imu_heading_pkg/environment/path.dsv
[0.109s] -- Up-to-date: /home/robotx/Documents/GitHub/VRX_NUMarine/install/share/imu_heading_pkg/local_setup.bash
[0.109s] -- Up-to-date: /home/robotx/Documents/GitHub/VRX_NUMarine/install/share/imu_heading_pkg/local_setup.sh
[0.109s] -- Up-to-date: /home/robotx/Documents/GitHub/VRX_NUMarine/install/share/imu_heading_pkg/local_setup.zsh
[0.109s] -- Up-to-date: /home/robotx/Documents/GitHub/VRX_NUMarine/install/share/imu_heading_pkg/local_setup.dsv
[0.110s] -- Installing: /home/robotx/Documents/GitHub/VRX_NUMarine/install/share/imu_heading_pkg/package.dsv
[0.111s] -- Up-to-date: /home/robotx/Documents/GitHub/VRX_NUMarine/install/share/ament_index/resource_index/packages/imu_heading_pkg
[0.111s] -- Up-to-date: /home/robotx/Documents/GitHub/VRX_NUMarine/install/share/imu_heading_pkg/cmake/imu_heading_pkgConfig.cmake
[0.111s] -- Up-to-date: /home/robotx/Documents/GitHub/VRX_NUMarine/install/share/imu_heading_pkg/cmake/imu_heading_pkgConfig-version.cmake
[0.112s] -- Up-to-date: /home/robotx/Documents/GitHub/VRX_NUMarine/install/share/imu_heading_pkg/package.xml
[0.134s] Invoked command in '/home/robotx/Documents/GitHub/VRX_NUMarine/build/imu_heading_pkg' returned '0': CMAKE_PREFIX_PATH=/opt/ros/humble /usr/bin/cmake --install /home/robotx/Documents/GitHub/VRX_NUMarine/build/imu_heading_pkg
