[0.039s] Invoking command in '/home/jain/Documents/GitHub/VRX_NUMarine/build/my_velocity_to_pwm': CMAKE_PREFIX_PATH=${CMAKE_PREFIX_PATH}:/opt/ros/humble /usr/bin/cmake --build /home/jain/Documents/GitHub/VRX_NUMarine/build/my_velocity_to_pwm -- -j8 -l8
[0.165s] [100%] Built target velocity_to_pwm_node
[0.208s] Invoked command in '/home/jain/Documents/GitHub/VRX_NUMarine/build/my_velocity_to_pwm' returned '0': CMAKE_PREFIX_PATH=${CMAKE_PREFIX_PATH}:/opt/ros/humble /usr/bin/cmake --build /home/jain/Documents/GitHub/VRX_NUMarine/build/my_velocity_to_pwm -- -j8 -l8
[0.267s] Invoking command in '/home/jain/Documents/GitHub/VRX_NUMarine/build/my_velocity_to_pwm': CMAKE_PREFIX_PATH=${CMAKE_PREFIX_PATH}:/opt/ros/humble /usr/bin/cmake --install /home/jain/Documents/GitHub/VRX_NUMarine/build/my_velocity_to_pwm
[0.287s] -- Install configuration: ""
[0.287s] -- Up-to-date: /home/jain/Documents/GitHub/VRX_NUMarine/install/lib/my_velocity_to_pwm/velocity_to_pwm_node
[0.289s] -- Up-to-date: /home/jain/Documents/GitHub/VRX_NUMarine/install/share/ament_index/resource_index/package_run_dependencies/my_velocity_to_pwm
[0.295s] -- Up-to-date: /home/jain/Documents/GitHub/VRX_NUMarine/install/share/ament_index/resource_index/parent_prefix_path/my_velocity_to_pwm
[0.295s] -- Up-to-date: /home/jain/Documents/GitHub/VRX_NUMarine/install/share/my_velocity_to_pwm/environment/ament_prefix_path.sh
[0.296s] -- Up-to-date: /home/jain/Documents/GitHub/VRX_NUMarine/install/share/my_velocity_to_pwm/environment/ament_prefix_path.dsv
[0.296s] -- Up-to-date: /home/jain/Documents/GitHub/VRX_NUMarine/install/share/my_velocity_to_pwm/environment/path.sh
[0.296s] -- Up-to-date: /home/jain/Documents/GitHub/VRX_NUMarine/install/share/my_velocity_to_pwm/environment/path.dsv
[0.296s] -- Up-to-date: /home/jain/Documents/GitHub/VRX_NUMarine/install/share/my_velocity_to_pwm/local_setup.bash
[0.296s] -- Up-to-date: /home/jain/Documents/GitHub/VRX_NUMarine/install/share/my_velocity_to_pwm/local_setup.sh
[0.297s] -- Up-to-date: /home/jain/Documents/GitHub/VRX_NUMarine/install/share/my_velocity_to_pwm/local_setup.zsh
[0.297s] -- Up-to-date: /home/jain/Documents/GitHub/VRX_NUMarine/install/share/my_velocity_to_pwm/local_setup.dsv
[0.297s] -- Installing: /home/jain/Documents/GitHub/VRX_NUMarine/install/share/my_velocity_to_pwm/package.dsv
[0.298s] -- Up-to-date: /home/jain/Documents/GitHub/VRX_NUMarine/install/share/ament_index/resource_index/packages/my_velocity_to_pwm
[0.299s] -- Up-to-date: /home/jain/Documents/GitHub/VRX_NUMarine/install/share/my_velocity_to_pwm/cmake/my_velocity_to_pwmConfig.cmake
[0.300s] -- Up-to-date: /home/jain/Documents/GitHub/VRX_NUMarine/install/share/my_velocity_to_pwm/cmake/my_velocity_to_pwmConfig-version.cmake
[0.301s] -- Up-to-date: /home/jain/Documents/GitHub/VRX_NUMarine/install/share/my_velocity_to_pwm/package.xml
[0.340s] Invoked command in '/home/jain/Documents/GitHub/VRX_NUMarine/build/my_velocity_to_pwm' returned '0': CMAKE_PREFIX_PATH=${CMAKE_PREFIX_PATH}:/opt/ros/humble /usr/bin/cmake --install /home/jain/Documents/GitHub/VRX_NUMarine/build/my_velocity_to_pwm
