[0.028s] Invoking command in '/home/jain/Documents/GitHub/VRX_NUMarine/build/vrx_gazebo': CMAKE_PREFIX_PATH=/opt/ros/humble /usr/bin/cmake /home/jain/Documents/GitHub/VRX_NUMarine/src/vrx/ros_packages/vrx_urdf/vrx_gazebo -DCMAKE_INSTALL_PREFIX=/home/jain/Documents/GitHub/VRX_NUMarine/install
[0.188s] -- The C compiler identification is GNU 11.4.0
[0.290s] -- The CXX compiler identification is GNU 11.4.0
[0.302s] -- Detecting C compiler ABI info
[0.385s] -- Detecting C compiler ABI info - done
[0.400s] -- Check for working C compiler: /usr/bin/cc - skipped
[0.401s] -- Detecting C compile features
[0.401s] -- Detecting C compile features - done
[0.405s] -- Detecting CXX compiler ABI info
[0.511s] -- Detecting CXX compiler ABI info - done
[0.528s] -- Check for working CXX compiler: /usr/bin/c++ - skipped
[0.528s] -- Detecting CXX compile features
[0.529s] -- Detecting CXX compile features - done
[0.532s] -- Found ament_cmake: 1.3.9 (/opt/ros/humble/share/ament_cmake/cmake)
[0.719s] -- Found Python3: /usr/bin/python3 (found version "3.10.12") found components: Interpreter 
[0.995s] -- Configuring done
[0.999s] -- Generating done
[1.000s] -- Build files have been written to: /home/jain/Documents/GitHub/VRX_NUMarine/build/vrx_gazebo
[1.004s] Invoked command in '/home/jain/Documents/GitHub/VRX_NUMarine/build/vrx_gazebo' returned '0': CMAKE_PREFIX_PATH=/opt/ros/humble /usr/bin/cmake /home/jain/Documents/GitHub/VRX_NUMarine/src/vrx/ros_packages/vrx_urdf/vrx_gazebo -DCMAKE_INSTALL_PREFIX=/home/jain/Documents/GitHub/VRX_NUMarine/install
[1.007s] Invoking command in '/home/jain/Documents/GitHub/VRX_NUMarine/build/vrx_gazebo': CMAKE_PREFIX_PATH=/opt/ros/humble /usr/bin/cmake --build /home/jain/Documents/GitHub/VRX_NUMarine/build/vrx_gazebo -- -j8 -l8
[1.067s] Built target ament_cmake_python_copy_vrx_gazebo
[1.407s] running egg_info
[1.407s] creating vrx_gazebo.egg-info
[1.408s] writing vrx_gazebo.egg-info/PKG-INFO
[1.408s] writing dependency_links to vrx_gazebo.egg-info/dependency_links.txt
[1.408s] writing top-level names to vrx_gazebo.egg-info/top_level.txt
[1.409s] writing manifest file 'vrx_gazebo.egg-info/SOURCES.txt'
[1.412s] reading manifest file 'vrx_gazebo.egg-info/SOURCES.txt'
[1.412s] writing manifest file 'vrx_gazebo.egg-info/SOURCES.txt'
[1.450s] Built target ament_cmake_python_build_vrx_gazebo_egg
