[0.028s] Invoking command in '/home/jain/Documents/GitHub/VRX_NUMarine/build/my_navigation_pkg': CMAKE_PREFIX_PATH=${CMAKE_PREFIX_PATH}:/opt/ros/humble /usr/bin/cmake --build /home/jain/Documents/GitHub/VRX_NUMarine/build/my_navigation_pkg -- -j8 -l8
[0.058s] -- Found ament_cmake: 1.3.9 (/opt/ros/humble/share/ament_cmake/cmake)
[0.230s] -- Found rclcpp: 16.0.9 (/opt/ros/humble/share/rclcpp/cmake)
[0.267s] -- Found rosidl_generator_c: 3.1.5 (/opt/ros/humble/share/rosidl_generator_c/cmake)
[0.271s] -- Found rosidl_adapter: 3.1.5 (/opt/ros/humble/share/rosidl_adapter/cmake)
[0.279s] -- Found rosidl_generator_cpp: 3.1.5 (/opt/ros/humble/share/rosidl_generator_cpp/cmake)
[0.295s] -- Using all available rosidl_typesupport_c: rosidl_typesupport_fastrtps_c;rosidl_typesupport_introspection_c
[0.323s] -- Using all available rosidl_typesupport_cpp: rosidl_typesupport_fastrtps_cpp;rosidl_typesupport_introspection_cpp
[0.448s] -- Found rmw_implementation_cmake: 6.1.2 (/opt/ros/humble/share/rmw_implementation_cmake/cmake)
[0.451s] -- Found rmw_fastrtps_cpp: 6.2.6 (/opt/ros/humble/share/rmw_fastrtps_cpp/cmake)
[0.623s] -- Using RMW implementation 'rmw_fastrtps_cpp' as default
[0.854s] -- Found sensor_msgs: 4.2.4 (/opt/ros/humble/share/sensor_msgs/cmake)
[1.050s] -- Found nav2_core: 1.1.15 (/opt/ros/humble/share/nav2_core/cmake)
[2.169s] -- Ensuring Eigen3 include directory is part of orocos-kdl CMake target
[4.113s] -- Found nav2_mppi_controller: 1.1.15 (/opt/ros/humble/share/nav2_mppi_controller/cmake)
[6.543s] -- Found ament_lint_auto: 0.12.11 (/opt/ros/humble/share/ament_lint_auto/cmake)
[6.620s] -- Added test 'cppcheck' to perform static code analysis on C / C++ code
[6.620s] -- Configured cppcheck include dirs: 
[6.620s] -- Configured cppcheck exclude dirs and/or files: 
[6.621s] -- Added test 'flake8' to check Python code syntax and style conventions
[6.621s] -- Added test 'lint_cmake' to check CMake code style
[6.622s] -- Added test 'pep257' to check Python code against some of the docstring style conventions in PEP 257
[6.623s] -- Added test 'uncrustify' to check C / C++ code style
[6.623s] -- Configured uncrustify additional arguments: 
[6.623s] -- Added test 'xmllint' to check XML markup files
[6.624s] -- Configuring done
[6.628s] [31mCMake Error at CMakeLists.txt:17 (add_executable):
[6.628s]   Cannot find source file:
[6.628s] 
[6.628s]     src/gps_to_ned.cpp
[6.628s] 
[6.628s]   Tried extensions .c .C .c++ .cc .cpp .cxx .cu .mpp .m .M .mm .ixx .cppm .h
[6.628s]   .hh .h++ .hm .hpp .hxx .in .txx .f .F .for .f77 .f90 .f95 .f03 .hip .ispc
[6.628s] 
[6.629s] [0m
[6.630s] [31mCMake Error at CMakeLists.txt:17 (add_executable):
[6.630s]   No SOURCES given to target: gps_to_ned_node
[6.630s] 
[6.630s] [0m
[6.630s] [0mCMake Generate step failed.  Build files cannot be regenerated correctly.[0m
[6.640s] gmake: *** [Makefile:267: cmake_check_build_system] Error 1
[6.643s] Invoked command in '/home/jain/Documents/GitHub/VRX_NUMarine/build/my_navigation_pkg' returned '2': CMAKE_PREFIX_PATH=${CMAKE_PREFIX_PATH}:/opt/ros/humble /usr/bin/cmake --build /home/jain/Documents/GitHub/VRX_NUMarine/build/my_navigation_pkg -- -j8 -l8
