[0.022s] Invoking command in '/home/jain/Documents/GitHub/VRX_NUMarine/build/teb_msgs': CMAKE_PREFIX_PATH=/opt/ros/humble /usr/bin/cmake /home/jain/Documents/GitHub/VRX_NUMarine/src/vrx/ros_packages/teb_local_planner/teb_msgs -DCMAKE_INSTALL_PREFIX=/home/jain/Documents/GitHub/VRX_NUMarine/install
[0.088s] -- The C compiler identification is GNU 11.4.0
[0.164s] -- The CXX compiler identification is GNU 11.4.0
[0.175s] -- Detecting C compiler ABI info
[0.259s] -- Detecting C compiler ABI info - done
[0.275s] -- Check for working C compiler: /usr/bin/cc - skipped
[0.276s] -- Detecting C compile features
[0.277s] -- Detecting C compile features - done
[0.282s] -- Detecting CXX compiler ABI info
[0.373s] -- Detecting CXX compiler ABI info - done
[0.390s] -- Check for working CXX compiler: /usr/bin/c++ - skipped
[0.390s] -- Detecting CXX compile features
[0.391s] -- Detecting CXX compile features - done
[0.395s] -- Found ament_cmake: 1.3.9 (/opt/ros/humble/share/ament_cmake/cmake)
[0.597s] -- Found Python3: /usr/bin/python3 (found version "3.10.12") found components: Interpreter 
[0.697s] -- Found builtin_interfaces: 1.2.1 (/opt/ros/humble/share/builtin_interfaces/cmake)
[0.735s] -- Found rosidl_generator_c: 3.1.5 (/opt/ros/humble/share/rosidl_generator_c/cmake)
[0.741s] -- Found rosidl_adapter: 3.1.5 (/opt/ros/humble/share/rosidl_adapter/cmake)
[0.751s] -- Found rosidl_generator_cpp: 3.1.5 (/opt/ros/humble/share/rosidl_generator_cpp/cmake)
[0.768s] -- Using all available rosidl_typesupport_c: rosidl_typesupport_fastrtps_c;rosidl_typesupport_introspection_c
[0.793s] -- Using all available rosidl_typesupport_cpp: rosidl_typesupport_fastrtps_cpp;rosidl_typesupport_introspection_cpp
[0.826s] [31mCMake Error at CMakeLists.txt:16 (find_package):
[0.827s]   By not providing "Findcostmap_converter_msgs.cmake" in CMAKE_MODULE_PATH
[0.827s]   this project has asked CMake to find a package configuration file provided
[0.827s]   by "costmap_converter_msgs", but CMake did not find one.
[0.827s] 
[0.827s]   Could not find a package configuration file provided by
[0.827s]   "costmap_converter_msgs" with any of the following names:
[0.827s] 
[0.828s]     costmap_converter_msgsConfig.cmake
[0.828s]     costmap_converter_msgs-config.cmake
[0.828s] 
[0.828s]   Add the installation prefix of "costmap_converter_msgs" to
[0.828s]   CMAKE_PREFIX_PATH or set "costmap_converter_msgs_DIR" to a directory
[0.828s]   containing one of the above files.  If "costmap_converter_msgs" provides a
[0.828s]   separate development package or SDK, be sure it has been installed.
[0.828s] 
[0.828s] [0m
[0.829s] -- Configuring incomplete, errors occurred!
[0.829s] See also "/home/jain/Documents/GitHub/VRX_NUMarine/build/teb_msgs/CMakeFiles/CMakeOutput.log".
[0.834s] Invoked command in '/home/jain/Documents/GitHub/VRX_NUMarine/build/teb_msgs' returned '1': CMAKE_PREFIX_PATH=/opt/ros/humble /usr/bin/cmake /home/jain/Documents/GitHub/VRX_NUMarine/src/vrx/ros_packages/teb_local_planner/teb_msgs -DCMAKE_INSTALL_PREFIX=/home/jain/Documents/GitHub/VRX_NUMarine/install
