[0.066s] Invoking command in '/home/jain/Documents/GitHub/VRX_NUMarine/build/vrx_gazebo': CMAKE_PREFIX_PATH=${CMAKE_PREFIX_PATH}:/opt/ros/humble /usr/bin/cmake --build /home/jain/Documents/GitHub/VRX_NUMarine/build/vrx_gazebo -- -j8 -l8
[0.214s] Built target ament_cmake_python_copy_vrx_gazebo
[0.854s] running egg_info
[0.857s] writing vrx_gazebo.egg-info/PKG-INFO
[0.859s] writing dependency_links to vrx_gazebo.egg-info/dependency_links.txt
[0.860s] writing top-level names to vrx_gazebo.egg-info/top_level.txt
[0.869s] reading manifest file 'vrx_gazebo.egg-info/SOURCES.txt'
[0.873s] writing manifest file 'vrx_gazebo.egg-info/SOURCES.txt'
[1.013s] Built target ament_cmake_python_build_vrx_gazebo_egg
[1.059s] Invoked command in '/home/jain/Documents/GitHub/VRX_NUMarine/build/vrx_gazebo' returned '0': CMAKE_PREFIX_PATH=${CMAKE_PREFIX_PATH}:/opt/ros/humble /usr/bin/cmake --build /home/jain/Documents/GitHub/VRX_NUMarine/build/vrx_gazebo -- -j8 -l8
[1.229s] Invoking command in '/home/jain/Documents/GitHub/VRX_NUMarine/build/vrx_gazebo': CMAKE_PREFIX_PATH=${CMAKE_PREFIX_PATH}:/opt/ros/humble /usr/bin/cmake --install /home/jain/Documents/GitHub/VRX_NUMarine/build/vrx_gazebo
[1.255s] -- Install configuration: ""
[1.256s] -- Up-to-date: /home/jain/Documents/GitHub/VRX_NUMarine/install/share/vrx_gazebo/environment/resource_paths.dsv
[1.257s] -- Up-to-date: /home/jain/Documents/GitHub/VRX_NUMarine/install/share/vrx_gazebo/environment/resource_paths.sh
[1.257s] -- Up-to-date: /home/jain/Documents/GitHub/VRX_NUMarine/install/share/vrx_gazebo/models
[1.258s] -- Up-to-date: /home/jain/Documents/GitHub/VRX_NUMarine/install/share/vrx_gazebo/models/ball_shooter
[1.258s] -- Up-to-date: /home/jain/Documents/GitHub/VRX_NUMarine/install/share/vrx_gazebo/models/ball_shooter/materials
[1.258s] -- Up-to-date: /home/jain/Documents/GitHub/VRX_NUMarine/install/share/vrx_gazebo/models/ball_shooter/materials/Textures
[1.258s] -- Up-to-date: /home/jain/Documents/GitHub/VRX_NUMarine/install/share/vrx_gazebo/models/ball_shooter/materials/Textures/Launcher_Albedo.png
[1.259s] -- Up-to-date: /home/jain/Documents/GitHub/VRX_NUMarine/install/share/vrx_gazebo/models/ball_shooter/materials/Textures/Launcher_Metalness.png
[1.259s] -- Up-to-date: /home/jain/Documents/GitHub/VRX_NUMarine/install/share/vrx_gazebo/models/ball_shooter/materials/Textures/Launcher_Roughness.png
[1.259s] -- Up-to-date: /home/jain/Documents/GitHub/VRX_NUMarine/install/share/vrx_gazebo/models/ball_shooter/materials/Textures/Launcher_Normal.png
[1.259s] -- Up-to-date: /home/jain/Documents/GitHub/VRX_NUMarine/install/share/vrx_gazebo/models/ball_shooter/model.config
[1.259s] -- Up-to-date: /home/jain/Documents/GitHub/VRX_NUMarine/install/share/vrx_gazebo/models/ball_shooter/meshes
[1.260s] -- Up-to-date: /home/jain/Documents/GitHub/VRX_NUMarine/install/share/vrx_gazebo/models/ball_shooter/meshes/ball_shooter_base.dae
[1.260s] -- Up-to-date: /home/jain/Documents/GitHub/VRX_NUMarine/install/share/vrx_gazebo/models/ball_shooter/meshes/Launcher_Albedo.png
[1.260s] -- Up-to-date: /home/jain/Documents/GitHub/VRX_NUMarine/install/share/vrx_gazebo/models/ball_shooter/meshes/Glass_BaseColor.png
[1.260s] -- Up-to-date: /home/jain/Documents/GitHub/VRX_NUMarine/install/share/vrx_gazebo/models/ball_shooter/meshes/Launcher_BaseColor.png
[1.260s] -- Up-to-date: /home/jain/Documents/GitHub/VRX_NUMarine/install/share/vrx_gazebo/models/ball_shooter/meshes/ball_shooter_launcher.dae
[1.260s] -- Up-to-date: /home/jain/Documents/GitHub/VRX_NUMarine/install/share/vrx_gazebo/models/ball_shooter/model.sdf
[1.261s] -- Up-to-date: /home/jain/Documents/GitHub/VRX_NUMarine/install/share/vrx_gazebo/models/3d_lidar
[1.261s] -- Up-to-date: /home/jain/Documents/GitHub/VRX_NUMarine/install/share/vrx_gazebo/models/3d_lidar/mesh
[1.261s] -- Up-to-date: /home/jain/Documents/GitHub/VRX_NUMarine/install/share/vrx_gazebo/models/3d_lidar/mesh/3d_Lidar_Albedo.png
[1.261s] -- Up-to-date: /home/jain/Documents/GitHub/VRX_NUMarine/install/share/vrx_gazebo/models/3d_lidar/mesh/3d_lidar.dae
[1.261s] -- Up-to-date: /home/jain/Documents/GitHub/VRX_NUMarine/install/share/vrx_gazebo/models/3d_lidar/mesh/3d_Lidar_Metalness.png
[1.262s] -- Up-to-date: /home/jain/Documents/GitHub/VRX_NUMarine/install/share/vrx_gazebo/models/3d_lidar/mesh/3d_Lidar_Normal.png
[1.262s] -- Up-to-date: /home/jain/Documents/GitHub/VRX_NUMarine/install/share/vrx_gazebo/models/3d_lidar/mesh/3d_lidar.png
[1.262s] -- Up-to-date: /home/jain/Documents/GitHub/VRX_NUMarine/install/share/vrx_gazebo/models/3d_lidar/mesh/3d_Lidar_Roughness.png
[1.263s] -- Up-to-date: /home/jain/Documents/GitHub/VRX_NUMarine/install/share/vrx_gazebo/models/3d_lidar/model.config
[1.263s] -- Up-to-date: /home/jain/Documents/GitHub/VRX_NUMarine/install/share/vrx_gazebo/models/3d_lidar/model.sdf
[1.263s] -- Up-to-date: /home/jain/Documents/GitHub/VRX_NUMarine/install/share/vrx_gazebo/models/sensor_post
[1.271s] -- Up-to-date: /home/jain/Documents/GitHub/VRX_NUMarine/install/share/vrx_gazebo/models/sensor_post/mesh
[1.271s] -- Up-to-date: /home/jain/Documents/GitHub/VRX_NUMarine/install/share/vrx_gazebo/models/sensor_post/mesh/sensor_post_arm.dae
[1.271s] -- Up-to-date: /home/jain/Documents/GitHub/VRX_NUMarine/install/share/vrx_gazebo/models/sensor_post/mesh/sensor_post.png
[1.271s] -- Up-to-date: /home/jain/Documents/GitHub/VRX_NUMarine/install/share/vrx_gazebo/models/sensor_post/mesh/sensor_post.dae
[1.271s] -- Up-to-date: /home/jain/Documents/GitHub/VRX_NUMarine/install/share/vrx_gazebo/models/sensor_post/model.config
[1.272s] -- Up-to-date: /home/jain/Documents/GitHub/VRX_NUMarine/install/share/vrx_gazebo/models/sensor_post/model.sdf
[1.272s] -- Up-to-date: /home/jain/Documents/GitHub/VRX_NUMarine/install/share/vrx_gazebo/models/blue_projectile
[1.272s] -- Up-to-date: /home/jain/Documents/GitHub/VRX_NUMarine/install/share/vrx_gazebo/models/blue_projectile/model.config
[1.272s] -- Up-to-date: /home/jain/Documents/GitHub/VRX_NUMarine/install/share/vrx_gazebo/models/blue_projectile/model.sdf
[1.272s] -- Up-to-date: /home/jain/Documents/GitHub/VRX_NUMarine/install/share/vrx_gazebo/models/cpu_cases
[1.272s] -- Up-to-date: /home/jain/Documents/GitHub/VRX_NUMarine/install/share/vrx_gazebo/models/cpu_cases/mesh
[1.272s] -- Up-to-date: /home/jain/Documents/GitHub/VRX_NUMarine/install/share/vrx_gazebo/models/cpu_cases/mesh/cpu_cases_Albedo.png
[1.273s] -- Up-to-date: /home/jain/Documents/GitHub/VRX_NUMarine/install/share/vrx_gazebo/models/cpu_cases/mesh/cpu_cases.dae
[1.273s] -- Up-to-date: /home/jain/Documents/GitHub/VRX_NUMarine/install/share/vrx_gazebo/models/cpu_cases/mesh/cpu_cases_Metalness.png
[1.273s] -- Up-to-date: /home/jain/Documents/GitHub/VRX_NUMarine/install/share/vrx_gazebo/models/cpu_cases/mesh/cpu_cases.png
[1.273s] -- Up-to-date: /home/jain/Documents/GitHub/VRX_NUMarine/install/share/vrx_gazebo/models/cpu_cases/mesh/cpu_cases_Roughness.png
[1.273s] -- Up-to-date: /home/jain/Documents/GitHub/VRX_NUMarine/install/share/vrx_gazebo/models/cpu_cases/mesh/cpu_cases_Normal.png
[1.273s] -- Up-to-date: /home/jain/Documents/GitHub/VRX_NUMarine/install/share/vrx_gazebo/models/cpu_cases/model.config
[1.274s] -- Up-to-date: /home/jain/Documents/GitHub/VRX_NUMarine/install/share/vrx_gazebo/models/cpu_cases/model.sdf
[1.274s] -- Up-to-date: /home/jain/Documents/GitHub/VRX_NUMarine/install/share/vrx_gazebo/models/mono_camera
[1.274s] -- Up-to-date: /home/jain/Documents/GitHub/VRX_NUMarine/install/share/vrx_gazebo/models/mono_camera/mesh
[1.274s] -- Up-to-date: /home/jain/Documents/GitHub/VRX_NUMarine/install/share/vrx_gazebo/models/mono_camera/mesh/mono_camera.png
[1.274s] -- Up-to-date: /home/jain/Documents/GitHub/VRX_NUMarine/install/share/vrx_gazebo/models/mono_camera/mesh/mono_camera.dae
[1.274s] -- Up-to-date: /home/jain/Documents/GitHub/VRX_NUMarine/install/share/vrx_gazebo/models/mono_camera/mesh/mono_camera_Roughness.png
[1.275s] -- Up-to-date: /home/jain/Documents/GitHub/VRX_NUMarine/install/share/vrx_gazebo/models/mono_camera/mesh/mono_camera_Normal.png
[1.275s] -- Up-to-date: /home/jain/Documents/GitHub/VRX_NUMarine/install/share/vrx_gazebo/models/mono_camera/mesh/mono_camera_Albedo.png
[1.275s] -- Up-to-date: /home/jain/Documents/GitHub/VRX_NUMarine/install/share/vrx_gazebo/models/mono_camera/mesh/mono_camera_Metalness.png
[1.275s] -- Up-to-date: /home/jain/Documents/GitHub/VRX_NUMarine/install/share/vrx_gazebo/models/mono_camera/model.config
[1.275s] -- Up-to-date: /home/jain/Documents/GitHub/VRX_NUMarine/install/share/vrx_gazebo/models/mono_camera/model.sdf
[1.275s] -- Up-to-date: /home/jain/Documents/GitHub/VRX_NUMarine/install/share/vrx_gazebo/models/battery
[1.276s] -- Up-to-date: /home/jain/Documents/GitHub/VRX_NUMarine/install/share/vrx_gazebo/models/battery/mesh
[1.276s] -- Up-to-date: /home/jain/Documents/GitHub/VRX_NUMarine/install/share/vrx_gazebo/models/battery/mesh/battery.dae
[1.276s] -- Up-to-date: /home/jain/Documents/GitHub/VRX_NUMarine/install/share/vrx_gazebo/models/battery/mesh/battery_Roughness.png
[1.276s] -- Up-to-date: /home/jain/Documents/GitHub/VRX_NUMarine/install/share/vrx_gazebo/models/battery/mesh/battery_Normal.png
[1.276s] -- Up-to-date: /home/jain/Documents/GitHub/VRX_NUMarine/install/share/vrx_gazebo/models/battery/mesh/battery_Metalness.png
[1.276s] -- Up-to-date: /home/jain/Documents/GitHub/VRX_NUMarine/install/share/vrx_gazebo/models/battery/mesh/battery_Albedo.png
[1.277s] -- Up-to-date: /home/jain/Documents/GitHub/VRX_NUMarine/install/share/vrx_gazebo/models/battery/mesh/battery.png
[1.277s] -- Up-to-date: /home/jain/Documents/GitHub/VRX_NUMarine/install/share/vrx_gazebo/models/battery/model.config
[1.277s] -- Up-to-date: /home/jain/Documents/GitHub/VRX_NUMarine/install/share/vrx_gazebo/models/battery/model.sdf
[1.277s] -- Up-to-date: /home/jain/Documents/GitHub/VRX_NUMarine/install/share/vrx_gazebo/launch
[1.277s] -- Up-to-date: /home/jain/Documents/GitHub/VRX_NUMarine/install/share/vrx_gazebo/launch/generate_wamv.launch.py
[1.277s] -- Up-to-date: /home/jain/Documents/GitHub/VRX_NUMarine/install/share/vrx_gazebo/launch/rviz.launch.py
[1.278s] -- Up-to-date: /home/jain/Documents/GitHub/VRX_NUMarine/install/share/vrx_gazebo/config
[1.278s] -- Up-to-date: /home/jain/Documents/GitHub/VRX_NUMarine/install/share/vrx_gazebo/config/rviz_vrx_rsp.rviz
[1.278s] -- Up-to-date: /home/jain/Documents/GitHub/VRX_NUMarine/install/share/vrx_gazebo/config/wamv_config
[1.278s] -- Up-to-date: /home/jain/Documents/GitHub/VRX_NUMarine/install/share/vrx_gazebo/config/wamv_config/example_thruster_config.yaml
[1.278s] -- Up-to-date: /home/jain/Documents/GitHub/VRX_NUMarine/install/share/vrx_gazebo/config/wamv_config/example_component_config.yaml
[1.278s] -- Up-to-date: /home/jain/Documents/GitHub/VRX_NUMarine/install/share/vrx_gazebo/config/wamv_config/thruster_compliance
[1.279s] -- Up-to-date: /home/jain/Documents/GitHub/VRX_NUMarine/install/share/vrx_gazebo/config/wamv_config/thruster_compliance/bounding_boxes.yaml
[1.279s] -- Up-to-date: /home/jain/Documents/GitHub/VRX_NUMarine/install/share/vrx_gazebo/config/wamv_config/thruster_compliance/numeric.yaml
[1.279s] -- Up-to-date: /home/jain/Documents/GitHub/VRX_NUMarine/install/share/vrx_gazebo/config/wamv_config/component_compliance
[1.279s] -- Up-to-date: /home/jain/Documents/GitHub/VRX_NUMarine/install/share/vrx_gazebo/config/wamv_config/component_compliance/bounding_boxes.yaml
[1.279s] -- Up-to-date: /home/jain/Documents/GitHub/VRX_NUMarine/install/share/vrx_gazebo/config/wamv_config/component_compliance/numeric.yaml
[1.279s] -- Up-to-date: /home/jain/Documents/GitHub/VRX_NUMarine/install/share/vrx_gazebo/config/rviz_vrx_final.rviz
[1.280s] -- Up-to-date: /home/jain/Documents/GitHub/VRX_NUMarine/install/lib/vrx_gazebo/generate_wamv.py
[1.280s] -- Up-to-date: /home/jain/Documents/GitHub/VRX_NUMarine/install/share/vrx_gazebo/environment/pythonpath.sh
[1.280s] -- Up-to-date: /home/jain/Documents/GitHub/VRX_NUMarine/install/share/vrx_gazebo/environment/pythonpath.dsv
[1.280s] -- Up-to-date: /home/jain/Documents/GitHub/VRX_NUMarine/install/local/lib/python3.10/dist-packages/vrx_gazebo-1.3.0-py3.10.egg-info
[1.280s] -- Installing: /home/jain/Documents/GitHub/VRX_NUMarine/install/local/lib/python3.10/dist-packages/vrx_gazebo-1.3.0-py3.10.egg-info/SOURCES.txt
[1.280s] -- Installing: /home/jain/Documents/GitHub/VRX_NUMarine/install/local/lib/python3.10/dist-packages/vrx_gazebo-1.3.0-py3.10.egg-info/dependency_links.txt
[1.280s] -- Installing: /home/jain/Documents/GitHub/VRX_NUMarine/install/local/lib/python3.10/dist-packages/vrx_gazebo-1.3.0-py3.10.egg-info/PKG-INFO
[1.281s] -- Installing: /home/jain/Documents/GitHub/VRX_NUMarine/install/local/lib/python3.10/dist-packages/vrx_gazebo-1.3.0-py3.10.egg-info/top_level.txt
[1.281s] -- Up-to-date: /home/jain/Documents/GitHub/VRX_NUMarine/install/local/lib/python3.10/dist-packages/vrx_gazebo
[1.281s] -- Up-to-date: /home/jain/Documents/GitHub/VRX_NUMarine/install/local/lib/python3.10/dist-packages/vrx_gazebo/__init__.py
[1.281s] -- Up-to-date: /home/jain/Documents/GitHub/VRX_NUMarine/install/local/lib/python3.10/dist-packages/vrx_gazebo/compliance.py
[1.281s] -- Up-to-date: /home/jain/Documents/GitHub/VRX_NUMarine/install/local/lib/python3.10/dist-packages/vrx_gazebo/configure_wamv.py
[1.281s] -- Up-to-date: /home/jain/Documents/GitHub/VRX_NUMarine/install/local/lib/python3.10/dist-packages/vrx_gazebo/utils.py
[1.340s] Listing '/home/jain/Documents/GitHub/VRX_NUMarine/install/local/lib/python3.10/dist-packages/vrx_gazebo'...
[1.351s] -- Up-to-date: /home/jain/Documents/GitHub/VRX_NUMarine/install/share/ament_index/resource_index/package_run_dependencies/vrx_gazebo
[1.352s] -- Up-to-date: /home/jain/Documents/GitHub/VRX_NUMarine/install/share/ament_index/resource_index/parent_prefix_path/vrx_gazebo
[1.353s] -- Up-to-date: /home/jain/Documents/GitHub/VRX_NUMarine/install/share/vrx_gazebo/environment/ament_prefix_path.sh
[1.354s] -- Up-to-date: /home/jain/Documents/GitHub/VRX_NUMarine/install/share/vrx_gazebo/environment/ament_prefix_path.dsv
[1.354s] -- Up-to-date: /home/jain/Documents/GitHub/VRX_NUMarine/install/share/vrx_gazebo/environment/path.sh
[1.354s] -- Up-to-date: /home/jain/Documents/GitHub/VRX_NUMarine/install/share/vrx_gazebo/environment/path.dsv
[1.356s] -- Up-to-date: /home/jain/Documents/GitHub/VRX_NUMarine/install/share/vrx_gazebo/local_setup.bash
[1.356s] -- Up-to-date: /home/jain/Documents/GitHub/VRX_NUMarine/install/share/vrx_gazebo/local_setup.sh
[1.356s] -- Up-to-date: /home/jain/Documents/GitHub/VRX_NUMarine/install/share/vrx_gazebo/local_setup.zsh
[1.356s] -- Up-to-date: /home/jain/Documents/GitHub/VRX_NUMarine/install/share/vrx_gazebo/local_setup.dsv
[1.357s] -- Installing: /home/jain/Documents/GitHub/VRX_NUMarine/install/share/vrx_gazebo/package.dsv
[1.358s] -- Up-to-date: /home/jain/Documents/GitHub/VRX_NUMarine/install/share/ament_index/resource_index/packages/vrx_gazebo
[1.358s] -- Up-to-date: /home/jain/Documents/GitHub/VRX_NUMarine/install/share/vrx_gazebo/cmake/vrx_gazeboConfig.cmake
[1.358s] -- Up-to-date: /home/jain/Documents/GitHub/VRX_NUMarine/install/share/vrx_gazebo/cmake/vrx_gazeboConfig-version.cmake
[1.358s] -- Up-to-date: /home/jain/Documents/GitHub/VRX_NUMarine/install/share/vrx_gazebo/package.xml
[1.368s] Invoked command in '/home/jain/Documents/GitHub/VRX_NUMarine/build/vrx_gazebo' returned '0': CMAKE_PREFIX_PATH=${CMAKE_PREFIX_PATH}:/opt/ros/humble /usr/bin/cmake --install /home/jain/Documents/GitHub/VRX_NUMarine/build/vrx_gazebo
