[0.533s] Invoking command in '/home/rileychron111/Documents/GitHub/VRX_NUMarine/src/vrx/ros_packages/mpc': PYTHONPATH=/home/rileychron111/Documents/GitHub/VRX_NUMarine/build/mpc/prefix_override:/home/rileychron111/Documents/GitHub/VRX_NUMarine/install/lib/python3.10/site-packages:${PYTHONPATH} /usr/bin/python3 -W ignore:setup.py install is deprecated setup.py egg_info --egg-base ../../../../build/mpc build --build-base /home/rileychron111/Documents/GitHub/VRX_NUMarine/build/mpc/build install --record /home/rileychron111/Documents/GitHub/VRX_NUMarine/build/mpc/install.log --single-version-externally-managed install_data
[0.653s] running egg_info
[0.653s] creating ../../../../build/mpc/mpc.egg-info
[0.653s] writing ../../../../build/mpc/mpc.egg-info/PKG-INFO
[0.653s] writing dependency_links to ../../../../build/mpc/mpc.egg-info/dependency_links.txt
[0.653s] writing entry points to ../../../../build/mpc/mpc.egg-info/entry_points.txt
[0.653s] writing requirements to ../../../../build/mpc/mpc.egg-info/requires.txt
[0.653s] writing top-level names to ../../../../build/mpc/mpc.egg-info/top_level.txt
[0.653s] writing manifest file '../../../../build/mpc/mpc.egg-info/SOURCES.txt'
[0.655s] reading manifest file '../../../../build/mpc/mpc.egg-info/SOURCES.txt'
[0.655s] writing manifest file '../../../../build/mpc/mpc.egg-info/SOURCES.txt'
[0.655s] running build
[0.655s] running build_py
[0.655s] creating /home/rileychron111/Documents/GitHub/VRX_NUMarine/build/mpc/build
[0.655s] creating /home/rileychron111/Documents/GitHub/VRX_NUMarine/build/mpc/build/lib
[0.655s] creating /home/rileychron111/Documents/GitHub/VRX_NUMarine/build/mpc/build/lib/mpc
[0.655s] copying mpc/__init__.py -> /home/rileychron111/Documents/GitHub/VRX_NUMarine/build/mpc/build/lib/mpc
[0.655s] copying mpc/control_node.py -> /home/rileychron111/Documents/GitHub/VRX_NUMarine/build/mpc/build/lib/mpc
[0.656s] running install
[0.656s] running install_lib
[0.656s] creating /home/rileychron111/Documents/GitHub/VRX_NUMarine/install/lib/python3.10/site-packages/mpc
[0.656s] copying /home/rileychron111/Documents/GitHub/VRX_NUMarine/build/mpc/build/lib/mpc/__init__.py -> /home/rileychron111/Documents/GitHub/VRX_NUMarine/install/lib/python3.10/site-packages/mpc
[0.656s] copying /home/rileychron111/Documents/GitHub/VRX_NUMarine/build/mpc/build/lib/mpc/control_node.py -> /home/rileychron111/Documents/GitHub/VRX_NUMarine/install/lib/python3.10/site-packages/mpc
[0.656s] byte-compiling /home/rileychron111/Documents/GitHub/VRX_NUMarine/install/lib/python3.10/site-packages/mpc/__init__.py to __init__.cpython-310.pyc
[0.656s] byte-compiling /home/rileychron111/Documents/GitHub/VRX_NUMarine/install/lib/python3.10/site-packages/mpc/control_node.py to control_node.cpython-310.pyc
[0.658s] running install_data
[0.658s] copying resource/mpc -> /home/rileychron111/Documents/GitHub/VRX_NUMarine/install/share/ament_index/resource_index/packages
[0.658s] copying package.xml -> /home/rileychron111/Documents/GitHub/VRX_NUMarine/install/share/mpc
[0.658s] running install_egg_info
[0.659s] Copying ../../../../build/mpc/mpc.egg-info to /home/rileychron111/Documents/GitHub/VRX_NUMarine/install/lib/python3.10/site-packages/mpc-0.0.0-py3.10.egg-info
[0.660s] running install_scripts
[0.672s] Installing control_node script to /home/rileychron111/Documents/GitHub/VRX_NUMarine/install/lib/mpc
[0.672s] writing list of installed files to '/home/rileychron111/Documents/GitHub/VRX_NUMarine/build/mpc/install.log'
[0.692s] Invoked command in '/home/rileychron111/Documents/GitHub/VRX_NUMarine/src/vrx/ros_packages/mpc' returned '0': PYTHONPATH=/home/rileychron111/Documents/GitHub/VRX_NUMarine/build/mpc/prefix_override:/home/rileychron111/Documents/GitHub/VRX_NUMarine/install/lib/python3.10/site-packages:${PYTHONPATH} /usr/bin/python3 -W ignore:setup.py install is deprecated setup.py egg_info --egg-base ../../../../build/mpc build --build-base /home/rileychron111/Documents/GitHub/VRX_NUMarine/build/mpc/build install --record /home/rileychron111/Documents/GitHub/VRX_NUMarine/build/mpc/install.log --single-version-externally-managed install_data
