[0.018s] Invoking command in '/home/numarine/Documents/GitHub/VRX_NUMarine/build/wamv_gazebo': CMAKE_PREFIX_PATH=${CMAKE_PREFIX_PATH}:/opt/ros/humble GZ_SIM_RESOURCE_PATH=/home/numarine/Documents/GitHub/VRX_NUMarine/install/share:${GZ_SIM_RESOURCE_PATH} /usr/bin/cmake --build /home/numarine/Documents/GitHub/VRX_NUMarine/build/wamv_gazebo -- -j12 -l12
[0.078s] Invoked command in '/home/numarine/Documents/GitHub/VRX_NUMarine/build/wamv_gazebo' returned '0': CMAKE_PREFIX_PATH=${CMAKE_PREFIX_PATH}:/opt/ros/humble GZ_SIM_RESOURCE_PATH=/home/numarine/Documents/GitHub/VRX_NUMarine/install/share:${GZ_SIM_RESOURCE_PATH} /usr/bin/cmake --build /home/numarine/Documents/GitHub/VRX_NUMarine/build/wamv_gazebo -- -j12 -l12
[0.107s] Invoking command in '/home/numarine/Documents/GitHub/VRX_NUMarine/build/wamv_gazebo': CMAKE_PREFIX_PATH=${CMAKE_PREFIX_PATH}:/opt/ros/humble GZ_SIM_RESOURCE_PATH=/home/numarine/Documents/GitHub/VRX_NUMarine/install/share:${GZ_SIM_RESOURCE_PATH} /usr/bin/cmake --install /home/numarine/Documents/GitHub/VRX_NUMarine/build/wamv_gazebo
[0.117s] -- Install configuration: ""
[0.117s] -- Up-to-date: /home/numarine/Documents/GitHub/VRX_NUMarine/install/share/wamv_gazebo/models
[0.117s] -- Up-to-date: /home/numarine/Documents/GitHub/VRX_NUMarine/install/share/wamv_gazebo/models/gps
[0.117s] -- Up-to-date: /home/numarine/Documents/GitHub/VRX_NUMarine/install/share/wamv_gazebo/models/gps/model.config
[0.118s] -- Up-to-date: /home/numarine/Documents/GitHub/VRX_NUMarine/install/share/wamv_gazebo/models/gps/mesh
[0.118s] -- Up-to-date: /home/numarine/Documents/GitHub/VRX_NUMarine/install/share/wamv_gazebo/models/gps/mesh/gps.png
[0.118s] -- Up-to-date: /home/numarine/Documents/GitHub/VRX_NUMarine/install/share/wamv_gazebo/models/gps/mesh/gps.dae
[0.118s] -- Up-to-date: /home/numarine/Documents/GitHub/VRX_NUMarine/install/share/wamv_gazebo/urdf
[0.119s] -- Up-to-date: /home/numarine/Documents/GitHub/VRX_NUMarine/install/share/wamv_gazebo/urdf/dynamics
[0.119s] -- Up-to-date: /home/numarine/Documents/GitHub/VRX_NUMarine/install/share/wamv_gazebo/urdf/dynamics/wamv_gazebo_dynamics_plugin.xacro
[0.119s] -- Up-to-date: /home/numarine/Documents/GitHub/VRX_NUMarine/install/share/wamv_gazebo/urdf/wamv_gazebo.xacro
[0.119s] -- Up-to-date: /home/numarine/Documents/GitHub/VRX_NUMarine/install/share/wamv_gazebo/urdf/thruster_layouts
[0.119s] -- Up-to-date: /home/numarine/Documents/GitHub/VRX_NUMarine/install/share/wamv_gazebo/urdf/thruster_layouts/wamv_x_thrusters.xacro
[0.119s] -- Up-to-date: /home/numarine/Documents/GitHub/VRX_NUMarine/install/share/wamv_gazebo/urdf/thruster_layouts/wamv_gazebo_thruster_config.xacro
[0.119s] -- Up-to-date: /home/numarine/Documents/GitHub/VRX_NUMarine/install/share/wamv_gazebo/urdf/thruster_layouts/wamv_t_thrusters.xacro
[0.119s] -- Up-to-date: /home/numarine/Documents/GitHub/VRX_NUMarine/install/share/wamv_gazebo/urdf/thruster_layouts/wamv_aft_thrusters.xacro
[0.119s] -- Up-to-date: /home/numarine/Documents/GitHub/VRX_NUMarine/install/share/wamv_gazebo/urdf/wamv_gazebo.urdf.xacro
[0.119s] -- Up-to-date: /home/numarine/Documents/GitHub/VRX_NUMarine/install/share/wamv_gazebo/urdf/components
[0.119s] -- Up-to-date: /home/numarine/Documents/GitHub/VRX_NUMarine/install/share/wamv_gazebo/urdf/components/wamv_imu.xacro
[0.120s] -- Up-to-date: /home/numarine/Documents/GitHub/VRX_NUMarine/install/share/wamv_gazebo/urdf/components/lidar.xacro
[0.120s] -- Up-to-date: /home/numarine/Documents/GitHub/VRX_NUMarine/install/share/wamv_gazebo/urdf/components/ball_shooter.xacro
[0.120s] -- Up-to-date: /home/numarine/Documents/GitHub/VRX_NUMarine/install/share/wamv_gazebo/urdf/components/wamv_planar_lidar.xacro
[0.120s] -- Up-to-date: /home/numarine/Documents/GitHub/VRX_NUMarine/install/share/wamv_gazebo/urdf/components/wamv_camera.xacro
[0.120s] -- Up-to-date: /home/numarine/Documents/GitHub/VRX_NUMarine/install/share/wamv_gazebo/urdf/components/wamv_pinger.xacro
[0.120s] -- Up-to-date: /home/numarine/Documents/GitHub/VRX_NUMarine/install/share/wamv_gazebo/urdf/components/wamv_p3d.xacro
[0.120s] -- Up-to-date: /home/numarine/Documents/GitHub/VRX_NUMarine/install/share/wamv_gazebo/urdf/components/wamv_3d_lidar.xacro
[0.121s] -- Up-to-date: /home/numarine/Documents/GitHub/VRX_NUMarine/install/share/wamv_gazebo/urdf/components/wamv_gps.xacro
[0.122s] -- Up-to-date: /home/numarine/Documents/GitHub/VRX_NUMarine/install/share/wamv_gazebo/urdf/macros.xacro
[0.122s] -- Up-to-date: /home/numarine/Documents/GitHub/VRX_NUMarine/install/share/ament_index/resource_index/package_run_dependencies/wamv_gazebo
[0.122s] -- Up-to-date: /home/numarine/Documents/GitHub/VRX_NUMarine/install/share/ament_index/resource_index/parent_prefix_path/wamv_gazebo
[0.122s] -- Up-to-date: /home/numarine/Documents/GitHub/VRX_NUMarine/install/share/wamv_gazebo/environment/ament_prefix_path.sh
[0.123s] -- Up-to-date: /home/numarine/Documents/GitHub/VRX_NUMarine/install/share/wamv_gazebo/environment/ament_prefix_path.dsv
[0.123s] -- Up-to-date: /home/numarine/Documents/GitHub/VRX_NUMarine/install/share/wamv_gazebo/environment/path.sh
[0.123s] -- Up-to-date: /home/numarine/Documents/GitHub/VRX_NUMarine/install/share/wamv_gazebo/environment/path.dsv
[0.123s] -- Up-to-date: /home/numarine/Documents/GitHub/VRX_NUMarine/install/share/wamv_gazebo/local_setup.bash
[0.123s] -- Up-to-date: /home/numarine/Documents/GitHub/VRX_NUMarine/install/share/wamv_gazebo/local_setup.sh
[0.123s] -- Up-to-date: /home/numarine/Documents/GitHub/VRX_NUMarine/install/share/wamv_gazebo/local_setup.zsh
[0.124s] -- Up-to-date: /home/numarine/Documents/GitHub/VRX_NUMarine/install/share/wamv_gazebo/local_setup.dsv
[0.124s] -- Installing: /home/numarine/Documents/GitHub/VRX_NUMarine/install/share/wamv_gazebo/package.dsv
[0.124s] -- Up-to-date: /home/numarine/Documents/GitHub/VRX_NUMarine/install/share/ament_index/resource_index/packages/wamv_gazebo
[0.124s] -- Up-to-date: /home/numarine/Documents/GitHub/VRX_NUMarine/install/share/wamv_gazebo/cmake/wamv_gazeboConfig.cmake
[0.124s] -- Up-to-date: /home/numarine/Documents/GitHub/VRX_NUMarine/install/share/wamv_gazebo/cmake/wamv_gazeboConfig-version.cmake
[0.124s] -- Up-to-date: /home/numarine/Documents/GitHub/VRX_NUMarine/install/share/wamv_gazebo/package.xml
[0.125s] Invoked command in '/home/numarine/Documents/GitHub/VRX_NUMarine/build/wamv_gazebo' returned '0': CMAKE_PREFIX_PATH=${CMAKE_PREFIX_PATH}:/opt/ros/humble GZ_SIM_RESOURCE_PATH=/home/numarine/Documents/GitHub/VRX_NUMarine/install/share:${GZ_SIM_RESOURCE_PATH} /usr/bin/cmake --install /home/numarine/Documents/GitHub/VRX_NUMarine/build/wamv_gazebo
