[0.027s] Invoking command in '/home/jain/Documents/GitHub/VRX_NUMarine/build/my_navigation_pkg': CMAKE_PREFIX_PATH=${CMAKE_PREFIX_PATH}:/opt/ros/humble /usr/bin/cmake --build /home/jain/Documents/GitHub/VRX_NUMarine/build/my_navigation_pkg -- -j8 -l8
[0.057s] -- Found ament_cmake: 1.3.9 (/opt/ros/humble/share/ament_cmake/cmake)
[0.246s] -- Found rclcpp: 16.0.9 (/opt/ros/humble/share/rclcpp/cmake)
[0.287s] -- Found rosidl_generator_c: 3.1.5 (/opt/ros/humble/share/rosidl_generator_c/cmake)
[0.291s] -- Found rosidl_adapter: 3.1.5 (/opt/ros/humble/share/rosidl_adapter/cmake)
[0.299s] -- Found rosidl_generator_cpp: 3.1.5 (/opt/ros/humble/share/rosidl_generator_cpp/cmake)
[0.315s] -- Using all available rosidl_typesupport_c: rosidl_typesupport_fastrtps_c;rosidl_typesupport_introspection_c
[0.344s] -- Using all available rosidl_typesupport_cpp: rosidl_typesupport_fastrtps_cpp;rosidl_typesupport_introspection_cpp
[0.474s] -- Found rmw_implementation_cmake: 6.1.2 (/opt/ros/humble/share/rmw_implementation_cmake/cmake)
[0.477s] -- Found rmw_fastrtps_cpp: 6.2.6 (/opt/ros/humble/share/rmw_fastrtps_cpp/cmake)
[0.662s] -- Using RMW implementation 'rmw_fastrtps_cpp' as default
[0.913s] -- Found sensor_msgs: 4.2.4 (/opt/ros/humble/share/sensor_msgs/cmake)
[1.132s] -- Found nav2_core: 1.1.15 (/opt/ros/humble/share/nav2_core/cmake)
[2.277s] -- Ensuring Eigen3 include directory is part of orocos-kdl CMake target
[4.290s] -- Found nav2_mppi_controller: 1.1.15 (/opt/ros/humble/share/nav2_mppi_controller/cmake)
[6.733s] -- Found ament_lint_auto: 0.12.11 (/opt/ros/humble/share/ament_lint_auto/cmake)
[6.816s] -- Added test 'cppcheck' to perform static code analysis on C / C++ code
[6.816s] -- Configured cppcheck include dirs: /home/jain/Documents/GitHub/VRX_NUMarine/src/vrx/ros_packages/my_navigation_pkg/include
[6.816s] -- Configured cppcheck exclude dirs and/or files: 
[6.817s] -- Added test 'flake8' to check Python code syntax and style conventions
[6.817s] -- Added test 'lint_cmake' to check CMake code style
[6.818s] -- Added test 'pep257' to check Python code against some of the docstring style conventions in PEP 257
[6.819s] -- Added test 'uncrustify' to check C / C++ code style
[6.819s] -- Configured uncrustify additional arguments: 
[6.819s] -- Added test 'xmllint' to check XML markup files
[6.820s] -- Configuring done
[6.834s] -- Generating done
[6.837s] -- Build files have been written to: /home/jain/Documents/GitHub/VRX_NUMarine/build/my_navigation_pkg
[6.869s] [35m[1mConsolidate compiler generated dependencies of target gps_to_ned_node[0m
[6.890s] [ 50%] [32mBuilding CXX object CMakeFiles/gps_to_ned_node.dir/src/gps_to_ned_node.cpp.o[0m
[13.176s] In file included from [01m[K/usr/include/x86_64-linux-gnu/c++/11/bits/c++allocator.h:33[m[K,
[13.176s]                  from [01m[K/usr/include/c++/11/bits/allocator.h:46[m[K,
[13.177s]                  from [01m[K/usr/include/c++/11/memory:64[m[K,
[13.177s]                  from [01m[K/home/jain/Documents/GitHub/VRX_NUMarine/src/vrx/ros_packages/my_navigation_pkg/include/my_navigation_pkg/gps_to_ned.hpp:4[m[K,
[13.177s]                  from [01m[K/home/jain/Documents/GitHub/VRX_NUMarine/src/vrx/ros_packages/my_navigation_pkg/src/gps_to_ned_node.cpp:1[m[K:
[13.177s] /usr/include/c++/11/ext/new_allocator.h: In instantiation of ‘[01m[Kvoid __gnu_cxx::new_allocator<_Tp>::construct(_Up*, _Args&& ...) [with _Up = my_navigation_pkg::GPSToNED; _Args = {const rclcpp::NodeOptions&}; _Tp = my_navigation_pkg::GPSToNED][m[K’:
[13.177s] [01m[K/usr/include/c++/11/bits/alloc_traits.h:516:17:[m[K   required from ‘[01m[Kstatic void std::allocator_traits<std::allocator<_Tp1> >::construct(std::allocator_traits<std::allocator<_Tp1> >::allocator_type&, _Up*, _Args&& ...) [with _Up = my_navigation_pkg::GPSToNED; _Args = {const rclcpp::NodeOptions&}; _Tp = my_navigation_pkg::GPSToNED; std::allocator_traits<std::allocator<_Tp1> >::allocator_type = std::allocator<my_navigation_pkg::GPSToNED>][m[K’
[13.177s] [01m[K/usr/include/c++/11/bits/shared_ptr_base.h:519:39:[m[K   required from ‘[01m[Kstd::_Sp_counted_ptr_inplace<_Tp, _Alloc, _Lp>::_Sp_counted_ptr_inplace(_Alloc, _Args&& ...) [with _Args = {const rclcpp::NodeOptions&}; _Tp = my_navigation_pkg::GPSToNED; _Alloc = std::allocator<my_navigation_pkg::GPSToNED>; __gnu_cxx::_Lock_policy _Lp = __gnu_cxx::_S_atomic][m[K’
[13.177s] [01m[K/usr/include/c++/11/bits/shared_ptr_base.h:650:16:[m[K   required from ‘[01m[Kstd::__shared_count<_Lp>::__shared_count(_Tp*&, std::_Sp_alloc_shared_tag<_Alloc>, _Args&& ...) [with _Tp = my_navigation_pkg::GPSToNED; _Alloc = std::allocator<my_navigation_pkg::GPSToNED>; _Args = {const rclcpp::NodeOptions&}; __gnu_cxx::_Lock_policy _Lp = __gnu_cxx::_S_atomic][m[K’
[13.178s] [01m[K/usr/include/c++/11/bits/shared_ptr_base.h:1342:14:[m[K   required from ‘[01m[Kstd::__shared_ptr<_Tp, _Lp>::__shared_ptr(std::_Sp_alloc_shared_tag<_Tp>, _Args&& ...) [with _Alloc = std::allocator<my_navigation_pkg::GPSToNED>; _Args = {const rclcpp::NodeOptions&}; _Tp = my_navigation_pkg::GPSToNED; __gnu_cxx::_Lock_policy _Lp = __gnu_cxx::_S_atomic][m[K’
[13.178s] [01m[K/usr/include/c++/11/bits/shared_ptr.h:409:59:[m[K   required from ‘[01m[Kstd::shared_ptr<_Tp>::shared_ptr(std::_Sp_alloc_shared_tag<_Tp>, _Args&& ...) [with _Alloc = std::allocator<my_navigation_pkg::GPSToNED>; _Args = {const rclcpp::NodeOptions&}; _Tp = my_navigation_pkg::GPSToNED][m[K’
[13.178s] [01m[K/usr/include/c++/11/bits/shared_ptr.h:862:14:[m[K   required from ‘[01m[Kstd::shared_ptr<_Tp> std::allocate_shared(const _Alloc&, _Args&& ...) [with _Tp = my_navigation_pkg::GPSToNED; _Alloc = std::allocator<my_navigation_pkg::GPSToNED>; _Args = {const rclcpp::NodeOptions&}][m[K’
[13.178s] [01m[K/usr/include/c++/11/bits/shared_ptr.h:878:39:[m[K   required from ‘[01m[Kstd::shared_ptr<_Tp> std::make_shared(_Args&& ...) [with _Tp = my_navigation_pkg::GPSToNED; _Args = {const rclcpp::NodeOptions&}][m[K’
[13.178s] [01m[K/opt/ros/humble/include/rclcpp_components/rclcpp_components/node_factory_template.hpp:45:40:[m[K   required from ‘[01m[Krclcpp_components::NodeInstanceWrapper rclcpp_components::NodeFactoryTemplate<NodeT>::create_node_instance(const rclcpp::NodeOptions&) [with NodeT = my_navigation_pkg::GPSToNED][m[K’
[13.178s] [01m[K/opt/ros/humble/include/rclcpp_components/rclcpp_components/node_factory_template.hpp:43:3:[m[K   required from here
[13.178s] [01m[K/usr/include/c++/11/ext/new_allocator.h:162:11:[m[K [01;31m[Kerror: [m[Kno matching function for call to ‘[01m[Kmy_navigation_pkg::GPSToNED::GPSToNED(const rclcpp::NodeOptions&)[m[K’
[13.178s]   162 |         { [01;31m[K::new((void *)__p) _Up(std::forward<_Args>(__args)...)[m[K; }
[13.179s]       |           [01;31m[K^~~~~~~~~~~~~~~~~~~~~~~~~~~~~~~~~~~~~~~~~~~~~~~~~~~~~~[m[K
[13.179s] [01m[K/home/jain/Documents/GitHub/VRX_NUMarine/src/vrx/ros_packages/my_navigation_pkg/src/gps_to_ned_node.cpp:5:1:[m[K [01;36m[Knote: [m[Kcandidate: ‘[01m[Kmy_navigation_pkg::GPSToNED::GPSToNED()[m[K’
[13.179s]     5 | [01;36m[KGPSToNED[m[K::GPSToNED()
[13.179s]       | [01;36m[K^~~~~~~~[m[K
[13.179s] [01m[K/home/jain/Documents/GitHub/VRX_NUMarine/src/vrx/ros_packages/my_navigation_pkg/src/gps_to_ned_node.cpp:5:1:[m[K [01;36m[Knote: [m[K  candidate expects 0 arguments, 1 provided
[13.772s] gmake[2]: *** [CMakeFiles/gps_to_ned_node.dir/build.make:76: CMakeFiles/gps_to_ned_node.dir/src/gps_to_ned_node.cpp.o] Error 1
[13.773s] gmake[1]: *** [CMakeFiles/Makefile2:137: CMakeFiles/gps_to_ned_node.dir/all] Error 2
[13.773s] gmake: *** [Makefile:146: all] Error 2
[13.775s] Invoked command in '/home/jain/Documents/GitHub/VRX_NUMarine/build/my_navigation_pkg' returned '2': CMAKE_PREFIX_PATH=${CMAKE_PREFIX_PATH}:/opt/ros/humble /usr/bin/cmake --build /home/jain/Documents/GitHub/VRX_NUMarine/build/my_navigation_pkg -- -j8 -l8
