[0.055s] Invoking command in '/home/numarine/Documents/GitHub/VRX_NUMarine/build/vrx_ros': CMAKE_PREFIX_PATH=${CMAKE_PREFIX_PATH}:/opt/ros/humble /usr/bin/cmake --build /home/numarine/Documents/GitHub/VRX_NUMarine/build/vrx_ros -- -j12 -l12
[0.155s] [ 50%] Built target pose_tf_broadcaster
[0.158s] [100%] Built target optical_frame_publisher
[0.197s] Invoked command in '/home/numarine/Documents/GitHub/VRX_NUMarine/build/vrx_ros' returned '0': CMAKE_PREFIX_PATH=${CMAKE_PREFIX_PATH}:/opt/ros/humble /usr/bin/cmake --build /home/numarine/Documents/GitHub/VRX_NUMarine/build/vrx_ros -- -j12 -l12
[0.246s] Invoking command in '/home/numarine/Documents/GitHub/VRX_NUMarine/build/vrx_ros': CMAKE_PREFIX_PATH=${CMAKE_PREFIX_PATH}:/opt/ros/humble /usr/bin/cmake --install /home/numarine/Documents/GitHub/VRX_NUMarine/build/vrx_ros
[0.264s] -- Install configuration: ""
[0.266s] -- Up-to-date: /home/numarine/Documents/GitHub/VRX_NUMarine/install/lib/vrx_ros/optical_frame_publisher
[0.267s] -- Up-to-date: /home/numarine/Documents/GitHub/VRX_NUMarine/install/lib/vrx_ros/pose_tf_broadcaster
[0.267s] -- Up-to-date: /home/numarine/Documents/GitHub/VRX_NUMarine/install/share/vrx_ros/launch
[0.268s] -- Up-to-date: /home/numarine/Documents/GitHub/VRX_NUMarine/install/share/vrx_ros/launch/monitor_sim.py
[0.268s] -- Up-to-date: /home/numarine/Documents/GitHub/VRX_NUMarine/install/share/ament_index/resource_index/package_run_dependencies/vrx_ros
[0.268s] -- Up-to-date: /home/numarine/Documents/GitHub/VRX_NUMarine/install/share/ament_index/resource_index/parent_prefix_path/vrx_ros
[0.268s] -- Up-to-date: /home/numarine/Documents/GitHub/VRX_NUMarine/install/share/vrx_ros/environment/ament_prefix_path.sh
[0.268s] -- Up-to-date: /home/numarine/Documents/GitHub/VRX_NUMarine/install/share/vrx_ros/environment/ament_prefix_path.dsv
[0.268s] -- Up-to-date: /home/numarine/Documents/GitHub/VRX_NUMarine/install/share/vrx_ros/environment/path.sh
[0.269s] -- Up-to-date: /home/numarine/Documents/GitHub/VRX_NUMarine/install/share/vrx_ros/environment/path.dsv
[0.269s] -- Up-to-date: /home/numarine/Documents/GitHub/VRX_NUMarine/install/share/vrx_ros/local_setup.bash
[0.270s] -- Up-to-date: /home/numarine/Documents/GitHub/VRX_NUMarine/install/share/vrx_ros/local_setup.sh
[0.270s] -- Up-to-date: /home/numarine/Documents/GitHub/VRX_NUMarine/install/share/vrx_ros/local_setup.zsh
[0.270s] -- Up-to-date: /home/numarine/Documents/GitHub/VRX_NUMarine/install/share/vrx_ros/local_setup.dsv
[0.273s] -- Installing: /home/numarine/Documents/GitHub/VRX_NUMarine/install/share/vrx_ros/package.dsv
[0.274s] -- Up-to-date: /home/numarine/Documents/GitHub/VRX_NUMarine/install/share/ament_index/resource_index/packages/vrx_ros
[0.274s] -- Up-to-date: /home/numarine/Documents/GitHub/VRX_NUMarine/install/share/vrx_ros/cmake/vrx_rosConfig.cmake
[0.274s] -- Up-to-date: /home/numarine/Documents/GitHub/VRX_NUMarine/install/share/vrx_ros/cmake/vrx_rosConfig-version.cmake
[0.275s] -- Up-to-date: /home/numarine/Documents/GitHub/VRX_NUMarine/install/share/vrx_ros/package.xml
[0.278s] Invoked command in '/home/numarine/Documents/GitHub/VRX_NUMarine/build/vrx_ros' returned '0': CMAKE_PREFIX_PATH=${CMAKE_PREFIX_PATH}:/opt/ros/humble /usr/bin/cmake --install /home/numarine/Documents/GitHub/VRX_NUMarine/build/vrx_ros
