[0.005s] Invoking command in '/home/rileychron111/Documents/GitHub/VRX_NUMarine/build/vrx_gz': AMENT_PREFIX_PATH=/home/rileychron111/Documents/GitHub/VRX_NUMarine/install:${AMENT_PREFIX_PATH} CMAKE_PREFIX_PATH=/home/rileychron111/Documents/GitHub/VRX_NUMarine/install:/opt/ros/humble LD_LIBRARY_PATH=/home/rileychron111/Documents/GitHub/VRX_NUMarine/install/lib:${LD_LIBRARY_PATH} /usr/bin/cmake /home/rileychron111/Documents/GitHub/VRX_NUMarine/src/vrx/ros_packages/vrx_gz -DCMAKE_INSTALL_PREFIX=/home/rileychron111/Documents/GitHub/VRX_NUMarine/install
[0.033s] -- The C compiler identification is GNU 11.4.0
[0.063s] -- The CXX compiler identification is GNU 11.4.0
[0.067s] -- Detecting C compiler ABI info
[0.104s] -- Detecting C compiler ABI info - done
[0.108s] -- Check for working C compiler: /usr/bin/cc - skipped
[0.108s] -- Detecting C compile features
[0.108s] -- Detecting C compile features - done
[0.110s] -- Detecting CXX compiler ABI info
[0.153s] -- Detecting CXX compiler ABI info - done
[0.156s] -- Check for working CXX compiler: /usr/bin/c++ - skipped
[0.156s] -- Detecting CXX compile features
[0.157s] -- Detecting CXX compile features - done
[0.158s] -- Found ament_cmake: 1.3.9 (/opt/ros/humble/share/ament_cmake/cmake)
[0.239s] -- Found Python3: /usr/bin/python3 (found version "3.10.12") found components: Interpreter 
[0.284s] -- Looking for gz-sim7 -- found version 7.7.0
[0.288s] -- Searching for dependencies of gz-sim7
[0.289s] -- Looking for sdformat13 -- found version 13.8.0
[0.289s] -- Searching for dependencies of sdformat13
[0.292s] -- Checking for module 'tinyxml2'
[0.298s] --   Found tinyxml2, version 9.0.0
[0.316s] -- Looking for gz-math7 -- found version 7.5.0
[0.316s] -- Searching for dependencies of gz-math7
[0.317s] -- Looking for gz-utils2 -- found version 2.2.0
[0.317s] -- Searching for dependencies of gz-utils2
[0.318s] -- Looking for gz-utils2 -- found version 2.2.0
[0.318s] -- Searching for dependencies of gz-utils2
[0.318s] -- Searching for <gz-utils2> component [cli]
[0.319s] -- Looking for gz-utils2-cli -- found version 2.2.0
[0.319s] -- Searching for dependencies of gz-utils2-cli
[0.321s] -- Looking for gz-plugin2 -- found version 2.0.3
[0.321s] -- Searching for dependencies of gz-plugin2
[0.321s] -- Looking for gz-utils2 -- found version 2.2.0
[0.321s] -- Searching for <gz-plugin2> component [loader]
[0.322s] -- Looking for gz-plugin2-loader -- found version 2.0.3
[0.322s] -- Searching for dependencies of gz-plugin2-loader
[0.322s] -- Searching for <gz-plugin2> component [register]
[0.323s] -- Looking for gz-plugin2-register -- found version 2.0.3
[0.324s] -- Searching for dependencies of gz-plugin2-register
[0.325s] -- Looking for gz-transport12 -- found version 12.2.1
[0.325s] -- Searching for dependencies of gz-transport12
[0.417s] -- Found Protobuf: /usr/lib/x86_64-linux-gnu/libprotobuf.so (found version "3.12.4") 
[0.423s] -- Config-file not installed for ZeroMQ -- checking for pkg-config
[0.425s] -- Checking for module 'libzmq >= 4'
[0.432s] --   Found libzmq , version 4.3.4
[0.450s] -- Found ZeroMQ: TRUE (Required is at least version "4") 
[0.453s] -- Checking for module 'uuid'
[0.459s] --   Found uuid, version 2.37.2
[0.475s] -- Found UUID: TRUE  
[0.475s] -- Looking for gz-utils2 -- found version 2.2.0
[0.476s] -- Looking for gz-msgs9 -- found version 9.5.0
[0.476s] -- Searching for dependencies of gz-msgs9
[0.486s] -- Looking for gz-math7 -- found version 7.5.0
[0.490s] -- Searching for <gz-transport12> component [log]
[0.491s] -- Looking for gz-transport12-log -- found version 12.2.1
[0.491s] -- Searching for dependencies of gz-transport12-log
[0.491s] -- Searching for <gz-transport12> component [parameters]
[0.492s] -- Looking for gz-transport12-parameters -- found version 12.2.1
[0.492s] -- Searching for dependencies of gz-transport12-parameters
[0.493s] -- Looking for gz-msgs9 -- found version 9.5.0
[0.493s] -- Looking for gz-common5 -- found version 5.6.0
[0.494s] -- Searching for dependencies of gz-common5
[0.494s] -- Looking for gz-utils2 -- found version 2.2.0
[0.494s] -- Looking for dlfcn.h - found
[0.494s] -- Looking for libdl - found
[0.495s] -- Found DL: TRUE  
[0.499s] -- Searching for <gz-common5> component [profiler]
[0.500s] -- Looking for gz-common5-profiler -- found version 5.6.0
[0.500s] -- Searching for dependencies of gz-common5-profiler
[0.500s] -- Searching for <gz-common5> component [events]
[0.501s] -- Looking for gz-common5-events -- found version 5.6.0
[0.501s] -- Searching for dependencies of gz-common5-events
[0.502s] -- Looking for gz-math7 -- found version 7.5.0
[0.502s] -- Searching for <gz-common5> component [av]
[0.503s] -- Looking for gz-common5-av -- found version 5.6.0
[0.503s] -- Searching for dependencies of gz-common5-av
[0.507s] -- Checking for module 'libswscale'
[0.513s] --   Found libswscale, version 5.9.100
[0.530s] -- Found SWSCALE: TRUE  
[0.532s] -- Checking for module 'libavdevice >= 56.4.100'
[0.539s] --   Found libavdevice , version 58.13.100
[0.557s] -- Found AVDEVICE: TRUE (Required is at least version "56.4.100") 
[0.559s] -- Checking for module 'libavformat'
[0.566s] --   Found libavformat, version 58.76.100
[0.582s] -- Found AVFORMAT: TRUE  
[0.585s] -- Checking for module 'libavcodec'
[0.591s] --   Found libavcodec, version 58.134.100
[0.610s] -- Found AVCODEC: TRUE  
[0.612s] -- Checking for module 'libavutil'
[0.619s] --   Found libavutil, version 56.70.100
[0.635s] -- Found AVUTIL: TRUE  
[0.635s] -- Searching for <gz-common5> component [io]
[0.636s] -- Looking for gz-common5-io -- found version 5.6.0
[0.636s] -- Searching for dependencies of gz-common5-io
[0.638s] -- Looking for gz-fuel_tools8 -- found version 8.1.0
[0.638s] -- Searching for dependencies of gz-fuel_tools8
[0.679s] -- Found CURL: /usr/lib/x86_64-linux-gnu/libcurl.so (found version "7.81.0")  
[0.683s] -- Checking for module 'jsoncpp'
[0.690s] --   Found jsoncpp, version 1.9.5
[0.708s] -- Found JSONCPP: TRUE  
[0.711s] -- Checking for module 'libzip'
[0.718s] --   Found libzip, version 1.7.3
[0.734s] -- Found ZIP: TRUE  
[0.734s] -- Looking for gz-utils2 -- found version 2.2.0
[0.734s] -- Looking for gz-common5 -- found version 5.6.0
[0.734s] -- Searching for dependencies of gz-common5
[0.735s] -- Looking for gz-utils2 -- found version 2.2.0
[0.735s] -- Looking for dlfcn.h - found
[0.735s] -- Looking for libdl - found
[0.739s] -- Searching for <gz-common5> component [testing]
[0.740s] -- Looking for gz-common5-testing -- found version 5.6.0
[0.740s] -- Searching for dependencies of gz-common5-testing
[0.741s] -- Looking for gz-math7 -- found version 7.5.0
[0.741s] -- Looking for gz-msgs9 -- found version 9.5.0
[0.742s] -- Looking for gz-gui7 -- found version 7.2.2
[0.742s] -- Searching for dependencies of gz-gui7
[0.756s] -- Looking for gz-utils2 -- found version 2.2.0
[0.756s] -- Looking for gz-math7 -- found version 7.5.0
[0.756s] -- Looking for gz-common5 -- found version 5.6.0
[0.756s] -- Looking for gz-plugin2 -- found version 2.0.3
[0.756s] -- Looking for gz-transport12 -- found version 12.2.1
[0.757s] -- Looking for gz-rendering7 -- found version 7.4.2
[0.758s] -- Searching for dependencies of gz-rendering7
[0.758s] -- Looking for gz-math7 -- found version 7.5.0
[0.758s] -- Searching for dependencies of gz-math7
[0.758s] -- Looking for gz-utils2 -- found version 2.2.0
[0.758s] -- Searching for <gz-math7> component [eigen3]
[0.759s] -- Looking for gz-math7-eigen3 -- found version 7.5.0
[0.759s] -- Searching for dependencies of gz-math7-eigen3
[0.764s] -- Looking for gz-common5 -- found version 5.6.0
[0.764s] -- Searching for dependencies of gz-common5
[0.764s] -- Looking for gz-utils2 -- found version 2.2.0
[0.764s] -- Looking for dlfcn.h - found
[0.764s] -- Looking for libdl - found
[0.768s] -- Searching for <gz-common5> component [graphics]
[0.769s] -- Looking for gz-common5-graphics -- found version 5.6.0
[0.770s] -- Searching for dependencies of gz-common5-graphics
[0.770s] -- Looking for gz-math7 -- found version 7.5.0
[0.774s] -- Found GzAssimp: TRUE (found version "5.2.0") 
[0.774s] -- Searching for <gz-common5> component [events]
[0.775s] -- Searching for <gz-common5> component [geospatial]
[0.776s] -- Looking for gz-common5-geospatial -- found version 5.6.0
[0.776s] -- Searching for dependencies of gz-common5-geospatial
[0.776s] -- Looking for gz-math7 -- found version 7.5.0
[0.776s] -- Looking for gz-common5 -- found version 5.6.0
[0.777s] -- Looking for gz-plugin2 -- found version 2.0.3
[0.777s] -- Searching for dependencies of gz-plugin2
[0.777s] -- Looking for gz-utils2 -- found version 2.2.0
[0.777s] -- Searching for <gz-plugin2> component [all]
[0.778s] -- Looking for all libraries of gz-plugin2 -- found version 2.0.3
[0.779s] -- Looking for gz-plugin2 -- found version 2.0.3
[0.780s] -- Looking for gz-utils2 -- found version 2.2.0
[0.782s] -- Found OpenGL: /usr/lib/x86_64-linux-gnu/libOpenGL.so  found components: OpenGL 
[0.783s] -- Looking for gz-msgs9 -- found version 9.5.0
[0.793s] -- Looking for gz-physics6 -- found version 6.6.0
[0.793s] -- Searching for dependencies of gz-physics6
[0.793s] -- Looking for gz-common5 -- found version 5.6.0
[0.793s] -- Looking for gz-math7 -- found version 7.5.0
[0.794s] -- Looking for gz-plugin2 -- found version 2.0.3
[0.794s] -- Looking for gz-utils2 -- found version 2.2.0
[0.794s] -- Searching for <gz-physics6> component [heightmap]
[0.795s] -- Looking for gz-physics6-heightmap -- found version 6.6.0
[0.795s] -- Searching for dependencies of gz-physics6-heightmap
[0.796s] -- Looking for gz-common5 -- found version 5.6.0
[0.796s] -- Searching for <gz-physics6> component [mesh]
[0.797s] -- Looking for gz-physics6-mesh -- found version 6.6.0
[0.797s] -- Searching for dependencies of gz-physics6-mesh
[0.797s] -- Looking for gz-common5 -- found version 5.6.0
[0.797s] -- Searching for <gz-physics6> component [sdf]
[0.798s] -- Looking for gz-physics6-sdf -- found version 6.6.0
[0.798s] -- Searching for dependencies of gz-physics6-sdf
[0.799s] -- Looking for sdformat13 -- found version 13.8.0
[0.800s] -- Looking for gz-sensors7 -- found version 7.3.0
[0.800s] -- Searching for dependencies of gz-sensors7
[0.812s] -- Looking for gz-math7 -- found version 7.5.0
[0.812s] -- Looking for gz-common5 -- found version 5.6.0
[0.812s] -- Looking for gz-transport12 -- found version 12.2.1
[0.813s] -- Looking for gz-rendering7 -- found version 7.4.2
[0.813s] -- Looking for gz-msgs9 -- found version 9.5.0
[0.813s] -- Looking for sdformat13 -- found version 13.8.0
[0.813s] -- Searching for <gz-sensors7> component [air_pressure]
[0.814s] -- Looking for gz-sensors7-air_pressure -- found version 7.3.0
[0.814s] -- Searching for dependencies of gz-sensors7-air_pressure
[0.815s] -- Searching for <gz-sensors7> component [air_speed]
[0.816s] -- Looking for gz-sensors7-air_speed -- found version 7.3.0
[0.816s] -- Searching for dependencies of gz-sensors7-air_speed
[0.816s] -- Searching for <gz-sensors7> component [altimeter]
[0.817s] -- Looking for gz-sensors7-altimeter -- found version 7.3.0
[0.817s] -- Searching for dependencies of gz-sensors7-altimeter
[0.817s] -- Searching for <gz-sensors7> component [imu]
[0.818s] -- Looking for gz-sensors7-imu -- found version 7.3.0
[0.819s] -- Searching for dependencies of gz-sensors7-imu
[0.819s] -- Searching for <gz-sensors7> component [force_torque]
[0.820s] -- Looking for gz-sensors7-force_torque -- found version 7.3.0
[0.820s] -- Searching for dependencies of gz-sensors7-force_torque
[0.820s] -- Searching for <gz-sensors7> component [logical_camera]
[0.821s] -- Looking for gz-sensors7-logical_camera -- found version 7.3.0
[0.821s] -- Searching for dependencies of gz-sensors7-logical_camera
[0.822s] -- Searching for <gz-sensors7> component [magnetometer]
[0.822s] -- Looking for gz-sensors7-magnetometer -- found version 7.3.0
[0.823s] -- Searching for dependencies of gz-sensors7-magnetometer
[0.823s] -- Searching for <gz-sensors7> component [navsat]
[0.824s] -- Looking for gz-sensors7-navsat -- found version 7.3.0
[0.824s] -- Searching for dependencies of gz-sensors7-navsat
[0.824s] -- Searching for <gz-sensors7> component [rendering]
[0.825s] -- Looking for gz-sensors7-rendering -- found version 7.3.0
[0.825s] -- Searching for dependencies of gz-sensors7-rendering
[0.826s] -- Searching for <gz-sensors7> component [lidar]
[0.826s] -- Looking for gz-sensors7-lidar -- found version 7.3.0
[0.827s] -- Searching for dependencies of gz-sensors7-lidar
[0.827s] -- Looking for gz-sensors7 -- found version 7.3.0
[0.827s] -- Searching for <gz-sensors7> component [gpu_lidar]
[0.828s] -- Looking for gz-sensors7-gpu_lidar -- found version 7.3.0
[0.828s] -- Searching for dependencies of gz-sensors7-gpu_lidar
[0.829s] -- Looking for gz-sensors7 -- found version 7.3.0
[0.829s] -- Searching for <gz-sensors7> component [camera]
[0.830s] -- Looking for gz-sensors7-camera -- found version 7.3.0
[0.830s] -- Searching for dependencies of gz-sensors7-camera
[0.830s] -- Looking for gz-sensors7 -- found version 7.3.0
[0.830s] -- Searching for <gz-sensors7> component [boundingbox_camera]
[0.831s] -- Looking for gz-sensors7-boundingbox_camera -- found version 7.3.0
[0.832s] -- Searching for dependencies of gz-sensors7-boundingbox_camera
[0.832s] -- Searching for <gz-sensors7> component [segmentation_camera]
[0.833s] -- Looking for gz-sensors7-segmentation_camera -- found version 7.3.0
[0.833s] -- Searching for dependencies of gz-sensors7-segmentation_camera
[0.833s] -- Searching for <gz-sensors7> component [depth_camera]
[0.834s] -- Looking for gz-sensors7-depth_camera -- found version 7.3.0
[0.834s] -- Searching for dependencies of gz-sensors7-depth_camera
[0.835s] -- Looking for gz-sensors7 -- found version 7.3.0
[0.835s] -- Searching for <gz-sensors7> component [rgbd_camera]
[0.836s] -- Looking for gz-sensors7-rgbd_camera -- found version 7.3.0
[0.836s] -- Searching for dependencies of gz-sensors7-rgbd_camera
[0.836s] -- Looking for gz-sensors7 -- found version 7.3.0
[0.836s] -- Searching for <gz-sensors7> component [thermal_camera]
[0.837s] -- Looking for gz-sensors7-thermal_camera -- found version 7.3.0
[0.838s] -- Searching for dependencies of gz-sensors7-thermal_camera
[0.838s] -- Looking for gz-sensors7 -- found version 7.3.0
[0.838s] -- Searching for <gz-sensors7> component [wide_angle_camera]
[0.839s] -- Looking for gz-sensors7-wide_angle_camera -- found version 7.3.0
[0.839s] -- Searching for dependencies of gz-sensors7-wide_angle_camera
[0.840s] -- Looking for gz-rendering7 -- found version 7.4.2
[0.840s] -- Looking for gz-math7 -- found version 7.5.0
[0.840s] -- Looking for gz-utils2 -- found version 2.2.0
[0.852s] -- Looking for gz-common5 -- found version 5.6.0
[0.852s] -- Looking for gz-fuel_tools8 -- found version 8.1.0
[0.852s] -- Looking for gz-math7 -- found version 7.5.0
[0.852s] -- Looking for gz-msgs9 -- found version 9.5.0
[0.852s] -- Looking for gz-transport12 -- found version 12.2.1
[0.852s] -- Looking for gz-plugin2 -- found version 2.0.3
[0.853s] -- Looking for gz-rendering7 -- found version 7.4.2
[0.853s] -- Looking for gz-sensors7 -- found version 7.3.0
[0.853s] -- Looking for gz-utils2 -- found version 2.2.0
[0.853s] -- Looking for sdformat13 -- found version 13.8.0
[0.854s] -- Found std_msgs: 4.2.4 (/opt/ros/humble/share/std_msgs/cmake)
[0.869s] -- Found rosidl_generator_c: 3.1.5 (/opt/ros/humble/share/rosidl_generator_c/cmake)
[0.871s] -- Found rosidl_adapter: 3.1.5 (/opt/ros/humble/share/rosidl_adapter/cmake)
[0.875s] -- Found rosidl_generator_cpp: 3.1.5 (/opt/ros/humble/share/rosidl_generator_cpp/cmake)
[0.882s] -- Using all available rosidl_typesupport_c: rosidl_typesupport_fastrtps_c;rosidl_typesupport_introspection_c
[0.892s] -- Using all available rosidl_typesupport_cpp: rosidl_typesupport_fastrtps_cpp;rosidl_typesupport_introspection_cpp
[1.002s] -- Configuring done
[1.045s] -- Generating done
[1.046s] -- Build files have been written to: /home/rileychron111/Documents/GitHub/VRX_NUMarine/build/vrx_gz
[1.054s] Invoked command in '/home/rileychron111/Documents/GitHub/VRX_NUMarine/build/vrx_gz' returned '0': AMENT_PREFIX_PATH=/home/rileychron111/Documents/GitHub/VRX_NUMarine/install:${AMENT_PREFIX_PATH} CMAKE_PREFIX_PATH=/home/rileychron111/Documents/GitHub/VRX_NUMarine/install:/opt/ros/humble LD_LIBRARY_PATH=/home/rileychron111/Documents/GitHub/VRX_NUMarine/install/lib:${LD_LIBRARY_PATH} /usr/bin/cmake /home/rileychron111/Documents/GitHub/VRX_NUMarine/src/vrx/ros_packages/vrx_gz -DCMAKE_INSTALL_PREFIX=/home/rileychron111/Documents/GitHub/VRX_NUMarine/install
[1.056s] Invoking command in '/home/rileychron111/Documents/GitHub/VRX_NUMarine/build/vrx_gz': AMENT_PREFIX_PATH=/home/rileychron111/Documents/GitHub/VRX_NUMarine/install:${AMENT_PREFIX_PATH} CMAKE_PREFIX_PATH=/home/rileychron111/Documents/GitHub/VRX_NUMarine/install:/opt/ros/humble LD_LIBRARY_PATH=/home/rileychron111/Documents/GitHub/VRX_NUMarine/install/lib:${LD_LIBRARY_PATH} /usr/bin/cmake --build /home/rileychron111/Documents/GitHub/VRX_NUMarine/build/vrx_gz -- -j12 -l12
[1.083s] [  4%] [32mBuilding CXX object CMakeFiles/ScoringPlugin.dir/src/ScoringPlugin.cc.o[0m
[1.083s] [  4%] [32mBuilding CXX object CMakeFiles/Waves.dir/src/Wavefield.cc.o[0m
[1.089s] [  4%] Built target ament_cmake_python_copy_vrx_gz
[1.204s] running egg_info
[1.204s] creating vrx_gz.egg-info
[1.205s] writing vrx_gz.egg-info/PKG-INFO
[1.205s] writing dependency_links to vrx_gz.egg-info/dependency_links.txt
[1.205s] writing top-level names to vrx_gz.egg-info/top_level.txt
[1.205s] writing manifest file 'vrx_gz.egg-info/SOURCES.txt'
[1.206s] reading manifest file 'vrx_gz.egg-info/SOURCES.txt'
[1.206s] writing manifest file 'vrx_gz.egg-info/SOURCES.txt'
[1.222s] [  4%] Built target ament_cmake_python_build_vrx_gz_egg
[2.936s] [  6%] [32m[1mLinking CXX shared library libWaves.so[0m
[3.064s] [  6%] Built target Waves
[3.076s] [  8%] [32mBuilding CXX object CMakeFiles/PolyhedraBuoyancyDrag.dir/src/PolyhedraBuoyancyDrag.cc.o[0m
[3.076s] [ 10%] [32mBuilding CXX object CMakeFiles/PolyhedraBuoyancyDrag.dir/src/PolyhedronVolume.cc.o[0m
[3.076s] [ 12%] [32mBuilding CXX object CMakeFiles/PolyhedraBuoyancyDrag.dir/src/ShapeVolume.cc.o[0m
[3.670s] [ 14%] [32m[1mLinking CXX shared library libScoringPlugin.so[0m
[3.830s] [ 14%] Built target ScoringPlugin
[3.844s] [ 16%] [32mBuilding CXX object CMakeFiles/AcousticPingerPlugin.dir/src/AcousticPingerPlugin.cc.o[0m
[3.844s] [ 20%] [32mBuilding CXX object CMakeFiles/StationkeepingScoringPlugin.dir/src/StationkeepingScoringPlugin.cc.o[0m
[3.845s] [ 20%] [32mBuilding CXX object CMakeFiles/BallShooterPlugin.dir/src/BallShooterPlugin.cc.o[0m
[3.845s] [ 25%] [32mBuilding CXX object CMakeFiles/GymkhanaScoringPlugin.dir/src/GymkhanaScoringPlugin.cc.o[0m
[3.845s] [ 25%] [32mBuilding CXX object CMakeFiles/WayfindingScoringPlugin.dir/src/WayfindingScoringPlugin.cc.o[0m
[3.845s] [ 27%] [32mBuilding CXX object CMakeFiles/AcousticPerceptionScoringPlugin.dir/src/AcousticPerceptionScoringPlugin.cc.o[0m
[3.846s] [ 29%] [32mBuilding CXX object CMakeFiles/LightBuoyPlugin.dir/src/LightBuoyPlugin.cc.o[0m
[3.846s] [ 31%] [32mBuilding CXX object CMakeFiles/NavigationScoringPlugin.dir/src/NavigationScoringPlugin.cc.o[0m
[3.846s] [ 33%] [32mBuilding CXX object CMakeFiles/AcousticTrackingScoringPlugin.dir/src/AcousticTrackingScoringPlugin.cc.o[0m
[3.850s] [ 35%] [32mBuilding CXX object CMakeFiles/PerceptionScoringPlugin.dir/src/PerceptionScoringPlugin.cc.o[0m
[4.096s] [ 37%] [32mBuilding CXX object CMakeFiles/WayfindingScoringPlugin.dir/src/WaypointMarkers.cc.o[0m
[8.166s] [ 39%] [32m[1mLinking CXX shared library libLightBuoyPlugin.so[0m
[8.423s] [ 39%] Built target LightBuoyPlugin
[8.440s] [ 41%] [32mBuilding CXX object CMakeFiles/PlacardPlugin.dir/src/PlacardPlugin.cc.o[0m
[8.649s] [ 43%] [32mBuilding CXX object CMakeFiles/PublisherPlugin.dir/src/PublisherPlugin.cc.o[0m
[8.893s] [ 45%] [32m[1mLinking CXX shared library libPolyhedraBuoyancyDrag.so[0m
[8.940s] [ 47%] [32m[1mLinking CXX shared library libGymkhanaScoringPlugin.so[0m
[9.225s] [ 47%] Built target PolyhedraBuoyancyDrag
[9.256s] [ 47%] Built target GymkhanaScoringPlugin
[9.257s] [ 50%] [32mBuilding CXX object CMakeFiles/ScanDockScoringPlugin.dir/src/ScanDockScoringPlugin.cc.o[0m
[9.273s] [ 52%] [32mBuilding CXX object CMakeFiles/SimpleHydrodynamics.dir/src/SimpleHydrodynamics.cc.o[0m
[9.452s] [ 54%] [32m[1mLinking CXX shared library libPerceptionScoringPlugin.so[0m
[9.716s] [ 56%] [32mBuilding CXX object CMakeFiles/AcousticTrackingScoringPlugin.dir/src/WaypointMarkers.cc.o[0m
[9.790s] [ 56%] Built target PerceptionScoringPlugin
[9.829s] [ 58%] [32mBuilding CXX object CMakeFiles/Surface.dir/src/Surface.cc.o[0m
[10.025s] [ 60%] [32m[1mLinking CXX shared library libAcousticPingerPlugin.so[0m
[10.189s] [ 62%] [32m[1mLinking CXX shared library libNavigationScoringPlugin.so[0m
[10.242s] [ 64%] [32mBuilding CXX object CMakeFiles/StationkeepingScoringPlugin.dir/src/WaypointMarkers.cc.o[0m
[10.333s] [ 64%] Built target AcousticPingerPlugin
[10.376s] [ 66%] [32mBuilding CXX object CMakeFiles/AcousticPerceptionScoringPlugin.dir/src/WaypointMarkers.cc.o[0m
[10.384s] [ 68%] [32mBuilding CXX object CMakeFiles/USVWind.dir/src/USVWind.cc.o[0m
[10.485s] [ 68%] Built target NavigationScoringPlugin
[10.532s] [ 70%] [32mBuilding CXX object CMakeFiles/WaveVisual.dir/src/WaveVisual.cc.o[0m
[11.145s] [ 72%] [32m[1mLinking CXX shared library libBallShooterPlugin.so[0m
[11.209s] [ 75%] [32m[1mLinking CXX shared library libWayfindingScoringPlugin.so[0m
[11.498s] [ 75%] Built target BallShooterPlugin
[11.548s] [ 77%] [32mBuilding CXX object CMakeFiles/WildlifeScoringPlugin.dir/src/WildlifeScoringPlugin.cc.o[0m
[11.588s] [ 77%] Built target WayfindingScoringPlugin
[11.956s] [ 79%] [32m[1mLinking CXX shared library libPublisherPlugin.so[0m
[12.192s] [ 79%] Built target PublisherPlugin
[13.236s] [ 81%] [32m[1mLinking CXX shared library libPlacardPlugin.so[0m
[13.528s] [ 81%] Built target PlacardPlugin
[13.749s] [ 83%] [32m[1mLinking CXX shared library libSurface.so[0m
[13.826s] [ 85%] [32m[1mLinking CXX shared library libAcousticPerceptionScoringPlugin.so[0m
[13.960s] [ 85%] Built target Surface
[14.074s] [ 87%] [32m[1mLinking CXX shared library libSimpleHydrodynamics.so[0m
[14.113s] [ 87%] Built target AcousticPerceptionScoringPlugin
[14.228s] [ 87%] Built target SimpleHydrodynamics
[14.336s] [ 89%] [32m[1mLinking CXX shared library libStationkeepingScoringPlugin.so[0m
[14.343s] [ 91%] [32m[1mLinking CXX shared library libAcousticTrackingScoringPlugin.so[0m
[14.550s] [ 91%] Built target StationkeepingScoringPlugin
[14.622s] [ 91%] Built target AcousticTrackingScoringPlugin
[15.560s] [ 93%] [32m[1mLinking CXX shared library libWildlifeScoringPlugin.so[0m
[15.750s] [ 93%] Built target WildlifeScoringPlugin
[15.920s] [ 95%] [32m[1mLinking CXX shared library libScanDockScoringPlugin.so[0m
[16.114s] [ 95%] Built target ScanDockScoringPlugin
[16.140s] [ 97%] [32m[1mLinking CXX shared library libWaveVisual.so[0m
[16.315s] [ 97%] Built target WaveVisual
[16.332s] [100%] [32m[1mLinking CXX shared library libUSVWind.so[0m
[16.484s] [100%] Built target USVWind
[16.491s] Invoked command in '/home/rileychron111/Documents/GitHub/VRX_NUMarine/build/vrx_gz' returned '0': AMENT_PREFIX_PATH=/home/rileychron111/Documents/GitHub/VRX_NUMarine/install:${AMENT_PREFIX_PATH} CMAKE_PREFIX_PATH=/home/rileychron111/Documents/GitHub/VRX_NUMarine/install:/opt/ros/humble LD_LIBRARY_PATH=/home/rileychron111/Documents/GitHub/VRX_NUMarine/install/lib:${LD_LIBRARY_PATH} /usr/bin/cmake --build /home/rileychron111/Documents/GitHub/VRX_NUMarine/build/vrx_gz -- -j12 -l12
[16.532s] Invoking command in '/home/rileychron111/Documents/GitHub/VRX_NUMarine/build/vrx_gz': AMENT_PREFIX_PATH=/home/rileychron111/Documents/GitHub/VRX_NUMarine/install:${AMENT_PREFIX_PATH} CMAKE_PREFIX_PATH=/home/rileychron111/Documents/GitHub/VRX_NUMarine/install:/opt/ros/humble LD_LIBRARY_PATH=/home/rileychron111/Documents/GitHub/VRX_NUMarine/install/lib:${LD_LIBRARY_PATH} /usr/bin/cmake --install /home/rileychron111/Documents/GitHub/VRX_NUMarine/build/vrx_gz
[16.536s] -- Install configuration: ""
[16.536s] -- Installing: /home/rileychron111/Documents/GitHub/VRX_NUMarine/install/share/vrx_gz/environment/resource_paths.dsv
[16.536s] -- Up-to-date: /home/rileychron111/Documents/GitHub/VRX_NUMarine/install/share/vrx_gz/environment/resource_paths.sh
[16.536s] -- Installing: /home/rileychron111/Documents/GitHub/VRX_NUMarine/install/lib/libWaves.so
[16.537s] -- Installing: /home/rileychron111/Documents/GitHub/VRX_NUMarine/install/lib/libPolyhedraBuoyancyDrag.so
[16.538s] -- Set runtime path of "/home/rileychron111/Documents/GitHub/VRX_NUMarine/install/lib/libPolyhedraBuoyancyDrag.so" to ""
[16.538s] -- Installing: /home/rileychron111/Documents/GitHub/VRX_NUMarine/install/lib/libScoringPlugin.so
[16.539s] -- Installing: /home/rileychron111/Documents/GitHub/VRX_NUMarine/install/lib/libStationkeepingScoringPlugin.so
[16.540s] -- Set runtime path of "/home/rileychron111/Documents/GitHub/VRX_NUMarine/install/lib/libStationkeepingScoringPlugin.so" to ""
[16.540s] -- Installing: /home/rileychron111/Documents/GitHub/VRX_NUMarine/install/lib/libWayfindingScoringPlugin.so
[16.541s] -- Set runtime path of "/home/rileychron111/Documents/GitHub/VRX_NUMarine/install/lib/libWayfindingScoringPlugin.so" to ""
[16.541s] -- Installing: /home/rileychron111/Documents/GitHub/VRX_NUMarine/install/lib/libAcousticPerceptionScoringPlugin.so
[16.543s] -- Set runtime path of "/home/rileychron111/Documents/GitHub/VRX_NUMarine/install/lib/libAcousticPerceptionScoringPlugin.so" to ""
[16.543s] -- Installing: /home/rileychron111/Documents/GitHub/VRX_NUMarine/install/lib/libAcousticTrackingScoringPlugin.so
[16.544s] -- Set runtime path of "/home/rileychron111/Documents/GitHub/VRX_NUMarine/install/lib/libAcousticTrackingScoringPlugin.so" to ""
[16.544s] -- Installing: /home/rileychron111/Documents/GitHub/VRX_NUMarine/install/lib/libAcousticPingerPlugin.so
[16.545s] -- Set runtime path of "/home/rileychron111/Documents/GitHub/VRX_NUMarine/install/lib/libAcousticPingerPlugin.so" to ""
[16.545s] -- Installing: /home/rileychron111/Documents/GitHub/VRX_NUMarine/install/lib/libBallShooterPlugin.so
[16.546s] -- Set runtime path of "/home/rileychron111/Documents/GitHub/VRX_NUMarine/install/lib/libBallShooterPlugin.so" to ""
[16.546s] -- Installing: /home/rileychron111/Documents/GitHub/VRX_NUMarine/install/lib/libLightBuoyPlugin.so
[16.547s] -- Set runtime path of "/home/rileychron111/Documents/GitHub/VRX_NUMarine/install/lib/libLightBuoyPlugin.so" to ""
[16.547s] -- Installing: /home/rileychron111/Documents/GitHub/VRX_NUMarine/install/lib/libNavigationScoringPlugin.so
[16.548s] -- Set runtime path of "/home/rileychron111/Documents/GitHub/VRX_NUMarine/install/lib/libNavigationScoringPlugin.so" to ""
[16.548s] -- Installing: /home/rileychron111/Documents/GitHub/VRX_NUMarine/install/lib/libGymkhanaScoringPlugin.so
[16.549s] -- Set runtime path of "/home/rileychron111/Documents/GitHub/VRX_NUMarine/install/lib/libGymkhanaScoringPlugin.so" to ""
[16.549s] -- Installing: /home/rileychron111/Documents/GitHub/VRX_NUMarine/install/lib/libPerceptionScoringPlugin.so
[16.550s] -- Set runtime path of "/home/rileychron111/Documents/GitHub/VRX_NUMarine/install/lib/libPerceptionScoringPlugin.so" to ""
[16.551s] -- Installing: /home/rileychron111/Documents/GitHub/VRX_NUMarine/install/lib/libPlacardPlugin.so
[16.552s] -- Set runtime path of "/home/rileychron111/Documents/GitHub/VRX_NUMarine/install/lib/libPlacardPlugin.so" to ""
[16.552s] -- Installing: /home/rileychron111/Documents/GitHub/VRX_NUMarine/install/lib/libPublisherPlugin.so
[16.552s] -- Set runtime path of "/home/rileychron111/Documents/GitHub/VRX_NUMarine/install/lib/libPublisherPlugin.so" to ""
[16.552s] -- Installing: /home/rileychron111/Documents/GitHub/VRX_NUMarine/install/lib/libScanDockScoringPlugin.so
[16.553s] -- Set runtime path of "/home/rileychron111/Documents/GitHub/VRX_NUMarine/install/lib/libScanDockScoringPlugin.so" to ""
[16.553s] -- Installing: /home/rileychron111/Documents/GitHub/VRX_NUMarine/install/lib/libSimpleHydrodynamics.so
[16.554s] -- Set runtime path of "/home/rileychron111/Documents/GitHub/VRX_NUMarine/install/lib/libSimpleHydrodynamics.so" to ""
[16.554s] -- Installing: /home/rileychron111/Documents/GitHub/VRX_NUMarine/install/lib/libSurface.so
[16.555s] -- Set runtime path of "/home/rileychron111/Documents/GitHub/VRX_NUMarine/install/lib/libSurface.so" to ""
[16.555s] -- Installing: /home/rileychron111/Documents/GitHub/VRX_NUMarine/install/lib/libUSVWind.so
[16.556s] -- Set runtime path of "/home/rileychron111/Documents/GitHub/VRX_NUMarine/install/lib/libUSVWind.so" to ""
[16.556s] -- Installing: /home/rileychron111/Documents/GitHub/VRX_NUMarine/install/lib/libWaveVisual.so
[16.557s] -- Set runtime path of "/home/rileychron111/Documents/GitHub/VRX_NUMarine/install/lib/libWaveVisual.so" to ""
[16.557s] -- Installing: /home/rileychron111/Documents/GitHub/VRX_NUMarine/install/lib/libWildlifeScoringPlugin.so
[16.559s] -- Set runtime path of "/home/rileychron111/Documents/GitHub/VRX_NUMarine/install/lib/libWildlifeScoringPlugin.so" to ""
[16.559s] -- Installing: /home/rileychron111/Documents/GitHub/VRX_NUMarine/install/share/vrx_gz/environment/pythonpath.sh
[16.559s] -- Installing: /home/rileychron111/Documents/GitHub/VRX_NUMarine/install/share/vrx_gz/environment/pythonpath.dsv
[16.559s] -- Up-to-date: /home/rileychron111/Documents/GitHub/VRX_NUMarine/install/local/lib/python3.10/dist-packages/vrx_gz-0.0.0-py3.10.egg-info
[16.559s] -- Installing: /home/rileychron111/Documents/GitHub/VRX_NUMarine/install/local/lib/python3.10/dist-packages/vrx_gz-0.0.0-py3.10.egg-info/dependency_links.txt
[16.559s] -- Installing: /home/rileychron111/Documents/GitHub/VRX_NUMarine/install/local/lib/python3.10/dist-packages/vrx_gz-0.0.0-py3.10.egg-info/PKG-INFO
[16.559s] -- Installing: /home/rileychron111/Documents/GitHub/VRX_NUMarine/install/local/lib/python3.10/dist-packages/vrx_gz-0.0.0-py3.10.egg-info/SOURCES.txt
[16.559s] -- Installing: /home/rileychron111/Documents/GitHub/VRX_NUMarine/install/local/lib/python3.10/dist-packages/vrx_gz-0.0.0-py3.10.egg-info/top_level.txt
[16.559s] -- Up-to-date: /home/rileychron111/Documents/GitHub/VRX_NUMarine/install/local/lib/python3.10/dist-packages/vrx_gz
[16.559s] -- Installing: /home/rileychron111/Documents/GitHub/VRX_NUMarine/install/local/lib/python3.10/dist-packages/vrx_gz/bridge.py
[16.559s] -- Installing: /home/rileychron111/Documents/GitHub/VRX_NUMarine/install/local/lib/python3.10/dist-packages/vrx_gz/bridges.py
[16.559s] -- Installing: /home/rileychron111/Documents/GitHub/VRX_NUMarine/install/local/lib/python3.10/dist-packages/vrx_gz/__init__.py
[16.559s] -- Installing: /home/rileychron111/Documents/GitHub/VRX_NUMarine/install/local/lib/python3.10/dist-packages/vrx_gz/launch.py
[16.560s] -- Installing: /home/rileychron111/Documents/GitHub/VRX_NUMarine/install/local/lib/python3.10/dist-packages/vrx_gz/payload_bridges.py
[16.560s] -- Installing: /home/rileychron111/Documents/GitHub/VRX_NUMarine/install/local/lib/python3.10/dist-packages/vrx_gz/model.py
[16.579s] Listing '/home/rileychron111/Documents/GitHub/VRX_NUMarine/install/local/lib/python3.10/dist-packages/vrx_gz'...
[16.579s] Compiling '/home/rileychron111/Documents/GitHub/VRX_NUMarine/install/local/lib/python3.10/dist-packages/vrx_gz/__init__.py'...
[16.579s] Compiling '/home/rileychron111/Documents/GitHub/VRX_NUMarine/install/local/lib/python3.10/dist-packages/vrx_gz/bridge.py'...
[16.580s] Compiling '/home/rileychron111/Documents/GitHub/VRX_NUMarine/install/local/lib/python3.10/dist-packages/vrx_gz/bridges.py'...
[16.580s] Compiling '/home/rileychron111/Documents/GitHub/VRX_NUMarine/install/local/lib/python3.10/dist-packages/vrx_gz/launch.py'...
[16.580s] Compiling '/home/rileychron111/Documents/GitHub/VRX_NUMarine/install/local/lib/python3.10/dist-packages/vrx_gz/model.py'...
[16.580s] Compiling '/home/rileychron111/Documents/GitHub/VRX_NUMarine/install/local/lib/python3.10/dist-packages/vrx_gz/payload_bridges.py'...
[16.582s] -- Up-to-date: /home/rileychron111/Documents/GitHub/VRX_NUMarine/install/share/vrx_gz/config
[16.582s] -- Up-to-date: /home/rileychron111/Documents/GitHub/VRX_NUMarine/install/share/vrx_gz/config/roboboat.yaml
[16.582s] -- Up-to-date: /home/rileychron111/Documents/GitHub/VRX_NUMarine/install/share/vrx_gz/config/wamv.yaml
[16.582s] -- Up-to-date: /home/rileychron111/Documents/GitHub/VRX_NUMarine/install/share/vrx_gz/launch
[16.582s] -- Up-to-date: /home/rileychron111/Documents/GitHub/VRX_NUMarine/install/share/vrx_gz/launch/usv_joy_teleop.py
[16.583s] -- Up-to-date: /home/rileychron111/Documents/GitHub/VRX_NUMarine/install/share/vrx_gz/launch/vrx_environment.launch.py
[16.583s] -- Up-to-date: /home/rileychron111/Documents/GitHub/VRX_NUMarine/install/share/vrx_gz/launch/competition.launch.py
[16.583s] -- Up-to-date: /home/rileychron111/Documents/GitHub/VRX_NUMarine/install/share/vrx_gz/launch/spawn_config.launch.py
[16.583s] -- Up-to-date: /home/rileychron111/Documents/GitHub/VRX_NUMarine/install/share/vrx_gz/launch/spawn.launch.py
[16.583s] -- Up-to-date: /home/rileychron111/Documents/GitHub/VRX_NUMarine/install/share/vrx_gz/models
[16.583s] -- Up-to-date: /home/rileychron111/Documents/GitHub/VRX_NUMarine/install/share/vrx_gz/models/robotx_light_buoy_rgy
[16.583s] -- Up-to-date: /home/rileychron111/Documents/GitHub/VRX_NUMarine/install/share/vrx_gz/models/robotx_light_buoy_rgy/model.sdf
[16.583s] -- Up-to-date: /home/rileychron111/Documents/GitHub/VRX_NUMarine/install/share/vrx_gz/models/robotx_light_buoy_rgy/model.config
[16.583s] -- Up-to-date: /home/rileychron111/Documents/GitHub/VRX_NUMarine/install/share/vrx_gz/models/short_navigation_course_2
[16.583s] -- Up-to-date: /home/rileychron111/Documents/GitHub/VRX_NUMarine/install/share/vrx_gz/models/short_navigation_course_2/model.sdf
[16.584s] -- Up-to-date: /home/rileychron111/Documents/GitHub/VRX_NUMarine/install/share/vrx_gz/models/short_navigation_course_2/model.config
[16.584s] -- Up-to-date: /home/rileychron111/Documents/GitHub/VRX_NUMarine/install/share/vrx_gz/models/foldable_table
[16.584s] -- Up-to-date: /home/rileychron111/Documents/GitHub/VRX_NUMarine/install/share/vrx_gz/models/foldable_table/model.sdf
[16.584s] -- Up-to-date: /home/rileychron111/Documents/GitHub/VRX_NUMarine/install/share/vrx_gz/models/foldable_table/mesh
[16.584s] -- Up-to-date: /home/rileychron111/Documents/GitHub/VRX_NUMarine/install/share/vrx_gz/models/foldable_table/mesh/foldable_table.png
[16.584s] -- Up-to-date: /home/rileychron111/Documents/GitHub/VRX_NUMarine/install/share/vrx_gz/models/foldable_table/mesh/foldable_table.dae
[16.584s] -- Up-to-date: /home/rileychron111/Documents/GitHub/VRX_NUMarine/install/share/vrx_gz/models/foldable_table/model.config
[16.584s] -- Up-to-date: /home/rileychron111/Documents/GitHub/VRX_NUMarine/install/share/vrx_gz/models/foldable_table/thumbnails
[16.584s] -- Up-to-date: /home/rileychron111/Documents/GitHub/VRX_NUMarine/install/share/vrx_gz/models/foldable_table/thumbnails/3.png
[16.584s] -- Up-to-date: /home/rileychron111/Documents/GitHub/VRX_NUMarine/install/share/vrx_gz/models/foldable_table/thumbnails/4.png
[16.584s] -- Up-to-date: /home/rileychron111/Documents/GitHub/VRX_NUMarine/install/share/vrx_gz/models/foldable_table/thumbnails/1.png
[16.585s] -- Up-to-date: /home/rileychron111/Documents/GitHub/VRX_NUMarine/install/share/vrx_gz/models/foldable_table/thumbnails/5.png
[16.585s] -- Up-to-date: /home/rileychron111/Documents/GitHub/VRX_NUMarine/install/share/vrx_gz/models/foldable_table/thumbnails/2.png
[16.585s] -- Up-to-date: /home/rileychron111/Documents/GitHub/VRX_NUMarine/install/share/vrx_gz/models/short_navigation_course_3
[16.585s] -- Up-to-date: /home/rileychron111/Documents/GitHub/VRX_NUMarine/install/share/vrx_gz/models/short_navigation_course_3/model.sdf
[16.585s] -- Up-to-date: /home/rileychron111/Documents/GitHub/VRX_NUMarine/install/share/vrx_gz/models/short_navigation_course_3/model.config
[16.585s] -- Up-to-date: /home/rileychron111/Documents/GitHub/VRX_NUMarine/install/share/vrx_gz/models/robotx_light_buoy_gbr
[16.585s] -- Up-to-date: /home/rileychron111/Documents/GitHub/VRX_NUMarine/install/share/vrx_gz/models/robotx_light_buoy_gbr/model.sdf
[16.585s] -- Up-to-date: /home/rileychron111/Documents/GitHub/VRX_NUMarine/install/share/vrx_gz/models/robotx_light_buoy_gbr/model.config
[16.585s] -- Up-to-date: /home/rileychron111/Documents/GitHub/VRX_NUMarine/install/share/vrx_gz/models/obstacle_course
[16.585s] -- Up-to-date: /home/rileychron111/Documents/GitHub/VRX_NUMarine/install/share/vrx_gz/models/obstacle_course/model.sdf
[16.585s] -- Up-to-date: /home/rileychron111/Documents/GitHub/VRX_NUMarine/install/share/vrx_gz/models/obstacle_course/model.config
[16.585s] -- Up-to-date: /home/rileychron111/Documents/GitHub/VRX_NUMarine/install/share/vrx_gz/models/robotx_light_buoy_bgr
[16.585s] -- Up-to-date: /home/rileychron111/Documents/GitHub/VRX_NUMarine/install/share/vrx_gz/models/robotx_light_buoy_bgr/model.sdf
[16.585s] -- Up-to-date: /home/rileychron111/Documents/GitHub/VRX_NUMarine/install/share/vrx_gz/models/robotx_light_buoy_bgr/model.config
[16.585s] -- Up-to-date: /home/rileychron111/Documents/GitHub/VRX_NUMarine/install/share/vrx_gz/models/platform
[16.585s] -- Up-to-date: /home/rileychron111/Documents/GitHub/VRX_NUMarine/install/share/vrx_gz/models/platform/model.sdf
[16.586s] -- Up-to-date: /home/rileychron111/Documents/GitHub/VRX_NUMarine/install/share/vrx_gz/models/platform/model.config
[16.586s] -- Up-to-date: /home/rileychron111/Documents/GitHub/VRX_NUMarine/install/share/vrx_gz/models/tent
[16.586s] -- Up-to-date: /home/rileychron111/Documents/GitHub/VRX_NUMarine/install/share/vrx_gz/models/tent/model.sdf
[16.586s] -- Up-to-date: /home/rileychron111/Documents/GitHub/VRX_NUMarine/install/share/vrx_gz/models/tent/mesh
[16.586s] -- Up-to-date: /home/rileychron111/Documents/GitHub/VRX_NUMarine/install/share/vrx_gz/models/tent/mesh/tent.png
[16.586s] -- Up-to-date: /home/rileychron111/Documents/GitHub/VRX_NUMarine/install/share/vrx_gz/models/tent/mesh/tent.dae
[16.586s] -- Up-to-date: /home/rileychron111/Documents/GitHub/VRX_NUMarine/install/share/vrx_gz/models/tent/model.config
[16.586s] -- Up-to-date: /home/rileychron111/Documents/GitHub/VRX_NUMarine/install/share/vrx_gz/models/tent/thumbnails
[16.586s] -- Up-to-date: /home/rileychron111/Documents/GitHub/VRX_NUMarine/install/share/vrx_gz/models/tent/thumbnails/3.png
[16.586s] -- Up-to-date: /home/rileychron111/Documents/GitHub/VRX_NUMarine/install/share/vrx_gz/models/tent/thumbnails/4.png
[16.586s] -- Up-to-date: /home/rileychron111/Documents/GitHub/VRX_NUMarine/install/share/vrx_gz/models/tent/thumbnails/1.png
[16.586s] -- Up-to-date: /home/rileychron111/Documents/GitHub/VRX_NUMarine/install/share/vrx_gz/models/tent/thumbnails/5.png
[16.586s] -- Up-to-date: /home/rileychron111/Documents/GitHub/VRX_NUMarine/install/share/vrx_gz/models/tent/thumbnails/2.png
[16.586s] -- Up-to-date: /home/rileychron111/Documents/GitHub/VRX_NUMarine/install/share/vrx_gz/models/short_course_2023_phase3_2
[16.586s] -- Up-to-date: /home/rileychron111/Documents/GitHub/VRX_NUMarine/install/share/vrx_gz/models/short_course_2023_phase3_2/model.sdf
[16.586s] -- Up-to-date: /home/rileychron111/Documents/GitHub/VRX_NUMarine/install/share/vrx_gz/models/short_course_2023_phase3_2/model.config
[16.586s] -- Up-to-date: /home/rileychron111/Documents/GitHub/VRX_NUMarine/install/share/vrx_gz/models/roboboat02
[16.586s] -- Up-to-date: /home/rileychron111/Documents/GitHub/VRX_NUMarine/install/share/vrx_gz/models/roboboat02/model.sdf
[16.586s] -- Up-to-date: /home/rileychron111/Documents/GitHub/VRX_NUMarine/install/share/vrx_gz/models/roboboat02/model.config
[16.586s] -- Up-to-date: /home/rileychron111/Documents/GitHub/VRX_NUMarine/install/share/vrx_gz/models/roboboat02/meshes
[16.587s] -- Up-to-date: /home/rileychron111/Documents/GitHub/VRX_NUMarine/install/share/vrx_gz/models/roboboat02/meshes/roboboat02.dae
[16.587s] -- Up-to-date: /home/rileychron111/Documents/GitHub/VRX_NUMarine/install/share/vrx_gz/models/roboboat02/materials
[16.587s] -- Up-to-date: /home/rileychron111/Documents/GitHub/VRX_NUMarine/install/share/vrx_gz/models/roboboat02/materials/scripts
[16.587s] -- Up-to-date: /home/rileychron111/Documents/GitHub/VRX_NUMarine/install/share/vrx_gz/models/roboboat02/materials/scripts/model.material
[16.587s] -- Up-to-date: /home/rileychron111/Documents/GitHub/VRX_NUMarine/install/share/vrx_gz/models/roboboat02/materials/textures
[16.587s] -- Up-to-date: /home/rileychron111/Documents/GitHub/VRX_NUMarine/install/share/vrx_gz/models/roboboat02/materials/textures/Boat02_Roughness.png
[16.587s] -- Up-to-date: /home/rileychron111/Documents/GitHub/VRX_NUMarine/install/share/vrx_gz/models/roboboat02/materials/textures/Boat02_Metallic.png
[16.587s] -- Up-to-date: /home/rileychron111/Documents/GitHub/VRX_NUMarine/install/share/vrx_gz/models/roboboat02/materials/textures/Boat02_Albedo.png
[16.587s] -- Up-to-date: /home/rileychron111/Documents/GitHub/VRX_NUMarine/install/share/vrx_gz/models/roboboat02/materials/textures/Boat02_Normal.png
[16.587s] -- Up-to-date: /home/rileychron111/Documents/GitHub/VRX_NUMarine/install/share/vrx_gz/models/dock_block_4x4
[16.587s] -- Up-to-date: /home/rileychron111/Documents/GitHub/VRX_NUMarine/install/share/vrx_gz/models/dock_block_4x4/model.sdf
[16.587s] -- Up-to-date: /home/rileychron111/Documents/GitHub/VRX_NUMarine/install/share/vrx_gz/models/dock_block_4x4/mesh
[16.587s] -- Up-to-date: /home/rileychron111/Documents/GitHub/VRX_NUMarine/install/share/vrx_gz/models/dock_block_4x4/mesh/DockCubes_Normal.png
[16.587s] -- Up-to-date: /home/rileychron111/Documents/GitHub/VRX_NUMarine/install/share/vrx_gz/models/dock_block_4x4/mesh/DockCubes_Metalness.png
[16.587s] -- Up-to-date: /home/rileychron111/Documents/GitHub/VRX_NUMarine/install/share/vrx_gz/models/dock_block_4x4/mesh/dock_block_4x4.dae
[16.587s] -- Up-to-date: /home/rileychron111/Documents/GitHub/VRX_NUMarine/install/share/vrx_gz/models/dock_block_4x4/mesh/DockCubes_Albedo.png
[16.587s] -- Up-to-date: /home/rileychron111/Documents/GitHub/VRX_NUMarine/install/share/vrx_gz/models/dock_block_4x4/mesh/DockCubes_Roughness.png
[16.587s] -- Up-to-date: /home/rileychron111/Documents/GitHub/VRX_NUMarine/install/share/vrx_gz/models/dock_block_4x4/model.config
[16.587s] -- Up-to-date: /home/rileychron111/Documents/GitHub/VRX_NUMarine/install/share/vrx_gz/models/robotx_light_buoy_yrg
[16.587s] -- Up-to-date: /home/rileychron111/Documents/GitHub/VRX_NUMarine/install/share/vrx_gz/models/robotx_light_buoy_yrg/model.sdf
[16.587s] -- Up-to-date: /home/rileychron111/Documents/GitHub/VRX_NUMarine/install/share/vrx_gz/models/robotx_light_buoy_yrg/model.config
[16.587s] -- Up-to-date: /home/rileychron111/Documents/GitHub/VRX_NUMarine/install/share/vrx_gz/models/short_navigation_course_0
[16.588s] -- Up-to-date: /home/rileychron111/Documents/GitHub/VRX_NUMarine/install/share/vrx_gz/models/short_navigation_course_0/model.sdf
[16.588s] -- Up-to-date: /home/rileychron111/Documents/GitHub/VRX_NUMarine/install/share/vrx_gz/models/short_navigation_course_0/model.config
[16.588s] -- Up-to-date: /home/rileychron111/Documents/GitHub/VRX_NUMarine/install/share/vrx_gz/models/roboboat01
[16.588s] -- Up-to-date: /home/rileychron111/Documents/GitHub/VRX_NUMarine/install/share/vrx_gz/models/roboboat01/model.sdf
[16.588s] -- Up-to-date: /home/rileychron111/Documents/GitHub/VRX_NUMarine/install/share/vrx_gz/models/roboboat01/model.config
[16.588s] -- Up-to-date: /home/rileychron111/Documents/GitHub/VRX_NUMarine/install/share/vrx_gz/models/roboboat01/meshes
[16.588s] -- Up-to-date: /home/rileychron111/Documents/GitHub/VRX_NUMarine/install/share/vrx_gz/models/roboboat01/meshes/prop.dae
[16.588s] -- Up-to-date: /home/rileychron111/Documents/GitHub/VRX_NUMarine/install/share/vrx_gz/models/roboboat01/meshes/mount.dae
[16.588s] -- Up-to-date: /home/rileychron111/Documents/GitHub/VRX_NUMarine/install/share/vrx_gz/models/roboboat01/meshes/housing.dae
[16.588s] -- Up-to-date: /home/rileychron111/Documents/GitHub/VRX_NUMarine/install/share/vrx_gz/models/roboboat01/meshes/roboboat01.dae
[16.588s] -- Up-to-date: /home/rileychron111/Documents/GitHub/VRX_NUMarine/install/share/vrx_gz/models/roboboat01/materials
[16.588s] -- Up-to-date: /home/rileychron111/Documents/GitHub/VRX_NUMarine/install/share/vrx_gz/models/roboboat01/materials/scripts
[16.588s] -- Up-to-date: /home/rileychron111/Documents/GitHub/VRX_NUMarine/install/share/vrx_gz/models/roboboat01/materials/scripts/model.material
[16.588s] -- Up-to-date: /home/rileychron111/Documents/GitHub/VRX_NUMarine/install/share/vrx_gz/models/roboboat01/materials/textures
[16.588s] -- Up-to-date: /home/rileychron111/Documents/GitHub/VRX_NUMarine/install/share/vrx_gz/models/roboboat01/materials/textures/Boat01_Metallic.png
[16.588s] -- Up-to-date: /home/rileychron111/Documents/GitHub/VRX_NUMarine/install/share/vrx_gz/models/roboboat01/materials/textures/Thruster_Albedo.png
[16.588s] -- Up-to-date: /home/rileychron111/Documents/GitHub/VRX_NUMarine/install/share/vrx_gz/models/roboboat01/materials/textures/Boat01_Albedo.png
[16.588s] -- Up-to-date: /home/rileychron111/Documents/GitHub/VRX_NUMarine/install/share/vrx_gz/models/roboboat01/materials/textures/Boat01_Roughness.png
[16.588s] -- Up-to-date: /home/rileychron111/Documents/GitHub/VRX_NUMarine/install/share/vrx_gz/models/roboboat01/materials/textures/Boat01_Normal.png
[16.588s] -- Up-to-date: /home/rileychron111/Documents/GitHub/VRX_NUMarine/install/share/vrx_gz/models/roboboat01/materials/textures/Thruster_Roughness.png
[16.588s] -- Up-to-date: /home/rileychron111/Documents/GitHub/VRX_NUMarine/install/share/vrx_gz/models/ground_station
[16.588s] -- Up-to-date: /home/rileychron111/Documents/GitHub/VRX_NUMarine/install/share/vrx_gz/models/ground_station/model.sdf
[16.588s] -- Up-to-date: /home/rileychron111/Documents/GitHub/VRX_NUMarine/install/share/vrx_gz/models/ground_station/model.config
[16.588s] -- Up-to-date: /home/rileychron111/Documents/GitHub/VRX_NUMarine/install/share/vrx_gz/models/ground_station/thumbnails
[16.588s] -- Up-to-date: /home/rileychron111/Documents/GitHub/VRX_NUMarine/install/share/vrx_gz/models/ground_station/thumbnails/3.png
[16.588s] -- Up-to-date: /home/rileychron111/Documents/GitHub/VRX_NUMarine/install/share/vrx_gz/models/ground_station/thumbnails/4.png
[16.588s] -- Up-to-date: /home/rileychron111/Documents/GitHub/VRX_NUMarine/install/share/vrx_gz/models/ground_station/thumbnails/1.png
[16.588s] -- Up-to-date: /home/rileychron111/Documents/GitHub/VRX_NUMarine/install/share/vrx_gz/models/ground_station/thumbnails/5.png
[16.588s] -- Up-to-date: /home/rileychron111/Documents/GitHub/VRX_NUMarine/install/share/vrx_gz/models/ground_station/thumbnails/2.png
[16.588s] -- Up-to-date: /home/rileychron111/Documents/GitHub/VRX_NUMarine/install/share/vrx_gz/models/coast_waves
[16.588s] -- Up-to-date: /home/rileychron111/Documents/GitHub/VRX_NUMarine/install/share/vrx_gz/models/coast_waves/model.sdf
[16.588s] -- Up-to-date: /home/rileychron111/Documents/GitHub/VRX_NUMarine/install/share/vrx_gz/models/coast_waves/model.config
[16.588s] -- Up-to-date: /home/rileychron111/Documents/GitHub/VRX_NUMarine/install/share/vrx_gz/models/coast_waves/meshes
[16.588s] -- Up-to-date: /home/rileychron111/Documents/GitHub/VRX_NUMarine/install/share/vrx_gz/models/coast_waves/meshes/waterlow.dae
[16.588s] -- Up-to-date: /home/rileychron111/Documents/GitHub/VRX_NUMarine/install/share/vrx_gz/models/coast_waves/materials
[16.588s] -- Up-to-date: /home/rileychron111/Documents/GitHub/VRX_NUMarine/install/share/vrx_gz/models/coast_waves/materials/textures
[16.588s] -- Up-to-date: /home/rileychron111/Documents/GitHub/VRX_NUMarine/install/share/vrx_gz/models/coast_waves/materials/textures/wave_normals.dds
[16.588s] -- Up-to-date: /home/rileychron111/Documents/GitHub/VRX_NUMarine/install/share/vrx_gz/models/coast_waves/materials/textures/skybox_lowres.dds
[16.588s] -- Up-to-date: /home/rileychron111/Documents/GitHub/VRX_NUMarine/install/share/vrx_gz/models/coast_waves/materials/programs
[16.588s] -- Up-to-date: /home/rileychron111/Documents/GitHub/VRX_NUMarine/install/share/vrx_gz/models/coast_waves/materials/programs/GerstnerWaves_fs_330.glsl
[16.588s] -- Up-to-date: /home/rileychron111/Documents/GitHub/VRX_NUMarine/install/share/vrx_gz/models/coast_waves/materials/programs/GerstnerWaves_vs_330.glsl
[16.588s] -- Up-to-date: /home/rileychron111/Documents/GitHub/VRX_NUMarine/install/share/vrx_gz/models/foldable_chair
[16.589s] -- Up-to-date: /home/rileychron111/Documents/GitHub/VRX_NUMarine/install/share/vrx_gz/models/foldable_chair/model.sdf
[16.589s] -- Up-to-date: /home/rileychron111/Documents/GitHub/VRX_NUMarine/install/share/vrx_gz/models/foldable_chair/mesh
[16.589s] -- Up-to-date: /home/rileychron111/Documents/GitHub/VRX_NUMarine/install/share/vrx_gz/models/foldable_chair/mesh/foldable_chair.dae
[16.589s] -- Up-to-date: /home/rileychron111/Documents/GitHub/VRX_NUMarine/install/share/vrx_gz/models/foldable_chair/mesh/foldable_chair.png
[16.589s] -- Up-to-date: /home/rileychron111/Documents/GitHub/VRX_NUMarine/install/share/vrx_gz/models/foldable_chair/model.config
[16.589s] -- Up-to-date: /home/rileychron111/Documents/GitHub/VRX_NUMarine/install/share/vrx_gz/models/foldable_chair/thumbnails
[16.589s] -- Up-to-date: /home/rileychron111/Documents/GitHub/VRX_NUMarine/install/share/vrx_gz/models/foldable_chair/thumbnails/3.png
[16.589s] -- Up-to-date: /home/rileychron111/Documents/GitHub/VRX_NUMarine/install/share/vrx_gz/models/foldable_chair/thumbnails/4.png
[16.589s] -- Up-to-date: /home/rileychron111/Documents/GitHub/VRX_NUMarine/install/share/vrx_gz/models/foldable_chair/thumbnails/1.png
[16.589s] -- Up-to-date: /home/rileychron111/Documents/GitHub/VRX_NUMarine/install/share/vrx_gz/models/foldable_chair/thumbnails/5.png
[16.589s] -- Up-to-date: /home/rileychron111/Documents/GitHub/VRX_NUMarine/install/share/vrx_gz/models/foldable_chair/thumbnails/2.png
[16.589s] -- Up-to-date: /home/rileychron111/Documents/GitHub/VRX_NUMarine/install/share/vrx_gz/models/robotx_light_buoy_rbg
[16.589s] -- Up-to-date: /home/rileychron111/Documents/GitHub/VRX_NUMarine/install/share/vrx_gz/models/robotx_light_buoy_rbg/model.sdf
[16.589s] -- Up-to-date: /home/rileychron111/Documents/GitHub/VRX_NUMarine/install/share/vrx_gz/models/robotx_light_buoy_rbg/model.config
[16.589s] -- Up-to-date: /home/rileychron111/Documents/GitHub/VRX_NUMarine/install/share/vrx_gz/models/dock_2022_base
[16.589s] -- Up-to-date: /home/rileychron111/Documents/GitHub/VRX_NUMarine/install/share/vrx_gz/models/dock_2022_base/model.sdf
[16.589s] -- Up-to-date: /home/rileychron111/Documents/GitHub/VRX_NUMarine/install/share/vrx_gz/models/dock_2022_base/model.config
[16.589s] -- Up-to-date: /home/rileychron111/Documents/GitHub/VRX_NUMarine/install/share/vrx_gz/models/symbol_triangle
[16.589s] -- Up-to-date: /home/rileychron111/Documents/GitHub/VRX_NUMarine/install/share/vrx_gz/models/symbol_triangle/model.sdf
[16.589s] -- Up-to-date: /home/rileychron111/Documents/GitHub/VRX_NUMarine/install/share/vrx_gz/models/symbol_triangle/mesh
[16.589s] -- Up-to-date: /home/rileychron111/Documents/GitHub/VRX_NUMarine/install/share/vrx_gz/models/symbol_triangle/mesh/triangle.dae
[16.589s] -- Up-to-date: /home/rileychron111/Documents/GitHub/VRX_NUMarine/install/share/vrx_gz/models/symbol_triangle/model.config
[16.589s] -- Up-to-date: /home/rileychron111/Documents/GitHub/VRX_NUMarine/install/share/vrx_gz/models/short_navigation_course_1
[16.589s] -- Up-to-date: /home/rileychron111/Documents/GitHub/VRX_NUMarine/install/share/vrx_gz/models/short_navigation_course_1/model.sdf
[16.589s] -- Up-to-date: /home/rileychron111/Documents/GitHub/VRX_NUMarine/install/share/vrx_gz/models/short_navigation_course_1/model.config
[16.589s] -- Up-to-date: /home/rileychron111/Documents/GitHub/VRX_NUMarine/install/share/vrx_gz/models/placard_2022
[16.589s] -- Up-to-date: /home/rileychron111/Documents/GitHub/VRX_NUMarine/install/share/vrx_gz/models/placard_2022/model.sdf
[16.589s] -- Up-to-date: /home/rileychron111/Documents/GitHub/VRX_NUMarine/install/share/vrx_gz/models/placard_2022/model.config
[16.589s] -- Up-to-date: /home/rileychron111/Documents/GitHub/VRX_NUMarine/install/share/vrx_gz/models/placard_2022/meshes
[16.589s] -- Up-to-date: /home/rileychron111/Documents/GitHub/VRX_NUMarine/install/share/vrx_gz/models/placard_2022/meshes/placard_2022.dae
[16.589s] -- Up-to-date: /home/rileychron111/Documents/GitHub/VRX_NUMarine/install/share/vrx_gz/models/placard_2022/materials
[16.589s] -- Up-to-date: /home/rileychron111/Documents/GitHub/VRX_NUMarine/install/share/vrx_gz/models/placard_2022/materials/textures
[16.589s] -- Up-to-date: /home/rileychron111/Documents/GitHub/VRX_NUMarine/install/share/vrx_gz/models/placard_2022/materials/textures/Placard.png
[16.589s] -- Up-to-date: /home/rileychron111/Documents/GitHub/VRX_NUMarine/install/share/vrx_gz/models/articulated_platform
[16.589s] -- Up-to-date: /home/rileychron111/Documents/GitHub/VRX_NUMarine/install/share/vrx_gz/models/articulated_platform/model.sdf
[16.589s] -- Up-to-date: /home/rileychron111/Documents/GitHub/VRX_NUMarine/install/share/vrx_gz/models/articulated_platform/model.config
[16.589s] -- Up-to-date: /home/rileychron111/Documents/GitHub/VRX_NUMarine/install/share/vrx_gz/models/post
[16.589s] -- Up-to-date: /home/rileychron111/Documents/GitHub/VRX_NUMarine/install/share/vrx_gz/models/post/model.sdf
[16.589s] -- Up-to-date: /home/rileychron111/Documents/GitHub/VRX_NUMarine/install/share/vrx_gz/models/post/model.config
[16.589s] -- Up-to-date: /home/rileychron111/Documents/GitHub/VRX_NUMarine/install/share/vrx_gz/models/post/meshes
[16.590s] -- Up-to-date: /home/rileychron111/Documents/GitHub/VRX_NUMarine/install/share/vrx_gz/models/post/meshes/post.dae
[16.590s] -- Up-to-date: /home/rileychron111/Documents/GitHub/VRX_NUMarine/install/share/vrx_gz/models/post/thumbnails
[16.590s] -- Up-to-date: /home/rileychron111/Documents/GitHub/VRX_NUMarine/install/share/vrx_gz/models/post/thumbnails/3.png
[16.590s] -- Up-to-date: /home/rileychron111/Documents/GitHub/VRX_NUMarine/install/share/vrx_gz/models/post/thumbnails/4.png
[16.590s] -- Up-to-date: /home/rileychron111/Documents/GitHub/VRX_NUMarine/install/share/vrx_gz/models/post/thumbnails/1.png
[16.590s] -- Up-to-date: /home/rileychron111/Documents/GitHub/VRX_NUMarine/install/share/vrx_gz/models/post/thumbnails/5.png
[16.590s] -- Up-to-date: /home/rileychron111/Documents/GitHub/VRX_NUMarine/install/share/vrx_gz/models/post/thumbnails/2.png
[16.590s] -- Up-to-date: /home/rileychron111/Documents/GitHub/VRX_NUMarine/install/share/vrx_gz/models/post/materials
[16.590s] -- Up-to-date: /home/rileychron111/Documents/GitHub/VRX_NUMarine/install/share/vrx_gz/models/post/materials/textures
[16.590s] -- Up-to-date: /home/rileychron111/Documents/GitHub/VRX_NUMarine/install/share/vrx_gz/models/post/materials/textures/post.png
[16.590s] -- Up-to-date: /home/rileychron111/Documents/GitHub/VRX_NUMarine/install/share/vrx_gz/models/mb_marker_buoy_black
[16.590s] -- Up-to-date: /home/rileychron111/Documents/GitHub/VRX_NUMarine/install/share/vrx_gz/models/mb_marker_buoy_black/model.sdf
[16.590s] -- Up-to-date: /home/rileychron111/Documents/GitHub/VRX_NUMarine/install/share/vrx_gz/models/mb_marker_buoy_black/model.config
[16.590s] -- Up-to-date: /home/rileychron111/Documents/GitHub/VRX_NUMarine/install/share/vrx_gz/models/mb_marker_buoy_black/thumbnails
[16.590s] -- Up-to-date: /home/rileychron111/Documents/GitHub/VRX_NUMarine/install/share/vrx_gz/models/mb_marker_buoy_black/thumbnails/3.png
[16.590s] -- Up-to-date: /home/rileychron111/Documents/GitHub/VRX_NUMarine/install/share/vrx_gz/models/mb_marker_buoy_black/thumbnails/4.png
[16.590s] -- Up-to-date: /home/rileychron111/Documents/GitHub/VRX_NUMarine/install/share/vrx_gz/models/mb_marker_buoy_black/thumbnails/1.png
[16.590s] -- Up-to-date: /home/rileychron111/Documents/GitHub/VRX_NUMarine/install/share/vrx_gz/models/mb_marker_buoy_black/thumbnails/5.png
[16.590s] -- Up-to-date: /home/rileychron111/Documents/GitHub/VRX_NUMarine/install/share/vrx_gz/models/mb_marker_buoy_black/thumbnails/2.png
[16.590s] -- Up-to-date: /home/rileychron111/Documents/GitHub/VRX_NUMarine/install/share/vrx_gz/models/mb_round_buoy_black
[16.590s] -- Up-to-date: /home/rileychron111/Documents/GitHub/VRX_NUMarine/install/share/vrx_gz/models/mb_round_buoy_black/model.sdf
[16.590s] -- Up-to-date: /home/rileychron111/Documents/GitHub/VRX_NUMarine/install/share/vrx_gz/models/mb_round_buoy_black/model.config
[16.590s] -- Up-to-date: /home/rileychron111/Documents/GitHub/VRX_NUMarine/install/share/vrx_gz/models/mb_round_buoy_black/thumbnails
[16.590s] -- Up-to-date: /home/rileychron111/Documents/GitHub/VRX_NUMarine/install/share/vrx_gz/models/mb_round_buoy_black/thumbnails/3.png
[16.590s] -- Up-to-date: /home/rileychron111/Documents/GitHub/VRX_NUMarine/install/share/vrx_gz/models/mb_round_buoy_black/thumbnails/4.png
[16.590s] -- Up-to-date: /home/rileychron111/Documents/GitHub/VRX_NUMarine/install/share/vrx_gz/models/mb_round_buoy_black/thumbnails/1.png
[16.590s] -- Up-to-date: /home/rileychron111/Documents/GitHub/VRX_NUMarine/install/share/vrx_gz/models/mb_round_buoy_black/thumbnails/5.png
[16.590s] -- Up-to-date: /home/rileychron111/Documents/GitHub/VRX_NUMarine/install/share/vrx_gz/models/mb_round_buoy_black/thumbnails/2.png
[16.590s] -- Up-to-date: /home/rileychron111/Documents/GitHub/VRX_NUMarine/install/share/vrx_gz/models/mb_marker_buoy_white
[16.590s] -- Up-to-date: /home/rileychron111/Documents/GitHub/VRX_NUMarine/install/share/vrx_gz/models/mb_marker_buoy_white/model.sdf
[16.590s] -- Up-to-date: /home/rileychron111/Documents/GitHub/VRX_NUMarine/install/share/vrx_gz/models/mb_marker_buoy_white/model.config
[16.590s] -- Up-to-date: /home/rileychron111/Documents/GitHub/VRX_NUMarine/install/share/vrx_gz/models/mb_marker_buoy_white/thumbnails
[16.590s] -- Up-to-date: /home/rileychron111/Documents/GitHub/VRX_NUMarine/install/share/vrx_gz/models/mb_marker_buoy_white/thumbnails/3.png
[16.590s] -- Up-to-date: /home/rileychron111/Documents/GitHub/VRX_NUMarine/install/share/vrx_gz/models/mb_marker_buoy_white/thumbnails/4.png
[16.590s] -- Up-to-date: /home/rileychron111/Documents/GitHub/VRX_NUMarine/install/share/vrx_gz/models/mb_marker_buoy_white/thumbnails/1.png
[16.590s] -- Up-to-date: /home/rileychron111/Documents/GitHub/VRX_NUMarine/install/share/vrx_gz/models/mb_marker_buoy_white/thumbnails/5.png
[16.590s] -- Up-to-date: /home/rileychron111/Documents/GitHub/VRX_NUMarine/install/share/vrx_gz/models/mb_marker_buoy_white/thumbnails/2.png
[16.590s] -- Up-to-date: /home/rileychron111/Documents/GitHub/VRX_NUMarine/install/share/vrx_gz/models/entrance_exit
[16.590s] -- Up-to-date: /home/rileychron111/Documents/GitHub/VRX_NUMarine/install/share/vrx_gz/models/entrance_exit/model.sdf
[16.590s] -- Up-to-date: /home/rileychron111/Documents/GitHub/VRX_NUMarine/install/share/vrx_gz/models/entrance_exit/model.config
[16.590s] -- Up-to-date: /home/rileychron111/Documents/GitHub/VRX_NUMarine/install/share/vrx_gz/models/short_navigation_course_4
[16.590s] -- Up-to-date: /home/rileychron111/Documents/GitHub/VRX_NUMarine/install/share/vrx_gz/models/short_navigation_course_4/model.sdf
[16.590s] -- Up-to-date: /home/rileychron111/Documents/GitHub/VRX_NUMarine/install/share/vrx_gz/models/short_navigation_course_4/model.config
[16.591s] -- Up-to-date: /home/rileychron111/Documents/GitHub/VRX_NUMarine/install/share/vrx_gz/models/robotx_light_buoy_ybr
[16.591s] -- Up-to-date: /home/rileychron111/Documents/GitHub/VRX_NUMarine/install/share/vrx_gz/models/robotx_light_buoy_ybr/model.sdf
[16.591s] -- Up-to-date: /home/rileychron111/Documents/GitHub/VRX_NUMarine/install/share/vrx_gz/models/robotx_light_buoy_ybr/model.config
[16.591s] -- Up-to-date: /home/rileychron111/Documents/GitHub/VRX_NUMarine/install/share/vrx_gz/models/sydney_regatta
[16.591s] -- Up-to-date: /home/rileychron111/Documents/GitHub/VRX_NUMarine/install/share/vrx_gz/models/sydney_regatta/model.sdf
[16.591s] -- Up-to-date: /home/rileychron111/Documents/GitHub/VRX_NUMarine/install/share/vrx_gz/models/sydney_regatta/model.config
[16.591s] -- Up-to-date: /home/rileychron111/Documents/GitHub/VRX_NUMarine/install/share/vrx_gz/models/sydney_regatta/meshes
[16.591s] -- Up-to-date: /home/rileychron111/Documents/GitHub/VRX_NUMarine/install/share/vrx_gz/models/sydney_regatta/meshes/sydney_regatta_shore.dae
[16.591s] -- Up-to-date: /home/rileychron111/Documents/GitHub/VRX_NUMarine/install/share/vrx_gz/models/sydney_regatta/meshes/sydney_regatta.dae
[16.591s] -- Up-to-date: /home/rileychron111/Documents/GitHub/VRX_NUMarine/install/share/vrx_gz/models/sydney_regatta/thumbnails
[16.591s] -- Up-to-date: /home/rileychron111/Documents/GitHub/VRX_NUMarine/install/share/vrx_gz/models/sydney_regatta/thumbnails/3.png
[16.591s] -- Up-to-date: /home/rileychron111/Documents/GitHub/VRX_NUMarine/install/share/vrx_gz/models/sydney_regatta/thumbnails/4.png
[16.591s] -- Up-to-date: /home/rileychron111/Documents/GitHub/VRX_NUMarine/install/share/vrx_gz/models/sydney_regatta/thumbnails/1.png
[16.591s] -- Up-to-date: /home/rileychron111/Documents/GitHub/VRX_NUMarine/install/share/vrx_gz/models/sydney_regatta/thumbnails/5.png
[16.591s] -- Up-to-date: /home/rileychron111/Documents/GitHub/VRX_NUMarine/install/share/vrx_gz/models/sydney_regatta/thumbnails/2.png
[16.591s] -- Up-to-date: /home/rileychron111/Documents/GitHub/VRX_NUMarine/install/share/vrx_gz/models/sydney_regatta/materials
[16.591s] -- Up-to-date: /home/rileychron111/Documents/GitHub/VRX_NUMarine/install/share/vrx_gz/models/sydney_regatta/materials/textures
[16.591s] -- Up-to-date: /home/rileychron111/Documents/GitHub/VRX_NUMarine/install/share/vrx_gz/models/sydney_regatta/materials/textures/MetalGalvanized.png
[16.591s] -- Up-to-date: /home/rileychron111/Documents/GitHub/VRX_NUMarine/install/share/vrx_gz/models/sydney_regatta/materials/textures/Terrain.png
[16.591s] -- Up-to-date: /home/rileychron111/Documents/GitHub/VRX_NUMarine/install/share/vrx_gz/models/sydney_regatta/materials/textures/DockDark.png
[16.591s] -- Up-to-date: /home/rileychron111/Documents/GitHub/VRX_NUMarine/install/share/vrx_gz/models/sydney_regatta/materials/textures/Wall_05.png
[16.591s] -- Up-to-date: /home/rileychron111/Documents/GitHub/VRX_NUMarine/install/share/vrx_gz/models/sydney_regatta/materials/textures/RoofCorrugated.png
[16.591s] -- Up-to-date: /home/rileychron111/Documents/GitHub/VRX_NUMarine/install/share/vrx_gz/models/sydney_regatta/materials/textures/Windows_Dark.png
[16.591s] -- Up-to-date: /home/rileychron111/Documents/GitHub/VRX_NUMarine/install/share/vrx_gz/models/sydney_regatta/materials/textures/Dock.png
[16.591s] -- Up-to-date: /home/rileychron111/Documents/GitHub/VRX_NUMarine/install/share/vrx_gz/models/sydney_regatta/materials/textures/TreeDiffuse.png
[16.591s] -- Up-to-date: /home/rileychron111/Documents/GitHub/VRX_NUMarine/install/share/vrx_gz/models/roboboat_cpubox
[16.591s] -- Up-to-date: /home/rileychron111/Documents/GitHub/VRX_NUMarine/install/share/vrx_gz/models/roboboat_cpubox/model.sdf
[16.591s] -- Up-to-date: /home/rileychron111/Documents/GitHub/VRX_NUMarine/install/share/vrx_gz/models/roboboat_cpubox/model.config
[16.591s] -- Up-to-date: /home/rileychron111/Documents/GitHub/VRX_NUMarine/install/share/vrx_gz/models/roboboat_cpubox/meshes
[16.591s] -- Up-to-date: /home/rileychron111/Documents/GitHub/VRX_NUMarine/install/share/vrx_gz/models/roboboat_cpubox/meshes/drybox.dae
[16.591s] -- Up-to-date: /home/rileychron111/Documents/GitHub/VRX_NUMarine/install/share/vrx_gz/models/roboboat_cpubox/materials
[16.591s] -- Up-to-date: /home/rileychron111/Documents/GitHub/VRX_NUMarine/install/share/vrx_gz/models/roboboat_cpubox/materials/textures
[16.591s] -- Up-to-date: /home/rileychron111/Documents/GitHub/VRX_NUMarine/install/share/vrx_gz/models/roboboat_cpubox/materials/textures/DryBox_Albedo.png
[16.591s] -- Up-to-date: /home/rileychron111/Documents/GitHub/VRX_NUMarine/install/share/vrx_gz/models/roboboat_cpubox/materials/textures/DryBox_Roughness.png
[16.591s] -- Up-to-date: /home/rileychron111/Documents/GitHub/VRX_NUMarine/install/share/vrx_gz/models/mb_marker_buoy_red
[16.591s] -- Up-to-date: /home/rileychron111/Documents/GitHub/VRX_NUMarine/install/share/vrx_gz/models/mb_marker_buoy_red/model.sdf
[16.591s] -- Up-to-date: /home/rileychron111/Documents/GitHub/VRX_NUMarine/install/share/vrx_gz/models/mb_marker_buoy_red/model.config
[16.591s] -- Up-to-date: /home/rileychron111/Documents/GitHub/VRX_NUMarine/install/share/vrx_gz/models/mb_marker_buoy_red/meshes
[16.591s] -- Up-to-date: /home/rileychron111/Documents/GitHub/VRX_NUMarine/install/share/vrx_gz/models/mb_marker_buoy_red/meshes/mb_marker_buoy.dae
[16.591s] -- Up-to-date: /home/rileychron111/Documents/GitHub/VRX_NUMarine/install/share/vrx_gz/models/mb_marker_buoy_red/thumbnails
[16.591s] -- Up-to-date: /home/rileychron111/Documents/GitHub/VRX_NUMarine/install/share/vrx_gz/models/mb_marker_buoy_red/thumbnails/3.png
[16.591s] -- Up-to-date: /home/rileychron111/Documents/GitHub/VRX_NUMarine/install/share/vrx_gz/models/mb_marker_buoy_red/thumbnails/4.png
[16.592s] -- Up-to-date: /home/rileychron111/Documents/GitHub/VRX_NUMarine/install/share/vrx_gz/models/mb_marker_buoy_red/thumbnails/1.png
[16.592s] -- Up-to-date: /home/rileychron111/Documents/GitHub/VRX_NUMarine/install/share/vrx_gz/models/mb_marker_buoy_red/thumbnails/5.png
[16.592s] -- Up-to-date: /home/rileychron111/Documents/GitHub/VRX_NUMarine/install/share/vrx_gz/models/mb_marker_buoy_red/thumbnails/2.png
[16.592s] -- Up-to-date: /home/rileychron111/Documents/GitHub/VRX_NUMarine/install/share/vrx_gz/models/mb_marker_buoy_red/materials
[16.592s] -- Up-to-date: /home/rileychron111/Documents/GitHub/VRX_NUMarine/install/share/vrx_gz/models/mb_marker_buoy_red/materials/textures
[16.592s] -- Up-to-date: /home/rileychron111/Documents/GitHub/VRX_NUMarine/install/share/vrx_gz/models/mb_marker_buoy_red/materials/textures/MarkerBuoy_Roughness.png
[16.592s] -- Up-to-date: /home/rileychron111/Documents/GitHub/VRX_NUMarine/install/share/vrx_gz/models/mb_marker_buoy_red/materials/textures/MarkerBuoy_Base_Color.png
[16.592s] -- Up-to-date: /home/rileychron111/Documents/GitHub/VRX_NUMarine/install/share/vrx_gz/models/robotx_light_buoy_bgy
[16.592s] -- Up-to-date: /home/rileychron111/Documents/GitHub/VRX_NUMarine/install/share/vrx_gz/models/robotx_light_buoy_bgy/model.sdf
[16.592s] -- Up-to-date: /home/rileychron111/Documents/GitHub/VRX_NUMarine/install/share/vrx_gz/models/robotx_light_buoy_bgy/model.config
[16.592s] -- Up-to-date: /home/rileychron111/Documents/GitHub/VRX_NUMarine/install/share/vrx_gz/models/short_course_2023_phase3_1
[16.592s] -- Up-to-date: /home/rileychron111/Documents/GitHub/VRX_NUMarine/install/share/vrx_gz/models/short_course_2023_phase3_1/model.sdf
[16.592s] -- Up-to-date: /home/rileychron111/Documents/GitHub/VRX_NUMarine/install/share/vrx_gz/models/short_course_2023_phase3_1/model.config
[16.592s] -- Up-to-date: /home/rileychron111/Documents/GitHub/VRX_NUMarine/install/share/vrx_gz/models/robotx_light_buoy_ygb
[16.592s] -- Up-to-date: /home/rileychron111/Documents/GitHub/VRX_NUMarine/install/share/vrx_gz/models/robotx_light_buoy_ygb/model.sdf
[16.592s] -- Up-to-date: /home/rileychron111/Documents/GitHub/VRX_NUMarine/install/share/vrx_gz/models/robotx_light_buoy_ygb/model.config
[16.592s] -- Up-to-date: /home/rileychron111/Documents/GitHub/VRX_NUMarine/install/share/vrx_gz/models/short_navigation_course_5
[16.592s] -- Up-to-date: /home/rileychron111/Documents/GitHub/VRX_NUMarine/install/share/vrx_gz/models/short_navigation_course_5/model.sdf
[16.592s] -- Up-to-date: /home/rileychron111/Documents/GitHub/VRX_NUMarine/install/share/vrx_gz/models/short_navigation_course_5/model.config
[16.592s] -- Up-to-date: /home/rileychron111/Documents/GitHub/VRX_NUMarine/install/share/vrx_gz/models/robotx_light_buoy_rgb
[16.592s] -- Up-to-date: /home/rileychron111/Documents/GitHub/VRX_NUMarine/install/share/vrx_gz/models/robotx_light_buoy_rgb/model.sdf
[16.592s] -- Up-to-date: /home/rileychron111/Documents/GitHub/VRX_NUMarine/install/share/vrx_gz/models/robotx_light_buoy_rgb/mesh
[16.592s] -- Up-to-date: /home/rileychron111/Documents/GitHub/VRX_NUMarine/install/share/vrx_gz/models/robotx_light_buoy_rgb/mesh/LightTower_Albedo.png
[16.592s] -- Up-to-date: /home/rileychron111/Documents/GitHub/VRX_NUMarine/install/share/vrx_gz/models/robotx_light_buoy_rgb/mesh/LightTower_Roughness.png
[16.592s] -- Up-to-date: /home/rileychron111/Documents/GitHub/VRX_NUMarine/install/share/vrx_gz/models/robotx_light_buoy_rgb/mesh/robotx_light_buoy.dae
[16.592s] -- Up-to-date: /home/rileychron111/Documents/GitHub/VRX_NUMarine/install/share/vrx_gz/models/robotx_light_buoy_rgb/mesh/LightTower_Opacity.png
[16.592s] -- Up-to-date: /home/rileychron111/Documents/GitHub/VRX_NUMarine/install/share/vrx_gz/models/robotx_light_buoy_rgb/mesh/LightTower_Normal.png
[16.592s] -- Up-to-date: /home/rileychron111/Documents/GitHub/VRX_NUMarine/install/share/vrx_gz/models/robotx_light_buoy_rgb/mesh/LightTower_Metalness.png
[16.592s] -- Up-to-date: /home/rileychron111/Documents/GitHub/VRX_NUMarine/install/share/vrx_gz/models/robotx_light_buoy_rgb/model.config
[16.592s] -- Up-to-date: /home/rileychron111/Documents/GitHub/VRX_NUMarine/install/share/vrx_gz/models/euro pallet
[16.592s] -- Up-to-date: /home/rileychron111/Documents/GitHub/VRX_NUMarine/install/share/vrx_gz/models/euro pallet/model.sdf
[16.592s] -- Up-to-date: /home/rileychron111/Documents/GitHub/VRX_NUMarine/install/share/vrx_gz/models/euro pallet/model.config
[16.592s] -- Up-to-date: /home/rileychron111/Documents/GitHub/VRX_NUMarine/install/share/vrx_gz/models/euro pallet/meshes
[16.592s] -- Up-to-date: /home/rileychron111/Documents/GitHub/VRX_NUMarine/install/share/vrx_gz/models/euro pallet/meshes/pallet.dae
[16.592s] -- Up-to-date: /home/rileychron111/Documents/GitHub/VRX_NUMarine/install/share/vrx_gz/models/euro pallet/thumbnails
[16.592s] -- Up-to-date: /home/rileychron111/Documents/GitHub/VRX_NUMarine/install/share/vrx_gz/models/euro pallet/thumbnails/3.png
[16.592s] -- Up-to-date: /home/rileychron111/Documents/GitHub/VRX_NUMarine/install/share/vrx_gz/models/euro pallet/thumbnails/4.png
[16.592s] -- Up-to-date: /home/rileychron111/Documents/GitHub/VRX_NUMarine/install/share/vrx_gz/models/euro pallet/thumbnails/1.png
[16.592s] -- Up-to-date: /home/rileychron111/Documents/GitHub/VRX_NUMarine/install/share/vrx_gz/models/euro pallet/thumbnails/5.png
[16.592s] -- Up-to-date: /home/rileychron111/Documents/GitHub/VRX_NUMarine/install/share/vrx_gz/models/euro pallet/thumbnails/2.png
[16.592s] -- Up-to-date: /home/rileychron111/Documents/GitHub/VRX_NUMarine/install/share/vrx_gz/models/mb_marker_buoy_green
[16.593s] -- Up-to-date: /home/rileychron111/Documents/GitHub/VRX_NUMarine/install/share/vrx_gz/models/mb_marker_buoy_green/model.sdf
[16.593s] -- Up-to-date: /home/rileychron111/Documents/GitHub/VRX_NUMarine/install/share/vrx_gz/models/mb_marker_buoy_green/model.config
[16.593s] -- Up-to-date: /home/rileychron111/Documents/GitHub/VRX_NUMarine/install/share/vrx_gz/models/mb_marker_buoy_green/thumbnails
[16.593s] -- Up-to-date: /home/rileychron111/Documents/GitHub/VRX_NUMarine/install/share/vrx_gz/models/mb_marker_buoy_green/thumbnails/3.png
[16.593s] -- Up-to-date: /home/rileychron111/Documents/GitHub/VRX_NUMarine/install/share/vrx_gz/models/mb_marker_buoy_green/thumbnails/4.png
[16.593s] -- Up-to-date: /home/rileychron111/Documents/GitHub/VRX_NUMarine/install/share/vrx_gz/models/mb_marker_buoy_green/thumbnails/1.png
[16.593s] -- Up-to-date: /home/rileychron111/Documents/GitHub/VRX_NUMarine/install/share/vrx_gz/models/mb_marker_buoy_green/thumbnails/5.png
[16.593s] -- Up-to-date: /home/rileychron111/Documents/GitHub/VRX_NUMarine/install/share/vrx_gz/models/mb_marker_buoy_green/thumbnails/2.png
[16.593s] -- Up-to-date: /home/rileychron111/Documents/GitHub/VRX_NUMarine/install/share/vrx_gz/models/antenna
[16.593s] -- Up-to-date: /home/rileychron111/Documents/GitHub/VRX_NUMarine/install/share/vrx_gz/models/antenna/model.sdf
[16.593s] -- Up-to-date: /home/rileychron111/Documents/GitHub/VRX_NUMarine/install/share/vrx_gz/models/antenna/model.config
[16.593s] -- Up-to-date: /home/rileychron111/Documents/GitHub/VRX_NUMarine/install/share/vrx_gz/models/antenna/meshes
[16.593s] -- Up-to-date: /home/rileychron111/Documents/GitHub/VRX_NUMarine/install/share/vrx_gz/models/antenna/meshes/antenna.png
[16.593s] -- Up-to-date: /home/rileychron111/Documents/GitHub/VRX_NUMarine/install/share/vrx_gz/models/antenna/meshes/antenna.dae
[16.593s] -- Up-to-date: /home/rileychron111/Documents/GitHub/VRX_NUMarine/install/share/vrx_gz/models/antenna/thumbnails
[16.593s] -- Up-to-date: /home/rileychron111/Documents/GitHub/VRX_NUMarine/install/share/vrx_gz/models/antenna/thumbnails/3.png
[16.593s] -- Up-to-date: /home/rileychron111/Documents/GitHub/VRX_NUMarine/install/share/vrx_gz/models/antenna/thumbnails/4.png
[16.593s] -- Up-to-date: /home/rileychron111/Documents/GitHub/VRX_NUMarine/install/share/vrx_gz/models/antenna/thumbnails/1.png
[16.593s] -- Up-to-date: /home/rileychron111/Documents/GitHub/VRX_NUMarine/install/share/vrx_gz/models/antenna/thumbnails/5.png
[16.593s] -- Up-to-date: /home/rileychron111/Documents/GitHub/VRX_NUMarine/install/share/vrx_gz/models/antenna/thumbnails/2.png
[16.593s] -- Up-to-date: /home/rileychron111/Documents/GitHub/VRX_NUMarine/install/share/vrx_gz/models/mb_round_buoy_orange
[16.593s] -- Up-to-date: /home/rileychron111/Documents/GitHub/VRX_NUMarine/install/share/vrx_gz/models/mb_round_buoy_orange/model.sdf
[16.593s] -- Up-to-date: /home/rileychron111/Documents/GitHub/VRX_NUMarine/install/share/vrx_gz/models/mb_round_buoy_orange/model.config
[16.593s] -- Up-to-date: /home/rileychron111/Documents/GitHub/VRX_NUMarine/install/share/vrx_gz/models/mb_round_buoy_orange/meshes
[16.593s] -- Up-to-date: /home/rileychron111/Documents/GitHub/VRX_NUMarine/install/share/vrx_gz/models/mb_round_buoy_orange/meshes/mb_round_buoy.dae
[16.593s] -- Up-to-date: /home/rileychron111/Documents/GitHub/VRX_NUMarine/install/share/vrx_gz/models/mb_round_buoy_orange/thumbnails
[16.593s] -- Up-to-date: /home/rileychron111/Documents/GitHub/VRX_NUMarine/install/share/vrx_gz/models/mb_round_buoy_orange/thumbnails/3.png
[16.593s] -- Up-to-date: /home/rileychron111/Documents/GitHub/VRX_NUMarine/install/share/vrx_gz/models/mb_round_buoy_orange/thumbnails/4.png
[16.593s] -- Up-to-date: /home/rileychron111/Documents/GitHub/VRX_NUMarine/install/share/vrx_gz/models/mb_round_buoy_orange/thumbnails/1.png
[16.593s] -- Up-to-date: /home/rileychron111/Documents/GitHub/VRX_NUMarine/install/share/vrx_gz/models/mb_round_buoy_orange/thumbnails/5.png
[16.593s] -- Up-to-date: /home/rileychron111/Documents/GitHub/VRX_NUMarine/install/share/vrx_gz/models/mb_round_buoy_orange/thumbnails/2.png
[16.593s] -- Up-to-date: /home/rileychron111/Documents/GitHub/VRX_NUMarine/install/share/vrx_gz/models/mb_round_buoy_orange/materials
[16.593s] -- Up-to-date: /home/rileychron111/Documents/GitHub/VRX_NUMarine/install/share/vrx_gz/models/mb_round_buoy_orange/materials/textures
[16.593s] -- Up-to-date: /home/rileychron111/Documents/GitHub/VRX_NUMarine/install/share/vrx_gz/models/mb_round_buoy_orange/materials/textures/RoundBarrierBuoy_Base_Color.png
[16.593s] -- Up-to-date: /home/rileychron111/Documents/GitHub/VRX_NUMarine/install/share/vrx_gz/models/mb_round_buoy_orange/materials/textures/RoundBarrierBuoy_Roughness.png
[16.593s] -- Up-to-date: /home/rileychron111/Documents/GitHub/VRX_NUMarine/install/share/vrx_gz/models/dock_2022
[16.593s] -- Up-to-date: /home/rileychron111/Documents/GitHub/VRX_NUMarine/install/share/vrx_gz/models/dock_2022/model.sdf
[16.593s] -- Up-to-date: /home/rileychron111/Documents/GitHub/VRX_NUMarine/install/share/vrx_gz/models/dock_2022/model.config
[16.593s] -- Up-to-date: /home/rileychron111/Documents/GitHub/VRX_NUMarine/install/share/vrx_gz/worlds
[16.593s] -- Up-to-date: /home/rileychron111/Documents/GitHub/VRX_NUMarine/install/share/vrx_gz/worlds/follow_path_task.sdf
[16.593s] -- Up-to-date: /home/rileychron111/Documents/GitHub/VRX_NUMarine/install/share/vrx_gz/worlds/stationkeeping_task.sdf
[16.594s] -- Up-to-date: /home/rileychron111/Documents/GitHub/VRX_NUMarine/install/share/vrx_gz/worlds/gymkhana_task.sdf
[16.594s] -- Up-to-date: /home/rileychron111/Documents/GitHub/VRX_NUMarine/install/share/vrx_gz/worlds/acoustic_tracking_task.sdf
[16.594s] -- Up-to-date: /home/rileychron111/Documents/GitHub/VRX_NUMarine/install/share/vrx_gz/worlds/perception_task.sdf
[16.594s] -- Up-to-date: /home/rileychron111/Documents/GitHub/VRX_NUMarine/install/share/vrx_gz/worlds/navigation_task.sdf
[16.594s] -- Up-to-date: /home/rileychron111/Documents/GitHub/VRX_NUMarine/install/share/vrx_gz/worlds/nbpark.sdf
[16.594s] -- Up-to-date: /home/rileychron111/Documents/GitHub/VRX_NUMarine/install/share/vrx_gz/worlds/sydney_regatta.sdf
[16.594s] -- Up-to-date: /home/rileychron111/Documents/GitHub/VRX_NUMarine/install/share/vrx_gz/worlds/wayfinding_task.sdf
[16.594s] -- Up-to-date: /home/rileychron111/Documents/GitHub/VRX_NUMarine/install/share/vrx_gz/worlds/wildlife_task.sdf
[16.594s] -- Up-to-date: /home/rileychron111/Documents/GitHub/VRX_NUMarine/install/share/vrx_gz/worlds/scan_dock_deliver_task.sdf
[16.594s] -- Up-to-date: /home/rileychron111/Documents/GitHub/VRX_NUMarine/install/share/vrx_gz/worlds/acoustic_perception_task.sdf
[16.594s] -- Up-to-date: /home/rileychron111/Documents/GitHub/VRX_NUMarine/install/share/vrx_gz/worlds/2023_practice
[16.594s] -- Up-to-date: /home/rileychron111/Documents/GitHub/VRX_NUMarine/install/share/vrx_gz/worlds/2023_practice/practice_2023_follow_path0_task.sdf
[16.594s] -- Up-to-date: /home/rileychron111/Documents/GitHub/VRX_NUMarine/install/share/vrx_gz/worlds/2023_practice/practice_2023_scan_dock_deliver0_task.sdf
[16.594s] -- Up-to-date: /home/rileychron111/Documents/GitHub/VRX_NUMarine/install/share/vrx_gz/worlds/2023_practice/practice_2023_scan_dock_deliver2_task.sdf
[16.594s] -- Up-to-date: /home/rileychron111/Documents/GitHub/VRX_NUMarine/install/share/vrx_gz/worlds/2023_practice/practice_2023_acoustic_tracking1_task.sdf
[16.594s] -- Up-to-date: /home/rileychron111/Documents/GitHub/VRX_NUMarine/install/share/vrx_gz/worlds/2023_practice/practice_2023_acoustic_perception0_task.sdf
[16.594s] -- Up-to-date: /home/rileychron111/Documents/GitHub/VRX_NUMarine/install/share/vrx_gz/worlds/2023_practice/practice_2023_wildlife2_task.sdf
[16.594s] -- Up-to-date: /home/rileychron111/Documents/GitHub/VRX_NUMarine/install/share/vrx_gz/worlds/2023_practice/practice_2023_wildlife1_task.sdf
[16.594s] -- Up-to-date: /home/rileychron111/Documents/GitHub/VRX_NUMarine/install/share/vrx_gz/worlds/2023_practice/practice_2023_acoustic_perception2_task.sdf
[16.594s] -- Up-to-date: /home/rileychron111/Documents/GitHub/VRX_NUMarine/install/share/vrx_gz/worlds/2023_practice/practice_2023_perception0_task.sdf
[16.594s] -- Up-to-date: /home/rileychron111/Documents/GitHub/VRX_NUMarine/install/share/vrx_gz/worlds/2023_practice/practice_2023_scan_dock_deliver1_task.sdf
[16.594s] -- Up-to-date: /home/rileychron111/Documents/GitHub/VRX_NUMarine/install/share/vrx_gz/worlds/2023_practice/practice_2023_wayfinding1_task.sdf
[16.594s] -- Up-to-date: /home/rileychron111/Documents/GitHub/VRX_NUMarine/install/share/vrx_gz/worlds/2023_practice/practice_2023_acoustic_tracking0_task.sdf
[16.594s] -- Up-to-date: /home/rileychron111/Documents/GitHub/VRX_NUMarine/install/share/vrx_gz/worlds/2023_practice/practice_2023_follow_path1_task.sdf
[16.594s] -- Up-to-date: /home/rileychron111/Documents/GitHub/VRX_NUMarine/install/share/vrx_gz/worlds/2023_practice/practice_2023_follow_path2_task.sdf
[16.594s] -- Up-to-date: /home/rileychron111/Documents/GitHub/VRX_NUMarine/install/share/vrx_gz/worlds/2023_practice/practice_2023_acoustic_tracking2_task.sdf
[16.594s] -- Up-to-date: /home/rileychron111/Documents/GitHub/VRX_NUMarine/install/share/vrx_gz/worlds/2023_practice/practice_2023_stationkeeping2_task.sdf
[16.594s] -- Up-to-date: /home/rileychron111/Documents/GitHub/VRX_NUMarine/install/share/vrx_gz/worlds/2023_practice/practice_2023_wayfinding2_task.sdf
[16.594s] -- Up-to-date: /home/rileychron111/Documents/GitHub/VRX_NUMarine/install/share/vrx_gz/worlds/2023_practice/practice_2023_wayfinding0_task.sdf
[16.594s] -- Up-to-date: /home/rileychron111/Documents/GitHub/VRX_NUMarine/install/share/vrx_gz/worlds/2023_practice/practice_2023_wildlife0_task.sdf
[16.594s] -- Up-to-date: /home/rileychron111/Documents/GitHub/VRX_NUMarine/install/share/vrx_gz/worlds/2023_practice/practice_2023_stationkeeping1_task.sdf
[16.594s] -- Up-to-date: /home/rileychron111/Documents/GitHub/VRX_NUMarine/install/share/vrx_gz/worlds/2023_practice/practice_2023_acoustic_perception1_task.sdf
[16.594s] -- Up-to-date: /home/rileychron111/Documents/GitHub/VRX_NUMarine/install/share/vrx_gz/worlds/2023_practice/practice_2023_perception1_task.sdf
[16.594s] -- Up-to-date: /home/rileychron111/Documents/GitHub/VRX_NUMarine/install/share/vrx_gz/worlds/2023_practice/practice_2023_perception2_task.sdf
[16.594s] -- Up-to-date: /home/rileychron111/Documents/GitHub/VRX_NUMarine/install/share/vrx_gz/worlds/2023_practice/practice_2023_stationkeeping0_task.sdf
[16.594s] -- Installing: /home/rileychron111/Documents/GitHub/VRX_NUMarine/install/share/ament_index/resource_index/package_run_dependencies/vrx_gz
[16.594s] -- Installing: /home/rileychron111/Documents/GitHub/VRX_NUMarine/install/share/ament_index/resource_index/parent_prefix_path/vrx_gz
[16.594s] -- Installing: /home/rileychron111/Documents/GitHub/VRX_NUMarine/install/share/vrx_gz/environment/ament_prefix_path.sh
[16.594s] -- Installing: /home/rileychron111/Documents/GitHub/VRX_NUMarine/install/share/vrx_gz/environment/ament_prefix_path.dsv
[16.594s] -- Installing: /home/rileychron111/Documents/GitHub/VRX_NUMarine/install/share/vrx_gz/environment/path.sh
[16.594s] -- Installing: /home/rileychron111/Documents/GitHub/VRX_NUMarine/install/share/vrx_gz/environment/path.dsv
[16.594s] -- Installing: /home/rileychron111/Documents/GitHub/VRX_NUMarine/install/share/vrx_gz/local_setup.bash
[16.595s] -- Installing: /home/rileychron111/Documents/GitHub/VRX_NUMarine/install/share/vrx_gz/local_setup.sh
[16.595s] -- Installing: /home/rileychron111/Documents/GitHub/VRX_NUMarine/install/share/vrx_gz/local_setup.zsh
[16.595s] -- Installing: /home/rileychron111/Documents/GitHub/VRX_NUMarine/install/share/vrx_gz/local_setup.dsv
[16.595s] -- Installing: /home/rileychron111/Documents/GitHub/VRX_NUMarine/install/share/vrx_gz/package.dsv
[16.595s] -- Installing: /home/rileychron111/Documents/GitHub/VRX_NUMarine/install/share/ament_index/resource_index/packages/vrx_gz
[16.595s] -- Installing: /home/rileychron111/Documents/GitHub/VRX_NUMarine/install/share/vrx_gz/cmake/vrx_gzConfig.cmake
[16.595s] -- Installing: /home/rileychron111/Documents/GitHub/VRX_NUMarine/install/share/vrx_gz/cmake/vrx_gzConfig-version.cmake
[16.595s] -- Up-to-date: /home/rileychron111/Documents/GitHub/VRX_NUMarine/install/share/vrx_gz/package.xml
[16.595s] Invoked command in '/home/rileychron111/Documents/GitHub/VRX_NUMarine/build/vrx_gz' returned '0': AMENT_PREFIX_PATH=/home/rileychron111/Documents/GitHub/VRX_NUMarine/install:${AMENT_PREFIX_PATH} CMAKE_PREFIX_PATH=/home/rileychron111/Documents/GitHub/VRX_NUMarine/install:/opt/ros/humble LD_LIBRARY_PATH=/home/rileychron111/Documents/GitHub/VRX_NUMarine/install/lib:${LD_LIBRARY_PATH} /usr/bin/cmake --install /home/rileychron111/Documents/GitHub/VRX_NUMarine/build/vrx_gz
