[35m[1mConsolidate compiler generated dependencies of target usv_teleop[0m
[100%] Built target usv_teleop
-- Install configuration: ""
-- Installing: /home/rileychron111/Documents/GitHub/VRX_NUMarine/install/lib/teleop_cpp_ros2/usv_teleop
-- Set runtime path of "/home/rileychron111/Documents/GitHub/VRX_NUMarine/install/lib/teleop_cpp_ros2/usv_teleop" to ""
-- Installing: /home/rileychron111/Documents/GitHub/VRX_NUMarine/install/share/ament_index/resource_index/package_run_dependencies/teleop_cpp_ros2
-- Installing: /home/rileychron111/Documents/GitHub/VRX_NUMarine/install/share/ament_index/resource_index/parent_prefix_path/teleop_cpp_ros2
-- Installing: /home/rileychron111/Documents/GitHub/VRX_NUMarine/install/share/teleop_cpp_ros2/environment/ament_prefix_path.sh
-- Installing: /home/rileychron111/Documents/GitHub/VRX_NUMarine/install/share/teleop_cpp_ros2/environment/ament_prefix_path.dsv
-- Installing: /home/rileychron111/Documents/GitHub/VRX_NUMarine/install/share/teleop_cpp_ros2/environment/path.sh
-- Installing: /home/rileychron111/Documents/GitHub/VRX_NUMarine/install/share/teleop_cpp_ros2/environment/path.dsv
-- Installing: /home/rileychron111/Documents/GitHub/VRX_NUMarine/install/share/teleop_cpp_ros2/local_setup.bash
-- Installing: /home/rileychron111/Documents/GitHub/VRX_NUMarine/install/share/teleop_cpp_ros2/local_setup.sh
-- Installing: /home/rileychron111/Documents/GitHub/VRX_NUMarine/install/share/teleop_cpp_ros2/local_setup.zsh
-- Installing: /home/rileychron111/Documents/GitHub/VRX_NUMarine/install/share/teleop_cpp_ros2/local_setup.dsv
-- Installing: /home/rileychron111/Documents/GitHub/VRX_NUMarine/install/share/teleop_cpp_ros2/package.dsv
-- Installing: /home/rileychron111/Documents/GitHub/VRX_NUMarine/install/share/ament_index/resource_index/packages/teleop_cpp_ros2
-- Installing: /home/rileychron111/Documents/GitHub/VRX_NUMarine/install/share/teleop_cpp_ros2/cmake/teleop_cpp_ros2Config.cmake
-- Installing: /home/rileychron111/Documents/GitHub/VRX_NUMarine/install/share/teleop_cpp_ros2/cmake/teleop_cpp_ros2Config-version.cmake
-- Installing: /home/rileychron111/Documents/GitHub/VRX_NUMarine/install/share/teleop_cpp_ros2/package.xml
