[100%] [34m[1mxacro: generating urdf/wamv_base.urdf from urdf/wamv_base.urdf.xacro[0m
[100%] Built target wamv_description__xacro_auto_generate
-- Install configuration: ""
-- Installing: /home/rileychron111/Documents/GitHub/VRX_NUMarine/install/share/wamv_description/environment/resource_paths.dsv
-- Installing: /home/rileychron111/Documents/GitHub/VRX_NUMarine/install/share/wamv_description/environment/resource_paths.sh
-- Installing: /home/rileychron111/Documents/GitHub/VRX_NUMarine/install/share/wamv_description/urdf/wamv_base.urdf
-- Installing: /home/rileychron111/Documents/GitHub/VRX_NUMarine/install/share/wamv_description/models
-- Installing: /home/rileychron111/Documents/GitHub/VRX_NUMarine/install/share/wamv_description/models/propeller
-- Installing: /home/rileychron111/Documents/GitHub/VRX_NUMarine/install/share/wamv_description/models/propeller/mesh
-- Installing: /home/rileychron111/Documents/GitHub/VRX_NUMarine/install/share/wamv_description/models/propeller/mesh/propeller.dae
-- Installing: /home/rileychron111/Documents/GitHub/VRX_NUMarine/install/share/wamv_description/models/propeller/model.config
-- Installing: /home/rileychron111/Documents/GitHub/VRX_NUMarine/install/share/wamv_description/models/engine
-- Installing: /home/rileychron111/Documents/GitHub/VRX_NUMarine/install/share/wamv_description/models/engine/mesh
-- Installing: /home/rileychron111/Documents/GitHub/VRX_NUMarine/install/share/wamv_description/models/engine/mesh/engine.dae
-- Installing: /home/rileychron111/Documents/GitHub/VRX_NUMarine/install/share/wamv_description/models/engine/model.config
-- Installing: /home/rileychron111/Documents/GitHub/VRX_NUMarine/install/share/wamv_description/models/WAM-V-Base
-- Installing: /home/rileychron111/Documents/GitHub/VRX_NUMarine/install/share/wamv_description/models/WAM-V-Base/mesh
-- Installing: /home/rileychron111/Documents/GitHub/VRX_NUMarine/install/share/wamv_description/models/WAM-V-Base/mesh/WAM-V_Metalness.png
-- Installing: /home/rileychron111/Documents/GitHub/VRX_NUMarine/install/share/wamv_description/models/WAM-V-Base/mesh/WAM-V-Base.dae
-- Installing: /home/rileychron111/Documents/GitHub/VRX_NUMarine/install/share/wamv_description/models/WAM-V-Base/mesh/WAM-V_Albedo.png
-- Installing: /home/rileychron111/Documents/GitHub/VRX_NUMarine/install/share/wamv_description/models/WAM-V-Base/mesh/WAM-V_Normal.png
-- Installing: /home/rileychron111/Documents/GitHub/VRX_NUMarine/install/share/wamv_description/models/WAM-V-Base/mesh/WamV.png
-- Installing: /home/rileychron111/Documents/GitHub/VRX_NUMarine/install/share/wamv_description/models/WAM-V-Base/mesh/WAM-V_Roughness.png
-- Installing: /home/rileychron111/Documents/GitHub/VRX_NUMarine/install/share/wamv_description/models/WAM-V-Base/model.config
-- Up-to-date: /home/rileychron111/Documents/GitHub/VRX_NUMarine/install/share/wamv_description/urdf
-- Installing: /home/rileychron111/Documents/GitHub/VRX_NUMarine/install/share/wamv_description/urdf/battery.xacro
-- Installing: /home/rileychron111/Documents/GitHub/VRX_NUMarine/install/share/wamv_description/urdf/thrusters
-- Installing: /home/rileychron111/Documents/GitHub/VRX_NUMarine/install/share/wamv_description/urdf/thrusters/engine.xacro
-- Installing: /home/rileychron111/Documents/GitHub/VRX_NUMarine/install/share/wamv_description/urdf/wamv_base.urdf.xacro
-- Installing: /home/rileychron111/Documents/GitHub/VRX_NUMarine/install/share/wamv_description/urdf/cpu_cases.xacro
-- Installing: /home/rileychron111/Documents/GitHub/VRX_NUMarine/install/share/ament_index/resource_index/package_run_dependencies/wamv_description
-- Installing: /home/rileychron111/Documents/GitHub/VRX_NUMarine/install/share/ament_index/resource_index/parent_prefix_path/wamv_description
-- Installing: /home/rileychron111/Documents/GitHub/VRX_NUMarine/install/share/wamv_description/environment/ament_prefix_path.sh
-- Installing: /home/rileychron111/Documents/GitHub/VRX_NUMarine/install/share/wamv_description/environment/ament_prefix_path.dsv
-- Installing: /home/rileychron111/Documents/GitHub/VRX_NUMarine/install/share/wamv_description/environment/path.sh
-- Installing: /home/rileychron111/Documents/GitHub/VRX_NUMarine/install/share/wamv_description/environment/path.dsv
-- Installing: /home/rileychron111/Documents/GitHub/VRX_NUMarine/install/share/wamv_description/local_setup.bash
-- Installing: /home/rileychron111/Documents/GitHub/VRX_NUMarine/install/share/wamv_description/local_setup.sh
-- Installing: /home/rileychron111/Documents/GitHub/VRX_NUMarine/install/share/wamv_description/local_setup.zsh
-- Installing: /home/rileychron111/Documents/GitHub/VRX_NUMarine/install/share/wamv_description/local_setup.dsv
-- Installing: /home/rileychron111/Documents/GitHub/VRX_NUMarine/install/share/wamv_description/package.dsv
-- Installing: /home/rileychron111/Documents/GitHub/VRX_NUMarine/install/share/ament_index/resource_index/packages/wamv_description
-- Installing: /home/rileychron111/Documents/GitHub/VRX_NUMarine/install/share/wamv_description/cmake/wamv_descriptionConfig.cmake
-- Installing: /home/rileychron111/Documents/GitHub/VRX_NUMarine/install/share/wamv_description/cmake/wamv_descriptionConfig-version.cmake
-- Installing: /home/rileychron111/Documents/GitHub/VRX_NUMarine/install/share/wamv_description/package.xml
