[0.012s] Invoking command in '/home/jain/Documents/GitHub/VRX_NUMarine/build/wamv_gazebo': AMENT_PREFIX_PATH=/home/jain/Documents/GitHub/VRX_NUMarine/install:${AMENT_PREFIX_PATH} CMAKE_PREFIX_PATH=/home/jain/Documents/GitHub/VRX_NUMarine/install:/opt/ros/humble GZ_SIM_RESOURCE_PATH=/home/jain/Documents/GitHub/VRX_NUMarine/install/share/wamv_description/models:/home/jain/Documents/GitHub/VRX_NUMarine/install/share/vrx_gazebo/models:/home/jain/Documents/GitHub/VRX_NUMarine/install/share PYTHONPATH=/home/jain/Documents/GitHub/VRX_NUMarine/install/local/lib/python3.10/dist-packages:${PYTHONPATH} /usr/bin/cmake /home/jain/Documents/GitHub/VRX_NUMarine/src/vrx/ros_packages/vrx_urdf/wamv_gazebo -DCMAKE_INSTALL_PREFIX=/home/jain/Documents/GitHub/VRX_NUMarine/install
[0.074s] -- The C compiler identification is GNU 11.4.0
[0.134s] -- The CXX compiler identification is GNU 11.4.0
[0.143s] -- Detecting C compiler ABI info
[0.217s] -- Detecting C compiler ABI info - done
[0.234s] -- Check for working C compiler: /usr/bin/cc - skipped
[0.235s] -- Detecting C compile features
[0.235s] -- Detecting C compile features - done
[0.241s] -- Detecting CXX compiler ABI info
[0.348s] -- Detecting CXX compiler ABI info - done
[0.361s] -- Check for working CXX compiler: /usr/bin/c++ - skipped
[0.362s] -- Detecting CXX compile features
[0.363s] -- Detecting CXX compile features - done
[0.367s] -- Found ament_cmake: 1.3.9 (/opt/ros/humble/share/ament_cmake/cmake)
[0.539s] -- Found Python3: /usr/bin/python3 (found version "3.10.12") found components: Interpreter 
[0.641s] -- Found xacro: 2.0.8 (/opt/ros/humble/share/xacro/cmake)
[0.642s] -- Found wamv_description: 1.3.0 (/home/jain/Documents/GitHub/VRX_NUMarine/install/share/wamv_description/cmake)
[0.726s] -- Configuring done
[0.729s] -- Generating done
[0.730s] -- Build files have been written to: /home/jain/Documents/GitHub/VRX_NUMarine/build/wamv_gazebo
[0.736s] Invoked command in '/home/jain/Documents/GitHub/VRX_NUMarine/build/wamv_gazebo' returned '0': AMENT_PREFIX_PATH=/home/jain/Documents/GitHub/VRX_NUMarine/install:${AMENT_PREFIX_PATH} CMAKE_PREFIX_PATH=/home/jain/Documents/GitHub/VRX_NUMarine/install:/opt/ros/humble GZ_SIM_RESOURCE_PATH=/home/jain/Documents/GitHub/VRX_NUMarine/install/share/wamv_description/models:/home/jain/Documents/GitHub/VRX_NUMarine/install/share/vrx_gazebo/models:/home/jain/Documents/GitHub/VRX_NUMarine/install/share PYTHONPATH=/home/jain/Documents/GitHub/VRX_NUMarine/install/local/lib/python3.10/dist-packages:${PYTHONPATH} /usr/bin/cmake /home/jain/Documents/GitHub/VRX_NUMarine/src/vrx/ros_packages/vrx_urdf/wamv_gazebo -DCMAKE_INSTALL_PREFIX=/home/jain/Documents/GitHub/VRX_NUMarine/install
[0.738s] Invoking command in '/home/jain/Documents/GitHub/VRX_NUMarine/build/wamv_gazebo': AMENT_PREFIX_PATH=/home/jain/Documents/GitHub/VRX_NUMarine/install:${AMENT_PREFIX_PATH} CMAKE_PREFIX_PATH=/home/jain/Documents/GitHub/VRX_NUMarine/install:/opt/ros/humble GZ_SIM_RESOURCE_PATH=/home/jain/Documents/GitHub/VRX_NUMarine/install/share/wamv_description/models:/home/jain/Documents/GitHub/VRX_NUMarine/install/share/vrx_gazebo/models:/home/jain/Documents/GitHub/VRX_NUMarine/install/share PYTHONPATH=/home/jain/Documents/GitHub/VRX_NUMarine/install/local/lib/python3.10/dist-packages:${PYTHONPATH} /usr/bin/cmake --build /home/jain/Documents/GitHub/VRX_NUMarine/build/wamv_gazebo -- -j8 -l8
[0.784s] Invoked command in '/home/jain/Documents/GitHub/VRX_NUMarine/build/wamv_gazebo' returned '0': AMENT_PREFIX_PATH=/home/jain/Documents/GitHub/VRX_NUMarine/install:${AMENT_PREFIX_PATH} CMAKE_PREFIX_PATH=/home/jain/Documents/GitHub/VRX_NUMarine/install:/opt/ros/humble GZ_SIM_RESOURCE_PATH=/home/jain/Documents/GitHub/VRX_NUMarine/install/share/wamv_description/models:/home/jain/Documents/GitHub/VRX_NUMarine/install/share/vrx_gazebo/models:/home/jain/Documents/GitHub/VRX_NUMarine/install/share PYTHONPATH=/home/jain/Documents/GitHub/VRX_NUMarine/install/local/lib/python3.10/dist-packages:${PYTHONPATH} /usr/bin/cmake --build /home/jain/Documents/GitHub/VRX_NUMarine/build/wamv_gazebo -- -j8 -l8
[0.809s] Invoking command in '/home/jain/Documents/GitHub/VRX_NUMarine/build/wamv_gazebo': AMENT_PREFIX_PATH=/home/jain/Documents/GitHub/VRX_NUMarine/install:${AMENT_PREFIX_PATH} CMAKE_PREFIX_PATH=/home/jain/Documents/GitHub/VRX_NUMarine/install:/opt/ros/humble GZ_SIM_RESOURCE_PATH=/home/jain/Documents/GitHub/VRX_NUMarine/install/share/wamv_description/models:/home/jain/Documents/GitHub/VRX_NUMarine/install/share/vrx_gazebo/models:/home/jain/Documents/GitHub/VRX_NUMarine/install/share PYTHONPATH=/home/jain/Documents/GitHub/VRX_NUMarine/install/local/lib/python3.10/dist-packages:${PYTHONPATH} /usr/bin/cmake --install /home/jain/Documents/GitHub/VRX_NUMarine/build/wamv_gazebo
[0.817s] -- Install configuration: ""
[0.818s] -- Installing: /home/jain/Documents/GitHub/VRX_NUMarine/install/share/wamv_gazebo/models
[0.818s] -- Installing: /home/jain/Documents/GitHub/VRX_NUMarine/install/share/wamv_gazebo/models/gps
[0.818s] -- Installing: /home/jain/Documents/GitHub/VRX_NUMarine/install/share/wamv_gazebo/models/gps/mesh
[0.818s] -- Installing: /home/jain/Documents/GitHub/VRX_NUMarine/install/share/wamv_gazebo/models/gps/mesh/gps.png
[0.818s] -- Installing: /home/jain/Documents/GitHub/VRX_NUMarine/install/share/wamv_gazebo/models/gps/mesh/gps.dae
[0.819s] -- Installing: /home/jain/Documents/GitHub/VRX_NUMarine/install/share/wamv_gazebo/models/gps/model.config
[0.819s] -- Installing: /home/jain/Documents/GitHub/VRX_NUMarine/install/share/wamv_gazebo/urdf
[0.819s] -- Installing: /home/jain/Documents/GitHub/VRX_NUMarine/install/share/wamv_gazebo/urdf/macros.xacro
[0.820s] -- Installing: /home/jain/Documents/GitHub/VRX_NUMarine/install/share/wamv_gazebo/urdf/wamv_gazebo.xacro
[0.820s] -- Installing: /home/jain/Documents/GitHub/VRX_NUMarine/install/share/wamv_gazebo/urdf/wamv_gazebo.urdf.xacro
[0.820s] -- Installing: /home/jain/Documents/GitHub/VRX_NUMarine/install/share/wamv_gazebo/urdf/thruster_layouts
[0.820s] -- Installing: /home/jain/Documents/GitHub/VRX_NUMarine/install/share/wamv_gazebo/urdf/thruster_layouts/wamv_aft_thrusters.xacro
[0.820s] -- Installing: /home/jain/Documents/GitHub/VRX_NUMarine/install/share/wamv_gazebo/urdf/thruster_layouts/wamv_x_thrusters.xacro
[0.821s] -- Installing: /home/jain/Documents/GitHub/VRX_NUMarine/install/share/wamv_gazebo/urdf/thruster_layouts/wamv_t_thrusters.xacro
[0.821s] -- Installing: /home/jain/Documents/GitHub/VRX_NUMarine/install/share/wamv_gazebo/urdf/thruster_layouts/wamv_gazebo_thruster_config.xacro
[0.821s] -- Installing: /home/jain/Documents/GitHub/VRX_NUMarine/install/share/wamv_gazebo/urdf/dynamics
[0.821s] -- Installing: /home/jain/Documents/GitHub/VRX_NUMarine/install/share/wamv_gazebo/urdf/dynamics/wamv_gazebo_dynamics_plugin.xacro
[0.821s] -- Installing: /home/jain/Documents/GitHub/VRX_NUMarine/install/share/wamv_gazebo/urdf/components
[0.822s] -- Installing: /home/jain/Documents/GitHub/VRX_NUMarine/install/share/wamv_gazebo/urdf/components/lidar.xacro
[0.822s] -- Installing: /home/jain/Documents/GitHub/VRX_NUMarine/install/share/wamv_gazebo/urdf/components/ball_shooter.xacro
[0.822s] -- Installing: /home/jain/Documents/GitHub/VRX_NUMarine/install/share/wamv_gazebo/urdf/components/wamv_gps.xacro
[0.823s] -- Installing: /home/jain/Documents/GitHub/VRX_NUMarine/install/share/wamv_gazebo/urdf/components/wamv_3d_lidar.xacro
[0.823s] -- Installing: /home/jain/Documents/GitHub/VRX_NUMarine/install/share/wamv_gazebo/urdf/components/wamv_p3d.xacro
[0.823s] -- Installing: /home/jain/Documents/GitHub/VRX_NUMarine/install/share/wamv_gazebo/urdf/components/wamv_pinger.xacro
[0.823s] -- Installing: /home/jain/Documents/GitHub/VRX_NUMarine/install/share/wamv_gazebo/urdf/components/wamv_planar_lidar.xacro
[0.823s] -- Installing: /home/jain/Documents/GitHub/VRX_NUMarine/install/share/wamv_gazebo/urdf/components/wamv_camera.xacro
[0.824s] -- Installing: /home/jain/Documents/GitHub/VRX_NUMarine/install/share/wamv_gazebo/urdf/components/wamv_imu.xacro
[0.824s] -- Installing: /home/jain/Documents/GitHub/VRX_NUMarine/install/share/ament_index/resource_index/package_run_dependencies/wamv_gazebo
[0.824s] -- Installing: /home/jain/Documents/GitHub/VRX_NUMarine/install/share/ament_index/resource_index/parent_prefix_path/wamv_gazebo
[0.824s] -- Installing: /home/jain/Documents/GitHub/VRX_NUMarine/install/share/wamv_gazebo/environment/ament_prefix_path.sh
[0.824s] -- Installing: /home/jain/Documents/GitHub/VRX_NUMarine/install/share/wamv_gazebo/environment/ament_prefix_path.dsv
[0.825s] -- Installing: /home/jain/Documents/GitHub/VRX_NUMarine/install/share/wamv_gazebo/environment/path.sh
[0.825s] -- Installing: /home/jain/Documents/GitHub/VRX_NUMarine/install/share/wamv_gazebo/environment/path.dsv
[0.825s] -- Installing: /home/jain/Documents/GitHub/VRX_NUMarine/install/share/wamv_gazebo/local_setup.bash
[0.825s] -- Installing: /home/jain/Documents/GitHub/VRX_NUMarine/install/share/wamv_gazebo/local_setup.sh
[0.825s] -- Installing: /home/jain/Documents/GitHub/VRX_NUMarine/install/share/wamv_gazebo/local_setup.zsh
[0.826s] -- Installing: /home/jain/Documents/GitHub/VRX_NUMarine/install/share/wamv_gazebo/local_setup.dsv
[0.826s] -- Installing: /home/jain/Documents/GitHub/VRX_NUMarine/install/share/wamv_gazebo/package.dsv
[0.826s] -- Installing: /home/jain/Documents/GitHub/VRX_NUMarine/install/share/ament_index/resource_index/packages/wamv_gazebo
[0.826s] -- Installing: /home/jain/Documents/GitHub/VRX_NUMarine/install/share/wamv_gazebo/cmake/wamv_gazeboConfig.cmake
[0.826s] -- Installing: /home/jain/Documents/GitHub/VRX_NUMarine/install/share/wamv_gazebo/cmake/wamv_gazeboConfig-version.cmake
[0.826s] -- Installing: /home/jain/Documents/GitHub/VRX_NUMarine/install/share/wamv_gazebo/package.xml
[0.828s] Invoked command in '/home/jain/Documents/GitHub/VRX_NUMarine/build/wamv_gazebo' returned '0': AMENT_PREFIX_PATH=/home/jain/Documents/GitHub/VRX_NUMarine/install:${AMENT_PREFIX_PATH} CMAKE_PREFIX_PATH=/home/jain/Documents/GitHub/VRX_NUMarine/install:/opt/ros/humble GZ_SIM_RESOURCE_PATH=/home/jain/Documents/GitHub/VRX_NUMarine/install/share/wamv_description/models:/home/jain/Documents/GitHub/VRX_NUMarine/install/share/vrx_gazebo/models:/home/jain/Documents/GitHub/VRX_NUMarine/install/share PYTHONPATH=/home/jain/Documents/GitHub/VRX_NUMarine/install/local/lib/python3.10/dist-packages:${PYTHONPATH} /usr/bin/cmake --install /home/jain/Documents/GitHub/VRX_NUMarine/build/wamv_gazebo
