[0.082s] Invoking command in '/home/jain/Documents/GitHub/VRX_NUMarine/build/vrx_ros': CMAKE_PREFIX_PATH=${CMAKE_PREFIX_PATH}:/opt/ros/humble /usr/bin/cmake --build /home/jain/Documents/GitHub/VRX_NUMarine/build/vrx_ros -- -j8 -l8
[0.221s] [ 50%] Built target optical_frame_publisher
[0.247s] [100%] Built target pose_tf_broadcaster
[0.271s] Invoked command in '/home/jain/Documents/GitHub/VRX_NUMarine/build/vrx_ros' returned '0': CMAKE_PREFIX_PATH=${CMAKE_PREFIX_PATH}:/opt/ros/humble /usr/bin/cmake --build /home/jain/Documents/GitHub/VRX_NUMarine/build/vrx_ros -- -j8 -l8
[0.391s] Invoking command in '/home/jain/Documents/GitHub/VRX_NUMarine/build/vrx_ros': CMAKE_PREFIX_PATH=${CMAKE_PREFIX_PATH}:/opt/ros/humble /usr/bin/cmake --install /home/jain/Documents/GitHub/VRX_NUMarine/build/vrx_ros
[0.423s] -- Install configuration: ""
[0.426s] -- Up-to-date: /home/jain/Documents/GitHub/VRX_NUMarine/install/lib/vrx_ros/optical_frame_publisher
[0.426s] -- Up-to-date: /home/jain/Documents/GitHub/VRX_NUMarine/install/lib/vrx_ros/pose_tf_broadcaster
[0.427s] -- Up-to-date: /home/jain/Documents/GitHub/VRX_NUMarine/install/share/vrx_ros/launch
[0.427s] -- Up-to-date: /home/jain/Documents/GitHub/VRX_NUMarine/install/share/vrx_ros/launch/monitor_sim.py
[0.427s] -- Up-to-date: /home/jain/Documents/GitHub/VRX_NUMarine/install/share/ament_index/resource_index/package_run_dependencies/vrx_ros
[0.427s] -- Up-to-date: /home/jain/Documents/GitHub/VRX_NUMarine/install/share/ament_index/resource_index/parent_prefix_path/vrx_ros
[0.428s] -- Up-to-date: /home/jain/Documents/GitHub/VRX_NUMarine/install/share/vrx_ros/environment/ament_prefix_path.sh
[0.428s] -- Up-to-date: /home/jain/Documents/GitHub/VRX_NUMarine/install/share/vrx_ros/environment/ament_prefix_path.dsv
[0.428s] -- Up-to-date: /home/jain/Documents/GitHub/VRX_NUMarine/install/share/vrx_ros/environment/path.sh
[0.428s] -- Up-to-date: /home/jain/Documents/GitHub/VRX_NUMarine/install/share/vrx_ros/environment/path.dsv
[0.428s] -- Up-to-date: /home/jain/Documents/GitHub/VRX_NUMarine/install/share/vrx_ros/local_setup.bash
[0.428s] -- Up-to-date: /home/jain/Documents/GitHub/VRX_NUMarine/install/share/vrx_ros/local_setup.sh
[0.429s] -- Up-to-date: /home/jain/Documents/GitHub/VRX_NUMarine/install/share/vrx_ros/local_setup.zsh
[0.429s] -- Up-to-date: /home/jain/Documents/GitHub/VRX_NUMarine/install/share/vrx_ros/local_setup.dsv
[0.429s] -- Installing: /home/jain/Documents/GitHub/VRX_NUMarine/install/share/vrx_ros/package.dsv
[0.429s] -- Up-to-date: /home/jain/Documents/GitHub/VRX_NUMarine/install/share/ament_index/resource_index/packages/vrx_ros
[0.429s] -- Up-to-date: /home/jain/Documents/GitHub/VRX_NUMarine/install/share/vrx_ros/cmake/vrx_rosConfig.cmake
[0.429s] -- Up-to-date: /home/jain/Documents/GitHub/VRX_NUMarine/install/share/vrx_ros/cmake/vrx_rosConfig-version.cmake
[0.430s] -- Up-to-date: /home/jain/Documents/GitHub/VRX_NUMarine/install/share/vrx_ros/package.xml
[0.482s] Invoked command in '/home/jain/Documents/GitHub/VRX_NUMarine/build/vrx_ros' returned '0': CMAKE_PREFIX_PATH=${CMAKE_PREFIX_PATH}:/opt/ros/humble /usr/bin/cmake --install /home/jain/Documents/GitHub/VRX_NUMarine/build/vrx_ros
