[0.139s] Invoking command in '/home/rileychron111/Documents/GitHub/VRX_NUMarine/build/guidance_cpp': CMAKE_PREFIX_PATH=/opt/ros/humble /usr/bin/cmake --build /home/rileychron111/Documents/GitHub/VRX_NUMarine/build/guidance_cpp -- -j12 -l12
[0.267s] [35m[1mConsolidate compiler generated dependencies of target guidance_service[0m
[0.267s] [ 50%] [32mBuilding CXX object CMakeFiles/guidance_service.dir/src/guidance_service.cpp.o[0m
[1.669s] [01m[K/home/rileychron111/Documents/GitHub/VRX_NUMarine/src/vrx/ros_packages/guidance_cpp/src/guidance_service.cpp:[m[K In member function ‘[01m[Kvoid GuidanceService::set_waypoints()[m[K’:
[1.669s] [01m[K/home/rileychron111/Documents/GitHub/VRX_NUMarine/src/vrx/ros_packages/guidance_cpp/src/guidance_service.cpp:39:85:[m[K [01;31m[Kerror: [m[Kno match for ‘[01m[Koperator+[m[K’ (operand types are ‘[01m[Kconst ConstantReturnType[m[K’ {aka ‘[01m[Kconst Eigen::CwiseNullaryOp<Eigen::internal::scalar_constant_op<double>, Eigen::Matrix<double, -1, 1> >[m[K’} and ‘[01m[Kconst Eigen::CwiseBinaryOp<Eigen::internal::scalar_quotient_op<double, double>, const Eigen::ArrayWrapper<Eigen::Matrix<double, -1, 1> >, const Eigen::CwiseNullaryOp<Eigen::internal::scalar_constant_op<double>, const Eigen::Array<double, -1, 1> > >[m[K’)
[1.669s]    39 | latitudes = [32m[KEigen::VectorXd::Constant(n_points, origin_lat)[m[K [01;31m[K+[m[K [34m[Knorth_positions_vec.array() / METERS_PER_DEGREE_LATITUDE[m[K;
[1.669s]       |             [32m[K~~~~~~~~~~~~~~~~~~~~~~~~~~~~~~~~~~~~~~~~~~~~~~~[m[K [01;31m[K^[m[K [34m[K~~~~~~~~~~~~~~~~~~~~~~~~~~~~~~~~~~~~~~~~~~~~~~~~~~~~~~~~[m[K
[1.669s]       |                                      [32m[K|[m[K                                                    [34m[K|[m[K
[1.669s]       |                                      [32m[K|[m[K                                                    [34m[Kconst Eigen::CwiseBinaryOp<Eigen::internal::scalar_quotient_op<double, double>, const Eigen::ArrayWrapper<Eigen::Matrix<double, -1, 1> >, const Eigen::CwiseNullaryOp<Eigen::internal::scalar_constant_op<double>, const Eigen::Array<double, -1, 1> > >[m[K
[1.669s]       |                                      [32m[Kconst ConstantReturnType {aka const Eigen::CwiseNullaryOp<Eigen::internal::scalar_constant_op<double>, Eigen::Matrix<double, -1, 1> >}[m[K
[1.669s] 
[1.670s] In file included from [01m[K/usr/include/eigen3/Eigen/Core:19[m[K,
[1.670s]                  from [01m[K/usr/include/eigen3/Eigen/Dense:1[m[K,
[1.670s]                  from [01m[K/home/rileychron111/Documents/GitHub/VRX_NUMarine/src/vrx/ros_packages/guidance_cpp/src/guidance_service.cpp:5[m[K:
[1.670s] [01m[K/usr/include/eigen3/Eigen/src/Core/../plugins/CommonCwiseBinaryOps.h:27:28:[m[K [01;36m[Knote: [m[Kcandidate: ‘[01m[Ktemplate<class OtherDerived> const Eigen::CwiseBinaryOp<Eigen::internal::scalar_sum_op<typename Eigen::internal::traits<T>::Scalar, typename Eigen::internal::traits<OtherDerived>::Scalar>, const Derived, const OtherDerived> Eigen::MatrixBase<Derived>::operator+(const Eigen::MatrixBase<OtherDerived>&) const [with OtherDerived = OtherDerived; Derived = Eigen::CwiseNullaryOp<Eigen::internal::scalar_constant_op<double>, Eigen::Matrix<double, -1, 1> >][m[K’
[1.670s]    27 | EIGEN_MAKE_CWISE_BINARY_OP([01;36m[Koperator[m[K+,sum)
[1.670s]       |                            [01;36m[K^~~~~~~~[m[K
[1.670s] [01m[K/usr/include/eigen3/Eigen/src/Core/util/Macros.h:1339:4:[m[K [01;36m[Knote: [m[Kin definition of macro ‘[01m[KEIGEN_MAKE_CWISE_BINARY_OP[m[K’
[1.670s]  1339 |   ([01;36m[KMETHOD[m[K)(const EIGEN_CURRENT_STORAGE_BASE_CLASS<OtherDerived> &other) const \
[1.670s]       |    [01;36m[K^~~~~~[m[K
[1.670s] [01m[K/usr/include/eigen3/Eigen/src/Core/../plugins/CommonCwiseBinaryOps.h:27:28:[m[K [01;36m[Knote: [m[K  template argument deduction/substitution failed:
[1.670s]    27 | EIGEN_MAKE_CWISE_BINARY_OP([01;36m[Koperator[m[K+,sum)
[1.670s]       |                            [01;36m[K^~~~~~~~[m[K
[1.670s] [01m[K/usr/include/eigen3/Eigen/src/Core/util/Macros.h:1339:4:[m[K [01;36m[Knote: [m[Kin definition of macro ‘[01m[KEIGEN_MAKE_CWISE_BINARY_OP[m[K’
[1.670s]  1339 |   ([01;36m[KMETHOD[m[K)(const EIGEN_CURRENT_STORAGE_BASE_CLASS<OtherDerived> &other) const \
[1.670s]       |    [01;36m[K^~~~~~[m[K
[1.670s] [01m[K/home/rileychron111/Documents/GitHub/VRX_NUMarine/src/vrx/ros_packages/guidance_cpp/src/guidance_service.cpp:39:117:[m[K [01;36m[Knote: [m[K  ‘[01m[Kconst Eigen::CwiseBinaryOp<Eigen::internal::scalar_quotient_op<double, double>, const Eigen::ArrayWrapper<Eigen::Matrix<double, -1, 1> >, const Eigen::CwiseNullaryOp<Eigen::internal::scalar_constant_op<double>, const Eigen::Array<double, -1, 1> > >[m[K’ is not derived from ‘[01m[Kconst Eigen::MatrixBase<Derived>[m[K’
[1.670s]    39 | stant(n_points, origin_lat) + north_positions_vec.array() / [01;36m[KMETERS_PER_DEGREE_LATITUDE[m[K;
[1.670s]       |                                                             [01;36m[K^~~~~~~~~~~~~~~~~~~~~~~~~~[m[K
[1.670s] 
[1.670s] In file included from [01m[K/usr/include/eigen3/Eigen/Core:19[m[K,
[1.670s]                  from [01m[K/usr/include/eigen3/Eigen/Dense:1[m[K,
[1.670s]                  from [01m[K/home/rileychron111/Documents/GitHub/VRX_NUMarine/src/vrx/ros_packages/guidance_cpp/src/guidance_service.cpp:5[m[K:
[1.670s] [01m[K/usr/include/eigen3/Eigen/src/Core/../plugins/ArrayCwiseBinaryOps.h:241:29:[m[K [01;36m[Knote: [m[Kcandidate: ‘[01m[Ktemplate<class T> const Eigen::CwiseBinaryOp<Eigen::internal::scalar_sum_op<typename Eigen::internal::promote_scalar_arg<double, T, Eigen::internal::has_ReturnType<Eigen::ScalarBinaryOpTraits<T, double, Eigen::internal::scalar_sum_op<T, double> > >::value>::type, double>, const typename Eigen::internal::plain_constant_type<Eigen::Array<double, -1, 1>, typename Eigen::internal::promote_scalar_arg<double, T, Eigen::internal::has_ReturnType<Eigen::ScalarBinaryOpTraits<T, double, Eigen::internal::scalar_sum_op<T, double> > >::value>::type>::type, const Eigen::Array<double, -1, 1> > Eigen::operator+(const T&, const StorageBaseType&)[m[K’
[1.670s]   241 | EIGEN_MAKE_SCALAR_BINARY_OP([01;36m[Koperator[m[K+,sum)
[1.670s]       |                             [01;36m[K^~~~~~~~[m[K
[1.670s] [01m[K/usr/include/eigen3/Eigen/src/Core/util/Macros.h:1374:4:[m[K [01;36m[Knote: [m[Kin definition of macro ‘[01m[KEIGEN_MAKE_SCALAR_BINARY_OP_ONTHELEFT[m[K’
[1.670s]  1374 |   ([01;36m[KMETHOD[m[K)(const T& scalar, const StorageBaseType& matrix) { \
[1.670s]       |    [01;36m[K^~~~~~[m[K
[1.670s] [01m[K/usr/include/eigen3/Eigen/src/Core/../plugins/ArrayCwiseBinaryOps.h:241:1:[m[K [01;36m[Knote: [m[Kin expansion of macro ‘[01m[KEIGEN_MAKE_SCALAR_BINARY_OP[m[K’
[1.670s]   241 | [01;36m[KEIGEN_MAKE_SCALAR_BINARY_OP[m[K(operator+,sum)
[1.670s]       | [01;36m[K^~~~~~~~~~~~~~~~~~~~~~~~~~~[m[K
[1.670s] [01m[K/usr/include/eigen3/Eigen/src/Core/../plugins/ArrayCwiseBinaryOps.h:241:29:[m[K [01;36m[Knote: [m[K  template argument deduction/substitution failed:
[1.670s]   241 | EIGEN_MAKE_SCALAR_BINARY_OP([01;36m[Koperator[m[K+,sum)
[1.671s]       |                             [01;36m[K^~~~~~~~[m[K
[1.671s] [01m[K/usr/include/eigen3/Eigen/src/Core/util/Macros.h:1374:4:[m[K [01;36m[Knote: [m[Kin definition of macro ‘[01m[KEIGEN_MAKE_SCALAR_BINARY_OP_ONTHELEFT[m[K’
[1.671s]  1374 |   ([01;36m[KMETHOD[m[K)(const T& scalar, const StorageBaseType& matrix) { \
[1.671s]       |    [01;36m[K^~~~~~[m[K
[1.671s] [01m[K/usr/include/eigen3/Eigen/src/Core/../plugins/ArrayCwiseBinaryOps.h:241:1:[m[K [01;36m[Knote: [m[Kin expansion of macro ‘[01m[KEIGEN_MAKE_SCALAR_BINARY_OP[m[K’
[1.671s]   241 | [01;36m[KEIGEN_MAKE_SCALAR_BINARY_OP[m[K(operator+,sum)
[1.671s]       | [01;36m[K^~~~~~~~~~~~~~~~~~~~~~~~~~~[m[K
[1.671s] [01m[K/home/rileychron111/Documents/GitHub/VRX_NUMarine/src/vrx/ros_packages/guidance_cpp/src/guidance_service.cpp:39:115:[m[K [01;36m[Knote: [m[K  cannot convert ‘[01m[KEigen::ArrayBase<Derived>::operator/(const T&) const [with T = double; Derived = Eigen::ArrayWrapper<Eigen::Matrix<double, -1, 1> >; typename Eigen::internal::plain_constant_type<Derived, typename Eigen::internal::promote_scalar_arg<typename Eigen::internal::traits<T>::Scalar, T, Eigen::internal::has_ReturnType<Eigen::ScalarBinaryOpTraits<typename Eigen::internal::traits<T>::Scalar, T, Eigen::internal::scalar_quotient_op<typename Eigen::internal::traits<T>::Scalar, T> > >::value>::type>::type = Eigen::CwiseNullaryOp<Eigen::internal::scalar_constant_op<double>, const Eigen::Array<double, -1, 1> >; typename Eigen::internal::promote_scalar_arg<typename Eigen::internal::traits<T>::Scalar, T, Eigen::internal::has_ReturnType<Eigen::ScalarBinaryOpTraits<typename Eigen::internal::traits<T>::Scalar, T, Eigen::internal::scalar_quotient_op<typename Eigen::internal::traits<T>::Scalar, T> > >::value>::type = double; typename Eigen::internal::traits<T>::Scalar = double; typename Eigen::internal::traits<T>::Scalar = double](METERS_PER_DEGREE_LATITUDE)[m[K’ (type ‘[01m[Kconst Eigen::CwiseBinaryOp<Eigen::internal::scalar_quotient_op<double, double>, const Eigen::ArrayWrapper<Eigen::Matrix<double, -1, 1> >, const Eigen::CwiseNullaryOp<Eigen::internal::scalar_constant_op<double>, const Eigen::Array<double, -1, 1> > >[m[K’) to type ‘[01m[Kconst StorageBaseType&[m[K’ {aka ‘[01m[Kconst Eigen::ArrayBase<Eigen::Array<double, -1, 1> >&[m[K’}
[1.671s]    39 | onstant(n_points, origin_lat) + [01;36m[Knorth_positions_vec.array() / METERS_PER_DEGREE_LATITUDE[m[K;
[1.671s]       |                                 [01;36m[K~~~~~~~~~~~~~~~~~~~~~~~~~~~~^~~~~~~~~~~~~~~~~~~~~~~~~~~~[m[K
[1.671s] 
[1.671s] In file included from [01m[K/usr/include/eigen3/Eigen/Core:19[m[K,
[1.671s]                  from [01m[K/usr/include/eigen3/Eigen/Dense:1[m[K,
[1.671s]                  from [01m[K/home/rileychron111/Documents/GitHub/VRX_NUMarine/src/vrx/ros_packages/guidance_cpp/src/guidance_service.cpp:5[m[K:
[1.671s] [01m[K/usr/include/eigen3/Eigen/src/Core/../plugins/ArrayCwiseBinaryOps.h:241:29:[m[K [01;36m[Knote: [m[Kcandidate: ‘[01m[Ktemplate<class T> const Eigen::CwiseBinaryOp<Eigen::internal::scalar_sum_op<typename Eigen::internal::promote_scalar_arg<double, T, Eigen::internal::has_ReturnType<Eigen::ScalarBinaryOpTraits<T, double, Eigen::internal::scalar_sum_op<T, double> > >::value>::type, double>, const typename Eigen::internal::plain_constant_type<Eigen::CwiseNullaryOp<Eigen::internal::scalar_constant_op<double>, const Eigen::Array<double, -1, 1> >, typename Eigen::internal::promote_scalar_arg<double, T, Eigen::internal::has_ReturnType<Eigen::ScalarBinaryOpTraits<T, double, Eigen::internal::scalar_sum_op<T, double> > >::value>::type>::type, const Eigen::CwiseNullaryOp<Eigen::internal::scalar_constant_op<double>, const Eigen::Array<double, -1, 1> > > Eigen::operator+(const T&, const StorageBaseType&)[m[K’
[1.671s]   241 | EIGEN_MAKE_SCALAR_BINARY_OP([01;36m[Koperator[m[K+,sum)
[1.671s]       |                             [01;36m[K^~~~~~~~[m[K
[1.671s] [01m[K/usr/include/eigen3/Eigen/src/Core/util/Macros.h:1374:4:[m[K [01;36m[Knote: [m[Kin definition of macro ‘[01m[KEIGEN_MAKE_SCALAR_BINARY_OP_ONTHELEFT[m[K’
[1.671s]  1374 |   ([01;36m[KMETHOD[m[K)(const T& scalar, const StorageBaseType& matrix) { \
[1.671s]       |    [01;36m[K^~~~~~[m[K
[1.671s] [01m[K/usr/include/eigen3/Eigen/src/Core/../plugins/ArrayCwiseBinaryOps.h:241:1:[m[K [01;36m[Knote: [m[Kin expansion of macro ‘[01m[KEIGEN_MAKE_SCALAR_BINARY_OP[m[K’
[1.671s]   241 | [01;36m[KEIGEN_MAKE_SCALAR_BINARY_OP[m[K(operator+,sum)
[1.671s]       | [01;36m[K^~~~~~~~~~~~~~~~~~~~~~~~~~~[m[K
[1.671s] [01m[K/usr/include/eigen3/Eigen/src/Core/../plugins/ArrayCwiseBinaryOps.h:241:29:[m[K [01;36m[Knote: [m[K  template argument deduction/substitution failed:
[1.671s]   241 | EIGEN_MAKE_SCALAR_BINARY_OP([01;36m[Koperator[m[K+,sum)
[1.671s]       |                             [01;36m[K^~~~~~~~[m[K
[1.671s] [01m[K/usr/include/eigen3/Eigen/src/Core/util/Macros.h:1374:4:[m[K [01;36m[Knote: [m[Kin definition of macro ‘[01m[KEIGEN_MAKE_SCALAR_BINARY_OP_ONTHELEFT[m[K’
[1.671s]  1374 |   ([01;36m[KMETHOD[m[K)(const T& scalar, const StorageBaseType& matrix) { \
[1.671s]       |    [01;36m[K^~~~~~[m[K
[1.671s] [01m[K/usr/include/eigen3/Eigen/src/Core/../plugins/ArrayCwiseBinaryOps.h:241:1:[m[K [01;36m[Knote: [m[Kin expansion of macro ‘[01m[KEIGEN_MAKE_SCALAR_BINARY_OP[m[K’
[1.671s]   241 | [01;36m[KEIGEN_MAKE_SCALAR_BINARY_OP[m[K(operator+,sum)
[1.671s]       | [01;36m[K^~~~~~~~~~~~~~~~~~~~~~~~~~~[m[K
[1.671s] [01m[K/home/rileychron111/Documents/GitHub/VRX_NUMarine/src/vrx/ros_packages/guidance_cpp/src/guidance_service.cpp:39:115:[m[K [01;36m[Knote: [m[K  cannot convert ‘[01m[KEigen::ArrayBase<Derived>::operator/(const T&) const [with T = double; Derived = Eigen::ArrayWrapper<Eigen::Matrix<double, -1, 1> >; typename Eigen::internal::plain_constant_type<Derived, typename Eigen::internal::promote_scalar_arg<typename Eigen::internal::traits<T>::Scalar, T, Eigen::internal::has_ReturnType<Eigen::ScalarBinaryOpTraits<typename Eigen::internal::traits<T>::Scalar, T, Eigen::internal::scalar_quotient_op<typename Eigen::internal::traits<T>::Scalar, T> > >::value>::type>::type = Eigen::CwiseNullaryOp<Eigen::internal::scalar_constant_op<double>, const Eigen::Array<double, -1, 1> >; typename Eigen::internal::promote_scalar_arg<typename Eigen::internal::traits<T>::Scalar, T, Eigen::internal::has_ReturnType<Eigen::ScalarBinaryOpTraits<typename Eigen::internal::traits<T>::Scalar, T, Eigen::internal::scalar_quotient_op<typename Eigen::internal::traits<T>::Scalar, T> > >::value>::type = double; typename Eigen::internal::traits<T>::Scalar = double; typename Eigen::internal::traits<T>::Scalar = double](METERS_PER_DEGREE_LATITUDE)[m[K’ (type ‘[01m[Kconst Eigen::CwiseBinaryOp<Eigen::internal::scalar_quotient_op<double, double>, const Eigen::ArrayWrapper<Eigen::Matrix<double, -1, 1> >, const Eigen::CwiseNullaryOp<Eigen::internal::scalar_constant_op<double>, const Eigen::Array<double, -1, 1> > >[m[K’) to type ‘[01m[Kconst StorageBaseType&[m[K’ {aka ‘[01m[Kconst Eigen::ArrayBase<Eigen::CwiseNullaryOp<Eigen::internal::scalar_constant_op<double>, const Eigen::Array<double, -1, 1> > >&[m[K’}
[1.671s]    39 | onstant(n_points, origin_lat) + [01;36m[Knorth_positions_vec.array() / METERS_PER_DEGREE_LATITUDE[m[K;
[1.671s]       |                                 [01;36m[K~~~~~~~~~~~~~~~~~~~~~~~~~~~~^~~~~~~~~~~~~~~~~~~~~~~~~~~~[m[K
[1.671s] 
[1.671s] In file included from [01m[K/usr/include/eigen3/Eigen/Core:19[m[K,
[1.671s]                  from [01m[K/usr/include/eigen3/Eigen/Dense:1[m[K,
[1.671s]                  from [01m[K/home/rileychron111/Documents/GitHub/VRX_NUMarine/src/vrx/ros_packages/guidance_cpp/src/guidance_service.cpp:5[m[K:
[1.671s] [01m[K/usr/include/eigen3/Eigen/src/Core/../plugins/ArrayCwiseBinaryOps.h:241:29:[m[K [01;36m[Knote: [m[Kcandidate: ‘[01m[Ktemplate<class T> const Eigen::CwiseBinaryOp<Eigen::internal::scalar_sum_op<typename Eigen::internal::promote_scalar_arg<double, T, Eigen::internal::has_ReturnType<Eigen::ScalarBinaryOpTraits<T, double, Eigen::internal::scalar_sum_op<T, double> > >::value>::type, double>, const typename Eigen::internal::plain_constant_type<Eigen::ArrayWrapper<Eigen::Matrix<double, -1, 1> >, typename Eigen::internal::promote_scalar_arg<double, T, Eigen::internal::has_ReturnType<Eigen::ScalarBinaryOpTraits<T, double, Eigen::internal::scalar_sum_op<T, double> > >::value>::type>::type, const Eigen::ArrayWrapper<Eigen::Matrix<double, -1, 1> > > Eigen::operator+(const T&, const StorageBaseType&)[m[K’
[1.671s]   241 | EIGEN_MAKE_SCALAR_BINARY_OP([01;36m[Koperator[m[K+,sum)
[1.671s]       |                             [01;36m[K^~~~~~~~[m[K
[1.671s] [01m[K/usr/include/eigen3/Eigen/src/Core/util/Macros.h:1374:4:[m[K [01;36m[Knote: [m[Kin definition of macro ‘[01m[KEIGEN_MAKE_SCALAR_BINARY_OP_ONTHELEFT[m[K’
[1.671s]  1374 |   ([01;36m[KMETHOD[m[K)(const T& scalar, const StorageBaseType& matrix) { \
[1.671s]       |    [01;36m[K^~~~~~[m[K
[1.671s] [01m[K/usr/include/eigen3/Eigen/src/Core/../plugins/ArrayCwiseBinaryOps.h:241:1:[m[K [01;36m[Knote: [m[Kin expansion of macro ‘[01m[KEIGEN_MAKE_SCALAR_BINARY_OP[m[K’
[1.672s]   241 | [01;36m[KEIGEN_MAKE_SCALAR_BINARY_OP[m[K(operator+,sum)
[1.672s]       | [01;36m[K^~~~~~~~~~~~~~~~~~~~~~~~~~~[m[K
[1.672s] [01m[K/usr/include/eigen3/Eigen/src/Core/../plugins/ArrayCwiseBinaryOps.h:241:29:[m[K [01;36m[Knote: [m[K  template argument deduction/substitution failed:
[1.672s]   241 | EIGEN_MAKE_SCALAR_BINARY_OP([01;36m[Koperator[m[K+,sum)
[1.672s]       |                             [01;36m[K^~~~~~~~[m[K
[1.672s] [01m[K/usr/include/eigen3/Eigen/src/Core/util/Macros.h:1374:4:[m[K [01;36m[Knote: [m[Kin definition of macro ‘[01m[KEIGEN_MAKE_SCALAR_BINARY_OP_ONTHELEFT[m[K’
[1.672s]  1374 |   ([01;36m[KMETHOD[m[K)(const T& scalar, const StorageBaseType& matrix) { \
[1.672s]       |    [01;36m[K^~~~~~[m[K
[1.672s] [01m[K/usr/include/eigen3/Eigen/src/Core/../plugins/ArrayCwiseBinaryOps.h:241:1:[m[K [01;36m[Knote: [m[Kin expansion of macro ‘[01m[KEIGEN_MAKE_SCALAR_BINARY_OP[m[K’
[1.672s]   241 | [01;36m[KEIGEN_MAKE_SCALAR_BINARY_OP[m[K(operator+,sum)
[1.672s]       | [01;36m[K^~~~~~~~~~~~~~~~~~~~~~~~~~~[m[K
[1.672s] [01m[K/home/rileychron111/Documents/GitHub/VRX_NUMarine/src/vrx/ros_packages/guidance_cpp/src/guidance_service.cpp:39:115:[m[K [01;36m[Knote: [m[K  cannot convert ‘[01m[KEigen::ArrayBase<Derived>::operator/(const T&) const [with T = double; Derived = Eigen::ArrayWrapper<Eigen::Matrix<double, -1, 1> >; typename Eigen::internal::plain_constant_type<Derived, typename Eigen::internal::promote_scalar_arg<typename Eigen::internal::traits<T>::Scalar, T, Eigen::internal::has_ReturnType<Eigen::ScalarBinaryOpTraits<typename Eigen::internal::traits<T>::Scalar, T, Eigen::internal::scalar_quotient_op<typename Eigen::internal::traits<T>::Scalar, T> > >::value>::type>::type = Eigen::CwiseNullaryOp<Eigen::internal::scalar_constant_op<double>, const Eigen::Array<double, -1, 1> >; typename Eigen::internal::promote_scalar_arg<typename Eigen::internal::traits<T>::Scalar, T, Eigen::internal::has_ReturnType<Eigen::ScalarBinaryOpTraits<typename Eigen::internal::traits<T>::Scalar, T, Eigen::internal::scalar_quotient_op<typename Eigen::internal::traits<T>::Scalar, T> > >::value>::type = double; typename Eigen::internal::traits<T>::Scalar = double; typename Eigen::internal::traits<T>::Scalar = double](METERS_PER_DEGREE_LATITUDE)[m[K’ (type ‘[01m[Kconst Eigen::CwiseBinaryOp<Eigen::internal::scalar_quotient_op<double, double>, const Eigen::ArrayWrapper<Eigen::Matrix<double, -1, 1> >, const Eigen::CwiseNullaryOp<Eigen::internal::scalar_constant_op<double>, const Eigen::Array<double, -1, 1> > >[m[K’) to type ‘[01m[Kconst StorageBaseType&[m[K’ {aka ‘[01m[Kconst Eigen::ArrayBase<Eigen::ArrayWrapper<Eigen::Matrix<double, -1, 1> > >&[m[K’}
[1.672s]    39 | onstant(n_points, origin_lat) + [01;36m[Knorth_positions_vec.array() / METERS_PER_DEGREE_LATITUDE[m[K;
[1.672s]       |                                 [01;36m[K~~~~~~~~~~~~~~~~~~~~~~~~~~~~^~~~~~~~~~~~~~~~~~~~~~~~~~~~[m[K
[1.672s] 
[1.672s] In file included from [01m[K/usr/include/eigen3/Eigen/Core:19[m[K,
[1.672s]                  from [01m[K/usr/include/eigen3/Eigen/Dense:1[m[K,
[1.672s]                  from [01m[K/home/rileychron111/Documents/GitHub/VRX_NUMarine/src/vrx/ros_packages/guidance_cpp/src/guidance_service.cpp:5[m[K:
[1.672s] [01m[K/usr/include/eigen3/Eigen/src/Core/../plugins/ArrayCwiseBinaryOps.h:241:29:[m[K [01;36m[Knote: [m[Kcandidate: ‘[01m[Ktemplate<class T> const Eigen::CwiseBinaryOp<Eigen::internal::scalar_sum_op<typename Eigen::internal::promote_scalar_arg<double, T, Eigen::internal::has_ReturnType<Eigen::ScalarBinaryOpTraits<T, double, Eigen::internal::scalar_sum_op<T, double> > >::value>::type, double>, const typename Eigen::internal::plain_constant_type<Eigen::CwiseBinaryOp<Eigen::internal::scalar_quotient_op<double, double>, const Eigen::ArrayWrapper<Eigen::Matrix<double, -1, 1> >, const Eigen::CwiseNullaryOp<Eigen::internal::scalar_constant_op<double>, const Eigen::Array<double, -1, 1> > >, typename Eigen::internal::promote_scalar_arg<double, T, Eigen::internal::has_ReturnType<Eigen::ScalarBinaryOpTraits<T, double, Eigen::internal::scalar_sum_op<T, double> > >::value>::type>::type, const Eigen::CwiseBinaryOp<Eigen::internal::scalar_quotient_op<double, double>, const Eigen::ArrayWrapper<Eigen::Matrix<double, -1, 1> >, const Eigen::CwiseNullaryOp<Eigen::internal::scalar_constant_op<double>, const Eigen::Array<double, -1, 1> > > > Eigen::operator+(const T&, const StorageBaseType&)[m[K’
[1.672s]   241 | EIGEN_MAKE_SCALAR_BINARY_OP([01;36m[Koperator[m[K+,sum)
[1.672s]       |                             [01;36m[K^~~~~~~~[m[K
[1.672s] [01m[K/usr/include/eigen3/Eigen/src/Core/util/Macros.h:1374:4:[m[K [01;36m[Knote: [m[Kin definition of macro ‘[01m[KEIGEN_MAKE_SCALAR_BINARY_OP_ONTHELEFT[m[K’
[1.672s]  1374 |   ([01;36m[KMETHOD[m[K)(const T& scalar, const StorageBaseType& matrix) { \
[1.672s]       |    [01;36m[K^~~~~~[m[K
[1.672s] [01m[K/usr/include/eigen3/Eigen/src/Core/../plugins/ArrayCwiseBinaryOps.h:241:1:[m[K [01;36m[Knote: [m[Kin expansion of macro ‘[01m[KEIGEN_MAKE_SCALAR_BINARY_OP[m[K’
[1.672s]   241 | [01;36m[KEIGEN_MAKE_SCALAR_BINARY_OP[m[K(operator+,sum)
[1.672s]       | [01;36m[K^~~~~~~~~~~~~~~~~~~~~~~~~~~[m[K
[1.672s] [01m[K/usr/include/eigen3/Eigen/src/Core/../plugins/ArrayCwiseBinaryOps.h:241:29:[m[K [01;36m[Knote: [m[K  template argument deduction/substitution failed:
[1.672s]   241 | EIGEN_MAKE_SCALAR_BINARY_OP([01;36m[Koperator[m[K+,sum)
[1.672s]       |                             [01;36m[K^~~~~~~~[m[K
[1.672s] [01m[K/usr/include/eigen3/Eigen/src/Core/util/Macros.h:1374:4:[m[K [01;36m[Knote: [m[Kin definition of macro ‘[01m[KEIGEN_MAKE_SCALAR_BINARY_OP_ONTHELEFT[m[K’
[1.672s]  1374 |   ([01;36m[KMETHOD[m[K)(const T& scalar, const StorageBaseType& matrix) { \
[1.672s]       |    [01;36m[K^~~~~~[m[K
[1.672s] [01m[K/usr/include/eigen3/Eigen/src/Core/../plugins/ArrayCwiseBinaryOps.h:241:1:[m[K [01;36m[Knote: [m[Kin expansion of macro ‘[01m[KEIGEN_MAKE_SCALAR_BINARY_OP[m[K’
[1.672s]   241 | [01;36m[KEIGEN_MAKE_SCALAR_BINARY_OP[m[K(operator+,sum)
[1.672s]       | [01;36m[K^~~~~~~~~~~~~~~~~~~~~~~~~~~[m[K
[1.672s] /usr/include/eigen3/Eigen/src/Core/../plugins/ArrayCwiseBinaryOps.h: In substitution of ‘[01m[Ktemplate<class T> const Eigen::CwiseBinaryOp<Eigen::internal::scalar_sum_op<typename Eigen::internal::promote_scalar_arg<double, T, Eigen::internal::has_ReturnType<Eigen::ScalarBinaryOpTraits<T, double, Eigen::internal::scalar_sum_op<T, double> > >::value>::type, double>, const typename Eigen::internal::plain_constant_type<Eigen::CwiseBinaryOp<Eigen::internal::scalar_quotient_op<double, double>, const Eigen::ArrayWrapper<Eigen::Matrix<double, -1, 1> >, const Eigen::CwiseNullaryOp<Eigen::internal::scalar_constant_op<double>, const Eigen::Array<double, -1, 1> > >, typename Eigen::internal::promote_scalar_arg<double, T, Eigen::internal::has_ReturnType<Eigen::ScalarBinaryOpTraits<T, double, Eigen::internal::scalar_sum_op<T, double> > >::value>::type>::type, const Eigen::CwiseBinaryOp<Eigen::internal::scalar_quotient_op<double, double>, const Eigen::ArrayWrapper<Eigen::Matrix<double, -1, 1> >, const Eigen::CwiseNullaryOp<Eigen::internal::scalar_constant_op<double>, const Eigen::Array<double, -1, 1> > > > Eigen::operator+(const T&, const StorageBaseType&) [with T = Eigen::CwiseNullaryOp<Eigen::internal::scalar_constant_op<double>, Eigen::Matrix<double, -1, 1> >][m[K’:
[1.672s] [01m[K/home/rileychron111/Documents/GitHub/VRX_NUMarine/src/vrx/ros_packages/guidance_cpp/src/guidance_service.cpp:39:117:[m[K   required from here
[1.672s] [01m[K/usr/include/eigen3/Eigen/src/Core/../plugins/ArrayCwiseBinaryOps.h:241:29:[m[K [01;31m[Kerror: [m[Kno type named ‘[01m[Ktype[m[K’ in ‘[01m[Kstruct Eigen::internal::promote_scalar_arg<double, Eigen::CwiseNullaryOp<Eigen::internal::scalar_constant_op<double>, Eigen::Matrix<double, -1, 1> >, false>[m[K’
[1.672s]   241 | EIGEN_MAKE_SCALAR_BINARY_OP([01;31m[Koperator[m[K+,sum)
[1.672s]       |                             [01;31m[K^~~~~~~~[m[K
[1.672s] [01m[K/usr/include/eigen3/Eigen/src/Core/util/Macros.h:1374:4:[m[K [01;36m[Knote: [m[Kin definition of macro ‘[01m[KEIGEN_MAKE_SCALAR_BINARY_OP_ONTHELEFT[m[K’
[1.672s]  1374 |   ([01;36m[KMETHOD[m[K)(const T& scalar, const StorageBaseType& matrix) { \
[1.672s]       |    [01;36m[K^~~~~~[m[K
[1.672s] [01m[K/usr/include/eigen3/Eigen/src/Core/../plugins/ArrayCwiseBinaryOps.h:241:1:[m[K [01;36m[Knote: [m[Kin expansion of macro ‘[01m[KEIGEN_MAKE_SCALAR_BINARY_OP[m[K’
[1.673s]   241 | [01;36m[KEIGEN_MAKE_SCALAR_BINARY_OP[m[K(operator+,sum)
[1.673s]       | [01;36m[K^~~~~~~~~~~~~~~~~~~~~~~~~~~[m[K
[1.673s] [01m[K/home/rileychron111/Documents/GitHub/VRX_NUMarine/src/vrx/ros_packages/guidance_cpp/src/guidance_service.cpp:40:86:[m[K [01;31m[Kerror: [m[Kno match for ‘[01m[Koperator+[m[K’ (operand types are ‘[01m[Kconst ConstantReturnType[m[K’ {aka ‘[01m[Kconst Eigen::CwiseNullaryOp<Eigen::internal::scalar_constant_op<double>, Eigen::Matrix<double, -1, 1> >[m[K’} and ‘[01m[Kconst Eigen::CwiseBinaryOp<Eigen::internal::scalar_quotient_op<double, double>, const Eigen::ArrayWrapper<Eigen::Matrix<double, -1, 1> >, const Eigen::CwiseNullaryOp<Eigen::internal::scalar_constant_op<double>, const Eigen::Array<double, -1, 1> > >[m[K’)
[1.673s]    40 | ongitudes = [32m[KEigen::VectorXd::Constant(n_points, origin_lon)[m[K [01;31m[K+[m[K [34m[Keast_positions_vec.array() / METERS_PER_DEGREE_LONGITUDE[m[K;
[1.673s]       |             [32m[K~~~~~~~~~~~~~~~~~~~~~~~~~~~~~~~~~~~~~~~~~~~~~~~[m[K [01;31m[K^[m[K [34m[K~~~~~~~~~~~~~~~~~~~~~~~~~~~~~~~~~~~~~~~~~~~~~~~~~~~~~~~~[m[K
[1.673s]       |                                      [32m[K|[m[K                                                   [34m[K|[m[K
[1.673s]       |                                      [32m[K|[m[K                                                   [34m[Kconst Eigen::CwiseBinaryOp<Eigen::internal::scalar_quotient_op<double, double>, const Eigen::ArrayWrapper<Eigen::Matrix<double, -1, 1> >, const Eigen::CwiseNullaryOp<Eigen::internal::scalar_constant_op<double>, const Eigen::Array<double, -1, 1> > >[m[K
[1.673s]       |                                      [32m[Kconst ConstantReturnType {aka const Eigen::CwiseNullaryOp<Eigen::internal::scalar_constant_op<double>, Eigen::Matrix<double, -1, 1> >}[m[K
[1.673s] 
[1.673s] In file included from [01m[K/usr/include/eigen3/Eigen/Core:19[m[K,
[1.673s]                  from [01m[K/usr/include/eigen3/Eigen/Dense:1[m[K,
[1.673s]                  from [01m[K/home/rileychron111/Documents/GitHub/VRX_NUMarine/src/vrx/ros_packages/guidance_cpp/src/guidance_service.cpp:5[m[K:
[1.673s] [01m[K/usr/include/eigen3/Eigen/src/Core/../plugins/CommonCwiseBinaryOps.h:27:28:[m[K [01;36m[Knote: [m[Kcandidate: ‘[01m[Ktemplate<class OtherDerived> const Eigen::CwiseBinaryOp<Eigen::internal::scalar_sum_op<typename Eigen::internal::traits<T>::Scalar, typename Eigen::internal::traits<OtherDerived>::Scalar>, const Derived, const OtherDerived> Eigen::MatrixBase<Derived>::operator+(const Eigen::MatrixBase<OtherDerived>&) const [with OtherDerived = OtherDerived; Derived = Eigen::CwiseNullaryOp<Eigen::internal::scalar_constant_op<double>, Eigen::Matrix<double, -1, 1> >][m[K’
[1.673s]    27 | EIGEN_MAKE_CWISE_BINARY_OP([01;36m[Koperator[m[K+,sum)
[1.673s]       |                            [01;36m[K^~~~~~~~[m[K
[1.673s] [01m[K/usr/include/eigen3/Eigen/src/Core/util/Macros.h:1339:4:[m[K [01;36m[Knote: [m[Kin definition of macro ‘[01m[KEIGEN_MAKE_CWISE_BINARY_OP[m[K’
[1.673s]  1339 |   ([01;36m[KMETHOD[m[K)(const EIGEN_CURRENT_STORAGE_BASE_CLASS<OtherDerived> &other) const \
[1.673s]       |    [01;36m[K^~~~~~[m[K
[1.673s] [01m[K/usr/include/eigen3/Eigen/src/Core/../plugins/CommonCwiseBinaryOps.h:27:28:[m[K [01;36m[Knote: [m[K  template argument deduction/substitution failed:
[1.673s]    27 | EIGEN_MAKE_CWISE_BINARY_OP([01;36m[Koperator[m[K+,sum)
[1.673s]       |                            [01;36m[K^~~~~~~~[m[K
[1.673s] [01m[K/usr/include/eigen3/Eigen/src/Core/util/Macros.h:1339:4:[m[K [01;36m[Knote: [m[Kin definition of macro ‘[01m[KEIGEN_MAKE_CWISE_BINARY_OP[m[K’
[1.673s]  1339 |   ([01;36m[KMETHOD[m[K)(const EIGEN_CURRENT_STORAGE_BASE_CLASS<OtherDerived> &other) const \
[1.673s]       |    [01;36m[K^~~~~~[m[K
[1.673s] [01m[K/home/rileychron111/Documents/GitHub/VRX_NUMarine/src/vrx/ros_packages/guidance_cpp/src/guidance_service.cpp:40:117:[m[K [01;36m[Knote: [m[K  ‘[01m[Kconst Eigen::CwiseBinaryOp<Eigen::internal::scalar_quotient_op<double, double>, const Eigen::ArrayWrapper<Eigen::Matrix<double, -1, 1> >, const Eigen::CwiseNullaryOp<Eigen::internal::scalar_constant_op<double>, const Eigen::Array<double, -1, 1> > >[m[K’ is not derived from ‘[01m[Kconst Eigen::MatrixBase<Derived>[m[K’
[1.673s]    40 | nstant(n_points, origin_lon) + east_positions_vec.array() / [01;36m[KMETERS_PER_DEGREE_LONGITUDE[m[K;
[1.673s]       |                                                             [01;36m[K^~~~~~~~~~~~~~~~~~~~~~~~~~~[m[K
[1.673s] 
[1.673s] In file included from [01m[K/usr/include/eigen3/Eigen/Core:19[m[K,
[1.673s]                  from [01m[K/usr/include/eigen3/Eigen/Dense:1[m[K,
[1.673s]                  from [01m[K/home/rileychron111/Documents/GitHub/VRX_NUMarine/src/vrx/ros_packages/guidance_cpp/src/guidance_service.cpp:5[m[K:
[1.673s] [01m[K/usr/include/eigen3/Eigen/src/Core/../plugins/ArrayCwiseBinaryOps.h:241:29:[m[K [01;36m[Knote: [m[Kcandidate: ‘[01m[Ktemplate<class T> const Eigen::CwiseBinaryOp<Eigen::internal::scalar_sum_op<typename Eigen::internal::promote_scalar_arg<double, T, Eigen::internal::has_ReturnType<Eigen::ScalarBinaryOpTraits<T, double, Eigen::internal::scalar_sum_op<T, double> > >::value>::type, double>, const typename Eigen::internal::plain_constant_type<Eigen::Array<double, -1, 1>, typename Eigen::internal::promote_scalar_arg<double, T, Eigen::internal::has_ReturnType<Eigen::ScalarBinaryOpTraits<T, double, Eigen::internal::scalar_sum_op<T, double> > >::value>::type>::type, const Eigen::Array<double, -1, 1> > Eigen::operator+(const T&, const StorageBaseType&)[m[K’
[1.673s]   241 | EIGEN_MAKE_SCALAR_BINARY_OP([01;36m[Koperator[m[K+,sum)
[1.673s]       |                             [01;36m[K^~~~~~~~[m[K
[1.673s] [01m[K/usr/include/eigen3/Eigen/src/Core/util/Macros.h:1374:4:[m[K [01;36m[Knote: [m[Kin definition of macro ‘[01m[KEIGEN_MAKE_SCALAR_BINARY_OP_ONTHELEFT[m[K’
[1.673s]  1374 |   ([01;36m[KMETHOD[m[K)(const T& scalar, const StorageBaseType& matrix) { \
[1.673s]       |    [01;36m[K^~~~~~[m[K
[1.673s] [01m[K/usr/include/eigen3/Eigen/src/Core/../plugins/ArrayCwiseBinaryOps.h:241:1:[m[K [01;36m[Knote: [m[Kin expansion of macro ‘[01m[KEIGEN_MAKE_SCALAR_BINARY_OP[m[K’
[1.673s]   241 | [01;36m[KEIGEN_MAKE_SCALAR_BINARY_OP[m[K(operator+,sum)
[1.673s]       | [01;36m[K^~~~~~~~~~~~~~~~~~~~~~~~~~~[m[K
[1.673s] [01m[K/usr/include/eigen3/Eigen/src/Core/../plugins/ArrayCwiseBinaryOps.h:241:29:[m[K [01;36m[Knote: [m[K  template argument deduction/substitution failed:
[1.673s]   241 | EIGEN_MAKE_SCALAR_BINARY_OP([01;36m[Koperator[m[K+,sum)
[1.673s]       |                             [01;36m[K^~~~~~~~[m[K
[1.673s] [01m[K/usr/include/eigen3/Eigen/src/Core/util/Macros.h:1374:4:[m[K [01;36m[Knote: [m[Kin definition of macro ‘[01m[KEIGEN_MAKE_SCALAR_BINARY_OP_ONTHELEFT[m[K’
[1.673s]  1374 |   ([01;36m[KMETHOD[m[K)(const T& scalar, const StorageBaseType& matrix) { \
[1.674s]       |    [01;36m[K^~~~~~[m[K
[1.674s] [01m[K/usr/include/eigen3/Eigen/src/Core/../plugins/ArrayCwiseBinaryOps.h:241:1:[m[K [01;36m[Knote: [m[Kin expansion of macro ‘[01m[KEIGEN_MAKE_SCALAR_BINARY_OP[m[K’
[1.674s]   241 | [01;36m[KEIGEN_MAKE_SCALAR_BINARY_OP[m[K(operator+,sum)
[1.674s]       | [01;36m[K^~~~~~~~~~~~~~~~~~~~~~~~~~~[m[K
[1.674s] [01m[K/home/rileychron111/Documents/GitHub/VRX_NUMarine/src/vrx/ros_packages/guidance_cpp/src/guidance_service.cpp:40:115:[m[K [01;36m[Knote: [m[K  cannot convert ‘[01m[KEigen::ArrayBase<Derived>::operator/(const T&) const [with T = double; Derived = Eigen::ArrayWrapper<Eigen::Matrix<double, -1, 1> >; typename Eigen::internal::plain_constant_type<Derived, typename Eigen::internal::promote_scalar_arg<typename Eigen::internal::traits<T>::Scalar, T, Eigen::internal::has_ReturnType<Eigen::ScalarBinaryOpTraits<typename Eigen::internal::traits<T>::Scalar, T, Eigen::internal::scalar_quotient_op<typename Eigen::internal::traits<T>::Scalar, T> > >::value>::type>::type = Eigen::CwiseNullaryOp<Eigen::internal::scalar_constant_op<double>, const Eigen::Array<double, -1, 1> >; typename Eigen::internal::promote_scalar_arg<typename Eigen::internal::traits<T>::Scalar, T, Eigen::internal::has_ReturnType<Eigen::ScalarBinaryOpTraits<typename Eigen::internal::traits<T>::Scalar, T, Eigen::internal::scalar_quotient_op<typename Eigen::internal::traits<T>::Scalar, T> > >::value>::type = double; typename Eigen::internal::traits<T>::Scalar = double; typename Eigen::internal::traits<T>::Scalar = double](METERS_PER_DEGREE_LONGITUDE)[m[K’ (type ‘[01m[Kconst Eigen::CwiseBinaryOp<Eigen::internal::scalar_quotient_op<double, double>, const Eigen::ArrayWrapper<Eigen::Matrix<double, -1, 1> >, const Eigen::CwiseNullaryOp<Eigen::internal::scalar_constant_op<double>, const Eigen::Array<double, -1, 1> > >[m[K’) to type ‘[01m[Kconst StorageBaseType&[m[K’ {aka ‘[01m[Kconst Eigen::ArrayBase<Eigen::Array<double, -1, 1> >&[m[K’}
[1.674s]    40 | Constant(n_points, origin_lon) + [01;36m[Keast_positions_vec.array() / METERS_PER_DEGREE_LONGITUDE[m[K;
[1.674s]       |                                  [01;36m[K~~~~~~~~~~~~~~~~~~~~~~~~~~~^~~~~~~~~~~~~~~~~~~~~~~~~~~~~[m[K
[1.674s] 
[1.674s] In file included from [01m[K/usr/include/eigen3/Eigen/Core:19[m[K,
[1.674s]                  from [01m[K/usr/include/eigen3/Eigen/Dense:1[m[K,
[1.674s]                  from [01m[K/home/rileychron111/Documents/GitHub/VRX_NUMarine/src/vrx/ros_packages/guidance_cpp/src/guidance_service.cpp:5[m[K:
[1.674s] [01m[K/usr/include/eigen3/Eigen/src/Core/../plugins/ArrayCwiseBinaryOps.h:241:29:[m[K [01;36m[Knote: [m[Kcandidate: ‘[01m[Ktemplate<class T> const Eigen::CwiseBinaryOp<Eigen::internal::scalar_sum_op<typename Eigen::internal::promote_scalar_arg<double, T, Eigen::internal::has_ReturnType<Eigen::ScalarBinaryOpTraits<T, double, Eigen::internal::scalar_sum_op<T, double> > >::value>::type, double>, const typename Eigen::internal::plain_constant_type<Eigen::CwiseNullaryOp<Eigen::internal::scalar_constant_op<double>, const Eigen::Array<double, -1, 1> >, typename Eigen::internal::promote_scalar_arg<double, T, Eigen::internal::has_ReturnType<Eigen::ScalarBinaryOpTraits<T, double, Eigen::internal::scalar_sum_op<T, double> > >::value>::type>::type, const Eigen::CwiseNullaryOp<Eigen::internal::scalar_constant_op<double>, const Eigen::Array<double, -1, 1> > > Eigen::operator+(const T&, const StorageBaseType&)[m[K’
[1.674s]   241 | EIGEN_MAKE_SCALAR_BINARY_OP([01;36m[Koperator[m[K+,sum)
[1.674s]       |                             [01;36m[K^~~~~~~~[m[K
[1.674s] [01m[K/usr/include/eigen3/Eigen/src/Core/util/Macros.h:1374:4:[m[K [01;36m[Knote: [m[Kin definition of macro ‘[01m[KEIGEN_MAKE_SCALAR_BINARY_OP_ONTHELEFT[m[K’
[1.674s]  1374 |   ([01;36m[KMETHOD[m[K)(const T& scalar, const StorageBaseType& matrix) { \
[1.674s]       |    [01;36m[K^~~~~~[m[K
[1.674s] [01m[K/usr/include/eigen3/Eigen/src/Core/../plugins/ArrayCwiseBinaryOps.h:241:1:[m[K [01;36m[Knote: [m[Kin expansion of macro ‘[01m[KEIGEN_MAKE_SCALAR_BINARY_OP[m[K’
[1.674s]   241 | [01;36m[KEIGEN_MAKE_SCALAR_BINARY_OP[m[K(operator+,sum)
[1.674s]       | [01;36m[K^~~~~~~~~~~~~~~~~~~~~~~~~~~[m[K
[1.674s] [01m[K/usr/include/eigen3/Eigen/src/Core/../plugins/ArrayCwiseBinaryOps.h:241:29:[m[K [01;36m[Knote: [m[K  template argument deduction/substitution failed:
[1.674s]   241 | EIGEN_MAKE_SCALAR_BINARY_OP([01;36m[Koperator[m[K+,sum)
[1.674s]       |                             [01;36m[K^~~~~~~~[m[K
[1.674s] [01m[K/usr/include/eigen3/Eigen/src/Core/util/Macros.h:1374:4:[m[K [01;36m[Knote: [m[Kin definition of macro ‘[01m[KEIGEN_MAKE_SCALAR_BINARY_OP_ONTHELEFT[m[K’
[1.674s]  1374 |   ([01;36m[KMETHOD[m[K)(const T& scalar, const StorageBaseType& matrix) { \
[1.674s]       |    [01;36m[K^~~~~~[m[K
[1.674s] [01m[K/usr/include/eigen3/Eigen/src/Core/../plugins/ArrayCwiseBinaryOps.h:241:1:[m[K [01;36m[Knote: [m[Kin expansion of macro ‘[01m[KEIGEN_MAKE_SCALAR_BINARY_OP[m[K’
[1.674s]   241 | [01;36m[KEIGEN_MAKE_SCALAR_BINARY_OP[m[K(operator+,sum)
[1.674s]       | [01;36m[K^~~~~~~~~~~~~~~~~~~~~~~~~~~[m[K
[1.674s] [01m[K/home/rileychron111/Documents/GitHub/VRX_NUMarine/src/vrx/ros_packages/guidance_cpp/src/guidance_service.cpp:40:115:[m[K [01;36m[Knote: [m[K  cannot convert ‘[01m[KEigen::ArrayBase<Derived>::operator/(const T&) const [with T = double; Derived = Eigen::ArrayWrapper<Eigen::Matrix<double, -1, 1> >; typename Eigen::internal::plain_constant_type<Derived, typename Eigen::internal::promote_scalar_arg<typename Eigen::internal::traits<T>::Scalar, T, Eigen::internal::has_ReturnType<Eigen::ScalarBinaryOpTraits<typename Eigen::internal::traits<T>::Scalar, T, Eigen::internal::scalar_quotient_op<typename Eigen::internal::traits<T>::Scalar, T> > >::value>::type>::type = Eigen::CwiseNullaryOp<Eigen::internal::scalar_constant_op<double>, const Eigen::Array<double, -1, 1> >; typename Eigen::internal::promote_scalar_arg<typename Eigen::internal::traits<T>::Scalar, T, Eigen::internal::has_ReturnType<Eigen::ScalarBinaryOpTraits<typename Eigen::internal::traits<T>::Scalar, T, Eigen::internal::scalar_quotient_op<typename Eigen::internal::traits<T>::Scalar, T> > >::value>::type = double; typename Eigen::internal::traits<T>::Scalar = double; typename Eigen::internal::traits<T>::Scalar = double](METERS_PER_DEGREE_LONGITUDE)[m[K’ (type ‘[01m[Kconst Eigen::CwiseBinaryOp<Eigen::internal::scalar_quotient_op<double, double>, const Eigen::ArrayWrapper<Eigen::Matrix<double, -1, 1> >, const Eigen::CwiseNullaryOp<Eigen::internal::scalar_constant_op<double>, const Eigen::Array<double, -1, 1> > >[m[K’) to type ‘[01m[Kconst StorageBaseType&[m[K’ {aka ‘[01m[Kconst Eigen::ArrayBase<Eigen::CwiseNullaryOp<Eigen::internal::scalar_constant_op<double>, const Eigen::Array<double, -1, 1> > >&[m[K’}
[1.674s]    40 | Constant(n_points, origin_lon) + [01;36m[Keast_positions_vec.array() / METERS_PER_DEGREE_LONGITUDE[m[K;
[1.674s]       |                                  [01;36m[K~~~~~~~~~~~~~~~~~~~~~~~~~~~^~~~~~~~~~~~~~~~~~~~~~~~~~~~~[m[K
[1.674s] 
[1.674s] In file included from [01m[K/usr/include/eigen3/Eigen/Core:19[m[K,
[1.674s]                  from [01m[K/usr/include/eigen3/Eigen/Dense:1[m[K,
[1.674s]                  from [01m[K/home/rileychron111/Documents/GitHub/VRX_NUMarine/src/vrx/ros_packages/guidance_cpp/src/guidance_service.cpp:5[m[K:
[1.674s] [01m[K/usr/include/eigen3/Eigen/src/Core/../plugins/ArrayCwiseBinaryOps.h:241:29:[m[K [01;36m[Knote: [m[Kcandidate: ‘[01m[Ktemplate<class T> const Eigen::CwiseBinaryOp<Eigen::internal::scalar_sum_op<typename Eigen::internal::promote_scalar_arg<double, T, Eigen::internal::has_ReturnType<Eigen::ScalarBinaryOpTraits<T, double, Eigen::internal::scalar_sum_op<T, double> > >::value>::type, double>, const typename Eigen::internal::plain_constant_type<Eigen::ArrayWrapper<Eigen::Matrix<double, -1, 1> >, typename Eigen::internal::promote_scalar_arg<double, T, Eigen::internal::has_ReturnType<Eigen::ScalarBinaryOpTraits<T, double, Eigen::internal::scalar_sum_op<T, double> > >::value>::type>::type, const Eigen::ArrayWrapper<Eigen::Matrix<double, -1, 1> > > Eigen::operator+(const T&, const StorageBaseType&)[m[K’
[1.674s]   241 | EIGEN_MAKE_SCALAR_BINARY_OP([01;36m[Koperator[m[K+,sum)
[1.674s]       |                             [01;36m[K^~~~~~~~[m[K
[1.674s] [01m[K/usr/include/eigen3/Eigen/src/Core/util/Macros.h:1374:4:[m[K [01;36m[Knote: [m[Kin definition of macro ‘[01m[KEIGEN_MAKE_SCALAR_BINARY_OP_ONTHELEFT[m[K’
[1.674s]  1374 |   ([01;36m[KMETHOD[m[K)(const T& scalar, const StorageBaseType& matrix) { \
[1.674s]       |    [01;36m[K^~~~~~[m[K
[1.674s] [01m[K/usr/include/eigen3/Eigen/src/Core/../plugins/ArrayCwiseBinaryOps.h:241:1:[m[K [01;36m[Knote: [m[Kin expansion of macro ‘[01m[KEIGEN_MAKE_SCALAR_BINARY_OP[m[K’
[1.674s]   241 | [01;36m[KEIGEN_MAKE_SCALAR_BINARY_OP[m[K(operator+,sum)
[1.674s]       | [01;36m[K^~~~~~~~~~~~~~~~~~~~~~~~~~~[m[K
[1.674s] [01m[K/usr/include/eigen3/Eigen/src/Core/../plugins/ArrayCwiseBinaryOps.h:241:29:[m[K [01;36m[Knote: [m[K  template argument deduction/substitution failed:
[1.675s]   241 | EIGEN_MAKE_SCALAR_BINARY_OP([01;36m[Koperator[m[K+,sum)
[1.675s]       |                             [01;36m[K^~~~~~~~[m[K
[1.675s] [01m[K/usr/include/eigen3/Eigen/src/Core/util/Macros.h:1374:4:[m[K [01;36m[Knote: [m[Kin definition of macro ‘[01m[KEIGEN_MAKE_SCALAR_BINARY_OP_ONTHELEFT[m[K’
[1.675s]  1374 |   ([01;36m[KMETHOD[m[K)(const T& scalar, const StorageBaseType& matrix) { \
[1.675s]       |    [01;36m[K^~~~~~[m[K
[1.675s] [01m[K/usr/include/eigen3/Eigen/src/Core/../plugins/ArrayCwiseBinaryOps.h:241:1:[m[K [01;36m[Knote: [m[Kin expansion of macro ‘[01m[KEIGEN_MAKE_SCALAR_BINARY_OP[m[K’
[1.675s]   241 | [01;36m[KEIGEN_MAKE_SCALAR_BINARY_OP[m[K(operator+,sum)
[1.675s]       | [01;36m[K^~~~~~~~~~~~~~~~~~~~~~~~~~~[m[K
[1.675s] [01m[K/home/rileychron111/Documents/GitHub/VRX_NUMarine/src/vrx/ros_packages/guidance_cpp/src/guidance_service.cpp:40:115:[m[K [01;36m[Knote: [m[K  cannot convert ‘[01m[KEigen::ArrayBase<Derived>::operator/(const T&) const [with T = double; Derived = Eigen::ArrayWrapper<Eigen::Matrix<double, -1, 1> >; typename Eigen::internal::plain_constant_type<Derived, typename Eigen::internal::promote_scalar_arg<typename Eigen::internal::traits<T>::Scalar, T, Eigen::internal::has_ReturnType<Eigen::ScalarBinaryOpTraits<typename Eigen::internal::traits<T>::Scalar, T, Eigen::internal::scalar_quotient_op<typename Eigen::internal::traits<T>::Scalar, T> > >::value>::type>::type = Eigen::CwiseNullaryOp<Eigen::internal::scalar_constant_op<double>, const Eigen::Array<double, -1, 1> >; typename Eigen::internal::promote_scalar_arg<typename Eigen::internal::traits<T>::Scalar, T, Eigen::internal::has_ReturnType<Eigen::ScalarBinaryOpTraits<typename Eigen::internal::traits<T>::Scalar, T, Eigen::internal::scalar_quotient_op<typename Eigen::internal::traits<T>::Scalar, T> > >::value>::type = double; typename Eigen::internal::traits<T>::Scalar = double; typename Eigen::internal::traits<T>::Scalar = double](METERS_PER_DEGREE_LONGITUDE)[m[K’ (type ‘[01m[Kconst Eigen::CwiseBinaryOp<Eigen::internal::scalar_quotient_op<double, double>, const Eigen::ArrayWrapper<Eigen::Matrix<double, -1, 1> >, const Eigen::CwiseNullaryOp<Eigen::internal::scalar_constant_op<double>, const Eigen::Array<double, -1, 1> > >[m[K’) to type ‘[01m[Kconst StorageBaseType&[m[K’ {aka ‘[01m[Kconst Eigen::ArrayBase<Eigen::ArrayWrapper<Eigen::Matrix<double, -1, 1> > >&[m[K’}
[1.675s]    40 | Constant(n_points, origin_lon) + [01;36m[Keast_positions_vec.array() / METERS_PER_DEGREE_LONGITUDE[m[K;
[1.675s]       |                                  [01;36m[K~~~~~~~~~~~~~~~~~~~~~~~~~~~^~~~~~~~~~~~~~~~~~~~~~~~~~~~~[m[K
[1.675s] 
[1.675s] In file included from [01m[K/usr/include/eigen3/Eigen/Core:19[m[K,
[1.675s]                  from [01m[K/usr/include/eigen3/Eigen/Dense:1[m[K,
[1.675s]                  from [01m[K/home/rileychron111/Documents/GitHub/VRX_NUMarine/src/vrx/ros_packages/guidance_cpp/src/guidance_service.cpp:5[m[K:
[1.675s] [01m[K/usr/include/eigen3/Eigen/src/Core/../plugins/ArrayCwiseBinaryOps.h:241:29:[m[K [01;36m[Knote: [m[Kcandidate: ‘[01m[Ktemplate<class T> const Eigen::CwiseBinaryOp<Eigen::internal::scalar_sum_op<typename Eigen::internal::promote_scalar_arg<double, T, Eigen::internal::has_ReturnType<Eigen::ScalarBinaryOpTraits<T, double, Eigen::internal::scalar_sum_op<T, double> > >::value>::type, double>, const typename Eigen::internal::plain_constant_type<Eigen::CwiseBinaryOp<Eigen::internal::scalar_quotient_op<double, double>, const Eigen::ArrayWrapper<Eigen::Matrix<double, -1, 1> >, const Eigen::CwiseNullaryOp<Eigen::internal::scalar_constant_op<double>, const Eigen::Array<double, -1, 1> > >, typename Eigen::internal::promote_scalar_arg<double, T, Eigen::internal::has_ReturnType<Eigen::ScalarBinaryOpTraits<T, double, Eigen::internal::scalar_sum_op<T, double> > >::value>::type>::type, const Eigen::CwiseBinaryOp<Eigen::internal::scalar_quotient_op<double, double>, const Eigen::ArrayWrapper<Eigen::Matrix<double, -1, 1> >, const Eigen::CwiseNullaryOp<Eigen::internal::scalar_constant_op<double>, const Eigen::Array<double, -1, 1> > > > Eigen::operator+(const T&, const StorageBaseType&)[m[K’
[1.675s]   241 | EIGEN_MAKE_SCALAR_BINARY_OP([01;36m[Koperator[m[K+,sum)
[1.675s]       |                             [01;36m[K^~~~~~~~[m[K
[1.675s] [01m[K/usr/include/eigen3/Eigen/src/Core/util/Macros.h:1374:4:[m[K [01;36m[Knote: [m[Kin definition of macro ‘[01m[KEIGEN_MAKE_SCALAR_BINARY_OP_ONTHELEFT[m[K’
[1.675s]  1374 |   ([01;36m[KMETHOD[m[K)(const T& scalar, const StorageBaseType& matrix) { \
[1.675s]       |    [01;36m[K^~~~~~[m[K
[1.675s] [01m[K/usr/include/eigen3/Eigen/src/Core/../plugins/ArrayCwiseBinaryOps.h:241:1:[m[K [01;36m[Knote: [m[Kin expansion of macro ‘[01m[KEIGEN_MAKE_SCALAR_BINARY_OP[m[K’
[1.675s]   241 | [01;36m[KEIGEN_MAKE_SCALAR_BINARY_OP[m[K(operator+,sum)
[1.675s]       | [01;36m[K^~~~~~~~~~~~~~~~~~~~~~~~~~~[m[K
[1.675s] [01m[K/usr/include/eigen3/Eigen/src/Core/../plugins/ArrayCwiseBinaryOps.h:241:29:[m[K [01;36m[Knote: [m[K  template argument deduction/substitution failed:
[1.675s]   241 | EIGEN_MAKE_SCALAR_BINARY_OP([01;36m[Koperator[m[K+,sum)
[1.675s]       |                             [01;36m[K^~~~~~~~[m[K
[1.675s] [01m[K/usr/include/eigen3/Eigen/src/Core/util/Macros.h:1374:4:[m[K [01;36m[Knote: [m[Kin definition of macro ‘[01m[KEIGEN_MAKE_SCALAR_BINARY_OP_ONTHELEFT[m[K’
[1.675s]  1374 |   ([01;36m[KMETHOD[m[K)(const T& scalar, const StorageBaseType& matrix) { \
[1.675s]       |    [01;36m[K^~~~~~[m[K
[1.675s] [01m[K/usr/include/eigen3/Eigen/src/Core/../plugins/ArrayCwiseBinaryOps.h:241:1:[m[K [01;36m[Knote: [m[Kin expansion of macro ‘[01m[KEIGEN_MAKE_SCALAR_BINARY_OP[m[K’
[1.675s]   241 | [01;36m[KEIGEN_MAKE_SCALAR_BINARY_OP[m[K(operator+,sum)
[1.675s]       | [01;36m[K^~~~~~~~~~~~~~~~~~~~~~~~~~~[m[K
[1.675s] /usr/include/eigen3/Eigen/src/Core/../plugins/ArrayCwiseBinaryOps.h: In substitution of ‘[01m[Ktemplate<class T> const Eigen::CwiseBinaryOp<Eigen::internal::scalar_sum_op<typename Eigen::internal::promote_scalar_arg<double, T, Eigen::internal::has_ReturnType<Eigen::ScalarBinaryOpTraits<T, double, Eigen::internal::scalar_sum_op<T, double> > >::value>::type, double>, const typename Eigen::internal::plain_constant_type<Eigen::CwiseBinaryOp<Eigen::internal::scalar_quotient_op<double, double>, const Eigen::ArrayWrapper<Eigen::Matrix<double, -1, 1> >, const Eigen::CwiseNullaryOp<Eigen::internal::scalar_constant_op<double>, const Eigen::Array<double, -1, 1> > >, typename Eigen::internal::promote_scalar_arg<double, T, Eigen::internal::has_ReturnType<Eigen::ScalarBinaryOpTraits<T, double, Eigen::internal::scalar_sum_op<T, double> > >::value>::type>::type, const Eigen::CwiseBinaryOp<Eigen::internal::scalar_quotient_op<double, double>, const Eigen::ArrayWrapper<Eigen::Matrix<double, -1, 1> >, const Eigen::CwiseNullaryOp<Eigen::internal::scalar_constant_op<double>, const Eigen::Array<double, -1, 1> > > > Eigen::operator+(const T&, const StorageBaseType&) [with T = Eigen::CwiseNullaryOp<Eigen::internal::scalar_constant_op<double>, Eigen::Matrix<double, -1, 1> >][m[K’:
[1.675s] [01m[K/home/rileychron111/Documents/GitHub/VRX_NUMarine/src/vrx/ros_packages/guidance_cpp/src/guidance_service.cpp:40:117:[m[K   required from here
[1.675s] [01m[K/usr/include/eigen3/Eigen/src/Core/../plugins/ArrayCwiseBinaryOps.h:241:29:[m[K [01;31m[Kerror: [m[Kno type named ‘[01m[Ktype[m[K’ in ‘[01m[Kstruct Eigen::internal::promote_scalar_arg<double, Eigen::CwiseNullaryOp<Eigen::internal::scalar_constant_op<double>, Eigen::Matrix<double, -1, 1> >, false>[m[K’
[1.675s]   241 | EIGEN_MAKE_SCALAR_BINARY_OP([01;31m[Koperator[m[K+,sum)
[1.675s]       |                             [01;31m[K^~~~~~~~[m[K
[1.675s] [01m[K/usr/include/eigen3/Eigen/src/Core/util/Macros.h:1374:4:[m[K [01;36m[Knote: [m[Kin definition of macro ‘[01m[KEIGEN_MAKE_SCALAR_BINARY_OP_ONTHELEFT[m[K’
[1.675s]  1374 |   ([01;36m[KMETHOD[m[K)(const T& scalar, const StorageBaseType& matrix) { \
[1.675s]       |    [01;36m[K^~~~~~[m[K
[1.675s] [01m[K/usr/include/eigen3/Eigen/src/Core/../plugins/ArrayCwiseBinaryOps.h:241:1:[m[K [01;36m[Knote: [m[Kin expansion of macro ‘[01m[KEIGEN_MAKE_SCALAR_BINARY_OP[m[K’
[1.675s]   241 | [01;36m[KEIGEN_MAKE_SCALAR_BINARY_OP[m[K(operator+,sum)
[1.675s]       | [01;36m[K^~~~~~~~~~~~~~~~~~~~~~~~~~~[m[K
[3.544s] gmake[2]: *** [CMakeFiles/guidance_service.dir/build.make:76: CMakeFiles/guidance_service.dir/src/guidance_service.cpp.o] Error 1
[3.544s] gmake[1]: *** [CMakeFiles/Makefile2:137: CMakeFiles/guidance_service.dir/all] Error 2
[3.544s] gmake: *** [Makefile:146: all] Error 2
[3.546s] Invoked command in '/home/rileychron111/Documents/GitHub/VRX_NUMarine/build/guidance_cpp' returned '2': CMAKE_PREFIX_PATH=/opt/ros/humble /usr/bin/cmake --build /home/rileychron111/Documents/GitHub/VRX_NUMarine/build/guidance_cpp -- -j12 -l12
